[2023-02-18T23:07:37+08:00][sql] CONNECT:[ UseTime:0.002841s ] mysql:host=127.0.0.1;port=3306;dbname=ztx;charset=utf8mb4
[2023-02-18T23:07:37+08:00][sql] SHOW FULL COLUMNS FROM `tp_system` [ RunTime:0.017494s ]
[2023-02-18T23:07:37+08:00][sql] SELECT * FROM `tp_system` WHERE  `id` = 1 LIMIT 1 [ RunTime:0.001069s ]
[2023-02-18T23:07:37+08:00][sql] SHOW FULL COLUMNS FROM `tp_cate` [ RunTime:0.015782s ]
[2023-02-18T23:07:37+08:00][sql] SELECT `id`,`cate_name`,`cate_folder`,`module_id` FROM `tp_cate` ORDER BY `sort` ASC,`id` ASC [ RunTime:0.000926s ]
[2023-02-18T23:07:37+08:00][sql] SHOW FULL COLUMNS FROM `tp_module` [ RunTime:0.015301s ]
[2023-02-18T23:07:37+08:00][sql] SELECT * FROM `tp_module` WHERE  `id` = 18 LIMIT 1 [ RunTime:0.000971s ]
[2023-02-18T23:07:37+08:00][sql] SELECT * FROM `tp_module` WHERE  `id` = 19 LIMIT 1 [ RunTime:0.000730s ]
[2023-02-18T23:07:37+08:00][sql] SELECT * FROM `tp_module` WHERE  `id` = 21 LIMIT 1 [ RunTime:0.000478s ]
[2023-02-18T23:07:37+08:00][sql] SELECT * FROM `tp_module` WHERE  `id` = 22 LIMIT 1 [ RunTime:0.000447s ]
[2023-02-18T23:07:37+08:00][sql] SELECT * FROM `tp_module` WHERE  `id` = 23 LIMIT 1 [ RunTime:0.000409s ]
[2023-02-18T23:07:37+08:00][sql] SELECT * FROM `tp_module` WHERE  `id` = 24 LIMIT 1 [ RunTime:0.000401s ]
[2023-02-18T23:07:37+08:00][sql] SELECT * FROM `tp_module` WHERE  `id` = 25 LIMIT 1 [ RunTime:0.000403s ]
[2023-02-18T23:07:37+08:00][sql] SELECT * FROM `tp_module` WHERE  `id` = 18 LIMIT 1 [ RunTime:0.000399s ]
[2023-02-18T23:07:37+08:00][sql] SELECT * FROM `tp_module` WHERE  `id` = 18 LIMIT 1 [ RunTime:0.000429s ]
[2023-02-18T23:07:37+08:00][sql] SELECT * FROM `tp_module` WHERE  `id` = 19 LIMIT 1 [ RunTime:0.000418s ]
[2023-02-18T23:07:37+08:00][sql] SELECT * FROM `tp_system` WHERE  `id` = 1 LIMIT 1 [ RunTime:0.000814s ]
[2023-02-18T23:07:37+08:00][sql] SELECT * FROM `tp_cate` WHERE  `is_menu` = 1 ORDER BY `sort` ASC,`id` DESC [ RunTime:0.000956s ]
[2023-02-18T23:07:37+08:00][sql] SELECT * FROM `tp_module` WHERE  `id` IN (18,19,21,22,23,24,25) [ RunTime:0.000685s ]
[2023-02-18T23:07:37+08:00][sql] SELECT * FROM `tp_cate` WHERE  `is_menu` = 1 ORDER BY `sort` ASC,`id` DESC [ RunTime:0.000717s ]
[2023-02-18T23:07:37+08:00][sql] SELECT * FROM `tp_module` WHERE  `id` IN (18,19,21,22,23,24,25) [ RunTime:0.000596s ]
[2023-02-18T23:07:37+08:00][sql] SHOW FULL COLUMNS FROM `tp_ad` [ RunTime:0.015924s ]
[2023-02-18T23:07:37+08:00][sql] SELECT * FROM `tp_ad` WHERE  `status` = 1  AND `type_id` = 1 ORDER BY `sort` ASC,`id` DESC [ RunTime:0.000657s ]
[2023-02-18T23:07:37+08:00][sql] SELECT * FROM `tp_ad` WHERE  `status` = 1  AND `type_id` = 1 ORDER BY `sort` ASC,`id` DESC [ RunTime:0.000469s ]
[2023-02-18T23:07:37+08:00][sql] SHOW FULL COLUMNS FROM `tp_debris` [ RunTime:0.012194s ]
[2023-02-18T23:07:37+08:00][sql] SELECT `content` FROM `tp_debris` WHERE  `name` = 'AboutUs'  AND `status` = 1 LIMIT 1 [ RunTime:0.000983s ]
[2023-02-18T23:07:37+08:00][sql] SELECT * FROM `tp_cate` WHERE  `id` = 6 LIMIT 1 [ RunTime:0.000725s ]
[2023-02-18T23:07:37+08:00][sql] SELECT * FROM `tp_module` WHERE  `id` = 19 [ RunTime:0.000826s ]
[2023-02-18T23:07:37+08:00][sql] SELECT * FROM `tp_cate` WHERE  `id` = 8 LIMIT 1 [ RunTime:0.000655s ]
[2023-02-18T23:07:37+08:00][sql] SELECT * FROM `tp_module` WHERE  `id` = 22 [ RunTime:0.000517s ]
[2023-02-18T23:07:37+08:00][sql] SELECT * FROM `tp_cate` WHERE  `id` = 8 LIMIT 1 [ RunTime:0.000467s ]
[2023-02-18T23:07:37+08:00][sql] SELECT * FROM `tp_module` WHERE  `id` = 22 [ RunTime:0.000432s ]
[2023-02-18T23:07:37+08:00][sql] SELECT * FROM `tp_cate` WHERE  `id` = 8 LIMIT 1 [ RunTime:0.000618s ]
[2023-02-18T23:07:37+08:00][sql] SELECT * FROM `tp_module` WHERE  `id` = 22 [ RunTime:0.000494s ]
[2023-02-18T23:07:37+08:00][sql] SELECT `id`,`parent_id` FROM `tp_cate` [ RunTime:0.000404s ]
[2023-02-18T23:07:37+08:00][sql] SHOW FULL COLUMNS FROM `tp_product` [ RunTime:0.012609s ]
[2023-02-18T23:07:37+08:00][sql] SELECT * FROM `tp_product` WHERE  (  status = 1  )  AND `cate_id` IN (8,9,10) ORDER BY `sort` ASC,`id` DESC LIMIT 4 [ RunTime:0.000864s ]
[2023-02-18T23:07:37+08:00][sql] SELECT * FROM `tp_cate` WHERE  `id` = 9 [ RunTime:0.000516s ]
[2023-02-18T23:07:37+08:00][sql] SELECT * FROM `tp_cate` WHERE  `id` = 9 [ RunTime:0.000444s ]
[2023-02-18T23:07:37+08:00][sql] SELECT * FROM `tp_module` WHERE  `id` = 22 [ RunTime:0.000436s ]
[2023-02-18T23:07:37+08:00][sql] SHOW FULL COLUMNS FROM `tp_field` [ RunTime:0.012629s ]
[2023-02-18T23:07:37+08:00][sql] SELECT * FROM `tp_field` WHERE  `module_id` = 22 [ RunTime:0.003515s ]
[2023-02-18T23:07:37+08:00][sql] SELECT * FROM `tp_module` WHERE  `id` = 22 [ RunTime:0.000572s ]
[2023-02-18T23:07:37+08:00][sql] SHOW FULL COLUMNS FROM `tp_dictionary_type` [ RunTime:0.011415s ]
[2023-02-18T23:07:37+08:00][sql] SELECT * FROM `tp_dictionary_type` WHERE  `id` IN (0,1) [ RunTime:0.001034s ]
[2023-02-18T23:07:37+08:00][sql] SHOW FULL COLUMNS FROM `tp_dictionary` [ RunTime:0.013685s ]
[2023-02-18T23:07:37+08:00][sql] SELECT `dict_value`,`dict_label` FROM `tp_dictionary` WHERE  `dict_type` = '1' ORDER BY `sort` ASC,`id` DESC [ RunTime:0.000742s ]
[2023-02-18T23:07:37+08:00][sql] SELECT * FROM `tp_module` WHERE  `model_name` = 'Cate' LIMIT 1 [ RunTime:0.000522s ]
[2023-02-18T23:07:37+08:00][sql] SELECT * FROM `tp_field` WHERE  `module_id` = 20  AND `field` = 'sort' LIMIT 1 [ RunTime:0.000772s ]
[2023-02-18T23:07:37+08:00][sql] SELECT * FROM `tp_module` WHERE  `model_name` = 'Cate' LIMIT 1 [ RunTime:0.000421s ]
[2023-02-18T23:07:37+08:00][sql] SELECT `id` FROM `tp_module` WHERE  `model_name` = 'Cate' LIMIT 1 [ RunTime:0.000366s ]
[2023-02-18T23:07:37+08:00][sql] SELECT `field` FROM `tp_field` WHERE  ( field = 'pid' OR field = 'parent_id'  )  AND `module_id` = 20 LIMIT 1 [ RunTime:0.000520s ]
[2023-02-18T23:07:37+08:00][sql] SELECT `id`,`cate_name`,`parent_id` FROM `tp_cate` ORDER BY `sort` ASC,`id` DESC [ RunTime:0.000411s ]
[2023-02-18T23:07:37+08:00][sql] SELECT `id` FROM `tp_cate` WHERE  `module_id` = 22 [ RunTime:0.000495s ]
[2023-02-18T23:07:37+08:00][sql] SELECT * FROM `tp_module` WHERE  `model_name` = 'UsersType' LIMIT 1 [ RunTime:0.000417s ]
[2023-02-18T23:07:37+08:00][sql] SELECT * FROM `tp_field` WHERE  `module_id` = 6  AND `field` = 'sort' LIMIT 1 [ RunTime:0.000497s ]
[2023-02-18T23:07:37+08:00][sql] SELECT * FROM `tp_module` WHERE  `model_name` = 'UsersType' LIMIT 1 [ RunTime:0.000480s ]
[2023-02-18T23:07:37+08:00][sql] SELECT `id` FROM `tp_module` WHERE  `model_name` = 'UsersType' LIMIT 1 [ RunTime:0.000453s ]
[2023-02-18T23:07:37+08:00][sql] SELECT `field` FROM `tp_field` WHERE  ( field = 'pid' OR field = 'parent_id'  )  AND `module_id` = 6 LIMIT 1 [ RunTime:0.000568s ]
[2023-02-18T23:07:37+08:00][sql] SHOW FULL COLUMNS FROM `tp_users_type` [ RunTime:0.011821s ]
[2023-02-18T23:07:37+08:00][sql] SELECT `id`,`name` FROM `tp_users_type` ORDER BY `sort` ASC,`id` DESC [ RunTime:0.000831s ]
[2023-02-18T23:07:37+08:00][sql] SELECT * FROM `tp_field` WHERE  `module_id` = 22 [ RunTime:0.001562s ]
[2023-02-18T23:07:37+08:00][sql] SELECT * FROM `tp_module` WHERE  `id` = 22 [ RunTime:0.000731s ]
[2023-02-18T23:07:37+08:00][sql] SELECT * FROM `tp_dictionary_type` WHERE  `id` IN (0,1) [ RunTime:0.000502s ]
[2023-02-18T23:07:37+08:00][sql] SELECT * FROM `tp_field` WHERE  `module_id` = 22 [ RunTime:0.001311s ]
[2023-02-18T23:07:37+08:00][sql] SELECT * FROM `tp_module` WHERE  `id` = 22 [ RunTime:0.000404s ]
[2023-02-18T23:07:37+08:00][sql] SELECT * FROM `tp_dictionary_type` WHERE  `id` IN (0,1) [ RunTime:0.000390s ]
[2023-02-18T23:07:37+08:00][sql] SELECT * FROM `tp_field` WHERE  `module_id` = 22 [ RunTime:0.001720s ]
[2023-02-18T23:07:37+08:00][sql] SELECT * FROM `tp_module` WHERE  `id` = 22 [ RunTime:0.000945s ]
[2023-02-18T23:07:37+08:00][sql] SELECT * FROM `tp_dictionary_type` WHERE  `id` IN (0,1) [ RunTime:0.000562s ]
[2023-02-18T23:07:37+08:00][sql] SELECT * FROM `tp_field` WHERE  `module_id` = 22 [ RunTime:0.002306s ]
[2023-02-18T23:07:37+08:00][sql] SELECT * FROM `tp_module` WHERE  `id` = 22 [ RunTime:0.000640s ]
[2023-02-18T23:07:37+08:00][sql] SELECT * FROM `tp_dictionary_type` WHERE  `id` IN (0,1) [ RunTime:0.000605s ]
[2023-02-18T23:07:37+08:00][sql] SELECT * FROM `tp_cate` WHERE  `id` = 4 LIMIT 1 [ RunTime:0.000663s ]
[2023-02-18T23:07:37+08:00][sql] SELECT * FROM `tp_module` WHERE  `id` = 19 [ RunTime:0.000534s ]
[2023-02-18T23:07:37+08:00][sql] SELECT * FROM `tp_cate` WHERE  `id` = 4 LIMIT 1 [ RunTime:0.000646s ]
[2023-02-18T23:07:37+08:00][sql] SELECT * FROM `tp_module` WHERE  `id` = 19 [ RunTime:0.000487s ]
[2023-02-18T23:07:37+08:00][sql] SELECT * FROM `tp_cate` WHERE  `id` = 4 LIMIT 1 [ RunTime:0.000621s ]
[2023-02-18T23:07:37+08:00][sql] SELECT * FROM `tp_module` WHERE  `id` = 19 [ RunTime:0.000580s ]
[2023-02-18T23:07:37+08:00][sql] SELECT `id`,`parent_id` FROM `tp_cate` [ RunTime:0.000489s ]
[2023-02-18T23:07:37+08:00][sql] SHOW FULL COLUMNS FROM `tp_article` [ RunTime:0.014364s ]
[2023-02-18T23:07:37+08:00][sql] SELECT * FROM `tp_article` WHERE  ( image <>'' AND status = 1  )  AND `cate_id` IN (4,5,6) ORDER BY `sort` ASC,`id` DESC LIMIT 4 [ RunTime:0.002245s ]
[2023-02-18T23:07:37+08:00][sql] SELECT * FROM `tp_cate` WHERE  `id` = 5 [ RunTime:0.000482s ]
[2023-02-18T23:07:37+08:00][sql] SELECT * FROM `tp_cate` WHERE  `id` = 5 [ RunTime:0.000402s ]
[2023-02-18T23:07:37+08:00][sql] SELECT * FROM `tp_module` WHERE  `id` = 19 [ RunTime:0.000389s ]
[2023-02-18T23:07:37+08:00][sql] SELECT * FROM `tp_field` WHERE  `module_id` = 19 [ RunTime:0.001272s ]
[2023-02-18T23:07:37+08:00][sql] SELECT * FROM `tp_module` WHERE  `id` = 19 [ RunTime:0.000408s ]
[2023-02-18T23:07:37+08:00][sql] SELECT * FROM `tp_dictionary_type` WHERE  `id` IN (0,1) [ RunTime:0.000390s ]
[2023-02-18T23:07:37+08:00][sql] SELECT `dict_value`,`dict_label` FROM `tp_dictionary` WHERE  `dict_type` = '1' ORDER BY `sort` ASC,`id` DESC [ RunTime:0.000509s ]
[2023-02-18T23:07:37+08:00][sql] SELECT * FROM `tp_module` WHERE  `model_name` = 'Cate' LIMIT 1 [ RunTime:0.000526s ]
[2023-02-18T23:07:37+08:00][sql] SELECT * FROM `tp_field` WHERE  `module_id` = 20  AND `field` = 'sort' LIMIT 1 [ RunTime:0.000955s ]
[2023-02-18T23:07:37+08:00][sql] SELECT * FROM `tp_module` WHERE  `model_name` = 'Cate' LIMIT 1 [ RunTime:0.000476s ]
[2023-02-18T23:07:37+08:00][sql] SELECT `id` FROM `tp_module` WHERE  `model_name` = 'Cate' LIMIT 1 [ RunTime:0.000366s ]
[2023-02-18T23:07:37+08:00][sql] SELECT `field` FROM `tp_field` WHERE  ( field = 'pid' OR field = 'parent_id'  )  AND `module_id` = 20 LIMIT 1 [ RunTime:0.000491s ]
[2023-02-18T23:07:37+08:00][sql] SELECT `id`,`cate_name`,`parent_id` FROM `tp_cate` ORDER BY `sort` ASC,`id` DESC [ RunTime:0.000609s ]
[2023-02-18T23:07:37+08:00][sql] SELECT `id` FROM `tp_cate` WHERE  `module_id` = 19 [ RunTime:0.000551s ]
[2023-02-18T23:07:37+08:00][sql] SELECT * FROM `tp_module` WHERE  `model_name` = 'UsersType' LIMIT 1 [ RunTime:0.000605s ]
[2023-02-18T23:07:37+08:00][sql] SELECT * FROM `tp_field` WHERE  `module_id` = 6  AND `field` = 'sort' LIMIT 1 [ RunTime:0.000531s ]
[2023-02-18T23:07:37+08:00][sql] SELECT * FROM `tp_module` WHERE  `model_name` = 'UsersType' LIMIT 1 [ RunTime:0.000392s ]
[2023-02-18T23:07:37+08:00][sql] SELECT `id` FROM `tp_module` WHERE  `model_name` = 'UsersType' LIMIT 1 [ RunTime:0.000330s ]
[2023-02-18T23:07:37+08:00][sql] SELECT `field` FROM `tp_field` WHERE  ( field = 'pid' OR field = 'parent_id'  )  AND `module_id` = 6 LIMIT 1 [ RunTime:0.000503s ]
[2023-02-18T23:07:37+08:00][sql] SELECT `id`,`name` FROM `tp_users_type` ORDER BY `sort` ASC,`id` DESC [ RunTime:0.000338s ]
[2023-02-18T23:07:37+08:00][sql] SELECT * FROM `tp_field` WHERE  `module_id` = 19 [ RunTime:0.001228s ]
[2023-02-18T23:07:37+08:00][sql] SELECT * FROM `tp_module` WHERE  `id` = 19 [ RunTime:0.000389s ]
[2023-02-18T23:07:37+08:00][sql] SELECT * FROM `tp_dictionary_type` WHERE  `id` IN (0,1) [ RunTime:0.000379s ]
[2023-02-18T23:07:37+08:00][sql] SELECT * FROM `tp_field` WHERE  `module_id` = 19 [ RunTime:0.001685s ]
[2023-02-18T23:07:37+08:00][sql] SELECT * FROM `tp_module` WHERE  `id` = 19 [ RunTime:0.000540s ]
[2023-02-18T23:07:37+08:00][sql] SELECT * FROM `tp_dictionary_type` WHERE  `id` IN (0,1) [ RunTime:0.000452s ]
[2023-02-18T23:07:37+08:00][sql] SELECT * FROM `tp_field` WHERE  `module_id` = 19 [ RunTime:0.002546s ]
[2023-02-18T23:07:37+08:00][sql] SELECT * FROM `tp_module` WHERE  `id` = 19 [ RunTime:0.000717s ]
[2023-02-18T23:07:37+08:00][sql] SELECT * FROM `tp_dictionary_type` WHERE  `id` IN (0,1) [ RunTime:0.000491s ]
[2023-02-18T23:07:37+08:00][sql] SELECT * FROM `tp_field` WHERE  `module_id` = 19 [ RunTime:0.002010s ]
[2023-02-18T23:07:37+08:00][sql] SELECT * FROM `tp_module` WHERE  `id` = 19 [ RunTime:0.000578s ]
[2023-02-18T23:07:37+08:00][sql] SELECT * FROM `tp_dictionary_type` WHERE  `id` IN (0,1) [ RunTime:0.000496s ]
[2023-02-18T23:07:37+08:00][sql] SELECT * FROM `tp_cate` WHERE  `id` = 7 LIMIT 1 [ RunTime:0.000647s ]
[2023-02-18T23:07:37+08:00][sql] SELECT * FROM `tp_module` WHERE  `id` = 21 [ RunTime:0.000518s ]
[2023-02-18T23:07:37+08:00][sql] SELECT * FROM `tp_cate` WHERE  `id` = 7 LIMIT 1 [ RunTime:0.000738s ]
[2023-02-18T23:07:37+08:00][sql] SELECT * FROM `tp_module` WHERE  `id` = 21 [ RunTime:0.000633s ]
[2023-02-18T23:07:37+08:00][sql] SELECT * FROM `tp_cate` WHERE  `id` = 7 LIMIT 1 [ RunTime:0.000483s ]
[2023-02-18T23:07:37+08:00][sql] SELECT * FROM `tp_module` WHERE  `id` = 21 [ RunTime:0.000434s ]
[2023-02-18T23:07:37+08:00][sql] SELECT `id`,`parent_id` FROM `tp_cate` [ RunTime:0.000380s ]
[2023-02-18T23:07:37+08:00][sql] SHOW FULL COLUMNS FROM `tp_picture` [ RunTime:0.014973s ]
[2023-02-18T23:07:37+08:00][sql] SELECT * FROM `tp_picture` WHERE  (  status = 1  )  AND `cate_id` = 7 ORDER BY `sort` ASC,`id` DESC LIMIT 3 [ RunTime:0.000805s ]
[2023-02-18T23:07:37+08:00][sql] SELECT * FROM `tp_cate` WHERE  `id` = 7 [ RunTime:0.000524s ]
[2023-02-18T23:07:37+08:00][sql] SELECT * FROM `tp_cate` WHERE  `id` = 7 [ RunTime:0.000447s ]
[2023-02-18T23:07:37+08:00][sql] SELECT * FROM `tp_module` WHERE  `id` = 21 [ RunTime:0.000460s ]
[2023-02-18T23:07:37+08:00][sql] SELECT * FROM `tp_field` WHERE  `module_id` = 21 [ RunTime:0.001168s ]
[2023-02-18T23:07:37+08:00][sql] SELECT * FROM `tp_module` WHERE  `id` = 21 [ RunTime:0.000426s ]
[2023-02-18T23:07:37+08:00][sql] SELECT * FROM `tp_dictionary_type` WHERE  `id` IN (0,1) [ RunTime:0.000412s ]
[2023-02-18T23:07:37+08:00][sql] SELECT `dict_value`,`dict_label` FROM `tp_dictionary` WHERE  `dict_type` = '1' ORDER BY `sort` ASC,`id` DESC [ RunTime:0.000505s ]
[2023-02-18T23:07:37+08:00][sql] SELECT * FROM `tp_module` WHERE  `model_name` = 'Cate' LIMIT 1 [ RunTime:0.000490s ]
[2023-02-18T23:07:37+08:00][sql] SELECT * FROM `tp_field` WHERE  `module_id` = 20  AND `field` = 'sort' LIMIT 1 [ RunTime:0.001189s ]
[2023-02-18T23:07:37+08:00][sql] SELECT * FROM `tp_module` WHERE  `model_name` = 'Cate' LIMIT 1 [ RunTime:0.000528s ]
[2023-02-18T23:07:37+08:00][sql] SELECT `id` FROM `tp_module` WHERE  `model_name` = 'Cate' LIMIT 1 [ RunTime:0.000617s ]
[2023-02-18T23:07:37+08:00][sql] SELECT `field` FROM `tp_field` WHERE  ( field = 'pid' OR field = 'parent_id'  )  AND `module_id` = 20 LIMIT 1 [ RunTime:0.000500s ]
[2023-02-18T23:07:37+08:00][sql] SELECT `id`,`cate_name`,`parent_id` FROM `tp_cate` ORDER BY `sort` ASC,`id` DESC [ RunTime:0.000386s ]
[2023-02-18T23:07:37+08:00][sql] SELECT `id` FROM `tp_cate` WHERE  `module_id` = 21 [ RunTime:0.000345s ]
[2023-02-18T23:07:37+08:00][sql] SELECT * FROM `tp_module` WHERE  `model_name` = 'UsersType' LIMIT 1 [ RunTime:0.000413s ]
[2023-02-18T23:07:37+08:00][sql] SELECT * FROM `tp_field` WHERE  `module_id` = 6  AND `field` = 'sort' LIMIT 1 [ RunTime:0.000565s ]
[2023-02-18T23:07:37+08:00][sql] SELECT * FROM `tp_module` WHERE  `model_name` = 'UsersType' LIMIT 1 [ RunTime:0.000425s ]
[2023-02-18T23:07:37+08:00][sql] SELECT `id` FROM `tp_module` WHERE  `model_name` = 'UsersType' LIMIT 1 [ RunTime:0.000364s ]
[2023-02-18T23:07:37+08:00][sql] SELECT `field` FROM `tp_field` WHERE  ( field = 'pid' OR field = 'parent_id'  )  AND `module_id` = 6 LIMIT 1 [ RunTime:0.000515s ]
[2023-02-18T23:07:37+08:00][sql] SELECT `id`,`name` FROM `tp_users_type` ORDER BY `sort` ASC,`id` DESC [ RunTime:0.000487s ]
[2023-02-18T23:07:37+08:00][sql] SELECT * FROM `tp_field` WHERE  `module_id` = 21 [ RunTime:0.001713s ]
[2023-02-18T23:07:37+08:00][sql] SELECT * FROM `tp_module` WHERE  `id` = 21 [ RunTime:0.000481s ]
[2023-02-18T23:07:37+08:00][sql] SELECT * FROM `tp_dictionary_type` WHERE  `id` IN (0,1) [ RunTime:0.000434s ]
[2023-02-18T23:07:37+08:00][sql] SELECT * FROM `tp_field` WHERE  `module_id` = 21 [ RunTime:0.001826s ]
[2023-02-18T23:07:37+08:00][sql] SELECT * FROM `tp_module` WHERE  `id` = 21 [ RunTime:0.000606s ]
[2023-02-18T23:07:37+08:00][sql] SELECT * FROM `tp_dictionary_type` WHERE  `id` IN (0,1) [ RunTime:0.000447s ]
[2023-02-18T23:07:37+08:00][sql] SELECT * FROM `tp_field` WHERE  `module_id` = 21 [ RunTime:0.001783s ]
[2023-02-18T23:07:37+08:00][sql] SELECT * FROM `tp_module` WHERE  `id` = 21 [ RunTime:0.000506s ]
[2023-02-18T23:07:37+08:00][sql] SELECT * FROM `tp_dictionary_type` WHERE  `id` IN (0,1) [ RunTime:0.000453s ]
[2023-02-18T23:07:37+08:00][sql] SELECT * FROM `tp_cate` WHERE  `id` = 12 LIMIT 1 [ RunTime:0.000512s ]
[2023-02-18T23:07:37+08:00][sql] SELECT * FROM `tp_module` WHERE  `id` = 24 [ RunTime:0.000441s ]
[2023-02-18T23:07:37+08:00][sql] SELECT `id`,`parent_id` FROM `tp_cate` [ RunTime:0.000403s ]
[2023-02-18T23:07:37+08:00][sql] SHOW FULL COLUMNS FROM `tp_team` [ RunTime:0.013158s ]
[2023-02-18T23:07:37+08:00][sql] SELECT * FROM `tp_team` WHERE  (  status = 1  )  AND `cate_id` = 12 ORDER BY `sort` ASC,`id` DESC LIMIT 6 [ RunTime:0.000830s ]
[2023-02-18T23:07:37+08:00][sql] SELECT * FROM `tp_cate` WHERE  `id` = 12 [ RunTime:0.000533s ]
[2023-02-18T23:07:37+08:00][sql] SELECT * FROM `tp_cate` WHERE  `id` = 12 [ RunTime:0.000429s ]
[2023-02-18T23:07:37+08:00][sql] SELECT * FROM `tp_module` WHERE  `id` = 24 [ RunTime:0.000458s ]
[2023-02-18T23:07:37+08:00][sql] SELECT * FROM `tp_field` WHERE  `module_id` = 24 [ RunTime:0.001274s ]
[2023-02-18T23:07:37+08:00][sql] SELECT * FROM `tp_module` WHERE  `id` = 24 [ RunTime:0.000639s ]
[2023-02-18T23:07:37+08:00][sql] SELECT * FROM `tp_dictionary_type` WHERE  `id` IN (0,1,10,4) [ RunTime:0.000434s ]
[2023-02-18T23:07:37+08:00][sql] SELECT `dict_value`,`dict_label` FROM `tp_dictionary` WHERE  `dict_type` = '1' ORDER BY `sort` ASC,`id` DESC [ RunTime:0.000631s ]
[2023-02-18T23:07:37+08:00][sql] SELECT * FROM `tp_module` WHERE  `model_name` = 'Cate' LIMIT 1 [ RunTime:0.000515s ]
[2023-02-18T23:07:37+08:00][sql] SELECT * FROM `tp_field` WHERE  `module_id` = 20  AND `field` = 'sort' LIMIT 1 [ RunTime:0.000931s ]
[2023-02-18T23:07:37+08:00][sql] SELECT * FROM `tp_module` WHERE  `model_name` = 'Cate' LIMIT 1 [ RunTime:0.000415s ]
[2023-02-18T23:07:37+08:00][sql] SELECT `id` FROM `tp_module` WHERE  `model_name` = 'Cate' LIMIT 1 [ RunTime:0.000331s ]
[2023-02-18T23:07:37+08:00][sql] SELECT `field` FROM `tp_field` WHERE  ( field = 'pid' OR field = 'parent_id'  )  AND `module_id` = 20 LIMIT 1 [ RunTime:0.000485s ]
[2023-02-18T23:07:37+08:00][sql] SELECT `id`,`cate_name`,`parent_id` FROM `tp_cate` ORDER BY `sort` ASC,`id` DESC [ RunTime:0.000392s ]
[2023-02-18T23:07:37+08:00][sql] SELECT `id` FROM `tp_cate` WHERE  `module_id` = 24 [ RunTime:0.000317s ]
[2023-02-18T23:07:37+08:00][sql] SELECT `dict_value`,`dict_label` FROM `tp_dictionary` WHERE  `dict_type` = '10' ORDER BY `sort` ASC,`id` DESC [ RunTime:0.000344s ]
[2023-02-18T23:07:37+08:00][sql] SELECT `dict_value`,`dict_label` FROM `tp_dictionary` WHERE  `dict_type` = '4' ORDER BY `sort` ASC,`id` DESC [ RunTime:0.000338s ]
[2023-02-18T23:07:37+08:00][sql] SELECT * FROM `tp_module` WHERE  `model_name` = 'UsersType' LIMIT 1 [ RunTime:0.000395s ]
[2023-02-18T23:07:37+08:00][sql] SELECT * FROM `tp_field` WHERE  `module_id` = 6  AND `field` = 'sort' LIMIT 1 [ RunTime:0.000505s ]
[2023-02-18T23:07:37+08:00][sql] SELECT * FROM `tp_module` WHERE  `model_name` = 'UsersType' LIMIT 1 [ RunTime:0.000391s ]
[2023-02-18T23:07:37+08:00][sql] SELECT `id` FROM `tp_module` WHERE  `model_name` = 'UsersType' LIMIT 1 [ RunTime:0.000333s ]
[2023-02-18T23:07:37+08:00][sql] SELECT `field` FROM `tp_field` WHERE  ( field = 'pid' OR field = 'parent_id'  )  AND `module_id` = 6 LIMIT 1 [ RunTime:0.000530s ]
[2023-02-18T23:07:37+08:00][sql] SELECT `id`,`name` FROM `tp_users_type` ORDER BY `sort` ASC,`id` DESC [ RunTime:0.000356s ]
[2023-02-18T23:07:37+08:00][sql] SELECT * FROM `tp_field` WHERE  `module_id` = 24 [ RunTime:0.001323s ]
[2023-02-18T23:07:37+08:00][sql] SELECT * FROM `tp_module` WHERE  `id` = 24 [ RunTime:0.000525s ]
[2023-02-18T23:07:37+08:00][sql] SELECT * FROM `tp_dictionary_type` WHERE  `id` IN (0,1,10,4) [ RunTime:0.000401s ]
[2023-02-18T23:07:37+08:00][sql] SELECT * FROM `tp_field` WHERE  `module_id` = 24 [ RunTime:0.001691s ]
[2023-02-18T23:07:37+08:00][sql] SELECT * FROM `tp_module` WHERE  `id` = 24 [ RunTime:0.000471s ]
[2023-02-18T23:07:37+08:00][sql] SELECT * FROM `tp_dictionary_type` WHERE  `id` IN (0,1,10,4) [ RunTime:0.000437s ]
[2023-02-18T23:07:37+08:00][sql] SELECT * FROM `tp_field` WHERE  `module_id` = 24 [ RunTime:0.001635s ]
[2023-02-18T23:07:37+08:00][sql] SELECT * FROM `tp_module` WHERE  `id` = 24 [ RunTime:0.000543s ]
[2023-02-18T23:07:37+08:00][sql] SELECT * FROM `tp_dictionary_type` WHERE  `id` IN (0,1,10,4) [ RunTime:0.000467s ]
[2023-02-18T23:07:37+08:00][sql] SELECT * FROM `tp_field` WHERE  `module_id` = 24 [ RunTime:0.001609s ]
[2023-02-18T23:07:37+08:00][sql] SELECT * FROM `tp_module` WHERE  `id` = 24 [ RunTime:0.000476s ]
[2023-02-18T23:07:37+08:00][sql] SELECT * FROM `tp_dictionary_type` WHERE  `id` IN (0,1,10,4) [ RunTime:0.000455s ]
[2023-02-18T23:07:37+08:00][sql] SELECT * FROM `tp_field` WHERE  `module_id` = 24 [ RunTime:0.001703s ]
[2023-02-18T23:07:37+08:00][sql] SELECT * FROM `tp_module` WHERE  `id` = 24 [ RunTime:0.000577s ]
[2023-02-18T23:07:37+08:00][sql] SELECT * FROM `tp_dictionary_type` WHERE  `id` IN (0,1,10,4) [ RunTime:0.000463s ]
[2023-02-18T23:07:37+08:00][sql] SELECT * FROM `tp_field` WHERE  `module_id` = 24 [ RunTime:0.001730s ]
[2023-02-18T23:07:37+08:00][sql] SELECT * FROM `tp_module` WHERE  `id` = 24 [ RunTime:0.000614s ]
[2023-02-18T23:07:37+08:00][sql] SELECT * FROM `tp_dictionary_type` WHERE  `id` IN (0,1,10,4) [ RunTime:0.000452s ]
[2023-02-18T23:07:37+08:00][sql] SELECT * FROM `tp_cate` WHERE  `id` = 12 LIMIT 1 [ RunTime:0.000549s ]
[2023-02-18T23:07:37+08:00][sql] SELECT * FROM `tp_module` WHERE  `id` = 24 [ RunTime:0.000451s ]
[2023-02-18T23:07:37+08:00][sql] SELECT `id`,`parent_id` FROM `tp_cate` [ RunTime:0.000442s ]
[2023-02-18T23:07:37+08:00][sql] SELECT * FROM `tp_team` WHERE  (  status = 1  )  AND `cate_id` = 12 ORDER BY `sort` ASC,`id` DESC LIMIT 6 [ RunTime:0.000850s ]
[2023-02-18T23:07:37+08:00][sql] SELECT * FROM `tp_cate` WHERE  `id` = 12 [ RunTime:0.000711s ]
[2023-02-18T23:07:37+08:00][sql] SELECT * FROM `tp_cate` WHERE  `id` = 12 [ RunTime:0.000574s ]
[2023-02-18T23:07:37+08:00][sql] SELECT * FROM `tp_module` WHERE  `id` = 24 [ RunTime:0.000506s ]
[2023-02-18T23:07:37+08:00][sql] SELECT * FROM `tp_field` WHERE  `module_id` = 24 [ RunTime:0.001596s ]
[2023-02-18T23:07:37+08:00][sql] SELECT * FROM `tp_module` WHERE  `id` = 24 [ RunTime:0.000472s ]
[2023-02-18T23:07:37+08:00][sql] SELECT * FROM `tp_dictionary_type` WHERE  `id` IN (0,1,10,4) [ RunTime:0.000507s ]
[2023-02-18T23:07:37+08:00][sql] SELECT `dict_value`,`dict_label` FROM `tp_dictionary` WHERE  `dict_type` = '1' ORDER BY `sort` ASC,`id` DESC [ RunTime:0.000836s ]
[2023-02-18T23:07:37+08:00][sql] SELECT * FROM `tp_module` WHERE  `model_name` = 'Cate' LIMIT 1 [ RunTime:0.000557s ]
[2023-02-18T23:07:37+08:00][sql] SELECT * FROM `tp_field` WHERE  `module_id` = 20  AND `field` = 'sort' LIMIT 1 [ RunTime:0.001058s ]
[2023-02-18T23:07:37+08:00][sql] SELECT * FROM `tp_module` WHERE  `model_name` = 'Cate' LIMIT 1 [ RunTime:0.000462s ]
[2023-02-18T23:07:37+08:00][sql] SELECT `id` FROM `tp_module` WHERE  `model_name` = 'Cate' LIMIT 1 [ RunTime:0.000368s ]
[2023-02-18T23:07:37+08:00][sql] SELECT `field` FROM `tp_field` WHERE  ( field = 'pid' OR field = 'parent_id'  )  AND `module_id` = 20 LIMIT 1 [ RunTime:0.000598s ]
[2023-02-18T23:07:37+08:00][sql] SELECT `id`,`cate_name`,`parent_id` FROM `tp_cate` ORDER BY `sort` ASC,`id` DESC [ RunTime:0.000451s ]
[2023-02-18T23:07:37+08:00][sql] SELECT `id` FROM `tp_cate` WHERE  `module_id` = 24 [ RunTime:0.000431s ]
[2023-02-18T23:07:37+08:00][sql] SELECT `dict_value`,`dict_label` FROM `tp_dictionary` WHERE  `dict_type` = '10' ORDER BY `sort` ASC,`id` DESC [ RunTime:0.000490s ]
[2023-02-18T23:07:37+08:00][sql] SELECT `dict_value`,`dict_label` FROM `tp_dictionary` WHERE  `dict_type` = '4' ORDER BY `sort` ASC,`id` DESC [ RunTime:0.000482s ]
[2023-02-18T23:07:37+08:00][sql] SELECT * FROM `tp_module` WHERE  `model_name` = 'UsersType' LIMIT 1 [ RunTime:0.000472s ]
[2023-02-18T23:07:37+08:00][sql] SELECT * FROM `tp_field` WHERE  `module_id` = 6  AND `field` = 'sort' LIMIT 1 [ RunTime:0.000603s ]
[2023-02-18T23:07:37+08:00][sql] SELECT * FROM `tp_module` WHERE  `model_name` = 'UsersType' LIMIT 1 [ RunTime:0.000425s ]
[2023-02-18T23:07:37+08:00][sql] SELECT `id` FROM `tp_module` WHERE  `model_name` = 'UsersType' LIMIT 1 [ RunTime:0.000361s ]
[2023-02-18T23:07:37+08:00][sql] SELECT `field` FROM `tp_field` WHERE  ( field = 'pid' OR field = 'parent_id'  )  AND `module_id` = 6 LIMIT 1 [ RunTime:0.000622s ]
[2023-02-18T23:07:37+08:00][sql] SELECT `id`,`name` FROM `tp_users_type` ORDER BY `sort` ASC,`id` DESC [ RunTime:0.000363s ]
[2023-02-18T23:07:37+08:00][sql] SELECT * FROM `tp_field` WHERE  `module_id` = 24 [ RunTime:0.001259s ]
[2023-02-18T23:07:37+08:00][sql] SELECT * FROM `tp_module` WHERE  `id` = 24 [ RunTime:0.000421s ]
[2023-02-18T23:07:37+08:00][sql] SELECT * FROM `tp_dictionary_type` WHERE  `id` IN (0,1,10,4) [ RunTime:0.000420s ]
[2023-02-18T23:07:37+08:00][sql] SELECT * FROM `tp_field` WHERE  `module_id` = 24 [ RunTime:0.001969s ]
[2023-02-18T23:07:37+08:00][sql] SELECT * FROM `tp_module` WHERE  `id` = 24 [ RunTime:0.000897s ]
[2023-02-18T23:07:37+08:00][sql] SELECT * FROM `tp_dictionary_type` WHERE  `id` IN (0,1,10,4) [ RunTime:0.000504s ]
[2023-02-18T23:07:37+08:00][sql] SELECT * FROM `tp_field` WHERE  `module_id` = 24 [ RunTime:0.001761s ]
[2023-02-18T23:07:37+08:00][sql] SELECT * FROM `tp_module` WHERE  `id` = 24 [ RunTime:0.000434s ]
[2023-02-18T23:07:37+08:00][sql] SELECT * FROM `tp_dictionary_type` WHERE  `id` IN (0,1,10,4) [ RunTime:0.000432s ]
[2023-02-18T23:07:37+08:00][sql] SELECT * FROM `tp_field` WHERE  `module_id` = 24 [ RunTime:0.002013s ]
[2023-02-18T23:07:37+08:00][sql] SELECT * FROM `tp_module` WHERE  `id` = 24 [ RunTime:0.000612s ]
[2023-02-18T23:07:37+08:00][sql] SELECT * FROM `tp_dictionary_type` WHERE  `id` IN (0,1,10,4) [ RunTime:0.000465s ]
[2023-02-18T23:07:37+08:00][sql] SELECT * FROM `tp_field` WHERE  `module_id` = 24 [ RunTime:0.001666s ]
[2023-02-18T23:07:37+08:00][sql] SELECT * FROM `tp_module` WHERE  `id` = 24 [ RunTime:0.000604s ]
[2023-02-18T23:07:37+08:00][sql] SELECT * FROM `tp_dictionary_type` WHERE  `id` IN (0,1,10,4) [ RunTime:0.000501s ]
[2023-02-18T23:07:37+08:00][sql] SELECT * FROM `tp_field` WHERE  `module_id` = 24 [ RunTime:0.001650s ]
[2023-02-18T23:07:37+08:00][sql] SELECT * FROM `tp_module` WHERE  `id` = 24 [ RunTime:0.000451s ]
[2023-02-18T23:07:37+08:00][sql] SELECT * FROM `tp_dictionary_type` WHERE  `id` IN (0,1,10,4) [ RunTime:0.000856s ]
[2023-02-18T23:07:37+08:00][sql] SELECT * FROM `tp_cate` WHERE  `id` = 11 LIMIT 1 [ RunTime:0.000856s ]
[2023-02-18T23:07:37+08:00][sql] SELECT * FROM `tp_module` WHERE  `id` = 23 [ RunTime:0.000584s ]
[2023-02-18T23:07:37+08:00][sql] SELECT * FROM `tp_cate` WHERE  `id` = 11 LIMIT 1 [ RunTime:0.000573s ]
[2023-02-18T23:07:37+08:00][sql] SELECT * FROM `tp_module` WHERE  `id` = 23 [ RunTime:0.000530s ]
[2023-02-18T23:07:37+08:00][sql] SELECT * FROM `tp_cate` WHERE  `id` = 11 LIMIT 1 [ RunTime:0.000831s ]
[2023-02-18T23:07:37+08:00][sql] SELECT * FROM `tp_module` WHERE  `id` = 23 [ RunTime:0.001009s ]
[2023-02-18T23:07:37+08:00][sql] SELECT `id`,`parent_id` FROM `tp_cate` [ RunTime:0.000872s ]
[2023-02-18T23:07:37+08:00][sql] SHOW FULL COLUMNS FROM `tp_download` [ RunTime:0.014896s ]
[2023-02-18T23:07:37+08:00][sql] SELECT * FROM `tp_download` WHERE  (  status = 1  )  AND `cate_id` = 11 ORDER BY `sort` ASC,`id` DESC LIMIT 3 [ RunTime:0.000963s ]
[2023-02-18T23:07:37+08:00][sql] SELECT * FROM `tp_cate` WHERE  `id` = 11 [ RunTime:0.000564s ]
[2023-02-18T23:07:37+08:00][sql] SELECT * FROM `tp_cate` WHERE  `id` = 11 [ RunTime:0.000459s ]
[2023-02-18T23:07:37+08:00][sql] SELECT * FROM `tp_module` WHERE  `id` = 23 [ RunTime:0.000608s ]
[2023-02-18T23:07:37+08:00][sql] SELECT * FROM `tp_field` WHERE  `module_id` = 23 [ RunTime:0.001554s ]
[2023-02-18T23:07:37+08:00][sql] SELECT * FROM `tp_module` WHERE  `id` = 23 [ RunTime:0.000722s ]
[2023-02-18T23:07:37+08:00][sql] SELECT * FROM `tp_dictionary_type` WHERE  `id` IN (0,1) [ RunTime:0.000644s ]
[2023-02-18T23:07:37+08:00][sql] SELECT `dict_value`,`dict_label` FROM `tp_dictionary` WHERE  `dict_type` = '1' ORDER BY `sort` ASC,`id` DESC [ RunTime:0.000539s ]
[2023-02-18T23:07:37+08:00][sql] SELECT * FROM `tp_module` WHERE  `model_name` = 'Cate' LIMIT 1 [ RunTime:0.000571s ]
[2023-02-18T23:07:37+08:00][sql] SELECT * FROM `tp_field` WHERE  `module_id` = 20  AND `field` = 'sort' LIMIT 1 [ RunTime:0.001057s ]
[2023-02-18T23:07:37+08:00][sql] SELECT * FROM `tp_module` WHERE  `model_name` = 'Cate' LIMIT 1 [ RunTime:0.000450s ]
[2023-02-18T23:07:37+08:00][sql] SELECT `id` FROM `tp_module` WHERE  `model_name` = 'Cate' LIMIT 1 [ RunTime:0.000338s ]
[2023-02-18T23:07:37+08:00][sql] SELECT `field` FROM `tp_field` WHERE  ( field = 'pid' OR field = 'parent_id'  )  AND `module_id` = 20 LIMIT 1 [ RunTime:0.000501s ]
[2023-02-18T23:07:37+08:00][sql] SELECT `id`,`cate_name`,`parent_id` FROM `tp_cate` ORDER BY `sort` ASC,`id` DESC [ RunTime:0.000420s ]
[2023-02-18T23:07:37+08:00][sql] SELECT `id` FROM `tp_cate` WHERE  `module_id` = 23 [ RunTime:0.000354s ]
[2023-02-18T23:07:37+08:00][sql] SELECT * FROM `tp_module` WHERE  `model_name` = 'UsersType' LIMIT 1 [ RunTime:0.000405s ]
[2023-02-18T23:07:37+08:00][sql] SELECT * FROM `tp_field` WHERE  `module_id` = 6  AND `field` = 'sort' LIMIT 1 [ RunTime:0.000536s ]
[2023-02-18T23:07:37+08:00][sql] SELECT * FROM `tp_module` WHERE  `model_name` = 'UsersType' LIMIT 1 [ RunTime:0.000394s ]
[2023-02-18T23:07:37+08:00][sql] SELECT `id` FROM `tp_module` WHERE  `model_name` = 'UsersType' LIMIT 1 [ RunTime:0.000642s ]
[2023-02-18T23:07:37+08:00][sql] SELECT `field` FROM `tp_field` WHERE  ( field = 'pid' OR field = 'parent_id'  )  AND `module_id` = 6 LIMIT 1 [ RunTime:0.000618s ]
[2023-02-18T23:07:37+08:00][sql] SELECT `id`,`name` FROM `tp_users_type` ORDER BY `sort` ASC,`id` DESC [ RunTime:0.000354s ]
[2023-02-18T23:07:37+08:00][sql] SELECT * FROM `tp_field` WHERE  `module_id` = 23 [ RunTime:0.001058s ]
[2023-02-18T23:07:37+08:00][sql] SELECT * FROM `tp_module` WHERE  `id` = 23 [ RunTime:0.000400s ]
[2023-02-18T23:07:37+08:00][sql] SELECT * FROM `tp_dictionary_type` WHERE  `id` IN (0,1) [ RunTime:0.000397s ]
[2023-02-18T23:07:37+08:00][sql] SELECT * FROM `tp_field` WHERE  `module_id` = 23 [ RunTime:0.001608s ]
[2023-02-18T23:07:37+08:00][sql] SELECT * FROM `tp_module` WHERE  `id` = 23 [ RunTime:0.000545s ]
[2023-02-18T23:07:37+08:00][sql] SELECT * FROM `tp_dictionary_type` WHERE  `id` IN (0,1) [ RunTime:0.000625s ]
[2023-02-18T23:07:37+08:00][sql] SELECT * FROM `tp_field` WHERE  `module_id` = 23 [ RunTime:0.001642s ]
[2023-02-18T23:07:37+08:00][sql] SELECT * FROM `tp_module` WHERE  `id` = 23 [ RunTime:0.000704s ]
[2023-02-18T23:07:37+08:00][sql] SELECT * FROM `tp_dictionary_type` WHERE  `id` IN (0,1) [ RunTime:0.000585s ]
[2023-02-18T23:07:37+08:00][sql] SELECT * FROM `tp_cate` WHERE  `id` = 17 LIMIT 1 [ RunTime:0.000545s ]
[2023-02-18T23:07:37+08:00][sql] SHOW FULL COLUMNS FROM `tp_link` [ RunTime:0.013178s ]
[2023-02-18T23:07:37+08:00][sql] SELECT * FROM `tp_link` WHERE  `status` = 1 ORDER BY `sort` ASC,`id` DESC [ RunTime:0.000617s ]
[2023-02-18T23:09:07+08:00][sql] CONNECT:[ UseTime:0.000916s ] mysql:host=127.0.0.1;port=3306;dbname=ztx;charset=utf8mb4
[2023-02-18T23:09:07+08:00][sql] SHOW FULL COLUMNS FROM `tp_system` [ RunTime:0.009554s ]
[2023-02-18T23:09:07+08:00][sql] SELECT * FROM `tp_system` WHERE  `id` = 1 LIMIT 1 [ RunTime:0.001211s ]
[2023-02-18T23:09:07+08:00][sql] SHOW FULL COLUMNS FROM `tp_cate` [ RunTime:0.009243s ]
[2023-02-18T23:09:07+08:00][sql] SELECT `id`,`cate_name`,`cate_folder`,`module_id` FROM `tp_cate` ORDER BY `sort` ASC,`id` ASC [ RunTime:0.000575s ]
[2023-02-18T23:09:07+08:00][sql] SHOW FULL COLUMNS FROM `tp_module` [ RunTime:0.008973s ]
[2023-02-18T23:09:07+08:00][sql] SELECT * FROM `tp_module` WHERE  `id` = 18 LIMIT 1 [ RunTime:0.000641s ]
[2023-02-18T23:09:07+08:00][sql] SELECT * FROM `tp_module` WHERE  `id` = 19 LIMIT 1 [ RunTime:0.000738s ]
[2023-02-18T23:09:07+08:00][sql] SELECT * FROM `tp_module` WHERE  `id` = 21 LIMIT 1 [ RunTime:0.000622s ]
[2023-02-18T23:09:07+08:00][sql] SELECT * FROM `tp_module` WHERE  `id` = 22 LIMIT 1 [ RunTime:0.000504s ]
[2023-02-18T23:09:07+08:00][sql] SELECT * FROM `tp_module` WHERE  `id` = 23 LIMIT 1 [ RunTime:0.000717s ]
[2023-02-18T23:09:07+08:00][sql] SELECT * FROM `tp_module` WHERE  `id` = 24 LIMIT 1 [ RunTime:0.000585s ]
[2023-02-18T23:09:07+08:00][sql] SELECT * FROM `tp_module` WHERE  `id` = 25 LIMIT 1 [ RunTime:0.000713s ]
[2023-02-18T23:09:07+08:00][sql] SELECT * FROM `tp_module` WHERE  `id` = 18 LIMIT 1 [ RunTime:0.000484s ]
[2023-02-18T23:09:07+08:00][sql] SELECT * FROM `tp_module` WHERE  `id` = 18 LIMIT 1 [ RunTime:0.000420s ]
[2023-02-18T23:09:07+08:00][sql] SELECT * FROM `tp_module` WHERE  `id` = 19 LIMIT 1 [ RunTime:0.000422s ]
[2023-02-18T23:09:07+08:00][sql] SELECT * FROM `tp_system` WHERE  `id` = 1 LIMIT 1 [ RunTime:0.000859s ]
[2023-02-18T23:09:07+08:00][sql] SELECT * FROM `tp_cate` WHERE  `is_menu` = 1 ORDER BY `sort` ASC,`id` DESC [ RunTime:0.000824s ]
[2023-02-18T23:09:07+08:00][sql] SELECT * FROM `tp_module` WHERE  `id` IN (18,19,21,22,23,24,25) [ RunTime:0.000846s ]
[2023-02-18T23:09:07+08:00][sql] SELECT * FROM `tp_cate` WHERE  `is_menu` = 1 ORDER BY `sort` ASC,`id` DESC [ RunTime:0.000952s ]
[2023-02-18T23:09:07+08:00][sql] SELECT * FROM `tp_module` WHERE  `id` IN (18,19,21,22,23,24,25) [ RunTime:0.000783s ]
[2023-02-18T23:09:07+08:00][sql] SHOW FULL COLUMNS FROM `tp_ad` [ RunTime:0.006459s ]
[2023-02-18T23:09:07+08:00][sql] SELECT * FROM `tp_ad` WHERE  `status` = 1  AND `type_id` = 1 ORDER BY `sort` ASC,`id` DESC [ RunTime:0.000664s ]
[2023-02-18T23:09:07+08:00][sql] SELECT * FROM `tp_ad` WHERE  `status` = 1  AND `type_id` = 1 ORDER BY `sort` ASC,`id` DESC [ RunTime:0.000434s ]
[2023-02-18T23:09:07+08:00][sql] SHOW FULL COLUMNS FROM `tp_debris` [ RunTime:0.008327s ]
[2023-02-18T23:09:07+08:00][sql] SELECT `content` FROM `tp_debris` WHERE  `name` = 'AboutUs'  AND `status` = 1 LIMIT 1 [ RunTime:0.000604s ]
[2023-02-18T23:09:07+08:00][sql] SELECT * FROM `tp_cate` WHERE  `id` = 6 LIMIT 1 [ RunTime:0.000519s ]
[2023-02-18T23:09:07+08:00][sql] SELECT * FROM `tp_module` WHERE  `id` = 19 [ RunTime:0.000496s ]
[2023-02-18T23:09:07+08:00][sql] SELECT * FROM `tp_cate` WHERE  `id` = 8 LIMIT 1 [ RunTime:0.000494s ]
[2023-02-18T23:09:07+08:00][sql] SELECT * FROM `tp_module` WHERE  `id` = 22 [ RunTime:0.000456s ]
[2023-02-18T23:09:07+08:00][sql] SELECT * FROM `tp_cate` WHERE  `id` = 8 LIMIT 1 [ RunTime:0.000444s ]
[2023-02-18T23:09:07+08:00][sql] SELECT * FROM `tp_module` WHERE  `id` = 22 [ RunTime:0.000408s ]
[2023-02-18T23:09:07+08:00][sql] SELECT * FROM `tp_cate` WHERE  `id` = 8 LIMIT 1 [ RunTime:0.000456s ]
[2023-02-18T23:09:07+08:00][sql] SELECT * FROM `tp_module` WHERE  `id` = 22 [ RunTime:0.000614s ]
[2023-02-18T23:09:07+08:00][sql] SELECT `id`,`parent_id` FROM `tp_cate` [ RunTime:0.000772s ]
[2023-02-18T23:09:07+08:00][sql] SHOW FULL COLUMNS FROM `tp_product` [ RunTime:0.007719s ]
[2023-02-18T23:09:07+08:00][sql] SELECT * FROM `tp_product` WHERE  (  status = 1  )  AND `cate_id` IN (8,9,10) ORDER BY `sort` ASC,`id` DESC LIMIT 4 [ RunTime:0.000850s ]
[2023-02-18T23:09:07+08:00][sql] SELECT * FROM `tp_cate` WHERE  `id` = 9 [ RunTime:0.000635s ]
[2023-02-18T23:09:07+08:00][sql] SELECT * FROM `tp_cate` WHERE  `id` = 9 [ RunTime:0.000532s ]
[2023-02-18T23:09:07+08:00][sql] SELECT * FROM `tp_module` WHERE  `id` = 22 [ RunTime:0.000583s ]
[2023-02-18T23:09:07+08:00][sql] SHOW FULL COLUMNS FROM `tp_field` [ RunTime:0.007772s ]
[2023-02-18T23:09:07+08:00][sql] SELECT * FROM `tp_field` WHERE  `module_id` = 22 [ RunTime:0.001605s ]
[2023-02-18T23:09:07+08:00][sql] SELECT * FROM `tp_module` WHERE  `id` = 22 [ RunTime:0.000566s ]
[2023-02-18T23:09:07+08:00][sql] SHOW FULL COLUMNS FROM `tp_dictionary_type` [ RunTime:0.009655s ]
[2023-02-18T23:09:07+08:00][sql] SELECT * FROM `tp_dictionary_type` WHERE  `id` IN (0,1) [ RunTime:0.000603s ]
[2023-02-18T23:09:07+08:00][sql] SHOW FULL COLUMNS FROM `tp_dictionary` [ RunTime:0.009740s ]
[2023-02-18T23:09:07+08:00][sql] SELECT `dict_value`,`dict_label` FROM `tp_dictionary` WHERE  `dict_type` = '1' ORDER BY `sort` ASC,`id` DESC [ RunTime:0.000602s ]
[2023-02-18T23:09:07+08:00][sql] SELECT * FROM `tp_module` WHERE  `model_name` = 'Cate' LIMIT 1 [ RunTime:0.000516s ]
[2023-02-18T23:09:07+08:00][sql] SELECT * FROM `tp_field` WHERE  `module_id` = 20  AND `field` = 'sort' LIMIT 1 [ RunTime:0.000964s ]
[2023-02-18T23:09:07+08:00][sql] SELECT * FROM `tp_module` WHERE  `model_name` = 'Cate' LIMIT 1 [ RunTime:0.000501s ]
[2023-02-18T23:09:07+08:00][sql] SELECT `id` FROM `tp_module` WHERE  `model_name` = 'Cate' LIMIT 1 [ RunTime:0.000405s ]
[2023-02-18T23:09:07+08:00][sql] SELECT `field` FROM `tp_field` WHERE  ( field = 'pid' OR field = 'parent_id'  )  AND `module_id` = 20 LIMIT 1 [ RunTime:0.000532s ]
[2023-02-18T23:09:07+08:00][sql] SELECT `id`,`cate_name`,`parent_id` FROM `tp_cate` ORDER BY `sort` ASC,`id` DESC [ RunTime:0.000417s ]
[2023-02-18T23:09:07+08:00][sql] SELECT `id` FROM `tp_cate` WHERE  `module_id` = 22 [ RunTime:0.000413s ]
[2023-02-18T23:09:07+08:00][sql] SELECT * FROM `tp_module` WHERE  `model_name` = 'UsersType' LIMIT 1 [ RunTime:0.000521s ]
[2023-02-18T23:09:07+08:00][sql] SELECT * FROM `tp_field` WHERE  `module_id` = 6  AND `field` = 'sort' LIMIT 1 [ RunTime:0.001158s ]
[2023-02-18T23:09:07+08:00][sql] SELECT * FROM `tp_module` WHERE  `model_name` = 'UsersType' LIMIT 1 [ RunTime:0.000747s ]
[2023-02-18T23:09:07+08:00][sql] SELECT `id` FROM `tp_module` WHERE  `model_name` = 'UsersType' LIMIT 1 [ RunTime:0.000628s ]
[2023-02-18T23:09:07+08:00][sql] SELECT `field` FROM `tp_field` WHERE  ( field = 'pid' OR field = 'parent_id'  )  AND `module_id` = 6 LIMIT 1 [ RunTime:0.000653s ]
[2023-02-18T23:09:07+08:00][sql] SHOW FULL COLUMNS FROM `tp_users_type` [ RunTime:0.006456s ]
[2023-02-18T23:09:07+08:00][sql] SELECT `id`,`name` FROM `tp_users_type` ORDER BY `sort` ASC,`id` DESC [ RunTime:0.000486s ]
[2023-02-18T23:09:07+08:00][sql] SELECT * FROM `tp_field` WHERE  `module_id` = 22 [ RunTime:0.001133s ]
[2023-02-18T23:09:07+08:00][sql] SELECT * FROM `tp_module` WHERE  `id` = 22 [ RunTime:0.000413s ]
[2023-02-18T23:09:07+08:00][sql] SELECT * FROM `tp_dictionary_type` WHERE  `id` IN (0,1) [ RunTime:0.000734s ]
[2023-02-18T23:09:07+08:00][sql] SELECT * FROM `tp_field` WHERE  `module_id` = 22 [ RunTime:0.001762s ]
[2023-02-18T23:09:07+08:00][sql] SELECT * FROM `tp_module` WHERE  `id` = 22 [ RunTime:0.000575s ]
[2023-02-18T23:09:07+08:00][sql] SELECT * FROM `tp_dictionary_type` WHERE  `id` IN (0,1) [ RunTime:0.000465s ]
[2023-02-18T23:09:07+08:00][sql] SELECT * FROM `tp_field` WHERE  `module_id` = 22 [ RunTime:0.001545s ]
[2023-02-18T23:09:07+08:00][sql] SELECT * FROM `tp_module` WHERE  `id` = 22 [ RunTime:0.000539s ]
[2023-02-18T23:09:07+08:00][sql] SELECT * FROM `tp_dictionary_type` WHERE  `id` IN (0,1) [ RunTime:0.000458s ]
[2023-02-18T23:09:07+08:00][sql] SELECT * FROM `tp_field` WHERE  `module_id` = 22 [ RunTime:0.002376s ]
[2023-02-18T23:09:07+08:00][sql] SELECT * FROM `tp_module` WHERE  `id` = 22 [ RunTime:0.000806s ]
[2023-02-18T23:09:07+08:00][sql] SELECT * FROM `tp_dictionary_type` WHERE  `id` IN (0,1) [ RunTime:0.000484s ]
[2023-02-18T23:09:07+08:00][sql] SELECT * FROM `tp_cate` WHERE  `id` = 4 LIMIT 1 [ RunTime:0.000448s ]
[2023-02-18T23:09:07+08:00][sql] SELECT * FROM `tp_module` WHERE  `id` = 19 [ RunTime:0.000457s ]
[2023-02-18T23:09:07+08:00][sql] SELECT * FROM `tp_cate` WHERE  `id` = 4 LIMIT 1 [ RunTime:0.000483s ]
[2023-02-18T23:09:07+08:00][sql] SELECT * FROM `tp_module` WHERE  `id` = 19 [ RunTime:0.000431s ]
[2023-02-18T23:09:07+08:00][sql] SELECT * FROM `tp_cate` WHERE  `id` = 4 LIMIT 1 [ RunTime:0.000446s ]
[2023-02-18T23:09:07+08:00][sql] SELECT * FROM `tp_module` WHERE  `id` = 19 [ RunTime:0.000409s ]
[2023-02-18T23:09:07+08:00][sql] SELECT `id`,`parent_id` FROM `tp_cate` [ RunTime:0.000704s ]
[2023-02-18T23:09:07+08:00][sql] SHOW FULL COLUMNS FROM `tp_article` [ RunTime:0.008109s ]
[2023-02-18T23:09:07+08:00][sql] SELECT * FROM `tp_article` WHERE  ( image <>'' AND status = 1  )  AND `cate_id` IN (4,5,6) ORDER BY `sort` ASC,`id` DESC LIMIT 4 [ RunTime:0.000669s ]
[2023-02-18T23:09:07+08:00][sql] SELECT * FROM `tp_cate` WHERE  `id` = 5 [ RunTime:0.000405s ]
[2023-02-18T23:09:07+08:00][sql] SELECT * FROM `tp_cate` WHERE  `id` = 5 [ RunTime:0.000375s ]
[2023-02-18T23:09:07+08:00][sql] SELECT * FROM `tp_module` WHERE  `id` = 19 [ RunTime:0.000372s ]
[2023-02-18T23:09:07+08:00][sql] SELECT * FROM `tp_field` WHERE  `module_id` = 19 [ RunTime:0.001230s ]
[2023-02-18T23:09:07+08:00][sql] SELECT * FROM `tp_module` WHERE  `id` = 19 [ RunTime:0.000392s ]
[2023-02-18T23:09:07+08:00][sql] SELECT * FROM `tp_dictionary_type` WHERE  `id` IN (0,1) [ RunTime:0.000490s ]
[2023-02-18T23:09:07+08:00][sql] SELECT `dict_value`,`dict_label` FROM `tp_dictionary` WHERE  `dict_type` = '1' ORDER BY `sort` ASC,`id` DESC [ RunTime:0.000655s ]
[2023-02-18T23:09:07+08:00][sql] SELECT * FROM `tp_module` WHERE  `model_name` = 'Cate' LIMIT 1 [ RunTime:0.000517s ]
[2023-02-18T23:09:07+08:00][sql] SELECT * FROM `tp_field` WHERE  `module_id` = 20  AND `field` = 'sort' LIMIT 1 [ RunTime:0.001120s ]
[2023-02-18T23:09:07+08:00][sql] SELECT * FROM `tp_module` WHERE  `model_name` = 'Cate' LIMIT 1 [ RunTime:0.000659s ]
[2023-02-18T23:09:07+08:00][sql] SELECT `id` FROM `tp_module` WHERE  `model_name` = 'Cate' LIMIT 1 [ RunTime:0.000509s ]
[2023-02-18T23:09:07+08:00][sql] SELECT `field` FROM `tp_field` WHERE  ( field = 'pid' OR field = 'parent_id'  )  AND `module_id` = 20 LIMIT 1 [ RunTime:0.000721s ]
[2023-02-18T23:09:07+08:00][sql] SELECT `id`,`cate_name`,`parent_id` FROM `tp_cate` ORDER BY `sort` ASC,`id` DESC [ RunTime:0.000584s ]
[2023-02-18T23:09:07+08:00][sql] SELECT `id` FROM `tp_cate` WHERE  `module_id` = 19 [ RunTime:0.000582s ]
[2023-02-18T23:09:07+08:00][sql] SELECT * FROM `tp_module` WHERE  `model_name` = 'UsersType' LIMIT 1 [ RunTime:0.000433s ]
[2023-02-18T23:09:07+08:00][sql] SELECT * FROM `tp_field` WHERE  `module_id` = 6  AND `field` = 'sort' LIMIT 1 [ RunTime:0.000515s ]
[2023-02-18T23:09:07+08:00][sql] SELECT * FROM `tp_module` WHERE  `model_name` = 'UsersType' LIMIT 1 [ RunTime:0.000396s ]
[2023-02-18T23:09:07+08:00][sql] SELECT `id` FROM `tp_module` WHERE  `model_name` = 'UsersType' LIMIT 1 [ RunTime:0.000332s ]
[2023-02-18T23:09:07+08:00][sql] SELECT `field` FROM `tp_field` WHERE  ( field = 'pid' OR field = 'parent_id'  )  AND `module_id` = 6 LIMIT 1 [ RunTime:0.000545s ]
[2023-02-18T23:09:07+08:00][sql] SELECT `id`,`name` FROM `tp_users_type` ORDER BY `sort` ASC,`id` DESC [ RunTime:0.000331s ]
[2023-02-18T23:09:07+08:00][sql] SELECT * FROM `tp_field` WHERE  `module_id` = 19 [ RunTime:0.001346s ]
[2023-02-18T23:09:07+08:00][sql] SELECT * FROM `tp_module` WHERE  `id` = 19 [ RunTime:0.000579s ]
[2023-02-18T23:09:07+08:00][sql] SELECT * FROM `tp_dictionary_type` WHERE  `id` IN (0,1) [ RunTime:0.000407s ]
[2023-02-18T23:09:07+08:00][sql] SELECT * FROM `tp_field` WHERE  `module_id` = 19 [ RunTime:0.001472s ]
[2023-02-18T23:09:07+08:00][sql] SELECT * FROM `tp_module` WHERE  `id` = 19 [ RunTime:0.000766s ]
[2023-02-18T23:09:07+08:00][sql] SELECT * FROM `tp_dictionary_type` WHERE  `id` IN (0,1) [ RunTime:0.000804s ]
[2023-02-18T23:09:07+08:00][sql] SELECT * FROM `tp_field` WHERE  `module_id` = 19 [ RunTime:0.001678s ]
[2023-02-18T23:09:07+08:00][sql] SELECT * FROM `tp_module` WHERE  `id` = 19 [ RunTime:0.000459s ]
[2023-02-18T23:09:07+08:00][sql] SELECT * FROM `tp_dictionary_type` WHERE  `id` IN (0,1) [ RunTime:0.000689s ]
[2023-02-18T23:09:07+08:00][sql] SELECT * FROM `tp_field` WHERE  `module_id` = 19 [ RunTime:0.001738s ]
[2023-02-18T23:09:07+08:00][sql] SELECT * FROM `tp_module` WHERE  `id` = 19 [ RunTime:0.000648s ]
[2023-02-18T23:09:07+08:00][sql] SELECT * FROM `tp_dictionary_type` WHERE  `id` IN (0,1) [ RunTime:0.000911s ]
[2023-02-18T23:09:07+08:00][sql] SELECT * FROM `tp_cate` WHERE  `id` = 7 LIMIT 1 [ RunTime:0.000694s ]
[2023-02-18T23:09:07+08:00][sql] SELECT * FROM `tp_module` WHERE  `id` = 21 [ RunTime:0.000403s ]
[2023-02-18T23:09:07+08:00][sql] SELECT * FROM `tp_cate` WHERE  `id` = 7 LIMIT 1 [ RunTime:0.000431s ]
[2023-02-18T23:09:07+08:00][sql] SELECT * FROM `tp_module` WHERE  `id` = 21 [ RunTime:0.000455s ]
[2023-02-18T23:09:07+08:00][sql] SELECT * FROM `tp_cate` WHERE  `id` = 7 LIMIT 1 [ RunTime:0.000658s ]
[2023-02-18T23:09:07+08:00][sql] SELECT * FROM `tp_module` WHERE  `id` = 21 [ RunTime:0.000529s ]
[2023-02-18T23:09:07+08:00][sql] SELECT `id`,`parent_id` FROM `tp_cate` [ RunTime:0.000372s ]
[2023-02-18T23:09:07+08:00][sql] SHOW FULL COLUMNS FROM `tp_picture` [ RunTime:0.007761s ]
[2023-02-18T23:09:07+08:00][sql] SELECT * FROM `tp_picture` WHERE  (  status = 1  )  AND `cate_id` = 7 ORDER BY `sort` ASC,`id` DESC LIMIT 3 [ RunTime:0.000816s ]
[2023-02-18T23:09:07+08:00][sql] SELECT * FROM `tp_cate` WHERE  `id` = 7 [ RunTime:0.000451s ]
[2023-02-18T23:09:07+08:00][sql] SELECT * FROM `tp_cate` WHERE  `id` = 7 [ RunTime:0.000398s ]
[2023-02-18T23:09:07+08:00][sql] SELECT * FROM `tp_module` WHERE  `id` = 21 [ RunTime:0.000382s ]
[2023-02-18T23:09:07+08:00][sql] SELECT * FROM `tp_field` WHERE  `module_id` = 21 [ RunTime:0.001306s ]
[2023-02-18T23:09:07+08:00][sql] SELECT * FROM `tp_module` WHERE  `id` = 21 [ RunTime:0.000592s ]
[2023-02-18T23:09:07+08:00][sql] SELECT * FROM `tp_dictionary_type` WHERE  `id` IN (0,1) [ RunTime:0.000395s ]
[2023-02-18T23:09:07+08:00][sql] SELECT `dict_value`,`dict_label` FROM `tp_dictionary` WHERE  `dict_type` = '1' ORDER BY `sort` ASC,`id` DESC [ RunTime:0.000482s ]
[2023-02-18T23:09:07+08:00][sql] SELECT * FROM `tp_module` WHERE  `model_name` = 'Cate' LIMIT 1 [ RunTime:0.000471s ]
[2023-02-18T23:09:07+08:00][sql] SELECT * FROM `tp_field` WHERE  `module_id` = 20  AND `field` = 'sort' LIMIT 1 [ RunTime:0.000935s ]
[2023-02-18T23:09:07+08:00][sql] SELECT * FROM `tp_module` WHERE  `model_name` = 'Cate' LIMIT 1 [ RunTime:0.000471s ]
[2023-02-18T23:09:07+08:00][sql] SELECT `id` FROM `tp_module` WHERE  `model_name` = 'Cate' LIMIT 1 [ RunTime:0.000361s ]
[2023-02-18T23:09:07+08:00][sql] SELECT `field` FROM `tp_field` WHERE  ( field = 'pid' OR field = 'parent_id'  )  AND `module_id` = 20 LIMIT 1 [ RunTime:0.000635s ]
[2023-02-18T23:09:07+08:00][sql] SELECT `id`,`cate_name`,`parent_id` FROM `tp_cate` ORDER BY `sort` ASC,`id` DESC [ RunTime:0.000619s ]
[2023-02-18T23:09:07+08:00][sql] SELECT `id` FROM `tp_cate` WHERE  `module_id` = 21 [ RunTime:0.000639s ]
[2023-02-18T23:09:07+08:00][sql] SELECT * FROM `tp_module` WHERE  `model_name` = 'UsersType' LIMIT 1 [ RunTime:0.000640s ]
[2023-02-18T23:09:07+08:00][sql] SELECT * FROM `tp_field` WHERE  `module_id` = 6  AND `field` = 'sort' LIMIT 1 [ RunTime:0.000805s ]
[2023-02-18T23:09:07+08:00][sql] SELECT * FROM `tp_module` WHERE  `model_name` = 'UsersType' LIMIT 1 [ RunTime:0.000516s ]
[2023-02-18T23:09:07+08:00][sql] SELECT `id` FROM `tp_module` WHERE  `model_name` = 'UsersType' LIMIT 1 [ RunTime:0.000344s ]
[2023-02-18T23:09:07+08:00][sql] SELECT `field` FROM `tp_field` WHERE  ( field = 'pid' OR field = 'parent_id'  )  AND `module_id` = 6 LIMIT 1 [ RunTime:0.000637s ]
[2023-02-18T23:09:07+08:00][sql] SELECT `id`,`name` FROM `tp_users_type` ORDER BY `sort` ASC,`id` DESC [ RunTime:0.000683s ]
[2023-02-18T23:09:07+08:00][sql] SELECT * FROM `tp_field` WHERE  `module_id` = 21 [ RunTime:0.001294s ]
[2023-02-18T23:09:07+08:00][sql] SELECT * FROM `tp_module` WHERE  `id` = 21 [ RunTime:0.000440s ]
[2023-02-18T23:09:07+08:00][sql] SELECT * FROM `tp_dictionary_type` WHERE  `id` IN (0,1) [ RunTime:0.000466s ]
[2023-02-18T23:09:07+08:00][sql] SELECT * FROM `tp_field` WHERE  `module_id` = 21 [ RunTime:0.001665s ]
[2023-02-18T23:09:07+08:00][sql] SELECT * FROM `tp_module` WHERE  `id` = 21 [ RunTime:0.000433s ]
[2023-02-18T23:09:07+08:00][sql] SELECT * FROM `tp_dictionary_type` WHERE  `id` IN (0,1) [ RunTime:0.000691s ]
[2023-02-18T23:09:07+08:00][sql] SELECT * FROM `tp_field` WHERE  `module_id` = 21 [ RunTime:0.002203s ]
[2023-02-18T23:09:07+08:00][sql] SELECT * FROM `tp_module` WHERE  `id` = 21 [ RunTime:0.000677s ]
[2023-02-18T23:09:07+08:00][sql] SELECT * FROM `tp_dictionary_type` WHERE  `id` IN (0,1) [ RunTime:0.000373s ]
[2023-02-18T23:09:07+08:00][sql] SELECT * FROM `tp_cate` WHERE  `id` = 12 LIMIT 1 [ RunTime:0.000579s ]
[2023-02-18T23:09:07+08:00][sql] SELECT * FROM `tp_module` WHERE  `id` = 24 [ RunTime:0.000452s ]
[2023-02-18T23:09:07+08:00][sql] SELECT `id`,`parent_id` FROM `tp_cate` [ RunTime:0.000384s ]
[2023-02-18T23:09:07+08:00][sql] SHOW FULL COLUMNS FROM `tp_team` [ RunTime:0.007790s ]
[2023-02-18T23:09:07+08:00][sql] SELECT * FROM `tp_team` WHERE  (  status = 1  )  AND `cate_id` = 12 ORDER BY `sort` ASC,`id` DESC LIMIT 6 [ RunTime:0.000869s ]
[2023-02-18T23:09:07+08:00][sql] SELECT * FROM `tp_cate` WHERE  `id` = 12 [ RunTime:0.000413s ]
[2023-02-18T23:09:07+08:00][sql] SELECT * FROM `tp_cate` WHERE  `id` = 12 [ RunTime:0.000385s ]
[2023-02-18T23:09:07+08:00][sql] SELECT * FROM `tp_module` WHERE  `id` = 24 [ RunTime:0.000395s ]
[2023-02-18T23:09:07+08:00][sql] SELECT * FROM `tp_field` WHERE  `module_id` = 24 [ RunTime:0.001237s ]
[2023-02-18T23:09:07+08:00][sql] SELECT * FROM `tp_module` WHERE  `id` = 24 [ RunTime:0.000405s ]
[2023-02-18T23:09:07+08:00][sql] SELECT * FROM `tp_dictionary_type` WHERE  `id` IN (0,1,10,4) [ RunTime:0.000407s ]
[2023-02-18T23:09:07+08:00][sql] SELECT `dict_value`,`dict_label` FROM `tp_dictionary` WHERE  `dict_type` = '1' ORDER BY `sort` ASC,`id` DESC [ RunTime:0.000503s ]
[2023-02-18T23:09:07+08:00][sql] SELECT * FROM `tp_module` WHERE  `model_name` = 'Cate' LIMIT 1 [ RunTime:0.000500s ]
[2023-02-18T23:09:07+08:00][sql] SELECT * FROM `tp_field` WHERE  `module_id` = 20  AND `field` = 'sort' LIMIT 1 [ RunTime:0.000976s ]
[2023-02-18T23:09:07+08:00][sql] SELECT * FROM `tp_module` WHERE  `model_name` = 'Cate' LIMIT 1 [ RunTime:0.000459s ]
[2023-02-18T23:09:07+08:00][sql] SELECT `id` FROM `tp_module` WHERE  `model_name` = 'Cate' LIMIT 1 [ RunTime:0.000765s ]
[2023-02-18T23:09:07+08:00][sql] SELECT `field` FROM `tp_field` WHERE  ( field = 'pid' OR field = 'parent_id'  )  AND `module_id` = 20 LIMIT 1 [ RunTime:0.000985s ]
[2023-02-18T23:09:07+08:00][sql] SELECT `id`,`cate_name`,`parent_id` FROM `tp_cate` ORDER BY `sort` ASC,`id` DESC [ RunTime:0.000693s ]
[2023-02-18T23:09:07+08:00][sql] SELECT `id` FROM `tp_cate` WHERE  `module_id` = 24 [ RunTime:0.000707s ]
[2023-02-18T23:09:07+08:00][sql] SELECT `dict_value`,`dict_label` FROM `tp_dictionary` WHERE  `dict_type` = '10' ORDER BY `sort` ASC,`id` DESC [ RunTime:0.000607s ]
[2023-02-18T23:09:07+08:00][sql] SELECT `dict_value`,`dict_label` FROM `tp_dictionary` WHERE  `dict_type` = '4' ORDER BY `sort` ASC,`id` DESC [ RunTime:0.000398s ]
[2023-02-18T23:09:07+08:00][sql] SELECT * FROM `tp_module` WHERE  `model_name` = 'UsersType' LIMIT 1 [ RunTime:0.000404s ]
[2023-02-18T23:09:07+08:00][sql] SELECT * FROM `tp_field` WHERE  `module_id` = 6  AND `field` = 'sort' LIMIT 1 [ RunTime:0.000488s ]
[2023-02-18T23:09:07+08:00][sql] SELECT * FROM `tp_module` WHERE  `model_name` = 'UsersType' LIMIT 1 [ RunTime:0.000407s ]
[2023-02-18T23:09:07+08:00][sql] SELECT `id` FROM `tp_module` WHERE  `model_name` = 'UsersType' LIMIT 1 [ RunTime:0.000333s ]
[2023-02-18T23:09:07+08:00][sql] SELECT `field` FROM `tp_field` WHERE  ( field = 'pid' OR field = 'parent_id'  )  AND `module_id` = 6 LIMIT 1 [ RunTime:0.000540s ]
[2023-02-18T23:09:07+08:00][sql] SELECT `id`,`name` FROM `tp_users_type` ORDER BY `sort` ASC,`id` DESC [ RunTime:0.000324s ]
[2023-02-18T23:09:07+08:00][sql] SELECT * FROM `tp_field` WHERE  `module_id` = 24 [ RunTime:0.001140s ]
[2023-02-18T23:09:07+08:00][sql] SELECT * FROM `tp_module` WHERE  `id` = 24 [ RunTime:0.000659s ]
[2023-02-18T23:09:07+08:00][sql] SELECT * FROM `tp_dictionary_type` WHERE  `id` IN (0,1,10,4) [ RunTime:0.000498s ]
[2023-02-18T23:09:07+08:00][sql] SELECT * FROM `tp_field` WHERE  `module_id` = 24 [ RunTime:0.001875s ]
[2023-02-18T23:09:07+08:00][sql] SELECT * FROM `tp_module` WHERE  `id` = 24 [ RunTime:0.001219s ]
[2023-02-18T23:09:07+08:00][sql] SELECT * FROM `tp_dictionary_type` WHERE  `id` IN (0,1,10,4) [ RunTime:0.000758s ]
[2023-02-18T23:09:07+08:00][sql] SELECT * FROM `tp_field` WHERE  `module_id` = 24 [ RunTime:0.001689s ]
[2023-02-18T23:09:07+08:00][sql] SELECT * FROM `tp_module` WHERE  `id` = 24 [ RunTime:0.000580s ]
[2023-02-18T23:09:07+08:00][sql] SELECT * FROM `tp_dictionary_type` WHERE  `id` IN (0,1,10,4) [ RunTime:0.000498s ]
[2023-02-18T23:09:07+08:00][sql] SELECT * FROM `tp_field` WHERE  `module_id` = 24 [ RunTime:0.001686s ]
[2023-02-18T23:09:07+08:00][sql] SELECT * FROM `tp_module` WHERE  `id` = 24 [ RunTime:0.001106s ]
[2023-02-18T23:09:07+08:00][sql] SELECT * FROM `tp_dictionary_type` WHERE  `id` IN (0,1,10,4) [ RunTime:0.000932s ]
[2023-02-18T23:09:07+08:00][sql] SELECT * FROM `tp_field` WHERE  `module_id` = 24 [ RunTime:0.001612s ]
[2023-02-18T23:09:07+08:00][sql] SELECT * FROM `tp_module` WHERE  `id` = 24 [ RunTime:0.000405s ]
[2023-02-18T23:09:07+08:00][sql] SELECT * FROM `tp_dictionary_type` WHERE  `id` IN (0,1,10,4) [ RunTime:0.000437s ]
[2023-02-18T23:09:07+08:00][sql] SELECT * FROM `tp_field` WHERE  `module_id` = 24 [ RunTime:0.001634s ]
[2023-02-18T23:09:07+08:00][sql] SELECT * FROM `tp_module` WHERE  `id` = 24 [ RunTime:0.000441s ]
[2023-02-18T23:09:07+08:00][sql] SELECT * FROM `tp_dictionary_type` WHERE  `id` IN (0,1,10,4) [ RunTime:0.000573s ]
[2023-02-18T23:09:07+08:00][sql] SELECT * FROM `tp_cate` WHERE  `id` = 12 LIMIT 1 [ RunTime:0.000847s ]
[2023-02-18T23:09:07+08:00][sql] SELECT * FROM `tp_module` WHERE  `id` = 24 [ RunTime:0.000551s ]
[2023-02-18T23:09:07+08:00][sql] SELECT `id`,`parent_id` FROM `tp_cate` [ RunTime:0.000360s ]
[2023-02-18T23:09:07+08:00][sql] SELECT * FROM `tp_team` WHERE  (  status = 1  )  AND `cate_id` = 12 ORDER BY `sort` ASC,`id` DESC LIMIT 6 [ RunTime:0.000493s ]
[2023-02-18T23:09:07+08:00][sql] SELECT * FROM `tp_cate` WHERE  `id` = 12 [ RunTime:0.000420s ]
[2023-02-18T23:09:07+08:00][sql] SELECT * FROM `tp_cate` WHERE  `id` = 12 [ RunTime:0.000381s ]
[2023-02-18T23:09:07+08:00][sql] SELECT * FROM `tp_module` WHERE  `id` = 24 [ RunTime:0.000383s ]
[2023-02-18T23:09:07+08:00][sql] SELECT * FROM `tp_field` WHERE  `module_id` = 24 [ RunTime:0.001244s ]
[2023-02-18T23:09:07+08:00][sql] SELECT * FROM `tp_module` WHERE  `id` = 24 [ RunTime:0.000427s ]
[2023-02-18T23:09:07+08:00][sql] SELECT * FROM `tp_dictionary_type` WHERE  `id` IN (0,1,10,4) [ RunTime:0.000421s ]
[2023-02-18T23:09:07+08:00][sql] SELECT `dict_value`,`dict_label` FROM `tp_dictionary` WHERE  `dict_type` = '1' ORDER BY `sort` ASC,`id` DESC [ RunTime:0.000425s ]
[2023-02-18T23:09:07+08:00][sql] SELECT * FROM `tp_module` WHERE  `model_name` = 'Cate' LIMIT 1 [ RunTime:0.000517s ]
[2023-02-18T23:09:07+08:00][sql] SELECT * FROM `tp_field` WHERE  `module_id` = 20  AND `field` = 'sort' LIMIT 1 [ RunTime:0.001038s ]
[2023-02-18T23:09:07+08:00][sql] SELECT * FROM `tp_module` WHERE  `model_name` = 'Cate' LIMIT 1 [ RunTime:0.000905s ]
[2023-02-18T23:09:07+08:00][sql] SELECT `id` FROM `tp_module` WHERE  `model_name` = 'Cate' LIMIT 1 [ RunTime:0.000877s ]
[2023-02-18T23:09:07+08:00][sql] SELECT `field` FROM `tp_field` WHERE  ( field = 'pid' OR field = 'parent_id'  )  AND `module_id` = 20 LIMIT 1 [ RunTime:0.000810s ]
[2023-02-18T23:09:07+08:00][sql] SELECT `id`,`cate_name`,`parent_id` FROM `tp_cate` ORDER BY `sort` ASC,`id` DESC [ RunTime:0.000631s ]
[2023-02-18T23:09:07+08:00][sql] SELECT `id` FROM `tp_cate` WHERE  `module_id` = 24 [ RunTime:0.000532s ]
[2023-02-18T23:09:07+08:00][sql] SELECT `dict_value`,`dict_label` FROM `tp_dictionary` WHERE  `dict_type` = '10' ORDER BY `sort` ASC,`id` DESC [ RunTime:0.000430s ]
[2023-02-18T23:09:07+08:00][sql] SELECT `dict_value`,`dict_label` FROM `tp_dictionary` WHERE  `dict_type` = '4' ORDER BY `sort` ASC,`id` DESC [ RunTime:0.000399s ]
[2023-02-18T23:09:07+08:00][sql] SELECT * FROM `tp_module` WHERE  `model_name` = 'UsersType' LIMIT 1 [ RunTime:0.000396s ]
[2023-02-18T23:09:07+08:00][sql] SELECT * FROM `tp_field` WHERE  `module_id` = 6  AND `field` = 'sort' LIMIT 1 [ RunTime:0.000504s ]
[2023-02-18T23:09:07+08:00][sql] SELECT * FROM `tp_module` WHERE  `model_name` = 'UsersType' LIMIT 1 [ RunTime:0.000437s ]
[2023-02-18T23:09:07+08:00][sql] SELECT `id` FROM `tp_module` WHERE  `model_name` = 'UsersType' LIMIT 1 [ RunTime:0.000357s ]
[2023-02-18T23:09:07+08:00][sql] SELECT `field` FROM `tp_field` WHERE  ( field = 'pid' OR field = 'parent_id'  )  AND `module_id` = 6 LIMIT 1 [ RunTime:0.000546s ]
[2023-02-18T23:09:07+08:00][sql] SELECT `id`,`name` FROM `tp_users_type` ORDER BY `sort` ASC,`id` DESC [ RunTime:0.000319s ]
[2023-02-18T23:09:07+08:00][sql] SELECT * FROM `tp_field` WHERE  `module_id` = 24 [ RunTime:0.001139s ]
[2023-02-18T23:09:07+08:00][sql] SELECT * FROM `tp_module` WHERE  `id` = 24 [ RunTime:0.000402s ]
[2023-02-18T23:09:07+08:00][sql] SELECT * FROM `tp_dictionary_type` WHERE  `id` IN (0,1,10,4) [ RunTime:0.000394s ]
[2023-02-18T23:09:07+08:00][sql] SELECT * FROM `tp_field` WHERE  `module_id` = 24 [ RunTime:0.002350s ]
[2023-02-18T23:09:07+08:00][sql] SELECT * FROM `tp_module` WHERE  `id` = 24 [ RunTime:0.000641s ]
[2023-02-18T23:09:07+08:00][sql] SELECT * FROM `tp_dictionary_type` WHERE  `id` IN (0,1,10,4) [ RunTime:0.000678s ]
[2023-02-18T23:09:07+08:00][sql] SELECT * FROM `tp_field` WHERE  `module_id` = 24 [ RunTime:0.001770s ]
[2023-02-18T23:09:07+08:00][sql] SELECT * FROM `tp_module` WHERE  `id` = 24 [ RunTime:0.000468s ]
[2023-02-18T23:09:07+08:00][sql] SELECT * FROM `tp_dictionary_type` WHERE  `id` IN (0,1,10,4) [ RunTime:0.000427s ]
[2023-02-18T23:09:07+08:00][sql] SELECT * FROM `tp_field` WHERE  `module_id` = 24 [ RunTime:0.001720s ]
[2023-02-18T23:09:07+08:00][sql] SELECT * FROM `tp_module` WHERE  `id` = 24 [ RunTime:0.000629s ]
[2023-02-18T23:09:07+08:00][sql] SELECT * FROM `tp_dictionary_type` WHERE  `id` IN (0,1,10,4) [ RunTime:0.000867s ]
[2023-02-18T23:09:07+08:00][sql] SELECT * FROM `tp_field` WHERE  `module_id` = 24 [ RunTime:0.001539s ]
[2023-02-18T23:09:07+08:00][sql] SELECT * FROM `tp_module` WHERE  `id` = 24 [ RunTime:0.000487s ]
[2023-02-18T23:09:07+08:00][sql] SELECT * FROM `tp_dictionary_type` WHERE  `id` IN (0,1,10,4) [ RunTime:0.000455s ]
[2023-02-18T23:09:07+08:00][sql] SELECT * FROM `tp_field` WHERE  `module_id` = 24 [ RunTime:0.001849s ]
[2023-02-18T23:09:07+08:00][sql] SELECT * FROM `tp_module` WHERE  `id` = 24 [ RunTime:0.000609s ]
[2023-02-18T23:09:07+08:00][sql] SELECT * FROM `tp_dictionary_type` WHERE  `id` IN (0,1,10,4) [ RunTime:0.000620s ]
[2023-02-18T23:09:07+08:00][sql] SELECT * FROM `tp_cate` WHERE  `id` = 11 LIMIT 1 [ RunTime:0.000984s ]
[2023-02-18T23:09:07+08:00][sql] SELECT * FROM `tp_module` WHERE  `id` = 23 [ RunTime:0.000494s ]
[2023-02-18T23:09:07+08:00][sql] SELECT * FROM `tp_cate` WHERE  `id` = 11 LIMIT 1 [ RunTime:0.000431s ]
[2023-02-18T23:09:07+08:00][sql] SELECT * FROM `tp_module` WHERE  `id` = 23 [ RunTime:0.000375s ]
[2023-02-18T23:09:07+08:00][sql] SELECT * FROM `tp_cate` WHERE  `id` = 11 LIMIT 1 [ RunTime:0.000405s ]
[2023-02-18T23:09:07+08:00][sql] SELECT * FROM `tp_module` WHERE  `id` = 23 [ RunTime:0.000373s ]
[2023-02-18T23:09:07+08:00][sql] SELECT `id`,`parent_id` FROM `tp_cate` [ RunTime:0.000335s ]
[2023-02-18T23:09:07+08:00][sql] SHOW FULL COLUMNS FROM `tp_download` [ RunTime:0.007225s ]
[2023-02-18T23:09:07+08:00][sql] SELECT * FROM `tp_download` WHERE  (  status = 1  )  AND `cate_id` = 11 ORDER BY `sort` ASC,`id` DESC LIMIT 3 [ RunTime:0.000986s ]
[2023-02-18T23:09:07+08:00][sql] SELECT * FROM `tp_cate` WHERE  `id` = 11 [ RunTime:0.000733s ]
[2023-02-18T23:09:07+08:00][sql] SELECT * FROM `tp_cate` WHERE  `id` = 11 [ RunTime:0.000752s ]
[2023-02-18T23:09:07+08:00][sql] SELECT * FROM `tp_module` WHERE  `id` = 23 [ RunTime:0.000492s ]
[2023-02-18T23:09:07+08:00][sql] SELECT * FROM `tp_field` WHERE  `module_id` = 23 [ RunTime:0.001088s ]
[2023-02-18T23:09:07+08:00][sql] SELECT * FROM `tp_module` WHERE  `id` = 23 [ RunTime:0.000409s ]
[2023-02-18T23:09:07+08:00][sql] SELECT * FROM `tp_dictionary_type` WHERE  `id` IN (0,1) [ RunTime:0.000442s ]
[2023-02-18T23:09:07+08:00][sql] SELECT `dict_value`,`dict_label` FROM `tp_dictionary` WHERE  `dict_type` = '1' ORDER BY `sort` ASC,`id` DESC [ RunTime:0.000500s ]
[2023-02-18T23:09:07+08:00][sql] SELECT * FROM `tp_module` WHERE  `model_name` = 'Cate' LIMIT 1 [ RunTime:0.000514s ]
[2023-02-18T23:09:07+08:00][sql] SELECT * FROM `tp_field` WHERE  `module_id` = 20  AND `field` = 'sort' LIMIT 1 [ RunTime:0.001020s ]
[2023-02-18T23:09:07+08:00][sql] SELECT * FROM `tp_module` WHERE  `model_name` = 'Cate' LIMIT 1 [ RunTime:0.000532s ]
[2023-02-18T23:09:07+08:00][sql] SELECT `id` FROM `tp_module` WHERE  `model_name` = 'Cate' LIMIT 1 [ RunTime:0.000906s ]
[2023-02-18T23:09:07+08:00][sql] SELECT `field` FROM `tp_field` WHERE  ( field = 'pid' OR field = 'parent_id'  )  AND `module_id` = 20 LIMIT 1 [ RunTime:0.000653s ]
[2023-02-18T23:09:07+08:00][sql] SELECT `id`,`cate_name`,`parent_id` FROM `tp_cate` ORDER BY `sort` ASC,`id` DESC [ RunTime:0.000449s ]
[2023-02-18T23:09:07+08:00][sql] SELECT `id` FROM `tp_cate` WHERE  `module_id` = 23 [ RunTime:0.000895s ]
[2023-02-18T23:09:07+08:00][sql] SELECT * FROM `tp_module` WHERE  `model_name` = 'UsersType' LIMIT 1 [ RunTime:0.000866s ]
[2023-02-18T23:09:07+08:00][sql] SELECT * FROM `tp_field` WHERE  `module_id` = 6  AND `field` = 'sort' LIMIT 1 [ RunTime:0.000796s ]
[2023-02-18T23:09:07+08:00][sql] SELECT * FROM `tp_module` WHERE  `model_name` = 'UsersType' LIMIT 1 [ RunTime:0.000756s ]
[2023-02-18T23:09:07+08:00][sql] SELECT `id` FROM `tp_module` WHERE  `model_name` = 'UsersType' LIMIT 1 [ RunTime:0.000562s ]
[2023-02-18T23:09:07+08:00][sql] SELECT `field` FROM `tp_field` WHERE  ( field = 'pid' OR field = 'parent_id'  )  AND `module_id` = 6 LIMIT 1 [ RunTime:0.000537s ]
[2023-02-18T23:09:07+08:00][sql] SELECT `id`,`name` FROM `tp_users_type` ORDER BY `sort` ASC,`id` DESC [ RunTime:0.000329s ]
[2023-02-18T23:09:07+08:00][sql] SELECT * FROM `tp_field` WHERE  `module_id` = 23 [ RunTime:0.001087s ]
[2023-02-18T23:09:07+08:00][sql] SELECT * FROM `tp_module` WHERE  `id` = 23 [ RunTime:0.000416s ]
[2023-02-18T23:09:07+08:00][sql] SELECT * FROM `tp_dictionary_type` WHERE  `id` IN (0,1) [ RunTime:0.000587s ]
[2023-02-18T23:09:07+08:00][sql] SELECT * FROM `tp_field` WHERE  `module_id` = 23 [ RunTime:0.001795s ]
[2023-02-18T23:09:07+08:00][sql] SELECT * FROM `tp_module` WHERE  `id` = 23 [ RunTime:0.000473s ]
[2023-02-18T23:09:07+08:00][sql] SELECT * FROM `tp_dictionary_type` WHERE  `id` IN (0,1) [ RunTime:0.000468s ]
[2023-02-18T23:09:07+08:00][sql] SELECT * FROM `tp_field` WHERE  `module_id` = 23 [ RunTime:0.001526s ]
[2023-02-18T23:09:07+08:00][sql] SELECT * FROM `tp_module` WHERE  `id` = 23 [ RunTime:0.000715s ]
[2023-02-18T23:09:07+08:00][sql] SELECT * FROM `tp_dictionary_type` WHERE  `id` IN (0,1) [ RunTime:0.000429s ]
[2023-02-18T23:09:07+08:00][sql] SELECT * FROM `tp_cate` WHERE  `id` = 17 LIMIT 1 [ RunTime:0.000517s ]
[2023-02-18T23:09:07+08:00][sql] SHOW FULL COLUMNS FROM `tp_link` [ RunTime:0.008499s ]
[2023-02-18T23:09:07+08:00][sql] SELECT * FROM `tp_link` WHERE  `status` = 1 ORDER BY `sort` ASC,`id` DESC [ RunTime:0.000700s ]
