[2023-02-19T23:46:49+08:00][sql] CONNECT:[ UseTime:0.001100s ] mysql:host=127.0.0.1;port=3306;dbname=ztx;charset=utf8mb4
[2023-02-19T23:46:49+08:00][sql] SHOW FULL COLUMNS FROM `tp_system` [ RunTime:0.011597s ]
[2023-02-19T23:46:49+08:00][sql] SELECT * FROM `tp_system` WHERE  `id` = 1 LIMIT 1 [ RunTime:0.001123s ]
[2023-02-19T23:46:49+08:00][sql] SHOW FULL COLUMNS FROM `tp_cate` [ RunTime:0.008042s ]
[2023-02-19T23:46:49+08:00][sql] SELECT `id`,`cate_name`,`cate_folder`,`module_id` FROM `tp_cate` ORDER BY `sort` ASC,`id` ASC [ RunTime:0.001408s ]
[2023-02-19T23:46:49+08:00][sql] SHOW FULL COLUMNS FROM `tp_module` [ RunTime:0.008471s ]
[2023-02-19T23:46:49+08:00][sql] SELECT * FROM `tp_module` WHERE  `id` = 18 LIMIT 1 [ RunTime:0.001886s ]
[2023-02-19T23:46:49+08:00][sql] SELECT * FROM `tp_module` WHERE  `id` = 19 LIMIT 1 [ RunTime:0.000849s ]
[2023-02-19T23:46:49+08:00][sql] SELECT * FROM `tp_module` WHERE  `id` = 21 LIMIT 1 [ RunTime:0.000484s ]
[2023-02-19T23:46:49+08:00][sql] SELECT * FROM `tp_module` WHERE  `id` = 22 LIMIT 1 [ RunTime:0.000753s ]
[2023-02-19T23:46:49+08:00][sql] SELECT * FROM `tp_module` WHERE  `id` = 23 LIMIT 1 [ RunTime:0.000599s ]
[2023-02-19T23:46:49+08:00][sql] SELECT * FROM `tp_module` WHERE  `id` = 24 LIMIT 1 [ RunTime:0.000695s ]
[2023-02-19T23:46:49+08:00][sql] SELECT * FROM `tp_module` WHERE  `id` = 25 LIMIT 1 [ RunTime:0.000536s ]
[2023-02-19T23:46:49+08:00][sql] SELECT * FROM `tp_module` WHERE  `id` = 18 LIMIT 1 [ RunTime:0.000470s ]
[2023-02-19T23:46:49+08:00][sql] SELECT * FROM `tp_module` WHERE  `id` = 18 LIMIT 1 [ RunTime:0.000449s ]
[2023-02-19T23:46:49+08:00][sql] SELECT * FROM `tp_module` WHERE  `id` = 19 LIMIT 1 [ RunTime:0.000461s ]
[2023-02-19T23:46:49+08:00][sql] SELECT * FROM `tp_system` WHERE  `id` = 1 LIMIT 1 [ RunTime:0.000930s ]
[2023-02-19T23:46:49+08:00][sql] SELECT * FROM `tp_cate` WHERE  `is_menu` = 1 ORDER BY `sort` ASC,`id` DESC [ RunTime:0.001162s ]
[2023-02-19T23:46:49+08:00][sql] SELECT * FROM `tp_module` WHERE  `id` IN (18,19,21,22,23,24,25) [ RunTime:0.000682s ]
[2023-02-19T23:46:49+08:00][sql] SELECT * FROM `tp_cate` WHERE  `is_menu` = 1 ORDER BY `sort` ASC,`id` DESC [ RunTime:0.000888s ]
[2023-02-19T23:46:49+08:00][sql] SELECT * FROM `tp_module` WHERE  `id` IN (18,19,21,22,23,24,25) [ RunTime:0.000712s ]
[2023-02-19T23:46:49+08:00][sql] SHOW FULL COLUMNS FROM `tp_ad` [ RunTime:0.009531s ]
[2023-02-19T23:46:49+08:00][sql] SELECT * FROM `tp_ad` WHERE  `status` = 1  AND `type_id` = 1 ORDER BY `sort` ASC,`id` DESC [ RunTime:0.001164s ]
[2023-02-19T23:46:49+08:00][sql] SELECT * FROM `tp_ad` WHERE  `status` = 1  AND `type_id` = 1 ORDER BY `sort` ASC,`id` DESC [ RunTime:0.001171s ]
[2023-02-19T23:46:49+08:00][sql] SHOW FULL COLUMNS FROM `tp_debris` [ RunTime:0.006934s ]
[2023-02-19T23:46:49+08:00][sql] SELECT `content` FROM `tp_debris` WHERE  `name` = 'AboutUs'  AND `status` = 1 LIMIT 1 [ RunTime:0.001585s ]
[2023-02-19T23:46:49+08:00][sql] SELECT * FROM `tp_cate` WHERE  `id` = 6 LIMIT 1 [ RunTime:0.001135s ]
[2023-02-19T23:46:49+08:00][sql] SELECT * FROM `tp_module` WHERE  `id` = 19 [ RunTime:0.000687s ]
[2023-02-19T23:46:49+08:00][sql] SELECT * FROM `tp_cate` WHERE  `id` = 8 LIMIT 1 [ RunTime:0.000528s ]
[2023-02-19T23:46:49+08:00][sql] SELECT * FROM `tp_module` WHERE  `id` = 22 [ RunTime:0.000524s ]
[2023-02-19T23:46:49+08:00][sql] SELECT * FROM `tp_cate` WHERE  `id` = 8 LIMIT 1 [ RunTime:0.000755s ]
[2023-02-19T23:46:49+08:00][sql] SELECT * FROM `tp_module` WHERE  `id` = 22 [ RunTime:0.000475s ]
[2023-02-19T23:46:49+08:00][sql] SELECT * FROM `tp_cate` WHERE  `id` = 8 LIMIT 1 [ RunTime:0.000469s ]
[2023-02-19T23:46:49+08:00][sql] SELECT * FROM `tp_module` WHERE  `id` = 22 [ RunTime:0.000430s ]
[2023-02-19T23:46:49+08:00][sql] SELECT `id`,`parent_id` FROM `tp_cate` [ RunTime:0.000401s ]
[2023-02-19T23:46:49+08:00][sql] SHOW FULL COLUMNS FROM `tp_product` [ RunTime:0.010081s ]
[2023-02-19T23:46:49+08:00][sql] SELECT * FROM `tp_product` WHERE  (  status = 1  )  AND `cate_id` IN (8,9,10) ORDER BY `sort` ASC,`id` DESC LIMIT 4 [ RunTime:0.001346s ]
[2023-02-19T23:46:49+08:00][sql] SELECT * FROM `tp_cate` WHERE  `id` = 9 [ RunTime:0.000587s ]
[2023-02-19T23:46:49+08:00][sql] SELECT * FROM `tp_cate` WHERE  `id` = 9 [ RunTime:0.000487s ]
[2023-02-19T23:46:49+08:00][sql] SELECT * FROM `tp_module` WHERE  `id` = 22 [ RunTime:0.000503s ]
[2023-02-19T23:46:49+08:00][sql] SHOW FULL COLUMNS FROM `tp_field` [ RunTime:0.008462s ]
[2023-02-19T23:46:49+08:00][sql] SELECT * FROM `tp_field` WHERE  `module_id` = 22 [ RunTime:0.003693s ]
[2023-02-19T23:46:49+08:00][sql] SELECT * FROM `tp_module` WHERE  `id` = 22 [ RunTime:0.000650s ]
[2023-02-19T23:46:49+08:00][sql] SHOW FULL COLUMNS FROM `tp_dictionary_type` [ RunTime:0.008277s ]
[2023-02-19T23:46:49+08:00][sql] SELECT * FROM `tp_dictionary_type` WHERE  `id` IN (0,1) [ RunTime:0.000863s ]
[2023-02-19T23:46:49+08:00][sql] SHOW FULL COLUMNS FROM `tp_dictionary` [ RunTime:0.008319s ]
[2023-02-19T23:46:49+08:00][sql] SELECT `dict_value`,`dict_label` FROM `tp_dictionary` WHERE  `dict_type` = '1' ORDER BY `sort` ASC,`id` DESC [ RunTime:0.000877s ]
[2023-02-19T23:46:49+08:00][sql] SELECT * FROM `tp_module` WHERE  `model_name` = 'Cate' LIMIT 1 [ RunTime:0.000827s ]
[2023-02-19T23:46:49+08:00][sql] SELECT * FROM `tp_field` WHERE  `module_id` = 20  AND `field` = 'sort' LIMIT 1 [ RunTime:0.001123s ]
[2023-02-19T23:46:49+08:00][sql] SELECT * FROM `tp_module` WHERE  `model_name` = 'Cate' LIMIT 1 [ RunTime:0.000692s ]
[2023-02-19T23:46:49+08:00][sql] SELECT `id` FROM `tp_module` WHERE  `model_name` = 'Cate' LIMIT 1 [ RunTime:0.000432s ]
[2023-02-19T23:46:49+08:00][sql] SELECT `field` FROM `tp_field` WHERE  ( field = 'pid' OR field = 'parent_id'  )  AND `module_id` = 20 LIMIT 1 [ RunTime:0.000482s ]
[2023-02-19T23:46:49+08:00][sql] SELECT `id`,`cate_name`,`parent_id` FROM `tp_cate` ORDER BY `sort` ASC,`id` DESC [ RunTime:0.000420s ]
[2023-02-19T23:46:49+08:00][sql] SELECT `id` FROM `tp_cate` WHERE  `module_id` = 22 [ RunTime:0.000397s ]
[2023-02-19T23:46:49+08:00][sql] SELECT * FROM `tp_module` WHERE  `model_name` = 'UsersType' LIMIT 1 [ RunTime:0.000477s ]
[2023-02-19T23:46:49+08:00][sql] SELECT * FROM `tp_field` WHERE  `module_id` = 6  AND `field` = 'sort' LIMIT 1 [ RunTime:0.000614s ]
[2023-02-19T23:46:49+08:00][sql] SELECT * FROM `tp_module` WHERE  `model_name` = 'UsersType' LIMIT 1 [ RunTime:0.000487s ]
[2023-02-19T23:46:49+08:00][sql] SELECT `id` FROM `tp_module` WHERE  `model_name` = 'UsersType' LIMIT 1 [ RunTime:0.000387s ]
[2023-02-19T23:46:49+08:00][sql] SELECT `field` FROM `tp_field` WHERE  ( field = 'pid' OR field = 'parent_id'  )  AND `module_id` = 6 LIMIT 1 [ RunTime:0.000560s ]
[2023-02-19T23:46:49+08:00][sql] SHOW FULL COLUMNS FROM `tp_users_type` [ RunTime:0.008945s ]
[2023-02-19T23:46:49+08:00][sql] SELECT `id`,`name` FROM `tp_users_type` ORDER BY `sort` ASC,`id` DESC [ RunTime:0.000621s ]
[2023-02-19T23:46:49+08:00][sql] SELECT * FROM `tp_field` WHERE  `module_id` = 22 [ RunTime:0.001672s ]
[2023-02-19T23:46:49+08:00][sql] SELECT * FROM `tp_module` WHERE  `id` = 22 [ RunTime:0.000563s ]
[2023-02-19T23:46:49+08:00][sql] SELECT * FROM `tp_dictionary_type` WHERE  `id` IN (0,1) [ RunTime:0.000592s ]
[2023-02-19T23:46:49+08:00][sql] SELECT * FROM `tp_field` WHERE  `module_id` = 22 [ RunTime:0.001766s ]
[2023-02-19T23:46:49+08:00][sql] SELECT * FROM `tp_module` WHERE  `id` = 22 [ RunTime:0.000607s ]
[2023-02-19T23:46:49+08:00][sql] SELECT * FROM `tp_dictionary_type` WHERE  `id` IN (0,1) [ RunTime:0.000885s ]
[2023-02-19T23:46:49+08:00][sql] SELECT * FROM `tp_field` WHERE  `module_id` = 22 [ RunTime:0.001930s ]
[2023-02-19T23:46:49+08:00][sql] SELECT * FROM `tp_module` WHERE  `id` = 22 [ RunTime:0.000586s ]
[2023-02-19T23:46:49+08:00][sql] SELECT * FROM `tp_dictionary_type` WHERE  `id` IN (0,1) [ RunTime:0.000624s ]
[2023-02-19T23:46:49+08:00][sql] SELECT * FROM `tp_field` WHERE  `module_id` = 22 [ RunTime:0.002004s ]
[2023-02-19T23:46:49+08:00][sql] SELECT * FROM `tp_module` WHERE  `id` = 22 [ RunTime:0.000697s ]
[2023-02-19T23:46:49+08:00][sql] SELECT * FROM `tp_dictionary_type` WHERE  `id` IN (0,1) [ RunTime:0.000491s ]
[2023-02-19T23:46:49+08:00][sql] SELECT * FROM `tp_cate` WHERE  `id` = 4 LIMIT 1 [ RunTime:0.000889s ]
[2023-02-19T23:46:49+08:00][sql] SELECT * FROM `tp_module` WHERE  `id` = 19 [ RunTime:0.000562s ]
[2023-02-19T23:46:49+08:00][sql] SELECT * FROM `tp_cate` WHERE  `id` = 4 LIMIT 1 [ RunTime:0.000534s ]
[2023-02-19T23:46:49+08:00][sql] SELECT * FROM `tp_module` WHERE  `id` = 19 [ RunTime:0.000444s ]
[2023-02-19T23:46:49+08:00][sql] SELECT * FROM `tp_cate` WHERE  `id` = 4 LIMIT 1 [ RunTime:0.000555s ]
[2023-02-19T23:46:49+08:00][sql] SELECT * FROM `tp_module` WHERE  `id` = 19 [ RunTime:0.000500s ]
[2023-02-19T23:46:49+08:00][sql] SELECT `id`,`parent_id` FROM `tp_cate` [ RunTime:0.000443s ]
[2023-02-19T23:46:49+08:00][sql] SHOW FULL COLUMNS FROM `tp_article` [ RunTime:0.007705s ]
[2023-02-19T23:46:49+08:00][sql] SELECT * FROM `tp_article` WHERE  ( image <>'' AND status = 1  )  AND `cate_id` IN (4,5,6) ORDER BY `sort` ASC,`id` DESC LIMIT 4 [ RunTime:0.001000s ]
[2023-02-19T23:46:49+08:00][sql] SELECT * FROM `tp_cate` WHERE  `id` = 5 [ RunTime:0.000545s ]
[2023-02-19T23:46:49+08:00][sql] SELECT * FROM `tp_cate` WHERE  `id` = 5 [ RunTime:0.000524s ]
[2023-02-19T23:46:49+08:00][sql] SELECT * FROM `tp_module` WHERE  `id` = 19 [ RunTime:0.000511s ]
[2023-02-19T23:46:49+08:00][sql] SELECT * FROM `tp_field` WHERE  `module_id` = 19 [ RunTime:0.001359s ]
[2023-02-19T23:46:49+08:00][sql] SELECT * FROM `tp_module` WHERE  `id` = 19 [ RunTime:0.000577s ]
[2023-02-19T23:46:49+08:00][sql] SELECT * FROM `tp_dictionary_type` WHERE  `id` IN (0,1) [ RunTime:0.000811s ]
[2023-02-19T23:46:49+08:00][sql] SELECT `dict_value`,`dict_label` FROM `tp_dictionary` WHERE  `dict_type` = '1' ORDER BY `sort` ASC,`id` DESC [ RunTime:0.000700s ]
[2023-02-19T23:46:49+08:00][sql] SELECT * FROM `tp_module` WHERE  `model_name` = 'Cate' LIMIT 1 [ RunTime:0.000599s ]
[2023-02-19T23:46:49+08:00][sql] SELECT * FROM `tp_field` WHERE  `module_id` = 20  AND `field` = 'sort' LIMIT 1 [ RunTime:0.000839s ]
[2023-02-19T23:46:49+08:00][sql] SELECT * FROM `tp_module` WHERE  `model_name` = 'Cate' LIMIT 1 [ RunTime:0.000523s ]
[2023-02-19T23:46:49+08:00][sql] SELECT `id` FROM `tp_module` WHERE  `model_name` = 'Cate' LIMIT 1 [ RunTime:0.000384s ]
[2023-02-19T23:46:49+08:00][sql] SELECT `field` FROM `tp_field` WHERE  ( field = 'pid' OR field = 'parent_id'  )  AND `module_id` = 20 LIMIT 1 [ RunTime:0.000509s ]
[2023-02-19T23:46:49+08:00][sql] SELECT `id`,`cate_name`,`parent_id` FROM `tp_cate` ORDER BY `sort` ASC,`id` DESC [ RunTime:0.000458s ]
[2023-02-19T23:46:49+08:00][sql] SELECT `id` FROM `tp_cate` WHERE  `module_id` = 19 [ RunTime:0.000464s ]
[2023-02-19T23:46:49+08:00][sql] SELECT * FROM `tp_module` WHERE  `model_name` = 'UsersType' LIMIT 1 [ RunTime:0.000449s ]
[2023-02-19T23:46:49+08:00][sql] SELECT * FROM `tp_field` WHERE  `module_id` = 6  AND `field` = 'sort' LIMIT 1 [ RunTime:0.000552s ]
[2023-02-19T23:46:49+08:00][sql] SELECT * FROM `tp_module` WHERE  `model_name` = 'UsersType' LIMIT 1 [ RunTime:0.000443s ]
[2023-02-19T23:46:49+08:00][sql] SELECT `id` FROM `tp_module` WHERE  `model_name` = 'UsersType' LIMIT 1 [ RunTime:0.000381s ]
[2023-02-19T23:46:49+08:00][sql] SELECT `field` FROM `tp_field` WHERE  ( field = 'pid' OR field = 'parent_id'  )  AND `module_id` = 6 LIMIT 1 [ RunTime:0.000570s ]
[2023-02-19T23:46:49+08:00][sql] SELECT `id`,`name` FROM `tp_users_type` ORDER BY `sort` ASC,`id` DESC [ RunTime:0.000371s ]
[2023-02-19T23:46:49+08:00][sql] SELECT * FROM `tp_field` WHERE  `module_id` = 19 [ RunTime:0.001503s ]
[2023-02-19T23:46:49+08:00][sql] SELECT * FROM `tp_module` WHERE  `id` = 19 [ RunTime:0.001196s ]
[2023-02-19T23:46:49+08:00][sql] SELECT * FROM `tp_dictionary_type` WHERE  `id` IN (0,1) [ RunTime:0.000755s ]
[2023-02-19T23:46:49+08:00][sql] SELECT * FROM `tp_field` WHERE  `module_id` = 19 [ RunTime:0.001607s ]
[2023-02-19T23:46:49+08:00][sql] SELECT * FROM `tp_module` WHERE  `id` = 19 [ RunTime:0.000539s ]
[2023-02-19T23:46:49+08:00][sql] SELECT * FROM `tp_dictionary_type` WHERE  `id` IN (0,1) [ RunTime:0.000658s ]
[2023-02-19T23:46:49+08:00][sql] SELECT * FROM `tp_field` WHERE  `module_id` = 19 [ RunTime:0.001527s ]
[2023-02-19T23:46:49+08:00][sql] SELECT * FROM `tp_module` WHERE  `id` = 19 [ RunTime:0.001031s ]
[2023-02-19T23:46:49+08:00][sql] SELECT * FROM `tp_dictionary_type` WHERE  `id` IN (0,1) [ RunTime:0.000580s ]
[2023-02-19T23:46:49+08:00][sql] SELECT * FROM `tp_field` WHERE  `module_id` = 19 [ RunTime:0.001474s ]
[2023-02-19T23:46:49+08:00][sql] SELECT * FROM `tp_module` WHERE  `id` = 19 [ RunTime:0.000534s ]
[2023-02-19T23:46:49+08:00][sql] SELECT * FROM `tp_dictionary_type` WHERE  `id` IN (0,1) [ RunTime:0.000507s ]
[2023-02-19T23:46:49+08:00][sql] SELECT * FROM `tp_cate` WHERE  `id` = 7 LIMIT 1 [ RunTime:0.000699s ]
[2023-02-19T23:46:49+08:00][sql] SELECT * FROM `tp_module` WHERE  `id` = 21 [ RunTime:0.000501s ]
[2023-02-19T23:46:49+08:00][sql] SELECT * FROM `tp_cate` WHERE  `id` = 7 LIMIT 1 [ RunTime:0.000541s ]
[2023-02-19T23:46:49+08:00][sql] SELECT * FROM `tp_module` WHERE  `id` = 21 [ RunTime:0.000486s ]
[2023-02-19T23:46:49+08:00][sql] SELECT * FROM `tp_cate` WHERE  `id` = 7 LIMIT 1 [ RunTime:0.000534s ]
[2023-02-19T23:46:49+08:00][sql] SELECT * FROM `tp_module` WHERE  `id` = 21 [ RunTime:0.000888s ]
[2023-02-19T23:46:49+08:00][sql] SELECT `id`,`parent_id` FROM `tp_cate` [ RunTime:0.000697s ]
[2023-02-19T23:46:49+08:00][sql] SHOW FULL COLUMNS FROM `tp_picture` [ RunTime:0.010465s ]
[2023-02-19T23:46:49+08:00][sql] SELECT * FROM `tp_picture` WHERE  (  status = 1  )  AND `cate_id` = 7 ORDER BY `sort` ASC,`id` DESC LIMIT 3 [ RunTime:0.000976s ]
[2023-02-19T23:46:49+08:00][sql] SELECT * FROM `tp_cate` WHERE  `id` = 7 [ RunTime:0.000880s ]
[2023-02-19T23:46:49+08:00][sql] SELECT * FROM `tp_cate` WHERE  `id` = 7 [ RunTime:0.000917s ]
[2023-02-19T23:46:49+08:00][sql] SELECT * FROM `tp_module` WHERE  `id` = 21 [ RunTime:0.000540s ]
[2023-02-19T23:46:49+08:00][sql] SELECT * FROM `tp_field` WHERE  `module_id` = 21 [ RunTime:0.001430s ]
[2023-02-19T23:46:49+08:00][sql] SELECT * FROM `tp_module` WHERE  `id` = 21 [ RunTime:0.000556s ]
[2023-02-19T23:46:49+08:00][sql] SELECT * FROM `tp_dictionary_type` WHERE  `id` IN (0,1) [ RunTime:0.000502s ]
[2023-02-19T23:46:49+08:00][sql] SELECT `dict_value`,`dict_label` FROM `tp_dictionary` WHERE  `dict_type` = '1' ORDER BY `sort` ASC,`id` DESC [ RunTime:0.000671s ]
[2023-02-19T23:46:49+08:00][sql] SELECT * FROM `tp_module` WHERE  `model_name` = 'Cate' LIMIT 1 [ RunTime:0.000585s ]
[2023-02-19T23:46:49+08:00][sql] SELECT * FROM `tp_field` WHERE  `module_id` = 20  AND `field` = 'sort' LIMIT 1 [ RunTime:0.001034s ]
[2023-02-19T23:46:49+08:00][sql] SELECT * FROM `tp_module` WHERE  `model_name` = 'Cate' LIMIT 1 [ RunTime:0.000788s ]
[2023-02-19T23:46:49+08:00][sql] SELECT `id` FROM `tp_module` WHERE  `model_name` = 'Cate' LIMIT 1 [ RunTime:0.000458s ]
[2023-02-19T23:46:49+08:00][sql] SELECT `field` FROM `tp_field` WHERE  ( field = 'pid' OR field = 'parent_id'  )  AND `module_id` = 20 LIMIT 1 [ RunTime:0.000599s ]
[2023-02-19T23:46:49+08:00][sql] SELECT `id`,`cate_name`,`parent_id` FROM `tp_cate` ORDER BY `sort` ASC,`id` DESC [ RunTime:0.000467s ]
[2023-02-19T23:46:49+08:00][sql] SELECT `id` FROM `tp_cate` WHERE  `module_id` = 21 [ RunTime:0.000562s ]
[2023-02-19T23:46:49+08:00][sql] SELECT * FROM `tp_module` WHERE  `model_name` = 'UsersType' LIMIT 1 [ RunTime:0.000820s ]
[2023-02-19T23:46:49+08:00][sql] SELECT * FROM `tp_field` WHERE  `module_id` = 6  AND `field` = 'sort' LIMIT 1 [ RunTime:0.001172s ]
[2023-02-19T23:46:49+08:00][sql] SELECT * FROM `tp_module` WHERE  `model_name` = 'UsersType' LIMIT 1 [ RunTime:0.000740s ]
[2023-02-19T23:46:49+08:00][sql] SELECT `id` FROM `tp_module` WHERE  `model_name` = 'UsersType' LIMIT 1 [ RunTime:0.000629s ]
[2023-02-19T23:46:49+08:00][sql] SELECT `field` FROM `tp_field` WHERE  ( field = 'pid' OR field = 'parent_id'  )  AND `module_id` = 6 LIMIT 1 [ RunTime:0.000771s ]
[2023-02-19T23:46:49+08:00][sql] SELECT `id`,`name` FROM `tp_users_type` ORDER BY `sort` ASC,`id` DESC [ RunTime:0.000463s ]
[2023-02-19T23:46:49+08:00][sql] SELECT * FROM `tp_field` WHERE  `module_id` = 21 [ RunTime:0.001490s ]
[2023-02-19T23:46:49+08:00][sql] SELECT * FROM `tp_module` WHERE  `id` = 21 [ RunTime:0.000588s ]
[2023-02-19T23:46:49+08:00][sql] SELECT * FROM `tp_dictionary_type` WHERE  `id` IN (0,1) [ RunTime:0.000592s ]
[2023-02-19T23:46:49+08:00][sql] SELECT * FROM `tp_field` WHERE  `module_id` = 21 [ RunTime:0.002836s ]
[2023-02-19T23:46:49+08:00][sql] SELECT * FROM `tp_module` WHERE  `id` = 21 [ RunTime:0.000708s ]
[2023-02-19T23:46:49+08:00][sql] SELECT * FROM `tp_dictionary_type` WHERE  `id` IN (0,1) [ RunTime:0.000581s ]
[2023-02-19T23:46:49+08:00][sql] SELECT * FROM `tp_field` WHERE  `module_id` = 21 [ RunTime:0.001523s ]
[2023-02-19T23:46:49+08:00][sql] SELECT * FROM `tp_module` WHERE  `id` = 21 [ RunTime:0.000549s ]
[2023-02-19T23:46:49+08:00][sql] SELECT * FROM `tp_dictionary_type` WHERE  `id` IN (0,1) [ RunTime:0.000494s ]
[2023-02-19T23:46:49+08:00][sql] SELECT * FROM `tp_cate` WHERE  `id` = 12 LIMIT 1 [ RunTime:0.000838s ]
[2023-02-19T23:46:49+08:00][sql] SELECT * FROM `tp_module` WHERE  `id` = 24 [ RunTime:0.000612s ]
[2023-02-19T23:46:49+08:00][sql] SELECT `id`,`parent_id` FROM `tp_cate` [ RunTime:0.000421s ]
[2023-02-19T23:46:49+08:00][sql] SHOW FULL COLUMNS FROM `tp_team` [ RunTime:0.008058s ]
[2023-02-19T23:46:49+08:00][sql] SELECT * FROM `tp_team` WHERE  (  status = 1  )  AND `cate_id` = 12 ORDER BY `sort` ASC,`id` DESC LIMIT 6 [ RunTime:0.000843s ]
[2023-02-19T23:46:49+08:00][sql] SELECT * FROM `tp_cate` WHERE  `id` = 12 [ RunTime:0.000573s ]
[2023-02-19T23:46:49+08:00][sql] SELECT * FROM `tp_cate` WHERE  `id` = 12 [ RunTime:0.000550s ]
[2023-02-19T23:46:49+08:00][sql] SELECT * FROM `tp_module` WHERE  `id` = 24 [ RunTime:0.000643s ]
[2023-02-19T23:46:49+08:00][sql] SELECT * FROM `tp_field` WHERE  `module_id` = 24 [ RunTime:0.002120s ]
[2023-02-19T23:46:49+08:00][sql] SELECT * FROM `tp_module` WHERE  `id` = 24 [ RunTime:0.000725s ]
[2023-02-19T23:46:49+08:00][sql] SELECT * FROM `tp_dictionary_type` WHERE  `id` IN (0,1,10,4) [ RunTime:0.000684s ]
[2023-02-19T23:46:49+08:00][sql] SELECT `dict_value`,`dict_label` FROM `tp_dictionary` WHERE  `dict_type` = '1' ORDER BY `sort` ASC,`id` DESC [ RunTime:0.000544s ]
[2023-02-19T23:46:49+08:00][sql] SELECT * FROM `tp_module` WHERE  `model_name` = 'Cate' LIMIT 1 [ RunTime:0.000533s ]
[2023-02-19T23:46:49+08:00][sql] SELECT * FROM `tp_field` WHERE  `module_id` = 20  AND `field` = 'sort' LIMIT 1 [ RunTime:0.001141s ]
[2023-02-19T23:46:49+08:00][sql] SELECT * FROM `tp_module` WHERE  `model_name` = 'Cate' LIMIT 1 [ RunTime:0.000445s ]
[2023-02-19T23:46:49+08:00][sql] SELECT `id` FROM `tp_module` WHERE  `model_name` = 'Cate' LIMIT 1 [ RunTime:0.000354s ]
[2023-02-19T23:46:49+08:00][sql] SELECT `field` FROM `tp_field` WHERE  ( field = 'pid' OR field = 'parent_id'  )  AND `module_id` = 20 LIMIT 1 [ RunTime:0.000485s ]
[2023-02-19T23:46:49+08:00][sql] SELECT `id`,`cate_name`,`parent_id` FROM `tp_cate` ORDER BY `sort` ASC,`id` DESC [ RunTime:0.000372s ]
[2023-02-19T23:46:49+08:00][sql] SELECT `id` FROM `tp_cate` WHERE  `module_id` = 24 [ RunTime:0.000342s ]
[2023-02-19T23:46:49+08:00][sql] SELECT `dict_value`,`dict_label` FROM `tp_dictionary` WHERE  `dict_type` = '10' ORDER BY `sort` ASC,`id` DESC [ RunTime:0.000395s ]
[2023-02-19T23:46:49+08:00][sql] SELECT `dict_value`,`dict_label` FROM `tp_dictionary` WHERE  `dict_type` = '4' ORDER BY `sort` ASC,`id` DESC [ RunTime:0.000390s ]
[2023-02-19T23:46:49+08:00][sql] SELECT * FROM `tp_module` WHERE  `model_name` = 'UsersType' LIMIT 1 [ RunTime:0.000406s ]
[2023-02-19T23:46:49+08:00][sql] SELECT * FROM `tp_field` WHERE  `module_id` = 6  AND `field` = 'sort' LIMIT 1 [ RunTime:0.000685s ]
[2023-02-19T23:46:49+08:00][sql] SELECT * FROM `tp_module` WHERE  `model_name` = 'UsersType' LIMIT 1 [ RunTime:0.000827s ]
[2023-02-19T23:46:49+08:00][sql] SELECT `id` FROM `tp_module` WHERE  `model_name` = 'UsersType' LIMIT 1 [ RunTime:0.000783s ]
[2023-02-19T23:46:49+08:00][sql] SELECT `field` FROM `tp_field` WHERE  ( field = 'pid' OR field = 'parent_id'  )  AND `module_id` = 6 LIMIT 1 [ RunTime:0.000875s ]
[2023-02-19T23:46:49+08:00][sql] SELECT `id`,`name` FROM `tp_users_type` ORDER BY `sort` ASC,`id` DESC [ RunTime:0.000516s ]
[2023-02-19T23:46:49+08:00][sql] SELECT * FROM `tp_field` WHERE  `module_id` = 24 [ RunTime:0.001383s ]
[2023-02-19T23:46:49+08:00][sql] SELECT * FROM `tp_module` WHERE  `id` = 24 [ RunTime:0.000488s ]
[2023-02-19T23:46:49+08:00][sql] SELECT * FROM `tp_dictionary_type` WHERE  `id` IN (0,1,10,4) [ RunTime:0.000481s ]
[2023-02-19T23:46:49+08:00][sql] SELECT * FROM `tp_field` WHERE  `module_id` = 24 [ RunTime:0.001810s ]
[2023-02-19T23:46:49+08:00][sql] SELECT * FROM `tp_module` WHERE  `id` = 24 [ RunTime:0.000521s ]
[2023-02-19T23:46:49+08:00][sql] SELECT * FROM `tp_dictionary_type` WHERE  `id` IN (0,1,10,4) [ RunTime:0.000494s ]
[2023-02-19T23:46:49+08:00][sql] SELECT * FROM `tp_field` WHERE  `module_id` = 24 [ RunTime:0.001985s ]
[2023-02-19T23:46:49+08:00][sql] SELECT * FROM `tp_module` WHERE  `id` = 24 [ RunTime:0.000528s ]
[2023-02-19T23:46:49+08:00][sql] SELECT * FROM `tp_dictionary_type` WHERE  `id` IN (0,1,10,4) [ RunTime:0.000445s ]
[2023-02-19T23:46:49+08:00][sql] SELECT * FROM `tp_field` WHERE  `module_id` = 24 [ RunTime:0.001296s ]
[2023-02-19T23:46:49+08:00][sql] SELECT * FROM `tp_module` WHERE  `id` = 24 [ RunTime:0.000479s ]
[2023-02-19T23:46:49+08:00][sql] SELECT * FROM `tp_dictionary_type` WHERE  `id` IN (0,1,10,4) [ RunTime:0.000485s ]
[2023-02-19T23:46:49+08:00][sql] SELECT * FROM `tp_field` WHERE  `module_id` = 24 [ RunTime:0.001935s ]
[2023-02-19T23:46:49+08:00][sql] SELECT * FROM `tp_module` WHERE  `id` = 24 [ RunTime:0.000921s ]
[2023-02-19T23:46:49+08:00][sql] SELECT * FROM `tp_dictionary_type` WHERE  `id` IN (0,1,10,4) [ RunTime:0.000571s ]
[2023-02-19T23:46:49+08:00][sql] SELECT * FROM `tp_field` WHERE  `module_id` = 24 [ RunTime:0.001739s ]
[2023-02-19T23:46:49+08:00][sql] SELECT * FROM `tp_module` WHERE  `id` = 24 [ RunTime:0.000541s ]
[2023-02-19T23:46:49+08:00][sql] SELECT * FROM `tp_dictionary_type` WHERE  `id` IN (0,1,10,4) [ RunTime:0.000489s ]
[2023-02-19T23:46:49+08:00][sql] SELECT * FROM `tp_cate` WHERE  `id` = 12 LIMIT 1 [ RunTime:0.000519s ]
[2023-02-19T23:46:49+08:00][sql] SELECT * FROM `tp_module` WHERE  `id` = 24 [ RunTime:0.000454s ]
[2023-02-19T23:46:49+08:00][sql] SELECT `id`,`parent_id` FROM `tp_cate` [ RunTime:0.000392s ]
[2023-02-19T23:46:49+08:00][sql] SELECT * FROM `tp_team` WHERE  (  status = 1  )  AND `cate_id` = 12 ORDER BY `sort` ASC,`id` DESC LIMIT 6 [ RunTime:0.000564s ]
[2023-02-19T23:46:49+08:00][sql] SELECT * FROM `tp_cate` WHERE  `id` = 12 [ RunTime:0.000805s ]
[2023-02-19T23:46:49+08:00][sql] SELECT * FROM `tp_cate` WHERE  `id` = 12 [ RunTime:0.000604s ]
[2023-02-19T23:46:49+08:00][sql] SELECT * FROM `tp_module` WHERE  `id` = 24 [ RunTime:0.000558s ]
[2023-02-19T23:46:49+08:00][sql] SELECT * FROM `tp_field` WHERE  `module_id` = 24 [ RunTime:0.001581s ]
[2023-02-19T23:46:49+08:00][sql] SELECT * FROM `tp_module` WHERE  `id` = 24 [ RunTime:0.000511s ]
[2023-02-19T23:46:49+08:00][sql] SELECT * FROM `tp_dictionary_type` WHERE  `id` IN (0,1,10,4) [ RunTime:0.000466s ]
[2023-02-19T23:46:49+08:00][sql] SELECT `dict_value`,`dict_label` FROM `tp_dictionary` WHERE  `dict_type` = '1' ORDER BY `sort` ASC,`id` DESC [ RunTime:0.000577s ]
[2023-02-19T23:46:49+08:00][sql] SELECT * FROM `tp_module` WHERE  `model_name` = 'Cate' LIMIT 1 [ RunTime:0.000644s ]
[2023-02-19T23:46:49+08:00][sql] SELECT * FROM `tp_field` WHERE  `module_id` = 20  AND `field` = 'sort' LIMIT 1 [ RunTime:0.001134s ]
[2023-02-19T23:46:49+08:00][sql] SELECT * FROM `tp_module` WHERE  `model_name` = 'Cate' LIMIT 1 [ RunTime:0.000538s ]
[2023-02-19T23:46:49+08:00][sql] SELECT `id` FROM `tp_module` WHERE  `model_name` = 'Cate' LIMIT 1 [ RunTime:0.000441s ]
[2023-02-19T23:46:49+08:00][sql] SELECT `field` FROM `tp_field` WHERE  ( field = 'pid' OR field = 'parent_id'  )  AND `module_id` = 20 LIMIT 1 [ RunTime:0.000574s ]
[2023-02-19T23:46:49+08:00][sql] SELECT `id`,`cate_name`,`parent_id` FROM `tp_cate` ORDER BY `sort` ASC,`id` DESC [ RunTime:0.000480s ]
[2023-02-19T23:46:49+08:00][sql] SELECT `id` FROM `tp_cate` WHERE  `module_id` = 24 [ RunTime:0.000388s ]
[2023-02-19T23:46:49+08:00][sql] SELECT `dict_value`,`dict_label` FROM `tp_dictionary` WHERE  `dict_type` = '10' ORDER BY `sort` ASC,`id` DESC [ RunTime:0.000563s ]
[2023-02-19T23:46:49+08:00][sql] SELECT `dict_value`,`dict_label` FROM `tp_dictionary` WHERE  `dict_type` = '4' ORDER BY `sort` ASC,`id` DESC [ RunTime:0.000793s ]
[2023-02-19T23:46:49+08:00][sql] SELECT * FROM `tp_module` WHERE  `model_name` = 'UsersType' LIMIT 1 [ RunTime:0.000570s ]
[2023-02-19T23:46:49+08:00][sql] SELECT * FROM `tp_field` WHERE  `module_id` = 6  AND `field` = 'sort' LIMIT 1 [ RunTime:0.000646s ]
[2023-02-19T23:46:49+08:00][sql] SELECT * FROM `tp_module` WHERE  `model_name` = 'UsersType' LIMIT 1 [ RunTime:0.000557s ]
[2023-02-19T23:46:49+08:00][sql] SELECT `id` FROM `tp_module` WHERE  `model_name` = 'UsersType' LIMIT 1 [ RunTime:0.000607s ]
[2023-02-19T23:46:49+08:00][sql] SELECT `field` FROM `tp_field` WHERE  ( field = 'pid' OR field = 'parent_id'  )  AND `module_id` = 6 LIMIT 1 [ RunTime:0.000934s ]
[2023-02-19T23:46:49+08:00][sql] SELECT `id`,`name` FROM `tp_users_type` ORDER BY `sort` ASC,`id` DESC [ RunTime:0.000557s ]
[2023-02-19T23:46:49+08:00][sql] SELECT * FROM `tp_field` WHERE  `module_id` = 24 [ RunTime:0.001370s ]
[2023-02-19T23:46:49+08:00][sql] SELECT * FROM `tp_module` WHERE  `id` = 24 [ RunTime:0.000560s ]
[2023-02-19T23:46:49+08:00][sql] SELECT * FROM `tp_dictionary_type` WHERE  `id` IN (0,1,10,4) [ RunTime:0.000502s ]
[2023-02-19T23:46:49+08:00][sql] SELECT * FROM `tp_field` WHERE  `module_id` = 24 [ RunTime:0.001856s ]
[2023-02-19T23:46:49+08:00][sql] SELECT * FROM `tp_module` WHERE  `id` = 24 [ RunTime:0.000576s ]
[2023-02-19T23:46:49+08:00][sql] SELECT * FROM `tp_dictionary_type` WHERE  `id` IN (0,1,10,4) [ RunTime:0.000665s ]
[2023-02-19T23:46:49+08:00][sql] SELECT * FROM `tp_field` WHERE  `module_id` = 24 [ RunTime:0.001281s ]
[2023-02-19T23:46:49+08:00][sql] SELECT * FROM `tp_module` WHERE  `id` = 24 [ RunTime:0.000515s ]
[2023-02-19T23:46:49+08:00][sql] SELECT * FROM `tp_dictionary_type` WHERE  `id` IN (0,1,10,4) [ RunTime:0.000437s ]
[2023-02-19T23:46:49+08:00][sql] SELECT * FROM `tp_field` WHERE  `module_id` = 24 [ RunTime:0.001646s ]
[2023-02-19T23:46:49+08:00][sql] SELECT * FROM `tp_module` WHERE  `id` = 24 [ RunTime:0.000478s ]
[2023-02-19T23:46:49+08:00][sql] SELECT * FROM `tp_dictionary_type` WHERE  `id` IN (0,1,10,4) [ RunTime:0.000484s ]
[2023-02-19T23:46:49+08:00][sql] SELECT * FROM `tp_field` WHERE  `module_id` = 24 [ RunTime:0.002059s ]
[2023-02-19T23:46:49+08:00][sql] SELECT * FROM `tp_module` WHERE  `id` = 24 [ RunTime:0.000841s ]
[2023-02-19T23:46:49+08:00][sql] SELECT * FROM `tp_dictionary_type` WHERE  `id` IN (0,1,10,4) [ RunTime:0.000593s ]
[2023-02-19T23:46:49+08:00][sql] SELECT * FROM `tp_field` WHERE  `module_id` = 24 [ RunTime:0.001767s ]
[2023-02-19T23:46:49+08:00][sql] SELECT * FROM `tp_module` WHERE  `id` = 24 [ RunTime:0.000589s ]
[2023-02-19T23:46:49+08:00][sql] SELECT * FROM `tp_dictionary_type` WHERE  `id` IN (0,1,10,4) [ RunTime:0.000591s ]
[2023-02-19T23:46:49+08:00][sql] SELECT * FROM `tp_cate` WHERE  `id` = 11 LIMIT 1 [ RunTime:0.000832s ]
[2023-02-19T23:46:49+08:00][sql] SELECT * FROM `tp_module` WHERE  `id` = 23 [ RunTime:0.000715s ]
[2023-02-19T23:46:49+08:00][sql] SELECT * FROM `tp_cate` WHERE  `id` = 11 LIMIT 1 [ RunTime:0.000521s ]
[2023-02-19T23:46:49+08:00][sql] SELECT * FROM `tp_module` WHERE  `id` = 23 [ RunTime:0.000483s ]
[2023-02-19T23:46:49+08:00][sql] SELECT * FROM `tp_cate` WHERE  `id` = 11 LIMIT 1 [ RunTime:0.000483s ]
[2023-02-19T23:46:49+08:00][sql] SELECT * FROM `tp_module` WHERE  `id` = 23 [ RunTime:0.000387s ]
[2023-02-19T23:46:49+08:00][sql] SELECT `id`,`parent_id` FROM `tp_cate` [ RunTime:0.000413s ]
[2023-02-19T23:46:49+08:00][sql] SHOW FULL COLUMNS FROM `tp_download` [ RunTime:0.006855s ]
[2023-02-19T23:46:49+08:00][sql] SELECT * FROM `tp_download` WHERE  (  status = 1  )  AND `cate_id` = 11 ORDER BY `sort` ASC,`id` DESC LIMIT 3 [ RunTime:0.000655s ]
[2023-02-19T23:46:49+08:00][sql] SELECT * FROM `tp_cate` WHERE  `id` = 11 [ RunTime:0.000550s ]
[2023-02-19T23:46:49+08:00][sql] SELECT * FROM `tp_cate` WHERE  `id` = 11 [ RunTime:0.000632s ]
[2023-02-19T23:46:49+08:00][sql] SELECT * FROM `tp_module` WHERE  `id` = 23 [ RunTime:0.000396s ]
[2023-02-19T23:46:49+08:00][sql] SELECT * FROM `tp_field` WHERE  `module_id` = 23 [ RunTime:0.001083s ]
[2023-02-19T23:46:49+08:00][sql] SELECT * FROM `tp_module` WHERE  `id` = 23 [ RunTime:0.000446s ]
[2023-02-19T23:46:49+08:00][sql] SELECT * FROM `tp_dictionary_type` WHERE  `id` IN (0,1) [ RunTime:0.000419s ]
[2023-02-19T23:46:49+08:00][sql] SELECT `dict_value`,`dict_label` FROM `tp_dictionary` WHERE  `dict_type` = '1' ORDER BY `sort` ASC,`id` DESC [ RunTime:0.000860s ]
[2023-02-19T23:46:49+08:00][sql] SELECT * FROM `tp_module` WHERE  `model_name` = 'Cate' LIMIT 1 [ RunTime:0.000851s ]
[2023-02-19T23:46:49+08:00][sql] SELECT * FROM `tp_field` WHERE  `module_id` = 20  AND `field` = 'sort' LIMIT 1 [ RunTime:0.001044s ]
[2023-02-19T23:46:49+08:00][sql] SELECT * FROM `tp_module` WHERE  `model_name` = 'Cate' LIMIT 1 [ RunTime:0.000547s ]
[2023-02-19T23:46:49+08:00][sql] SELECT `id` FROM `tp_module` WHERE  `model_name` = 'Cate' LIMIT 1 [ RunTime:0.000426s ]
[2023-02-19T23:46:49+08:00][sql] SELECT `field` FROM `tp_field` WHERE  ( field = 'pid' OR field = 'parent_id'  )  AND `module_id` = 20 LIMIT 1 [ RunTime:0.000488s ]
[2023-02-19T23:46:49+08:00][sql] SELECT `id`,`cate_name`,`parent_id` FROM `tp_cate` ORDER BY `sort` ASC,`id` DESC [ RunTime:0.000426s ]
[2023-02-19T23:46:49+08:00][sql] SELECT `id` FROM `tp_cate` WHERE  `module_id` = 23 [ RunTime:0.000639s ]
[2023-02-19T23:46:49+08:00][sql] SELECT * FROM `tp_module` WHERE  `model_name` = 'UsersType' LIMIT 1 [ RunTime:0.000620s ]
[2023-02-19T23:46:49+08:00][sql] SELECT * FROM `tp_field` WHERE  `module_id` = 6  AND `field` = 'sort' LIMIT 1 [ RunTime:0.000615s ]
[2023-02-19T23:46:49+08:00][sql] SELECT * FROM `tp_module` WHERE  `model_name` = 'UsersType' LIMIT 1 [ RunTime:0.000480s ]
[2023-02-19T23:46:49+08:00][sql] SELECT `id` FROM `tp_module` WHERE  `model_name` = 'UsersType' LIMIT 1 [ RunTime:0.000408s ]
[2023-02-19T23:46:49+08:00][sql] SELECT `field` FROM `tp_field` WHERE  ( field = 'pid' OR field = 'parent_id'  )  AND `module_id` = 6 LIMIT 1 [ RunTime:0.000610s ]
[2023-02-19T23:46:49+08:00][sql] SELECT `id`,`name` FROM `tp_users_type` ORDER BY `sort` ASC,`id` DESC [ RunTime:0.000377s ]
[2023-02-19T23:46:49+08:00][sql] SELECT * FROM `tp_field` WHERE  `module_id` = 23 [ RunTime:0.001158s ]
[2023-02-19T23:46:49+08:00][sql] SELECT * FROM `tp_module` WHERE  `id` = 23 [ RunTime:0.000454s ]
[2023-02-19T23:46:49+08:00][sql] SELECT * FROM `tp_dictionary_type` WHERE  `id` IN (0,1) [ RunTime:0.000434s ]
[2023-02-19T23:46:49+08:00][sql] SELECT * FROM `tp_field` WHERE  `module_id` = 23 [ RunTime:0.001867s ]
[2023-02-19T23:46:49+08:00][sql] SELECT * FROM `tp_module` WHERE  `id` = 23 [ RunTime:0.000625s ]
[2023-02-19T23:46:49+08:00][sql] SELECT * FROM `tp_dictionary_type` WHERE  `id` IN (0,1) [ RunTime:0.000526s ]
[2023-02-19T23:46:49+08:00][sql] SELECT * FROM `tp_field` WHERE  `module_id` = 23 [ RunTime:0.002325s ]
[2023-02-19T23:46:49+08:00][sql] SELECT * FROM `tp_module` WHERE  `id` = 23 [ RunTime:0.000615s ]
[2023-02-19T23:46:49+08:00][sql] SELECT * FROM `tp_dictionary_type` WHERE  `id` IN (0,1) [ RunTime:0.000470s ]
[2023-02-19T23:46:49+08:00][sql] SELECT * FROM `tp_cate` WHERE  `id` = 17 LIMIT 1 [ RunTime:0.000565s ]
[2023-02-19T23:46:49+08:00][sql] SHOW FULL COLUMNS FROM `tp_link` [ RunTime:0.009024s ]
[2023-02-19T23:46:49+08:00][sql] SELECT * FROM `tp_link` WHERE  `status` = 1 ORDER BY `sort` ASC,`id` DESC [ RunTime:0.000690s ]
