[2023-02-21T16:04:40+08:00][sql] CONNECT:[ UseTime:0.000933s ] mysql:host=127.0.0.1;port=3306;dbname=ztx;charset=utf8mb4
[2023-02-21T16:04:40+08:00][sql] SHOW FULL COLUMNS FROM `tp_system` [ RunTime:0.012410s ]
[2023-02-21T16:04:40+08:00][sql] SELECT * FROM `tp_system` WHERE  `id` = 1 LIMIT 1 [ RunTime:0.000901s ]
[2023-02-21T16:04:40+08:00][sql] SHOW FULL COLUMNS FROM `tp_cate` [ RunTime:0.008171s ]
[2023-02-21T16:04:40+08:00][sql] SELECT `id`,`cate_name`,`cate_folder`,`module_id` FROM `tp_cate` ORDER BY `sort` ASC,`id` ASC [ RunTime:0.000751s ]
[2023-02-21T16:04:40+08:00][sql] SHOW FULL COLUMNS FROM `tp_module` [ RunTime:0.014025s ]
[2023-02-21T16:04:40+08:00][sql] SELECT * FROM `tp_module` WHERE  `id` = 18 LIMIT 1 [ RunTime:0.000785s ]
[2023-02-21T16:04:40+08:00][sql] SELECT * FROM `tp_module` WHERE  `id` = 19 LIMIT 1 [ RunTime:0.000620s ]
[2023-02-21T16:04:40+08:00][sql] SELECT * FROM `tp_module` WHERE  `id` = 21 LIMIT 1 [ RunTime:0.000827s ]
[2023-02-21T16:04:40+08:00][sql] SELECT * FROM `tp_module` WHERE  `id` = 22 LIMIT 1 [ RunTime:0.000816s ]
[2023-02-21T16:04:40+08:00][sql] SELECT * FROM `tp_module` WHERE  `id` = 23 LIMIT 1 [ RunTime:0.000586s ]
[2023-02-21T16:04:40+08:00][sql] SELECT * FROM `tp_module` WHERE  `id` = 24 LIMIT 1 [ RunTime:0.000426s ]
[2023-02-21T16:04:40+08:00][sql] SELECT * FROM `tp_module` WHERE  `id` = 25 LIMIT 1 [ RunTime:0.000426s ]
[2023-02-21T16:04:40+08:00][sql] SELECT * FROM `tp_module` WHERE  `id` = 18 LIMIT 1 [ RunTime:0.000387s ]
[2023-02-21T16:04:40+08:00][sql] SELECT * FROM `tp_module` WHERE  `id` = 18 LIMIT 1 [ RunTime:0.000408s ]
[2023-02-21T16:04:40+08:00][sql] SELECT * FROM `tp_module` WHERE  `id` = 19 LIMIT 1 [ RunTime:0.000438s ]
[2023-02-21T16:04:40+08:00][sql] SELECT * FROM `tp_system` WHERE  `id` = 1 LIMIT 1 [ RunTime:0.000847s ]
[2023-02-21T16:04:40+08:00][sql] SELECT * FROM `tp_cate` WHERE  `is_menu` = 1 ORDER BY `sort` ASC,`id` DESC [ RunTime:0.001218s ]
[2023-02-21T16:04:40+08:00][sql] SELECT * FROM `tp_module` WHERE  `id` IN (18,19,21,22,23,24,25) [ RunTime:0.000759s ]
[2023-02-21T16:04:40+08:00][sql] SELECT * FROM `tp_cate` WHERE  `is_menu` = 1 ORDER BY `sort` ASC,`id` DESC [ RunTime:0.001008s ]
[2023-02-21T16:04:40+08:00][sql] SELECT * FROM `tp_module` WHERE  `id` IN (18,19,21,22,23,24,25) [ RunTime:0.000937s ]
[2023-02-21T16:04:40+08:00][sql] SHOW FULL COLUMNS FROM `tp_ad` [ RunTime:0.009126s ]
[2023-02-21T16:04:40+08:00][sql] SELECT * FROM `tp_ad` WHERE  `status` = 1  AND `type_id` = 1 ORDER BY `sort` ASC,`id` DESC [ RunTime:0.000754s ]
[2023-02-21T16:04:40+08:00][sql] SELECT * FROM `tp_ad` WHERE  `status` = 1  AND `type_id` = 1 ORDER BY `sort` ASC,`id` DESC [ RunTime:0.000676s ]
[2023-02-21T16:04:40+08:00][sql] SHOW FULL COLUMNS FROM `tp_debris` [ RunTime:0.008402s ]
[2023-02-21T16:04:40+08:00][sql] SELECT `content` FROM `tp_debris` WHERE  `name` = 'testsuipian'  AND `status` = 1 LIMIT 1 [ RunTime:0.000553s ]
[2023-02-21T16:04:40+08:00][sql] SELECT * FROM `tp_cate` WHERE  `id` = 6 LIMIT 1 [ RunTime:0.000641s ]
[2023-02-21T16:04:40+08:00][sql] SELECT * FROM `tp_module` WHERE  `id` = 19 [ RunTime:0.000647s ]
[2023-02-21T16:04:40+08:00][sql] SELECT * FROM `tp_cate` WHERE  `id` = 8 LIMIT 1 [ RunTime:0.000514s ]
[2023-02-21T16:04:40+08:00][sql] SELECT * FROM `tp_module` WHERE  `id` = 22 [ RunTime:0.000514s ]
[2023-02-21T16:04:40+08:00][sql] SELECT * FROM `tp_cate` WHERE  `id` = 8 LIMIT 1 [ RunTime:0.000519s ]
[2023-02-21T16:04:40+08:00][sql] SELECT * FROM `tp_module` WHERE  `id` = 22 [ RunTime:0.000779s ]
[2023-02-21T16:04:40+08:00][sql] SELECT * FROM `tp_cate` WHERE  `id` = 8 LIMIT 1 [ RunTime:0.000482s ]
[2023-02-21T16:04:40+08:00][sql] SELECT * FROM `tp_module` WHERE  `id` = 22 [ RunTime:0.000418s ]
[2023-02-21T16:04:40+08:00][sql] SELECT `id`,`parent_id` FROM `tp_cate` [ RunTime:0.000520s ]
[2023-02-21T16:04:40+08:00][sql] SHOW FULL COLUMNS FROM `tp_product` [ RunTime:0.007731s ]
[2023-02-21T16:04:40+08:00][sql] SELECT * FROM `tp_product` WHERE  (  status = 1  )  AND `cate_id` IN (8,9,10) ORDER BY `sort` ASC,`id` DESC LIMIT 4 [ RunTime:0.001255s ]
[2023-02-21T16:04:40+08:00][sql] SELECT * FROM `tp_cate` WHERE  `id` = 9 [ RunTime:0.000509s ]
[2023-02-21T16:04:40+08:00][sql] SELECT * FROM `tp_cate` WHERE  `id` = 9 [ RunTime:0.000595s ]
[2023-02-21T16:04:40+08:00][sql] SELECT * FROM `tp_module` WHERE  `id` = 22 [ RunTime:0.000442s ]
[2023-02-21T16:04:40+08:00][sql] SHOW FULL COLUMNS FROM `tp_field` [ RunTime:0.007702s ]
[2023-02-21T16:04:40+08:00][sql] SELECT * FROM `tp_field` WHERE  `module_id` = 22 [ RunTime:0.001356s ]
[2023-02-21T16:04:40+08:00][sql] SELECT * FROM `tp_module` WHERE  `id` = 22 [ RunTime:0.000719s ]
[2023-02-21T16:04:40+08:00][sql] SHOW FULL COLUMNS FROM `tp_dictionary_type` [ RunTime:0.007710s ]
[2023-02-21T16:04:40+08:00][sql] SELECT * FROM `tp_dictionary_type` WHERE  `id` IN (0,1) [ RunTime:0.000591s ]
[2023-02-21T16:04:40+08:00][sql] SHOW FULL COLUMNS FROM `tp_dictionary` [ RunTime:0.008550s ]
[2023-02-21T16:04:40+08:00][sql] SELECT `dict_value`,`dict_label` FROM `tp_dictionary` WHERE  `dict_type` = '1' ORDER BY `sort` ASC,`id` DESC [ RunTime:0.000652s ]
[2023-02-21T16:04:40+08:00][sql] SELECT * FROM `tp_module` WHERE  `model_name` = 'Cate' LIMIT 1 [ RunTime:0.000528s ]
[2023-02-21T16:04:40+08:00][sql] SELECT * FROM `tp_field` WHERE  `module_id` = 20  AND `field` = 'sort' LIMIT 1 [ RunTime:0.000762s ]
[2023-02-21T16:04:40+08:00][sql] SELECT * FROM `tp_module` WHERE  `model_name` = 'Cate' LIMIT 1 [ RunTime:0.000436s ]
[2023-02-21T16:04:40+08:00][sql] SELECT `id` FROM `tp_module` WHERE  `model_name` = 'Cate' LIMIT 1 [ RunTime:0.000338s ]
[2023-02-21T16:04:40+08:00][sql] SELECT `field` FROM `tp_field` WHERE  ( field = 'pid' OR field = 'parent_id'  )  AND `module_id` = 20 LIMIT 1 [ RunTime:0.000506s ]
[2023-02-21T16:04:40+08:00][sql] SELECT `id`,`cate_name`,`parent_id` FROM `tp_cate` ORDER BY `sort` ASC,`id` DESC [ RunTime:0.000511s ]
[2023-02-21T16:04:40+08:00][sql] SELECT `id` FROM `tp_cate` WHERE  `module_id` = 22 [ RunTime:0.000638s ]
[2023-02-21T16:04:40+08:00][sql] SELECT * FROM `tp_module` WHERE  `model_name` = 'UsersType' LIMIT 1 [ RunTime:0.000566s ]
[2023-02-21T16:04:40+08:00][sql] SELECT * FROM `tp_field` WHERE  `module_id` = 6  AND `field` = 'sort' LIMIT 1 [ RunTime:0.000965s ]
[2023-02-21T16:04:40+08:00][sql] SELECT * FROM `tp_module` WHERE  `model_name` = 'UsersType' LIMIT 1 [ RunTime:0.000807s ]
[2023-02-21T16:04:40+08:00][sql] SELECT `id` FROM `tp_module` WHERE  `model_name` = 'UsersType' LIMIT 1 [ RunTime:0.000793s ]
[2023-02-21T16:04:40+08:00][sql] SELECT `field` FROM `tp_field` WHERE  ( field = 'pid' OR field = 'parent_id'  )  AND `module_id` = 6 LIMIT 1 [ RunTime:0.000806s ]
[2023-02-21T16:04:40+08:00][sql] SHOW FULL COLUMNS FROM `tp_users_type` [ RunTime:0.007360s ]
[2023-02-21T16:04:40+08:00][sql] SELECT `id`,`name` FROM `tp_users_type` ORDER BY `sort` ASC,`id` DESC [ RunTime:0.001067s ]
[2023-02-21T16:04:40+08:00][sql] SELECT * FROM `tp_field` WHERE  `module_id` = 22 [ RunTime:0.001547s ]
[2023-02-21T16:04:40+08:00][sql] SELECT * FROM `tp_module` WHERE  `id` = 22 [ RunTime:0.000808s ]
[2023-02-21T16:04:40+08:00][sql] SELECT * FROM `tp_dictionary_type` WHERE  `id` IN (0,1) [ RunTime:0.000522s ]
[2023-02-21T16:04:40+08:00][sql] SELECT * FROM `tp_field` WHERE  `module_id` = 22 [ RunTime:0.001921s ]
[2023-02-21T16:04:40+08:00][sql] SELECT * FROM `tp_module` WHERE  `id` = 22 [ RunTime:0.000550s ]
[2023-02-21T16:04:40+08:00][sql] SELECT * FROM `tp_dictionary_type` WHERE  `id` IN (0,1) [ RunTime:0.000449s ]
[2023-02-21T16:04:40+08:00][sql] SELECT * FROM `tp_field` WHERE  `module_id` = 22 [ RunTime:0.001628s ]
[2023-02-21T16:04:40+08:00][sql] SELECT * FROM `tp_module` WHERE  `id` = 22 [ RunTime:0.000786s ]
[2023-02-21T16:04:40+08:00][sql] SELECT * FROM `tp_dictionary_type` WHERE  `id` IN (0,1) [ RunTime:0.000920s ]
[2023-02-21T16:04:40+08:00][sql] SELECT * FROM `tp_field` WHERE  `module_id` = 22 [ RunTime:0.001816s ]
[2023-02-21T16:04:40+08:00][sql] SELECT * FROM `tp_module` WHERE  `id` = 22 [ RunTime:0.000465s ]
[2023-02-21T16:04:40+08:00][sql] SELECT * FROM `tp_dictionary_type` WHERE  `id` IN (0,1) [ RunTime:0.000533s ]
[2023-02-21T16:04:40+08:00][sql] SELECT * FROM `tp_cate` WHERE  `id` = 4 LIMIT 1 [ RunTime:0.000643s ]
[2023-02-21T16:04:40+08:00][sql] SELECT * FROM `tp_module` WHERE  `id` = 19 [ RunTime:0.000456s ]
[2023-02-21T16:04:40+08:00][sql] SELECT * FROM `tp_cate` WHERE  `id` = 4 LIMIT 1 [ RunTime:0.000653s ]
[2023-02-21T16:04:40+08:00][sql] SELECT * FROM `tp_module` WHERE  `id` = 19 [ RunTime:0.000435s ]
[2023-02-21T16:04:40+08:00][sql] SELECT * FROM `tp_cate` WHERE  `id` = 4 LIMIT 1 [ RunTime:0.000520s ]
[2023-02-21T16:04:40+08:00][sql] SELECT * FROM `tp_module` WHERE  `id` = 19 [ RunTime:0.001032s ]
[2023-02-21T16:04:40+08:00][sql] SELECT `id`,`parent_id` FROM `tp_cate` [ RunTime:0.000712s ]
[2023-02-21T16:04:40+08:00][sql] SHOW FULL COLUMNS FROM `tp_article` [ RunTime:0.008271s ]
[2023-02-21T16:04:40+08:00][sql] SELECT * FROM `tp_article` WHERE  ( image <>'' AND status = 1  )  AND `cate_id` IN (4,5,6) ORDER BY `sort` ASC,`id` DESC LIMIT 4 [ RunTime:0.002048s ]
[2023-02-21T16:04:40+08:00][sql] SELECT * FROM `tp_cate` WHERE  `id` = 5 [ RunTime:0.000505s ]
[2023-02-21T16:04:40+08:00][sql] SELECT * FROM `tp_cate` WHERE  `id` = 5 [ RunTime:0.000823s ]
[2023-02-21T16:04:40+08:00][sql] SELECT * FROM `tp_module` WHERE  `id` = 19 [ RunTime:0.001019s ]
[2023-02-21T16:04:40+08:00][sql] SELECT * FROM `tp_field` WHERE  `module_id` = 19 [ RunTime:0.001750s ]
[2023-02-21T16:04:40+08:00][sql] SELECT * FROM `tp_module` WHERE  `id` = 19 [ RunTime:0.000623s ]
[2023-02-21T16:04:40+08:00][sql] SELECT * FROM `tp_dictionary_type` WHERE  `id` IN (0,1) [ RunTime:0.000513s ]
[2023-02-21T16:04:40+08:00][sql] SELECT `dict_value`,`dict_label` FROM `tp_dictionary` WHERE  `dict_type` = '1' ORDER BY `sort` ASC,`id` DESC [ RunTime:0.000772s ]
[2023-02-21T16:04:40+08:00][sql] SELECT * FROM `tp_module` WHERE  `model_name` = 'Cate' LIMIT 1 [ RunTime:0.000532s ]
[2023-02-21T16:04:40+08:00][sql] SELECT * FROM `tp_field` WHERE  `module_id` = 20  AND `field` = 'sort' LIMIT 1 [ RunTime:0.000824s ]
[2023-02-21T16:04:40+08:00][sql] SELECT * FROM `tp_module` WHERE  `model_name` = 'Cate' LIMIT 1 [ RunTime:0.000442s ]
[2023-02-21T16:04:40+08:00][sql] SELECT `id` FROM `tp_module` WHERE  `model_name` = 'Cate' LIMIT 1 [ RunTime:0.000337s ]
[2023-02-21T16:04:40+08:00][sql] SELECT `field` FROM `tp_field` WHERE  ( field = 'pid' OR field = 'parent_id'  )  AND `module_id` = 20 LIMIT 1 [ RunTime:0.000432s ]
[2023-02-21T16:04:40+08:00][sql] SELECT `id`,`cate_name`,`parent_id` FROM `tp_cate` ORDER BY `sort` ASC,`id` DESC [ RunTime:0.000364s ]
[2023-02-21T16:04:40+08:00][sql] SELECT `id` FROM `tp_cate` WHERE  `module_id` = 19 [ RunTime:0.000598s ]
[2023-02-21T16:04:40+08:00][sql] SELECT * FROM `tp_module` WHERE  `model_name` = 'UsersType' LIMIT 1 [ RunTime:0.000756s ]
[2023-02-21T16:04:40+08:00][sql] SELECT * FROM `tp_field` WHERE  `module_id` = 6  AND `field` = 'sort' LIMIT 1 [ RunTime:0.000969s ]
[2023-02-21T16:04:40+08:00][sql] SELECT * FROM `tp_module` WHERE  `model_name` = 'UsersType' LIMIT 1 [ RunTime:0.000611s ]
[2023-02-21T16:04:40+08:00][sql] SELECT `id` FROM `tp_module` WHERE  `model_name` = 'UsersType' LIMIT 1 [ RunTime:0.000366s ]
[2023-02-21T16:04:40+08:00][sql] SELECT `field` FROM `tp_field` WHERE  ( field = 'pid' OR field = 'parent_id'  )  AND `module_id` = 6 LIMIT 1 [ RunTime:0.000615s ]
[2023-02-21T16:04:40+08:00][sql] SELECT `id`,`name` FROM `tp_users_type` ORDER BY `sort` ASC,`id` DESC [ RunTime:0.000390s ]
[2023-02-21T16:04:40+08:00][sql] SELECT * FROM `tp_field` WHERE  `module_id` = 19 [ RunTime:0.001179s ]
[2023-02-21T16:04:40+08:00][sql] SELECT * FROM `tp_module` WHERE  `id` = 19 [ RunTime:0.000476s ]
[2023-02-21T16:04:40+08:00][sql] SELECT * FROM `tp_dictionary_type` WHERE  `id` IN (0,1) [ RunTime:0.000416s ]
[2023-02-21T16:04:40+08:00][sql] SELECT * FROM `tp_field` WHERE  `module_id` = 19 [ RunTime:0.001684s ]
[2023-02-21T16:04:40+08:00][sql] SELECT * FROM `tp_module` WHERE  `id` = 19 [ RunTime:0.000445s ]
[2023-02-21T16:04:40+08:00][sql] SELECT * FROM `tp_dictionary_type` WHERE  `id` IN (0,1) [ RunTime:0.000797s ]
[2023-02-21T16:04:40+08:00][sql] SELECT * FROM `tp_field` WHERE  `module_id` = 19 [ RunTime:0.002284s ]
[2023-02-21T16:04:40+08:00][sql] SELECT * FROM `tp_module` WHERE  `id` = 19 [ RunTime:0.000668s ]
[2023-02-21T16:04:40+08:00][sql] SELECT * FROM `tp_dictionary_type` WHERE  `id` IN (0,1) [ RunTime:0.000506s ]
[2023-02-21T16:04:40+08:00][sql] SELECT * FROM `tp_field` WHERE  `module_id` = 19 [ RunTime:0.002103s ]
[2023-02-21T16:04:40+08:00][sql] SELECT * FROM `tp_module` WHERE  `id` = 19 [ RunTime:0.000853s ]
[2023-02-21T16:04:40+08:00][sql] SELECT * FROM `tp_dictionary_type` WHERE  `id` IN (0,1) [ RunTime:0.000870s ]
[2023-02-21T16:04:40+08:00][sql] SELECT * FROM `tp_cate` WHERE  `id` = 7 LIMIT 1 [ RunTime:0.000764s ]
[2023-02-21T16:04:40+08:00][sql] SELECT * FROM `tp_module` WHERE  `id` = 21 [ RunTime:0.000546s ]
[2023-02-21T16:04:40+08:00][sql] SELECT * FROM `tp_cate` WHERE  `id` = 7 LIMIT 1 [ RunTime:0.000482s ]
[2023-02-21T16:04:40+08:00][sql] SELECT * FROM `tp_module` WHERE  `id` = 21 [ RunTime:0.000405s ]
[2023-02-21T16:04:40+08:00][sql] SELECT * FROM `tp_cate` WHERE  `id` = 7 LIMIT 1 [ RunTime:0.000481s ]
[2023-02-21T16:04:40+08:00][sql] SELECT * FROM `tp_module` WHERE  `id` = 21 [ RunTime:0.000443s ]
[2023-02-21T16:04:40+08:00][sql] SELECT `id`,`parent_id` FROM `tp_cate` [ RunTime:0.000368s ]
[2023-02-21T16:04:40+08:00][sql] SHOW FULL COLUMNS FROM `tp_picture` [ RunTime:0.010683s ]
[2023-02-21T16:04:40+08:00][sql] SELECT * FROM `tp_picture` WHERE  (  status = 1  )  AND `cate_id` = 7 ORDER BY `sort` ASC,`id` DESC LIMIT 3 [ RunTime:0.001537s ]
[2023-02-21T16:04:40+08:00][sql] SELECT * FROM `tp_cate` WHERE  `id` = 7 [ RunTime:0.000521s ]
[2023-02-21T16:04:40+08:00][sql] SELECT * FROM `tp_cate` WHERE  `id` = 7 [ RunTime:0.000409s ]
[2023-02-21T16:04:40+08:00][sql] SELECT * FROM `tp_module` WHERE  `id` = 21 [ RunTime:0.000538s ]
[2023-02-21T16:04:40+08:00][sql] SELECT * FROM `tp_field` WHERE  `module_id` = 21 [ RunTime:0.001229s ]
[2023-02-21T16:04:40+08:00][sql] SELECT * FROM `tp_module` WHERE  `id` = 21 [ RunTime:0.000472s ]
[2023-02-21T16:04:40+08:00][sql] SELECT * FROM `tp_dictionary_type` WHERE  `id` IN (0,1) [ RunTime:0.000861s ]
[2023-02-21T16:04:40+08:00][sql] SELECT `dict_value`,`dict_label` FROM `tp_dictionary` WHERE  `dict_type` = '1' ORDER BY `sort` ASC,`id` DESC [ RunTime:0.000718s ]
[2023-02-21T16:04:40+08:00][sql] SELECT * FROM `tp_module` WHERE  `model_name` = 'Cate' LIMIT 1 [ RunTime:0.000529s ]
[2023-02-21T16:04:40+08:00][sql] SELECT * FROM `tp_field` WHERE  `module_id` = 20  AND `field` = 'sort' LIMIT 1 [ RunTime:0.001000s ]
[2023-02-21T16:04:40+08:00][sql] SELECT * FROM `tp_module` WHERE  `model_name` = 'Cate' LIMIT 1 [ RunTime:0.000447s ]
[2023-02-21T16:04:40+08:00][sql] SELECT `id` FROM `tp_module` WHERE  `model_name` = 'Cate' LIMIT 1 [ RunTime:0.000409s ]
[2023-02-21T16:04:40+08:00][sql] SELECT `field` FROM `tp_field` WHERE  ( field = 'pid' OR field = 'parent_id'  )  AND `module_id` = 20 LIMIT 1 [ RunTime:0.000471s ]
[2023-02-21T16:04:40+08:00][sql] SELECT `id`,`cate_name`,`parent_id` FROM `tp_cate` ORDER BY `sort` ASC,`id` DESC [ RunTime:0.000411s ]
[2023-02-21T16:04:40+08:00][sql] SELECT `id` FROM `tp_cate` WHERE  `module_id` = 21 [ RunTime:0.000708s ]
[2023-02-21T16:04:40+08:00][sql] SELECT * FROM `tp_module` WHERE  `model_name` = 'UsersType' LIMIT 1 [ RunTime:0.000537s ]
[2023-02-21T16:04:40+08:00][sql] SELECT * FROM `tp_field` WHERE  `module_id` = 6  AND `field` = 'sort' LIMIT 1 [ RunTime:0.000572s ]
[2023-02-21T16:04:40+08:00][sql] SELECT * FROM `tp_module` WHERE  `model_name` = 'UsersType' LIMIT 1 [ RunTime:0.000564s ]
[2023-02-21T16:04:40+08:00][sql] SELECT `id` FROM `tp_module` WHERE  `model_name` = 'UsersType' LIMIT 1 [ RunTime:0.000372s ]
[2023-02-21T16:04:40+08:00][sql] SELECT `field` FROM `tp_field` WHERE  ( field = 'pid' OR field = 'parent_id'  )  AND `module_id` = 6 LIMIT 1 [ RunTime:0.000530s ]
[2023-02-21T16:04:40+08:00][sql] SELECT `id`,`name` FROM `tp_users_type` ORDER BY `sort` ASC,`id` DESC [ RunTime:0.000348s ]
[2023-02-21T16:04:40+08:00][sql] SELECT * FROM `tp_field` WHERE  `module_id` = 21 [ RunTime:0.001170s ]
[2023-02-21T16:04:40+08:00][sql] SELECT * FROM `tp_module` WHERE  `id` = 21 [ RunTime:0.001166s ]
[2023-02-21T16:04:40+08:00][sql] SELECT * FROM `tp_dictionary_type` WHERE  `id` IN (0,1) [ RunTime:0.000783s ]
[2023-02-21T16:04:40+08:00][sql] SELECT * FROM `tp_field` WHERE  `module_id` = 21 [ RunTime:0.002817s ]
[2023-02-21T16:04:40+08:00][sql] SELECT * FROM `tp_module` WHERE  `id` = 21 [ RunTime:0.000879s ]
[2023-02-21T16:04:40+08:00][sql] SELECT * FROM `tp_dictionary_type` WHERE  `id` IN (0,1) [ RunTime:0.000719s ]
[2023-02-21T16:04:40+08:00][sql] SELECT * FROM `tp_field` WHERE  `module_id` = 21 [ RunTime:0.001683s ]
[2023-02-21T16:04:40+08:00][sql] SELECT * FROM `tp_module` WHERE  `id` = 21 [ RunTime:0.000973s ]
[2023-02-21T16:04:40+08:00][sql] SELECT * FROM `tp_dictionary_type` WHERE  `id` IN (0,1) [ RunTime:0.000689s ]
[2023-02-21T16:04:40+08:00][sql] SELECT * FROM `tp_cate` WHERE  `id` = 12 LIMIT 1 [ RunTime:0.000767s ]
[2023-02-21T16:04:40+08:00][sql] SELECT * FROM `tp_module` WHERE  `id` = 24 [ RunTime:0.000596s ]
[2023-02-21T16:04:40+08:00][sql] SELECT `id`,`parent_id` FROM `tp_cate` [ RunTime:0.000388s ]
[2023-02-21T16:04:40+08:00][sql] SHOW FULL COLUMNS FROM `tp_team` [ RunTime:0.008568s ]
[2023-02-21T16:04:40+08:00][sql] SELECT * FROM `tp_team` WHERE  (  status = 1  )  AND `cate_id` = 12 ORDER BY `sort` ASC,`id` DESC LIMIT 6 [ RunTime:0.001346s ]
[2023-02-21T16:04:40+08:00][sql] SELECT * FROM `tp_cate` WHERE  `id` = 12 [ RunTime:0.000488s ]
[2023-02-21T16:04:40+08:00][sql] SELECT * FROM `tp_cate` WHERE  `id` = 12 [ RunTime:0.000380s ]
[2023-02-21T16:04:40+08:00][sql] SELECT * FROM `tp_module` WHERE  `id` = 24 [ RunTime:0.000584s ]
[2023-02-21T16:04:40+08:00][sql] SELECT * FROM `tp_field` WHERE  `module_id` = 24 [ RunTime:0.001437s ]
[2023-02-21T16:04:40+08:00][sql] SELECT * FROM `tp_module` WHERE  `id` = 24 [ RunTime:0.000727s ]
[2023-02-21T16:04:40+08:00][sql] SELECT * FROM `tp_dictionary_type` WHERE  `id` IN (0,1,10,4) [ RunTime:0.000490s ]
[2023-02-21T16:04:40+08:00][sql] SELECT `dict_value`,`dict_label` FROM `tp_dictionary` WHERE  `dict_type` = '1' ORDER BY `sort` ASC,`id` DESC [ RunTime:0.001103s ]
[2023-02-21T16:04:40+08:00][sql] SELECT * FROM `tp_module` WHERE  `model_name` = 'Cate' LIMIT 1 [ RunTime:0.000608s ]
[2023-02-21T16:04:40+08:00][sql] SELECT * FROM `tp_field` WHERE  `module_id` = 20  AND `field` = 'sort' LIMIT 1 [ RunTime:0.001176s ]
[2023-02-21T16:04:40+08:00][sql] SELECT * FROM `tp_module` WHERE  `model_name` = 'Cate' LIMIT 1 [ RunTime:0.000544s ]
[2023-02-21T16:04:40+08:00][sql] SELECT `id` FROM `tp_module` WHERE  `model_name` = 'Cate' LIMIT 1 [ RunTime:0.000365s ]
[2023-02-21T16:04:40+08:00][sql] SELECT `field` FROM `tp_field` WHERE  ( field = 'pid' OR field = 'parent_id'  )  AND `module_id` = 20 LIMIT 1 [ RunTime:0.000493s ]
[2023-02-21T16:04:40+08:00][sql] SELECT `id`,`cate_name`,`parent_id` FROM `tp_cate` ORDER BY `sort` ASC,`id` DESC [ RunTime:0.000406s ]
[2023-02-21T16:04:40+08:00][sql] SELECT `id` FROM `tp_cate` WHERE  `module_id` = 24 [ RunTime:0.000402s ]
[2023-02-21T16:04:40+08:00][sql] SELECT `dict_value`,`dict_label` FROM `tp_dictionary` WHERE  `dict_type` = '10' ORDER BY `sort` ASC,`id` DESC [ RunTime:0.000424s ]
[2023-02-21T16:04:40+08:00][sql] SELECT `dict_value`,`dict_label` FROM `tp_dictionary` WHERE  `dict_type` = '4' ORDER BY `sort` ASC,`id` DESC [ RunTime:0.000443s ]
[2023-02-21T16:04:40+08:00][sql] SELECT * FROM `tp_module` WHERE  `model_name` = 'UsersType' LIMIT 1 [ RunTime:0.000658s ]
[2023-02-21T16:04:40+08:00][sql] SELECT * FROM `tp_field` WHERE  `module_id` = 6  AND `field` = 'sort' LIMIT 1 [ RunTime:0.000616s ]
[2023-02-21T16:04:40+08:00][sql] SELECT * FROM `tp_module` WHERE  `model_name` = 'UsersType' LIMIT 1 [ RunTime:0.000436s ]
[2023-02-21T16:04:40+08:00][sql] SELECT `id` FROM `tp_module` WHERE  `model_name` = 'UsersType' LIMIT 1 [ RunTime:0.000385s ]
[2023-02-21T16:04:40+08:00][sql] SELECT `field` FROM `tp_field` WHERE  ( field = 'pid' OR field = 'parent_id'  )  AND `module_id` = 6 LIMIT 1 [ RunTime:0.000541s ]
[2023-02-21T16:04:40+08:00][sql] SELECT `id`,`name` FROM `tp_users_type` ORDER BY `sort` ASC,`id` DESC [ RunTime:0.000374s ]
[2023-02-21T16:04:40+08:00][sql] SELECT * FROM `tp_field` WHERE  `module_id` = 24 [ RunTime:0.001163s ]
[2023-02-21T16:04:40+08:00][sql] SELECT * FROM `tp_module` WHERE  `id` = 24 [ RunTime:0.000441s ]
[2023-02-21T16:04:40+08:00][sql] SELECT * FROM `tp_dictionary_type` WHERE  `id` IN (0,1,10,4) [ RunTime:0.000915s ]
[2023-02-21T16:04:40+08:00][sql] SELECT * FROM `tp_field` WHERE  `module_id` = 24 [ RunTime:0.001911s ]
[2023-02-21T16:04:40+08:00][sql] SELECT * FROM `tp_module` WHERE  `id` = 24 [ RunTime:0.000519s ]
[2023-02-21T16:04:40+08:00][sql] SELECT * FROM `tp_dictionary_type` WHERE  `id` IN (0,1,10,4) [ RunTime:0.000827s ]
[2023-02-21T16:04:40+08:00][sql] SELECT * FROM `tp_field` WHERE  `module_id` = 24 [ RunTime:0.002242s ]
[2023-02-21T16:04:40+08:00][sql] SELECT * FROM `tp_module` WHERE  `id` = 24 [ RunTime:0.000584s ]
[2023-02-21T16:04:40+08:00][sql] SELECT * FROM `tp_dictionary_type` WHERE  `id` IN (0,1,10,4) [ RunTime:0.001409s ]
[2023-02-21T16:04:40+08:00][sql] SELECT * FROM `tp_field` WHERE  `module_id` = 24 [ RunTime:0.001577s ]
[2023-02-21T16:04:40+08:00][sql] SELECT * FROM `tp_module` WHERE  `id` = 24 [ RunTime:0.001074s ]
[2023-02-21T16:04:40+08:00][sql] SELECT * FROM `tp_dictionary_type` WHERE  `id` IN (0,1,10,4) [ RunTime:0.001051s ]
[2023-02-21T16:04:40+08:00][sql] SELECT * FROM `tp_field` WHERE  `module_id` = 24 [ RunTime:0.001704s ]
[2023-02-21T16:04:40+08:00][sql] SELECT * FROM `tp_module` WHERE  `id` = 24 [ RunTime:0.001918s ]
[2023-02-21T16:04:40+08:00][sql] SELECT * FROM `tp_dictionary_type` WHERE  `id` IN (0,1,10,4) [ RunTime:0.000782s ]
[2023-02-21T16:04:40+08:00][sql] SELECT * FROM `tp_field` WHERE  `module_id` = 24 [ RunTime:0.003069s ]
[2023-02-21T16:04:40+08:00][sql] SELECT * FROM `tp_module` WHERE  `id` = 24 [ RunTime:0.001555s ]
[2023-02-21T16:04:40+08:00][sql] SELECT * FROM `tp_dictionary_type` WHERE  `id` IN (0,1,10,4) [ RunTime:0.001073s ]
[2023-02-21T16:04:40+08:00][sql] SELECT * FROM `tp_cate` WHERE  `id` = 12 LIMIT 1 [ RunTime:0.001485s ]
[2023-02-21T16:04:40+08:00][sql] SELECT * FROM `tp_module` WHERE  `id` = 24 [ RunTime:0.001697s ]
[2023-02-21T16:04:40+08:00][sql] SELECT `id`,`parent_id` FROM `tp_cate` [ RunTime:0.000850s ]
[2023-02-21T16:04:40+08:00][sql] SELECT * FROM `tp_team` WHERE  (  status = 1  )  AND `cate_id` = 12 ORDER BY `sort` ASC,`id` DESC LIMIT 6 [ RunTime:0.001108s ]
[2023-02-21T16:04:40+08:00][sql] SELECT * FROM `tp_cate` WHERE  `id` = 12 [ RunTime:0.000776s ]
[2023-02-21T16:04:40+08:00][sql] SELECT * FROM `tp_cate` WHERE  `id` = 12 [ RunTime:0.000768s ]
[2023-02-21T16:04:40+08:00][sql] SELECT * FROM `tp_module` WHERE  `id` = 24 [ RunTime:0.000879s ]
[2023-02-21T16:04:40+08:00][sql] SELECT * FROM `tp_field` WHERE  `module_id` = 24 [ RunTime:0.001809s ]
[2023-02-21T16:04:40+08:00][sql] SELECT * FROM `tp_module` WHERE  `id` = 24 [ RunTime:0.001562s ]
[2023-02-21T16:04:40+08:00][sql] SELECT * FROM `tp_dictionary_type` WHERE  `id` IN (0,1,10,4) [ RunTime:0.000750s ]
[2023-02-21T16:04:40+08:00][sql] SELECT `dict_value`,`dict_label` FROM `tp_dictionary` WHERE  `dict_type` = '1' ORDER BY `sort` ASC,`id` DESC [ RunTime:0.002739s ]
[2023-02-21T16:04:40+08:00][sql] SELECT * FROM `tp_module` WHERE  `model_name` = 'Cate' LIMIT 1 [ RunTime:0.002680s ]
[2023-02-21T16:04:40+08:00][sql] SELECT * FROM `tp_field` WHERE  `module_id` = 20  AND `field` = 'sort' LIMIT 1 [ RunTime:0.001642s ]
[2023-02-21T16:04:40+08:00][sql] SELECT * FROM `tp_module` WHERE  `model_name` = 'Cate' LIMIT 1 [ RunTime:0.001695s ]
[2023-02-21T16:04:40+08:00][sql] SELECT `id` FROM `tp_module` WHERE  `model_name` = 'Cate' LIMIT 1 [ RunTime:0.001023s ]
[2023-02-21T16:04:40+08:00][sql] SELECT `field` FROM `tp_field` WHERE  ( field = 'pid' OR field = 'parent_id'  )  AND `module_id` = 20 LIMIT 1 [ RunTime:0.002687s ]
[2023-02-21T16:04:40+08:00][sql] SELECT `id`,`cate_name`,`parent_id` FROM `tp_cate` ORDER BY `sort` ASC,`id` DESC [ RunTime:0.002143s ]
[2023-02-21T16:04:40+08:00][sql] SELECT `id` FROM `tp_cate` WHERE  `module_id` = 24 [ RunTime:0.001767s ]
[2023-02-21T16:04:40+08:00][sql] SELECT `dict_value`,`dict_label` FROM `tp_dictionary` WHERE  `dict_type` = '10' ORDER BY `sort` ASC,`id` DESC [ RunTime:0.002019s ]
[2023-02-21T16:04:40+08:00][sql] SELECT `dict_value`,`dict_label` FROM `tp_dictionary` WHERE  `dict_type` = '4' ORDER BY `sort` ASC,`id` DESC [ RunTime:0.001144s ]
[2023-02-21T16:04:40+08:00][sql] SELECT * FROM `tp_module` WHERE  `model_name` = 'UsersType' LIMIT 1 [ RunTime:0.000979s ]
[2023-02-21T16:04:40+08:00][sql] SELECT * FROM `tp_field` WHERE  `module_id` = 6  AND `field` = 'sort' LIMIT 1 [ RunTime:0.001392s ]
[2023-02-21T16:04:40+08:00][sql] SELECT * FROM `tp_module` WHERE  `model_name` = 'UsersType' LIMIT 1 [ RunTime:0.000979s ]
[2023-02-21T16:04:40+08:00][sql] SELECT `id` FROM `tp_module` WHERE  `model_name` = 'UsersType' LIMIT 1 [ RunTime:0.000835s ]
[2023-02-21T16:04:40+08:00][sql] SELECT `field` FROM `tp_field` WHERE  ( field = 'pid' OR field = 'parent_id'  )  AND `module_id` = 6 LIMIT 1 [ RunTime:0.000974s ]
[2023-02-21T16:04:40+08:00][sql] SELECT `id`,`name` FROM `tp_users_type` ORDER BY `sort` ASC,`id` DESC [ RunTime:0.001406s ]
[2023-02-21T16:04:40+08:00][sql] SELECT * FROM `tp_field` WHERE  `module_id` = 24 [ RunTime:0.001721s ]
[2023-02-21T16:04:40+08:00][sql] SELECT * FROM `tp_module` WHERE  `id` = 24 [ RunTime:0.000644s ]
[2023-02-21T16:04:40+08:00][sql] SELECT * FROM `tp_dictionary_type` WHERE  `id` IN (0,1,10,4) [ RunTime:0.000518s ]
[2023-02-21T16:04:40+08:00][sql] SELECT * FROM `tp_field` WHERE  `module_id` = 24 [ RunTime:0.003687s ]
[2023-02-21T16:04:40+08:00][sql] SELECT * FROM `tp_module` WHERE  `id` = 24 [ RunTime:0.001521s ]
[2023-02-21T16:04:40+08:00][sql] SELECT * FROM `tp_dictionary_type` WHERE  `id` IN (0,1,10,4) [ RunTime:0.000961s ]
[2023-02-21T16:04:40+08:00][sql] SELECT * FROM `tp_field` WHERE  `module_id` = 24 [ RunTime:0.002175s ]
[2023-02-21T16:04:40+08:00][sql] SELECT * FROM `tp_module` WHERE  `id` = 24 [ RunTime:0.000887s ]
[2023-02-21T16:04:40+08:00][sql] SELECT * FROM `tp_dictionary_type` WHERE  `id` IN (0,1,10,4) [ RunTime:0.001049s ]
[2023-02-21T16:04:40+08:00][sql] SELECT * FROM `tp_field` WHERE  `module_id` = 24 [ RunTime:0.002772s ]
[2023-02-21T16:04:40+08:00][sql] SELECT * FROM `tp_module` WHERE  `id` = 24 [ RunTime:0.000796s ]
[2023-02-21T16:04:40+08:00][sql] SELECT * FROM `tp_dictionary_type` WHERE  `id` IN (0,1,10,4) [ RunTime:0.000595s ]
[2023-02-21T16:04:40+08:00][sql] SELECT * FROM `tp_field` WHERE  `module_id` = 24 [ RunTime:0.002999s ]
[2023-02-21T16:04:40+08:00][sql] SELECT * FROM `tp_module` WHERE  `id` = 24 [ RunTime:0.001155s ]
[2023-02-21T16:04:40+08:00][sql] SELECT * FROM `tp_dictionary_type` WHERE  `id` IN (0,1,10,4) [ RunTime:0.000956s ]
[2023-02-21T16:04:40+08:00][sql] SELECT * FROM `tp_field` WHERE  `module_id` = 24 [ RunTime:0.001894s ]
[2023-02-21T16:04:40+08:00][sql] SELECT * FROM `tp_module` WHERE  `id` = 24 [ RunTime:0.000698s ]
[2023-02-21T16:04:40+08:00][sql] SELECT * FROM `tp_dictionary_type` WHERE  `id` IN (0,1,10,4) [ RunTime:0.000707s ]
[2023-02-21T16:04:40+08:00][sql] SELECT * FROM `tp_cate` WHERE  `id` = 11 LIMIT 1 [ RunTime:0.000762s ]
[2023-02-21T16:04:40+08:00][sql] SELECT * FROM `tp_module` WHERE  `id` = 23 [ RunTime:0.000505s ]
[2023-02-21T16:04:40+08:00][sql] SELECT * FROM `tp_cate` WHERE  `id` = 11 LIMIT 1 [ RunTime:0.000660s ]
[2023-02-21T16:04:40+08:00][sql] SELECT * FROM `tp_module` WHERE  `id` = 23 [ RunTime:0.001196s ]
[2023-02-21T16:04:40+08:00][sql] SELECT * FROM `tp_cate` WHERE  `id` = 11 LIMIT 1 [ RunTime:0.001373s ]
[2023-02-21T16:04:40+08:00][sql] SELECT * FROM `tp_module` WHERE  `id` = 23 [ RunTime:0.000763s ]
[2023-02-21T16:04:40+08:00][sql] SELECT `id`,`parent_id` FROM `tp_cate` [ RunTime:0.000541s ]
[2023-02-21T16:04:40+08:00][sql] SHOW FULL COLUMNS FROM `tp_download` [ RunTime:0.014226s ]
[2023-02-21T16:04:40+08:00][sql] SELECT * FROM `tp_download` WHERE  (  status = 1  )  AND `cate_id` = 11 ORDER BY `sort` ASC,`id` DESC LIMIT 3 [ RunTime:0.001332s ]
[2023-02-21T16:04:40+08:00][sql] SELECT * FROM `tp_cate` WHERE  `id` = 11 [ RunTime:0.000623s ]
[2023-02-21T16:04:40+08:00][sql] SELECT * FROM `tp_cate` WHERE  `id` = 11 [ RunTime:0.001204s ]
[2023-02-21T16:04:40+08:00][sql] SELECT * FROM `tp_module` WHERE  `id` = 23 [ RunTime:0.000858s ]
[2023-02-21T16:04:40+08:00][sql] SELECT * FROM `tp_field` WHERE  `module_id` = 23 [ RunTime:0.002813s ]
[2023-02-21T16:04:40+08:00][sql] SELECT * FROM `tp_module` WHERE  `id` = 23 [ RunTime:0.000757s ]
[2023-02-21T16:04:40+08:00][sql] SELECT * FROM `tp_dictionary_type` WHERE  `id` IN (0,1) [ RunTime:0.001051s ]
[2023-02-21T16:04:40+08:00][sql] SELECT `dict_value`,`dict_label` FROM `tp_dictionary` WHERE  `dict_type` = '1' ORDER BY `sort` ASC,`id` DESC [ RunTime:0.001089s ]
[2023-02-21T16:04:40+08:00][sql] SELECT * FROM `tp_module` WHERE  `model_name` = 'Cate' LIMIT 1 [ RunTime:0.000692s ]
[2023-02-21T16:04:40+08:00][sql] SELECT * FROM `tp_field` WHERE  `module_id` = 20  AND `field` = 'sort' LIMIT 1 [ RunTime:0.001764s ]
[2023-02-21T16:04:40+08:00][sql] SELECT * FROM `tp_module` WHERE  `model_name` = 'Cate' LIMIT 1 [ RunTime:0.001051s ]
[2023-02-21T16:04:40+08:00][sql] SELECT `id` FROM `tp_module` WHERE  `model_name` = 'Cate' LIMIT 1 [ RunTime:0.000840s ]
[2023-02-21T16:04:40+08:00][sql] SELECT `field` FROM `tp_field` WHERE  ( field = 'pid' OR field = 'parent_id'  )  AND `module_id` = 20 LIMIT 1 [ RunTime:0.001603s ]
[2023-02-21T16:04:40+08:00][sql] SELECT `id`,`cate_name`,`parent_id` FROM `tp_cate` ORDER BY `sort` ASC,`id` DESC [ RunTime:0.001319s ]
[2023-02-21T16:04:40+08:00][sql] SELECT `id` FROM `tp_cate` WHERE  `module_id` = 23 [ RunTime:0.001672s ]
[2023-02-21T16:04:40+08:00][sql] SELECT * FROM `tp_module` WHERE  `model_name` = 'UsersType' LIMIT 1 [ RunTime:0.000615s ]
[2023-02-21T16:04:40+08:00][sql] SELECT * FROM `tp_field` WHERE  `module_id` = 6  AND `field` = 'sort' LIMIT 1 [ RunTime:0.000767s ]
[2023-02-21T16:04:40+08:00][sql] SELECT * FROM `tp_module` WHERE  `model_name` = 'UsersType' LIMIT 1 [ RunTime:0.000614s ]
[2023-02-21T16:04:40+08:00][sql] SELECT `id` FROM `tp_module` WHERE  `model_name` = 'UsersType' LIMIT 1 [ RunTime:0.000513s ]
[2023-02-21T16:04:40+08:00][sql] SELECT `field` FROM `tp_field` WHERE  ( field = 'pid' OR field = 'parent_id'  )  AND `module_id` = 6 LIMIT 1 [ RunTime:0.000815s ]
[2023-02-21T16:04:40+08:00][sql] SELECT `id`,`name` FROM `tp_users_type` ORDER BY `sort` ASC,`id` DESC [ RunTime:0.000520s ]
[2023-02-21T16:04:40+08:00][sql] SELECT * FROM `tp_field` WHERE  `module_id` = 23 [ RunTime:0.001974s ]
[2023-02-21T16:04:40+08:00][sql] SELECT * FROM `tp_module` WHERE  `id` = 23 [ RunTime:0.000994s ]
[2023-02-21T16:04:40+08:00][sql] SELECT * FROM `tp_dictionary_type` WHERE  `id` IN (0,1) [ RunTime:0.001573s ]
[2023-02-21T16:04:40+08:00][sql] SELECT * FROM `tp_field` WHERE  `module_id` = 23 [ RunTime:0.002208s ]
[2023-02-21T16:04:40+08:00][sql] SELECT * FROM `tp_module` WHERE  `id` = 23 [ RunTime:0.000691s ]
[2023-02-21T16:04:40+08:00][sql] SELECT * FROM `tp_dictionary_type` WHERE  `id` IN (0,1) [ RunTime:0.000615s ]
[2023-02-21T16:04:40+08:00][sql] SELECT * FROM `tp_field` WHERE  `module_id` = 23 [ RunTime:0.005399s ]
[2023-02-21T16:04:40+08:00][sql] SELECT * FROM `tp_module` WHERE  `id` = 23 [ RunTime:0.001739s ]
[2023-02-21T16:04:40+08:00][sql] SELECT * FROM `tp_dictionary_type` WHERE  `id` IN (0,1) [ RunTime:0.000649s ]
[2023-02-21T16:04:40+08:00][sql] SELECT * FROM `tp_cate` WHERE  `id` = 17 LIMIT 1 [ RunTime:0.001100s ]
[2023-02-21T16:04:40+08:00][sql] SHOW FULL COLUMNS FROM `tp_link` [ RunTime:0.011455s ]
[2023-02-21T16:04:40+08:00][sql] SELECT * FROM `tp_link` WHERE  `status` = 1 ORDER BY `sort` ASC,`id` DESC [ RunTime:0.001421s ]
[2023-02-21T16:04:50+08:00][sql] CONNECT:[ UseTime:0.002003s ] mysql:host=127.0.0.1;port=3306;dbname=ztx;charset=utf8mb4
[2023-02-21T16:04:50+08:00][sql] SHOW FULL COLUMNS FROM `tp_system` [ RunTime:0.015736s ]
[2023-02-21T16:04:50+08:00][sql] SELECT * FROM `tp_system` WHERE  `id` = 1 LIMIT 1 [ RunTime:0.000756s ]
[2023-02-21T16:04:50+08:00][sql] SHOW FULL COLUMNS FROM `tp_cate` [ RunTime:0.013114s ]
[2023-02-21T16:04:50+08:00][sql] SELECT `id`,`cate_name`,`cate_folder`,`module_id` FROM `tp_cate` ORDER BY `sort` ASC,`id` ASC [ RunTime:0.000598s ]
[2023-02-21T16:04:50+08:00][sql] SHOW FULL COLUMNS FROM `tp_module` [ RunTime:0.013044s ]
[2023-02-21T16:04:50+08:00][sql] SELECT * FROM `tp_module` WHERE  `id` = 18 LIMIT 1 [ RunTime:0.001630s ]
[2023-02-21T16:04:50+08:00][sql] SELECT * FROM `tp_module` WHERE  `id` = 19 LIMIT 1 [ RunTime:0.001280s ]
[2023-02-21T16:04:50+08:00][sql] SELECT * FROM `tp_module` WHERE  `id` = 21 LIMIT 1 [ RunTime:0.000722s ]
[2023-02-21T16:04:50+08:00][sql] SELECT * FROM `tp_module` WHERE  `id` = 22 LIMIT 1 [ RunTime:0.001553s ]
[2023-02-21T16:04:50+08:00][sql] SELECT * FROM `tp_module` WHERE  `id` = 23 LIMIT 1 [ RunTime:0.001597s ]
[2023-02-21T16:04:50+08:00][sql] SELECT * FROM `tp_module` WHERE  `id` = 24 LIMIT 1 [ RunTime:0.000719s ]
[2023-02-21T16:04:50+08:00][sql] SELECT * FROM `tp_module` WHERE  `id` = 25 LIMIT 1 [ RunTime:0.001471s ]
[2023-02-21T16:04:50+08:00][sql] SELECT * FROM `tp_module` WHERE  `id` = 18 LIMIT 1 [ RunTime:0.001237s ]
[2023-02-21T16:04:50+08:00][sql] SELECT * FROM `tp_module` WHERE  `id` = 18 LIMIT 1 [ RunTime:0.000736s ]
[2023-02-21T16:04:50+08:00][sql] SELECT * FROM `tp_module` WHERE  `id` = 19 LIMIT 1 [ RunTime:0.000649s ]
[2023-02-21T16:04:50+08:00][sql] SELECT * FROM `tp_system` WHERE  `id` = 1 LIMIT 1 [ RunTime:0.001195s ]
[2023-02-21T16:04:50+08:00][sql] SELECT `module_id` FROM `tp_cate` WHERE  `cate_folder` = 'information' LIMIT 1 [ RunTime:0.000904s ]
[2023-02-21T16:04:50+08:00][sql] SELECT `table_name` FROM `tp_module` WHERE  `id` = 19 LIMIT 1 [ RunTime:0.000848s ]
[2023-02-21T16:04:50+08:00][sql] SHOW FULL COLUMNS FROM `tp_field` [ RunTime:0.008829s ]
[2023-02-21T16:04:50+08:00][sql] SELECT * FROM `tp_field` WHERE  `module_id` = 19 ORDER BY `sort` ASC,`id` ASC [ RunTime:0.000885s ]
[2023-02-21T16:04:50+08:00][sql] SELECT `id` FROM `tp_cate` WHERE  `cate_folder` = 'information' LIMIT 1 [ RunTime:0.000991s ]
[2023-02-21T16:04:50+08:00][sql] SELECT * FROM `tp_cate` WHERE  `id` = 6 LIMIT 1 [ RunTime:0.000918s ]
[2023-02-21T16:04:50+08:00][sql] SELECT `id`,`parent_id` FROM `tp_cate` [ RunTime:0.000554s ]
[2023-02-21T16:04:50+08:00][sql] SELECT * FROM `tp_cate` WHERE  `is_menu` = 1 ORDER BY `sort` ASC,`id` DESC [ RunTime:0.000860s ]
[2023-02-21T16:04:50+08:00][sql] SELECT * FROM `tp_module` WHERE  `id` IN (18,19,21,22,23,24,25) [ RunTime:0.000553s ]
[2023-02-21T16:04:50+08:00][sql] SELECT * FROM `tp_cate` WHERE  `is_menu` = 1 ORDER BY `sort` ASC,`id` DESC [ RunTime:0.001042s ]
[2023-02-21T16:04:50+08:00][sql] SELECT * FROM `tp_module` WHERE  `id` IN (18,19,21,22,23,24,25) [ RunTime:0.000538s ]
[2023-02-21T16:04:50+08:00][sql] SELECT * FROM `tp_cate` WHERE  `id` = 4 LIMIT 1 [ RunTime:0.000512s ]
[2023-02-21T16:04:50+08:00][sql] SELECT * FROM `tp_module` WHERE  `id` = 19 [ RunTime:0.000632s ]
[2023-02-21T16:04:50+08:00][sql] SELECT * FROM `tp_cate` WHERE  `id` = 4 LIMIT 1 [ RunTime:0.000968s ]
[2023-02-21T16:04:50+08:00][sql] SELECT * FROM `tp_module` WHERE  `id` = 19 [ RunTime:0.000980s ]
[2023-02-21T16:04:50+08:00][sql] SELECT * FROM `tp_cate` WHERE  `id` = 4 LIMIT 1 [ RunTime:0.000623s ]
[2023-02-21T16:04:50+08:00][sql] SELECT * FROM `tp_module` WHERE  `id` = 19 [ RunTime:0.000448s ]
[2023-02-21T16:04:50+08:00][sql] SELECT * FROM `tp_cate` [ RunTime:0.000452s ]
[2023-02-21T16:04:50+08:00][sql] SELECT * FROM `tp_module` WHERE  `id` IN (18,19,21,22,23,24,25) [ RunTime:0.000639s ]
[2023-02-21T16:04:50+08:00][sql] SELECT `id` FROM `tp_cate` WHERE  `cate_folder` = 'information' LIMIT 1 [ RunTime:0.001202s ]
[2023-02-21T16:04:50+08:00][sql] SELECT * FROM `tp_cate` WHERE  `is_menu` = 1 ORDER BY `sort` ASC,`id` DESC [ RunTime:0.001011s ]
[2023-02-21T16:04:50+08:00][sql] SELECT * FROM `tp_module` WHERE  `id` IN (18,19,21,22,23,24,25) [ RunTime:0.000608s ]
[2023-02-21T16:04:50+08:00][sql] SELECT `id` FROM `tp_cate` WHERE  `cate_folder` = 'information' LIMIT 1 [ RunTime:0.000477s ]
[2023-02-21T16:04:50+08:00][sql] SELECT * FROM `tp_cate` WHERE  `id` = 6 LIMIT 1 [ RunTime:0.000442s ]
[2023-02-21T16:04:50+08:00][sql] SELECT * FROM `tp_module` WHERE  `id` = 19 [ RunTime:0.000593s ]
[2023-02-21T16:04:50+08:00][sql] SELECT `id`,`parent_id` FROM `tp_cate` [ RunTime:0.000656s ]
[2023-02-21T16:04:50+08:00][sql] SHOW FULL COLUMNS FROM `tp_article` [ RunTime:0.012126s ]
[2023-02-21T16:04:50+08:00][sql] SELECT COUNT(*) AS think_count FROM `tp_article` WHERE  (  status = 1  )  AND `cate_id` = 6 LIMIT 1 [ RunTime:0.000822s ]
[2023-02-21T16:04:50+08:00][sql] SELECT * FROM `tp_article` WHERE  (  status = 1  )  AND `cate_id` = 6 ORDER BY `sort` ASC,`id` DESC LIMIT 0,10 [ RunTime:0.000730s ]
[2023-02-21T16:04:50+08:00][sql] SELECT * FROM `tp_cate` WHERE  `id` = 6 [ RunTime:0.000526s ]
[2023-02-21T16:04:50+08:00][sql] SELECT * FROM `tp_cate` WHERE  `id` = 6 [ RunTime:0.000477s ]
[2023-02-21T16:04:50+08:00][sql] SELECT * FROM `tp_module` WHERE  `id` = 19 [ RunTime:0.000444s ]
[2023-02-21T16:04:50+08:00][sql] SELECT * FROM `tp_field` WHERE  `module_id` = 19 [ RunTime:0.001711s ]
[2023-02-21T16:04:50+08:00][sql] SELECT * FROM `tp_module` WHERE  `id` = 19 [ RunTime:0.000805s ]
[2023-02-21T16:04:50+08:00][sql] SHOW FULL COLUMNS FROM `tp_dictionary_type` [ RunTime:0.009821s ]
[2023-02-21T16:04:50+08:00][sql] SELECT * FROM `tp_dictionary_type` WHERE  `id` IN (0,1) [ RunTime:0.000510s ]
[2023-02-21T16:04:50+08:00][sql] SHOW FULL COLUMNS FROM `tp_dictionary` [ RunTime:0.010282s ]
[2023-02-21T16:04:50+08:00][sql] SELECT `dict_value`,`dict_label` FROM `tp_dictionary` WHERE  `dict_type` = '1' ORDER BY `sort` ASC,`id` DESC [ RunTime:0.000560s ]
[2023-02-21T16:04:50+08:00][sql] SELECT * FROM `tp_module` WHERE  `model_name` = 'Cate' LIMIT 1 [ RunTime:0.000483s ]
[2023-02-21T16:04:50+08:00][sql] SELECT * FROM `tp_field` WHERE  `module_id` = 20  AND `field` = 'sort' LIMIT 1 [ RunTime:0.000811s ]
[2023-02-21T16:04:50+08:00][sql] SELECT * FROM `tp_module` WHERE  `model_name` = 'Cate' LIMIT 1 [ RunTime:0.000453s ]
[2023-02-21T16:04:50+08:00][sql] SELECT `id` FROM `tp_module` WHERE  `model_name` = 'Cate' LIMIT 1 [ RunTime:0.000563s ]
[2023-02-21T16:04:50+08:00][sql] SELECT `field` FROM `tp_field` WHERE  ( field = 'pid' OR field = 'parent_id'  )  AND `module_id` = 20 LIMIT 1 [ RunTime:0.000499s ]
[2023-02-21T16:04:50+08:00][sql] SELECT `id`,`cate_name`,`parent_id` FROM `tp_cate` ORDER BY `sort` ASC,`id` DESC [ RunTime:0.000386s ]
[2023-02-21T16:04:50+08:00][sql] SELECT `id` FROM `tp_cate` WHERE  `module_id` = 19 [ RunTime:0.000361s ]
[2023-02-21T16:04:50+08:00][sql] SELECT * FROM `tp_module` WHERE  `model_name` = 'UsersType' LIMIT 1 [ RunTime:0.000422s ]
[2023-02-21T16:04:50+08:00][sql] SELECT * FROM `tp_field` WHERE  `module_id` = 6  AND `field` = 'sort' LIMIT 1 [ RunTime:0.001326s ]
[2023-02-21T16:04:50+08:00][sql] SELECT * FROM `tp_module` WHERE  `model_name` = 'UsersType' LIMIT 1 [ RunTime:0.001219s ]
[2023-02-21T16:04:50+08:00][sql] SELECT `id` FROM `tp_module` WHERE  `model_name` = 'UsersType' LIMIT 1 [ RunTime:0.000518s ]
[2023-02-21T16:04:50+08:00][sql] SELECT `field` FROM `tp_field` WHERE  ( field = 'pid' OR field = 'parent_id'  )  AND `module_id` = 6 LIMIT 1 [ RunTime:0.000816s ]
[2023-02-21T16:04:50+08:00][sql] SHOW FULL COLUMNS FROM `tp_users_type` [ RunTime:0.007715s ]
[2023-02-21T16:04:50+08:00][sql] SELECT `id`,`name` FROM `tp_users_type` ORDER BY `sort` ASC,`id` DESC [ RunTime:0.000501s ]
[2023-02-21T16:04:50+08:00][sql] SELECT * FROM `tp_field` WHERE  `module_id` = 19 [ RunTime:0.001239s ]
[2023-02-21T16:04:50+08:00][sql] SELECT * FROM `tp_module` WHERE  `id` = 19 [ RunTime:0.001005s ]
[2023-02-21T16:04:50+08:00][sql] SELECT * FROM `tp_dictionary_type` WHERE  `id` IN (0,1) [ RunTime:0.001343s ]
[2023-02-21T16:04:50+08:00][sql] SELECT * FROM `tp_field` WHERE  `module_id` = 19 [ RunTime:0.001640s ]
[2023-02-21T16:04:50+08:00][sql] SELECT * FROM `tp_module` WHERE  `id` = 19 [ RunTime:0.000461s ]
[2023-02-21T16:04:50+08:00][sql] SELECT * FROM `tp_dictionary_type` WHERE  `id` IN (0,1) [ RunTime:0.000384s ]
[2023-02-21T16:04:50+08:00][sql] SELECT * FROM `tp_field` WHERE  `module_id` = 19 [ RunTime:0.001649s ]
[2023-02-21T16:04:50+08:00][sql] SELECT * FROM `tp_module` WHERE  `id` = 19 [ RunTime:0.000935s ]
[2023-02-21T16:04:50+08:00][sql] SELECT * FROM `tp_dictionary_type` WHERE  `id` IN (0,1) [ RunTime:0.001106s ]
[2023-02-21T16:04:50+08:00][sql] SELECT * FROM `tp_field` WHERE  `module_id` = 19 [ RunTime:0.001567s ]
[2023-02-21T16:04:50+08:00][sql] SELECT * FROM `tp_module` WHERE  `id` = 19 [ RunTime:0.000581s ]
[2023-02-21T16:04:50+08:00][sql] SELECT * FROM `tp_dictionary_type` WHERE  `id` IN (0,1) [ RunTime:0.000500s ]
[2023-02-21T16:04:50+08:00][sql] SHOW FULL COLUMNS FROM `tp_link` [ RunTime:0.013666s ]
[2023-02-21T16:04:50+08:00][sql] SELECT * FROM `tp_link` WHERE  `status` = 1 ORDER BY `sort` ASC,`id` DESC [ RunTime:0.000547s ]
