[2023-02-23T22:06:00+08:00][sql] CONNECT:[ UseTime:0.011311s ] mysql:host=127.0.0.1;port=3306;dbname=ztx;charset=utf8mb4
[2023-02-23T22:06:00+08:00][sql] SHOW FULL COLUMNS FROM `tp_system` [ RunTime:0.009165s ]
[2023-02-23T22:06:00+08:00][sql] SELECT * FROM `tp_system` WHERE  `id` = 1 LIMIT 1 [ RunTime:0.000651s ]
[2023-02-23T22:06:00+08:00][sql] SHOW FULL COLUMNS FROM `tp_cate` [ RunTime:0.008113s ]
[2023-02-23T22:06:00+08:00][sql] SELECT `id`,`cate_name`,`cate_folder`,`module_id` FROM `tp_cate` ORDER BY `sort` ASC,`id` ASC [ RunTime:0.000617s ]
[2023-02-23T22:06:00+08:00][sql] SHOW FULL COLUMNS FROM `tp_module` [ RunTime:0.008797s ]
[2023-02-23T22:06:00+08:00][sql] SELECT * FROM `tp_module` WHERE  `id` = 18 LIMIT 1 [ RunTime:0.000609s ]
[2023-02-23T22:06:00+08:00][sql] SELECT * FROM `tp_module` WHERE  `id` = 19 LIMIT 1 [ RunTime:0.000534s ]
[2023-02-23T22:06:00+08:00][sql] SELECT * FROM `tp_module` WHERE  `id` = 21 LIMIT 1 [ RunTime:0.000462s ]
[2023-02-23T22:06:00+08:00][sql] SELECT * FROM `tp_module` WHERE  `id` = 22 LIMIT 1 [ RunTime:0.000420s ]
[2023-02-23T22:06:00+08:00][sql] SELECT * FROM `tp_module` WHERE  `id` = 23 LIMIT 1 [ RunTime:0.000414s ]
[2023-02-23T22:06:00+08:00][sql] SELECT * FROM `tp_module` WHERE  `id` = 24 LIMIT 1 [ RunTime:0.000443s ]
[2023-02-23T22:06:00+08:00][sql] SELECT * FROM `tp_module` WHERE  `id` = 25 LIMIT 1 [ RunTime:0.000392s ]
[2023-02-23T22:06:00+08:00][sql] SELECT * FROM `tp_module` WHERE  `id` = 18 LIMIT 1 [ RunTime:0.000391s ]
[2023-02-23T22:06:00+08:00][sql] SELECT * FROM `tp_module` WHERE  `id` = 18 LIMIT 1 [ RunTime:0.000390s ]
[2023-02-23T22:06:00+08:00][sql] SELECT * FROM `tp_module` WHERE  `id` = 19 LIMIT 1 [ RunTime:0.000443s ]
[2023-02-23T22:06:00+08:00][sql] SELECT * FROM `tp_system` WHERE  `id` = 1 LIMIT 1 [ RunTime:0.000775s ]
[2023-02-23T22:06:00+08:00][sql] SELECT * FROM `tp_cate` WHERE  `is_menu` = 1 ORDER BY `sort` ASC,`id` DESC [ RunTime:0.000780s ]
[2023-02-23T22:06:00+08:00][sql] SELECT * FROM `tp_module` WHERE  `id` IN (18,19,21,22,23,24,25) [ RunTime:0.000714s ]
[2023-02-23T22:06:00+08:00][sql] SELECT * FROM `tp_cate` WHERE  `is_menu` = 1 ORDER BY `sort` ASC,`id` DESC [ RunTime:0.001129s ]
[2023-02-23T22:06:00+08:00][sql] SELECT * FROM `tp_module` WHERE  `id` IN (18,19,21,22,23,24,25) [ RunTime:0.000726s ]
[2023-02-23T22:06:00+08:00][sql] SHOW FULL COLUMNS FROM `tp_ad` [ RunTime:0.007730s ]
[2023-02-23T22:06:00+08:00][sql] SELECT * FROM `tp_ad` WHERE  `status` = 1  AND `type_id` = 1 ORDER BY `sort` ASC,`id` DESC [ RunTime:0.001290s ]
[2023-02-23T22:06:00+08:00][sql] SELECT * FROM `tp_ad` WHERE  `status` = 1  AND `type_id` = 1 ORDER BY `sort` ASC,`id` DESC [ RunTime:0.000872s ]
[2023-02-23T22:06:00+08:00][sql] SHOW FULL COLUMNS FROM `tp_debris` [ RunTime:0.007608s ]
[2023-02-23T22:06:00+08:00][sql] SELECT `content` FROM `tp_debris` WHERE  `name` = 'AboutUs'  AND `status` = 1 LIMIT 1 [ RunTime:0.001147s ]
[2023-02-23T22:06:00+08:00][sql] SELECT * FROM `tp_cate` WHERE  `id` = 6 LIMIT 1 [ RunTime:0.000520s ]
[2023-02-23T22:06:00+08:00][sql] SELECT * FROM `tp_module` WHERE  `id` = 19 [ RunTime:0.000433s ]
[2023-02-23T22:06:00+08:00][sql] SELECT * FROM `tp_cate` WHERE  `id` = 8 LIMIT 1 [ RunTime:0.000543s ]
[2023-02-23T22:06:00+08:00][sql] SELECT * FROM `tp_module` WHERE  `id` = 22 [ RunTime:0.000691s ]
[2023-02-23T22:06:00+08:00][sql] SELECT * FROM `tp_cate` WHERE  `id` = 8 LIMIT 1 [ RunTime:0.001196s ]
[2023-02-23T22:06:00+08:00][sql] SELECT * FROM `tp_module` WHERE  `id` = 22 [ RunTime:0.000743s ]
[2023-02-23T22:06:00+08:00][sql] SELECT * FROM `tp_cate` WHERE  `id` = 8 LIMIT 1 [ RunTime:0.000569s ]
[2023-02-23T22:06:00+08:00][sql] SELECT * FROM `tp_module` WHERE  `id` = 22 [ RunTime:0.000470s ]
[2023-02-23T22:06:00+08:00][sql] SELECT `id`,`parent_id` FROM `tp_cate` [ RunTime:0.000370s ]
[2023-02-23T22:06:00+08:00][sql] SHOW FULL COLUMNS FROM `tp_product` [ RunTime:0.008186s ]
[2023-02-23T22:06:00+08:00][sql] SELECT * FROM `tp_product` WHERE  (  status = 1  )  AND `cate_id` IN (8,9,10) ORDER BY `sort` ASC,`id` DESC LIMIT 4 [ RunTime:0.001593s ]
[2023-02-23T22:06:00+08:00][sql] SELECT * FROM `tp_cate` WHERE  `id` = 9 [ RunTime:0.000595s ]
[2023-02-23T22:06:00+08:00][sql] SELECT * FROM `tp_cate` WHERE  `id` = 9 [ RunTime:0.000530s ]
[2023-02-23T22:06:00+08:00][sql] SELECT * FROM `tp_module` WHERE  `id` = 22 [ RunTime:0.000457s ]
[2023-02-23T22:06:00+08:00][sql] SHOW FULL COLUMNS FROM `tp_field` [ RunTime:0.007494s ]
[2023-02-23T22:06:00+08:00][sql] SELECT * FROM `tp_field` WHERE  `module_id` = 22 [ RunTime:0.003433s ]
[2023-02-23T22:06:00+08:00][sql] SELECT * FROM `tp_module` WHERE  `id` = 22 [ RunTime:0.000606s ]
[2023-02-23T22:06:00+08:00][sql] SHOW FULL COLUMNS FROM `tp_dictionary_type` [ RunTime:0.007495s ]
[2023-02-23T22:06:00+08:00][sql] SELECT * FROM `tp_dictionary_type` WHERE  `id` IN (0,1) [ RunTime:0.000659s ]
[2023-02-23T22:06:00+08:00][sql] SHOW FULL COLUMNS FROM `tp_dictionary` [ RunTime:0.008574s ]
[2023-02-23T22:06:00+08:00][sql] SELECT `dict_value`,`dict_label` FROM `tp_dictionary` WHERE  `dict_type` = '1' ORDER BY `sort` ASC,`id` DESC [ RunTime:0.000589s ]
[2023-02-23T22:06:00+08:00][sql] SELECT * FROM `tp_module` WHERE  `model_name` = 'Cate' LIMIT 1 [ RunTime:0.000827s ]
[2023-02-23T22:06:00+08:00][sql] SELECT * FROM `tp_field` WHERE  `module_id` = 20  AND `field` = 'sort' LIMIT 1 [ RunTime:0.000966s ]
[2023-02-23T22:06:00+08:00][sql] SELECT * FROM `tp_module` WHERE  `model_name` = 'Cate' LIMIT 1 [ RunTime:0.000478s ]
[2023-02-23T22:06:00+08:00][sql] SELECT `id` FROM `tp_module` WHERE  `model_name` = 'Cate' LIMIT 1 [ RunTime:0.000369s ]
[2023-02-23T22:06:00+08:00][sql] SELECT `field` FROM `tp_field` WHERE  ( field = 'pid' OR field = 'parent_id'  )  AND `module_id` = 20 LIMIT 1 [ RunTime:0.000466s ]
[2023-02-23T22:06:00+08:00][sql] SELECT `id`,`cate_name`,`parent_id` FROM `tp_cate` ORDER BY `sort` ASC,`id` DESC [ RunTime:0.000390s ]
[2023-02-23T22:06:00+08:00][sql] SELECT `id` FROM `tp_cate` WHERE  `module_id` = 22 [ RunTime:0.000712s ]
[2023-02-23T22:06:00+08:00][sql] SELECT * FROM `tp_module` WHERE  `model_name` = 'UsersType' LIMIT 1 [ RunTime:0.000801s ]
[2023-02-23T22:06:00+08:00][sql] SELECT * FROM `tp_field` WHERE  `module_id` = 6  AND `field` = 'sort' LIMIT 1 [ RunTime:0.000799s ]
[2023-02-23T22:06:00+08:00][sql] SELECT * FROM `tp_module` WHERE  `model_name` = 'UsersType' LIMIT 1 [ RunTime:0.000446s ]
[2023-02-23T22:06:00+08:00][sql] SELECT `id` FROM `tp_module` WHERE  `model_name` = 'UsersType' LIMIT 1 [ RunTime:0.000355s ]
[2023-02-23T22:06:00+08:00][sql] SELECT `field` FROM `tp_field` WHERE  ( field = 'pid' OR field = 'parent_id'  )  AND `module_id` = 6 LIMIT 1 [ RunTime:0.000526s ]
[2023-02-23T22:06:00+08:00][sql] SHOW FULL COLUMNS FROM `tp_users_type` [ RunTime:0.007819s ]
[2023-02-23T22:06:00+08:00][sql] SELECT `id`,`name` FROM `tp_users_type` ORDER BY `sort` ASC,`id` DESC [ RunTime:0.001094s ]
[2023-02-23T22:06:00+08:00][sql] SELECT * FROM `tp_field` WHERE  `module_id` = 22 [ RunTime:0.001268s ]
[2023-02-23T22:06:00+08:00][sql] SELECT * FROM `tp_module` WHERE  `id` = 22 [ RunTime:0.000614s ]
[2023-02-23T22:06:00+08:00][sql] SELECT * FROM `tp_dictionary_type` WHERE  `id` IN (0,1) [ RunTime:0.000463s ]
[2023-02-23T22:06:00+08:00][sql] SELECT * FROM `tp_field` WHERE  `module_id` = 22 [ RunTime:0.001774s ]
[2023-02-23T22:06:00+08:00][sql] SELECT * FROM `tp_module` WHERE  `id` = 22 [ RunTime:0.000474s ]
[2023-02-23T22:06:00+08:00][sql] SELECT * FROM `tp_dictionary_type` WHERE  `id` IN (0,1) [ RunTime:0.000423s ]
[2023-02-23T22:06:00+08:00][sql] SELECT * FROM `tp_field` WHERE  `module_id` = 22 [ RunTime:0.002138s ]
[2023-02-23T22:06:00+08:00][sql] SELECT * FROM `tp_module` WHERE  `id` = 22 [ RunTime:0.000623s ]
[2023-02-23T22:06:00+08:00][sql] SELECT * FROM `tp_dictionary_type` WHERE  `id` IN (0,1) [ RunTime:0.000594s ]
[2023-02-23T22:06:00+08:00][sql] SELECT * FROM `tp_field` WHERE  `module_id` = 22 [ RunTime:0.002035s ]
[2023-02-23T22:06:00+08:00][sql] SELECT * FROM `tp_module` WHERE  `id` = 22 [ RunTime:0.000697s ]
[2023-02-23T22:06:00+08:00][sql] SELECT * FROM `tp_dictionary_type` WHERE  `id` IN (0,1) [ RunTime:0.000575s ]
[2023-02-23T22:06:00+08:00][sql] SELECT * FROM `tp_cate` WHERE  `id` = 4 LIMIT 1 [ RunTime:0.000716s ]
[2023-02-23T22:06:00+08:00][sql] SELECT * FROM `tp_module` WHERE  `id` = 19 [ RunTime:0.000566s ]
[2023-02-23T22:06:00+08:00][sql] SELECT * FROM `tp_cate` WHERE  `id` = 4 LIMIT 1 [ RunTime:0.000734s ]
[2023-02-23T22:06:00+08:00][sql] SELECT * FROM `tp_module` WHERE  `id` = 19 [ RunTime:0.000504s ]
[2023-02-23T22:06:00+08:00][sql] SELECT * FROM `tp_cate` WHERE  `id` = 4 LIMIT 1 [ RunTime:0.000563s ]
[2023-02-23T22:06:00+08:00][sql] SELECT * FROM `tp_module` WHERE  `id` = 19 [ RunTime:0.000659s ]
[2023-02-23T22:06:00+08:00][sql] SELECT `id`,`parent_id` FROM `tp_cate` [ RunTime:0.000518s ]
[2023-02-23T22:06:00+08:00][sql] SHOW FULL COLUMNS FROM `tp_article` [ RunTime:0.007702s ]
[2023-02-23T22:06:00+08:00][sql] SELECT * FROM `tp_article` WHERE  ( image <>'' AND status = 1  )  AND `cate_id` IN (4,5,6) ORDER BY `sort` ASC,`id` DESC LIMIT 4 [ RunTime:0.002058s ]
[2023-02-23T22:06:00+08:00][sql] SELECT * FROM `tp_cate` WHERE  `id` = 5 [ RunTime:0.000494s ]
[2023-02-23T22:06:00+08:00][sql] SELECT * FROM `tp_cate` WHERE  `id` = 5 [ RunTime:0.000408s ]
[2023-02-23T22:06:00+08:00][sql] SELECT * FROM `tp_module` WHERE  `id` = 19 [ RunTime:0.000420s ]
[2023-02-23T22:06:00+08:00][sql] SELECT * FROM `tp_field` WHERE  `module_id` = 19 [ RunTime:0.001165s ]
[2023-02-23T22:06:00+08:00][sql] SELECT * FROM `tp_module` WHERE  `id` = 19 [ RunTime:0.000841s ]
[2023-02-23T22:06:00+08:00][sql] SELECT * FROM `tp_dictionary_type` WHERE  `id` IN (0,1) [ RunTime:0.000713s ]
[2023-02-23T22:06:00+08:00][sql] SELECT `dict_value`,`dict_label` FROM `tp_dictionary` WHERE  `dict_type` = '1' ORDER BY `sort` ASC,`id` DESC [ RunTime:0.000601s ]
[2023-02-23T22:06:00+08:00][sql] SELECT * FROM `tp_module` WHERE  `model_name` = 'Cate' LIMIT 1 [ RunTime:0.000440s ]
[2023-02-23T22:06:00+08:00][sql] SELECT * FROM `tp_field` WHERE  `module_id` = 20  AND `field` = 'sort' LIMIT 1 [ RunTime:0.000848s ]
[2023-02-23T22:06:00+08:00][sql] SELECT * FROM `tp_module` WHERE  `model_name` = 'Cate' LIMIT 1 [ RunTime:0.000561s ]
[2023-02-23T22:06:00+08:00][sql] SELECT `id` FROM `tp_module` WHERE  `model_name` = 'Cate' LIMIT 1 [ RunTime:0.000627s ]
[2023-02-23T22:06:00+08:00][sql] SELECT `field` FROM `tp_field` WHERE  ( field = 'pid' OR field = 'parent_id'  )  AND `module_id` = 20 LIMIT 1 [ RunTime:0.000742s ]
[2023-02-23T22:06:00+08:00][sql] SELECT `id`,`cate_name`,`parent_id` FROM `tp_cate` ORDER BY `sort` ASC,`id` DESC [ RunTime:0.000394s ]
[2023-02-23T22:06:00+08:00][sql] SELECT `id` FROM `tp_cate` WHERE  `module_id` = 19 [ RunTime:0.000367s ]
[2023-02-23T22:06:00+08:00][sql] SELECT * FROM `tp_module` WHERE  `model_name` = 'UsersType' LIMIT 1 [ RunTime:0.000620s ]
[2023-02-23T22:06:00+08:00][sql] SELECT * FROM `tp_field` WHERE  `module_id` = 6  AND `field` = 'sort' LIMIT 1 [ RunTime:0.000560s ]
[2023-02-23T22:06:00+08:00][sql] SELECT * FROM `tp_module` WHERE  `model_name` = 'UsersType' LIMIT 1 [ RunTime:0.000404s ]
[2023-02-23T22:06:00+08:00][sql] SELECT `id` FROM `tp_module` WHERE  `model_name` = 'UsersType' LIMIT 1 [ RunTime:0.000342s ]
[2023-02-23T22:06:00+08:00][sql] SELECT `field` FROM `tp_field` WHERE  ( field = 'pid' OR field = 'parent_id'  )  AND `module_id` = 6 LIMIT 1 [ RunTime:0.000496s ]
[2023-02-23T22:06:00+08:00][sql] SELECT `id`,`name` FROM `tp_users_type` ORDER BY `sort` ASC,`id` DESC [ RunTime:0.000323s ]
[2023-02-23T22:06:00+08:00][sql] SELECT * FROM `tp_field` WHERE  `module_id` = 19 [ RunTime:0.001346s ]
[2023-02-23T22:06:00+08:00][sql] SELECT * FROM `tp_module` WHERE  `id` = 19 [ RunTime:0.000748s ]
[2023-02-23T22:06:00+08:00][sql] SELECT * FROM `tp_dictionary_type` WHERE  `id` IN (0,1) [ RunTime:0.000603s ]
[2023-02-23T22:06:00+08:00][sql] SELECT * FROM `tp_field` WHERE  `module_id` = 19 [ RunTime:0.001675s ]
[2023-02-23T22:06:00+08:00][sql] SELECT * FROM `tp_module` WHERE  `id` = 19 [ RunTime:0.000827s ]
[2023-02-23T22:06:00+08:00][sql] SELECT * FROM `tp_dictionary_type` WHERE  `id` IN (0,1) [ RunTime:0.000559s ]
[2023-02-23T22:06:00+08:00][sql] SELECT * FROM `tp_field` WHERE  `module_id` = 19 [ RunTime:0.001840s ]
[2023-02-23T22:06:00+08:00][sql] SELECT * FROM `tp_module` WHERE  `id` = 19 [ RunTime:0.000415s ]
[2023-02-23T22:06:00+08:00][sql] SELECT * FROM `tp_dictionary_type` WHERE  `id` IN (0,1) [ RunTime:0.000450s ]
[2023-02-23T22:06:00+08:00][sql] SELECT * FROM `tp_field` WHERE  `module_id` = 19 [ RunTime:0.001410s ]
[2023-02-23T22:06:00+08:00][sql] SELECT * FROM `tp_module` WHERE  `id` = 19 [ RunTime:0.000447s ]
[2023-02-23T22:06:00+08:00][sql] SELECT * FROM `tp_dictionary_type` WHERE  `id` IN (0,1) [ RunTime:0.000612s ]
[2023-02-23T22:06:00+08:00][sql] SELECT * FROM `tp_cate` WHERE  `id` = 7 LIMIT 1 [ RunTime:0.000771s ]
[2023-02-23T22:06:00+08:00][sql] SELECT * FROM `tp_module` WHERE  `id` = 21 [ RunTime:0.000424s ]
[2023-02-23T22:06:00+08:00][sql] SELECT * FROM `tp_cate` WHERE  `id` = 7 LIMIT 1 [ RunTime:0.000442s ]
[2023-02-23T22:06:00+08:00][sql] SELECT * FROM `tp_module` WHERE  `id` = 21 [ RunTime:0.000361s ]
[2023-02-23T22:06:00+08:00][sql] SELECT * FROM `tp_cate` WHERE  `id` = 7 LIMIT 1 [ RunTime:0.000444s ]
[2023-02-23T22:06:00+08:00][sql] SELECT * FROM `tp_module` WHERE  `id` = 21 [ RunTime:0.000393s ]
[2023-02-23T22:06:00+08:00][sql] SELECT `id`,`parent_id` FROM `tp_cate` [ RunTime:0.000345s ]
[2023-02-23T22:06:00+08:00][sql] SHOW FULL COLUMNS FROM `tp_picture` [ RunTime:0.009106s ]
[2023-02-23T22:06:00+08:00][sql] SELECT * FROM `tp_picture` WHERE  (  status = 1  )  AND `cate_id` = 7 ORDER BY `sort` ASC,`id` DESC LIMIT 3 [ RunTime:0.001174s ]
[2023-02-23T22:06:00+08:00][sql] SELECT * FROM `tp_cate` WHERE  `id` = 7 [ RunTime:0.000428s ]
[2023-02-23T22:06:00+08:00][sql] SELECT * FROM `tp_cate` WHERE  `id` = 7 [ RunTime:0.000387s ]
[2023-02-23T22:06:00+08:00][sql] SELECT * FROM `tp_module` WHERE  `id` = 21 [ RunTime:0.000397s ]
[2023-02-23T22:06:00+08:00][sql] SELECT * FROM `tp_field` WHERE  `module_id` = 21 [ RunTime:0.001115s ]
[2023-02-23T22:06:00+08:00][sql] SELECT * FROM `tp_module` WHERE  `id` = 21 [ RunTime:0.000410s ]
[2023-02-23T22:06:00+08:00][sql] SELECT * FROM `tp_dictionary_type` WHERE  `id` IN (0,1) [ RunTime:0.000485s ]
[2023-02-23T22:06:00+08:00][sql] SELECT `dict_value`,`dict_label` FROM `tp_dictionary` WHERE  `dict_type` = '1' ORDER BY `sort` ASC,`id` DESC [ RunTime:0.000684s ]
[2023-02-23T22:06:00+08:00][sql] SELECT * FROM `tp_module` WHERE  `model_name` = 'Cate' LIMIT 1 [ RunTime:0.000679s ]
[2023-02-23T22:06:00+08:00][sql] SELECT * FROM `tp_field` WHERE  `module_id` = 20  AND `field` = 'sort' LIMIT 1 [ RunTime:0.001242s ]
[2023-02-23T22:06:00+08:00][sql] SELECT * FROM `tp_module` WHERE  `model_name` = 'Cate' LIMIT 1 [ RunTime:0.000505s ]
[2023-02-23T22:06:00+08:00][sql] SELECT `id` FROM `tp_module` WHERE  `model_name` = 'Cate' LIMIT 1 [ RunTime:0.000354s ]
[2023-02-23T22:06:00+08:00][sql] SELECT `field` FROM `tp_field` WHERE  ( field = 'pid' OR field = 'parent_id'  )  AND `module_id` = 20 LIMIT 1 [ RunTime:0.000457s ]
[2023-02-23T22:06:00+08:00][sql] SELECT `id`,`cate_name`,`parent_id` FROM `tp_cate` ORDER BY `sort` ASC,`id` DESC [ RunTime:0.000374s ]
[2023-02-23T22:06:00+08:00][sql] SELECT `id` FROM `tp_cate` WHERE  `module_id` = 21 [ RunTime:0.000469s ]
[2023-02-23T22:06:00+08:00][sql] SELECT * FROM `tp_module` WHERE  `model_name` = 'UsersType' LIMIT 1 [ RunTime:0.000617s ]
[2023-02-23T22:06:00+08:00][sql] SELECT * FROM `tp_field` WHERE  `module_id` = 6  AND `field` = 'sort' LIMIT 1 [ RunTime:0.000539s ]
[2023-02-23T22:06:00+08:00][sql] SELECT * FROM `tp_module` WHERE  `model_name` = 'UsersType' LIMIT 1 [ RunTime:0.000413s ]
[2023-02-23T22:06:00+08:00][sql] SELECT `id` FROM `tp_module` WHERE  `model_name` = 'UsersType' LIMIT 1 [ RunTime:0.000338s ]
[2023-02-23T22:06:00+08:00][sql] SELECT `field` FROM `tp_field` WHERE  ( field = 'pid' OR field = 'parent_id'  )  AND `module_id` = 6 LIMIT 1 [ RunTime:0.000501s ]
[2023-02-23T22:06:00+08:00][sql] SELECT `id`,`name` FROM `tp_users_type` ORDER BY `sort` ASC,`id` DESC [ RunTime:0.000355s ]
[2023-02-23T22:06:00+08:00][sql] SELECT * FROM `tp_field` WHERE  `module_id` = 21 [ RunTime:0.001238s ]
[2023-02-23T22:06:00+08:00][sql] SELECT * FROM `tp_module` WHERE  `id` = 21 [ RunTime:0.000398s ]
[2023-02-23T22:06:00+08:00][sql] SELECT * FROM `tp_dictionary_type` WHERE  `id` IN (0,1) [ RunTime:0.000402s ]
[2023-02-23T22:06:00+08:00][sql] SELECT * FROM `tp_field` WHERE  `module_id` = 21 [ RunTime:0.002301s ]
[2023-02-23T22:06:00+08:00][sql] SELECT * FROM `tp_module` WHERE  `id` = 21 [ RunTime:0.000571s ]
[2023-02-23T22:06:00+08:00][sql] SELECT * FROM `tp_dictionary_type` WHERE  `id` IN (0,1) [ RunTime:0.000470s ]
[2023-02-23T22:06:00+08:00][sql] SELECT * FROM `tp_field` WHERE  `module_id` = 21 [ RunTime:0.001754s ]
[2023-02-23T22:06:00+08:00][sql] SELECT * FROM `tp_module` WHERE  `id` = 21 [ RunTime:0.000442s ]
[2023-02-23T22:06:00+08:00][sql] SELECT * FROM `tp_dictionary_type` WHERE  `id` IN (0,1) [ RunTime:0.000435s ]
[2023-02-23T22:06:00+08:00][sql] SELECT * FROM `tp_cate` WHERE  `id` = 12 LIMIT 1 [ RunTime:0.000684s ]
[2023-02-23T22:06:00+08:00][sql] SELECT * FROM `tp_module` WHERE  `id` = 24 [ RunTime:0.000851s ]
[2023-02-23T22:06:00+08:00][sql] SELECT `id`,`parent_id` FROM `tp_cate` [ RunTime:0.000568s ]
[2023-02-23T22:06:00+08:00][sql] SHOW FULL COLUMNS FROM `tp_team` [ RunTime:0.008006s ]
[2023-02-23T22:06:00+08:00][sql] SELECT * FROM `tp_team` WHERE  (  status = 1  )  AND `cate_id` = 12 ORDER BY `sort` ASC,`id` DESC LIMIT 6 [ RunTime:0.001281s ]
[2023-02-23T22:06:00+08:00][sql] SELECT * FROM `tp_cate` WHERE  `id` = 12 [ RunTime:0.000456s ]
[2023-02-23T22:06:00+08:00][sql] SELECT * FROM `tp_cate` WHERE  `id` = 12 [ RunTime:0.000405s ]
[2023-02-23T22:06:00+08:00][sql] SELECT * FROM `tp_module` WHERE  `id` = 24 [ RunTime:0.000618s ]
[2023-02-23T22:06:00+08:00][sql] SELECT * FROM `tp_field` WHERE  `module_id` = 24 [ RunTime:0.001753s ]
[2023-02-23T22:06:00+08:00][sql] SELECT * FROM `tp_module` WHERE  `id` = 24 [ RunTime:0.000895s ]
[2023-02-23T22:06:00+08:00][sql] SELECT * FROM `tp_dictionary_type` WHERE  `id` IN (0,1,10,4) [ RunTime:0.000470s ]
[2023-02-23T22:06:00+08:00][sql] SELECT `dict_value`,`dict_label` FROM `tp_dictionary` WHERE  `dict_type` = '1' ORDER BY `sort` ASC,`id` DESC [ RunTime:0.000726s ]
[2023-02-23T22:06:00+08:00][sql] SELECT * FROM `tp_module` WHERE  `model_name` = 'Cate' LIMIT 1 [ RunTime:0.000648s ]
[2023-02-23T22:06:00+08:00][sql] SELECT * FROM `tp_field` WHERE  `module_id` = 20  AND `field` = 'sort' LIMIT 1 [ RunTime:0.000965s ]
[2023-02-23T22:06:00+08:00][sql] SELECT * FROM `tp_module` WHERE  `model_name` = 'Cate' LIMIT 1 [ RunTime:0.000445s ]
[2023-02-23T22:06:00+08:00][sql] SELECT `id` FROM `tp_module` WHERE  `model_name` = 'Cate' LIMIT 1 [ RunTime:0.000335s ]
[2023-02-23T22:06:00+08:00][sql] SELECT `field` FROM `tp_field` WHERE  ( field = 'pid' OR field = 'parent_id'  )  AND `module_id` = 20 LIMIT 1 [ RunTime:0.000462s ]
[2023-02-23T22:06:00+08:00][sql] SELECT `id`,`cate_name`,`parent_id` FROM `tp_cate` ORDER BY `sort` ASC,`id` DESC [ RunTime:0.000369s ]
[2023-02-23T22:06:00+08:00][sql] SELECT `id` FROM `tp_cate` WHERE  `module_id` = 24 [ RunTime:0.000336s ]
[2023-02-23T22:06:00+08:00][sql] SELECT `dict_value`,`dict_label` FROM `tp_dictionary` WHERE  `dict_type` = '10' ORDER BY `sort` ASC,`id` DESC [ RunTime:0.000415s ]
[2023-02-23T22:06:00+08:00][sql] SELECT `dict_value`,`dict_label` FROM `tp_dictionary` WHERE  `dict_type` = '4' ORDER BY `sort` ASC,`id` DESC [ RunTime:0.000391s ]
[2023-02-23T22:06:00+08:00][sql] SELECT * FROM `tp_module` WHERE  `model_name` = 'UsersType' LIMIT 1 [ RunTime:0.000422s ]
[2023-02-23T22:06:00+08:00][sql] SELECT * FROM `tp_field` WHERE  `module_id` = 6  AND `field` = 'sort' LIMIT 1 [ RunTime:0.000748s ]
[2023-02-23T22:06:00+08:00][sql] SELECT * FROM `tp_module` WHERE  `model_name` = 'UsersType' LIMIT 1 [ RunTime:0.000697s ]
[2023-02-23T22:06:00+08:00][sql] SELECT `id` FROM `tp_module` WHERE  `model_name` = 'UsersType' LIMIT 1 [ RunTime:0.000370s ]
[2023-02-23T22:06:00+08:00][sql] SELECT `field` FROM `tp_field` WHERE  ( field = 'pid' OR field = 'parent_id'  )  AND `module_id` = 6 LIMIT 1 [ RunTime:0.000927s ]
[2023-02-23T22:06:00+08:00][sql] SELECT `id`,`name` FROM `tp_users_type` ORDER BY `sort` ASC,`id` DESC [ RunTime:0.000792s ]
[2023-02-23T22:06:00+08:00][sql] SELECT * FROM `tp_field` WHERE  `module_id` = 24 [ RunTime:0.001430s ]
[2023-02-23T22:06:00+08:00][sql] SELECT * FROM `tp_module` WHERE  `id` = 24 [ RunTime:0.000441s ]
[2023-02-23T22:06:00+08:00][sql] SELECT * FROM `tp_dictionary_type` WHERE  `id` IN (0,1,10,4) [ RunTime:0.000444s ]
[2023-02-23T22:06:00+08:00][sql] SELECT * FROM `tp_field` WHERE  `module_id` = 24 [ RunTime:0.001801s ]
[2023-02-23T22:06:00+08:00][sql] SELECT * FROM `tp_module` WHERE  `id` = 24 [ RunTime:0.000457s ]
[2023-02-23T22:06:00+08:00][sql] SELECT * FROM `tp_dictionary_type` WHERE  `id` IN (0,1,10,4) [ RunTime:0.000522s ]
[2023-02-23T22:06:00+08:00][sql] SELECT * FROM `tp_field` WHERE  `module_id` = 24 [ RunTime:0.001756s ]
[2023-02-23T22:06:00+08:00][sql] SELECT * FROM `tp_module` WHERE  `id` = 24 [ RunTime:0.000527s ]
[2023-02-23T22:06:00+08:00][sql] SELECT * FROM `tp_dictionary_type` WHERE  `id` IN (0,1,10,4) [ RunTime:0.000405s ]
[2023-02-23T22:06:00+08:00][sql] SELECT * FROM `tp_field` WHERE  `module_id` = 24 [ RunTime:0.001771s ]
[2023-02-23T22:06:00+08:00][sql] SELECT * FROM `tp_module` WHERE  `id` = 24 [ RunTime:0.000445s ]
[2023-02-23T22:06:00+08:00][sql] SELECT * FROM `tp_dictionary_type` WHERE  `id` IN (0,1,10,4) [ RunTime:0.000453s ]
[2023-02-23T22:06:00+08:00][sql] SELECT * FROM `tp_field` WHERE  `module_id` = 24 [ RunTime:0.001740s ]
[2023-02-23T22:06:00+08:00][sql] SELECT * FROM `tp_module` WHERE  `id` = 24 [ RunTime:0.001151s ]
[2023-02-23T22:06:00+08:00][sql] SELECT * FROM `tp_dictionary_type` WHERE  `id` IN (0,1,10,4) [ RunTime:0.000856s ]
[2023-02-23T22:06:00+08:00][sql] SELECT * FROM `tp_field` WHERE  `module_id` = 24 [ RunTime:0.001502s ]
[2023-02-23T22:06:00+08:00][sql] SELECT * FROM `tp_module` WHERE  `id` = 24 [ RunTime:0.000448s ]
[2023-02-23T22:06:00+08:00][sql] SELECT * FROM `tp_dictionary_type` WHERE  `id` IN (0,1,10,4) [ RunTime:0.000425s ]
[2023-02-23T22:06:00+08:00][sql] SELECT * FROM `tp_cate` WHERE  `id` = 12 LIMIT 1 [ RunTime:0.000799s ]
[2023-02-23T22:06:00+08:00][sql] SELECT * FROM `tp_module` WHERE  `id` = 24 [ RunTime:0.000858s ]
[2023-02-23T22:06:00+08:00][sql] SELECT `id`,`parent_id` FROM `tp_cate` [ RunTime:0.000393s ]
[2023-02-23T22:06:00+08:00][sql] SELECT * FROM `tp_team` WHERE  (  status = 1  )  AND `cate_id` = 12 ORDER BY `sort` ASC,`id` DESC LIMIT 6 [ RunTime:0.000611s ]
[2023-02-23T22:06:00+08:00][sql] SELECT * FROM `tp_cate` WHERE  `id` = 12 [ RunTime:0.000679s ]
[2023-02-23T22:06:00+08:00][sql] SELECT * FROM `tp_cate` WHERE  `id` = 12 [ RunTime:0.000805s ]
[2023-02-23T22:06:00+08:00][sql] SELECT * FROM `tp_module` WHERE  `id` = 24 [ RunTime:0.000574s ]
[2023-02-23T22:06:00+08:00][sql] SELECT * FROM `tp_field` WHERE  `module_id` = 24 [ RunTime:0.001158s ]
[2023-02-23T22:06:00+08:00][sql] SELECT * FROM `tp_module` WHERE  `id` = 24 [ RunTime:0.000621s ]
[2023-02-23T22:06:00+08:00][sql] SELECT * FROM `tp_dictionary_type` WHERE  `id` IN (0,1,10,4) [ RunTime:0.000439s ]
[2023-02-23T22:06:00+08:00][sql] SELECT `dict_value`,`dict_label` FROM `tp_dictionary` WHERE  `dict_type` = '1' ORDER BY `sort` ASC,`id` DESC [ RunTime:0.000433s ]
[2023-02-23T22:06:00+08:00][sql] SELECT * FROM `tp_module` WHERE  `model_name` = 'Cate' LIMIT 1 [ RunTime:0.000499s ]
[2023-02-23T22:06:00+08:00][sql] SELECT * FROM `tp_field` WHERE  `module_id` = 20  AND `field` = 'sort' LIMIT 1 [ RunTime:0.001071s ]
[2023-02-23T22:06:00+08:00][sql] SELECT * FROM `tp_module` WHERE  `model_name` = 'Cate' LIMIT 1 [ RunTime:0.000427s ]
[2023-02-23T22:06:00+08:00][sql] SELECT `id` FROM `tp_module` WHERE  `model_name` = 'Cate' LIMIT 1 [ RunTime:0.000343s ]
[2023-02-23T22:06:00+08:00][sql] SELECT `field` FROM `tp_field` WHERE  ( field = 'pid' OR field = 'parent_id'  )  AND `module_id` = 20 LIMIT 1 [ RunTime:0.000651s ]
[2023-02-23T22:06:00+08:00][sql] SELECT `id`,`cate_name`,`parent_id` FROM `tp_cate` ORDER BY `sort` ASC,`id` DESC [ RunTime:0.000546s ]
[2023-02-23T22:06:00+08:00][sql] SELECT `id` FROM `tp_cate` WHERE  `module_id` = 24 [ RunTime:0.000360s ]
[2023-02-23T22:06:00+08:00][sql] SELECT `dict_value`,`dict_label` FROM `tp_dictionary` WHERE  `dict_type` = '10' ORDER BY `sort` ASC,`id` DESC [ RunTime:0.000395s ]
[2023-02-23T22:06:00+08:00][sql] SELECT `dict_value`,`dict_label` FROM `tp_dictionary` WHERE  `dict_type` = '4' ORDER BY `sort` ASC,`id` DESC [ RunTime:0.000573s ]
[2023-02-23T22:06:00+08:00][sql] SELECT * FROM `tp_module` WHERE  `model_name` = 'UsersType' LIMIT 1 [ RunTime:0.000919s ]
[2023-02-23T22:06:00+08:00][sql] SELECT * FROM `tp_field` WHERE  `module_id` = 6  AND `field` = 'sort' LIMIT 1 [ RunTime:0.000682s ]
[2023-02-23T22:06:00+08:00][sql] SELECT * FROM `tp_module` WHERE  `model_name` = 'UsersType' LIMIT 1 [ RunTime:0.000437s ]
[2023-02-23T22:06:00+08:00][sql] SELECT `id` FROM `tp_module` WHERE  `model_name` = 'UsersType' LIMIT 1 [ RunTime:0.000344s ]
[2023-02-23T22:06:00+08:00][sql] SELECT `field` FROM `tp_field` WHERE  ( field = 'pid' OR field = 'parent_id'  )  AND `module_id` = 6 LIMIT 1 [ RunTime:0.000604s ]
[2023-02-23T22:06:00+08:00][sql] SELECT `id`,`name` FROM `tp_users_type` ORDER BY `sort` ASC,`id` DESC [ RunTime:0.000632s ]
[2023-02-23T22:06:00+08:00][sql] SELECT * FROM `tp_field` WHERE  `module_id` = 24 [ RunTime:0.001187s ]
[2023-02-23T22:06:00+08:00][sql] SELECT * FROM `tp_module` WHERE  `id` = 24 [ RunTime:0.000437s ]
[2023-02-23T22:06:00+08:00][sql] SELECT * FROM `tp_dictionary_type` WHERE  `id` IN (0,1,10,4) [ RunTime:0.000455s ]
[2023-02-23T22:06:00+08:00][sql] SELECT * FROM `tp_field` WHERE  `module_id` = 24 [ RunTime:0.001861s ]
[2023-02-23T22:06:00+08:00][sql] SELECT * FROM `tp_module` WHERE  `id` = 24 [ RunTime:0.000543s ]
[2023-02-23T22:06:00+08:00][sql] SELECT * FROM `tp_dictionary_type` WHERE  `id` IN (0,1,10,4) [ RunTime:0.000481s ]
[2023-02-23T22:06:00+08:00][sql] SELECT * FROM `tp_field` WHERE  `module_id` = 24 [ RunTime:0.001601s ]
[2023-02-23T22:06:00+08:00][sql] SELECT * FROM `tp_module` WHERE  `id` = 24 [ RunTime:0.000651s ]
[2023-02-23T22:06:00+08:00][sql] SELECT * FROM `tp_dictionary_type` WHERE  `id` IN (0,1,10,4) [ RunTime:0.000445s ]
[2023-02-23T22:06:00+08:00][sql] SELECT * FROM `tp_field` WHERE  `module_id` = 24 [ RunTime:0.001601s ]
[2023-02-23T22:06:00+08:00][sql] SELECT * FROM `tp_module` WHERE  `id` = 24 [ RunTime:0.000687s ]
[2023-02-23T22:06:00+08:00][sql] SELECT * FROM `tp_dictionary_type` WHERE  `id` IN (0,1,10,4) [ RunTime:0.000640s ]
[2023-02-23T22:06:00+08:00][sql] SELECT * FROM `tp_field` WHERE  `module_id` = 24 [ RunTime:0.001957s ]
[2023-02-23T22:06:00+08:00][sql] SELECT * FROM `tp_module` WHERE  `id` = 24 [ RunTime:0.001080s ]
[2023-02-23T22:06:00+08:00][sql] SELECT * FROM `tp_dictionary_type` WHERE  `id` IN (0,1,10,4) [ RunTime:0.000706s ]
[2023-02-23T22:06:00+08:00][sql] SELECT * FROM `tp_field` WHERE  `module_id` = 24 [ RunTime:0.002037s ]
[2023-02-23T22:06:00+08:00][sql] SELECT * FROM `tp_module` WHERE  `id` = 24 [ RunTime:0.000638s ]
[2023-02-23T22:06:00+08:00][sql] SELECT * FROM `tp_dictionary_type` WHERE  `id` IN (0,1,10,4) [ RunTime:0.000495s ]
[2023-02-23T22:06:00+08:00][sql] SELECT * FROM `tp_cate` WHERE  `id` = 11 LIMIT 1 [ RunTime:0.000774s ]
[2023-02-23T22:06:00+08:00][sql] SELECT * FROM `tp_module` WHERE  `id` = 23 [ RunTime:0.000707s ]
[2023-02-23T22:06:00+08:00][sql] SELECT * FROM `tp_cate` WHERE  `id` = 11 LIMIT 1 [ RunTime:0.000749s ]
[2023-02-23T22:06:00+08:00][sql] SELECT * FROM `tp_module` WHERE  `id` = 23 [ RunTime:0.000477s ]
[2023-02-23T22:06:00+08:00][sql] SELECT * FROM `tp_cate` WHERE  `id` = 11 LIMIT 1 [ RunTime:0.000491s ]
[2023-02-23T22:06:00+08:00][sql] SELECT * FROM `tp_module` WHERE  `id` = 23 [ RunTime:0.000409s ]
[2023-02-23T22:06:00+08:00][sql] SELECT `id`,`parent_id` FROM `tp_cate` [ RunTime:0.000345s ]
[2023-02-23T22:06:00+08:00][sql] SHOW FULL COLUMNS FROM `tp_download` [ RunTime:0.010215s ]
[2023-02-23T22:06:00+08:00][sql] SELECT * FROM `tp_download` WHERE  (  status = 1  )  AND `cate_id` = 11 ORDER BY `sort` ASC,`id` DESC LIMIT 3 [ RunTime:0.001518s ]
[2023-02-23T22:06:00+08:00][sql] SELECT * FROM `tp_cate` WHERE  `id` = 11 [ RunTime:0.000844s ]
[2023-02-23T22:06:00+08:00][sql] SELECT * FROM `tp_cate` WHERE  `id` = 11 [ RunTime:0.000688s ]
[2023-02-23T22:06:00+08:00][sql] SELECT * FROM `tp_module` WHERE  `id` = 23 [ RunTime:0.000538s ]
[2023-02-23T22:06:00+08:00][sql] SELECT * FROM `tp_field` WHERE  `module_id` = 23 [ RunTime:0.001545s ]
[2023-02-23T22:06:00+08:00][sql] SELECT * FROM `tp_module` WHERE  `id` = 23 [ RunTime:0.000680s ]
[2023-02-23T22:06:00+08:00][sql] SELECT * FROM `tp_dictionary_type` WHERE  `id` IN (0,1) [ RunTime:0.000585s ]
[2023-02-23T22:06:00+08:00][sql] SELECT `dict_value`,`dict_label` FROM `tp_dictionary` WHERE  `dict_type` = '1' ORDER BY `sort` ASC,`id` DESC [ RunTime:0.000617s ]
[2023-02-23T22:06:00+08:00][sql] SELECT * FROM `tp_module` WHERE  `model_name` = 'Cate' LIMIT 1 [ RunTime:0.000441s ]
[2023-02-23T22:06:00+08:00][sql] SELECT * FROM `tp_field` WHERE  `module_id` = 20  AND `field` = 'sort' LIMIT 1 [ RunTime:0.000841s ]
[2023-02-23T22:06:00+08:00][sql] SELECT * FROM `tp_module` WHERE  `model_name` = 'Cate' LIMIT 1 [ RunTime:0.000426s ]
[2023-02-23T22:06:00+08:00][sql] SELECT `id` FROM `tp_module` WHERE  `model_name` = 'Cate' LIMIT 1 [ RunTime:0.000418s ]
[2023-02-23T22:06:00+08:00][sql] SELECT `field` FROM `tp_field` WHERE  ( field = 'pid' OR field = 'parent_id'  )  AND `module_id` = 20 LIMIT 1 [ RunTime:0.000795s ]
[2023-02-23T22:06:00+08:00][sql] SELECT `id`,`cate_name`,`parent_id` FROM `tp_cate` ORDER BY `sort` ASC,`id` DESC [ RunTime:0.000649s ]
[2023-02-23T22:06:00+08:00][sql] SELECT `id` FROM `tp_cate` WHERE  `module_id` = 23 [ RunTime:0.000547s ]
[2023-02-23T22:06:00+08:00][sql] SELECT * FROM `tp_module` WHERE  `model_name` = 'UsersType' LIMIT 1 [ RunTime:0.000466s ]
[2023-02-23T22:06:00+08:00][sql] SELECT * FROM `tp_field` WHERE  `module_id` = 6  AND `field` = 'sort' LIMIT 1 [ RunTime:0.000564s ]
[2023-02-23T22:06:00+08:00][sql] SELECT * FROM `tp_module` WHERE  `model_name` = 'UsersType' LIMIT 1 [ RunTime:0.000403s ]
[2023-02-23T22:06:00+08:00][sql] SELECT `id` FROM `tp_module` WHERE  `model_name` = 'UsersType' LIMIT 1 [ RunTime:0.000343s ]
[2023-02-23T22:06:00+08:00][sql] SELECT `field` FROM `tp_field` WHERE  ( field = 'pid' OR field = 'parent_id'  )  AND `module_id` = 6 LIMIT 1 [ RunTime:0.000547s ]
[2023-02-23T22:06:00+08:00][sql] SELECT `id`,`name` FROM `tp_users_type` ORDER BY `sort` ASC,`id` DESC [ RunTime:0.000341s ]
[2023-02-23T22:06:00+08:00][sql] SELECT * FROM `tp_field` WHERE  `module_id` = 23 [ RunTime:0.001299s ]
[2023-02-23T22:06:00+08:00][sql] SELECT * FROM `tp_module` WHERE  `id` = 23 [ RunTime:0.000527s ]
[2023-02-23T22:06:00+08:00][sql] SELECT * FROM `tp_dictionary_type` WHERE  `id` IN (0,1) [ RunTime:0.000390s ]
[2023-02-23T22:06:00+08:00][sql] SELECT * FROM `tp_field` WHERE  `module_id` = 23 [ RunTime:0.001457s ]
[2023-02-23T22:06:00+08:00][sql] SELECT * FROM `tp_module` WHERE  `id` = 23 [ RunTime:0.000409s ]
[2023-02-23T22:06:00+08:00][sql] SELECT * FROM `tp_dictionary_type` WHERE  `id` IN (0,1) [ RunTime:0.000580s ]
[2023-02-23T22:06:00+08:00][sql] SELECT * FROM `tp_field` WHERE  `module_id` = 23 [ RunTime:0.001419s ]
[2023-02-23T22:06:00+08:00][sql] SELECT * FROM `tp_module` WHERE  `id` = 23 [ RunTime:0.000462s ]
[2023-02-23T22:06:00+08:00][sql] SELECT * FROM `tp_dictionary_type` WHERE  `id` IN (0,1) [ RunTime:0.000419s ]
[2023-02-23T22:06:00+08:00][sql] SELECT * FROM `tp_cate` WHERE  `id` = 17 LIMIT 1 [ RunTime:0.000655s ]
[2023-02-23T22:06:00+08:00][sql] SHOW FULL COLUMNS FROM `tp_link` [ RunTime:0.009256s ]
[2023-02-23T22:06:00+08:00][sql] SELECT * FROM `tp_link` WHERE  `status` = 1 ORDER BY `sort` ASC,`id` DESC [ RunTime:0.001145s ]
[2023-02-23T22:06:11+08:00][sql] CONNECT:[ UseTime:0.001093s ] mysql:host=127.0.0.1;port=3306;dbname=ztx;charset=utf8mb4
[2023-02-23T22:06:11+08:00][sql] SHOW FULL COLUMNS FROM `tp_system` [ RunTime:0.014194s ]
[2023-02-23T22:06:11+08:00][sql] SELECT * FROM `tp_system` WHERE  `id` = 1 LIMIT 1 [ RunTime:0.001004s ]
[2023-02-23T22:06:11+08:00][sql] SHOW FULL COLUMNS FROM `tp_cate` [ RunTime:0.009887s ]
[2023-02-23T22:06:11+08:00][sql] SELECT `id`,`cate_name`,`cate_folder`,`module_id` FROM `tp_cate` ORDER BY `sort` ASC,`id` ASC [ RunTime:0.000759s ]
[2023-02-23T22:06:11+08:00][sql] SHOW FULL COLUMNS FROM `tp_module` [ RunTime:0.011056s ]
[2023-02-23T22:06:11+08:00][sql] SELECT * FROM `tp_module` WHERE  `id` = 18 LIMIT 1 [ RunTime:0.000683s ]
[2023-02-23T22:06:11+08:00][sql] SELECT * FROM `tp_module` WHERE  `id` = 19 LIMIT 1 [ RunTime:0.000756s ]
[2023-02-23T22:06:11+08:00][sql] SELECT * FROM `tp_module` WHERE  `id` = 21 LIMIT 1 [ RunTime:0.000538s ]
[2023-02-23T22:06:11+08:00][sql] SELECT * FROM `tp_module` WHERE  `id` = 22 LIMIT 1 [ RunTime:0.000568s ]
[2023-02-23T22:06:11+08:00][sql] SELECT * FROM `tp_module` WHERE  `id` = 23 LIMIT 1 [ RunTime:0.000553s ]
[2023-02-23T22:06:11+08:00][sql] SELECT * FROM `tp_module` WHERE  `id` = 24 LIMIT 1 [ RunTime:0.000556s ]
[2023-02-23T22:06:11+08:00][sql] SELECT * FROM `tp_module` WHERE  `id` = 25 LIMIT 1 [ RunTime:0.000970s ]
[2023-02-23T22:06:11+08:00][sql] SELECT * FROM `tp_module` WHERE  `id` = 18 LIMIT 1 [ RunTime:0.000855s ]
[2023-02-23T22:06:11+08:00][sql] SELECT * FROM `tp_module` WHERE  `id` = 18 LIMIT 1 [ RunTime:0.000696s ]
[2023-02-23T22:06:11+08:00][sql] SELECT * FROM `tp_module` WHERE  `id` = 19 LIMIT 1 [ RunTime:0.000610s ]
[2023-02-23T22:06:11+08:00][sql] SELECT * FROM `tp_system` WHERE  `id` = 1 LIMIT 1 [ RunTime:0.000915s ]
[2023-02-23T22:06:11+08:00][sql] SELECT * FROM `tp_cate` WHERE  `is_menu` = 1 ORDER BY `sort` ASC,`id` DESC [ RunTime:0.001017s ]
[2023-02-23T22:06:11+08:00][sql] SELECT * FROM `tp_module` WHERE  `id` IN (18,19,21,22,23,24,25) [ RunTime:0.000680s ]
[2023-02-23T22:06:11+08:00][sql] SELECT * FROM `tp_cate` WHERE  `is_menu` = 1 ORDER BY `sort` ASC,`id` DESC [ RunTime:0.000842s ]
[2023-02-23T22:06:11+08:00][sql] SELECT * FROM `tp_module` WHERE  `id` IN (18,19,21,22,23,24,25) [ RunTime:0.000775s ]
[2023-02-23T22:06:11+08:00][sql] SHOW FULL COLUMNS FROM `tp_ad` [ RunTime:0.009773s ]
[2023-02-23T22:06:11+08:00][sql] SELECT * FROM `tp_ad` WHERE  `status` = 1  AND `type_id` = 1 ORDER BY `sort` ASC,`id` DESC [ RunTime:0.000889s ]
[2023-02-23T22:06:11+08:00][sql] SELECT * FROM `tp_ad` WHERE  `status` = 1  AND `type_id` = 1 ORDER BY `sort` ASC,`id` DESC [ RunTime:0.000689s ]
[2023-02-23T22:06:11+08:00][sql] SHOW FULL COLUMNS FROM `tp_debris` [ RunTime:0.008837s ]
[2023-02-23T22:06:11+08:00][sql] SELECT `content` FROM `tp_debris` WHERE  `name` = 'AboutUs'  AND `status` = 1 LIMIT 1 [ RunTime:0.000490s ]
[2023-02-23T22:06:11+08:00][sql] SELECT * FROM `tp_cate` WHERE  `id` = 6 LIMIT 1 [ RunTime:0.000430s ]
[2023-02-23T22:06:11+08:00][sql] SELECT * FROM `tp_module` WHERE  `id` = 19 [ RunTime:0.000436s ]
[2023-02-23T22:06:11+08:00][sql] SELECT * FROM `tp_cate` WHERE  `id` = 8 LIMIT 1 [ RunTime:0.000482s ]
[2023-02-23T22:06:11+08:00][sql] SELECT * FROM `tp_module` WHERE  `id` = 22 [ RunTime:0.000430s ]
[2023-02-23T22:06:11+08:00][sql] SELECT * FROM `tp_cate` WHERE  `id` = 8 LIMIT 1 [ RunTime:0.000778s ]
[2023-02-23T22:06:11+08:00][sql] SELECT * FROM `tp_module` WHERE  `id` = 22 [ RunTime:0.000459s ]
[2023-02-23T22:06:11+08:00][sql] SELECT * FROM `tp_cate` WHERE  `id` = 8 LIMIT 1 [ RunTime:0.000466s ]
[2023-02-23T22:06:11+08:00][sql] SELECT * FROM `tp_module` WHERE  `id` = 22 [ RunTime:0.000425s ]
[2023-02-23T22:06:11+08:00][sql] SELECT `id`,`parent_id` FROM `tp_cate` [ RunTime:0.000379s ]
[2023-02-23T22:06:11+08:00][sql] SHOW FULL COLUMNS FROM `tp_product` [ RunTime:0.008940s ]
[2023-02-23T22:06:11+08:00][sql] SELECT * FROM `tp_product` WHERE  (  status = 1  )  AND `cate_id` IN (8,9,10) ORDER BY `sort` ASC,`id` DESC LIMIT 4 [ RunTime:0.000750s ]
[2023-02-23T22:06:11+08:00][sql] SELECT * FROM `tp_cate` WHERE  `id` = 9 [ RunTime:0.000602s ]
[2023-02-23T22:06:11+08:00][sql] SELECT * FROM `tp_cate` WHERE  `id` = 9 [ RunTime:0.001156s ]
[2023-02-23T22:06:11+08:00][sql] SELECT * FROM `tp_module` WHERE  `id` = 22 [ RunTime:0.000913s ]
[2023-02-23T22:06:11+08:00][sql] SHOW FULL COLUMNS FROM `tp_field` [ RunTime:0.009952s ]
[2023-02-23T22:06:11+08:00][sql] SELECT * FROM `tp_field` WHERE  `module_id` = 22 [ RunTime:0.001769s ]
[2023-02-23T22:06:11+08:00][sql] SELECT * FROM `tp_module` WHERE  `id` = 22 [ RunTime:0.000729s ]
[2023-02-23T22:06:11+08:00][sql] SHOW FULL COLUMNS FROM `tp_dictionary_type` [ RunTime:0.011819s ]
[2023-02-23T22:06:11+08:00][sql] SELECT * FROM `tp_dictionary_type` WHERE  `id` IN (0,1) [ RunTime:0.000595s ]
[2023-02-23T22:06:11+08:00][sql] SHOW FULL COLUMNS FROM `tp_dictionary` [ RunTime:0.008911s ]
[2023-02-23T22:06:11+08:00][sql] SELECT `dict_value`,`dict_label` FROM `tp_dictionary` WHERE  `dict_type` = '1' ORDER BY `sort` ASC,`id` DESC [ RunTime:0.000595s ]
[2023-02-23T22:06:11+08:00][sql] SELECT * FROM `tp_module` WHERE  `model_name` = 'Cate' LIMIT 1 [ RunTime:0.000653s ]
[2023-02-23T22:06:11+08:00][sql] SELECT * FROM `tp_field` WHERE  `module_id` = 20  AND `field` = 'sort' LIMIT 1 [ RunTime:0.001354s ]
[2023-02-23T22:06:11+08:00][sql] SELECT * FROM `tp_module` WHERE  `model_name` = 'Cate' LIMIT 1 [ RunTime:0.000944s ]
[2023-02-23T22:06:11+08:00][sql] SELECT `id` FROM `tp_module` WHERE  `model_name` = 'Cate' LIMIT 1 [ RunTime:0.000576s ]
[2023-02-23T22:06:11+08:00][sql] SELECT `field` FROM `tp_field` WHERE  ( field = 'pid' OR field = 'parent_id'  )  AND `module_id` = 20 LIMIT 1 [ RunTime:0.000953s ]
[2023-02-23T22:06:11+08:00][sql] SELECT `id`,`cate_name`,`parent_id` FROM `tp_cate` ORDER BY `sort` ASC,`id` DESC [ RunTime:0.000820s ]
[2023-02-23T22:06:11+08:00][sql] SELECT `id` FROM `tp_cate` WHERE  `module_id` = 22 [ RunTime:0.000567s ]
[2023-02-23T22:06:11+08:00][sql] SELECT * FROM `tp_module` WHERE  `model_name` = 'UsersType' LIMIT 1 [ RunTime:0.000545s ]
[2023-02-23T22:06:11+08:00][sql] SELECT * FROM `tp_field` WHERE  `module_id` = 6  AND `field` = 'sort' LIMIT 1 [ RunTime:0.000679s ]
[2023-02-23T22:06:11+08:00][sql] SELECT * FROM `tp_module` WHERE  `model_name` = 'UsersType' LIMIT 1 [ RunTime:0.000522s ]
[2023-02-23T22:06:11+08:00][sql] SELECT `id` FROM `tp_module` WHERE  `model_name` = 'UsersType' LIMIT 1 [ RunTime:0.000443s ]
[2023-02-23T22:06:11+08:00][sql] SELECT `field` FROM `tp_field` WHERE  ( field = 'pid' OR field = 'parent_id'  )  AND `module_id` = 6 LIMIT 1 [ RunTime:0.000679s ]
[2023-02-23T22:06:11+08:00][sql] SHOW FULL COLUMNS FROM `tp_users_type` [ RunTime:0.009706s ]
[2023-02-23T22:06:11+08:00][sql] SELECT `id`,`name` FROM `tp_users_type` ORDER BY `sort` ASC,`id` DESC [ RunTime:0.000525s ]
[2023-02-23T22:06:11+08:00][sql] SELECT * FROM `tp_field` WHERE  `module_id` = 22 [ RunTime:0.001442s ]
[2023-02-23T22:06:11+08:00][sql] SELECT * FROM `tp_module` WHERE  `id` = 22 [ RunTime:0.000525s ]
[2023-02-23T22:06:11+08:00][sql] SELECT * FROM `tp_dictionary_type` WHERE  `id` IN (0,1) [ RunTime:0.000471s ]
[2023-02-23T22:06:11+08:00][sql] SELECT * FROM `tp_field` WHERE  `module_id` = 22 [ RunTime:0.002005s ]
[2023-02-23T22:06:11+08:00][sql] SELECT * FROM `tp_module` WHERE  `id` = 22 [ RunTime:0.000585s ]
[2023-02-23T22:06:11+08:00][sql] SELECT * FROM `tp_dictionary_type` WHERE  `id` IN (0,1) [ RunTime:0.000469s ]
[2023-02-23T22:06:11+08:00][sql] SELECT * FROM `tp_field` WHERE  `module_id` = 22 [ RunTime:0.001645s ]
[2023-02-23T22:06:11+08:00][sql] SELECT * FROM `tp_module` WHERE  `id` = 22 [ RunTime:0.000490s ]
[2023-02-23T22:06:11+08:00][sql] SELECT * FROM `tp_dictionary_type` WHERE  `id` IN (0,1) [ RunTime:0.000387s ]
[2023-02-23T22:06:11+08:00][sql] SELECT * FROM `tp_field` WHERE  `module_id` = 22 [ RunTime:0.001626s ]
[2023-02-23T22:06:11+08:00][sql] SELECT * FROM `tp_module` WHERE  `id` = 22 [ RunTime:0.000435s ]
[2023-02-23T22:06:11+08:00][sql] SELECT * FROM `tp_dictionary_type` WHERE  `id` IN (0,1) [ RunTime:0.000424s ]
[2023-02-23T22:06:11+08:00][sql] SELECT * FROM `tp_cate` WHERE  `id` = 4 LIMIT 1 [ RunTime:0.000526s ]
[2023-02-23T22:06:11+08:00][sql] SELECT * FROM `tp_module` WHERE  `id` = 19 [ RunTime:0.000455s ]
[2023-02-23T22:06:11+08:00][sql] SELECT * FROM `tp_cate` WHERE  `id` = 4 LIMIT 1 [ RunTime:0.001268s ]
[2023-02-23T22:06:11+08:00][sql] SELECT * FROM `tp_module` WHERE  `id` = 19 [ RunTime:0.001002s ]
[2023-02-23T22:06:11+08:00][sql] SELECT * FROM `tp_cate` WHERE  `id` = 4 LIMIT 1 [ RunTime:0.000744s ]
[2023-02-23T22:06:11+08:00][sql] SELECT * FROM `tp_module` WHERE  `id` = 19 [ RunTime:0.000537s ]
[2023-02-23T22:06:11+08:00][sql] SELECT `id`,`parent_id` FROM `tp_cate` [ RunTime:0.000600s ]
[2023-02-23T22:06:11+08:00][sql] SHOW FULL COLUMNS FROM `tp_article` [ RunTime:0.007292s ]
[2023-02-23T22:06:11+08:00][sql] SELECT * FROM `tp_article` WHERE  ( image <>'' AND status = 1  )  AND `cate_id` IN (4,5,6) ORDER BY `sort` ASC,`id` DESC LIMIT 4 [ RunTime:0.000780s ]
[2023-02-23T22:06:11+08:00][sql] SELECT * FROM `tp_cate` WHERE  `id` = 5 [ RunTime:0.000801s ]
[2023-02-23T22:06:11+08:00][sql] SELECT * FROM `tp_cate` WHERE  `id` = 5 [ RunTime:0.000730s ]
[2023-02-23T22:06:11+08:00][sql] SELECT * FROM `tp_module` WHERE  `id` = 19 [ RunTime:0.000494s ]
[2023-02-23T22:06:11+08:00][sql] SELECT * FROM `tp_field` WHERE  `module_id` = 19 [ RunTime:0.001159s ]
[2023-02-23T22:06:11+08:00][sql] SELECT * FROM `tp_module` WHERE  `id` = 19 [ RunTime:0.000443s ]
[2023-02-23T22:06:11+08:00][sql] SELECT * FROM `tp_dictionary_type` WHERE  `id` IN (0,1) [ RunTime:0.000417s ]
[2023-02-23T22:06:11+08:00][sql] SELECT `dict_value`,`dict_label` FROM `tp_dictionary` WHERE  `dict_type` = '1' ORDER BY `sort` ASC,`id` DESC [ RunTime:0.000515s ]
[2023-02-23T22:06:11+08:00][sql] SELECT * FROM `tp_module` WHERE  `model_name` = 'Cate' LIMIT 1 [ RunTime:0.000523s ]
[2023-02-23T22:06:11+08:00][sql] SELECT * FROM `tp_field` WHERE  `module_id` = 20  AND `field` = 'sort' LIMIT 1 [ RunTime:0.001071s ]
[2023-02-23T22:06:11+08:00][sql] SELECT * FROM `tp_module` WHERE  `model_name` = 'Cate' LIMIT 1 [ RunTime:0.000436s ]
[2023-02-23T22:06:11+08:00][sql] SELECT `id` FROM `tp_module` WHERE  `model_name` = 'Cate' LIMIT 1 [ RunTime:0.000352s ]
[2023-02-23T22:06:11+08:00][sql] SELECT `field` FROM `tp_field` WHERE  ( field = 'pid' OR field = 'parent_id'  )  AND `module_id` = 20 LIMIT 1 [ RunTime:0.000513s ]
[2023-02-23T22:06:11+08:00][sql] SELECT `id`,`cate_name`,`parent_id` FROM `tp_cate` ORDER BY `sort` ASC,`id` DESC [ RunTime:0.000448s ]
[2023-02-23T22:06:11+08:00][sql] SELECT `id` FROM `tp_cate` WHERE  `module_id` = 19 [ RunTime:0.000370s ]
[2023-02-23T22:06:11+08:00][sql] SELECT * FROM `tp_module` WHERE  `model_name` = 'UsersType' LIMIT 1 [ RunTime:0.000687s ]
[2023-02-23T22:06:11+08:00][sql] SELECT * FROM `tp_field` WHERE  `module_id` = 6  AND `field` = 'sort' LIMIT 1 [ RunTime:0.000808s ]
[2023-02-23T22:06:11+08:00][sql] SELECT * FROM `tp_module` WHERE  `model_name` = 'UsersType' LIMIT 1 [ RunTime:0.000447s ]
[2023-02-23T22:06:11+08:00][sql] SELECT `id` FROM `tp_module` WHERE  `model_name` = 'UsersType' LIMIT 1 [ RunTime:0.000341s ]
[2023-02-23T22:06:11+08:00][sql] SELECT `field` FROM `tp_field` WHERE  ( field = 'pid' OR field = 'parent_id'  )  AND `module_id` = 6 LIMIT 1 [ RunTime:0.000854s ]
[2023-02-23T22:06:11+08:00][sql] SELECT `id`,`name` FROM `tp_users_type` ORDER BY `sort` ASC,`id` DESC [ RunTime:0.000842s ]
[2023-02-23T22:06:11+08:00][sql] SELECT * FROM `tp_field` WHERE  `module_id` = 19 [ RunTime:0.001591s ]
[2023-02-23T22:06:11+08:00][sql] SELECT * FROM `tp_module` WHERE  `id` = 19 [ RunTime:0.000664s ]
[2023-02-23T22:06:11+08:00][sql] SELECT * FROM `tp_dictionary_type` WHERE  `id` IN (0,1) [ RunTime:0.000443s ]
[2023-02-23T22:06:11+08:00][sql] SELECT * FROM `tp_field` WHERE  `module_id` = 19 [ RunTime:0.001522s ]
[2023-02-23T22:06:11+08:00][sql] SELECT * FROM `tp_module` WHERE  `id` = 19 [ RunTime:0.000523s ]
[2023-02-23T22:06:11+08:00][sql] SELECT * FROM `tp_dictionary_type` WHERE  `id` IN (0,1) [ RunTime:0.000476s ]
[2023-02-23T22:06:11+08:00][sql] SELECT * FROM `tp_field` WHERE  `module_id` = 19 [ RunTime:0.001500s ]
[2023-02-23T22:06:11+08:00][sql] SELECT * FROM `tp_module` WHERE  `id` = 19 [ RunTime:0.000913s ]
[2023-02-23T22:06:11+08:00][sql] SELECT * FROM `tp_dictionary_type` WHERE  `id` IN (0,1) [ RunTime:0.000951s ]
[2023-02-23T22:06:11+08:00][sql] SELECT * FROM `tp_field` WHERE  `module_id` = 19 [ RunTime:0.001655s ]
[2023-02-23T22:06:11+08:00][sql] SELECT * FROM `tp_module` WHERE  `id` = 19 [ RunTime:0.000463s ]
[2023-02-23T22:06:11+08:00][sql] SELECT * FROM `tp_dictionary_type` WHERE  `id` IN (0,1) [ RunTime:0.000426s ]
[2023-02-23T22:06:11+08:00][sql] SELECT * FROM `tp_cate` WHERE  `id` = 7 LIMIT 1 [ RunTime:0.001195s ]
[2023-02-23T22:06:11+08:00][sql] SELECT * FROM `tp_module` WHERE  `id` = 21 [ RunTime:0.001229s ]
[2023-02-23T22:06:11+08:00][sql] SELECT * FROM `tp_cate` WHERE  `id` = 7 LIMIT 1 [ RunTime:0.000535s ]
[2023-02-23T22:06:11+08:00][sql] SELECT * FROM `tp_module` WHERE  `id` = 21 [ RunTime:0.000362s ]
[2023-02-23T22:06:11+08:00][sql] SELECT * FROM `tp_cate` WHERE  `id` = 7 LIMIT 1 [ RunTime:0.000765s ]
[2023-02-23T22:06:11+08:00][sql] SELECT * FROM `tp_module` WHERE  `id` = 21 [ RunTime:0.000688s ]
[2023-02-23T22:06:11+08:00][sql] SELECT `id`,`parent_id` FROM `tp_cate` [ RunTime:0.000435s ]
[2023-02-23T22:06:11+08:00][sql] SHOW FULL COLUMNS FROM `tp_picture` [ RunTime:0.007660s ]
[2023-02-23T22:06:11+08:00][sql] SELECT * FROM `tp_picture` WHERE  (  status = 1  )  AND `cate_id` = 7 ORDER BY `sort` ASC,`id` DESC LIMIT 3 [ RunTime:0.000804s ]
[2023-02-23T22:06:11+08:00][sql] SELECT * FROM `tp_cate` WHERE  `id` = 7 [ RunTime:0.000484s ]
[2023-02-23T22:06:11+08:00][sql] SELECT * FROM `tp_cate` WHERE  `id` = 7 [ RunTime:0.000411s ]
[2023-02-23T22:06:11+08:00][sql] SELECT * FROM `tp_module` WHERE  `id` = 21 [ RunTime:0.000403s ]
[2023-02-23T22:06:11+08:00][sql] SELECT * FROM `tp_field` WHERE  `module_id` = 21 [ RunTime:0.001220s ]
[2023-02-23T22:06:11+08:00][sql] SELECT * FROM `tp_module` WHERE  `id` = 21 [ RunTime:0.000609s ]
[2023-02-23T22:06:11+08:00][sql] SELECT * FROM `tp_dictionary_type` WHERE  `id` IN (0,1) [ RunTime:0.000417s ]
[2023-02-23T22:06:11+08:00][sql] SELECT `dict_value`,`dict_label` FROM `tp_dictionary` WHERE  `dict_type` = '1' ORDER BY `sort` ASC,`id` DESC [ RunTime:0.000596s ]
[2023-02-23T22:06:11+08:00][sql] SELECT * FROM `tp_module` WHERE  `model_name` = 'Cate' LIMIT 1 [ RunTime:0.000545s ]
[2023-02-23T22:06:11+08:00][sql] SELECT * FROM `tp_field` WHERE  `module_id` = 20  AND `field` = 'sort' LIMIT 1 [ RunTime:0.000976s ]
[2023-02-23T22:06:11+08:00][sql] SELECT * FROM `tp_module` WHERE  `model_name` = 'Cate' LIMIT 1 [ RunTime:0.000466s ]
[2023-02-23T22:06:11+08:00][sql] SELECT `id` FROM `tp_module` WHERE  `model_name` = 'Cate' LIMIT 1 [ RunTime:0.000368s ]
[2023-02-23T22:06:11+08:00][sql] SELECT `field` FROM `tp_field` WHERE  ( field = 'pid' OR field = 'parent_id'  )  AND `module_id` = 20 LIMIT 1 [ RunTime:0.000489s ]
[2023-02-23T22:06:11+08:00][sql] SELECT `id`,`cate_name`,`parent_id` FROM `tp_cate` ORDER BY `sort` ASC,`id` DESC [ RunTime:0.000392s ]
[2023-02-23T22:06:11+08:00][sql] SELECT `id` FROM `tp_cate` WHERE  `module_id` = 21 [ RunTime:0.000715s ]
[2023-02-23T22:06:11+08:00][sql] SELECT * FROM `tp_module` WHERE  `model_name` = 'UsersType' LIMIT 1 [ RunTime:0.000603s ]
[2023-02-23T22:06:11+08:00][sql] SELECT * FROM `tp_field` WHERE  `module_id` = 6  AND `field` = 'sort' LIMIT 1 [ RunTime:0.000637s ]
[2023-02-23T22:06:11+08:00][sql] SELECT * FROM `tp_module` WHERE  `model_name` = 'UsersType' LIMIT 1 [ RunTime:0.000450s ]
[2023-02-23T22:06:11+08:00][sql] SELECT `id` FROM `tp_module` WHERE  `model_name` = 'UsersType' LIMIT 1 [ RunTime:0.000350s ]
[2023-02-23T22:06:11+08:00][sql] SELECT `field` FROM `tp_field` WHERE  ( field = 'pid' OR field = 'parent_id'  )  AND `module_id` = 6 LIMIT 1 [ RunTime:0.000516s ]
[2023-02-23T22:06:11+08:00][sql] SELECT `id`,`name` FROM `tp_users_type` ORDER BY `sort` ASC,`id` DESC [ RunTime:0.000357s ]
[2023-02-23T22:06:11+08:00][sql] SELECT * FROM `tp_field` WHERE  `module_id` = 21 [ RunTime:0.001320s ]
[2023-02-23T22:06:11+08:00][sql] SELECT * FROM `tp_module` WHERE  `id` = 21 [ RunTime:0.000739s ]
[2023-02-23T22:06:11+08:00][sql] SELECT * FROM `tp_dictionary_type` WHERE  `id` IN (0,1) [ RunTime:0.000758s ]
[2023-02-23T22:06:11+08:00][sql] SELECT * FROM `tp_field` WHERE  `module_id` = 21 [ RunTime:0.001715s ]
[2023-02-23T22:06:11+08:00][sql] SELECT * FROM `tp_module` WHERE  `id` = 21 [ RunTime:0.000515s ]
[2023-02-23T22:06:11+08:00][sql] SELECT * FROM `tp_dictionary_type` WHERE  `id` IN (0,1) [ RunTime:0.000686s ]
[2023-02-23T22:06:11+08:00][sql] SELECT * FROM `tp_field` WHERE  `module_id` = 21 [ RunTime:0.001715s ]
[2023-02-23T22:06:11+08:00][sql] SELECT * FROM `tp_module` WHERE  `id` = 21 [ RunTime:0.000506s ]
[2023-02-23T22:06:11+08:00][sql] SELECT * FROM `tp_dictionary_type` WHERE  `id` IN (0,1) [ RunTime:0.000434s ]
[2023-02-23T22:06:11+08:00][sql] SELECT * FROM `tp_cate` WHERE  `id` = 12 LIMIT 1 [ RunTime:0.000804s ]
[2023-02-23T22:06:11+08:00][sql] SELECT * FROM `tp_module` WHERE  `id` = 24 [ RunTime:0.000545s ]
[2023-02-23T22:06:11+08:00][sql] SELECT `id`,`parent_id` FROM `tp_cate` [ RunTime:0.000372s ]
[2023-02-23T22:06:11+08:00][sql] SHOW FULL COLUMNS FROM `tp_team` [ RunTime:0.008267s ]
[2023-02-23T22:06:11+08:00][sql] SELECT * FROM `tp_team` WHERE  (  status = 1  )  AND `cate_id` = 12 ORDER BY `sort` ASC,`id` DESC LIMIT 6 [ RunTime:0.000695s ]
[2023-02-23T22:06:11+08:00][sql] SELECT * FROM `tp_cate` WHERE  `id` = 12 [ RunTime:0.000783s ]
[2023-02-23T22:06:11+08:00][sql] SELECT * FROM `tp_cate` WHERE  `id` = 12 [ RunTime:0.000809s ]
[2023-02-23T22:06:11+08:00][sql] SELECT * FROM `tp_module` WHERE  `id` = 24 [ RunTime:0.000718s ]
[2023-02-23T22:06:11+08:00][sql] SELECT * FROM `tp_field` WHERE  `module_id` = 24 [ RunTime:0.001345s ]
[2023-02-23T22:06:11+08:00][sql] SELECT * FROM `tp_module` WHERE  `id` = 24 [ RunTime:0.000508s ]
[2023-02-23T22:06:11+08:00][sql] SELECT * FROM `tp_dictionary_type` WHERE  `id` IN (0,1,10,4) [ RunTime:0.000441s ]
[2023-02-23T22:06:11+08:00][sql] SELECT `dict_value`,`dict_label` FROM `tp_dictionary` WHERE  `dict_type` = '1' ORDER BY `sort` ASC,`id` DESC [ RunTime:0.000633s ]
[2023-02-23T22:06:11+08:00][sql] SELECT * FROM `tp_module` WHERE  `model_name` = 'Cate' LIMIT 1 [ RunTime:0.000441s ]
[2023-02-23T22:06:11+08:00][sql] SELECT * FROM `tp_field` WHERE  `module_id` = 20  AND `field` = 'sort' LIMIT 1 [ RunTime:0.000857s ]
[2023-02-23T22:06:11+08:00][sql] SELECT * FROM `tp_module` WHERE  `model_name` = 'Cate' LIMIT 1 [ RunTime:0.000425s ]
[2023-02-23T22:06:11+08:00][sql] SELECT `id` FROM `tp_module` WHERE  `model_name` = 'Cate' LIMIT 1 [ RunTime:0.000379s ]
[2023-02-23T22:06:11+08:00][sql] SELECT `field` FROM `tp_field` WHERE  ( field = 'pid' OR field = 'parent_id'  )  AND `module_id` = 20 LIMIT 1 [ RunTime:0.000446s ]
[2023-02-23T22:06:11+08:00][sql] SELECT `id`,`cate_name`,`parent_id` FROM `tp_cate` ORDER BY `sort` ASC,`id` DESC [ RunTime:0.000371s ]
[2023-02-23T22:06:11+08:00][sql] SELECT `id` FROM `tp_cate` WHERE  `module_id` = 24 [ RunTime:0.000344s ]
[2023-02-23T22:06:11+08:00][sql] SELECT `dict_value`,`dict_label` FROM `tp_dictionary` WHERE  `dict_type` = '10' ORDER BY `sort` ASC,`id` DESC [ RunTime:0.000388s ]
[2023-02-23T22:06:11+08:00][sql] SELECT `dict_value`,`dict_label` FROM `tp_dictionary` WHERE  `dict_type` = '4' ORDER BY `sort` ASC,`id` DESC [ RunTime:0.000389s ]
[2023-02-23T22:06:11+08:00][sql] SELECT * FROM `tp_module` WHERE  `model_name` = 'UsersType' LIMIT 1 [ RunTime:0.000411s ]
[2023-02-23T22:06:11+08:00][sql] SELECT * FROM `tp_field` WHERE  `module_id` = 6  AND `field` = 'sort' LIMIT 1 [ RunTime:0.000531s ]
[2023-02-23T22:06:11+08:00][sql] SELECT * FROM `tp_module` WHERE  `model_name` = 'UsersType' LIMIT 1 [ RunTime:0.000497s ]
[2023-02-23T22:06:11+08:00][sql] SELECT `id` FROM `tp_module` WHERE  `model_name` = 'UsersType' LIMIT 1 [ RunTime:0.000906s ]
[2023-02-23T22:06:11+08:00][sql] SELECT `field` FROM `tp_field` WHERE  ( field = 'pid' OR field = 'parent_id'  )  AND `module_id` = 6 LIMIT 1 [ RunTime:0.000923s ]
[2023-02-23T22:06:11+08:00][sql] SELECT `id`,`name` FROM `tp_users_type` ORDER BY `sort` ASC,`id` DESC [ RunTime:0.000506s ]
[2023-02-23T22:06:11+08:00][sql] SELECT * FROM `tp_field` WHERE  `module_id` = 24 [ RunTime:0.001265s ]
[2023-02-23T22:06:11+08:00][sql] SELECT * FROM `tp_module` WHERE  `id` = 24 [ RunTime:0.000401s ]
[2023-02-23T22:06:11+08:00][sql] SELECT * FROM `tp_dictionary_type` WHERE  `id` IN (0,1,10,4) [ RunTime:0.000833s ]
[2023-02-23T22:06:11+08:00][sql] SELECT * FROM `tp_field` WHERE  `module_id` = 24 [ RunTime:0.001624s ]
[2023-02-23T22:06:11+08:00][sql] SELECT * FROM `tp_module` WHERE  `id` = 24 [ RunTime:0.000447s ]
[2023-02-23T22:06:11+08:00][sql] SELECT * FROM `tp_dictionary_type` WHERE  `id` IN (0,1,10,4) [ RunTime:0.000429s ]
[2023-02-23T22:06:11+08:00][sql] SELECT * FROM `tp_field` WHERE  `module_id` = 24 [ RunTime:0.001802s ]
[2023-02-23T22:06:11+08:00][sql] SELECT * FROM `tp_module` WHERE  `id` = 24 [ RunTime:0.000554s ]
[2023-02-23T22:06:11+08:00][sql] SELECT * FROM `tp_dictionary_type` WHERE  `id` IN (0,1,10,4) [ RunTime:0.000469s ]
[2023-02-23T22:06:11+08:00][sql] SELECT * FROM `tp_field` WHERE  `module_id` = 24 [ RunTime:0.001748s ]
[2023-02-23T22:06:11+08:00][sql] SELECT * FROM `tp_module` WHERE  `id` = 24 [ RunTime:0.000465s ]
[2023-02-23T22:06:11+08:00][sql] SELECT * FROM `tp_dictionary_type` WHERE  `id` IN (0,1,10,4) [ RunTime:0.000444s ]
[2023-02-23T22:06:11+08:00][sql] SELECT * FROM `tp_field` WHERE  `module_id` = 24 [ RunTime:0.001717s ]
[2023-02-23T22:06:11+08:00][sql] SELECT * FROM `tp_module` WHERE  `id` = 24 [ RunTime:0.000501s ]
[2023-02-23T22:06:11+08:00][sql] SELECT * FROM `tp_dictionary_type` WHERE  `id` IN (0,1,10,4) [ RunTime:0.000513s ]
[2023-02-23T22:06:11+08:00][sql] SELECT * FROM `tp_field` WHERE  `module_id` = 24 [ RunTime:0.001953s ]
[2023-02-23T22:06:11+08:00][sql] SELECT * FROM `tp_module` WHERE  `id` = 24 [ RunTime:0.000966s ]
[2023-02-23T22:06:11+08:00][sql] SELECT * FROM `tp_dictionary_type` WHERE  `id` IN (0,1,10,4) [ RunTime:0.000861s ]
[2023-02-23T22:06:11+08:00][sql] SELECT * FROM `tp_cate` WHERE  `id` = 12 LIMIT 1 [ RunTime:0.000786s ]
[2023-02-23T22:06:11+08:00][sql] SELECT * FROM `tp_module` WHERE  `id` = 24 [ RunTime:0.000660s ]
[2023-02-23T22:06:11+08:00][sql] SELECT `id`,`parent_id` FROM `tp_cate` [ RunTime:0.000566s ]
[2023-02-23T22:06:11+08:00][sql] SELECT * FROM `tp_team` WHERE  (  status = 1  )  AND `cate_id` = 12 ORDER BY `sort` ASC,`id` DESC LIMIT 6 [ RunTime:0.001357s ]
[2023-02-23T22:06:11+08:00][sql] SELECT * FROM `tp_cate` WHERE  `id` = 12 [ RunTime:0.001014s ]
[2023-02-23T22:06:11+08:00][sql] SELECT * FROM `tp_cate` WHERE  `id` = 12 [ RunTime:0.001121s ]
[2023-02-23T22:06:11+08:00][sql] SELECT * FROM `tp_module` WHERE  `id` = 24 [ RunTime:0.000923s ]
[2023-02-23T22:06:11+08:00][sql] SELECT * FROM `tp_field` WHERE  `module_id` = 24 [ RunTime:0.001811s ]
[2023-02-23T22:06:11+08:00][sql] SELECT * FROM `tp_module` WHERE  `id` = 24 [ RunTime:0.000685s ]
[2023-02-23T22:06:11+08:00][sql] SELECT * FROM `tp_dictionary_type` WHERE  `id` IN (0,1,10,4) [ RunTime:0.000705s ]
[2023-02-23T22:06:11+08:00][sql] SELECT `dict_value`,`dict_label` FROM `tp_dictionary` WHERE  `dict_type` = '1' ORDER BY `sort` ASC,`id` DESC [ RunTime:0.000724s ]
[2023-02-23T22:06:11+08:00][sql] SELECT * FROM `tp_module` WHERE  `model_name` = 'Cate' LIMIT 1 [ RunTime:0.000742s ]
[2023-02-23T22:06:11+08:00][sql] SELECT * FROM `tp_field` WHERE  `module_id` = 20  AND `field` = 'sort' LIMIT 1 [ RunTime:0.001175s ]
[2023-02-23T22:06:11+08:00][sql] SELECT * FROM `tp_module` WHERE  `model_name` = 'Cate' LIMIT 1 [ RunTime:0.000824s ]
[2023-02-23T22:06:11+08:00][sql] SELECT `id` FROM `tp_module` WHERE  `model_name` = 'Cate' LIMIT 1 [ RunTime:0.000783s ]
[2023-02-23T22:06:11+08:00][sql] SELECT `field` FROM `tp_field` WHERE  ( field = 'pid' OR field = 'parent_id'  )  AND `module_id` = 20 LIMIT 1 [ RunTime:0.000929s ]
[2023-02-23T22:06:11+08:00][sql] SELECT `id`,`cate_name`,`parent_id` FROM `tp_cate` ORDER BY `sort` ASC,`id` DESC [ RunTime:0.000704s ]
[2023-02-23T22:06:11+08:00][sql] SELECT `id` FROM `tp_cate` WHERE  `module_id` = 24 [ RunTime:0.000756s ]
[2023-02-23T22:06:11+08:00][sql] SELECT `dict_value`,`dict_label` FROM `tp_dictionary` WHERE  `dict_type` = '10' ORDER BY `sort` ASC,`id` DESC [ RunTime:0.000432s ]
[2023-02-23T22:06:11+08:00][sql] SELECT `dict_value`,`dict_label` FROM `tp_dictionary` WHERE  `dict_type` = '4' ORDER BY `sort` ASC,`id` DESC [ RunTime:0.000400s ]
[2023-02-23T22:06:11+08:00][sql] SELECT * FROM `tp_module` WHERE  `model_name` = 'UsersType' LIMIT 1 [ RunTime:0.000470s ]
[2023-02-23T22:06:11+08:00][sql] SELECT * FROM `tp_field` WHERE  `module_id` = 6  AND `field` = 'sort' LIMIT 1 [ RunTime:0.000727s ]
[2023-02-23T22:06:11+08:00][sql] SELECT * FROM `tp_module` WHERE  `model_name` = 'UsersType' LIMIT 1 [ RunTime:0.000482s ]
[2023-02-23T22:06:11+08:00][sql] SELECT `id` FROM `tp_module` WHERE  `model_name` = 'UsersType' LIMIT 1 [ RunTime:0.000367s ]
[2023-02-23T22:06:11+08:00][sql] SELECT `field` FROM `tp_field` WHERE  ( field = 'pid' OR field = 'parent_id'  )  AND `module_id` = 6 LIMIT 1 [ RunTime:0.000544s ]
[2023-02-23T22:06:11+08:00][sql] SELECT `id`,`name` FROM `tp_users_type` ORDER BY `sort` ASC,`id` DESC [ RunTime:0.000346s ]
[2023-02-23T22:06:11+08:00][sql] SELECT * FROM `tp_field` WHERE  `module_id` = 24 [ RunTime:0.001098s ]
[2023-02-23T22:06:11+08:00][sql] SELECT * FROM `tp_module` WHERE  `id` = 24 [ RunTime:0.000407s ]
[2023-02-23T22:06:11+08:00][sql] SELECT * FROM `tp_dictionary_type` WHERE  `id` IN (0,1,10,4) [ RunTime:0.000405s ]
[2023-02-23T22:06:11+08:00][sql] SELECT * FROM `tp_field` WHERE  `module_id` = 24 [ RunTime:0.002133s ]
[2023-02-23T22:06:11+08:00][sql] SELECT * FROM `tp_module` WHERE  `id` = 24 [ RunTime:0.000562s ]
[2023-02-23T22:06:11+08:00][sql] SELECT * FROM `tp_dictionary_type` WHERE  `id` IN (0,1,10,4) [ RunTime:0.000413s ]
[2023-02-23T22:06:11+08:00][sql] SELECT * FROM `tp_field` WHERE  `module_id` = 24 [ RunTime:0.001869s ]
[2023-02-23T22:06:11+08:00][sql] SELECT * FROM `tp_module` WHERE  `id` = 24 [ RunTime:0.000408s ]
[2023-02-23T22:06:11+08:00][sql] SELECT * FROM `tp_dictionary_type` WHERE  `id` IN (0,1,10,4) [ RunTime:0.000434s ]
[2023-02-23T22:06:11+08:00][sql] SELECT * FROM `tp_field` WHERE  `module_id` = 24 [ RunTime:0.002653s ]
[2023-02-23T22:06:11+08:00][sql] SELECT * FROM `tp_module` WHERE  `id` = 24 [ RunTime:0.000667s ]
[2023-02-23T22:06:11+08:00][sql] SELECT * FROM `tp_dictionary_type` WHERE  `id` IN (0,1,10,4) [ RunTime:0.000463s ]
[2023-02-23T22:06:11+08:00][sql] SELECT * FROM `tp_field` WHERE  `module_id` = 24 [ RunTime:0.001914s ]
[2023-02-23T22:06:11+08:00][sql] SELECT * FROM `tp_module` WHERE  `id` = 24 [ RunTime:0.000461s ]
[2023-02-23T22:06:11+08:00][sql] SELECT * FROM `tp_dictionary_type` WHERE  `id` IN (0,1,10,4) [ RunTime:0.000406s ]
[2023-02-23T22:06:11+08:00][sql] SELECT * FROM `tp_field` WHERE  `module_id` = 24 [ RunTime:0.001828s ]
[2023-02-23T22:06:11+08:00][sql] SELECT * FROM `tp_module` WHERE  `id` = 24 [ RunTime:0.001480s ]
[2023-02-23T22:06:11+08:00][sql] SELECT * FROM `tp_dictionary_type` WHERE  `id` IN (0,1,10,4) [ RunTime:0.000935s ]
[2023-02-23T22:06:11+08:00][sql] SELECT * FROM `tp_cate` WHERE  `id` = 11 LIMIT 1 [ RunTime:0.000740s ]
[2023-02-23T22:06:11+08:00][sql] SELECT * FROM `tp_module` WHERE  `id` = 23 [ RunTime:0.000428s ]
[2023-02-23T22:06:11+08:00][sql] SELECT * FROM `tp_cate` WHERE  `id` = 11 LIMIT 1 [ RunTime:0.000401s ]
[2023-02-23T22:06:11+08:00][sql] SELECT * FROM `tp_module` WHERE  `id` = 23 [ RunTime:0.000378s ]
[2023-02-23T22:06:11+08:00][sql] SELECT * FROM `tp_cate` WHERE  `id` = 11 LIMIT 1 [ RunTime:0.000404s ]
[2023-02-23T22:06:11+08:00][sql] SELECT * FROM `tp_module` WHERE  `id` = 23 [ RunTime:0.000388s ]
[2023-02-23T22:06:11+08:00][sql] SELECT `id`,`parent_id` FROM `tp_cate` [ RunTime:0.000334s ]
[2023-02-23T22:06:11+08:00][sql] SHOW FULL COLUMNS FROM `tp_download` [ RunTime:0.010867s ]
[2023-02-23T22:06:11+08:00][sql] SELECT * FROM `tp_download` WHERE  (  status = 1  )  AND `cate_id` = 11 ORDER BY `sort` ASC,`id` DESC LIMIT 3 [ RunTime:0.000601s ]
[2023-02-23T22:06:11+08:00][sql] SELECT * FROM `tp_cate` WHERE  `id` = 11 [ RunTime:0.000398s ]
[2023-02-23T22:06:11+08:00][sql] SELECT * FROM `tp_cate` WHERE  `id` = 11 [ RunTime:0.000378s ]
[2023-02-23T22:06:11+08:00][sql] SELECT * FROM `tp_module` WHERE  `id` = 23 [ RunTime:0.000444s ]
[2023-02-23T22:06:11+08:00][sql] SELECT * FROM `tp_field` WHERE  `module_id` = 23 [ RunTime:0.001337s ]
[2023-02-23T22:06:11+08:00][sql] SELECT * FROM `tp_module` WHERE  `id` = 23 [ RunTime:0.000500s ]
[2023-02-23T22:06:11+08:00][sql] SELECT * FROM `tp_dictionary_type` WHERE  `id` IN (0,1) [ RunTime:0.000852s ]
[2023-02-23T22:06:11+08:00][sql] SELECT `dict_value`,`dict_label` FROM `tp_dictionary` WHERE  `dict_type` = '1' ORDER BY `sort` ASC,`id` DESC [ RunTime:0.000715s ]
[2023-02-23T22:06:11+08:00][sql] SELECT * FROM `tp_module` WHERE  `model_name` = 'Cate' LIMIT 1 [ RunTime:0.000441s ]
[2023-02-23T22:06:11+08:00][sql] SELECT * FROM `tp_field` WHERE  `module_id` = 20  AND `field` = 'sort' LIMIT 1 [ RunTime:0.000860s ]
[2023-02-23T22:06:11+08:00][sql] SELECT * FROM `tp_module` WHERE  `model_name` = 'Cate' LIMIT 1 [ RunTime:0.000773s ]
[2023-02-23T22:06:11+08:00][sql] SELECT `id` FROM `tp_module` WHERE  `model_name` = 'Cate' LIMIT 1 [ RunTime:0.000406s ]
[2023-02-23T22:06:11+08:00][sql] SELECT `field` FROM `tp_field` WHERE  ( field = 'pid' OR field = 'parent_id'  )  AND `module_id` = 20 LIMIT 1 [ RunTime:0.000467s ]
[2023-02-23T22:06:11+08:00][sql] SELECT `id`,`cate_name`,`parent_id` FROM `tp_cate` ORDER BY `sort` ASC,`id` DESC [ RunTime:0.000370s ]
[2023-02-23T22:06:11+08:00][sql] SELECT `id` FROM `tp_cate` WHERE  `module_id` = 23 [ RunTime:0.000343s ]
[2023-02-23T22:06:11+08:00][sql] SELECT * FROM `tp_module` WHERE  `model_name` = 'UsersType' LIMIT 1 [ RunTime:0.000394s ]
[2023-02-23T22:06:11+08:00][sql] SELECT * FROM `tp_field` WHERE  `module_id` = 6  AND `field` = 'sort' LIMIT 1 [ RunTime:0.000493s ]
[2023-02-23T22:06:11+08:00][sql] SELECT * FROM `tp_module` WHERE  `model_name` = 'UsersType' LIMIT 1 [ RunTime:0.000404s ]
[2023-02-23T22:06:11+08:00][sql] SELECT `id` FROM `tp_module` WHERE  `model_name` = 'UsersType' LIMIT 1 [ RunTime:0.000347s ]
[2023-02-23T22:06:11+08:00][sql] SELECT `field` FROM `tp_field` WHERE  ( field = 'pid' OR field = 'parent_id'  )  AND `module_id` = 6 LIMIT 1 [ RunTime:0.000548s ]
[2023-02-23T22:06:11+08:00][sql] SELECT `id`,`name` FROM `tp_users_type` ORDER BY `sort` ASC,`id` DESC [ RunTime:0.000336s ]
[2023-02-23T22:06:11+08:00][sql] SELECT * FROM `tp_field` WHERE  `module_id` = 23 [ RunTime:0.001241s ]
[2023-02-23T22:06:11+08:00][sql] SELECT * FROM `tp_module` WHERE  `id` = 23 [ RunTime:0.000855s ]
[2023-02-23T22:06:11+08:00][sql] SELECT * FROM `tp_dictionary_type` WHERE  `id` IN (0,1) [ RunTime:0.000967s ]
[2023-02-23T22:06:11+08:00][sql] SELECT * FROM `tp_field` WHERE  `module_id` = 23 [ RunTime:0.002124s ]
[2023-02-23T22:06:11+08:00][sql] SELECT * FROM `tp_module` WHERE  `id` = 23 [ RunTime:0.000508s ]
[2023-02-23T22:06:11+08:00][sql] SELECT * FROM `tp_dictionary_type` WHERE  `id` IN (0,1) [ RunTime:0.000395s ]
[2023-02-23T22:06:11+08:00][sql] SELECT * FROM `tp_field` WHERE  `module_id` = 23 [ RunTime:0.001780s ]
[2023-02-23T22:06:11+08:00][sql] SELECT * FROM `tp_module` WHERE  `id` = 23 [ RunTime:0.000800s ]
[2023-02-23T22:06:11+08:00][sql] SELECT * FROM `tp_dictionary_type` WHERE  `id` IN (0,1) [ RunTime:0.000636s ]
[2023-02-23T22:06:11+08:00][sql] SELECT * FROM `tp_cate` WHERE  `id` = 17 LIMIT 1 [ RunTime:0.000706s ]
[2023-02-23T22:06:11+08:00][sql] SHOW FULL COLUMNS FROM `tp_link` [ RunTime:0.007480s ]
[2023-02-23T22:06:11+08:00][sql] SELECT * FROM `tp_link` WHERE  `status` = 1 ORDER BY `sort` ASC,`id` DESC [ RunTime:0.000795s ]
[2023-02-23T22:29:01+08:00][sql] CONNECT:[ UseTime:0.000848s ] mysql:host=127.0.0.1;port=3306;dbname=ztx;charset=utf8mb4
[2023-02-23T22:29:01+08:00][sql] SHOW FULL COLUMNS FROM `tp_system` [ RunTime:0.013976s ]
[2023-02-23T22:29:01+08:00][sql] SELECT * FROM `tp_system` WHERE  `id` = 1 LIMIT 1 [ RunTime:0.001289s ]
[2023-02-23T22:29:01+08:00][sql] SHOW FULL COLUMNS FROM `tp_cate` [ RunTime:0.014104s ]
[2023-02-23T22:29:01+08:00][sql] SELECT `id`,`cate_name`,`cate_folder`,`module_id` FROM `tp_cate` ORDER BY `sort` ASC,`id` ASC [ RunTime:0.000700s ]
[2023-02-23T22:29:01+08:00][sql] SHOW FULL COLUMNS FROM `tp_module` [ RunTime:0.012982s ]
[2023-02-23T22:29:01+08:00][sql] SELECT * FROM `tp_module` WHERE  `id` = 18 LIMIT 1 [ RunTime:0.000923s ]
[2023-02-23T22:29:01+08:00][sql] SELECT * FROM `tp_module` WHERE  `id` = 19 LIMIT 1 [ RunTime:0.000922s ]
[2023-02-23T22:29:01+08:00][sql] SELECT * FROM `tp_module` WHERE  `id` = 21 LIMIT 1 [ RunTime:0.000725s ]
[2023-02-23T22:29:01+08:00][sql] SELECT * FROM `tp_module` WHERE  `id` = 22 LIMIT 1 [ RunTime:0.000621s ]
[2023-02-23T22:29:01+08:00][sql] SELECT * FROM `tp_module` WHERE  `id` = 23 LIMIT 1 [ RunTime:0.000589s ]
[2023-02-23T22:29:01+08:00][sql] SELECT * FROM `tp_module` WHERE  `id` = 24 LIMIT 1 [ RunTime:0.000542s ]
[2023-02-23T22:29:01+08:00][sql] SELECT * FROM `tp_module` WHERE  `id` = 25 LIMIT 1 [ RunTime:0.000593s ]
[2023-02-23T22:29:01+08:00][sql] SELECT * FROM `tp_module` WHERE  `id` = 18 LIMIT 1 [ RunTime:0.000606s ]
[2023-02-23T22:29:01+08:00][sql] SELECT * FROM `tp_module` WHERE  `id` = 18 LIMIT 1 [ RunTime:0.000516s ]
[2023-02-23T22:29:01+08:00][sql] SELECT * FROM `tp_module` WHERE  `id` = 19 LIMIT 1 [ RunTime:0.001663s ]
[2023-02-23T22:29:01+08:00][sql] SELECT * FROM `tp_system` WHERE  `id` = 1 LIMIT 1 [ RunTime:0.001002s ]
[2023-02-23T22:29:01+08:00][sql] SELECT `module_id` FROM `tp_cate` WHERE  `id` = 5 LIMIT 1 [ RunTime:0.000653s ]
[2023-02-23T22:29:01+08:00][sql] SELECT `table_name` FROM `tp_module` WHERE  `id` = 19 LIMIT 1 [ RunTime:0.000565s ]
[2023-02-23T22:29:01+08:00][sql] SHOW FULL COLUMNS FROM `tp_field` [ RunTime:0.013588s ]
[2023-02-23T22:29:01+08:00][sql] SELECT * FROM `tp_field` WHERE  `module_id` = 19 ORDER BY `sort` ASC,`id` ASC [ RunTime:0.001336s ]
[2023-02-23T22:29:01+08:00][sql] SELECT * FROM `tp_cate` WHERE  `id` = 5 LIMIT 1 [ RunTime:0.001469s ]
[2023-02-23T22:29:01+08:00][sql] SELECT `id`,`parent_id` FROM `tp_cate` [ RunTime:0.000755s ]
[2023-02-23T22:29:01+08:00][sql] SELECT * FROM `tp_cate` WHERE  `is_menu` = 1 ORDER BY `sort` ASC,`id` DESC [ RunTime:0.001204s ]
[2023-02-23T22:29:01+08:00][sql] SELECT * FROM `tp_module` WHERE  `id` IN (18,19,21,22,23,24,25) [ RunTime:0.000744s ]
[2023-02-23T22:29:01+08:00][sql] SELECT * FROM `tp_cate` WHERE  `is_menu` = 1 ORDER BY `sort` ASC,`id` DESC [ RunTime:0.000887s ]
[2023-02-23T22:29:01+08:00][sql] SELECT * FROM `tp_module` WHERE  `id` IN (18,19,21,22,23,24,25) [ RunTime:0.000771s ]
[2023-02-23T22:29:01+08:00][sql] SELECT * FROM `tp_cate` WHERE  `id` = 4 LIMIT 1 [ RunTime:0.000744s ]
[2023-02-23T22:29:01+08:00][sql] SELECT * FROM `tp_module` WHERE  `id` = 19 [ RunTime:0.001281s ]
[2023-02-23T22:29:01+08:00][sql] SELECT * FROM `tp_cate` WHERE  `id` = 4 LIMIT 1 [ RunTime:0.001146s ]
[2023-02-23T22:29:01+08:00][sql] SELECT * FROM `tp_module` WHERE  `id` = 19 [ RunTime:0.000930s ]
[2023-02-23T22:29:01+08:00][sql] SELECT * FROM `tp_cate` WHERE  `id` = 4 LIMIT 1 [ RunTime:0.000950s ]
[2023-02-23T22:29:01+08:00][sql] SELECT * FROM `tp_module` WHERE  `id` = 19 [ RunTime:0.000742s ]
[2023-02-23T22:29:01+08:00][sql] SELECT * FROM `tp_cate` [ RunTime:0.000649s ]
[2023-02-23T22:29:01+08:00][sql] SELECT * FROM `tp_module` WHERE  `id` IN (18,19,21,22,23,24,25) [ RunTime:0.000699s ]
[2023-02-23T22:29:01+08:00][sql] SELECT * FROM `tp_cate` WHERE  `is_menu` = 1 ORDER BY `sort` ASC,`id` DESC [ RunTime:0.001031s ]
[2023-02-23T22:29:01+08:00][sql] SELECT * FROM `tp_module` WHERE  `id` IN (18,19,21,22,23,24,25) [ RunTime:0.000822s ]
[2023-02-23T22:29:01+08:00][sql] SELECT * FROM `tp_cate` WHERE  `id` = 5 LIMIT 1 [ RunTime:0.000659s ]
[2023-02-23T22:29:01+08:00][sql] SELECT * FROM `tp_module` WHERE  `id` = 19 [ RunTime:0.000517s ]
[2023-02-23T22:29:01+08:00][sql] SELECT `id`,`parent_id` FROM `tp_cate` [ RunTime:0.001106s ]
[2023-02-23T22:29:01+08:00][sql] SHOW FULL COLUMNS FROM `tp_article` [ RunTime:0.011095s ]
[2023-02-23T22:29:01+08:00][sql] SELECT COUNT(*) AS think_count FROM `tp_article` WHERE  (  status = 1  )  AND `cate_id` = 5 LIMIT 1 [ RunTime:0.000681s ]
[2023-02-23T22:29:01+08:00][sql] SELECT * FROM `tp_article` WHERE  (  status = 1  )  AND `cate_id` = 5 ORDER BY `sort` ASC,`id` DESC LIMIT 0,10 [ RunTime:0.001028s ]
[2023-02-23T22:29:01+08:00][sql] SELECT * FROM `tp_cate` WHERE  `id` = 5 [ RunTime:0.001582s ]
[2023-02-23T22:29:01+08:00][sql] SELECT * FROM `tp_cate` WHERE  `id` = 5 [ RunTime:0.000776s ]
[2023-02-23T22:29:01+08:00][sql] SELECT * FROM `tp_module` WHERE  `id` = 19 [ RunTime:0.000921s ]
[2023-02-23T22:29:01+08:00][sql] SELECT * FROM `tp_field` WHERE  `module_id` = 19 [ RunTime:0.001550s ]
[2023-02-23T22:29:01+08:00][sql] SELECT * FROM `tp_module` WHERE  `id` = 19 [ RunTime:0.001433s ]
[2023-02-23T22:29:01+08:00][sql] SHOW FULL COLUMNS FROM `tp_dictionary_type` [ RunTime:0.010910s ]
[2023-02-23T22:29:01+08:00][sql] SELECT * FROM `tp_dictionary_type` WHERE  `id` IN (0,1) [ RunTime:0.001585s ]
[2023-02-23T22:29:01+08:00][sql] SHOW FULL COLUMNS FROM `tp_dictionary` [ RunTime:0.011999s ]
[2023-02-23T22:29:01+08:00][sql] SELECT `dict_value`,`dict_label` FROM `tp_dictionary` WHERE  `dict_type` = '1' ORDER BY `sort` ASC,`id` DESC [ RunTime:0.000763s ]
[2023-02-23T22:29:01+08:00][sql] SELECT * FROM `tp_module` WHERE  `model_name` = 'Cate' LIMIT 1 [ RunTime:0.000724s ]
[2023-02-23T22:29:01+08:00][sql] SELECT * FROM `tp_field` WHERE  `module_id` = 20  AND `field` = 'sort' LIMIT 1 [ RunTime:0.001714s ]
[2023-02-23T22:29:01+08:00][sql] SELECT * FROM `tp_module` WHERE  `model_name` = 'Cate' LIMIT 1 [ RunTime:0.001256s ]
[2023-02-23T22:29:01+08:00][sql] SELECT `id` FROM `tp_module` WHERE  `model_name` = 'Cate' LIMIT 1 [ RunTime:0.000653s ]
[2023-02-23T22:29:01+08:00][sql] SELECT `field` FROM `tp_field` WHERE  ( field = 'pid' OR field = 'parent_id'  )  AND `module_id` = 20 LIMIT 1 [ RunTime:0.000928s ]
[2023-02-23T22:29:01+08:00][sql] SELECT `id`,`cate_name`,`parent_id` FROM `tp_cate` ORDER BY `sort` ASC,`id` DESC [ RunTime:0.000980s ]
[2023-02-23T22:29:01+08:00][sql] SELECT `id` FROM `tp_cate` WHERE  `module_id` = 19 [ RunTime:0.000732s ]
[2023-02-23T22:29:01+08:00][sql] SELECT * FROM `tp_module` WHERE  `model_name` = 'UsersType' LIMIT 1 [ RunTime:0.001089s ]
[2023-02-23T22:29:01+08:00][sql] SELECT * FROM `tp_field` WHERE  `module_id` = 6  AND `field` = 'sort' LIMIT 1 [ RunTime:0.001449s ]
[2023-02-23T22:29:01+08:00][sql] SELECT * FROM `tp_module` WHERE  `model_name` = 'UsersType' LIMIT 1 [ RunTime:0.000557s ]
[2023-02-23T22:29:01+08:00][sql] SELECT `id` FROM `tp_module` WHERE  `model_name` = 'UsersType' LIMIT 1 [ RunTime:0.000647s ]
[2023-02-23T22:29:01+08:00][sql] SELECT `field` FROM `tp_field` WHERE  ( field = 'pid' OR field = 'parent_id'  )  AND `module_id` = 6 LIMIT 1 [ RunTime:0.000852s ]
[2023-02-23T22:29:01+08:00][sql] SHOW FULL COLUMNS FROM `tp_users_type` [ RunTime:0.012300s ]
[2023-02-23T22:29:01+08:00][sql] SELECT `id`,`name` FROM `tp_users_type` ORDER BY `sort` ASC,`id` DESC [ RunTime:0.000979s ]
[2023-02-23T22:29:01+08:00][sql] SELECT * FROM `tp_field` WHERE  `module_id` = 19 [ RunTime:0.001873s ]
[2023-02-23T22:29:01+08:00][sql] SELECT * FROM `tp_module` WHERE  `id` = 19 [ RunTime:0.000657s ]
[2023-02-23T22:29:01+08:00][sql] SELECT * FROM `tp_dictionary_type` WHERE  `id` IN (0,1) [ RunTime:0.001126s ]
[2023-02-23T22:29:01+08:00][sql] SELECT * FROM `tp_field` WHERE  `module_id` = 19 [ RunTime:0.002768s ]
[2023-02-23T22:29:01+08:00][sql] SELECT * FROM `tp_module` WHERE  `id` = 19 [ RunTime:0.000776s ]
[2023-02-23T22:29:01+08:00][sql] SELECT * FROM `tp_dictionary_type` WHERE  `id` IN (0,1) [ RunTime:0.000876s ]
[2023-02-23T22:29:01+08:00][sql] SELECT * FROM `tp_field` WHERE  `module_id` = 19 [ RunTime:0.001697s ]
[2023-02-23T22:29:01+08:00][sql] SELECT * FROM `tp_module` WHERE  `id` = 19 [ RunTime:0.001266s ]
[2023-02-23T22:29:01+08:00][sql] SELECT * FROM `tp_dictionary_type` WHERE  `id` IN (0,1) [ RunTime:0.001194s ]
[2023-02-23T22:29:01+08:00][sql] SELECT * FROM `tp_field` WHERE  `module_id` = 19 [ RunTime:0.002866s ]
[2023-02-23T22:29:01+08:00][sql] SELECT * FROM `tp_module` WHERE  `id` = 19 [ RunTime:0.000773s ]
[2023-02-23T22:29:01+08:00][sql] SELECT * FROM `tp_dictionary_type` WHERE  `id` IN (0,1) [ RunTime:0.000836s ]
[2023-02-23T22:29:01+08:00][sql] SELECT * FROM `tp_field` WHERE  `module_id` = 19 [ RunTime:0.003767s ]
[2023-02-23T22:29:01+08:00][sql] SELECT * FROM `tp_module` WHERE  `id` = 19 [ RunTime:0.000874s ]
[2023-02-23T22:29:01+08:00][sql] SELECT * FROM `tp_dictionary_type` WHERE  `id` IN (0,1) [ RunTime:0.000928s ]
[2023-02-23T22:29:01+08:00][sql] SELECT * FROM `tp_field` WHERE  `module_id` = 19 [ RunTime:0.001973s ]
[2023-02-23T22:29:01+08:00][sql] SELECT * FROM `tp_module` WHERE  `id` = 19 [ RunTime:0.001843s ]
[2023-02-23T22:29:01+08:00][sql] SELECT * FROM `tp_dictionary_type` WHERE  `id` IN (0,1) [ RunTime:0.001236s ]
[2023-02-23T22:29:01+08:00][sql] SELECT * FROM `tp_field` WHERE  `module_id` = 19 [ RunTime:0.002060s ]
[2023-02-23T22:29:01+08:00][sql] SELECT * FROM `tp_module` WHERE  `id` = 19 [ RunTime:0.000813s ]
[2023-02-23T22:29:01+08:00][sql] SELECT * FROM `tp_dictionary_type` WHERE  `id` IN (0,1) [ RunTime:0.000835s ]
[2023-02-23T22:29:01+08:00][sql] SELECT * FROM `tp_field` WHERE  `module_id` = 19 [ RunTime:0.002609s ]
[2023-02-23T22:29:01+08:00][sql] SELECT * FROM `tp_module` WHERE  `id` = 19 [ RunTime:0.001359s ]
[2023-02-23T22:29:01+08:00][sql] SELECT * FROM `tp_dictionary_type` WHERE  `id` IN (0,1) [ RunTime:0.001246s ]
[2023-02-23T22:29:01+08:00][sql] SELECT * FROM `tp_field` WHERE  `module_id` = 19 [ RunTime:0.001932s ]
[2023-02-23T22:29:01+08:00][sql] SELECT * FROM `tp_module` WHERE  `id` = 19 [ RunTime:0.000666s ]
[2023-02-23T22:29:01+08:00][sql] SELECT * FROM `tp_dictionary_type` WHERE  `id` IN (0,1) [ RunTime:0.000569s ]
[2023-02-23T22:29:01+08:00][sql] SELECT * FROM `tp_field` WHERE  `module_id` = 19 [ RunTime:0.002223s ]
[2023-02-23T22:29:01+08:00][sql] SELECT * FROM `tp_module` WHERE  `id` = 19 [ RunTime:0.001005s ]
[2023-02-23T22:29:01+08:00][sql] SELECT * FROM `tp_dictionary_type` WHERE  `id` IN (0,1) [ RunTime:0.000756s ]
[2023-02-23T22:29:01+08:00][sql] SHOW FULL COLUMNS FROM `tp_link` [ RunTime:0.013461s ]
[2023-02-23T22:29:01+08:00][sql] SELECT * FROM `tp_link` WHERE  `status` = 1 ORDER BY `sort` ASC,`id` DESC [ RunTime:0.001050s ]
[2023-02-23T22:30:32+08:00][sql] CONNECT:[ UseTime:0.001164s ] mysql:host=127.0.0.1;port=3306;dbname=ztx;charset=utf8mb4
[2023-02-23T22:30:32+08:00][sql] SHOW FULL COLUMNS FROM `tp_system` [ RunTime:0.011300s ]
[2023-02-23T22:30:32+08:00][sql] SELECT * FROM `tp_system` WHERE  `id` = 1 LIMIT 1 [ RunTime:0.000694s ]
[2023-02-23T22:30:32+08:00][sql] SHOW FULL COLUMNS FROM `tp_cate` [ RunTime:0.012147s ]
[2023-02-23T22:30:32+08:00][sql] SELECT `id`,`cate_name`,`cate_folder`,`module_id` FROM `tp_cate` ORDER BY `sort` ASC,`id` ASC [ RunTime:0.000562s ]
[2023-02-23T22:30:32+08:00][sql] SHOW FULL COLUMNS FROM `tp_module` [ RunTime:0.010392s ]
[2023-02-23T22:30:32+08:00][sql] SELECT * FROM `tp_module` WHERE  `id` = 18 LIMIT 1 [ RunTime:0.000590s ]
[2023-02-23T22:30:32+08:00][sql] SELECT * FROM `tp_module` WHERE  `id` = 19 LIMIT 1 [ RunTime:0.000776s ]
[2023-02-23T22:30:32+08:00][sql] SELECT * FROM `tp_module` WHERE  `id` = 21 LIMIT 1 [ RunTime:0.000450s ]
[2023-02-23T22:30:32+08:00][sql] SELECT * FROM `tp_module` WHERE  `id` = 22 LIMIT 1 [ RunTime:0.000461s ]
[2023-02-23T22:30:32+08:00][sql] SELECT * FROM `tp_module` WHERE  `id` = 23 LIMIT 1 [ RunTime:0.000488s ]
[2023-02-23T22:30:32+08:00][sql] SELECT * FROM `tp_module` WHERE  `id` = 24 LIMIT 1 [ RunTime:0.000440s ]
[2023-02-23T22:30:32+08:00][sql] SELECT * FROM `tp_module` WHERE  `id` = 25 LIMIT 1 [ RunTime:0.001237s ]
[2023-02-23T22:30:32+08:00][sql] SELECT * FROM `tp_module` WHERE  `id` = 18 LIMIT 1 [ RunTime:0.000783s ]
[2023-02-23T22:30:32+08:00][sql] SELECT * FROM `tp_module` WHERE  `id` = 18 LIMIT 1 [ RunTime:0.000464s ]
[2023-02-23T22:30:32+08:00][sql] SELECT * FROM `tp_module` WHERE  `id` = 19 LIMIT 1 [ RunTime:0.000390s ]
[2023-02-23T22:30:32+08:00][sql] SELECT * FROM `tp_system` WHERE  `id` = 1 LIMIT 1 [ RunTime:0.000782s ]
[2023-02-23T22:30:32+08:00][sql] SELECT `module_id` FROM `tp_cate` WHERE  `id` = 5 LIMIT 1 [ RunTime:0.000648s ]
[2023-02-23T22:30:32+08:00][sql] SELECT `table_name` FROM `tp_module` WHERE  `id` = 19 LIMIT 1 [ RunTime:0.000578s ]
[2023-02-23T22:30:32+08:00][sql] SHOW FULL COLUMNS FROM `tp_field` [ RunTime:0.010266s ]
[2023-02-23T22:30:32+08:00][sql] SELECT * FROM `tp_field` WHERE  `module_id` = 19 ORDER BY `sort` ASC,`id` ASC [ RunTime:0.000876s ]
[2023-02-23T22:30:32+08:00][sql] SELECT * FROM `tp_cate` WHERE  `id` = 5 LIMIT 1 [ RunTime:0.000825s ]
[2023-02-23T22:30:32+08:00][sql] SELECT `id`,`parent_id` FROM `tp_cate` [ RunTime:0.000513s ]
[2023-02-23T22:30:32+08:00][sql] SHOW FULL COLUMNS FROM `tp_article` [ RunTime:0.009989s ]
[2023-02-23T22:30:32+08:00][sql] UPDATE `tp_article`  SET `hits` = `hits` + 1  WHERE  `id` = 13 [ RunTime:0.002491s ]
[2023-02-23T22:30:32+08:00][sql] SELECT * FROM `tp_module` WHERE  `table_name` = 'article' LIMIT 1 [ RunTime:0.000575s ]
[2023-02-23T22:30:32+08:00][sql] SELECT * FROM `tp_article` WHERE  `id` = 13 LIMIT 1 [ RunTime:0.000642s ]
[2023-02-23T22:30:32+08:00][sql] SELECT * FROM `tp_module` WHERE  `table_name` = 'article' LIMIT 1 [ RunTime:0.000908s ]
[2023-02-23T22:30:32+08:00][sql] SELECT * FROM `tp_field` WHERE  `module_id` = 19 ORDER BY `sort` ASC,`id` ASC [ RunTime:0.000923s ]
[2023-02-23T22:30:32+08:00][sql] SELECT * FROM `tp_module` WHERE  `model_name` = 'Cate' LIMIT 1 [ RunTime:0.000662s ]
[2023-02-23T22:30:32+08:00][sql] SELECT * FROM `tp_field` WHERE  `module_id` = 20  AND `field` = 'sort' LIMIT 1 [ RunTime:0.000795s ]
[2023-02-23T22:30:32+08:00][sql] SELECT * FROM `tp_module` WHERE  `model_name` = 'Cate' LIMIT 1 [ RunTime:0.000572s ]
[2023-02-23T22:30:32+08:00][sql] SELECT `id` FROM `tp_module` WHERE  `model_name` = 'Cate' LIMIT 1 [ RunTime:0.000376s ]
[2023-02-23T22:30:32+08:00][sql] SELECT `field` FROM `tp_field` WHERE  ( field = 'pid' OR field = 'parent_id'  )  AND `module_id` = 20 LIMIT 1 [ RunTime:0.000630s ]
[2023-02-23T22:30:32+08:00][sql] SELECT `id`,`cate_name`,`parent_id` FROM `tp_cate` ORDER BY `sort` ASC,`id` DESC [ RunTime:0.000469s ]
[2023-02-23T22:30:32+08:00][sql] SELECT `id` FROM `tp_cate` WHERE  `module_id` = 19 [ RunTime:0.000400s ]
[2023-02-23T22:30:32+08:00][sql] SELECT * FROM `tp_module` WHERE  `table_name` = 'article' LIMIT 1 [ RunTime:0.000641s ]
[2023-02-23T22:30:32+08:00][sql] SELECT * FROM `tp_module` WHERE  `table_name` = 'article' LIMIT 1 [ RunTime:0.000739s ]
[2023-02-23T22:30:32+08:00][sql] SELECT * FROM `tp_module` WHERE  `model_name` = 'UsersType' LIMIT 1 [ RunTime:0.000511s ]
[2023-02-23T22:30:32+08:00][sql] SELECT * FROM `tp_field` WHERE  `module_id` = 6  AND `field` = 'sort' LIMIT 1 [ RunTime:0.000652s ]
[2023-02-23T22:30:32+08:00][sql] SELECT * FROM `tp_module` WHERE  `model_name` = 'UsersType' LIMIT 1 [ RunTime:0.000425s ]
[2023-02-23T22:30:32+08:00][sql] SELECT `id` FROM `tp_module` WHERE  `model_name` = 'UsersType' LIMIT 1 [ RunTime:0.000496s ]
[2023-02-23T22:30:32+08:00][sql] SELECT `field` FROM `tp_field` WHERE  ( field = 'pid' OR field = 'parent_id'  )  AND `module_id` = 6 LIMIT 1 [ RunTime:0.000843s ]
[2023-02-23T22:30:32+08:00][sql] SHOW FULL COLUMNS FROM `tp_users_type` [ RunTime:0.007496s ]
[2023-02-23T22:30:32+08:00][sql] SELECT `id`,`name` FROM `tp_users_type` ORDER BY `sort` ASC,`id` DESC [ RunTime:0.000666s ]
[2023-02-23T22:30:32+08:00][sql] SHOW FULL COLUMNS FROM `tp_dictionary` [ RunTime:0.008520s ]
[2023-02-23T22:30:32+08:00][sql] SELECT `dict_value`,`dict_label` FROM `tp_dictionary` WHERE  `dict_type` = '1' ORDER BY `sort` ASC,`id` DESC [ RunTime:0.000653s ]
[2023-02-23T22:30:32+08:00][sql] SELECT `id`,`cate_folder`,`module_id` FROM `tp_cate` WHERE  `id` = 5 LIMIT 1 [ RunTime:0.000469s ]
[2023-02-23T22:30:32+08:00][sql] SELECT `model_name` FROM `tp_module` WHERE  `id` = 19 LIMIT 1 [ RunTime:0.000370s ]
[2023-02-23T22:30:32+08:00][sql] SELECT * FROM `tp_cate` WHERE  `is_menu` = 1 ORDER BY `sort` ASC,`id` DESC [ RunTime:0.000824s ]
[2023-02-23T22:30:32+08:00][sql] SELECT * FROM `tp_module` WHERE  `id` IN (18,19,21,22,23,24,25) [ RunTime:0.000570s ]
[2023-02-23T22:30:32+08:00][sql] SELECT * FROM `tp_cate` WHERE  `is_menu` = 1 ORDER BY `sort` ASC,`id` DESC [ RunTime:0.000701s ]
[2023-02-23T22:30:32+08:00][sql] SELECT * FROM `tp_module` WHERE  `id` IN (18,19,21,22,23,24,25) [ RunTime:0.001319s ]
[2023-02-23T22:30:32+08:00][sql] SELECT * FROM `tp_cate` WHERE  `id` = 4 LIMIT 1 [ RunTime:0.000677s ]
[2023-02-23T22:30:32+08:00][sql] SELECT * FROM `tp_module` WHERE  `id` = 19 [ RunTime:0.000498s ]
[2023-02-23T22:30:32+08:00][sql] SELECT * FROM `tp_cate` WHERE  `id` = 4 LIMIT 1 [ RunTime:0.000499s ]
[2023-02-23T22:30:32+08:00][sql] SELECT * FROM `tp_module` WHERE  `id` = 19 [ RunTime:0.000460s ]
[2023-02-23T22:30:32+08:00][sql] SELECT * FROM `tp_cate` WHERE  `id` = 5 LIMIT 1 [ RunTime:0.000503s ]
[2023-02-23T22:30:32+08:00][sql] SELECT * FROM `tp_module` WHERE  `id` = 19 [ RunTime:0.000406s ]
[2023-02-23T22:30:32+08:00][sql] SELECT * FROM `tp_cate` [ RunTime:0.000510s ]
[2023-02-23T22:30:32+08:00][sql] SELECT * FROM `tp_module` WHERE  `id` IN (18,19,21,22,23,24,25) [ RunTime:0.000563s ]
[2023-02-23T22:30:32+08:00][sql] SELECT * FROM `tp_cate` WHERE  `is_menu` = 1 ORDER BY `sort` ASC,`id` DESC [ RunTime:0.000559s ]
[2023-02-23T22:30:32+08:00][sql] SELECT * FROM `tp_module` WHERE  `id` IN (18,19,21,22,23,24,25) [ RunTime:0.000527s ]
[2023-02-23T22:30:32+08:00][sql] SELECT * FROM `tp_cate` WHERE  `id` = 5 LIMIT 1 [ RunTime:0.000456s ]
[2023-02-23T22:30:32+08:00][sql] SELECT * FROM `tp_module` WHERE  `id` = 19 LIMIT 1 [ RunTime:0.000407s ]
[2023-02-23T22:30:32+08:00][sql] SELECT `id`,`cate_id`,`title` FROM `tp_article` WHERE  `cate_id` = 5  AND `id` < 13  AND `status` = 1 ORDER BY `sort` ASC,`id` DESC LIMIT 1 [ RunTime:0.000884s ]
[2023-02-23T22:30:32+08:00][sql] SELECT * FROM `tp_cate` WHERE  `id` = 5 LIMIT 1 [ RunTime:0.000819s ]
[2023-02-23T22:30:32+08:00][sql] SELECT * FROM `tp_module` WHERE  `id` = 19 LIMIT 1 [ RunTime:0.001233s ]
[2023-02-23T22:30:32+08:00][sql] SELECT * FROM `tp_cate` WHERE  `id` = 5 LIMIT 1 [ RunTime:0.000774s ]
[2023-02-23T22:30:32+08:00][sql] SELECT * FROM `tp_module` WHERE  `id` = 19 LIMIT 1 [ RunTime:0.000459s ]
[2023-02-23T22:30:32+08:00][sql] SELECT `id`,`cate_id`,`title` FROM `tp_article` WHERE  `cate_id` = 5  AND `id` > 13  AND `status` = 1 ORDER BY `id` ASC LIMIT 1 [ RunTime:0.000456s ]
[2023-02-23T22:30:32+08:00][sql] SELECT * FROM `tp_cate` WHERE  `id` = 4 LIMIT 1 [ RunTime:0.000438s ]
[2023-02-23T22:30:32+08:00][sql] SELECT * FROM `tp_module` WHERE  `id` = 19 [ RunTime:0.000401s ]
[2023-02-23T22:30:32+08:00][sql] SELECT `id`,`parent_id` FROM `tp_cate` [ RunTime:0.000348s ]
[2023-02-23T22:30:32+08:00][sql] SELECT * FROM `tp_article` WHERE  ( image <> ''  AND status = 1  )  AND `cate_id` IN (4,5,6) ORDER BY `id` DESC LIMIT 5 [ RunTime:0.000586s ]
[2023-02-23T22:30:32+08:00][sql] SELECT * FROM `tp_cate` WHERE  `id` = 5 [ RunTime:0.000423s ]
[2023-02-23T22:30:32+08:00][sql] SELECT * FROM `tp_cate` WHERE  `id` = 5 [ RunTime:0.000398s ]
[2023-02-23T22:30:32+08:00][sql] SELECT * FROM `tp_module` WHERE  `id` = 19 [ RunTime:0.000401s ]
[2023-02-23T22:30:32+08:00][sql] SELECT * FROM `tp_field` WHERE  `module_id` = 19 [ RunTime:0.001270s ]
[2023-02-23T22:30:32+08:00][sql] SELECT * FROM `tp_module` WHERE  `id` = 19 [ RunTime:0.000414s ]
[2023-02-23T22:30:32+08:00][sql] SHOW FULL COLUMNS FROM `tp_dictionary_type` [ RunTime:0.009754s ]
[2023-02-23T22:30:32+08:00][sql] SELECT * FROM `tp_dictionary_type` WHERE  `id` IN (0,1) [ RunTime:0.000580s ]
[2023-02-23T22:30:32+08:00][sql] SELECT `dict_value`,`dict_label` FROM `tp_dictionary` WHERE  `dict_type` = '1' ORDER BY `sort` ASC,`id` DESC [ RunTime:0.000723s ]
[2023-02-23T22:30:32+08:00][sql] SELECT * FROM `tp_module` WHERE  `model_name` = 'Cate' LIMIT 1 [ RunTime:0.000478s ]
[2023-02-23T22:30:32+08:00][sql] SELECT * FROM `tp_field` WHERE  `module_id` = 20  AND `field` = 'sort' LIMIT 1 [ RunTime:0.000792s ]
[2023-02-23T22:30:32+08:00][sql] SELECT * FROM `tp_module` WHERE  `model_name` = 'Cate' LIMIT 1 [ RunTime:0.000440s ]
[2023-02-23T22:30:32+08:00][sql] SELECT `id` FROM `tp_module` WHERE  `model_name` = 'Cate' LIMIT 1 [ RunTime:0.000356s ]
[2023-02-23T22:30:32+08:00][sql] SELECT `field` FROM `tp_field` WHERE  ( field = 'pid' OR field = 'parent_id'  )  AND `module_id` = 20 LIMIT 1 [ RunTime:0.000453s ]
[2023-02-23T22:30:32+08:00][sql] SELECT `id`,`cate_name`,`parent_id` FROM `tp_cate` ORDER BY `sort` ASC,`id` DESC [ RunTime:0.000386s ]
[2023-02-23T22:30:32+08:00][sql] SELECT `id` FROM `tp_cate` WHERE  `module_id` = 19 [ RunTime:0.000361s ]
[2023-02-23T22:30:32+08:00][sql] SELECT * FROM `tp_module` WHERE  `model_name` = 'UsersType' LIMIT 1 [ RunTime:0.000435s ]
[2023-02-23T22:30:32+08:00][sql] SELECT * FROM `tp_field` WHERE  `module_id` = 6  AND `field` = 'sort' LIMIT 1 [ RunTime:0.001257s ]
[2023-02-23T22:30:32+08:00][sql] SELECT * FROM `tp_module` WHERE  `model_name` = 'UsersType' LIMIT 1 [ RunTime:0.001010s ]
[2023-02-23T22:30:32+08:00][sql] SELECT `id` FROM `tp_module` WHERE  `model_name` = 'UsersType' LIMIT 1 [ RunTime:0.000720s ]
[2023-02-23T22:30:32+08:00][sql] SELECT `field` FROM `tp_field` WHERE  ( field = 'pid' OR field = 'parent_id'  )  AND `module_id` = 6 LIMIT 1 [ RunTime:0.000871s ]
[2023-02-23T22:30:32+08:00][sql] SELECT `id`,`name` FROM `tp_users_type` ORDER BY `sort` ASC,`id` DESC [ RunTime:0.000494s ]
[2023-02-23T22:30:32+08:00][sql] SELECT * FROM `tp_field` WHERE  `module_id` = 19 [ RunTime:0.001140s ]
[2023-02-23T22:30:32+08:00][sql] SELECT * FROM `tp_module` WHERE  `id` = 19 [ RunTime:0.000439s ]
[2023-02-23T22:30:32+08:00][sql] SELECT * FROM `tp_dictionary_type` WHERE  `id` IN (0,1) [ RunTime:0.000409s ]
[2023-02-23T22:30:32+08:00][sql] SELECT * FROM `tp_field` WHERE  `module_id` = 19 [ RunTime:0.001686s ]
[2023-02-23T22:30:32+08:00][sql] SELECT * FROM `tp_module` WHERE  `id` = 19 [ RunTime:0.000587s ]
[2023-02-23T22:30:32+08:00][sql] SELECT * FROM `tp_dictionary_type` WHERE  `id` IN (0,1) [ RunTime:0.000478s ]
[2023-02-23T22:30:32+08:00][sql] SELECT * FROM `tp_field` WHERE  `module_id` = 19 [ RunTime:0.001710s ]
[2023-02-23T22:30:32+08:00][sql] SELECT * FROM `tp_module` WHERE  `id` = 19 [ RunTime:0.000445s ]
[2023-02-23T22:30:32+08:00][sql] SELECT * FROM `tp_dictionary_type` WHERE  `id` IN (0,1) [ RunTime:0.000426s ]
[2023-02-23T22:30:32+08:00][sql] SELECT * FROM `tp_field` WHERE  `module_id` = 19 [ RunTime:0.001722s ]
[2023-02-23T22:30:32+08:00][sql] SELECT * FROM `tp_module` WHERE  `id` = 19 [ RunTime:0.000457s ]
[2023-02-23T22:30:32+08:00][sql] SELECT * FROM `tp_dictionary_type` WHERE  `id` IN (0,1) [ RunTime:0.000425s ]
[2023-02-23T22:30:32+08:00][sql] SELECT * FROM `tp_field` WHERE  `module_id` = 19 [ RunTime:0.002386s ]
[2023-02-23T22:30:32+08:00][sql] SELECT * FROM `tp_module` WHERE  `id` = 19 [ RunTime:0.001023s ]
[2023-02-23T22:30:32+08:00][sql] SELECT * FROM `tp_dictionary_type` WHERE  `id` IN (0,1) [ RunTime:0.000497s ]
[2023-02-23T22:30:32+08:00][sql] SELECT * FROM `tp_cate` WHERE  `id` = 8 LIMIT 1 [ RunTime:0.000693s ]
[2023-02-23T22:30:32+08:00][sql] SELECT * FROM `tp_module` WHERE  `id` = 22 [ RunTime:0.000503s ]
[2023-02-23T22:30:32+08:00][sql] SELECT `id`,`parent_id` FROM `tp_cate` [ RunTime:0.000399s ]
[2023-02-23T22:30:32+08:00][sql] SHOW FULL COLUMNS FROM `tp_product` [ RunTime:0.008158s ]
[2023-02-23T22:30:32+08:00][sql] SELECT * FROM `tp_product` WHERE  (  status = 1  )  AND `cate_id` IN (8,9,10) ORDER BY `hits` DESC LIMIT 3 [ RunTime:0.001259s ]
[2023-02-23T22:30:32+08:00][sql] SELECT * FROM `tp_cate` WHERE  `id` = 9 [ RunTime:0.000549s ]
[2023-02-23T22:30:32+08:00][sql] SELECT * FROM `tp_cate` WHERE  `id` = 9 [ RunTime:0.000403s ]
[2023-02-23T22:30:32+08:00][sql] SELECT * FROM `tp_module` WHERE  `id` = 22 [ RunTime:0.000398s ]
[2023-02-23T22:30:32+08:00][sql] SELECT * FROM `tp_field` WHERE  `module_id` = 22 [ RunTime:0.001160s ]
[2023-02-23T22:30:32+08:00][sql] SELECT * FROM `tp_module` WHERE  `id` = 22 [ RunTime:0.000420s ]
[2023-02-23T22:30:32+08:00][sql] SELECT * FROM `tp_dictionary_type` WHERE  `id` IN (0,1) [ RunTime:0.000403s ]
[2023-02-23T22:30:32+08:00][sql] SELECT `dict_value`,`dict_label` FROM `tp_dictionary` WHERE  `dict_type` = '1' ORDER BY `sort` ASC,`id` DESC [ RunTime:0.000824s ]
[2023-02-23T22:30:32+08:00][sql] SELECT * FROM `tp_module` WHERE  `model_name` = 'Cate' LIMIT 1 [ RunTime:0.000576s ]
[2023-02-23T22:30:32+08:00][sql] SELECT * FROM `tp_field` WHERE  `module_id` = 20  AND `field` = 'sort' LIMIT 1 [ RunTime:0.001695s ]
[2023-02-23T22:30:32+08:00][sql] SELECT * FROM `tp_module` WHERE  `model_name` = 'Cate' LIMIT 1 [ RunTime:0.000837s ]
[2023-02-23T22:30:32+08:00][sql] SELECT `id` FROM `tp_module` WHERE  `model_name` = 'Cate' LIMIT 1 [ RunTime:0.000386s ]
[2023-02-23T22:30:32+08:00][sql] SELECT `field` FROM `tp_field` WHERE  ( field = 'pid' OR field = 'parent_id'  )  AND `module_id` = 20 LIMIT 1 [ RunTime:0.000480s ]
[2023-02-23T22:30:32+08:00][sql] SELECT `id`,`cate_name`,`parent_id` FROM `tp_cate` ORDER BY `sort` ASC,`id` DESC [ RunTime:0.000482s ]
[2023-02-23T22:30:32+08:00][sql] SELECT `id` FROM `tp_cate` WHERE  `module_id` = 22 [ RunTime:0.001220s ]
[2023-02-23T22:30:32+08:00][sql] SELECT * FROM `tp_module` WHERE  `model_name` = 'UsersType' LIMIT 1 [ RunTime:0.000636s ]
[2023-02-23T22:30:32+08:00][sql] SELECT * FROM `tp_field` WHERE  `module_id` = 6  AND `field` = 'sort' LIMIT 1 [ RunTime:0.000530s ]
[2023-02-23T22:30:32+08:00][sql] SELECT * FROM `tp_module` WHERE  `model_name` = 'UsersType' LIMIT 1 [ RunTime:0.000444s ]
[2023-02-23T22:30:32+08:00][sql] SELECT `id` FROM `tp_module` WHERE  `model_name` = 'UsersType' LIMIT 1 [ RunTime:0.000415s ]
[2023-02-23T22:30:32+08:00][sql] SELECT `field` FROM `tp_field` WHERE  ( field = 'pid' OR field = 'parent_id'  )  AND `module_id` = 6 LIMIT 1 [ RunTime:0.000534s ]
[2023-02-23T22:30:32+08:00][sql] SELECT `id`,`name` FROM `tp_users_type` ORDER BY `sort` ASC,`id` DESC [ RunTime:0.000341s ]
[2023-02-23T22:30:32+08:00][sql] SELECT * FROM `tp_field` WHERE  `module_id` = 22 [ RunTime:0.001128s ]
[2023-02-23T22:30:32+08:00][sql] SELECT * FROM `tp_module` WHERE  `id` = 22 [ RunTime:0.000445s ]
[2023-02-23T22:30:32+08:00][sql] SELECT * FROM `tp_dictionary_type` WHERE  `id` IN (0,1) [ RunTime:0.000433s ]
[2023-02-23T22:30:32+08:00][sql] SELECT * FROM `tp_field` WHERE  `module_id` = 22 [ RunTime:0.002434s ]
[2023-02-23T22:30:32+08:00][sql] SELECT * FROM `tp_module` WHERE  `id` = 22 [ RunTime:0.001205s ]
[2023-02-23T22:30:32+08:00][sql] SELECT * FROM `tp_dictionary_type` WHERE  `id` IN (0,1) [ RunTime:0.000760s ]
[2023-02-23T22:30:32+08:00][sql] SELECT * FROM `tp_field` WHERE  `module_id` = 22 [ RunTime:0.003408s ]
[2023-02-23T22:30:32+08:00][sql] SELECT * FROM `tp_module` WHERE  `id` = 22 [ RunTime:0.001411s ]
[2023-02-23T22:30:32+08:00][sql] SELECT * FROM `tp_dictionary_type` WHERE  `id` IN (0,1) [ RunTime:0.000548s ]
[2023-02-23T22:30:32+08:00][sql] SHOW FULL COLUMNS FROM `tp_link` [ RunTime:0.008295s ]
[2023-02-23T22:30:32+08:00][sql] SELECT * FROM `tp_link` WHERE  `status` = 1 ORDER BY `sort` ASC,`id` DESC [ RunTime:0.000600s ]
