[2023-05-03T22:24:22+08:00][sql] CONNECT:[ UseTime:0.045227s ] mysql:host=127.0.0.1;port=3306;dbname=ztx;charset=utf8mb4
[2023-05-03T22:24:22+08:00][sql] SHOW FULL COLUMNS FROM `tp_auth_rule` [ RunTime:0.054836s ]
[2023-05-03T22:24:22+08:00][sql] SELECT * FROM `tp_auth_rule` WHERE  `status` = 1 ORDER BY `sort` ASC [ RunTime:0.025211s ]
[2023-05-03T22:24:22+08:00][sql] SELECT * FROM `tp_auth_rule` WHERE  `name` = 'Index/index' LIMIT 1 [ RunTime:0.002772s ]
[2023-05-03T22:24:22+08:00][sql] SHOW FULL COLUMNS FROM `tp_module` [ RunTime:0.011830s ]
[2023-05-03T22:24:22+08:00][sql] SELECT * FROM `tp_module` WHERE  `model_name` = 'Index' LIMIT 1 [ RunTime:0.003101s ]
[2023-05-03T22:24:22+08:00][sql] SHOW FULL COLUMNS FROM `tp_cate` [ RunTime:0.008383s ]
[2023-05-03T22:24:22+08:00][sql] SELECT * FROM `tp_cate` ORDER BY `sort`,`id` DESC [ RunTime:0.003964s ]
[2023-05-03T22:24:22+08:00][sql] SELECT * FROM `tp_module` WHERE  `id` IN (18,19,21,22,23,24,25) [ RunTime:0.003022s ]
[2023-05-03T22:24:22+08:00][sql] SELECT * FROM `tp_module` WHERE  `model_name` = 'Cate' LIMIT 1 [ RunTime:0.000724s ]
[2023-05-03T22:24:22+08:00][sql] SELECT * FROM `tp_module` WHERE  `table_name` = 'cate' LIMIT 1 [ RunTime:0.000490s ]
[2023-05-03T22:24:22+08:00][sql] SHOW FULL COLUMNS FROM `tp_field` [ RunTime:0.011470s ]
[2023-05-03T22:24:22+08:00][sql] SELECT * FROM `tp_field` WHERE  `module_id` = 20 ORDER BY `sort` ASC,`id` ASC [ RunTime:0.006965s ]
[2023-05-03T22:24:22+08:00][sql] SHOW FULL COLUMNS FROM `tp_system` [ RunTime:0.010246s ]
[2023-05-03T22:24:22+08:00][sql] SELECT * FROM `tp_system` WHERE  `id` = 1 LIMIT 1 [ RunTime:0.001635s ]
[2023-05-03T22:24:22+08:00][sql] CONNECT:[ UseTime:0.019968s ] mysql:host=127.0.0.1;port=3306;dbname=ztx;charset=utf8mb4
[2023-05-03T22:24:22+08:00][sql] SHOW FULL COLUMNS FROM `tp_system` [ RunTime:0.011581s ]
[2023-05-03T22:24:22+08:00][sql] SELECT * FROM `tp_system` WHERE  `id` = 1 LIMIT 1 [ RunTime:0.000682s ]
[2023-05-03T22:24:26+08:00][sql] CONNECT:[ UseTime:0.022868s ] mysql:host=127.0.0.1;port=3306;dbname=ztx;charset=utf8mb4
[2023-05-03T22:24:26+08:00][sql] SHOW FULL COLUMNS FROM `tp_system` [ RunTime:0.007730s ]
[2023-05-03T22:24:26+08:00][sql] SELECT * FROM `tp_system` WHERE  `id` = 1 LIMIT 1 [ RunTime:0.000627s ]
[2023-05-03T22:24:26+08:00][sql] SHOW FULL COLUMNS FROM `tp_admin` [ RunTime:0.010991s ]
[2023-05-03T22:24:26+08:00][sql] SELECT * FROM `tp_admin` WHERE  `username` = 'admin'  AND `password` = '21232f297a57a5a743894a0e4a801fc3' LIMIT 1 [ RunTime:0.003088s ]
[2023-05-03T22:24:26+08:00][sql] UPDATE `tp_admin`  SET `login_time` = 1683123866 , `login_ip` = '127.0.0.1'  WHERE  `id` = 1 [ RunTime:0.008263s ]
[2023-05-03T22:24:26+08:00][sql] SHOW FULL COLUMNS FROM `tp_auth_group_access` [ RunTime:0.007396s ]
[2023-05-03T22:24:26+08:00][sql] SELECT `a`.`group_id`,`ag`.`rules`,`ag`.`title` FROM `tp_auth_group_access` `a` LEFT JOIN `tp_auth_group` `ag` ON `a`.`group_id`=`ag`.`id` WHERE  `uid` = 1 LIMIT 1 [ RunTime:0.007396s ]
[2023-05-03T22:24:26+08:00][sql] SHOW FULL COLUMNS FROM `tp_auth_rule` [ RunTime:0.007351s ]
[2023-05-03T22:24:26+08:00][sql] SELECT * FROM `tp_auth_rule` WHERE  `auth_open` = 0 [ RunTime:0.001191s ]
[2023-05-03T22:24:26+08:00][sql] SELECT * FROM `tp_auth_rule` [ RunTime:0.001633s ]
[2023-05-03T22:24:26+08:00][sql] SELECT * FROM `tp_admin` WHERE  `username` = 'admin'  AND `password` = '21232f297a57a5a743894a0e4a801fc3' LIMIT 1 [ RunTime:0.000869s ]
[2023-05-03T22:24:26+08:00][sql] SELECT * FROM `tp_auth_rule` WHERE  `name` = 'Login/checkLogin' LIMIT 1 [ RunTime:0.001891s ]
[2023-05-03T22:24:26+08:00][sql] SHOW FULL COLUMNS FROM `tp_admin_log` [ RunTime:0.010727s ]
[2023-05-03T22:24:26+08:00][sql] SELECT * FROM `tp_admin_log` WHERE  `admin_id` = 1 ORDER BY `id` DESC LIMIT 1 [ RunTime:0.001726s ]
[2023-05-03T22:24:26+08:00][sql] INSERT INTO `tp_admin_log` SET `title` = '[登录成功]' , `content` = '' , `url` = '/admin/Login/checkLogin.html' , `admin_id` = 1 , `user_agent` = 'Mozilla/5.0 (Windows NT 10.0; Win64; x64) AppleWebKit/537.36 (KHTML, like Gecko) Chrome/112.0.0.0 Safari/537.36' , `ip` = '127.0.0.1' , `create_time` = 1683123866 , `update_time` = 1683123866 [ RunTime:0.004181s ]
[2023-05-03T22:24:26+08:00][sql] CONNECT:[ UseTime:0.001581s ] mysql:host=127.0.0.1;port=3306;dbname=ztx;charset=utf8mb4
[2023-05-03T22:24:26+08:00][sql] SHOW FULL COLUMNS FROM `tp_auth_rule` [ RunTime:0.008963s ]
[2023-05-03T22:24:26+08:00][sql] SELECT * FROM `tp_auth_rule` WHERE  `status` = 1 ORDER BY `sort` ASC [ RunTime:0.000890s ]
[2023-05-03T22:24:26+08:00][sql] SELECT * FROM `tp_auth_rule` WHERE  `name` = 'Index/index' LIMIT 1 [ RunTime:0.001061s ]
[2023-05-03T22:24:26+08:00][sql] SHOW FULL COLUMNS FROM `tp_module` [ RunTime:0.009233s ]
[2023-05-03T22:24:26+08:00][sql] SELECT * FROM `tp_module` WHERE  `model_name` = 'Index' LIMIT 1 [ RunTime:0.000570s ]
[2023-05-03T22:24:26+08:00][sql] SHOW FULL COLUMNS FROM `tp_cate` [ RunTime:0.007322s ]
[2023-05-03T22:24:26+08:00][sql] SELECT * FROM `tp_cate` ORDER BY `sort`,`id` DESC [ RunTime:0.001214s ]
[2023-05-03T22:24:26+08:00][sql] SELECT * FROM `tp_module` WHERE  `id` IN (18,19,21,22,23,24,25) [ RunTime:0.000899s ]
[2023-05-03T22:24:26+08:00][sql] SELECT * FROM `tp_module` WHERE  `model_name` = 'Cate' LIMIT 1 [ RunTime:0.000936s ]
[2023-05-03T22:24:26+08:00][sql] SELECT * FROM `tp_module` WHERE  `table_name` = 'cate' LIMIT 1 [ RunTime:0.000623s ]
[2023-05-03T22:24:26+08:00][sql] SHOW FULL COLUMNS FROM `tp_field` [ RunTime:0.010878s ]
[2023-05-03T22:24:26+08:00][sql] SELECT * FROM `tp_field` WHERE  `module_id` = 20 ORDER BY `sort` ASC,`id` ASC [ RunTime:0.001015s ]
[2023-05-03T22:24:26+08:00][sql] SHOW FULL COLUMNS FROM `tp_system` [ RunTime:0.010846s ]
[2023-05-03T22:24:26+08:00][sql] SELECT * FROM `tp_system` WHERE  `id` = 1 LIMIT 1 [ RunTime:0.000780s ]
[2023-05-03T22:24:26+08:00][sql] SELECT * FROM `tp_auth_rule` WHERE  `auth_open` = 0 [ RunTime:0.000895s ]
[2023-05-03T22:24:26+08:00][sql] SELECT * FROM `tp_auth_rule` [ RunTime:0.001655s ]
[2023-05-03T22:24:26+08:00][sql] SELECT * FROM `tp_auth_rule` WHERE  `name` = 'Index/index' LIMIT 1 [ RunTime:0.001333s ]
[2023-05-03T22:24:26+08:00][sql] SHOW FULL COLUMNS FROM `tp_admin_log` [ RunTime:0.008229s ]
[2023-05-03T22:24:26+08:00][sql] SELECT * FROM `tp_admin_log` WHERE  `admin_id` = 1 ORDER BY `id` DESC LIMIT 1 [ RunTime:0.000783s ]
[2023-05-03T22:24:26+08:00][sql] INSERT INTO `tp_admin_log` SET `title` = '[控制台]' , `content` = '[]' , `url` = '/admin' , `admin_id` = 1 , `user_agent` = 'Mozilla/5.0 (Windows NT 10.0; Win64; x64) AppleWebKit/537.36 (KHTML, like Gecko) Chrome/112.0.0.0 Safari/537.36' , `ip` = '127.0.0.1' , `create_time` = 1683123866 , `update_time` = 1683123866 [ RunTime:0.001103s ]
[2023-05-03T22:24:26+08:00][sql] SELECT VERSION() AS ver [ RunTime:0.001400s ]
[2023-05-03T22:24:26+08:00][sql] SHOW FULL COLUMNS FROM `tp_users` [ RunTime:0.010359s ]
[2023-05-03T22:24:26+08:00][sql] SELECT COUNT(*) AS think_count FROM `tp_users` WHERE  `create_time` > 1682519066 LIMIT 1 [ RunTime:0.002401s ]
[2023-05-03T22:24:26+08:00][sql] SHOW FULL COLUMNS FROM `tp_message` [ RunTime:0.008880s ]
[2023-05-03T22:24:26+08:00][sql] SELECT COUNT(*) AS think_count FROM `tp_message` WHERE  `status` = 0 LIMIT 1 [ RunTime:0.001537s ]
[2023-05-03T22:24:26+08:00][sql] SELECT `id` FROM `tp_module` WHERE  `table_name` = 'message' LIMIT 1 [ RunTime:0.000748s ]
[2023-05-03T22:24:26+08:00][sql] SELECT `id` FROM `tp_cate` WHERE  `module_id` = 25 LIMIT 1 [ RunTime:0.001957s ]
[2023-05-03T22:24:26+08:00][sql] SHOW FULL COLUMNS FROM `tp_admin` [ RunTime:0.007723s ]
[2023-05-03T22:24:26+08:00][sql] SELECT `password` FROM `tp_admin` WHERE  `id` = 1 LIMIT 1 [ RunTime:0.000556s ]
[2023-05-03T22:24:36+08:00][sql] CONNECT:[ UseTime:0.000963s ] mysql:host=127.0.0.1;port=3306;dbname=ztx;charset=utf8mb4
[2023-05-03T22:24:36+08:00][sql] SHOW FULL COLUMNS FROM `tp_auth_rule` [ RunTime:0.011121s ]
[2023-05-03T22:24:36+08:00][sql] SELECT * FROM `tp_auth_rule` WHERE  `status` = 1 ORDER BY `sort` ASC [ RunTime:0.000979s ]
[2023-05-03T22:24:36+08:00][sql] SELECT * FROM `tp_auth_rule` WHERE  `name` = 'UserUpload/index' LIMIT 1 [ RunTime:0.001256s ]
[2023-05-03T22:24:36+08:00][sql] SELECT * FROM `tp_auth_rule` WHERE  `id` = 161 LIMIT 1 [ RunTime:0.000480s ]
[2023-05-03T22:24:36+08:00][sql] SELECT * FROM `tp_auth_rule` WHERE  `name` = 'Link' LIMIT 1 [ RunTime:0.000811s ]
[2023-05-03T22:24:36+08:00][sql] SHOW FULL COLUMNS FROM `tp_module` [ RunTime:0.009386s ]
[2023-05-03T22:24:36+08:00][sql] SELECT * FROM `tp_module` WHERE  `model_name` = 'UserUpload' LIMIT 1 [ RunTime:0.000705s ]
[2023-05-03T22:24:36+08:00][sql] SHOW FULL COLUMNS FROM `tp_cate` [ RunTime:0.008842s ]
[2023-05-03T22:24:36+08:00][sql] SELECT * FROM `tp_cate` ORDER BY `sort`,`id` DESC [ RunTime:0.000654s ]
[2023-05-03T22:24:36+08:00][sql] SELECT * FROM `tp_module` WHERE  `id` IN (18,19,21,22,23,24,25) [ RunTime:0.000868s ]
[2023-05-03T22:24:36+08:00][sql] SELECT * FROM `tp_module` WHERE  `model_name` = 'Cate' LIMIT 1 [ RunTime:0.000748s ]
[2023-05-03T22:24:36+08:00][sql] SELECT * FROM `tp_module` WHERE  `table_name` = 'cate' LIMIT 1 [ RunTime:0.000518s ]
[2023-05-03T22:24:36+08:00][sql] SHOW FULL COLUMNS FROM `tp_field` [ RunTime:0.009894s ]
[2023-05-03T22:24:36+08:00][sql] SELECT * FROM `tp_field` WHERE  `module_id` = 20 ORDER BY `sort` ASC,`id` ASC [ RunTime:0.001138s ]
[2023-05-03T22:24:36+08:00][sql] SHOW FULL COLUMNS FROM `tp_system` [ RunTime:0.008305s ]
[2023-05-03T22:24:36+08:00][sql] SELECT * FROM `tp_system` WHERE  `id` = 1 LIMIT 1 [ RunTime:0.001107s ]
[2023-05-03T22:24:36+08:00][sql] SELECT * FROM `tp_auth_rule` WHERE  `auth_open` = 0 [ RunTime:0.000866s ]
[2023-05-03T22:24:36+08:00][sql] SELECT * FROM `tp_auth_rule` [ RunTime:0.000983s ]
[2023-05-03T22:24:36+08:00][sql] SELECT * FROM `tp_auth_rule` WHERE  `name` = 'UserUpload/index' LIMIT 1 [ RunTime:0.001180s ]
[2023-05-03T22:24:36+08:00][sql] SELECT * FROM `tp_auth_rule` WHERE  `id` = 161 LIMIT 1 [ RunTime:0.000626s ]
[2023-05-03T22:24:36+08:00][sql] SELECT * FROM `tp_auth_rule` WHERE  `name` = 'Link' LIMIT 1 [ RunTime:0.000605s ]
[2023-05-03T22:24:36+08:00][sql] SHOW FULL COLUMNS FROM `tp_admin_log` [ RunTime:0.008064s ]
[2023-05-03T22:24:36+08:00][sql] SELECT * FROM `tp_admin_log` WHERE  `admin_id` = 1 ORDER BY `id` DESC LIMIT 1 [ RunTime:0.000630s ]
[2023-05-03T22:24:36+08:00][sql] INSERT INTO `tp_admin_log` SET `title` = '[网站功能] -> [用户上传]' , `content` = '[]' , `url` = '/admin/UserUpload/index.html?_pjax=.content-wrapper' , `admin_id` = 1 , `user_agent` = 'Mozilla/5.0 (Windows NT 10.0; Win64; x64) AppleWebKit/537.36 (KHTML, like Gecko) Chrome/112.0.0.0 Safari/537.36' , `ip` = '127.0.0.1' , `create_time` = 1683123876 , `update_time` = 1683123876 [ RunTime:0.001417s ]
[2023-05-03T22:24:36+08:00][sql] SELECT `pk` FROM `tp_module` WHERE  `table_name` = 'user_upload' LIMIT 1 [ RunTime:0.001189s ]
[2023-05-03T22:24:36+08:00][sql] SELECT * FROM `tp_module` WHERE  `table_name` = 'user_upload' LIMIT 1 [ RunTime:0.000523s ]
[2023-05-03T22:24:36+08:00][sql] SELECT * FROM `tp_field` WHERE  `module_id` = 31 ORDER BY `sort` ASC,`id` ASC [ RunTime:0.000760s ]
[2023-05-03T22:24:36+08:00][sql] SHOW FULL COLUMNS FROM `tp_dictionary` [ RunTime:0.009299s ]
[2023-05-03T22:24:36+08:00][sql] SELECT `dict_value`,`dict_label` FROM `tp_dictionary` WHERE  `dict_type` = '1' ORDER BY `sort` ASC,`id` DESC [ RunTime:0.001360s ]
[2023-05-03T22:24:36+08:00][sql] SELECT * FROM `tp_module` WHERE  `table_name` = 'user_upload' LIMIT 1 [ RunTime:0.000648s ]
[2023-05-03T22:24:36+08:00][sql] SELECT * FROM `tp_field` WHERE  `module_id` = 31 ORDER BY `sort` ASC,`id` ASC [ RunTime:0.001102s ]
[2023-05-03T22:24:36+08:00][sql] SELECT * FROM `tp_module` WHERE  `model_name` = 'Module' LIMIT 1 [ RunTime:0.001105s ]
[2023-05-03T22:24:36+08:00][sql] SELECT * FROM `tp_field` WHERE  `module_id` = 3  AND `field` = 'sort' LIMIT 1 [ RunTime:0.001154s ]
[2023-05-03T22:24:36+08:00][sql] SELECT * FROM `tp_module` WHERE  `model_name` = 'Module' LIMIT 1 [ RunTime:0.001197s ]
[2023-05-03T22:24:36+08:00][sql] SELECT `id` FROM `tp_module` WHERE  `model_name` = 'Module' LIMIT 1 [ RunTime:0.000776s ]
[2023-05-03T22:24:36+08:00][sql] SELECT `field` FROM `tp_field` WHERE  ( field = 'pid' OR field = 'parent_id'  )  AND `module_id` = 3 LIMIT 1 [ RunTime:0.000883s ]
[2023-05-03T22:24:36+08:00][sql] SELECT `id`,`module_name` FROM `tp_module` ORDER BY `sort` ASC,`id` DESC [ RunTime:0.000929s ]
[2023-05-03T22:24:36+08:00][sql] SELECT * FROM `tp_module` WHERE  `model_name` = 'UsersType' LIMIT 1 [ RunTime:0.000612s ]
[2023-05-03T22:24:36+08:00][sql] SELECT * FROM `tp_field` WHERE  `module_id` = 6  AND `field` = 'sort' LIMIT 1 [ RunTime:0.000635s ]
[2023-05-03T22:24:36+08:00][sql] SELECT * FROM `tp_module` WHERE  `model_name` = 'UsersType' LIMIT 1 [ RunTime:0.000423s ]
[2023-05-03T22:24:36+08:00][sql] SELECT `id` FROM `tp_module` WHERE  `model_name` = 'UsersType' LIMIT 1 [ RunTime:0.000367s ]
[2023-05-03T22:24:36+08:00][sql] SELECT `field` FROM `tp_field` WHERE  ( field = 'pid' OR field = 'parent_id'  )  AND `module_id` = 6 LIMIT 1 [ RunTime:0.000576s ]
[2023-05-03T22:24:36+08:00][sql] SHOW FULL COLUMNS FROM `tp_users_type` [ RunTime:0.008819s ]
[2023-05-03T22:24:36+08:00][sql] SELECT `id`,`name` FROM `tp_users_type` ORDER BY `sort` ASC,`id` DESC [ RunTime:0.001135s ]
[2023-05-03T22:24:36+08:00][sql] SELECT `dict_value`,`dict_label` FROM `tp_dictionary` WHERE  `dict_type` = '1' ORDER BY `sort` ASC,`id` DESC [ RunTime:0.000481s ]
[2023-05-03T22:24:36+08:00][sql] SELECT * FROM `tp_module` WHERE  `table_name` = 'user_upload' LIMIT 1 [ RunTime:0.000511s ]
[2023-05-03T22:24:36+08:00][sql] SELECT * FROM `tp_module` WHERE  `model_name` = 'UserUpload' LIMIT 1 [ RunTime:0.000443s ]
[2023-05-03T22:24:36+08:00][sql] SELECT * FROM `tp_module` WHERE  `table_name` = 'user_upload' LIMIT 1 [ RunTime:0.000715s ]
[2023-05-03T22:24:36+08:00][sql] SELECT * FROM `tp_field` WHERE  `module_id` = 31 ORDER BY `sort` ASC,`id` ASC [ RunTime:0.000767s ]
[2023-05-03T22:24:36+08:00][sql] SELECT * FROM `tp_module` WHERE  `model_name` = 'Module' LIMIT 1 [ RunTime:0.000892s ]
[2023-05-03T22:24:36+08:00][sql] SELECT * FROM `tp_field` WHERE  `module_id` = 3  AND `field` = 'sort' LIMIT 1 [ RunTime:0.000685s ]
[2023-05-03T22:24:36+08:00][sql] SELECT * FROM `tp_module` WHERE  `model_name` = 'Module' LIMIT 1 [ RunTime:0.000418s ]
[2023-05-03T22:24:36+08:00][sql] SELECT `id` FROM `tp_module` WHERE  `model_name` = 'Module' LIMIT 1 [ RunTime:0.000345s ]
[2023-05-03T22:24:36+08:00][sql] SELECT `field` FROM `tp_field` WHERE  ( field = 'pid' OR field = 'parent_id'  )  AND `module_id` = 3 LIMIT 1 [ RunTime:0.000613s ]
[2023-05-03T22:24:36+08:00][sql] SELECT `id`,`module_name` FROM `tp_module` ORDER BY `sort` ASC,`id` DESC [ RunTime:0.000823s ]
[2023-05-03T22:24:36+08:00][sql] SELECT * FROM `tp_module` WHERE  `model_name` = 'UsersType' LIMIT 1 [ RunTime:0.001032s ]
[2023-05-03T22:24:36+08:00][sql] SELECT * FROM `tp_field` WHERE  `module_id` = 6  AND `field` = 'sort' LIMIT 1 [ RunTime:0.000614s ]
[2023-05-03T22:24:36+08:00][sql] SELECT * FROM `tp_module` WHERE  `model_name` = 'UsersType' LIMIT 1 [ RunTime:0.000549s ]
[2023-05-03T22:24:36+08:00][sql] SELECT `id` FROM `tp_module` WHERE  `model_name` = 'UsersType' LIMIT 1 [ RunTime:0.000517s ]
[2023-05-03T22:24:36+08:00][sql] SELECT `field` FROM `tp_field` WHERE  ( field = 'pid' OR field = 'parent_id'  )  AND `module_id` = 6 LIMIT 1 [ RunTime:0.000566s ]
[2023-05-03T22:24:36+08:00][sql] SELECT `id`,`name` FROM `tp_users_type` ORDER BY `sort` ASC,`id` DESC [ RunTime:0.000484s ]
[2023-05-03T22:24:36+08:00][sql] SELECT `dict_value`,`dict_label` FROM `tp_dictionary` WHERE  `dict_type` = '1' ORDER BY `sort` ASC,`id` DESC [ RunTime:0.000416s ]
[2023-05-03T22:24:36+08:00][sql] SELECT `pk` FROM `tp_module` WHERE  `table_name` = 'user_upload' LIMIT 1 [ RunTime:0.000362s ]
[2023-05-03T22:24:36+08:00][sql] SELECT * FROM `tp_module` WHERE  `table_name` = 'user_upload' LIMIT 1 [ RunTime:0.000470s ]
[2023-05-03T22:24:36+08:00][sql] SHOW FULL COLUMNS FROM `tp_table_tem_set` [ RunTime:0.009455s ]
[2023-05-03T22:24:36+08:00][sql] SELECT * FROM `tp_table_tem_set` WHERE  `id` = 5 LIMIT 1 [ RunTime:0.002639s ]
[2023-05-03T22:24:36+08:00][info] $data[pid]
[2023-05-03T22:24:36+08:00][info] 161
[2023-05-03T22:24:36+08:00][info] $data[pid]
[2023-05-03T22:24:36+08:00][info] 161
[2023-05-03T22:24:37+08:00][sql] CONNECT:[ UseTime:0.001020s ] mysql:host=127.0.0.1;port=3306;dbname=ztx;charset=utf8mb4
[2023-05-03T22:24:37+08:00][sql] SHOW FULL COLUMNS FROM `tp_auth_rule` [ RunTime:0.010267s ]
[2023-05-03T22:24:37+08:00][sql] SELECT * FROM `tp_auth_rule` WHERE  `status` = 1 ORDER BY `sort` ASC [ RunTime:0.001234s ]
[2023-05-03T22:24:37+08:00][sql] SELECT * FROM `tp_auth_rule` WHERE  `name` = 'UserUpload/index' LIMIT 1 [ RunTime:0.001197s ]
[2023-05-03T22:24:37+08:00][sql] SELECT * FROM `tp_auth_rule` WHERE  `id` = 161 LIMIT 1 [ RunTime:0.000463s ]
[2023-05-03T22:24:37+08:00][sql] SELECT * FROM `tp_auth_rule` WHERE  `name` = 'Link' LIMIT 1 [ RunTime:0.000800s ]
[2023-05-03T22:24:37+08:00][sql] SHOW FULL COLUMNS FROM `tp_module` [ RunTime:0.009523s ]
[2023-05-03T22:24:37+08:00][sql] SELECT * FROM `tp_module` WHERE  `model_name` = 'UserUpload' LIMIT 1 [ RunTime:0.000797s ]
[2023-05-03T22:24:37+08:00][sql] SHOW FULL COLUMNS FROM `tp_cate` [ RunTime:0.006981s ]
[2023-05-03T22:24:37+08:00][sql] SELECT * FROM `tp_cate` ORDER BY `sort`,`id` DESC [ RunTime:0.001006s ]
[2023-05-03T22:24:37+08:00][sql] SELECT * FROM `tp_module` WHERE  `id` IN (18,19,21,22,23,24,25) [ RunTime:0.001530s ]
[2023-05-03T22:24:37+08:00][sql] SELECT * FROM `tp_module` WHERE  `model_name` = 'Cate' LIMIT 1 [ RunTime:0.000714s ]
[2023-05-03T22:24:37+08:00][sql] SELECT * FROM `tp_module` WHERE  `table_name` = 'cate' LIMIT 1 [ RunTime:0.000543s ]
[2023-05-03T22:24:37+08:00][sql] SHOW FULL COLUMNS FROM `tp_field` [ RunTime:0.007609s ]
[2023-05-03T22:24:37+08:00][sql] SELECT * FROM `tp_field` WHERE  `module_id` = 20 ORDER BY `sort` ASC,`id` ASC [ RunTime:0.001667s ]
[2023-05-03T22:24:37+08:00][sql] SHOW FULL COLUMNS FROM `tp_system` [ RunTime:0.008152s ]
[2023-05-03T22:24:37+08:00][sql] SELECT * FROM `tp_system` WHERE  `id` = 1 LIMIT 1 [ RunTime:0.000768s ]
[2023-05-03T22:24:37+08:00][sql] SELECT * FROM `tp_auth_rule` WHERE  `auth_open` = 0 [ RunTime:0.001227s ]
[2023-05-03T22:24:37+08:00][sql] SELECT * FROM `tp_auth_rule` [ RunTime:0.001835s ]
[2023-05-03T22:24:37+08:00][sql] SELECT * FROM `tp_auth_rule` WHERE  `name` = 'UserUpload/index' LIMIT 1 [ RunTime:0.000963s ]
[2023-05-03T22:24:37+08:00][sql] SELECT * FROM `tp_auth_rule` WHERE  `id` = 161 LIMIT 1 [ RunTime:0.000414s ]
[2023-05-03T22:24:37+08:00][sql] SELECT * FROM `tp_auth_rule` WHERE  `name` = 'Link' LIMIT 1 [ RunTime:0.000617s ]
[2023-05-03T22:24:37+08:00][sql] SHOW FULL COLUMNS FROM `tp_admin_log` [ RunTime:0.009119s ]
[2023-05-03T22:24:37+08:00][sql] SELECT * FROM `tp_admin_log` WHERE  `admin_id` = 1 ORDER BY `id` DESC LIMIT 1 [ RunTime:0.000741s ]
[2023-05-03T22:24:37+08:00][sql] INSERT INTO `tp_admin_log` SET `title` = '[网站功能] -> [用户上传]' , `content` = '{"getList":"1","pageSize":"10","page":1,"orderByColumn":"id","isAsc":"asc","module_r":"","field_r":"","title":"","auth":"","page_title":"","page_top_tips":"","page_end_tips":"","remark":"","upload_file":"","status":""}' , `url` = '/admin/UserUpload/index.html?getList=1' , `admin_id` = 1 , `user_agent` = 'Mozilla/5.0 (Windows NT 10.0; Win64; x64) AppleWebKit/537.36 (KHTML, like Gecko) Chrome/112.0.0.0 Safari/537.36' , `ip` = '127.0.0.1' , `create_time` = 1683123877 , `update_time` = 1683123877 [ RunTime:0.001336s ]
[2023-05-03T22:24:37+08:00][sql] SELECT `pk` FROM `tp_module` WHERE  `table_name` = 'user_upload' LIMIT 1 [ RunTime:0.000528s ]
[2023-05-03T22:24:37+08:00][sql] SELECT * FROM `tp_module` WHERE  `table_name` = 'user_upload' LIMIT 1 [ RunTime:0.000639s ]
[2023-05-03T22:24:37+08:00][sql] SELECT * FROM `tp_field` WHERE  `module_id` = 31 ORDER BY `sort` ASC,`id` ASC [ RunTime:0.000953s ]
[2023-05-03T22:24:37+08:00][sql] SHOW FULL COLUMNS FROM `tp_dictionary` [ RunTime:0.009463s ]
[2023-05-03T22:24:37+08:00][sql] SELECT `dict_value`,`dict_label` FROM `tp_dictionary` WHERE  `dict_type` = '1' ORDER BY `sort` ASC,`id` DESC [ RunTime:0.000571s ]
[2023-05-03T22:24:37+08:00][sql] SELECT * FROM `tp_module` WHERE  `table_name` = 'user_upload' LIMIT 1 [ RunTime:0.000605s ]
[2023-05-03T22:24:37+08:00][sql] SELECT * FROM `tp_field` WHERE  `module_id` = 31 ORDER BY `sort` ASC,`id` ASC [ RunTime:0.000996s ]
[2023-05-03T22:24:37+08:00][sql] SELECT * FROM `tp_module` WHERE  `model_name` = 'Module' LIMIT 1 [ RunTime:0.000584s ]
[2023-05-03T22:24:37+08:00][sql] SELECT * FROM `tp_field` WHERE  `module_id` = 3  AND `field` = 'sort' LIMIT 1 [ RunTime:0.000581s ]
[2023-05-03T22:24:37+08:00][sql] SELECT * FROM `tp_module` WHERE  `model_name` = 'Module' LIMIT 1 [ RunTime:0.000483s ]
[2023-05-03T22:24:37+08:00][sql] SELECT `id` FROM `tp_module` WHERE  `model_name` = 'Module' LIMIT 1 [ RunTime:0.000413s ]
[2023-05-03T22:24:37+08:00][sql] SELECT `field` FROM `tp_field` WHERE  ( field = 'pid' OR field = 'parent_id'  )  AND `module_id` = 3 LIMIT 1 [ RunTime:0.001352s ]
[2023-05-03T22:24:37+08:00][sql] SELECT `id`,`module_name` FROM `tp_module` ORDER BY `sort` ASC,`id` DESC [ RunTime:0.000561s ]
[2023-05-03T22:24:37+08:00][sql] SELECT * FROM `tp_module` WHERE  `model_name` = 'UsersType' LIMIT 1 [ RunTime:0.000513s ]
[2023-05-03T22:24:37+08:00][sql] SELECT * FROM `tp_field` WHERE  `module_id` = 6  AND `field` = 'sort' LIMIT 1 [ RunTime:0.000601s ]
[2023-05-03T22:24:37+08:00][sql] SELECT * FROM `tp_module` WHERE  `model_name` = 'UsersType' LIMIT 1 [ RunTime:0.000537s ]
[2023-05-03T22:24:37+08:00][sql] SELECT `id` FROM `tp_module` WHERE  `model_name` = 'UsersType' LIMIT 1 [ RunTime:0.000553s ]
[2023-05-03T22:24:37+08:00][sql] SELECT `field` FROM `tp_field` WHERE  ( field = 'pid' OR field = 'parent_id'  )  AND `module_id` = 6 LIMIT 1 [ RunTime:0.000680s ]
[2023-05-03T22:24:37+08:00][sql] SHOW FULL COLUMNS FROM `tp_users_type` [ RunTime:0.007002s ]
[2023-05-03T22:24:37+08:00][sql] SELECT `id`,`name` FROM `tp_users_type` ORDER BY `sort` ASC,`id` DESC [ RunTime:0.000520s ]
[2023-05-03T22:24:37+08:00][sql] SELECT `dict_value`,`dict_label` FROM `tp_dictionary` WHERE  `dict_type` = '1' ORDER BY `sort` ASC,`id` DESC [ RunTime:0.001239s ]
[2023-05-03T22:24:37+08:00][sql] SELECT * FROM `tp_module` WHERE  `table_name` = 'user_upload' LIMIT 1 [ RunTime:0.000842s ]
[2023-05-03T22:24:37+08:00][sql] SELECT * FROM `tp_module` WHERE  `table_name` = 'user_upload' LIMIT 1 [ RunTime:0.000772s ]
[2023-05-03T22:24:37+08:00][sql] SELECT * FROM `tp_field` WHERE  `module_id` = 31 ORDER BY `sort` ASC,`id` ASC [ RunTime:0.001327s ]
[2023-05-03T22:24:37+08:00][sql] SELECT * FROM `tp_module` WHERE  `model_name` = 'Module' LIMIT 1 [ RunTime:0.000659s ]
[2023-05-03T22:24:37+08:00][sql] SELECT * FROM `tp_field` WHERE  `module_id` = 3  AND `field` = 'sort' LIMIT 1 [ RunTime:0.000611s ]
[2023-05-03T22:24:37+08:00][sql] SELECT * FROM `tp_module` WHERE  `model_name` = 'Module' LIMIT 1 [ RunTime:0.000523s ]
[2023-05-03T22:24:37+08:00][sql] SELECT `id` FROM `tp_module` WHERE  `model_name` = 'Module' LIMIT 1 [ RunTime:0.000476s ]
[2023-05-03T22:24:37+08:00][sql] SELECT `field` FROM `tp_field` WHERE  ( field = 'pid' OR field = 'parent_id'  )  AND `module_id` = 3 LIMIT 1 [ RunTime:0.000710s ]
[2023-05-03T22:24:37+08:00][sql] SELECT `id`,`module_name` FROM `tp_module` ORDER BY `sort` ASC,`id` DESC [ RunTime:0.000474s ]
[2023-05-03T22:24:37+08:00][sql] SELECT * FROM `tp_module` WHERE  `model_name` = 'UsersType' LIMIT 1 [ RunTime:0.000560s ]
[2023-05-03T22:24:37+08:00][sql] SELECT * FROM `tp_field` WHERE  `module_id` = 6  AND `field` = 'sort' LIMIT 1 [ RunTime:0.000656s ]
[2023-05-03T22:24:37+08:00][sql] SELECT * FROM `tp_module` WHERE  `model_name` = 'UsersType' LIMIT 1 [ RunTime:0.000478s ]
[2023-05-03T22:24:37+08:00][sql] SELECT `id` FROM `tp_module` WHERE  `model_name` = 'UsersType' LIMIT 1 [ RunTime:0.000428s ]
[2023-05-03T22:24:37+08:00][sql] SELECT `field` FROM `tp_field` WHERE  ( field = 'pid' OR field = 'parent_id'  )  AND `module_id` = 6 LIMIT 1 [ RunTime:0.001152s ]
[2023-05-03T22:24:37+08:00][sql] SELECT `id`,`name` FROM `tp_users_type` ORDER BY `sort` ASC,`id` DESC [ RunTime:0.001020s ]
[2023-05-03T22:24:37+08:00][sql] SELECT `dict_value`,`dict_label` FROM `tp_dictionary` WHERE  `dict_type` = '1' ORDER BY `sort` ASC,`id` DESC [ RunTime:0.000819s ]
[2023-05-03T22:24:37+08:00][sql] SELECT `pk` FROM `tp_module` WHERE  `table_name` = 'user_upload' LIMIT 1 [ RunTime:0.000617s ]
[2023-05-03T22:24:37+08:00][sql] SELECT `id` FROM `tp_module` WHERE  `model_name` = 'UserUpload' LIMIT 1 [ RunTime:0.000714s ]
[2023-05-03T22:24:37+08:00][sql] SELECT * FROM `tp_field` WHERE  `module_id` = 31 [ RunTime:0.001436s ]
[2023-05-03T22:24:37+08:00][sql] SHOW FULL COLUMNS FROM `tp_user_upload` [ RunTime:0.007227s ]
[2023-05-03T22:24:37+08:00][sql] SELECT COUNT(*) AS think_count FROM `tp_user_upload` `UserUpload` LIMIT 1 [ RunTime:0.002222s ]
[2023-05-03T22:24:37+08:00][sql] SELECT * FROM `tp_user_upload` `UserUpload` ORDER BY `id` ASC LIMIT 0,10 [ RunTime:0.000529s ]
[2023-05-03T22:24:37+08:00][sql] SELECT * FROM `tp_module` WHERE  `id` IN (10,21) [ RunTime:0.000731s ]
[2023-05-03T22:24:37+08:00][sql] SELECT * FROM `tp_users_type` WHERE  `id` IN (0,1) [ RunTime:0.000641s ]
[2023-05-03T22:24:37+08:00][sql] SELECT * FROM `tp_module` WHERE  `model_name` = 'UserUpload' LIMIT 1 [ RunTime:0.000677s ]
[2023-05-03T22:24:37+08:00][sql] SELECT * FROM `tp_module` WHERE  `table_name` = 'user_upload' LIMIT 1 [ RunTime:0.000520s ]
[2023-05-03T22:24:37+08:00][sql] SELECT * FROM `tp_field` WHERE  `module_id` = 31 ORDER BY `sort` ASC,`id` ASC [ RunTime:0.000838s ]
[2023-05-03T22:24:37+08:00][info] $data[pid]
[2023-05-03T22:24:37+08:00][info] 161
[2023-05-03T22:24:37+08:00][info] $data[pid]
[2023-05-03T22:24:37+08:00][info] 161
[2023-05-03T23:05:41+08:00][sql] CONNECT:[ UseTime:0.002141s ] mysql:host=127.0.0.1;port=3306;dbname=ztx;charset=utf8mb4
[2023-05-03T23:05:41+08:00][sql] SHOW FULL COLUMNS FROM `tp_auth_rule` [ RunTime:0.012005s ]
[2023-05-03T23:05:41+08:00][sql] SELECT * FROM `tp_auth_rule` WHERE  `status` = 1 ORDER BY `sort` ASC [ RunTime:0.001300s ]
[2023-05-03T23:05:41+08:00][sql] SELECT * FROM `tp_auth_rule` WHERE  `name` = 'UserUpload/state' LIMIT 1 [ RunTime:0.001595s ]
[2023-05-03T23:05:41+08:00][sql] SELECT * FROM `tp_auth_rule` WHERE  `id` = 312 LIMIT 1 [ RunTime:0.000676s ]
[2023-05-03T23:05:41+08:00][sql] SELECT * FROM `tp_auth_rule` WHERE  `name` = 'UserUpload/index' LIMIT 1 [ RunTime:0.000966s ]
[2023-05-03T23:05:41+08:00][sql] SELECT * FROM `tp_auth_rule` WHERE  `id` = 161 LIMIT 1 [ RunTime:0.000579s ]
[2023-05-03T23:05:41+08:00][sql] SELECT * FROM `tp_auth_rule` WHERE  `name` = 'Link' LIMIT 1 [ RunTime:0.000696s ]
[2023-05-03T23:05:41+08:00][sql] SHOW FULL COLUMNS FROM `tp_module` [ RunTime:0.010955s ]
[2023-05-03T23:05:41+08:00][sql] SELECT * FROM `tp_module` WHERE  `model_name` = 'UserUpload' LIMIT 1 [ RunTime:0.000953s ]
[2023-05-03T23:05:41+08:00][sql] SHOW FULL COLUMNS FROM `tp_cate` [ RunTime:0.010768s ]
[2023-05-03T23:05:41+08:00][sql] SELECT * FROM `tp_cate` ORDER BY `sort`,`id` DESC [ RunTime:0.001071s ]
[2023-05-03T23:05:41+08:00][sql] SELECT * FROM `tp_module` WHERE  `id` IN (18,19,21,22,23,24,25) [ RunTime:0.001241s ]
[2023-05-03T23:05:41+08:00][sql] SELECT * FROM `tp_module` WHERE  `model_name` = 'Cate' LIMIT 1 [ RunTime:0.001030s ]
[2023-05-03T23:05:41+08:00][sql] SELECT * FROM `tp_module` WHERE  `table_name` = 'cate' LIMIT 1 [ RunTime:0.000754s ]
[2023-05-03T23:05:41+08:00][sql] SHOW FULL COLUMNS FROM `tp_field` [ RunTime:0.009981s ]
[2023-05-03T23:05:41+08:00][sql] SELECT * FROM `tp_field` WHERE  `module_id` = 20 ORDER BY `sort` ASC,`id` ASC [ RunTime:0.001502s ]
[2023-05-03T23:05:41+08:00][sql] SHOW FULL COLUMNS FROM `tp_system` [ RunTime:0.008902s ]
[2023-05-03T23:05:41+08:00][sql] SELECT * FROM `tp_system` WHERE  `id` = 1 LIMIT 1 [ RunTime:0.000951s ]
[2023-05-03T23:05:41+08:00][sql] SELECT * FROM `tp_auth_rule` WHERE  `auth_open` = 0 [ RunTime:0.001263s ]
[2023-05-03T23:05:41+08:00][sql] SELECT * FROM `tp_auth_rule` [ RunTime:0.001018s ]
[2023-05-03T23:05:41+08:00][sql] SELECT * FROM `tp_auth_rule` WHERE  `name` = 'UserUpload/state' LIMIT 1 [ RunTime:0.001106s ]
[2023-05-03T23:05:41+08:00][sql] SELECT * FROM `tp_auth_rule` WHERE  `id` = 312 LIMIT 1 [ RunTime:0.000465s ]
[2023-05-03T23:05:41+08:00][sql] SELECT * FROM `tp_auth_rule` WHERE  `name` = 'UserUpload/index' LIMIT 1 [ RunTime:0.000832s ]
[2023-05-03T23:05:41+08:00][sql] SELECT * FROM `tp_auth_rule` WHERE  `id` = 161 LIMIT 1 [ RunTime:0.000515s ]
[2023-05-03T23:05:41+08:00][sql] SELECT * FROM `tp_auth_rule` WHERE  `name` = 'Link' LIMIT 1 [ RunTime:0.000976s ]
[2023-05-03T23:05:41+08:00][sql] SHOW FULL COLUMNS FROM `tp_admin_log` [ RunTime:0.008724s ]
[2023-05-03T23:05:41+08:00][sql] SELECT * FROM `tp_admin_log` WHERE  `admin_id` = 1 ORDER BY `id` DESC LIMIT 1 [ RunTime:0.000611s ]
[2023-05-03T23:05:41+08:00][sql] INSERT INTO `tp_admin_log` SET `title` = '[网站功能] -> [用户上传] -> [操作-状态]' , `content` = '{"id":"4"}' , `url` = '/admin/UserUpload/state.html' , `admin_id` = 1 , `user_agent` = 'Mozilla/5.0 (Windows NT 10.0; Win64; x64) AppleWebKit/537.36 (KHTML, like Gecko) Chrome/112.0.0.0 Safari/537.36' , `ip` = '127.0.0.1' , `create_time` = 1683126341 , `update_time` = 1683126341 [ RunTime:0.001279s ]
[2023-05-03T23:05:41+08:00][sql] SHOW FULL COLUMNS FROM `tp_user_upload` [ RunTime:0.009717s ]
[2023-05-03T23:05:41+08:00][sql] SELECT * FROM `tp_user_upload` WHERE  `id` = 4 LIMIT 1 [ RunTime:0.000802s ]
[2023-05-03T23:05:41+08:00][sql] UPDATE `tp_user_upload`  SET `status` = 1 , `update_time` = 1683126341  WHERE  `id` = 4 [ RunTime:0.000806s ]
[2023-05-03T23:05:41+08:00][info] $data[pid]
[2023-05-03T23:05:41+08:00][info] 312
[2023-05-03T23:05:41+08:00][info] $data[pid]
[2023-05-03T23:05:41+08:00][info] 161
[2023-05-03T23:05:41+08:00][info] $data[pid]
[2023-05-03T23:05:41+08:00][info] 312
[2023-05-03T23:05:41+08:00][info] $data[pid]
[2023-05-03T23:05:41+08:00][info] 161
[2023-05-03T23:05:41+08:00][sql] CONNECT:[ UseTime:0.001112s ] mysql:host=127.0.0.1;port=3306;dbname=ztx;charset=utf8mb4
[2023-05-03T23:05:41+08:00][sql] SHOW FULL COLUMNS FROM `tp_auth_rule` [ RunTime:0.011396s ]
[2023-05-03T23:05:41+08:00][sql] SELECT * FROM `tp_auth_rule` WHERE  `status` = 1 ORDER BY `sort` ASC [ RunTime:0.001480s ]
[2023-05-03T23:05:41+08:00][sql] SELECT * FROM `tp_auth_rule` WHERE  `name` = 'UserUpload/index' LIMIT 1 [ RunTime:0.001845s ]
[2023-05-03T23:05:41+08:00][sql] SELECT * FROM `tp_auth_rule` WHERE  `id` = 161 LIMIT 1 [ RunTime:0.000630s ]
[2023-05-03T23:05:41+08:00][sql] SELECT * FROM `tp_auth_rule` WHERE  `name` = 'Link' LIMIT 1 [ RunTime:0.000818s ]
[2023-05-03T23:05:41+08:00][sql] SHOW FULL COLUMNS FROM `tp_module` [ RunTime:0.009651s ]
[2023-05-03T23:05:41+08:00][sql] SELECT * FROM `tp_module` WHERE  `model_name` = 'UserUpload' LIMIT 1 [ RunTime:0.000850s ]
[2023-05-03T23:05:41+08:00][sql] SHOW FULL COLUMNS FROM `tp_cate` [ RunTime:0.007903s ]
[2023-05-03T23:05:41+08:00][sql] SELECT * FROM `tp_cate` ORDER BY `sort`,`id` DESC [ RunTime:0.000710s ]
[2023-05-03T23:05:41+08:00][sql] SELECT * FROM `tp_module` WHERE  `id` IN (18,19,21,22,23,24,25) [ RunTime:0.001131s ]
[2023-05-03T23:05:41+08:00][sql] SELECT * FROM `tp_module` WHERE  `model_name` = 'Cate' LIMIT 1 [ RunTime:0.000959s ]
[2023-05-03T23:05:41+08:00][sql] SELECT * FROM `tp_module` WHERE  `table_name` = 'cate' LIMIT 1 [ RunTime:0.000689s ]
[2023-05-03T23:05:41+08:00][sql] SHOW FULL COLUMNS FROM `tp_field` [ RunTime:0.012741s ]
[2023-05-03T23:05:41+08:00][sql] SELECT * FROM `tp_field` WHERE  `module_id` = 20 ORDER BY `sort` ASC,`id` ASC [ RunTime:0.000982s ]
[2023-05-03T23:05:41+08:00][sql] SHOW FULL COLUMNS FROM `tp_system` [ RunTime:0.008336s ]
[2023-05-03T23:05:41+08:00][sql] SELECT * FROM `tp_system` WHERE  `id` = 1 LIMIT 1 [ RunTime:0.000854s ]
[2023-05-03T23:05:41+08:00][sql] SELECT * FROM `tp_auth_rule` WHERE  `auth_open` = 0 [ RunTime:0.000884s ]
[2023-05-03T23:05:41+08:00][sql] SELECT * FROM `tp_auth_rule` [ RunTime:0.001492s ]
[2023-05-03T23:05:41+08:00][sql] SELECT * FROM `tp_auth_rule` WHERE  `name` = 'UserUpload/index' LIMIT 1 [ RunTime:0.001206s ]
[2023-05-03T23:05:41+08:00][sql] SELECT * FROM `tp_auth_rule` WHERE  `id` = 161 LIMIT 1 [ RunTime:0.000432s ]
[2023-05-03T23:05:41+08:00][sql] SELECT * FROM `tp_auth_rule` WHERE  `name` = 'Link' LIMIT 1 [ RunTime:0.000588s ]
[2023-05-03T23:05:41+08:00][sql] SHOW FULL COLUMNS FROM `tp_admin_log` [ RunTime:0.010139s ]
[2023-05-03T23:05:41+08:00][sql] SELECT * FROM `tp_admin_log` WHERE  `admin_id` = 1 ORDER BY `id` DESC LIMIT 1 [ RunTime:0.001380s ]
[2023-05-03T23:05:41+08:00][sql] INSERT INTO `tp_admin_log` SET `title` = '[网站功能] -> [用户上传]' , `content` = '{"getList":"1","pageSize":"10","page":1,"orderByColumn":"id","isAsc":"asc","module_r":"","field_r":"","title":"","auth":"","page_title":"","page_top_tips":"","page_end_tips":"","remark":"","upload_file":"","status":""}' , `url` = '/admin/UserUpload/index.html?getList=1' , `admin_id` = 1 , `user_agent` = 'Mozilla/5.0 (Windows NT 10.0; Win64; x64) AppleWebKit/537.36 (KHTML, like Gecko) Chrome/112.0.0.0 Safari/537.36' , `ip` = '127.0.0.1' , `create_time` = 1683126341 , `update_time` = 1683126341 [ RunTime:0.000762s ]
[2023-05-03T23:05:41+08:00][sql] SELECT `pk` FROM `tp_module` WHERE  `table_name` = 'user_upload' LIMIT 1 [ RunTime:0.000582s ]
[2023-05-03T23:05:41+08:00][sql] SELECT * FROM `tp_module` WHERE  `table_name` = 'user_upload' LIMIT 1 [ RunTime:0.000554s ]
[2023-05-03T23:05:41+08:00][sql] SELECT * FROM `tp_field` WHERE  `module_id` = 31 ORDER BY `sort` ASC,`id` ASC [ RunTime:0.000852s ]
[2023-05-03T23:05:41+08:00][sql] SHOW FULL COLUMNS FROM `tp_dictionary` [ RunTime:0.009322s ]
[2023-05-03T23:05:41+08:00][sql] SELECT `dict_value`,`dict_label` FROM `tp_dictionary` WHERE  `dict_type` = '1' ORDER BY `sort` ASC,`id` DESC [ RunTime:0.000794s ]
[2023-05-03T23:05:41+08:00][sql] SELECT * FROM `tp_module` WHERE  `table_name` = 'user_upload' LIMIT 1 [ RunTime:0.000713s ]
[2023-05-03T23:05:41+08:00][sql] SELECT * FROM `tp_field` WHERE  `module_id` = 31 ORDER BY `sort` ASC,`id` ASC [ RunTime:0.000936s ]
[2023-05-03T23:05:41+08:00][sql] SELECT * FROM `tp_module` WHERE  `model_name` = 'Module' LIMIT 1 [ RunTime:0.000608s ]
[2023-05-03T23:05:41+08:00][sql] SELECT * FROM `tp_field` WHERE  `module_id` = 3  AND `field` = 'sort' LIMIT 1 [ RunTime:0.000654s ]
[2023-05-03T23:05:41+08:00][sql] SELECT * FROM `tp_module` WHERE  `model_name` = 'Module' LIMIT 1 [ RunTime:0.000520s ]
[2023-05-03T23:05:41+08:00][sql] SELECT `id` FROM `tp_module` WHERE  `model_name` = 'Module' LIMIT 1 [ RunTime:0.000450s ]
[2023-05-03T23:05:41+08:00][sql] SELECT `field` FROM `tp_field` WHERE  ( field = 'pid' OR field = 'parent_id'  )  AND `module_id` = 3 LIMIT 1 [ RunTime:0.000780s ]
[2023-05-03T23:05:41+08:00][sql] SELECT `id`,`module_name` FROM `tp_module` ORDER BY `sort` ASC,`id` DESC [ RunTime:0.000519s ]
[2023-05-03T23:05:41+08:00][sql] SELECT * FROM `tp_module` WHERE  `model_name` = 'UsersType' LIMIT 1 [ RunTime:0.000522s ]
[2023-05-03T23:05:41+08:00][sql] SELECT * FROM `tp_field` WHERE  `module_id` = 6  AND `field` = 'sort' LIMIT 1 [ RunTime:0.001728s ]
[2023-05-03T23:05:41+08:00][sql] SELECT * FROM `tp_module` WHERE  `model_name` = 'UsersType' LIMIT 1 [ RunTime:0.000941s ]
[2023-05-03T23:05:41+08:00][sql] SELECT `id` FROM `tp_module` WHERE  `model_name` = 'UsersType' LIMIT 1 [ RunTime:0.000641s ]
[2023-05-03T23:05:41+08:00][sql] SELECT `field` FROM `tp_field` WHERE  ( field = 'pid' OR field = 'parent_id'  )  AND `module_id` = 6 LIMIT 1 [ RunTime:0.000662s ]
[2023-05-03T23:05:41+08:00][sql] SHOW FULL COLUMNS FROM `tp_users_type` [ RunTime:0.007478s ]
[2023-05-03T23:05:41+08:00][sql] SELECT `id`,`name` FROM `tp_users_type` ORDER BY `sort` ASC,`id` DESC [ RunTime:0.000618s ]
[2023-05-03T23:05:41+08:00][sql] SELECT `dict_value`,`dict_label` FROM `tp_dictionary` WHERE  `dict_type` = '1' ORDER BY `sort` ASC,`id` DESC [ RunTime:0.000463s ]
[2023-05-03T23:05:41+08:00][sql] SELECT * FROM `tp_module` WHERE  `table_name` = 'user_upload' LIMIT 1 [ RunTime:0.000548s ]
[2023-05-03T23:05:41+08:00][sql] SELECT * FROM `tp_module` WHERE  `table_name` = 'user_upload' LIMIT 1 [ RunTime:0.001052s ]
[2023-05-03T23:05:41+08:00][sql] SELECT * FROM `tp_field` WHERE  `module_id` = 31 ORDER BY `sort` ASC,`id` ASC [ RunTime:0.001485s ]
[2023-05-03T23:05:41+08:00][sql] SELECT * FROM `tp_module` WHERE  `model_name` = 'Module' LIMIT 1 [ RunTime:0.000751s ]
[2023-05-03T23:05:41+08:00][sql] SELECT * FROM `tp_field` WHERE  `module_id` = 3  AND `field` = 'sort' LIMIT 1 [ RunTime:0.000679s ]
[2023-05-03T23:05:41+08:00][sql] SELECT * FROM `tp_module` WHERE  `model_name` = 'Module' LIMIT 1 [ RunTime:0.000499s ]
[2023-05-03T23:05:41+08:00][sql] SELECT `id` FROM `tp_module` WHERE  `model_name` = 'Module' LIMIT 1 [ RunTime:0.000427s ]
[2023-05-03T23:05:41+08:00][sql] SELECT `field` FROM `tp_field` WHERE  ( field = 'pid' OR field = 'parent_id'  )  AND `module_id` = 3 LIMIT 1 [ RunTime:0.000797s ]
[2023-05-03T23:05:41+08:00][sql] SELECT `id`,`module_name` FROM `tp_module` ORDER BY `sort` ASC,`id` DESC [ RunTime:0.000438s ]
[2023-05-03T23:05:41+08:00][sql] SELECT * FROM `tp_module` WHERE  `model_name` = 'UsersType' LIMIT 1 [ RunTime:0.000460s ]
[2023-05-03T23:05:41+08:00][sql] SELECT * FROM `tp_field` WHERE  `module_id` = 6  AND `field` = 'sort' LIMIT 1 [ RunTime:0.000573s ]
[2023-05-03T23:05:41+08:00][sql] SELECT * FROM `tp_module` WHERE  `model_name` = 'UsersType' LIMIT 1 [ RunTime:0.000434s ]
[2023-05-03T23:05:41+08:00][sql] SELECT `id` FROM `tp_module` WHERE  `model_name` = 'UsersType' LIMIT 1 [ RunTime:0.000356s ]
[2023-05-03T23:05:41+08:00][sql] SELECT `field` FROM `tp_field` WHERE  ( field = 'pid' OR field = 'parent_id'  )  AND `module_id` = 6 LIMIT 1 [ RunTime:0.000584s ]
[2023-05-03T23:05:41+08:00][sql] SELECT `id`,`name` FROM `tp_users_type` ORDER BY `sort` ASC,`id` DESC [ RunTime:0.000351s ]
[2023-05-03T23:05:41+08:00][sql] SELECT `dict_value`,`dict_label` FROM `tp_dictionary` WHERE  `dict_type` = '1' ORDER BY `sort` ASC,`id` DESC [ RunTime:0.000403s ]
[2023-05-03T23:05:41+08:00][sql] SELECT `pk` FROM `tp_module` WHERE  `table_name` = 'user_upload' LIMIT 1 [ RunTime:0.000370s ]
[2023-05-03T23:05:41+08:00][sql] SELECT `id` FROM `tp_module` WHERE  `model_name` = 'UserUpload' LIMIT 1 [ RunTime:0.000455s ]
[2023-05-03T23:05:41+08:00][sql] SELECT * FROM `tp_field` WHERE  `module_id` = 31 [ RunTime:0.002134s ]
[2023-05-03T23:05:41+08:00][sql] SHOW FULL COLUMNS FROM `tp_user_upload` [ RunTime:0.007187s ]
[2023-05-03T23:05:41+08:00][sql] SELECT COUNT(*) AS think_count FROM `tp_user_upload` `UserUpload` LIMIT 1 [ RunTime:0.000586s ]
[2023-05-03T23:05:41+08:00][sql] SELECT * FROM `tp_user_upload` `UserUpload` ORDER BY `id` ASC LIMIT 0,10 [ RunTime:0.000478s ]
[2023-05-03T23:05:41+08:00][sql] SELECT * FROM `tp_module` WHERE  `id` IN (10,21) [ RunTime:0.000565s ]
[2023-05-03T23:05:41+08:00][sql] SELECT * FROM `tp_users_type` WHERE  `id` IN (0,1) [ RunTime:0.000497s ]
[2023-05-03T23:05:41+08:00][sql] SELECT * FROM `tp_module` WHERE  `model_name` = 'UserUpload' LIMIT 1 [ RunTime:0.001417s ]
[2023-05-03T23:05:41+08:00][sql] SELECT * FROM `tp_module` WHERE  `table_name` = 'user_upload' LIMIT 1 [ RunTime:0.000838s ]
[2023-05-03T23:05:41+08:00][sql] SELECT * FROM `tp_field` WHERE  `module_id` = 31 ORDER BY `sort` ASC,`id` ASC [ RunTime:0.001069s ]
[2023-05-03T23:05:41+08:00][info] $data[pid]
[2023-05-03T23:05:41+08:00][info] 161
[2023-05-03T23:05:41+08:00][info] $data[pid]
[2023-05-03T23:05:41+08:00][info] 161
[2023-05-03T23:05:42+08:00][sql] CONNECT:[ UseTime:0.024134s ] mysql:host=127.0.0.1;port=3306;dbname=ztx;charset=utf8mb4
[2023-05-03T23:05:42+08:00][sql] SHOW FULL COLUMNS FROM `tp_auth_rule` [ RunTime:0.009684s ]
[2023-05-03T23:05:42+08:00][sql] SELECT * FROM `tp_auth_rule` WHERE  `status` = 1 ORDER BY `sort` ASC [ RunTime:0.000923s ]
[2023-05-03T23:05:42+08:00][sql] SELECT * FROM `tp_auth_rule` WHERE  `name` = 'UserUpload/edit' LIMIT 1 [ RunTime:0.001443s ]
[2023-05-03T23:05:42+08:00][sql] SELECT * FROM `tp_auth_rule` WHERE  `id` = 312 LIMIT 1 [ RunTime:0.000604s ]
[2023-05-03T23:05:42+08:00][sql] SELECT * FROM `tp_auth_rule` WHERE  `name` = 'UserUpload/index' LIMIT 1 [ RunTime:0.000924s ]
[2023-05-03T23:05:42+08:00][sql] SELECT * FROM `tp_auth_rule` WHERE  `id` = 161 LIMIT 1 [ RunTime:0.000561s ]
[2023-05-03T23:05:42+08:00][sql] SELECT * FROM `tp_auth_rule` WHERE  `name` = 'Link' LIMIT 1 [ RunTime:0.000810s ]
[2023-05-03T23:05:42+08:00][sql] SHOW FULL COLUMNS FROM `tp_module` [ RunTime:0.009916s ]
[2023-05-03T23:05:42+08:00][sql] SELECT * FROM `tp_module` WHERE  `model_name` = 'UserUpload' LIMIT 1 [ RunTime:0.000829s ]
[2023-05-03T23:05:42+08:00][sql] SHOW FULL COLUMNS FROM `tp_cate` [ RunTime:0.008245s ]
[2023-05-03T23:05:42+08:00][sql] SELECT * FROM `tp_cate` ORDER BY `sort`,`id` DESC [ RunTime:0.000626s ]
[2023-05-03T23:05:42+08:00][sql] SELECT * FROM `tp_module` WHERE  `id` IN (18,19,21,22,23,24,25) [ RunTime:0.000692s ]
[2023-05-03T23:05:42+08:00][sql] SELECT * FROM `tp_module` WHERE  `model_name` = 'Cate' LIMIT 1 [ RunTime:0.000745s ]
[2023-05-03T23:05:42+08:00][sql] SELECT * FROM `tp_module` WHERE  `table_name` = 'cate' LIMIT 1 [ RunTime:0.000485s ]
[2023-05-03T23:05:42+08:00][sql] SHOW FULL COLUMNS FROM `tp_field` [ RunTime:0.009250s ]
[2023-05-03T23:05:42+08:00][sql] SELECT * FROM `tp_field` WHERE  `module_id` = 20 ORDER BY `sort` ASC,`id` ASC [ RunTime:0.001211s ]
[2023-05-03T23:05:42+08:00][sql] SHOW FULL COLUMNS FROM `tp_system` [ RunTime:0.008932s ]
[2023-05-03T23:05:42+08:00][sql] SELECT * FROM `tp_system` WHERE  `id` = 1 LIMIT 1 [ RunTime:0.000743s ]
[2023-05-03T23:05:42+08:00][sql] SELECT * FROM `tp_auth_rule` WHERE  `auth_open` = 0 [ RunTime:0.000988s ]
[2023-05-03T23:05:42+08:00][sql] SELECT * FROM `tp_auth_rule` [ RunTime:0.001372s ]
[2023-05-03T23:05:42+08:00][sql] SELECT * FROM `tp_auth_rule` WHERE  `name` = 'UserUpload/edit' LIMIT 1 [ RunTime:0.001591s ]
[2023-05-03T23:05:42+08:00][sql] SELECT * FROM `tp_auth_rule` WHERE  `id` = 312 LIMIT 1 [ RunTime:0.000749s ]
[2023-05-03T23:05:42+08:00][sql] SELECT * FROM `tp_auth_rule` WHERE  `name` = 'UserUpload/index' LIMIT 1 [ RunTime:0.001171s ]
[2023-05-03T23:05:42+08:00][sql] SELECT * FROM `tp_auth_rule` WHERE  `id` = 161 LIMIT 1 [ RunTime:0.000595s ]
[2023-05-03T23:05:42+08:00][sql] SELECT * FROM `tp_auth_rule` WHERE  `name` = 'Link' LIMIT 1 [ RunTime:0.000605s ]
[2023-05-03T23:05:42+08:00][sql] SHOW FULL COLUMNS FROM `tp_admin_log` [ RunTime:0.007769s ]
[2023-05-03T23:05:42+08:00][sql] SELECT * FROM `tp_admin_log` WHERE  `admin_id` = 1 ORDER BY `id` DESC LIMIT 1 [ RunTime:0.000640s ]
[2023-05-03T23:05:42+08:00][sql] INSERT INTO `tp_admin_log` SET `title` = '[网站功能] -> [用户上传] -> [操作-修改]' , `content` = '{"id":"4","_layer":"1"}' , `url` = '/admin/UserUpload/edit.html?id=4&_layer=1' , `admin_id` = 1 , `user_agent` = 'Mozilla/5.0 (Windows NT 10.0; Win64; x64) AppleWebKit/537.36 (KHTML, like Gecko) Chrome/112.0.0.0 Safari/537.36' , `ip` = '127.0.0.1' , `create_time` = 1683126342 , `update_time` = 1683126342 [ RunTime:0.001953s ]
[2023-05-03T23:05:42+08:00][sql] SHOW FULL COLUMNS FROM `tp_user_upload` [ RunTime:0.008647s ]
[2023-05-03T23:05:42+08:00][sql] SELECT * FROM `tp_user_upload` WHERE  `id` = 4 LIMIT 1 [ RunTime:0.000606s ]
[2023-05-03T23:05:42+08:00][sql] SELECT * FROM `tp_module` WHERE  `table_name` = 'user_upload' LIMIT 1 [ RunTime:0.000561s ]
[2023-05-03T23:05:42+08:00][sql] SELECT * FROM `tp_module` WHERE  `table_name` = 'user_upload' LIMIT 1 [ RunTime:0.001070s ]
[2023-05-03T23:05:42+08:00][sql] SELECT * FROM `tp_field` WHERE  `module_id` = 31 ORDER BY `sort` ASC,`id` ASC [ RunTime:0.001522s ]
[2023-05-03T23:05:42+08:00][sql] SELECT * FROM `tp_module` WHERE  `model_name` = 'Module' LIMIT 1 [ RunTime:0.000828s ]
[2023-05-03T23:05:42+08:00][sql] SELECT * FROM `tp_field` WHERE  `module_id` = 3  AND `field` = 'sort' LIMIT 1 [ RunTime:0.000592s ]
[2023-05-03T23:05:42+08:00][sql] SELECT * FROM `tp_module` WHERE  `model_name` = 'Module' LIMIT 1 [ RunTime:0.000455s ]
[2023-05-03T23:05:42+08:00][sql] SELECT `id` FROM `tp_module` WHERE  `model_name` = 'Module' LIMIT 1 [ RunTime:0.000394s ]
[2023-05-03T23:05:42+08:00][sql] SELECT `field` FROM `tp_field` WHERE  ( field = 'pid' OR field = 'parent_id'  )  AND `module_id` = 3 LIMIT 1 [ RunTime:0.000883s ]
[2023-05-03T23:05:42+08:00][sql] SELECT `id`,`module_name` FROM `tp_module` ORDER BY `sort` ASC,`id` DESC [ RunTime:0.000571s ]
[2023-05-03T23:05:42+08:00][sql] SELECT * FROM `tp_module` WHERE  `model_name` = 'UsersType' LIMIT 1 [ RunTime:0.000553s ]
[2023-05-03T23:05:42+08:00][sql] SELECT * FROM `tp_field` WHERE  `module_id` = 6  AND `field` = 'sort' LIMIT 1 [ RunTime:0.000601s ]
[2023-05-03T23:05:42+08:00][sql] SELECT * FROM `tp_module` WHERE  `model_name` = 'UsersType' LIMIT 1 [ RunTime:0.000450s ]
[2023-05-03T23:05:42+08:00][sql] SELECT `id` FROM `tp_module` WHERE  `model_name` = 'UsersType' LIMIT 1 [ RunTime:0.000529s ]
[2023-05-03T23:05:42+08:00][sql] SELECT `field` FROM `tp_field` WHERE  ( field = 'pid' OR field = 'parent_id'  )  AND `module_id` = 6 LIMIT 1 [ RunTime:0.000612s ]
[2023-05-03T23:05:42+08:00][sql] SHOW FULL COLUMNS FROM `tp_users_type` [ RunTime:0.010800s ]
[2023-05-03T23:05:42+08:00][sql] SELECT `id`,`name` FROM `tp_users_type` ORDER BY `sort` ASC,`id` DESC [ RunTime:0.000697s ]
[2023-05-03T23:05:42+08:00][sql] SHOW FULL COLUMNS FROM `tp_dictionary` [ RunTime:0.009421s ]
[2023-05-03T23:05:42+08:00][sql] SELECT `dict_value`,`dict_label` FROM `tp_dictionary` WHERE  `dict_type` = '1' ORDER BY `sort` ASC,`id` DESC [ RunTime:0.000712s ]
[2023-05-03T23:05:42+08:00][sql] SELECT * FROM `tp_module` WHERE  `model_name` = 'UserUpload' LIMIT 1 [ RunTime:0.000584s ]
[2023-05-03T23:05:42+08:00][sql] SHOW FULL COLUMNS FROM `tp_field_group` [ RunTime:0.008633s ]
[2023-05-03T23:05:42+08:00][sql] SELECT * FROM `tp_field_group` WHERE  `module_id` = 31 ORDER BY `sort` ASC,`id` DESC [ RunTime:0.002718s ]
[2023-05-03T23:05:42+08:00][sql] SELECT * FROM `tp_module` WHERE  `table_name` = 'user_upload' LIMIT 1 [ RunTime:0.000918s ]
[2023-05-03T23:05:42+08:00][sql] SELECT * FROM `tp_field` WHERE  `module_id` = 31 ORDER BY `sort` ASC,`id` ASC [ RunTime:0.001603s ]
[2023-05-03T23:05:42+08:00][sql] SELECT * FROM `tp_module` WHERE  `table_name` = 'user_upload' LIMIT 1 [ RunTime:0.001037s ]
[2023-05-03T23:05:42+08:00][info] $data[pid]
[2023-05-03T23:05:42+08:00][info] 312
[2023-05-03T23:05:42+08:00][info] $data[pid]
[2023-05-03T23:05:42+08:00][info] 161
[2023-05-03T23:05:42+08:00][info] $data[pid]
[2023-05-03T23:05:42+08:00][info] 312
[2023-05-03T23:05:42+08:00][info] $data[pid]
[2023-05-03T23:05:42+08:00][info] 161
[2023-05-03T23:05:50+08:00][sql] CONNECT:[ UseTime:0.001328s ] mysql:host=127.0.0.1;port=3306;dbname=ztx;charset=utf8mb4
[2023-05-03T23:05:50+08:00][sql] SHOW FULL COLUMNS FROM `tp_auth_rule` [ RunTime:0.010070s ]
[2023-05-03T23:05:50+08:00][sql] SELECT * FROM `tp_auth_rule` WHERE  `status` = 1 ORDER BY `sort` ASC [ RunTime:0.000992s ]
[2023-05-03T23:05:50+08:00][sql] SELECT * FROM `tp_auth_rule` WHERE  `name` = 'UserUpload/editPost' LIMIT 1 [ RunTime:0.001517s ]
[2023-05-03T23:05:50+08:00][sql] SELECT * FROM `tp_auth_rule` WHERE  `id` = 312 LIMIT 1 [ RunTime:0.000635s ]
[2023-05-03T23:05:50+08:00][sql] SELECT * FROM `tp_auth_rule` WHERE  `name` = 'UserUpload/index' LIMIT 1 [ RunTime:0.000980s ]
[2023-05-03T23:05:50+08:00][sql] SELECT * FROM `tp_auth_rule` WHERE  `id` = 161 LIMIT 1 [ RunTime:0.000546s ]
[2023-05-03T23:05:50+08:00][sql] SELECT * FROM `tp_auth_rule` WHERE  `name` = 'Link' LIMIT 1 [ RunTime:0.000732s ]
[2023-05-03T23:05:50+08:00][sql] SHOW FULL COLUMNS FROM `tp_module` [ RunTime:0.009982s ]
[2023-05-03T23:05:50+08:00][sql] SELECT * FROM `tp_module` WHERE  `model_name` = 'UserUpload' LIMIT 1 [ RunTime:0.000954s ]
[2023-05-03T23:05:50+08:00][sql] SHOW FULL COLUMNS FROM `tp_cate` [ RunTime:0.008800s ]
[2023-05-03T23:05:50+08:00][sql] SELECT * FROM `tp_cate` ORDER BY `sort`,`id` DESC [ RunTime:0.000962s ]
[2023-05-03T23:05:50+08:00][sql] SELECT * FROM `tp_module` WHERE  `id` IN (18,19,21,22,23,24,25) [ RunTime:0.000955s ]
[2023-05-03T23:05:50+08:00][sql] SELECT * FROM `tp_module` WHERE  `model_name` = 'Cate' LIMIT 1 [ RunTime:0.000921s ]
[2023-05-03T23:05:50+08:00][sql] SELECT * FROM `tp_module` WHERE  `table_name` = 'cate' LIMIT 1 [ RunTime:0.000818s ]
[2023-05-03T23:05:50+08:00][sql] SHOW FULL COLUMNS FROM `tp_field` [ RunTime:0.009211s ]
[2023-05-03T23:05:50+08:00][sql] SELECT * FROM `tp_field` WHERE  `module_id` = 20 ORDER BY `sort` ASC,`id` ASC [ RunTime:0.001026s ]
[2023-05-03T23:05:50+08:00][sql] SHOW FULL COLUMNS FROM `tp_system` [ RunTime:0.008803s ]
[2023-05-03T23:05:50+08:00][sql] SELECT * FROM `tp_system` WHERE  `id` = 1 LIMIT 1 [ RunTime:0.000682s ]
[2023-05-03T23:05:50+08:00][sql] SELECT * FROM `tp_auth_rule` WHERE  `auth_open` = 0 [ RunTime:0.000835s ]
[2023-05-03T23:05:50+08:00][sql] SELECT * FROM `tp_auth_rule` [ RunTime:0.001016s ]
[2023-05-03T23:05:50+08:00][sql] SELECT * FROM `tp_auth_rule` WHERE  `name` = 'UserUpload/editPost' LIMIT 1 [ RunTime:0.001440s ]
[2023-05-03T23:05:50+08:00][sql] SELECT * FROM `tp_auth_rule` WHERE  `id` = 312 LIMIT 1 [ RunTime:0.000596s ]
[2023-05-03T23:05:50+08:00][sql] SELECT * FROM `tp_auth_rule` WHERE  `name` = 'UserUpload/index' LIMIT 1 [ RunTime:0.000815s ]
[2023-05-03T23:05:50+08:00][sql] SELECT * FROM `tp_auth_rule` WHERE  `id` = 161 LIMIT 1 [ RunTime:0.000454s ]
[2023-05-03T23:05:50+08:00][sql] SELECT * FROM `tp_auth_rule` WHERE  `name` = 'Link' LIMIT 1 [ RunTime:0.000603s ]
[2023-05-03T23:05:50+08:00][sql] SHOW FULL COLUMNS FROM `tp_admin_log` [ RunTime:0.008765s ]
[2023-05-03T23:05:50+08:00][sql] SELECT * FROM `tp_admin_log` WHERE  `admin_id` = 1 ORDER BY `id` DESC LIMIT 1 [ RunTime:0.000622s ]
[2023-05-03T23:05:50+08:00][sql] INSERT INTO `tp_admin_log` SET `title` = '[网站功能] -> [用户上传] -> [操作-修改保存]' , `content` = '{"id":"4","module_r":"21","field_r":"2,5","title":"\u56fe\u7247\u6a21\u5757\u4e0a\u4f20","auth":"2","page_title":"\u56fe\u7247\u6a21\u5757\u4e0a\u4f20","page_top_tips":"","page_end_tips":"","remark":"","upload_file":"","status":"1","sort":"2"}' , `url` = '/admin/UserUpload/editPost.html' , `admin_id` = 1 , `user_agent` = 'Mozilla/5.0 (Windows NT 10.0; Win64; x64) AppleWebKit/537.36 (KHTML, like Gecko) Chrome/112.0.0.0 Safari/537.36' , `ip` = '127.0.0.1' , `create_time` = 1683126350 , `update_time` = 1683126350 [ RunTime:0.001161s ]
[2023-05-03T23:05:50+08:00][sql] SELECT * FROM `tp_module` WHERE  `table_name` = 'user_upload' LIMIT 1 [ RunTime:0.000657s ]
[2023-05-03T23:05:50+08:00][sql] SELECT * FROM `tp_field` WHERE  `module_id` = 31 ORDER BY `sort` ASC,`id` ASC [ RunTime:0.000779s ]
[2023-05-03T23:05:50+08:00][sql] SHOW FULL COLUMNS FROM `tp_user_upload` [ RunTime:0.007432s ]
[2023-05-03T23:05:50+08:00][sql] UPDATE `tp_user_upload`  SET `module_r` = 21 , `field_r` = '2,5' , `title` = '图片模块上传' , `auth` = 2 , `page_title` = '图片模块上传' , `page_top_tips` = '' , `page_end_tips` = '' , `remark` = '' , `upload_file` = '' , `status` = 1 , `sort` = 2 , `update_time` = 1683126350  WHERE  `id` = 4 [ RunTime:0.001071s ]
[2023-05-03T23:05:50+08:00][info] $data[pid]
[2023-05-03T23:05:50+08:00][info] 312
[2023-05-03T23:05:50+08:00][info] $data[pid]
[2023-05-03T23:05:50+08:00][info] 161
[2023-05-03T23:05:50+08:00][info] $data[pid]
[2023-05-03T23:05:50+08:00][info] 312
[2023-05-03T23:05:50+08:00][info] $data[pid]
[2023-05-03T23:05:50+08:00][info] 161
[2023-05-03T23:05:50+08:00][sql] CONNECT:[ UseTime:0.001686s ] mysql:host=127.0.0.1;port=3306;dbname=ztx;charset=utf8mb4
[2023-05-03T23:05:50+08:00][sql] SHOW FULL COLUMNS FROM `tp_auth_rule` [ RunTime:0.010197s ]
[2023-05-03T23:05:50+08:00][sql] SELECT * FROM `tp_auth_rule` WHERE  `status` = 1 ORDER BY `sort` ASC [ RunTime:0.001535s ]
[2023-05-03T23:05:50+08:00][sql] SELECT * FROM `tp_auth_rule` WHERE  `name` = 'UserUpload/index' LIMIT 1 [ RunTime:0.001347s ]
[2023-05-03T23:05:50+08:00][sql] SELECT * FROM `tp_auth_rule` WHERE  `id` = 161 LIMIT 1 [ RunTime:0.000721s ]
[2023-05-03T23:05:50+08:00][sql] SELECT * FROM `tp_auth_rule` WHERE  `name` = 'Link' LIMIT 1 [ RunTime:0.001306s ]
[2023-05-03T23:05:50+08:00][sql] SHOW FULL COLUMNS FROM `tp_module` [ RunTime:0.008723s ]
[2023-05-03T23:05:50+08:00][sql] SELECT * FROM `tp_module` WHERE  `model_name` = 'UserUpload' LIMIT 1 [ RunTime:0.001135s ]
[2023-05-03T23:05:50+08:00][sql] SHOW FULL COLUMNS FROM `tp_cate` [ RunTime:0.009751s ]
[2023-05-03T23:05:50+08:00][sql] SELECT * FROM `tp_cate` ORDER BY `sort`,`id` DESC [ RunTime:0.000981s ]
[2023-05-03T23:05:50+08:00][sql] SELECT * FROM `tp_module` WHERE  `id` IN (18,19,21,22,23,24,25) [ RunTime:0.000955s ]
[2023-05-03T23:05:50+08:00][sql] SELECT * FROM `tp_module` WHERE  `model_name` = 'Cate' LIMIT 1 [ RunTime:0.001243s ]
[2023-05-03T23:05:50+08:00][sql] SELECT * FROM `tp_module` WHERE  `table_name` = 'cate' LIMIT 1 [ RunTime:0.000632s ]
[2023-05-03T23:05:50+08:00][sql] SHOW FULL COLUMNS FROM `tp_field` [ RunTime:0.009518s ]
[2023-05-03T23:05:50+08:00][sql] SELECT * FROM `tp_field` WHERE  `module_id` = 20 ORDER BY `sort` ASC,`id` ASC [ RunTime:0.000855s ]
[2023-05-03T23:05:50+08:00][sql] SHOW FULL COLUMNS FROM `tp_system` [ RunTime:0.007962s ]
[2023-05-03T23:05:50+08:00][sql] SELECT * FROM `tp_system` WHERE  `id` = 1 LIMIT 1 [ RunTime:0.000781s ]
[2023-05-03T23:05:50+08:00][sql] SELECT * FROM `tp_auth_rule` WHERE  `auth_open` = 0 [ RunTime:0.000787s ]
[2023-05-03T23:05:50+08:00][sql] SELECT * FROM `tp_auth_rule` [ RunTime:0.000998s ]
[2023-05-03T23:05:50+08:00][sql] SELECT * FROM `tp_auth_rule` WHERE  `name` = 'UserUpload/index' LIMIT 1 [ RunTime:0.001359s ]
[2023-05-03T23:05:50+08:00][sql] SELECT * FROM `tp_auth_rule` WHERE  `id` = 161 LIMIT 1 [ RunTime:0.000511s ]
[2023-05-03T23:05:50+08:00][sql] SELECT * FROM `tp_auth_rule` WHERE  `name` = 'Link' LIMIT 1 [ RunTime:0.000520s ]
[2023-05-03T23:05:50+08:00][sql] SHOW FULL COLUMNS FROM `tp_admin_log` [ RunTime:0.006709s ]
[2023-05-03T23:05:50+08:00][sql] SELECT * FROM `tp_admin_log` WHERE  `admin_id` = 1 ORDER BY `id` DESC LIMIT 1 [ RunTime:0.000973s ]
[2023-05-03T23:05:50+08:00][sql] INSERT INTO `tp_admin_log` SET `title` = '[网站功能] -> [用户上传]' , `content` = '{"getList":"1","pageSize":"10","page":1,"orderByColumn":"id","isAsc":"asc","module_r":"","field_r":"","title":"","auth":"","page_title":"","page_top_tips":"","page_end_tips":"","remark":"","upload_file":"","status":""}' , `url` = '/admin/UserUpload/index.html?getList=1' , `admin_id` = 1 , `user_agent` = 'Mozilla/5.0 (Windows NT 10.0; Win64; x64) AppleWebKit/537.36 (KHTML, like Gecko) Chrome/112.0.0.0 Safari/537.36' , `ip` = '127.0.0.1' , `create_time` = 1683126350 , `update_time` = 1683126350 [ RunTime:0.000973s ]
[2023-05-03T23:05:50+08:00][sql] SELECT `pk` FROM `tp_module` WHERE  `table_name` = 'user_upload' LIMIT 1 [ RunTime:0.000676s ]
[2023-05-03T23:05:50+08:00][sql] SELECT * FROM `tp_module` WHERE  `table_name` = 'user_upload' LIMIT 1 [ RunTime:0.000579s ]
[2023-05-03T23:05:50+08:00][sql] SELECT * FROM `tp_field` WHERE  `module_id` = 31 ORDER BY `sort` ASC,`id` ASC [ RunTime:0.000758s ]
[2023-05-03T23:05:50+08:00][sql] SHOW FULL COLUMNS FROM `tp_dictionary` [ RunTime:0.009255s ]
[2023-05-03T23:05:50+08:00][sql] SELECT `dict_value`,`dict_label` FROM `tp_dictionary` WHERE  `dict_type` = '1' ORDER BY `sort` ASC,`id` DESC [ RunTime:0.000659s ]
[2023-05-03T23:05:50+08:00][sql] SELECT * FROM `tp_module` WHERE  `table_name` = 'user_upload' LIMIT 1 [ RunTime:0.000601s ]
[2023-05-03T23:05:50+08:00][sql] SELECT * FROM `tp_field` WHERE  `module_id` = 31 ORDER BY `sort` ASC,`id` ASC [ RunTime:0.000912s ]
[2023-05-03T23:05:50+08:00][sql] SELECT * FROM `tp_module` WHERE  `model_name` = 'Module' LIMIT 1 [ RunTime:0.000492s ]
[2023-05-03T23:05:50+08:00][sql] SELECT * FROM `tp_field` WHERE  `module_id` = 3  AND `field` = 'sort' LIMIT 1 [ RunTime:0.000713s ]
[2023-05-03T23:05:50+08:00][sql] SELECT * FROM `tp_module` WHERE  `model_name` = 'Module' LIMIT 1 [ RunTime:0.000540s ]
[2023-05-03T23:05:50+08:00][sql] SELECT `id` FROM `tp_module` WHERE  `model_name` = 'Module' LIMIT 1 [ RunTime:0.000395s ]
[2023-05-03T23:05:50+08:00][sql] SELECT `field` FROM `tp_field` WHERE  ( field = 'pid' OR field = 'parent_id'  )  AND `module_id` = 3 LIMIT 1 [ RunTime:0.000769s ]
[2023-05-03T23:05:50+08:00][sql] SELECT `id`,`module_name` FROM `tp_module` ORDER BY `sort` ASC,`id` DESC [ RunTime:0.000716s ]
[2023-05-03T23:05:50+08:00][sql] SELECT * FROM `tp_module` WHERE  `model_name` = 'UsersType' LIMIT 1 [ RunTime:0.000510s ]
[2023-05-03T23:05:50+08:00][sql] SELECT * FROM `tp_field` WHERE  `module_id` = 6  AND `field` = 'sort' LIMIT 1 [ RunTime:0.000598s ]
[2023-05-03T23:05:50+08:00][sql] SELECT * FROM `tp_module` WHERE  `model_name` = 'UsersType' LIMIT 1 [ RunTime:0.000458s ]
[2023-05-03T23:05:50+08:00][sql] SELECT `id` FROM `tp_module` WHERE  `model_name` = 'UsersType' LIMIT 1 [ RunTime:0.000397s ]
[2023-05-03T23:05:50+08:00][sql] SELECT `field` FROM `tp_field` WHERE  ( field = 'pid' OR field = 'parent_id'  )  AND `module_id` = 6 LIMIT 1 [ RunTime:0.000863s ]
[2023-05-03T23:05:50+08:00][sql] SHOW FULL COLUMNS FROM `tp_users_type` [ RunTime:0.007560s ]
[2023-05-03T23:05:50+08:00][sql] SELECT `id`,`name` FROM `tp_users_type` ORDER BY `sort` ASC,`id` DESC [ RunTime:0.000552s ]
[2023-05-03T23:05:50+08:00][sql] SELECT `dict_value`,`dict_label` FROM `tp_dictionary` WHERE  `dict_type` = '1' ORDER BY `sort` ASC,`id` DESC [ RunTime:0.000501s ]
[2023-05-03T23:05:50+08:00][sql] SELECT * FROM `tp_module` WHERE  `table_name` = 'user_upload' LIMIT 1 [ RunTime:0.000577s ]
[2023-05-03T23:05:50+08:00][sql] SELECT * FROM `tp_module` WHERE  `table_name` = 'user_upload' LIMIT 1 [ RunTime:0.000522s ]
[2023-05-03T23:05:50+08:00][sql] SELECT * FROM `tp_field` WHERE  `module_id` = 31 ORDER BY `sort` ASC,`id` ASC [ RunTime:0.000765s ]
[2023-05-03T23:05:50+08:00][sql] SELECT * FROM `tp_module` WHERE  `model_name` = 'Module' LIMIT 1 [ RunTime:0.000588s ]
[2023-05-03T23:05:50+08:00][sql] SELECT * FROM `tp_field` WHERE  `module_id` = 3  AND `field` = 'sort' LIMIT 1 [ RunTime:0.000794s ]
[2023-05-03T23:05:50+08:00][sql] SELECT * FROM `tp_module` WHERE  `model_name` = 'Module' LIMIT 1 [ RunTime:0.001274s ]
[2023-05-03T23:05:50+08:00][sql] SELECT `id` FROM `tp_module` WHERE  `model_name` = 'Module' LIMIT 1 [ RunTime:0.000691s ]
[2023-05-03T23:05:50+08:00][sql] SELECT `field` FROM `tp_field` WHERE  ( field = 'pid' OR field = 'parent_id'  )  AND `module_id` = 3 LIMIT 1 [ RunTime:0.000964s ]
[2023-05-03T23:05:50+08:00][sql] SELECT `id`,`module_name` FROM `tp_module` ORDER BY `sort` ASC,`id` DESC [ RunTime:0.000686s ]
[2023-05-03T23:05:50+08:00][sql] SELECT * FROM `tp_module` WHERE  `model_name` = 'UsersType' LIMIT 1 [ RunTime:0.000523s ]
[2023-05-03T23:05:50+08:00][sql] SELECT * FROM `tp_field` WHERE  `module_id` = 6  AND `field` = 'sort' LIMIT 1 [ RunTime:0.000756s ]
[2023-05-03T23:05:50+08:00][sql] SELECT * FROM `tp_module` WHERE  `model_name` = 'UsersType' LIMIT 1 [ RunTime:0.000552s ]
[2023-05-03T23:05:50+08:00][sql] SELECT `id` FROM `tp_module` WHERE  `model_name` = 'UsersType' LIMIT 1 [ RunTime:0.000395s ]
[2023-05-03T23:05:50+08:00][sql] SELECT `field` FROM `tp_field` WHERE  ( field = 'pid' OR field = 'parent_id'  )  AND `module_id` = 6 LIMIT 1 [ RunTime:0.000576s ]
[2023-05-03T23:05:50+08:00][sql] SELECT `id`,`name` FROM `tp_users_type` ORDER BY `sort` ASC,`id` DESC [ RunTime:0.000439s ]
[2023-05-03T23:05:50+08:00][sql] SELECT `dict_value`,`dict_label` FROM `tp_dictionary` WHERE  `dict_type` = '1' ORDER BY `sort` ASC,`id` DESC [ RunTime:0.000449s ]
[2023-05-03T23:05:50+08:00][sql] SELECT `pk` FROM `tp_module` WHERE  `table_name` = 'user_upload' LIMIT 1 [ RunTime:0.000409s ]
[2023-05-03T23:05:50+08:00][sql] SELECT `id` FROM `tp_module` WHERE  `model_name` = 'UserUpload' LIMIT 1 [ RunTime:0.000515s ]
[2023-05-03T23:05:50+08:00][sql] SELECT * FROM `tp_field` WHERE  `module_id` = 31 [ RunTime:0.001404s ]
[2023-05-03T23:05:50+08:00][sql] SHOW FULL COLUMNS FROM `tp_user_upload` [ RunTime:0.008442s ]
[2023-05-03T23:05:50+08:00][sql] SELECT COUNT(*) AS think_count FROM `tp_user_upload` `UserUpload` LIMIT 1 [ RunTime:0.000542s ]
[2023-05-03T23:05:50+08:00][sql] SELECT * FROM `tp_user_upload` `UserUpload` ORDER BY `id` ASC LIMIT 0,10 [ RunTime:0.000468s ]
[2023-05-03T23:05:50+08:00][sql] SELECT * FROM `tp_module` WHERE  `id` IN (10,21) [ RunTime:0.000548s ]
[2023-05-03T23:05:50+08:00][sql] SELECT * FROM `tp_users_type` WHERE  `id` IN (0,2) [ RunTime:0.000471s ]
[2023-05-03T23:05:50+08:00][sql] SELECT * FROM `tp_module` WHERE  `model_name` = 'UserUpload' LIMIT 1 [ RunTime:0.000722s ]
[2023-05-03T23:05:50+08:00][sql] SELECT * FROM `tp_module` WHERE  `table_name` = 'user_upload' LIMIT 1 [ RunTime:0.000609s ]
[2023-05-03T23:05:50+08:00][sql] SELECT * FROM `tp_field` WHERE  `module_id` = 31 ORDER BY `sort` ASC,`id` ASC [ RunTime:0.000857s ]
[2023-05-03T23:05:50+08:00][info] $data[pid]
[2023-05-03T23:05:50+08:00][info] 161
[2023-05-03T23:05:50+08:00][info] $data[pid]
[2023-05-03T23:05:50+08:00][info] 161
[2023-05-03T23:06:45+08:00][sql] CONNECT:[ UseTime:0.001064s ] mysql:host=127.0.0.1;port=3306;dbname=ztx;charset=utf8mb4
[2023-05-03T23:06:45+08:00][sql] SHOW FULL COLUMNS FROM `tp_auth_rule` [ RunTime:0.011755s ]
[2023-05-03T23:06:45+08:00][sql] SELECT * FROM `tp_auth_rule` WHERE  `status` = 1 ORDER BY `sort` ASC [ RunTime:0.000930s ]
[2023-05-03T23:06:45+08:00][sql] SELECT * FROM `tp_auth_rule` WHERE  `name` = 'UserUpload/edit' LIMIT 1 [ RunTime:0.001454s ]
[2023-05-03T23:06:45+08:00][sql] SELECT * FROM `tp_auth_rule` WHERE  `id` = 312 LIMIT 1 [ RunTime:0.000467s ]
[2023-05-03T23:06:45+08:00][sql] SELECT * FROM `tp_auth_rule` WHERE  `name` = 'UserUpload/index' LIMIT 1 [ RunTime:0.000857s ]
[2023-05-03T23:06:45+08:00][sql] SELECT * FROM `tp_auth_rule` WHERE  `id` = 161 LIMIT 1 [ RunTime:0.000411s ]
[2023-05-03T23:06:45+08:00][sql] SELECT * FROM `tp_auth_rule` WHERE  `name` = 'Link' LIMIT 1 [ RunTime:0.000602s ]
[2023-05-03T23:06:45+08:00][sql] SHOW FULL COLUMNS FROM `tp_module` [ RunTime:0.009985s ]
[2023-05-03T23:06:45+08:00][sql] SELECT * FROM `tp_module` WHERE  `model_name` = 'UserUpload' LIMIT 1 [ RunTime:0.000598s ]
[2023-05-03T23:06:45+08:00][sql] SHOW FULL COLUMNS FROM `tp_cate` [ RunTime:0.006849s ]
[2023-05-03T23:06:45+08:00][sql] SELECT * FROM `tp_cate` ORDER BY `sort`,`id` DESC [ RunTime:0.000644s ]
[2023-05-03T23:06:45+08:00][sql] SELECT * FROM `tp_module` WHERE  `id` IN (18,19,21,22,23,24,25) [ RunTime:0.001016s ]
[2023-05-03T23:06:45+08:00][sql] SELECT * FROM `tp_module` WHERE  `model_name` = 'Cate' LIMIT 1 [ RunTime:0.000738s ]
[2023-05-03T23:06:45+08:00][sql] SELECT * FROM `tp_module` WHERE  `table_name` = 'cate' LIMIT 1 [ RunTime:0.000516s ]
[2023-05-03T23:06:45+08:00][sql] SHOW FULL COLUMNS FROM `tp_field` [ RunTime:0.008287s ]
[2023-05-03T23:06:45+08:00][sql] SELECT * FROM `tp_field` WHERE  `module_id` = 20 ORDER BY `sort` ASC,`id` ASC [ RunTime:0.001015s ]
[2023-05-03T23:06:45+08:00][sql] SHOW FULL COLUMNS FROM `tp_system` [ RunTime:0.007853s ]
[2023-05-03T23:06:45+08:00][sql] SELECT * FROM `tp_system` WHERE  `id` = 1 LIMIT 1 [ RunTime:0.001601s ]
[2023-05-03T23:06:45+08:00][sql] SELECT * FROM `tp_auth_rule` WHERE  `auth_open` = 0 [ RunTime:0.000999s ]
[2023-05-03T23:06:45+08:00][sql] SELECT * FROM `tp_auth_rule` [ RunTime:0.000980s ]
[2023-05-03T23:06:45+08:00][sql] SELECT * FROM `tp_auth_rule` WHERE  `name` = 'UserUpload/edit' LIMIT 1 [ RunTime:0.001041s ]
[2023-05-03T23:06:45+08:00][sql] SELECT * FROM `tp_auth_rule` WHERE  `id` = 312 LIMIT 1 [ RunTime:0.000424s ]
[2023-05-03T23:06:45+08:00][sql] SELECT * FROM `tp_auth_rule` WHERE  `name` = 'UserUpload/index' LIMIT 1 [ RunTime:0.000732s ]
[2023-05-03T23:06:45+08:00][sql] SELECT * FROM `tp_auth_rule` WHERE  `id` = 161 LIMIT 1 [ RunTime:0.000408s ]
[2023-05-03T23:06:45+08:00][sql] SELECT * FROM `tp_auth_rule` WHERE  `name` = 'Link' LIMIT 1 [ RunTime:0.000538s ]
[2023-05-03T23:06:45+08:00][sql] SHOW FULL COLUMNS FROM `tp_admin_log` [ RunTime:0.008959s ]
[2023-05-03T23:06:45+08:00][sql] SELECT * FROM `tp_admin_log` WHERE  `admin_id` = 1 ORDER BY `id` DESC LIMIT 1 [ RunTime:0.000584s ]
[2023-05-03T23:06:45+08:00][sql] INSERT INTO `tp_admin_log` SET `title` = '[网站功能] -> [用户上传] -> [操作-修改]' , `content` = '{"id":"4","_layer":"1"}' , `url` = '/admin/UserUpload/edit.html?id=4&_layer=1' , `admin_id` = 1 , `user_agent` = 'Mozilla/5.0 (Windows NT 10.0; Win64; x64) AppleWebKit/537.36 (KHTML, like Gecko) Chrome/112.0.0.0 Safari/537.36' , `ip` = '127.0.0.1' , `create_time` = 1683126405 , `update_time` = 1683126405 [ RunTime:0.001108s ]
[2023-05-03T23:06:45+08:00][sql] SHOW FULL COLUMNS FROM `tp_user_upload` [ RunTime:0.010538s ]
[2023-05-03T23:06:45+08:00][sql] SELECT * FROM `tp_user_upload` WHERE  `id` = 4 LIMIT 1 [ RunTime:0.000826s ]
[2023-05-03T23:06:45+08:00][sql] SELECT * FROM `tp_module` WHERE  `table_name` = 'user_upload' LIMIT 1 [ RunTime:0.000850s ]
[2023-05-03T23:06:45+08:00][sql] SELECT * FROM `tp_module` WHERE  `table_name` = 'user_upload' LIMIT 1 [ RunTime:0.000505s ]
[2023-05-03T23:06:45+08:00][sql] SELECT * FROM `tp_field` WHERE  `module_id` = 31 ORDER BY `sort` ASC,`id` ASC [ RunTime:0.000798s ]
[2023-05-03T23:06:45+08:00][sql] SELECT * FROM `tp_module` WHERE  `model_name` = 'Module' LIMIT 1 [ RunTime:0.000488s ]
[2023-05-03T23:06:45+08:00][sql] SELECT * FROM `tp_field` WHERE  `module_id` = 3  AND `field` = 'sort' LIMIT 1 [ RunTime:0.000648s ]
[2023-05-03T23:06:45+08:00][sql] SELECT * FROM `tp_module` WHERE  `model_name` = 'Module' LIMIT 1 [ RunTime:0.000482s ]
[2023-05-03T23:06:45+08:00][sql] SELECT `id` FROM `tp_module` WHERE  `model_name` = 'Module' LIMIT 1 [ RunTime:0.000422s ]
[2023-05-03T23:06:45+08:00][sql] SELECT `field` FROM `tp_field` WHERE  ( field = 'pid' OR field = 'parent_id'  )  AND `module_id` = 3 LIMIT 1 [ RunTime:0.001630s ]
[2023-05-03T23:06:45+08:00][sql] SELECT `id`,`module_name` FROM `tp_module` ORDER BY `sort` ASC,`id` DESC [ RunTime:0.000735s ]
[2023-05-03T23:06:45+08:00][sql] SELECT * FROM `tp_module` WHERE  `model_name` = 'UsersType' LIMIT 1 [ RunTime:0.000698s ]
[2023-05-03T23:06:45+08:00][sql] SELECT * FROM `tp_field` WHERE  `module_id` = 6  AND `field` = 'sort' LIMIT 1 [ RunTime:0.000713s ]
[2023-05-03T23:06:45+08:00][sql] SELECT * FROM `tp_module` WHERE  `model_name` = 'UsersType' LIMIT 1 [ RunTime:0.000488s ]
[2023-05-03T23:06:45+08:00][sql] SELECT `id` FROM `tp_module` WHERE  `model_name` = 'UsersType' LIMIT 1 [ RunTime:0.000431s ]
[2023-05-03T23:06:45+08:00][sql] SELECT `field` FROM `tp_field` WHERE  ( field = 'pid' OR field = 'parent_id'  )  AND `module_id` = 6 LIMIT 1 [ RunTime:0.000682s ]
[2023-05-03T23:06:45+08:00][sql] SHOW FULL COLUMNS FROM `tp_users_type` [ RunTime:0.006937s ]
[2023-05-03T23:06:45+08:00][sql] SELECT `id`,`name` FROM `tp_users_type` ORDER BY `sort` ASC,`id` DESC [ RunTime:0.000701s ]
[2023-05-03T23:06:45+08:00][sql] SHOW FULL COLUMNS FROM `tp_dictionary` [ RunTime:0.007748s ]
[2023-05-03T23:06:45+08:00][sql] SELECT `dict_value`,`dict_label` FROM `tp_dictionary` WHERE  `dict_type` = '1' ORDER BY `sort` ASC,`id` DESC [ RunTime:0.000572s ]
[2023-05-03T23:06:45+08:00][sql] SELECT * FROM `tp_module` WHERE  `model_name` = 'UserUpload' LIMIT 1 [ RunTime:0.000512s ]
[2023-05-03T23:06:45+08:00][sql] SHOW FULL COLUMNS FROM `tp_field_group` [ RunTime:0.008629s ]
[2023-05-03T23:06:45+08:00][sql] SELECT * FROM `tp_field_group` WHERE  `module_id` = 31 ORDER BY `sort` ASC,`id` DESC [ RunTime:0.000562s ]
[2023-05-03T23:06:45+08:00][sql] SELECT * FROM `tp_module` WHERE  `table_name` = 'user_upload' LIMIT 1 [ RunTime:0.000542s ]
[2023-05-03T23:06:45+08:00][sql] SELECT * FROM `tp_field` WHERE  `module_id` = 31 ORDER BY `sort` ASC,`id` ASC [ RunTime:0.001113s ]
[2023-05-03T23:06:45+08:00][sql] SELECT * FROM `tp_module` WHERE  `table_name` = 'user_upload' LIMIT 1 [ RunTime:0.000609s ]
[2023-05-03T23:06:45+08:00][info] $data[pid]
[2023-05-03T23:06:45+08:00][info] 312
[2023-05-03T23:06:45+08:00][info] $data[pid]
[2023-05-03T23:06:45+08:00][info] 161
[2023-05-03T23:06:45+08:00][info] $data[pid]
[2023-05-03T23:06:45+08:00][info] 312
[2023-05-03T23:06:45+08:00][info] $data[pid]
[2023-05-03T23:06:45+08:00][info] 161
[2023-05-03T23:06:49+08:00][sql] CONNECT:[ UseTime:0.015611s ] mysql:host=127.0.0.1;port=3306;dbname=ztx;charset=utf8mb4
[2023-05-03T23:06:49+08:00][sql] SHOW FULL COLUMNS FROM `tp_auth_rule` [ RunTime:0.009559s ]
[2023-05-03T23:06:49+08:00][sql] SELECT * FROM `tp_auth_rule` WHERE  `status` = 1 ORDER BY `sort` ASC [ RunTime:0.000922s ]
[2023-05-03T23:06:49+08:00][sql] SELECT * FROM `tp_auth_rule` WHERE  `name` = 'UserUpload/editPost' LIMIT 1 [ RunTime:0.001433s ]
[2023-05-03T23:06:49+08:00][sql] SELECT * FROM `tp_auth_rule` WHERE  `id` = 312 LIMIT 1 [ RunTime:0.000582s ]
[2023-05-03T23:06:49+08:00][sql] SELECT * FROM `tp_auth_rule` WHERE  `name` = 'UserUpload/index' LIMIT 1 [ RunTime:0.000968s ]
[2023-05-03T23:06:49+08:00][sql] SELECT * FROM `tp_auth_rule` WHERE  `id` = 161 LIMIT 1 [ RunTime:0.000532s ]
[2023-05-03T23:06:49+08:00][sql] SELECT * FROM `tp_auth_rule` WHERE  `name` = 'Link' LIMIT 1 [ RunTime:0.000703s ]
[2023-05-03T23:06:49+08:00][sql] SHOW FULL COLUMNS FROM `tp_module` [ RunTime:0.009027s ]
[2023-05-03T23:06:49+08:00][sql] SELECT * FROM `tp_module` WHERE  `model_name` = 'UserUpload' LIMIT 1 [ RunTime:0.000726s ]
[2023-05-03T23:06:49+08:00][sql] SHOW FULL COLUMNS FROM `tp_cate` [ RunTime:0.008643s ]
[2023-05-03T23:06:49+08:00][sql] SELECT * FROM `tp_cate` ORDER BY `sort`,`id` DESC [ RunTime:0.000673s ]
[2023-05-03T23:06:49+08:00][sql] SELECT * FROM `tp_module` WHERE  `id` IN (18,19,21,22,23,24,25) [ RunTime:0.000852s ]
[2023-05-03T23:06:49+08:00][sql] SELECT * FROM `tp_module` WHERE  `model_name` = 'Cate' LIMIT 1 [ RunTime:0.000820s ]
[2023-05-03T23:06:49+08:00][sql] SELECT * FROM `tp_module` WHERE  `table_name` = 'cate' LIMIT 1 [ RunTime:0.000619s ]
[2023-05-03T23:06:49+08:00][sql] SHOW FULL COLUMNS FROM `tp_field` [ RunTime:0.009061s ]
[2023-05-03T23:06:49+08:00][sql] SELECT * FROM `tp_field` WHERE  `module_id` = 20 ORDER BY `sort` ASC,`id` ASC [ RunTime:0.001060s ]
[2023-05-03T23:06:49+08:00][sql] SHOW FULL COLUMNS FROM `tp_system` [ RunTime:0.009567s ]
[2023-05-03T23:06:49+08:00][sql] SELECT * FROM `tp_system` WHERE  `id` = 1 LIMIT 1 [ RunTime:0.000685s ]
[2023-05-03T23:06:49+08:00][sql] SELECT * FROM `tp_auth_rule` WHERE  `auth_open` = 0 [ RunTime:0.001107s ]
[2023-05-03T23:06:49+08:00][sql] SELECT * FROM `tp_auth_rule` [ RunTime:0.001294s ]
[2023-05-03T23:06:49+08:00][sql] SELECT * FROM `tp_auth_rule` WHERE  `name` = 'UserUpload/editPost' LIMIT 1 [ RunTime:0.001330s ]
[2023-05-03T23:06:49+08:00][sql] SELECT * FROM `tp_auth_rule` WHERE  `id` = 312 LIMIT 1 [ RunTime:0.000582s ]
[2023-05-03T23:06:49+08:00][sql] SELECT * FROM `tp_auth_rule` WHERE  `name` = 'UserUpload/index' LIMIT 1 [ RunTime:0.001195s ]
[2023-05-03T23:06:49+08:00][sql] SELECT * FROM `tp_auth_rule` WHERE  `id` = 161 LIMIT 1 [ RunTime:0.000566s ]
[2023-05-03T23:06:49+08:00][sql] SELECT * FROM `tp_auth_rule` WHERE  `name` = 'Link' LIMIT 1 [ RunTime:0.000750s ]
[2023-05-03T23:06:49+08:00][sql] SHOW FULL COLUMNS FROM `tp_admin_log` [ RunTime:0.008788s ]
[2023-05-03T23:06:49+08:00][sql] SELECT * FROM `tp_admin_log` WHERE  `admin_id` = 1 ORDER BY `id` DESC LIMIT 1 [ RunTime:0.000630s ]
[2023-05-03T23:06:49+08:00][sql] INSERT INTO `tp_admin_log` SET `title` = '[网站功能] -> [用户上传] -> [操作-修改保存]' , `content` = '{"id":"4","module_r":"21","field_r":"2,5","title":"\u56fe\u7247\u6a21\u5757\u4e0a\u4f20","auth":"1","page_title":"\u56fe\u7247\u6a21\u5757\u4e0a\u4f20","page_top_tips":"","page_end_tips":"","remark":"","upload_file":"","status":"1","sort":"2"}' , `url` = '/admin/UserUpload/editPost.html' , `admin_id` = 1 , `user_agent` = 'Mozilla/5.0 (Windows NT 10.0; Win64; x64) AppleWebKit/537.36 (KHTML, like Gecko) Chrome/112.0.0.0 Safari/537.36' , `ip` = '127.0.0.1' , `create_time` = 1683126409 , `update_time` = 1683126409 [ RunTime:0.000922s ]
[2023-05-03T23:06:49+08:00][sql] SELECT * FROM `tp_module` WHERE  `table_name` = 'user_upload' LIMIT 1 [ RunTime:0.000654s ]
[2023-05-03T23:06:49+08:00][sql] SELECT * FROM `tp_field` WHERE  `module_id` = 31 ORDER BY `sort` ASC,`id` ASC [ RunTime:0.000767s ]
[2023-05-03T23:06:49+08:00][sql] SHOW FULL COLUMNS FROM `tp_user_upload` [ RunTime:0.008387s ]
[2023-05-03T23:06:49+08:00][sql] UPDATE `tp_user_upload`  SET `module_r` = 21 , `field_r` = '2,5' , `title` = '图片模块上传' , `auth` = 1 , `page_title` = '图片模块上传' , `page_top_tips` = '' , `page_end_tips` = '' , `remark` = '' , `upload_file` = '' , `status` = 1 , `sort` = 2 , `update_time` = 1683126409  WHERE  `id` = 4 [ RunTime:0.001230s ]
[2023-05-03T23:06:49+08:00][info] $data[pid]
[2023-05-03T23:06:49+08:00][info] 312
[2023-05-03T23:06:49+08:00][info] $data[pid]
[2023-05-03T23:06:49+08:00][info] 161
[2023-05-03T23:06:49+08:00][info] $data[pid]
[2023-05-03T23:06:49+08:00][info] 312
[2023-05-03T23:06:49+08:00][info] $data[pid]
[2023-05-03T23:06:49+08:00][info] 161
[2023-05-03T23:06:49+08:00][sql] CONNECT:[ UseTime:0.000963s ] mysql:host=127.0.0.1;port=3306;dbname=ztx;charset=utf8mb4
[2023-05-03T23:06:49+08:00][sql] SHOW FULL COLUMNS FROM `tp_auth_rule` [ RunTime:0.010066s ]
[2023-05-03T23:06:49+08:00][sql] SELECT * FROM `tp_auth_rule` WHERE  `status` = 1 ORDER BY `sort` ASC [ RunTime:0.001108s ]
[2023-05-03T23:06:49+08:00][sql] SELECT * FROM `tp_auth_rule` WHERE  `name` = 'UserUpload/index' LIMIT 1 [ RunTime:0.001461s ]
[2023-05-03T23:06:49+08:00][sql] SELECT * FROM `tp_auth_rule` WHERE  `id` = 161 LIMIT 1 [ RunTime:0.000518s ]
[2023-05-03T23:06:49+08:00][sql] SELECT * FROM `tp_auth_rule` WHERE  `name` = 'Link' LIMIT 1 [ RunTime:0.000832s ]
[2023-05-03T23:06:49+08:00][sql] SHOW FULL COLUMNS FROM `tp_module` [ RunTime:0.011270s ]
[2023-05-03T23:06:49+08:00][sql] SELECT * FROM `tp_module` WHERE  `model_name` = 'UserUpload' LIMIT 1 [ RunTime:0.000911s ]
[2023-05-03T23:06:49+08:00][sql] SHOW FULL COLUMNS FROM `tp_cate` [ RunTime:0.010660s ]
[2023-05-03T23:06:49+08:00][sql] SELECT * FROM `tp_cate` ORDER BY `sort`,`id` DESC [ RunTime:0.000769s ]
[2023-05-03T23:06:49+08:00][sql] SELECT * FROM `tp_module` WHERE  `id` IN (18,19,21,22,23,24,25) [ RunTime:0.000762s ]
[2023-05-03T23:06:49+08:00][sql] SELECT * FROM `tp_module` WHERE  `model_name` = 'Cate' LIMIT 1 [ RunTime:0.000988s ]
[2023-05-03T23:06:49+08:00][sql] SELECT * FROM `tp_module` WHERE  `table_name` = 'cate' LIMIT 1 [ RunTime:0.000633s ]
[2023-05-03T23:06:49+08:00][sql] SHOW FULL COLUMNS FROM `tp_field` [ RunTime:0.008797s ]
[2023-05-03T23:06:49+08:00][sql] SELECT * FROM `tp_field` WHERE  `module_id` = 20 ORDER BY `sort` ASC,`id` ASC [ RunTime:0.001566s ]
[2023-05-03T23:06:49+08:00][sql] SHOW FULL COLUMNS FROM `tp_system` [ RunTime:0.007879s ]
[2023-05-03T23:06:49+08:00][sql] SELECT * FROM `tp_system` WHERE  `id` = 1 LIMIT 1 [ RunTime:0.000653s ]
[2023-05-03T23:06:49+08:00][sql] SELECT * FROM `tp_auth_rule` WHERE  `auth_open` = 0 [ RunTime:0.001593s ]
[2023-05-03T23:06:49+08:00][sql] SELECT * FROM `tp_auth_rule` [ RunTime:0.001950s ]
[2023-05-03T23:06:49+08:00][sql] SELECT * FROM `tp_auth_rule` WHERE  `name` = 'UserUpload/index' LIMIT 1 [ RunTime:0.001164s ]
[2023-05-03T23:06:49+08:00][sql] SELECT * FROM `tp_auth_rule` WHERE  `id` = 161 LIMIT 1 [ RunTime:0.000600s ]
[2023-05-03T23:06:49+08:00][sql] SELECT * FROM `tp_auth_rule` WHERE  `name` = 'Link' LIMIT 1 [ RunTime:0.000608s ]
[2023-05-03T23:06:49+08:00][sql] SHOW FULL COLUMNS FROM `tp_admin_log` [ RunTime:0.008655s ]
[2023-05-03T23:06:49+08:00][sql] SELECT * FROM `tp_admin_log` WHERE  `admin_id` = 1 ORDER BY `id` DESC LIMIT 1 [ RunTime:0.000543s ]
[2023-05-03T23:06:49+08:00][sql] INSERT INTO `tp_admin_log` SET `title` = '[网站功能] -> [用户上传]' , `content` = '{"getList":"1","pageSize":"10","page":1,"orderByColumn":"id","isAsc":"asc","module_r":"","field_r":"","title":"","auth":"","page_title":"","page_top_tips":"","page_end_tips":"","remark":"","upload_file":"","status":""}' , `url` = '/admin/UserUpload/index.html?getList=1' , `admin_id` = 1 , `user_agent` = 'Mozilla/5.0 (Windows NT 10.0; Win64; x64) AppleWebKit/537.36 (KHTML, like Gecko) Chrome/112.0.0.0 Safari/537.36' , `ip` = '127.0.0.1' , `create_time` = 1683126409 , `update_time` = 1683126409 [ RunTime:0.000715s ]
[2023-05-03T23:06:49+08:00][sql] SELECT `pk` FROM `tp_module` WHERE  `table_name` = 'user_upload' LIMIT 1 [ RunTime:0.000490s ]
[2023-05-03T23:06:49+08:00][sql] SELECT * FROM `tp_module` WHERE  `table_name` = 'user_upload' LIMIT 1 [ RunTime:0.000468s ]
[2023-05-03T23:06:49+08:00][sql] SELECT * FROM `tp_field` WHERE  `module_id` = 31 ORDER BY `sort` ASC,`id` ASC [ RunTime:0.000731s ]
[2023-05-03T23:06:49+08:00][sql] SHOW FULL COLUMNS FROM `tp_dictionary` [ RunTime:0.009061s ]
[2023-05-03T23:06:49+08:00][sql] SELECT `dict_value`,`dict_label` FROM `tp_dictionary` WHERE  `dict_type` = '1' ORDER BY `sort` ASC,`id` DESC [ RunTime:0.000579s ]
[2023-05-03T23:06:49+08:00][sql] SELECT * FROM `tp_module` WHERE  `table_name` = 'user_upload' LIMIT 1 [ RunTime:0.000547s ]
[2023-05-03T23:06:49+08:00][sql] SELECT * FROM `tp_field` WHERE  `module_id` = 31 ORDER BY `sort` ASC,`id` ASC [ RunTime:0.000738s ]
[2023-05-03T23:06:49+08:00][sql] SELECT * FROM `tp_module` WHERE  `model_name` = 'Module' LIMIT 1 [ RunTime:0.000437s ]
[2023-05-03T23:06:49+08:00][sql] SELECT * FROM `tp_field` WHERE  `module_id` = 3  AND `field` = 'sort' LIMIT 1 [ RunTime:0.000594s ]
[2023-05-03T23:06:49+08:00][sql] SELECT * FROM `tp_module` WHERE  `model_name` = 'Module' LIMIT 1 [ RunTime:0.000483s ]
[2023-05-03T23:06:49+08:00][sql] SELECT `id` FROM `tp_module` WHERE  `model_name` = 'Module' LIMIT 1 [ RunTime:0.000387s ]
[2023-05-03T23:06:49+08:00][sql] SELECT `field` FROM `tp_field` WHERE  ( field = 'pid' OR field = 'parent_id'  )  AND `module_id` = 3 LIMIT 1 [ RunTime:0.000719s ]
[2023-05-03T23:06:49+08:00][sql] SELECT `id`,`module_name` FROM `tp_module` ORDER BY `sort` ASC,`id` DESC [ RunTime:0.000455s ]
[2023-05-03T23:06:49+08:00][sql] SELECT * FROM `tp_module` WHERE  `model_name` = 'UsersType' LIMIT 1 [ RunTime:0.000851s ]
[2023-05-03T23:06:49+08:00][sql] SELECT * FROM `tp_field` WHERE  `module_id` = 6  AND `field` = 'sort' LIMIT 1 [ RunTime:0.001504s ]
[2023-05-03T23:06:49+08:00][sql] SELECT * FROM `tp_module` WHERE  `model_name` = 'UsersType' LIMIT 1 [ RunTime:0.000750s ]
[2023-05-03T23:06:49+08:00][sql] SELECT `id` FROM `tp_module` WHERE  `model_name` = 'UsersType' LIMIT 1 [ RunTime:0.000434s ]
[2023-05-03T23:06:49+08:00][sql] SELECT `field` FROM `tp_field` WHERE  ( field = 'pid' OR field = 'parent_id'  )  AND `module_id` = 6 LIMIT 1 [ RunTime:0.000689s ]
[2023-05-03T23:06:49+08:00][sql] SHOW FULL COLUMNS FROM `tp_users_type` [ RunTime:0.006733s ]
[2023-05-03T23:06:49+08:00][sql] SELECT `id`,`name` FROM `tp_users_type` ORDER BY `sort` ASC,`id` DESC [ RunTime:0.000467s ]
[2023-05-03T23:06:49+08:00][sql] SELECT `dict_value`,`dict_label` FROM `tp_dictionary` WHERE  `dict_type` = '1' ORDER BY `sort` ASC,`id` DESC [ RunTime:0.000461s ]
[2023-05-03T23:06:49+08:00][sql] SELECT * FROM `tp_module` WHERE  `table_name` = 'user_upload' LIMIT 1 [ RunTime:0.000536s ]
[2023-05-03T23:06:49+08:00][sql] SELECT * FROM `tp_module` WHERE  `table_name` = 'user_upload' LIMIT 1 [ RunTime:0.000451s ]
[2023-05-03T23:06:49+08:00][sql] SELECT * FROM `tp_field` WHERE  `module_id` = 31 ORDER BY `sort` ASC,`id` ASC [ RunTime:0.000744s ]
[2023-05-03T23:06:49+08:00][sql] SELECT * FROM `tp_module` WHERE  `model_name` = 'Module' LIMIT 1 [ RunTime:0.000858s ]
[2023-05-03T23:06:49+08:00][sql] SELECT * FROM `tp_field` WHERE  `module_id` = 3  AND `field` = 'sort' LIMIT 1 [ RunTime:0.000639s ]
[2023-05-03T23:06:49+08:00][sql] SELECT * FROM `tp_module` WHERE  `model_name` = 'Module' LIMIT 1 [ RunTime:0.000571s ]
[2023-05-03T23:06:49+08:00][sql] SELECT `id` FROM `tp_module` WHERE  `model_name` = 'Module' LIMIT 1 [ RunTime:0.000386s ]
[2023-05-03T23:06:49+08:00][sql] SELECT `field` FROM `tp_field` WHERE  ( field = 'pid' OR field = 'parent_id'  )  AND `module_id` = 3 LIMIT 1 [ RunTime:0.000593s ]
[2023-05-03T23:06:49+08:00][sql] SELECT `id`,`module_name` FROM `tp_module` ORDER BY `sort` ASC,`id` DESC [ RunTime:0.000403s ]
[2023-05-03T23:06:49+08:00][sql] SELECT * FROM `tp_module` WHERE  `model_name` = 'UsersType' LIMIT 1 [ RunTime:0.000443s ]
[2023-05-03T23:06:49+08:00][sql] SELECT * FROM `tp_field` WHERE  `module_id` = 6  AND `field` = 'sort' LIMIT 1 [ RunTime:0.000538s ]
[2023-05-03T23:06:49+08:00][sql] SELECT * FROM `tp_module` WHERE  `model_name` = 'UsersType' LIMIT 1 [ RunTime:0.000420s ]
[2023-05-03T23:06:49+08:00][sql] SELECT `id` FROM `tp_module` WHERE  `model_name` = 'UsersType' LIMIT 1 [ RunTime:0.000374s ]
[2023-05-03T23:06:49+08:00][sql] SELECT `field` FROM `tp_field` WHERE  ( field = 'pid' OR field = 'parent_id'  )  AND `module_id` = 6 LIMIT 1 [ RunTime:0.000572s ]
[2023-05-03T23:06:49+08:00][sql] SELECT `id`,`name` FROM `tp_users_type` ORDER BY `sort` ASC,`id` DESC [ RunTime:0.000369s ]
[2023-05-03T23:06:49+08:00][sql] SELECT `dict_value`,`dict_label` FROM `tp_dictionary` WHERE  `dict_type` = '1' ORDER BY `sort` ASC,`id` DESC [ RunTime:0.000407s ]
[2023-05-03T23:06:49+08:00][sql] SELECT `pk` FROM `tp_module` WHERE  `table_name` = 'user_upload' LIMIT 1 [ RunTime:0.000368s ]
[2023-05-03T23:06:49+08:00][sql] SELECT `id` FROM `tp_module` WHERE  `model_name` = 'UserUpload' LIMIT 1 [ RunTime:0.000454s ]
[2023-05-03T23:06:49+08:00][sql] SELECT * FROM `tp_field` WHERE  `module_id` = 31 [ RunTime:0.001283s ]
[2023-05-03T23:06:49+08:00][sql] SHOW FULL COLUMNS FROM `tp_user_upload` [ RunTime:0.008197s ]
[2023-05-03T23:06:49+08:00][sql] SELECT COUNT(*) AS think_count FROM `tp_user_upload` `UserUpload` LIMIT 1 [ RunTime:0.000544s ]
[2023-05-03T23:06:49+08:00][sql] SELECT * FROM `tp_user_upload` `UserUpload` ORDER BY `id` ASC LIMIT 0,10 [ RunTime:0.000480s ]
[2023-05-03T23:06:49+08:00][sql] SELECT * FROM `tp_module` WHERE  `id` IN (10,21) [ RunTime:0.000527s ]
[2023-05-03T23:06:49+08:00][sql] SELECT * FROM `tp_users_type` WHERE  `id` IN (0,1) [ RunTime:0.000451s ]
[2023-05-03T23:06:49+08:00][sql] SELECT * FROM `tp_module` WHERE  `model_name` = 'UserUpload' LIMIT 1 [ RunTime:0.000661s ]
[2023-05-03T23:06:49+08:00][sql] SELECT * FROM `tp_module` WHERE  `table_name` = 'user_upload' LIMIT 1 [ RunTime:0.000500s ]
[2023-05-03T23:06:49+08:00][sql] SELECT * FROM `tp_field` WHERE  `module_id` = 31 ORDER BY `sort` ASC,`id` ASC [ RunTime:0.000800s ]
[2023-05-03T23:06:49+08:00][info] $data[pid]
[2023-05-03T23:06:49+08:00][info] 161
[2023-05-03T23:06:49+08:00][info] $data[pid]
[2023-05-03T23:06:49+08:00][info] 161
