[2023-05-09T23:33:50+08:00][sql] CONNECT:[ UseTime:0.047166s ] mysql:host=127.0.0.1;port=3306;dbname=ztx;charset=utf8mb4
[2023-05-09T23:33:50+08:00][sql] SHOW FULL COLUMNS FROM `tp_auth_rule` [ RunTime:0.066078s ]
[2023-05-09T23:33:50+08:00][sql] SELECT * FROM `tp_auth_rule` WHERE  `status` = 1 ORDER BY `sort` ASC [ RunTime:0.022051s ]
[2023-05-09T23:33:50+08:00][sql] SELECT * FROM `tp_auth_rule` WHERE  `name` = 'Index/index' LIMIT 1 [ RunTime:0.003975s ]
[2023-05-09T23:33:50+08:00][sql] SHOW FULL COLUMNS FROM `tp_module` [ RunTime:0.021856s ]
[2023-05-09T23:33:50+08:00][sql] SELECT * FROM `tp_module` WHERE  `model_name` = 'Index' LIMIT 1 [ RunTime:0.004240s ]
[2023-05-09T23:33:50+08:00][sql] SHOW FULL COLUMNS FROM `tp_cate` [ RunTime:0.020593s ]
[2023-05-09T23:33:50+08:00][sql] SELECT * FROM `tp_cate` ORDER BY `sort`,`id` DESC [ RunTime:0.004411s ]
[2023-05-09T23:33:50+08:00][sql] SELECT * FROM `tp_module` WHERE  `id` IN (18,19,21,22,23,24,25) [ RunTime:0.004251s ]
[2023-05-09T23:33:50+08:00][sql] SELECT * FROM `tp_module` WHERE  `model_name` = 'Cate' LIMIT 1 [ RunTime:0.001265s ]
[2023-05-09T23:33:50+08:00][sql] SELECT * FROM `tp_module` WHERE  `table_name` = 'cate' LIMIT 1 [ RunTime:0.001508s ]
[2023-05-09T23:33:50+08:00][sql] SHOW FULL COLUMNS FROM `tp_field` [ RunTime:0.019354s ]
[2023-05-09T23:33:50+08:00][sql] SELECT * FROM `tp_field` WHERE  `module_id` = 20 ORDER BY `sort` ASC,`id` ASC [ RunTime:0.005243s ]
[2023-05-09T23:33:50+08:00][sql] SHOW FULL COLUMNS FROM `tp_system` [ RunTime:0.020036s ]
[2023-05-09T23:33:50+08:00][sql] SELECT * FROM `tp_system` WHERE  `id` = 1 LIMIT 1 [ RunTime:0.003021s ]
[2023-05-09T23:33:51+08:00][sql] CONNECT:[ UseTime:0.024553s ] mysql:host=127.0.0.1;port=3306;dbname=ztx;charset=utf8mb4
[2023-05-09T23:33:51+08:00][sql] SHOW FULL COLUMNS FROM `tp_system` [ RunTime:0.014729s ]
[2023-05-09T23:33:51+08:00][sql] SELECT * FROM `tp_system` WHERE  `id` = 1 LIMIT 1 [ RunTime:0.001177s ]
[2023-05-09T23:33:56+08:00][sql] CONNECT:[ UseTime:0.002178s ] mysql:host=127.0.0.1;port=3306;dbname=ztx;charset=utf8mb4
[2023-05-09T23:33:56+08:00][sql] SHOW FULL COLUMNS FROM `tp_system` [ RunTime:0.010911s ]
[2023-05-09T23:33:56+08:00][sql] SELECT * FROM `tp_system` WHERE  `id` = 1 LIMIT 1 [ RunTime:0.000762s ]
[2023-05-09T23:33:56+08:00][sql] SHOW FULL COLUMNS FROM `tp_admin` [ RunTime:0.010713s ]
[2023-05-09T23:33:56+08:00][sql] SELECT * FROM `tp_admin` WHERE  `username` = 'admin'  AND `password` = '21232f297a57a5a743894a0e4a801fc3' LIMIT 1 [ RunTime:0.006337s ]
[2023-05-09T23:33:56+08:00][sql] UPDATE `tp_admin`  SET `login_time` = 1683646436 , `login_ip` = '127.0.0.1'  WHERE  `id` = 1 [ RunTime:0.009146s ]
[2023-05-09T23:33:56+08:00][sql] SHOW FULL COLUMNS FROM `tp_auth_group_access` [ RunTime:0.009600s ]
[2023-05-09T23:33:56+08:00][sql] SELECT `a`.`group_id`,`ag`.`rules`,`ag`.`title` FROM `tp_auth_group_access` `a` LEFT JOIN `tp_auth_group` `ag` ON `a`.`group_id`=`ag`.`id` WHERE  `uid` = 1 LIMIT 1 [ RunTime:0.006062s ]
[2023-05-09T23:33:56+08:00][sql] SHOW FULL COLUMNS FROM `tp_auth_rule` [ RunTime:0.009050s ]
[2023-05-09T23:33:56+08:00][sql] SELECT * FROM `tp_auth_rule` WHERE  `auth_open` = 0 [ RunTime:0.001285s ]
[2023-05-09T23:33:56+08:00][sql] SELECT * FROM `tp_auth_rule` [ RunTime:0.001264s ]
[2023-05-09T23:33:56+08:00][sql] SELECT * FROM `tp_admin` WHERE  `username` = 'admin'  AND `password` = '21232f297a57a5a743894a0e4a801fc3' LIMIT 1 [ RunTime:0.000583s ]
[2023-05-09T23:33:56+08:00][sql] SELECT * FROM `tp_auth_rule` WHERE  `name` = 'Login/checkLogin' LIMIT 1 [ RunTime:0.001315s ]
[2023-05-09T23:33:56+08:00][sql] SHOW FULL COLUMNS FROM `tp_admin_log` [ RunTime:0.009243s ]
[2023-05-09T23:33:56+08:00][sql] SELECT * FROM `tp_admin_log` WHERE  `admin_id` = 1 ORDER BY `id` DESC LIMIT 1 [ RunTime:0.001664s ]
[2023-05-09T23:33:56+08:00][sql] INSERT INTO `tp_admin_log` SET `title` = '[登录成功]' , `content` = '' , `url` = '/admin/Login/checkLogin.html' , `admin_id` = 1 , `user_agent` = 'Mozilla/5.0 (Windows NT 10.0; Win64; x64) AppleWebKit/537.36 (KHTML, like Gecko) Chrome/112.0.0.0 Safari/537.36' , `ip` = '127.0.0.1' , `create_time` = 1683646436 , `update_time` = 1683646436 [ RunTime:0.003293s ]
[2023-05-09T23:33:56+08:00][sql] CONNECT:[ UseTime:0.001064s ] mysql:host=127.0.0.1;port=3306;dbname=ztx;charset=utf8mb4
[2023-05-09T23:33:56+08:00][sql] SHOW FULL COLUMNS FROM `tp_auth_rule` [ RunTime:0.012438s ]
[2023-05-09T23:33:56+08:00][sql] SELECT * FROM `tp_auth_rule` WHERE  `status` = 1 ORDER BY `sort` ASC [ RunTime:0.000846s ]
[2023-05-09T23:33:56+08:00][sql] SELECT * FROM `tp_auth_rule` WHERE  `name` = 'Index/index' LIMIT 1 [ RunTime:0.001146s ]
[2023-05-09T23:33:56+08:00][sql] SHOW FULL COLUMNS FROM `tp_module` [ RunTime:0.011939s ]
[2023-05-09T23:33:56+08:00][sql] SELECT * FROM `tp_module` WHERE  `model_name` = 'Index' LIMIT 1 [ RunTime:0.000897s ]
[2023-05-09T23:33:56+08:00][sql] SHOW FULL COLUMNS FROM `tp_cate` [ RunTime:0.011103s ]
[2023-05-09T23:33:56+08:00][sql] SELECT * FROM `tp_cate` ORDER BY `sort`,`id` DESC [ RunTime:0.000809s ]
[2023-05-09T23:33:56+08:00][sql] SELECT * FROM `tp_module` WHERE  `id` IN (18,19,21,22,23,24,25) [ RunTime:0.000927s ]
[2023-05-09T23:33:56+08:00][sql] SELECT * FROM `tp_module` WHERE  `model_name` = 'Cate' LIMIT 1 [ RunTime:0.000772s ]
[2023-05-09T23:33:56+08:00][sql] SELECT * FROM `tp_module` WHERE  `table_name` = 'cate' LIMIT 1 [ RunTime:0.000548s ]
[2023-05-09T23:33:56+08:00][sql] SHOW FULL COLUMNS FROM `tp_field` [ RunTime:0.012011s ]
[2023-05-09T23:33:56+08:00][sql] SELECT * FROM `tp_field` WHERE  `module_id` = 20 ORDER BY `sort` ASC,`id` ASC [ RunTime:0.000885s ]
[2023-05-09T23:33:56+08:00][sql] SHOW FULL COLUMNS FROM `tp_system` [ RunTime:0.010217s ]
[2023-05-09T23:33:56+08:00][sql] SELECT * FROM `tp_system` WHERE  `id` = 1 LIMIT 1 [ RunTime:0.000676s ]
[2023-05-09T23:33:56+08:00][sql] SELECT * FROM `tp_auth_rule` WHERE  `auth_open` = 0 [ RunTime:0.000789s ]
[2023-05-09T23:33:56+08:00][sql] SELECT * FROM `tp_auth_rule` [ RunTime:0.000991s ]
[2023-05-09T23:33:56+08:00][sql] SELECT * FROM `tp_auth_rule` WHERE  `name` = 'Index/index' LIMIT 1 [ RunTime:0.001583s ]
[2023-05-09T23:33:56+08:00][sql] SHOW FULL COLUMNS FROM `tp_admin_log` [ RunTime:0.008705s ]
[2023-05-09T23:33:56+08:00][sql] SELECT * FROM `tp_admin_log` WHERE  `admin_id` = 1 ORDER BY `id` DESC LIMIT 1 [ RunTime:0.000555s ]
[2023-05-09T23:33:56+08:00][sql] INSERT INTO `tp_admin_log` SET `title` = '[控制台]' , `content` = '[]' , `url` = '/admin' , `admin_id` = 1 , `user_agent` = 'Mozilla/5.0 (Windows NT 10.0; Win64; x64) AppleWebKit/537.36 (KHTML, like Gecko) Chrome/112.0.0.0 Safari/537.36' , `ip` = '127.0.0.1' , `create_time` = 1683646436 , `update_time` = 1683646436 [ RunTime:0.001115s ]
[2023-05-09T23:33:56+08:00][sql] SELECT VERSION() AS ver [ RunTime:0.001536s ]
[2023-05-09T23:33:56+08:00][sql] SHOW FULL COLUMNS FROM `tp_users` [ RunTime:0.009441s ]
[2023-05-09T23:33:56+08:00][sql] SELECT COUNT(*) AS think_count FROM `tp_users` WHERE  `create_time` > 1683041636 LIMIT 1 [ RunTime:0.002997s ]
[2023-05-09T23:33:56+08:00][sql] SHOW FULL COLUMNS FROM `tp_message` [ RunTime:0.010903s ]
[2023-05-09T23:33:56+08:00][sql] SELECT COUNT(*) AS think_count FROM `tp_message` WHERE  `status` = 0 LIMIT 1 [ RunTime:0.002094s ]
[2023-05-09T23:33:56+08:00][sql] SELECT `id` FROM `tp_module` WHERE  `table_name` = 'message' LIMIT 1 [ RunTime:0.000726s ]
[2023-05-09T23:33:56+08:00][sql] SELECT `id` FROM `tp_cate` WHERE  `module_id` = 25 LIMIT 1 [ RunTime:0.000792s ]
[2023-05-09T23:33:56+08:00][sql] SHOW FULL COLUMNS FROM `tp_admin` [ RunTime:0.007711s ]
[2023-05-09T23:33:56+08:00][sql] SELECT `password` FROM `tp_admin` WHERE  `id` = 1 LIMIT 1 [ RunTime:0.000627s ]
[2023-05-09T23:47:09+08:00][sql] CONNECT:[ UseTime:0.001124s ] mysql:host=127.0.0.1;port=3306;dbname=ztx;charset=utf8mb4
[2023-05-09T23:47:09+08:00][sql] SHOW FULL COLUMNS FROM `tp_auth_rule` [ RunTime:0.010233s ]
[2023-05-09T23:47:09+08:00][sql] SELECT * FROM `tp_auth_rule` WHERE  `status` = 1 ORDER BY `sort` ASC [ RunTime:0.001043s ]
[2023-05-09T23:47:09+08:00][sql] SELECT * FROM `tp_auth_rule` WHERE  `name` = 'UserUpload/index' LIMIT 1 [ RunTime:0.001376s ]
[2023-05-09T23:47:09+08:00][sql] SELECT * FROM `tp_auth_rule` WHERE  `id` = 161 LIMIT 1 [ RunTime:0.001178s ]
[2023-05-09T23:47:09+08:00][sql] SELECT * FROM `tp_auth_rule` WHERE  `name` = 'Link' LIMIT 1 [ RunTime:0.000873s ]
[2023-05-09T23:47:09+08:00][sql] SHOW FULL COLUMNS FROM `tp_module` [ RunTime:0.007137s ]
[2023-05-09T23:47:09+08:00][sql] SELECT * FROM `tp_module` WHERE  `model_name` = 'UserUpload' LIMIT 1 [ RunTime:0.000769s ]
[2023-05-09T23:47:09+08:00][sql] SHOW FULL COLUMNS FROM `tp_cate` [ RunTime:0.008471s ]
[2023-05-09T23:47:09+08:00][sql] SELECT * FROM `tp_cate` ORDER BY `sort`,`id` DESC [ RunTime:0.000699s ]
[2023-05-09T23:47:09+08:00][sql] SELECT * FROM `tp_module` WHERE  `id` IN (18,19,21,22,23,24,25) [ RunTime:0.000996s ]
[2023-05-09T23:47:09+08:00][sql] SELECT * FROM `tp_module` WHERE  `model_name` = 'Cate' LIMIT 1 [ RunTime:0.000972s ]
[2023-05-09T23:47:09+08:00][sql] SELECT * FROM `tp_module` WHERE  `table_name` = 'cate' LIMIT 1 [ RunTime:0.000684s ]
[2023-05-09T23:47:09+08:00][sql] SHOW FULL COLUMNS FROM `tp_field` [ RunTime:0.009526s ]
[2023-05-09T23:47:09+08:00][sql] SELECT * FROM `tp_field` WHERE  `module_id` = 20 ORDER BY `sort` ASC,`id` ASC [ RunTime:0.000955s ]
[2023-05-09T23:47:09+08:00][sql] SHOW FULL COLUMNS FROM `tp_system` [ RunTime:0.009867s ]
[2023-05-09T23:47:09+08:00][sql] SELECT * FROM `tp_system` WHERE  `id` = 1 LIMIT 1 [ RunTime:0.000697s ]
[2023-05-09T23:47:09+08:00][sql] SELECT * FROM `tp_auth_rule` WHERE  `auth_open` = 0 [ RunTime:0.000972s ]
[2023-05-09T23:47:09+08:00][sql] SELECT * FROM `tp_auth_rule` [ RunTime:0.001184s ]
[2023-05-09T23:47:09+08:00][sql] SELECT * FROM `tp_auth_rule` WHERE  `name` = 'UserUpload/index' LIMIT 1 [ RunTime:0.001140s ]
[2023-05-09T23:47:09+08:00][sql] SELECT * FROM `tp_auth_rule` WHERE  `id` = 161 LIMIT 1 [ RunTime:0.000618s ]
[2023-05-09T23:47:09+08:00][sql] SELECT * FROM `tp_auth_rule` WHERE  `name` = 'Link' LIMIT 1 [ RunTime:0.000986s ]
[2023-05-09T23:47:09+08:00][sql] SHOW FULL COLUMNS FROM `tp_admin_log` [ RunTime:0.007513s ]
[2023-05-09T23:47:09+08:00][sql] SELECT * FROM `tp_admin_log` WHERE  `admin_id` = 1 ORDER BY `id` DESC LIMIT 1 [ RunTime:0.000628s ]
[2023-05-09T23:47:09+08:00][sql] INSERT INTO `tp_admin_log` SET `title` = '[网站功能] -> [用户上传]' , `content` = '[]' , `url` = '/admin/UserUpload/index.html?_pjax=.content-wrapper' , `admin_id` = 1 , `user_agent` = 'Mozilla/5.0 (Windows NT 10.0; Win64; x64) AppleWebKit/537.36 (KHTML, like Gecko) Chrome/112.0.0.0 Safari/537.36' , `ip` = '127.0.0.1' , `create_time` = 1683647229 , `update_time` = 1683647229 [ RunTime:0.001066s ]
[2023-05-09T23:47:09+08:00][sql] SELECT `pk` FROM `tp_module` WHERE  `table_name` = 'user_upload' LIMIT 1 [ RunTime:0.000536s ]
[2023-05-09T23:47:09+08:00][sql] SELECT * FROM `tp_module` WHERE  `table_name` = 'user_upload' LIMIT 1 [ RunTime:0.000504s ]
[2023-05-09T23:47:09+08:00][sql] SELECT * FROM `tp_field` WHERE  `module_id` = 31 ORDER BY `sort` ASC,`id` ASC [ RunTime:0.000792s ]
[2023-05-09T23:47:09+08:00][sql] SHOW FULL COLUMNS FROM `tp_dictionary` [ RunTime:0.007913s ]
[2023-05-09T23:47:09+08:00][sql] SELECT `dict_value`,`dict_label` FROM `tp_dictionary` WHERE  `dict_type` = '1' ORDER BY `sort` ASC,`id` DESC [ RunTime:0.001490s ]
[2023-05-09T23:47:09+08:00][sql] SELECT * FROM `tp_module` WHERE  `table_name` = 'user_upload' LIMIT 1 [ RunTime:0.000600s ]
[2023-05-09T23:47:09+08:00][sql] SELECT * FROM `tp_field` WHERE  `module_id` = 31 ORDER BY `sort` ASC,`id` ASC [ RunTime:0.000768s ]
[2023-05-09T23:47:09+08:00][sql] SELECT * FROM `tp_module` WHERE  `model_name` = 'Module' LIMIT 1 [ RunTime:0.000729s ]
[2023-05-09T23:47:09+08:00][sql] SELECT * FROM `tp_field` WHERE  `module_id` = 3  AND `field` = 'sort' LIMIT 1 [ RunTime:0.001288s ]
[2023-05-09T23:47:09+08:00][sql] SELECT * FROM `tp_module` WHERE  `model_name` = 'Module' LIMIT 1 [ RunTime:0.000859s ]
[2023-05-09T23:47:09+08:00][sql] SELECT `id` FROM `tp_module` WHERE  `model_name` = 'Module' LIMIT 1 [ RunTime:0.000463s ]
[2023-05-09T23:47:09+08:00][sql] SELECT `field` FROM `tp_field` WHERE  ( field = 'pid' OR field = 'parent_id'  )  AND `module_id` = 3 LIMIT 1 [ RunTime:0.000766s ]
[2023-05-09T23:47:09+08:00][sql] SELECT `id`,`module_name` FROM `tp_module` ORDER BY `sort` ASC,`id` DESC [ RunTime:0.002069s ]
[2023-05-09T23:47:09+08:00][sql] SELECT * FROM `tp_module` WHERE  `model_name` = 'Field' LIMIT 1 [ RunTime:0.000511s ]
[2023-05-09T23:47:09+08:00][sql] SELECT * FROM `tp_field` WHERE  `module_id` = 2  AND `field` = 'sort' LIMIT 1 [ RunTime:0.000635s ]
[2023-05-09T23:47:09+08:00][sql] SELECT * FROM `tp_module` WHERE  `model_name` = 'Field' LIMIT 1 [ RunTime:0.000451s ]
[2023-05-09T23:47:09+08:00][sql] SELECT `id` FROM `tp_module` WHERE  `model_name` = 'Field' LIMIT 1 [ RunTime:0.000401s ]
[2023-05-09T23:47:09+08:00][sql] SELECT `field` FROM `tp_field` WHERE  ( field = 'pid' OR field = 'parent_id'  )  AND `module_id` = 2 LIMIT 1 [ RunTime:0.000563s ]
[2023-05-09T23:47:09+08:00][sql] SELECT `id`,`name` FROM `tp_field` ORDER BY `sort` ASC,`id` DESC [ RunTime:0.001961s ]
[2023-05-09T23:47:09+08:00][sql] SELECT * FROM `tp_module` WHERE  `model_name` = 'UsersType' LIMIT 1 [ RunTime:0.000835s ]
[2023-05-09T23:47:09+08:00][sql] SELECT * FROM `tp_field` WHERE  `module_id` = 6  AND `field` = 'sort' LIMIT 1 [ RunTime:0.000710s ]
[2023-05-09T23:47:09+08:00][sql] SELECT * FROM `tp_module` WHERE  `model_name` = 'UsersType' LIMIT 1 [ RunTime:0.000526s ]
[2023-05-09T23:47:09+08:00][sql] SELECT `id` FROM `tp_module` WHERE  `model_name` = 'UsersType' LIMIT 1 [ RunTime:0.000452s ]
[2023-05-09T23:47:09+08:00][sql] SELECT `field` FROM `tp_field` WHERE  ( field = 'pid' OR field = 'parent_id'  )  AND `module_id` = 6 LIMIT 1 [ RunTime:0.000676s ]
[2023-05-09T23:47:09+08:00][sql] SHOW FULL COLUMNS FROM `tp_users_type` [ RunTime:0.009251s ]
[2023-05-09T23:47:09+08:00][sql] SELECT `id`,`name` FROM `tp_users_type` ORDER BY `sort` ASC,`id` DESC [ RunTime:0.001158s ]
[2023-05-09T23:47:09+08:00][sql] SELECT `dict_value`,`dict_label` FROM `tp_dictionary` WHERE  `dict_type` = '1' ORDER BY `sort` ASC,`id` DESC [ RunTime:0.000498s ]
[2023-05-09T23:47:09+08:00][sql] SELECT * FROM `tp_module` WHERE  `table_name` = 'user_upload' LIMIT 1 [ RunTime:0.000536s ]
[2023-05-09T23:47:09+08:00][sql] SELECT * FROM `tp_module` WHERE  `model_name` = 'UserUpload' LIMIT 1 [ RunTime:0.000482s ]
[2023-05-09T23:47:09+08:00][sql] SELECT * FROM `tp_module` WHERE  `table_name` = 'user_upload' LIMIT 1 [ RunTime:0.000566s ]
[2023-05-09T23:47:09+08:00][sql] SELECT * FROM `tp_field` WHERE  `module_id` = 31 ORDER BY `sort` ASC,`id` ASC [ RunTime:0.000793s ]
[2023-05-09T23:47:09+08:00][sql] SELECT * FROM `tp_module` WHERE  `model_name` = 'Module' LIMIT 1 [ RunTime:0.000503s ]
[2023-05-09T23:47:09+08:00][sql] SELECT * FROM `tp_field` WHERE  `module_id` = 3  AND `field` = 'sort' LIMIT 1 [ RunTime:0.000546s ]
[2023-05-09T23:47:09+08:00][sql] SELECT * FROM `tp_module` WHERE  `model_name` = 'Module' LIMIT 1 [ RunTime:0.000455s ]
[2023-05-09T23:47:09+08:00][sql] SELECT `id` FROM `tp_module` WHERE  `model_name` = 'Module' LIMIT 1 [ RunTime:0.000386s ]
[2023-05-09T23:47:09+08:00][sql] SELECT `field` FROM `tp_field` WHERE  ( field = 'pid' OR field = 'parent_id'  )  AND `module_id` = 3 LIMIT 1 [ RunTime:0.000910s ]
[2023-05-09T23:47:09+08:00][sql] SELECT `id`,`module_name` FROM `tp_module` ORDER BY `sort` ASC,`id` DESC [ RunTime:0.000479s ]
[2023-05-09T23:47:09+08:00][sql] SELECT * FROM `tp_module` WHERE  `model_name` = 'Field' LIMIT 1 [ RunTime:0.000462s ]
[2023-05-09T23:47:09+08:00][sql] SELECT * FROM `tp_field` WHERE  `module_id` = 2  AND `field` = 'sort' LIMIT 1 [ RunTime:0.000866s ]
[2023-05-09T23:47:09+08:00][sql] SELECT * FROM `tp_module` WHERE  `model_name` = 'Field' LIMIT 1 [ RunTime:0.000549s ]
[2023-05-09T23:47:09+08:00][sql] SELECT `id` FROM `tp_module` WHERE  `model_name` = 'Field' LIMIT 1 [ RunTime:0.000820s ]
[2023-05-09T23:47:09+08:00][sql] SELECT `field` FROM `tp_field` WHERE  ( field = 'pid' OR field = 'parent_id'  )  AND `module_id` = 2 LIMIT 1 [ RunTime:0.001020s ]
[2023-05-09T23:47:09+08:00][sql] SELECT `id`,`name` FROM `tp_field` ORDER BY `sort` ASC,`id` DESC [ RunTime:0.001115s ]
[2023-05-09T23:47:09+08:00][sql] SELECT * FROM `tp_module` WHERE  `model_name` = 'UsersType' LIMIT 1 [ RunTime:0.000669s ]
[2023-05-09T23:47:09+08:00][sql] SELECT * FROM `tp_field` WHERE  `module_id` = 6  AND `field` = 'sort' LIMIT 1 [ RunTime:0.000797s ]
[2023-05-09T23:47:09+08:00][sql] SELECT * FROM `tp_module` WHERE  `model_name` = 'UsersType' LIMIT 1 [ RunTime:0.000920s ]
[2023-05-09T23:47:09+08:00][sql] SELECT `id` FROM `tp_module` WHERE  `model_name` = 'UsersType' LIMIT 1 [ RunTime:0.000515s ]
[2023-05-09T23:47:09+08:00][sql] SELECT `field` FROM `tp_field` WHERE  ( field = 'pid' OR field = 'parent_id'  )  AND `module_id` = 6 LIMIT 1 [ RunTime:0.000722s ]
[2023-05-09T23:47:09+08:00][sql] SELECT `id`,`name` FROM `tp_users_type` ORDER BY `sort` ASC,`id` DESC [ RunTime:0.000417s ]
[2023-05-09T23:47:09+08:00][sql] SELECT `dict_value`,`dict_label` FROM `tp_dictionary` WHERE  `dict_type` = '1' ORDER BY `sort` ASC,`id` DESC [ RunTime:0.000486s ]
[2023-05-09T23:47:09+08:00][sql] SELECT `pk` FROM `tp_module` WHERE  `table_name` = 'user_upload' LIMIT 1 [ RunTime:0.000473s ]
[2023-05-09T23:47:09+08:00][sql] SELECT * FROM `tp_module` WHERE  `table_name` = 'user_upload' LIMIT 1 [ RunTime:0.001066s ]
[2023-05-09T23:47:09+08:00][sql] SHOW FULL COLUMNS FROM `tp_table_tem_set` [ RunTime:0.007736s ]
[2023-05-09T23:47:09+08:00][sql] SELECT * FROM `tp_table_tem_set` WHERE  `id` = 5 LIMIT 1 [ RunTime:0.001047s ]
[2023-05-09T23:47:09+08:00][info] $data[pid]
[2023-05-09T23:47:09+08:00][info] 161
[2023-05-09T23:47:09+08:00][info] $data[pid]
[2023-05-09T23:47:09+08:00][info] 161
[2023-05-09T23:47:10+08:00][sql] CONNECT:[ UseTime:0.000996s ] mysql:host=127.0.0.1;port=3306;dbname=ztx;charset=utf8mb4
[2023-05-09T23:47:10+08:00][sql] SHOW FULL COLUMNS FROM `tp_auth_rule` [ RunTime:0.009089s ]
[2023-05-09T23:47:10+08:00][sql] SELECT * FROM `tp_auth_rule` WHERE  `status` = 1 ORDER BY `sort` ASC [ RunTime:0.001217s ]
[2023-05-09T23:47:10+08:00][sql] SELECT * FROM `tp_auth_rule` WHERE  `name` = 'UserUpload/index' LIMIT 1 [ RunTime:0.001991s ]
[2023-05-09T23:47:10+08:00][sql] SELECT * FROM `tp_auth_rule` WHERE  `id` = 161 LIMIT 1 [ RunTime:0.000733s ]
[2023-05-09T23:47:10+08:00][sql] SELECT * FROM `tp_auth_rule` WHERE  `name` = 'Link' LIMIT 1 [ RunTime:0.000975s ]
[2023-05-09T23:47:10+08:00][sql] SHOW FULL COLUMNS FROM `tp_module` [ RunTime:0.010240s ]
[2023-05-09T23:47:10+08:00][sql] SELECT * FROM `tp_module` WHERE  `model_name` = 'UserUpload' LIMIT 1 [ RunTime:0.000868s ]
[2023-05-09T23:47:10+08:00][sql] SHOW FULL COLUMNS FROM `tp_cate` [ RunTime:0.010776s ]
[2023-05-09T23:47:10+08:00][sql] SELECT * FROM `tp_cate` ORDER BY `sort`,`id` DESC [ RunTime:0.001078s ]
[2023-05-09T23:47:10+08:00][sql] SELECT * FROM `tp_module` WHERE  `id` IN (18,19,21,22,23,24,25) [ RunTime:0.000825s ]
[2023-05-09T23:47:10+08:00][sql] SELECT * FROM `tp_module` WHERE  `model_name` = 'Cate' LIMIT 1 [ RunTime:0.000818s ]
[2023-05-09T23:47:10+08:00][sql] SELECT * FROM `tp_module` WHERE  `table_name` = 'cate' LIMIT 1 [ RunTime:0.000567s ]
[2023-05-09T23:47:10+08:00][sql] SHOW FULL COLUMNS FROM `tp_field` [ RunTime:0.009132s ]
[2023-05-09T23:47:10+08:00][sql] SELECT * FROM `tp_field` WHERE  `module_id` = 20 ORDER BY `sort` ASC,`id` ASC [ RunTime:0.000953s ]
[2023-05-09T23:47:10+08:00][sql] SHOW FULL COLUMNS FROM `tp_system` [ RunTime:0.007628s ]
[2023-05-09T23:47:10+08:00][sql] SELECT * FROM `tp_system` WHERE  `id` = 1 LIMIT 1 [ RunTime:0.000673s ]
[2023-05-09T23:47:10+08:00][sql] SELECT * FROM `tp_auth_rule` WHERE  `auth_open` = 0 [ RunTime:0.000794s ]
[2023-05-09T23:47:10+08:00][sql] SELECT * FROM `tp_auth_rule` [ RunTime:0.001029s ]
[2023-05-09T23:47:10+08:00][sql] SELECT * FROM `tp_auth_rule` WHERE  `name` = 'UserUpload/index' LIMIT 1 [ RunTime:0.001079s ]
[2023-05-09T23:47:10+08:00][sql] SELECT * FROM `tp_auth_rule` WHERE  `id` = 161 LIMIT 1 [ RunTime:0.000530s ]
[2023-05-09T23:47:10+08:00][sql] SELECT * FROM `tp_auth_rule` WHERE  `name` = 'Link' LIMIT 1 [ RunTime:0.000768s ]
[2023-05-09T23:47:10+08:00][sql] SHOW FULL COLUMNS FROM `tp_admin_log` [ RunTime:0.007695s ]
[2023-05-09T23:47:10+08:00][sql] SELECT * FROM `tp_admin_log` WHERE  `admin_id` = 1 ORDER BY `id` DESC LIMIT 1 [ RunTime:0.000790s ]
[2023-05-09T23:47:10+08:00][sql] INSERT INTO `tp_admin_log` SET `title` = '[网站功能] -> [用户上传]' , `content` = '{"getList":"1","pageSize":"10","page":1,"orderByColumn":"id","isAsc":"asc","module_r":"","field_r":"","title":"","auth":"","page_title":"","page_top_tips":"","page_end_tips":"","remark":"","upload_file":"","status":""}' , `url` = '/admin/UserUpload/index.html?getList=1' , `admin_id` = 1 , `user_agent` = 'Mozilla/5.0 (Windows NT 10.0; Win64; x64) AppleWebKit/537.36 (KHTML, like Gecko) Chrome/112.0.0.0 Safari/537.36' , `ip` = '127.0.0.1' , `create_time` = 1683647229 , `update_time` = 1683647229 [ RunTime:0.001399s ]
[2023-05-09T23:47:10+08:00][sql] SELECT `pk` FROM `tp_module` WHERE  `table_name` = 'user_upload' LIMIT 1 [ RunTime:0.000919s ]
[2023-05-09T23:47:10+08:00][sql] SELECT * FROM `tp_module` WHERE  `table_name` = 'user_upload' LIMIT 1 [ RunTime:0.000689s ]
[2023-05-09T23:47:10+08:00][sql] SELECT * FROM `tp_field` WHERE  `module_id` = 31 ORDER BY `sort` ASC,`id` ASC [ RunTime:0.000975s ]
[2023-05-09T23:47:10+08:00][sql] SHOW FULL COLUMNS FROM `tp_dictionary` [ RunTime:0.006891s ]
[2023-05-09T23:47:10+08:00][sql] SELECT `dict_value`,`dict_label` FROM `tp_dictionary` WHERE  `dict_type` = '1' ORDER BY `sort` ASC,`id` DESC [ RunTime:0.000859s ]
[2023-05-09T23:47:10+08:00][sql] SELECT * FROM `tp_module` WHERE  `table_name` = 'user_upload' LIMIT 1 [ RunTime:0.000643s ]
[2023-05-09T23:47:10+08:00][sql] SELECT * FROM `tp_field` WHERE  `module_id` = 31 ORDER BY `sort` ASC,`id` ASC [ RunTime:0.001186s ]
[2023-05-09T23:47:10+08:00][sql] SELECT * FROM `tp_module` WHERE  `model_name` = 'Module' LIMIT 1 [ RunTime:0.000687s ]
[2023-05-09T23:47:10+08:00][sql] SELECT * FROM `tp_field` WHERE  `module_id` = 3  AND `field` = 'sort' LIMIT 1 [ RunTime:0.000672s ]
[2023-05-09T23:47:10+08:00][sql] SELECT * FROM `tp_module` WHERE  `model_name` = 'Module' LIMIT 1 [ RunTime:0.000617s ]
[2023-05-09T23:47:10+08:00][sql] SELECT `id` FROM `tp_module` WHERE  `model_name` = 'Module' LIMIT 1 [ RunTime:0.000521s ]
[2023-05-09T23:47:10+08:00][sql] SELECT `field` FROM `tp_field` WHERE  ( field = 'pid' OR field = 'parent_id'  )  AND `module_id` = 3 LIMIT 1 [ RunTime:0.000824s ]
[2023-05-09T23:47:10+08:00][sql] SELECT `id`,`module_name` FROM `tp_module` ORDER BY `sort` ASC,`id` DESC [ RunTime:0.000779s ]
[2023-05-09T23:47:10+08:00][sql] SELECT * FROM `tp_module` WHERE  `model_name` = 'Field' LIMIT 1 [ RunTime:0.000629s ]
[2023-05-09T23:47:10+08:00][sql] SELECT * FROM `tp_field` WHERE  `module_id` = 2  AND `field` = 'sort' LIMIT 1 [ RunTime:0.000680s ]
[2023-05-09T23:47:10+08:00][sql] SELECT * FROM `tp_module` WHERE  `model_name` = 'Field' LIMIT 1 [ RunTime:0.000558s ]
[2023-05-09T23:47:10+08:00][sql] SELECT `id` FROM `tp_module` WHERE  `model_name` = 'Field' LIMIT 1 [ RunTime:0.000821s ]
[2023-05-09T23:47:10+08:00][sql] SELECT `field` FROM `tp_field` WHERE  ( field = 'pid' OR field = 'parent_id'  )  AND `module_id` = 2 LIMIT 1 [ RunTime:0.000782s ]
[2023-05-09T23:47:10+08:00][sql] SELECT `id`,`name` FROM `tp_field` ORDER BY `sort` ASC,`id` DESC [ RunTime:0.002101s ]
[2023-05-09T23:47:10+08:00][sql] SELECT * FROM `tp_module` WHERE  `model_name` = 'UsersType' LIMIT 1 [ RunTime:0.000746s ]
[2023-05-09T23:47:10+08:00][sql] SELECT * FROM `tp_field` WHERE  `module_id` = 6  AND `field` = 'sort' LIMIT 1 [ RunTime:0.000700s ]
[2023-05-09T23:47:10+08:00][sql] SELECT * FROM `tp_module` WHERE  `model_name` = 'UsersType' LIMIT 1 [ RunTime:0.000676s ]
[2023-05-09T23:47:10+08:00][sql] SELECT `id` FROM `tp_module` WHERE  `model_name` = 'UsersType' LIMIT 1 [ RunTime:0.000750s ]
[2023-05-09T23:47:10+08:00][sql] SELECT `field` FROM `tp_field` WHERE  ( field = 'pid' OR field = 'parent_id'  )  AND `module_id` = 6 LIMIT 1 [ RunTime:0.001342s ]
[2023-05-09T23:47:10+08:00][sql] SHOW FULL COLUMNS FROM `tp_users_type` [ RunTime:0.009268s ]
[2023-05-09T23:47:10+08:00][sql] SELECT `id`,`name` FROM `tp_users_type` ORDER BY `sort` ASC,`id` DESC [ RunTime:0.000526s ]
[2023-05-09T23:47:10+08:00][sql] SELECT `dict_value`,`dict_label` FROM `tp_dictionary` WHERE  `dict_type` = '1' ORDER BY `sort` ASC,`id` DESC [ RunTime:0.000507s ]
[2023-05-09T23:47:10+08:00][sql] SELECT * FROM `tp_module` WHERE  `table_name` = 'user_upload' LIMIT 1 [ RunTime:0.000631s ]
[2023-05-09T23:47:10+08:00][sql] SELECT * FROM `tp_module` WHERE  `table_name` = 'user_upload' LIMIT 1 [ RunTime:0.000603s ]
[2023-05-09T23:47:10+08:00][sql] SELECT * FROM `tp_field` WHERE  `module_id` = 31 ORDER BY `sort` ASC,`id` ASC [ RunTime:0.001480s ]
[2023-05-09T23:47:10+08:00][sql] SELECT * FROM `tp_module` WHERE  `model_name` = 'Module' LIMIT 1 [ RunTime:0.000746s ]
[2023-05-09T23:47:10+08:00][sql] SELECT * FROM `tp_field` WHERE  `module_id` = 3  AND `field` = 'sort' LIMIT 1 [ RunTime:0.000834s ]
[2023-05-09T23:47:10+08:00][sql] SELECT * FROM `tp_module` WHERE  `model_name` = 'Module' LIMIT 1 [ RunTime:0.000763s ]
[2023-05-09T23:47:10+08:00][sql] SELECT `id` FROM `tp_module` WHERE  `model_name` = 'Module' LIMIT 1 [ RunTime:0.000481s ]
[2023-05-09T23:47:10+08:00][sql] SELECT `field` FROM `tp_field` WHERE  ( field = 'pid' OR field = 'parent_id'  )  AND `module_id` = 3 LIMIT 1 [ RunTime:0.000684s ]
[2023-05-09T23:47:10+08:00][sql] SELECT `id`,`module_name` FROM `tp_module` ORDER BY `sort` ASC,`id` DESC [ RunTime:0.000457s ]
[2023-05-09T23:47:10+08:00][sql] SELECT * FROM `tp_module` WHERE  `model_name` = 'Field' LIMIT 1 [ RunTime:0.000542s ]
[2023-05-09T23:47:10+08:00][sql] SELECT * FROM `tp_field` WHERE  `module_id` = 2  AND `field` = 'sort' LIMIT 1 [ RunTime:0.000682s ]
[2023-05-09T23:47:10+08:00][sql] SELECT * FROM `tp_module` WHERE  `model_name` = 'Field' LIMIT 1 [ RunTime:0.000499s ]
[2023-05-09T23:47:10+08:00][sql] SELECT `id` FROM `tp_module` WHERE  `model_name` = 'Field' LIMIT 1 [ RunTime:0.000411s ]
[2023-05-09T23:47:10+08:00][sql] SELECT `field` FROM `tp_field` WHERE  ( field = 'pid' OR field = 'parent_id'  )  AND `module_id` = 2 LIMIT 1 [ RunTime:0.000612s ]
[2023-05-09T23:47:10+08:00][sql] SELECT `id`,`name` FROM `tp_field` ORDER BY `sort` ASC,`id` DESC [ RunTime:0.000933s ]
[2023-05-09T23:47:10+08:00][sql] SELECT * FROM `tp_module` WHERE  `model_name` = 'UsersType' LIMIT 1 [ RunTime:0.001207s ]
[2023-05-09T23:47:10+08:00][sql] SELECT * FROM `tp_field` WHERE  `module_id` = 6  AND `field` = 'sort' LIMIT 1 [ RunTime:0.000658s ]
[2023-05-09T23:47:10+08:00][sql] SELECT * FROM `tp_module` WHERE  `model_name` = 'UsersType' LIMIT 1 [ RunTime:0.000472s ]
[2023-05-09T23:47:10+08:00][sql] SELECT `id` FROM `tp_module` WHERE  `model_name` = 'UsersType' LIMIT 1 [ RunTime:0.000412s ]
[2023-05-09T23:47:10+08:00][sql] SELECT `field` FROM `tp_field` WHERE  ( field = 'pid' OR field = 'parent_id'  )  AND `module_id` = 6 LIMIT 1 [ RunTime:0.000569s ]
[2023-05-09T23:47:10+08:00][sql] SELECT `id`,`name` FROM `tp_users_type` ORDER BY `sort` ASC,`id` DESC [ RunTime:0.000380s ]
[2023-05-09T23:47:10+08:00][sql] SELECT `dict_value`,`dict_label` FROM `tp_dictionary` WHERE  `dict_type` = '1' ORDER BY `sort` ASC,`id` DESC [ RunTime:0.000433s ]
[2023-05-09T23:47:10+08:00][sql] SELECT `pk` FROM `tp_module` WHERE  `table_name` = 'user_upload' LIMIT 1 [ RunTime:0.000436s ]
[2023-05-09T23:47:10+08:00][sql] SELECT `id` FROM `tp_module` WHERE  `model_name` = 'UserUpload' LIMIT 1 [ RunTime:0.000568s ]
[2023-05-09T23:47:10+08:00][sql] SELECT * FROM `tp_field` WHERE  `module_id` = 31 [ RunTime:0.001206s ]
[2023-05-09T23:47:10+08:00][sql] SHOW FULL COLUMNS FROM `tp_user_upload` [ RunTime:0.009976s ]
[2023-05-09T23:47:10+08:00][sql] SELECT COUNT(*) AS think_count FROM `tp_user_upload` `UserUpload` LIMIT 1 [ RunTime:0.001202s ]
[2023-05-09T23:47:10+08:00][sql] SELECT * FROM `tp_user_upload` `UserUpload` ORDER BY `id` ASC LIMIT 0,10 [ RunTime:0.000555s ]
[2023-05-09T23:47:10+08:00][sql] SELECT * FROM `tp_module` WHERE  `id` IN (10,21) [ RunTime:0.000485s ]
[2023-05-09T23:47:10+08:00][sql] SELECT * FROM `tp_field` WHERE  `id` IN (110,2,258,238,175,122,43) [ RunTime:0.001540s ]
[2023-05-09T23:47:10+08:00][sql] SELECT * FROM `tp_users_type` WHERE  `id` = 0 [ RunTime:0.000444s ]
[2023-05-09T23:47:10+08:00][sql] SELECT `name` FROM `tp_field` WHERE  `id` IN (2,258,238,175,122,43) [ RunTime:0.000621s ]
[2023-05-09T23:47:10+08:00][sql] SELECT * FROM `tp_module` WHERE  `model_name` = 'UserUpload' LIMIT 1 [ RunTime:0.001342s ]
[2023-05-09T23:47:10+08:00][sql] SELECT * FROM `tp_module` WHERE  `table_name` = 'user_upload' LIMIT 1 [ RunTime:0.001243s ]
[2023-05-09T23:47:10+08:00][sql] SELECT * FROM `tp_field` WHERE  `module_id` = 31 ORDER BY `sort` ASC,`id` ASC [ RunTime:0.001026s ]
[2023-05-09T23:47:10+08:00][info] $data[pid]
[2023-05-09T23:47:10+08:00][info] 161
[2023-05-09T23:47:10+08:00][info] $data[pid]
[2023-05-09T23:47:10+08:00][info] 161
[2023-05-09T23:51:02+08:00][sql] CONNECT:[ UseTime:0.018483s ] mysql:host=127.0.0.1;port=3306;dbname=ztx;charset=utf8mb4
[2023-05-09T23:51:02+08:00][sql] SHOW FULL COLUMNS FROM `tp_system` [ RunTime:0.011572s ]
[2023-05-09T23:51:02+08:00][sql] SELECT * FROM `tp_system` WHERE  `id` = 1 LIMIT 1 [ RunTime:0.000673s ]
[2023-05-09T23:51:03+08:00][sql] CONNECT:[ UseTime:0.001211s ] mysql:host=127.0.0.1;port=3306;dbname=ztx;charset=utf8mb4
[2023-05-09T23:51:03+08:00][sql] SHOW FULL COLUMNS FROM `tp_system` [ RunTime:0.010071s ]
[2023-05-09T23:51:03+08:00][sql] SELECT * FROM `tp_system` WHERE  `id` = 1 LIMIT 1 [ RunTime:0.001202s ]
[2023-05-09T23:51:16+08:00][sql] CONNECT:[ UseTime:0.001258s ] mysql:host=127.0.0.1;port=3306;dbname=ztx;charset=utf8mb4
[2023-05-09T23:51:16+08:00][sql] SHOW FULL COLUMNS FROM `tp_auth_rule` [ RunTime:0.009129s ]
[2023-05-09T23:51:16+08:00][sql] SELECT * FROM `tp_auth_rule` WHERE  `status` = 1 ORDER BY `sort` ASC [ RunTime:0.000945s ]
[2023-05-09T23:51:16+08:00][sql] SELECT * FROM `tp_auth_rule` WHERE  `name` = 'Index/autocomplete_file' LIMIT 1 [ RunTime:0.001361s ]
[2023-05-09T23:51:16+08:00][sql] SHOW FULL COLUMNS FROM `tp_module` [ RunTime:0.009504s ]
[2023-05-09T23:51:16+08:00][sql] SELECT * FROM `tp_module` WHERE  `model_name` = 'Index' LIMIT 1 [ RunTime:0.000635s ]
[2023-05-09T23:51:16+08:00][sql] SHOW FULL COLUMNS FROM `tp_cate` [ RunTime:0.006932s ]
[2023-05-09T23:51:16+08:00][sql] SELECT * FROM `tp_cate` ORDER BY `sort`,`id` DESC [ RunTime:0.001087s ]
[2023-05-09T23:51:16+08:00][sql] SELECT * FROM `tp_module` WHERE  `id` IN (18,19,21,22,23,24,25) [ RunTime:0.000852s ]
[2023-05-09T23:51:16+08:00][sql] SELECT * FROM `tp_module` WHERE  `model_name` = 'Cate' LIMIT 1 [ RunTime:0.000750s ]
[2023-05-09T23:51:16+08:00][sql] SELECT * FROM `tp_module` WHERE  `table_name` = 'cate' LIMIT 1 [ RunTime:0.000551s ]
[2023-05-09T23:51:16+08:00][sql] SHOW FULL COLUMNS FROM `tp_field` [ RunTime:0.008773s ]
[2023-05-09T23:51:16+08:00][sql] SELECT * FROM `tp_field` WHERE  `module_id` = 20 ORDER BY `sort` ASC,`id` ASC [ RunTime:0.001075s ]
[2023-05-09T23:51:16+08:00][sql] SHOW FULL COLUMNS FROM `tp_system` [ RunTime:0.008125s ]
[2023-05-09T23:51:16+08:00][sql] SELECT * FROM `tp_system` WHERE  `id` = 1 LIMIT 1 [ RunTime:0.000857s ]
[2023-05-09T23:51:16+08:00][sql] CONNECT:[ UseTime:0.022432s ] mysql:host=127.0.0.1;port=3306;dbname=ztx;charset=utf8mb4
[2023-05-09T23:51:16+08:00][sql] SHOW FULL COLUMNS FROM `tp_system` [ RunTime:0.007527s ]
[2023-05-09T23:51:16+08:00][sql] SELECT * FROM `tp_system` WHERE  `id` = 1 LIMIT 1 [ RunTime:0.000669s ]
[2023-05-09T23:53:15+08:00][sql] CONNECT:[ UseTime:0.019761s ] mysql:host=127.0.0.1;port=3306;dbname=ztx;charset=utf8mb4
[2023-05-09T23:53:15+08:00][sql] SHOW FULL COLUMNS FROM `tp_system` [ RunTime:0.010667s ]
[2023-05-09T23:53:15+08:00][sql] SELECT * FROM `tp_system` WHERE  `id` = 1 LIMIT 1 [ RunTime:0.001638s ]
[2023-05-09T23:53:15+08:00][sql] SHOW FULL COLUMNS FROM `tp_admin` [ RunTime:0.006930s ]
[2023-05-09T23:53:15+08:00][sql] SELECT * FROM `tp_admin` WHERE  `username` = 'admin'  AND `password` = '21232f297a57a5a743894a0e4a801fc3' LIMIT 1 [ RunTime:0.000600s ]
[2023-05-09T23:53:17+08:00][sql] CONNECT:[ UseTime:0.001302s ] mysql:host=127.0.0.1;port=3306;dbname=ztx;charset=utf8mb4
[2023-05-09T23:53:17+08:00][sql] SHOW FULL COLUMNS FROM `tp_system` [ RunTime:0.011232s ]
[2023-05-09T23:53:17+08:00][sql] SELECT * FROM `tp_system` WHERE  `id` = 1 LIMIT 1 [ RunTime:0.001299s ]
[2023-05-09T23:53:19+08:00][sql] CONNECT:[ UseTime:0.001231s ] mysql:host=127.0.0.1;port=3306;dbname=ztx;charset=utf8mb4
[2023-05-09T23:53:19+08:00][sql] SHOW FULL COLUMNS FROM `tp_system` [ RunTime:0.010717s ]
[2023-05-09T23:53:19+08:00][sql] SELECT * FROM `tp_system` WHERE  `id` = 1 LIMIT 1 [ RunTime:0.000678s ]
[2023-05-09T23:53:19+08:00][sql] SHOW FULL COLUMNS FROM `tp_admin` [ RunTime:0.009778s ]
[2023-05-09T23:53:19+08:00][sql] SELECT * FROM `tp_admin` WHERE  `username` = 'admin'  AND `password` = '21232f297a57a5a743894a0e4a801fc3' LIMIT 1 [ RunTime:0.000588s ]
[2023-05-09T23:53:19+08:00][sql] UPDATE `tp_admin`  SET `login_time` = 1683647599 , `login_ip` = '127.0.0.1'  WHERE  `id` = 1 [ RunTime:0.002412s ]
[2023-05-09T23:53:19+08:00][sql] SHOW FULL COLUMNS FROM `tp_auth_group_access` [ RunTime:0.009815s ]
[2023-05-09T23:53:19+08:00][sql] SELECT `a`.`group_id`,`ag`.`rules`,`ag`.`title` FROM `tp_auth_group_access` `a` LEFT JOIN `tp_auth_group` `ag` ON `a`.`group_id`=`ag`.`id` WHERE  `uid` = 1 LIMIT 1 [ RunTime:0.000714s ]
[2023-05-09T23:53:19+08:00][sql] SHOW FULL COLUMNS FROM `tp_auth_rule` [ RunTime:0.007916s ]
[2023-05-09T23:53:19+08:00][sql] SELECT * FROM `tp_auth_rule` WHERE  `auth_open` = 0 [ RunTime:0.001137s ]
[2023-05-09T23:53:19+08:00][sql] SELECT * FROM `tp_auth_rule` [ RunTime:0.001633s ]
[2023-05-09T23:53:19+08:00][sql] SELECT * FROM `tp_admin` WHERE  `username` = 'admin'  AND `password` = '21232f297a57a5a743894a0e4a801fc3' LIMIT 1 [ RunTime:0.000906s ]
[2023-05-09T23:53:19+08:00][sql] SELECT * FROM `tp_auth_rule` WHERE  `name` = 'Login/checkLogin' LIMIT 1 [ RunTime:0.001803s ]
[2023-05-09T23:53:19+08:00][sql] SHOW FULL COLUMNS FROM `tp_admin_log` [ RunTime:0.008107s ]
[2023-05-09T23:53:19+08:00][sql] SELECT * FROM `tp_admin_log` WHERE  `admin_id` = 1 ORDER BY `id` DESC LIMIT 1 [ RunTime:0.000609s ]
[2023-05-09T23:53:19+08:00][sql] INSERT INTO `tp_admin_log` SET `title` = '[登录成功]' , `content` = '' , `url` = '/admin/Login/checkLogin.html' , `admin_id` = 1 , `user_agent` = 'Mozilla/5.0 (Windows NT 10.0; Win64; x64) AppleWebKit/537.36 (KHTML, like Gecko) Chrome/112.0.0.0 Safari/537.36' , `ip` = '127.0.0.1' , `create_time` = 1683647599 , `update_time` = 1683647599 [ RunTime:0.000699s ]
[2023-05-09T23:53:19+08:00][sql] CONNECT:[ UseTime:0.001006s ] mysql:host=127.0.0.1;port=3306;dbname=ztx;charset=utf8mb4
[2023-05-09T23:53:19+08:00][sql] SHOW FULL COLUMNS FROM `tp_auth_rule` [ RunTime:0.010546s ]
[2023-05-09T23:53:19+08:00][sql] SELECT * FROM `tp_auth_rule` WHERE  `status` = 1 ORDER BY `sort` ASC [ RunTime:0.001090s ]
[2023-05-09T23:53:19+08:00][sql] SELECT * FROM `tp_auth_rule` WHERE  `name` = 'Index/autocomplete_file' LIMIT 1 [ RunTime:0.001478s ]
[2023-05-09T23:53:19+08:00][sql] SHOW FULL COLUMNS FROM `tp_module` [ RunTime:0.008338s ]
[2023-05-09T23:53:19+08:00][sql] SELECT * FROM `tp_module` WHERE  `model_name` = 'Index' LIMIT 1 [ RunTime:0.000689s ]
[2023-05-09T23:53:19+08:00][sql] SHOW FULL COLUMNS FROM `tp_cate` [ RunTime:0.010592s ]
[2023-05-09T23:53:19+08:00][sql] SELECT * FROM `tp_cate` ORDER BY `sort`,`id` DESC [ RunTime:0.000671s ]
[2023-05-09T23:53:19+08:00][sql] SELECT * FROM `tp_module` WHERE  `id` IN (18,19,21,22,23,24,25) [ RunTime:0.000813s ]
[2023-05-09T23:53:19+08:00][sql] SELECT * FROM `tp_module` WHERE  `model_name` = 'Cate' LIMIT 1 [ RunTime:0.000784s ]
[2023-05-09T23:53:19+08:00][sql] SELECT * FROM `tp_module` WHERE  `table_name` = 'cate' LIMIT 1 [ RunTime:0.000641s ]
[2023-05-09T23:53:19+08:00][sql] SHOW FULL COLUMNS FROM `tp_field` [ RunTime:0.007189s ]
[2023-05-09T23:53:19+08:00][sql] SELECT * FROM `tp_field` WHERE  `module_id` = 20 ORDER BY `sort` ASC,`id` ASC [ RunTime:0.001737s ]
[2023-05-09T23:53:19+08:00][sql] SHOW FULL COLUMNS FROM `tp_system` [ RunTime:0.007312s ]
[2023-05-09T23:53:19+08:00][sql] SELECT * FROM `tp_system` WHERE  `id` = 1 LIMIT 1 [ RunTime:0.000729s ]
[2023-05-09T23:53:19+08:00][sql] SELECT * FROM `tp_auth_rule` WHERE  `auth_open` = 0 [ RunTime:0.001387s ]
[2023-05-09T23:53:19+08:00][sql] SELECT * FROM `tp_auth_rule` [ RunTime:0.001525s ]
[2023-05-09T23:53:19+08:00][sql] SELECT * FROM `tp_auth_rule` WHERE  `name` = 'Index/autocomplete_file' LIMIT 1 [ RunTime:0.001203s ]
[2023-05-09T23:53:19+08:00][sql] SHOW FULL COLUMNS FROM `tp_file_management` [ RunTime:0.009984s ]
[2023-05-09T23:53:19+08:00][error] [10500]查询表达式错误:array (
)[F:\site\ztx\vendor\topthink\think-orm\src\db\Builder.php:359]
[2023-05-09T23:53:27+08:00][sql] CONNECT:[ UseTime:0.000892s ] mysql:host=127.0.0.1;port=3306;dbname=ztx;charset=utf8mb4
[2023-05-09T23:53:27+08:00][sql] SHOW FULL COLUMNS FROM `tp_auth_rule` [ RunTime:0.008473s ]
[2023-05-09T23:53:27+08:00][sql] SELECT * FROM `tp_auth_rule` WHERE  `status` = 1 ORDER BY `sort` ASC [ RunTime:0.000896s ]
[2023-05-09T23:53:27+08:00][sql] SELECT * FROM `tp_auth_rule` WHERE  `name` = 'Index/autocomplete_file' LIMIT 1 [ RunTime:0.001348s ]
[2023-05-09T23:53:27+08:00][sql] SHOW FULL COLUMNS FROM `tp_module` [ RunTime:0.008809s ]
[2023-05-09T23:53:27+08:00][sql] SELECT * FROM `tp_module` WHERE  `model_name` = 'Index' LIMIT 1 [ RunTime:0.000818s ]
[2023-05-09T23:53:27+08:00][sql] SHOW FULL COLUMNS FROM `tp_cate` [ RunTime:0.008811s ]
[2023-05-09T23:53:27+08:00][sql] SELECT * FROM `tp_cate` ORDER BY `sort`,`id` DESC [ RunTime:0.000779s ]
[2023-05-09T23:53:27+08:00][sql] SELECT * FROM `tp_module` WHERE  `id` IN (18,19,21,22,23,24,25) [ RunTime:0.000829s ]
[2023-05-09T23:53:27+08:00][sql] SELECT * FROM `tp_module` WHERE  `model_name` = 'Cate' LIMIT 1 [ RunTime:0.000890s ]
[2023-05-09T23:53:27+08:00][sql] SELECT * FROM `tp_module` WHERE  `table_name` = 'cate' LIMIT 1 [ RunTime:0.000683s ]
[2023-05-09T23:53:27+08:00][sql] SHOW FULL COLUMNS FROM `tp_field` [ RunTime:0.009217s ]
[2023-05-09T23:53:27+08:00][sql] SELECT * FROM `tp_field` WHERE  `module_id` = 20 ORDER BY `sort` ASC,`id` ASC [ RunTime:0.001331s ]
[2023-05-09T23:53:27+08:00][sql] SHOW FULL COLUMNS FROM `tp_system` [ RunTime:0.008057s ]
[2023-05-09T23:53:27+08:00][sql] SELECT * FROM `tp_system` WHERE  `id` = 1 LIMIT 1 [ RunTime:0.000774s ]
[2023-05-09T23:53:27+08:00][sql] SELECT * FROM `tp_auth_rule` WHERE  `auth_open` = 0 [ RunTime:0.001059s ]
[2023-05-09T23:53:27+08:00][sql] SELECT * FROM `tp_auth_rule` [ RunTime:0.001205s ]
[2023-05-09T23:53:27+08:00][sql] SELECT * FROM `tp_auth_rule` WHERE  `name` = 'Index/autocomplete_file' LIMIT 1 [ RunTime:0.001210s ]
[2023-05-09T23:53:27+08:00][sql] SHOW FULL COLUMNS FROM `tp_file_management` [ RunTime:0.010684s ]
[2023-05-09T23:53:27+08:00][error] [10500]查询表达式错误:array (
)[F:\site\ztx\vendor\topthink\think-orm\src\db\Builder.php:359]
[2023-05-09T23:53:36+08:00][sql] CONNECT:[ UseTime:0.001123s ] mysql:host=127.0.0.1;port=3306;dbname=ztx;charset=utf8mb4
[2023-05-09T23:53:36+08:00][sql] SHOW FULL COLUMNS FROM `tp_auth_rule` [ RunTime:0.012717s ]
[2023-05-09T23:53:36+08:00][sql] SELECT * FROM `tp_auth_rule` WHERE  `status` = 1 ORDER BY `sort` ASC [ RunTime:0.001875s ]
[2023-05-09T23:53:36+08:00][sql] SELECT * FROM `tp_auth_rule` WHERE  `name` = 'Index/index' LIMIT 1 [ RunTime:0.001277s ]
[2023-05-09T23:53:36+08:00][sql] SHOW FULL COLUMNS FROM `tp_module` [ RunTime:0.008246s ]
[2023-05-09T23:53:36+08:00][sql] SELECT * FROM `tp_module` WHERE  `model_name` = 'Index' LIMIT 1 [ RunTime:0.000647s ]
[2023-05-09T23:53:36+08:00][sql] SHOW FULL COLUMNS FROM `tp_cate` [ RunTime:0.007524s ]
[2023-05-09T23:53:36+08:00][sql] SELECT * FROM `tp_cate` ORDER BY `sort`,`id` DESC [ RunTime:0.000966s ]
[2023-05-09T23:53:36+08:00][sql] SELECT * FROM `tp_module` WHERE  `id` IN (18,19,21,22,23,24,25) [ RunTime:0.000801s ]
[2023-05-09T23:53:36+08:00][sql] SELECT * FROM `tp_module` WHERE  `model_name` = 'Cate' LIMIT 1 [ RunTime:0.000854s ]
[2023-05-09T23:53:36+08:00][sql] SELECT * FROM `tp_module` WHERE  `table_name` = 'cate' LIMIT 1 [ RunTime:0.000970s ]
[2023-05-09T23:53:36+08:00][sql] SHOW FULL COLUMNS FROM `tp_field` [ RunTime:0.008596s ]
[2023-05-09T23:53:36+08:00][sql] SELECT * FROM `tp_field` WHERE  `module_id` = 20 ORDER BY `sort` ASC,`id` ASC [ RunTime:0.001017s ]
[2023-05-09T23:53:36+08:00][sql] SHOW FULL COLUMNS FROM `tp_system` [ RunTime:0.008926s ]
[2023-05-09T23:53:36+08:00][sql] SELECT * FROM `tp_system` WHERE  `id` = 1 LIMIT 1 [ RunTime:0.000749s ]
[2023-05-09T23:53:36+08:00][sql] SELECT * FROM `tp_auth_rule` WHERE  `auth_open` = 0 [ RunTime:0.000856s ]
[2023-05-09T23:53:36+08:00][sql] SELECT * FROM `tp_auth_rule` [ RunTime:0.001564s ]
[2023-05-09T23:53:36+08:00][sql] SELECT * FROM `tp_auth_rule` WHERE  `name` = 'Index/index' LIMIT 1 [ RunTime:0.001146s ]
[2023-05-09T23:53:36+08:00][sql] SHOW FULL COLUMNS FROM `tp_admin_log` [ RunTime:0.007582s ]
[2023-05-09T23:53:36+08:00][sql] SELECT * FROM `tp_admin_log` WHERE  `admin_id` = 1 ORDER BY `id` DESC LIMIT 1 [ RunTime:0.000932s ]
[2023-05-09T23:53:36+08:00][sql] INSERT INTO `tp_admin_log` SET `title` = '[控制台]' , `content` = '[]' , `url` = '/admin/Index' , `admin_id` = 1 , `user_agent` = 'Mozilla/5.0 (Windows NT 10.0; Win64; x64) AppleWebKit/537.36 (KHTML, like Gecko) Chrome/112.0.0.0 Safari/537.36' , `ip` = '127.0.0.1' , `create_time` = 1683647616 , `update_time` = 1683647616 [ RunTime:0.000717s ]
[2023-05-09T23:53:36+08:00][sql] SELECT VERSION() AS ver [ RunTime:0.000352s ]
[2023-05-09T23:53:36+08:00][sql] SHOW FULL COLUMNS FROM `tp_users` [ RunTime:0.009275s ]
[2023-05-09T23:53:36+08:00][sql] SELECT COUNT(*) AS think_count FROM `tp_users` WHERE  `create_time` > 1683042816 LIMIT 1 [ RunTime:0.000852s ]
[2023-05-09T23:53:36+08:00][sql] SHOW FULL COLUMNS FROM `tp_message` [ RunTime:0.006881s ]
[2023-05-09T23:53:36+08:00][sql] SELECT COUNT(*) AS think_count FROM `tp_message` WHERE  `status` = 0 LIMIT 1 [ RunTime:0.000593s ]
[2023-05-09T23:53:36+08:00][sql] SELECT `id` FROM `tp_module` WHERE  `table_name` = 'message' LIMIT 1 [ RunTime:0.000442s ]
[2023-05-09T23:53:36+08:00][sql] SELECT `id` FROM `tp_cate` WHERE  `module_id` = 25 LIMIT 1 [ RunTime:0.000398s ]
[2023-05-09T23:53:36+08:00][sql] SHOW FULL COLUMNS FROM `tp_admin` [ RunTime:0.008279s ]
[2023-05-09T23:53:36+08:00][sql] SELECT `password` FROM `tp_admin` WHERE  `id` = 1 LIMIT 1 [ RunTime:0.000581s ]
[2023-05-09T23:54:03+08:00][sql] CONNECT:[ UseTime:0.000776s ] mysql:host=127.0.0.1;port=3306;dbname=ztx;charset=utf8mb4
[2023-05-09T23:54:03+08:00][sql] SHOW FULL COLUMNS FROM `tp_auth_rule` [ RunTime:0.007263s ]
[2023-05-09T23:54:03+08:00][sql] SELECT * FROM `tp_auth_rule` WHERE  `status` = 1 ORDER BY `sort` ASC [ RunTime:0.000792s ]
[2023-05-09T23:54:03+08:00][sql] SELECT * FROM `tp_auth_rule` WHERE  `name` = 'UsersType/index' LIMIT 1 [ RunTime:0.000812s ]
[2023-05-09T23:54:03+08:00][sql] SELECT * FROM `tp_auth_rule` WHERE  `id` = 162 LIMIT 1 [ RunTime:0.000470s ]
[2023-05-09T23:54:03+08:00][sql] SELECT * FROM `tp_auth_rule` WHERE  `name` = 'Users' LIMIT 1 [ RunTime:0.000554s ]
[2023-05-09T23:54:03+08:00][sql] SHOW FULL COLUMNS FROM `tp_module` [ RunTime:0.006841s ]
[2023-05-09T23:54:03+08:00][sql] SELECT * FROM `tp_module` WHERE  `model_name` = 'UsersType' LIMIT 1 [ RunTime:0.000501s ]
[2023-05-09T23:54:03+08:00][sql] SHOW FULL COLUMNS FROM `tp_cate` [ RunTime:0.006601s ]
[2023-05-09T23:54:03+08:00][sql] SELECT * FROM `tp_cate` ORDER BY `sort`,`id` DESC [ RunTime:0.000812s ]
[2023-05-09T23:54:03+08:00][sql] SELECT * FROM `tp_module` WHERE  `id` IN (18,19,21,22,23,24,25) [ RunTime:0.000716s ]
[2023-05-09T23:54:03+08:00][sql] SELECT * FROM `tp_module` WHERE  `model_name` = 'Cate' LIMIT 1 [ RunTime:0.000927s ]
[2023-05-09T23:54:03+08:00][sql] SELECT * FROM `tp_module` WHERE  `table_name` = 'cate' LIMIT 1 [ RunTime:0.000629s ]
[2023-05-09T23:54:03+08:00][sql] SHOW FULL COLUMNS FROM `tp_field` [ RunTime:0.007772s ]
[2023-05-09T23:54:03+08:00][sql] SELECT * FROM `tp_field` WHERE  `module_id` = 20 ORDER BY `sort` ASC,`id` ASC [ RunTime:0.000851s ]
[2023-05-09T23:54:03+08:00][sql] SHOW FULL COLUMNS FROM `tp_system` [ RunTime:0.007363s ]
[2023-05-09T23:54:03+08:00][sql] SELECT * FROM `tp_system` WHERE  `id` = 1 LIMIT 1 [ RunTime:0.000689s ]
[2023-05-09T23:54:03+08:00][sql] SELECT * FROM `tp_auth_rule` WHERE  `auth_open` = 0 [ RunTime:0.000885s ]
[2023-05-09T23:54:03+08:00][sql] SELECT * FROM `tp_auth_rule` [ RunTime:0.001014s ]
[2023-05-09T23:54:03+08:00][sql] SELECT * FROM `tp_auth_rule` WHERE  `name` = 'UsersType/index' LIMIT 1 [ RunTime:0.000593s ]
[2023-05-09T23:54:03+08:00][sql] SELECT * FROM `tp_auth_rule` WHERE  `id` = 162 LIMIT 1 [ RunTime:0.000360s ]
[2023-05-09T23:54:03+08:00][sql] SELECT * FROM `tp_auth_rule` WHERE  `name` = 'Users' LIMIT 1 [ RunTime:0.000555s ]
[2023-05-09T23:54:03+08:00][sql] SHOW FULL COLUMNS FROM `tp_admin_log` [ RunTime:0.008291s ]
[2023-05-09T23:54:03+08:00][sql] SELECT * FROM `tp_admin_log` WHERE  `admin_id` = 1 ORDER BY `id` DESC LIMIT 1 [ RunTime:0.000815s ]
[2023-05-09T23:54:03+08:00][sql] INSERT INTO `tp_admin_log` SET `title` = '[会员管理] -> [会员分组]' , `content` = '[]' , `url` = '/admin/UsersType/index.html?_pjax=.content-wrapper' , `admin_id` = 1 , `user_agent` = 'Mozilla/5.0 (Windows NT 10.0; Win64; x64) AppleWebKit/537.36 (KHTML, like Gecko) Chrome/112.0.0.0 Safari/537.36' , `ip` = '127.0.0.1' , `create_time` = 1683647643 , `update_time` = 1683647643 [ RunTime:0.000709s ]
[2023-05-09T23:54:03+08:00][sql] SELECT `pk` FROM `tp_module` WHERE  `table_name` = 'users_type' LIMIT 1 [ RunTime:0.000648s ]
[2023-05-09T23:54:03+08:00][sql] SELECT * FROM `tp_module` WHERE  `table_name` = 'users_type' LIMIT 1 [ RunTime:0.000445s ]
[2023-05-09T23:54:03+08:00][sql] SELECT * FROM `tp_field` WHERE  `module_id` = 6 ORDER BY `sort` ASC,`id` ASC [ RunTime:0.000620s ]
[2023-05-09T23:54:03+08:00][sql] SHOW FULL COLUMNS FROM `tp_dictionary` [ RunTime:0.007512s ]
[2023-05-09T23:54:03+08:00][sql] SELECT `dict_value`,`dict_label` FROM `tp_dictionary` WHERE  `dict_type` = '1' ORDER BY `sort` ASC,`id` DESC [ RunTime:0.000501s ]
[2023-05-09T23:54:03+08:00][sql] SELECT * FROM `tp_module` WHERE  `table_name` = 'users_type' LIMIT 1 [ RunTime:0.000379s ]
[2023-05-09T23:54:03+08:00][sql] SELECT * FROM `tp_field` WHERE  `module_id` = 6 ORDER BY `sort` ASC,`id` ASC [ RunTime:0.000903s ]
[2023-05-09T23:54:03+08:00][sql] SELECT `dict_value`,`dict_label` FROM `tp_dictionary` WHERE  `dict_type` = '1' ORDER BY `sort` ASC,`id` DESC [ RunTime:0.000437s ]
[2023-05-09T23:54:03+08:00][sql] SELECT * FROM `tp_module` WHERE  `table_name` = 'users_type' LIMIT 1 [ RunTime:0.000372s ]
[2023-05-09T23:54:03+08:00][sql] SELECT * FROM `tp_module` WHERE  `model_name` = 'UsersType' LIMIT 1 [ RunTime:0.000356s ]
[2023-05-09T23:54:03+08:00][sql] SELECT * FROM `tp_module` WHERE  `table_name` = 'users_type' LIMIT 1 [ RunTime:0.000351s ]
[2023-05-09T23:54:03+08:00][sql] SELECT * FROM `tp_field` WHERE  `module_id` = 6 ORDER BY `sort` ASC,`id` ASC [ RunTime:0.000628s ]
[2023-05-09T23:54:03+08:00][sql] SELECT `dict_value`,`dict_label` FROM `tp_dictionary` WHERE  `dict_type` = '1' ORDER BY `sort` ASC,`id` DESC [ RunTime:0.000374s ]
[2023-05-09T23:54:03+08:00][sql] SELECT `pk` FROM `tp_module` WHERE  `table_name` = 'users_type' LIMIT 1 [ RunTime:0.000312s ]
[2023-05-09T23:54:03+08:00][sql] SELECT * FROM `tp_module` WHERE  `table_name` = 'users_type' LIMIT 1 [ RunTime:0.000356s ]
[2023-05-09T23:54:03+08:00][info] $data[pid]
[2023-05-09T23:54:03+08:00][info] 162
[2023-05-09T23:54:03+08:00][info] $data[pid]
[2023-05-09T23:54:03+08:00][info] 162
[2023-05-09T23:54:04+08:00][sql] CONNECT:[ UseTime:0.000846s ] mysql:host=127.0.0.1;port=3306;dbname=ztx;charset=utf8mb4
[2023-05-09T23:54:04+08:00][sql] SHOW FULL COLUMNS FROM `tp_auth_rule` [ RunTime:0.006850s ]
[2023-05-09T23:54:04+08:00][sql] SELECT * FROM `tp_auth_rule` WHERE  `status` = 1 ORDER BY `sort` ASC [ RunTime:0.001266s ]
[2023-05-09T23:54:04+08:00][sql] SELECT * FROM `tp_auth_rule` WHERE  `name` = 'UsersType/index' LIMIT 1 [ RunTime:0.000720s ]
[2023-05-09T23:54:04+08:00][sql] SELECT * FROM `tp_auth_rule` WHERE  `id` = 162 LIMIT 1 [ RunTime:0.000382s ]
[2023-05-09T23:54:04+08:00][sql] SELECT * FROM `tp_auth_rule` WHERE  `name` = 'Users' LIMIT 1 [ RunTime:0.000595s ]
[2023-05-09T23:54:04+08:00][sql] SHOW FULL COLUMNS FROM `tp_module` [ RunTime:0.007836s ]
[2023-05-09T23:54:04+08:00][sql] SELECT * FROM `tp_module` WHERE  `model_name` = 'UsersType' LIMIT 1 [ RunTime:0.000532s ]
[2023-05-09T23:54:04+08:00][sql] SHOW FULL COLUMNS FROM `tp_cate` [ RunTime:0.006412s ]
[2023-05-09T23:54:04+08:00][sql] SELECT * FROM `tp_cate` ORDER BY `sort`,`id` DESC [ RunTime:0.000560s ]
[2023-05-09T23:54:04+08:00][sql] SELECT * FROM `tp_module` WHERE  `id` IN (18,19,21,22,23,24,25) [ RunTime:0.000734s ]
[2023-05-09T23:54:04+08:00][sql] SELECT * FROM `tp_module` WHERE  `model_name` = 'Cate' LIMIT 1 [ RunTime:0.000682s ]
[2023-05-09T23:54:04+08:00][sql] SELECT * FROM `tp_module` WHERE  `table_name` = 'cate' LIMIT 1 [ RunTime:0.000474s ]
[2023-05-09T23:54:04+08:00][sql] SHOW FULL COLUMNS FROM `tp_field` [ RunTime:0.008305s ]
[2023-05-09T23:54:04+08:00][sql] SELECT * FROM `tp_field` WHERE  `module_id` = 20 ORDER BY `sort` ASC,`id` ASC [ RunTime:0.000809s ]
[2023-05-09T23:54:04+08:00][sql] SHOW FULL COLUMNS FROM `tp_system` [ RunTime:0.006948s ]
[2023-05-09T23:54:04+08:00][sql] SELECT * FROM `tp_system` WHERE  `id` = 1 LIMIT 1 [ RunTime:0.000548s ]
[2023-05-09T23:54:04+08:00][sql] SELECT * FROM `tp_auth_rule` WHERE  `auth_open` = 0 [ RunTime:0.001143s ]
[2023-05-09T23:54:04+08:00][sql] SELECT * FROM `tp_auth_rule` [ RunTime:0.001449s ]
[2023-05-09T23:54:04+08:00][sql] SELECT * FROM `tp_auth_rule` WHERE  `name` = 'UsersType/index' LIMIT 1 [ RunTime:0.000777s ]
[2023-05-09T23:54:04+08:00][sql] SELECT * FROM `tp_auth_rule` WHERE  `id` = 162 LIMIT 1 [ RunTime:0.000618s ]
[2023-05-09T23:54:04+08:00][sql] SELECT * FROM `tp_auth_rule` WHERE  `name` = 'Users' LIMIT 1 [ RunTime:0.000805s ]
[2023-05-09T23:54:04+08:00][sql] SHOW FULL COLUMNS FROM `tp_admin_log` [ RunTime:0.006351s ]
[2023-05-09T23:54:04+08:00][sql] SELECT * FROM `tp_admin_log` WHERE  `admin_id` = 1 ORDER BY `id` DESC LIMIT 1 [ RunTime:0.000729s ]
[2023-05-09T23:54:04+08:00][sql] INSERT INTO `tp_admin_log` SET `title` = '[会员管理] -> [会员分组]' , `content` = '{"getList":"1","pageSize":"10","page":1,"orderByColumn":"id","isAsc":"desc","name":"","status":""}' , `url` = '/admin/UsersType/index.html?getList=1' , `admin_id` = 1 , `user_agent` = 'Mozilla/5.0 (Windows NT 10.0; Win64; x64) AppleWebKit/537.36 (KHTML, like Gecko) Chrome/112.0.0.0 Safari/537.36' , `ip` = '127.0.0.1' , `create_time` = 1683647644 , `update_time` = 1683647644 [ RunTime:0.001128s ]
[2023-05-09T23:54:04+08:00][sql] SELECT `pk` FROM `tp_module` WHERE  `table_name` = 'users_type' LIMIT 1 [ RunTime:0.000509s ]
[2023-05-09T23:54:04+08:00][sql] SELECT * FROM `tp_module` WHERE  `table_name` = 'users_type' LIMIT 1 [ RunTime:0.000397s ]
[2023-05-09T23:54:04+08:00][sql] SELECT * FROM `tp_field` WHERE  `module_id` = 6 ORDER BY `sort` ASC,`id` ASC [ RunTime:0.000614s ]
[2023-05-09T23:54:04+08:00][sql] SHOW FULL COLUMNS FROM `tp_dictionary` [ RunTime:0.005896s ]
[2023-05-09T23:54:04+08:00][sql] SELECT `dict_value`,`dict_label` FROM `tp_dictionary` WHERE  `dict_type` = '1' ORDER BY `sort` ASC,`id` DESC [ RunTime:0.000459s ]
[2023-05-09T23:54:04+08:00][sql] SELECT * FROM `tp_module` WHERE  `table_name` = 'users_type' LIMIT 1 [ RunTime:0.000374s ]
[2023-05-09T23:54:04+08:00][sql] SELECT * FROM `tp_field` WHERE  `module_id` = 6 ORDER BY `sort` ASC,`id` ASC [ RunTime:0.000557s ]
[2023-05-09T23:54:04+08:00][sql] SELECT `dict_value`,`dict_label` FROM `tp_dictionary` WHERE  `dict_type` = '1' ORDER BY `sort` ASC,`id` DESC [ RunTime:0.000902s ]
[2023-05-09T23:54:04+08:00][sql] SELECT * FROM `tp_module` WHERE  `table_name` = 'users_type' LIMIT 1 [ RunTime:0.000829s ]
[2023-05-09T23:54:04+08:00][sql] SELECT * FROM `tp_module` WHERE  `table_name` = 'users_type' LIMIT 1 [ RunTime:0.000692s ]
[2023-05-09T23:54:04+08:00][sql] SELECT * FROM `tp_field` WHERE  `module_id` = 6 ORDER BY `sort` ASC,`id` ASC [ RunTime:0.000727s ]
[2023-05-09T23:54:04+08:00][sql] SELECT `dict_value`,`dict_label` FROM `tp_dictionary` WHERE  `dict_type` = '1' ORDER BY `sort` ASC,`id` DESC [ RunTime:0.000390s ]
[2023-05-09T23:54:04+08:00][sql] SELECT `pk` FROM `tp_module` WHERE  `table_name` = 'users_type' LIMIT 1 [ RunTime:0.000329s ]
[2023-05-09T23:54:04+08:00][sql] SELECT `id` FROM `tp_module` WHERE  `model_name` = 'UsersType' LIMIT 1 [ RunTime:0.000387s ]
[2023-05-09T23:54:04+08:00][sql] SELECT * FROM `tp_field` WHERE  `module_id` = 6 [ RunTime:0.000916s ]
[2023-05-09T23:54:04+08:00][sql] SHOW FULL COLUMNS FROM `tp_users_type` [ RunTime:0.006426s ]
[2023-05-09T23:54:04+08:00][sql] SELECT COUNT(*) AS think_count FROM `tp_users_type` `UsersType` LIMIT 1 [ RunTime:0.000509s ]
[2023-05-09T23:54:04+08:00][sql] SELECT * FROM `tp_users_type` `UsersType` ORDER BY `id` DESC LIMIT 0,10 [ RunTime:0.000585s ]
[2023-05-09T23:54:04+08:00][sql] SELECT * FROM `tp_module` WHERE  `model_name` = 'UsersType' LIMIT 1 [ RunTime:0.000662s ]
[2023-05-09T23:54:04+08:00][sql] SELECT * FROM `tp_module` WHERE  `table_name` = 'users_type' LIMIT 1 [ RunTime:0.000398s ]
[2023-05-09T23:54:04+08:00][sql] SELECT * FROM `tp_field` WHERE  `module_id` = 6 ORDER BY `sort` ASC,`id` ASC [ RunTime:0.000599s ]
[2023-05-09T23:54:04+08:00][info] $data[pid]
[2023-05-09T23:54:04+08:00][info] 162
[2023-05-09T23:54:04+08:00][info] $data[pid]
[2023-05-09T23:54:04+08:00][info] 162
[2023-05-09T23:54:05+08:00][sql] CONNECT:[ UseTime:0.000781s ] mysql:host=127.0.0.1;port=3306;dbname=ztx;charset=utf8mb4
[2023-05-09T23:54:05+08:00][sql] SHOW FULL COLUMNS FROM `tp_auth_rule` [ RunTime:0.006088s ]
[2023-05-09T23:54:05+08:00][sql] SELECT * FROM `tp_auth_rule` WHERE  `status` = 1 ORDER BY `sort` ASC [ RunTime:0.000707s ]
[2023-05-09T23:54:05+08:00][sql] SELECT * FROM `tp_auth_rule` WHERE  `name` = 'Article/index' LIMIT 1 [ RunTime:0.000856s ]
[2023-05-09T23:54:05+08:00][sql] SELECT * FROM `tp_auth_rule` WHERE  `id` = 188 LIMIT 1 [ RunTime:0.000370s ]
[2023-05-09T23:54:05+08:00][sql] SELECT * FROM `tp_auth_rule` WHERE  `name` = 'Page' LIMIT 1 [ RunTime:0.000918s ]
[2023-05-09T23:54:05+08:00][sql] SHOW FULL COLUMNS FROM `tp_module` [ RunTime:0.006900s ]
[2023-05-09T23:54:05+08:00][sql] SELECT * FROM `tp_module` WHERE  `model_name` = 'Article' LIMIT 1 [ RunTime:0.000499s ]
[2023-05-09T23:54:05+08:00][sql] SHOW FULL COLUMNS FROM `tp_cate` [ RunTime:0.005730s ]
[2023-05-09T23:54:05+08:00][sql] SELECT * FROM `tp_cate` ORDER BY `sort`,`id` DESC [ RunTime:0.000546s ]
[2023-05-09T23:54:05+08:00][sql] SELECT * FROM `tp_module` WHERE  `id` IN (18,19,21,22,23,24,25) [ RunTime:0.000811s ]
[2023-05-09T23:54:05+08:00][sql] SELECT * FROM `tp_module` WHERE  `model_name` = 'Cate' LIMIT 1 [ RunTime:0.000540s ]
[2023-05-09T23:54:05+08:00][sql] SELECT * FROM `tp_module` WHERE  `table_name` = 'cate' LIMIT 1 [ RunTime:0.000368s ]
[2023-05-09T23:54:05+08:00][sql] SHOW FULL COLUMNS FROM `tp_field` [ RunTime:0.007165s ]
[2023-05-09T23:54:05+08:00][sql] SELECT * FROM `tp_field` WHERE  `module_id` = 20 ORDER BY `sort` ASC,`id` ASC [ RunTime:0.001202s ]
[2023-05-09T23:54:05+08:00][sql] SHOW FULL COLUMNS FROM `tp_system` [ RunTime:0.006063s ]
[2023-05-09T23:54:05+08:00][sql] SELECT * FROM `tp_system` WHERE  `id` = 1 LIMIT 1 [ RunTime:0.000550s ]
[2023-05-09T23:54:05+08:00][sql] SELECT * FROM `tp_auth_rule` WHERE  `auth_open` = 0 [ RunTime:0.000628s ]
[2023-05-09T23:54:05+08:00][sql] SELECT * FROM `tp_auth_rule` [ RunTime:0.000716s ]
[2023-05-09T23:54:05+08:00][sql] SELECT * FROM `tp_auth_rule` WHERE  `name` = 'Article/index' LIMIT 1 [ RunTime:0.000770s ]
[2023-05-09T23:54:05+08:00][sql] SELECT * FROM `tp_auth_rule` WHERE  `id` = 188 LIMIT 1 [ RunTime:0.000392s ]
[2023-05-09T23:54:05+08:00][sql] SELECT * FROM `tp_auth_rule` WHERE  `name` = 'Page' LIMIT 1 [ RunTime:0.000497s ]
[2023-05-09T23:54:05+08:00][sql] SHOW FULL COLUMNS FROM `tp_admin_log` [ RunTime:0.006346s ]
[2023-05-09T23:54:05+08:00][sql] SELECT * FROM `tp_admin_log` WHERE  `admin_id` = 1 ORDER BY `id` DESC LIMIT 1 [ RunTime:0.000447s ]
[2023-05-09T23:54:05+08:00][sql] INSERT INTO `tp_admin_log` SET `title` = '[内容管理] -> [文章模块]' , `content` = '[]' , `url` = '/admin/Article/index.html?_pjax=.content-wrapper' , `admin_id` = 1 , `user_agent` = 'Mozilla/5.0 (Windows NT 10.0; Win64; x64) AppleWebKit/537.36 (KHTML, like Gecko) Chrome/112.0.0.0 Safari/537.36' , `ip` = '127.0.0.1' , `create_time` = 1683647645 , `update_time` = 1683647645 [ RunTime:0.000923s ]
[2023-05-09T23:54:05+08:00][sql] SELECT `pk` FROM `tp_module` WHERE  `table_name` = 'article' LIMIT 1 [ RunTime:0.000476s ]
[2023-05-09T23:54:05+08:00][sql] SELECT * FROM `tp_module` WHERE  `table_name` = 'article' LIMIT 1 [ RunTime:0.000417s ]
[2023-05-09T23:54:05+08:00][sql] SELECT * FROM `tp_field` WHERE  `module_id` = 19 ORDER BY `sort` ASC,`id` ASC [ RunTime:0.000826s ]
[2023-05-09T23:54:05+08:00][sql] SHOW FULL COLUMNS FROM `tp_dictionary` [ RunTime:0.005860s ]
[2023-05-09T23:54:05+08:00][sql] SELECT `dict_value`,`dict_label` FROM `tp_dictionary` WHERE  `dict_type` = '1' ORDER BY `sort` ASC,`id` DESC [ RunTime:0.000486s ]
[2023-05-09T23:54:05+08:00][sql] SELECT * FROM `tp_module` WHERE  `table_name` = 'article' LIMIT 1 [ RunTime:0.000414s ]
[2023-05-09T23:54:05+08:00][sql] SELECT * FROM `tp_field` WHERE  `module_id` = 19 ORDER BY `sort` ASC,`id` ASC [ RunTime:0.000636s ]
[2023-05-09T23:54:05+08:00][sql] SELECT * FROM `tp_module` WHERE  `model_name` = 'Cate' LIMIT 1 [ RunTime:0.000660s ]
[2023-05-09T23:54:05+08:00][sql] SELECT * FROM `tp_field` WHERE  `module_id` = 20  AND `field` = 'sort' LIMIT 1 [ RunTime:0.000680s ]
[2023-05-09T23:54:05+08:00][sql] SELECT * FROM `tp_module` WHERE  `model_name` = 'Cate' LIMIT 1 [ RunTime:0.000373s ]
[2023-05-09T23:54:05+08:00][sql] SELECT `id` FROM `tp_module` WHERE  `model_name` = 'Cate' LIMIT 1 [ RunTime:0.000313s ]
[2023-05-09T23:54:05+08:00][sql] SELECT `field` FROM `tp_field` WHERE  ( field = 'pid' OR field = 'parent_id'  )  AND `module_id` = 20 LIMIT 1 [ RunTime:0.000839s ]
[2023-05-09T23:54:05+08:00][sql] SELECT `id`,`cate_name`,`parent_id` FROM `tp_cate` ORDER BY `sort` ASC,`id` DESC [ RunTime:0.000511s ]
[2023-05-09T23:54:05+08:00][sql] SELECT `id` FROM `tp_cate` WHERE  `module_id` = 19 [ RunTime:0.000494s ]
[2023-05-09T23:54:05+08:00][sql] SELECT `dict_value`,`dict_label` FROM `tp_dictionary` WHERE  `dict_type` = '1' ORDER BY `sort` ASC,`id` DESC [ RunTime:0.000428s ]
[2023-05-09T23:54:05+08:00][sql] SELECT * FROM `tp_module` WHERE  `table_name` = 'article' LIMIT 1 [ RunTime:0.000403s ]
[2023-05-09T23:54:05+08:00][sql] SELECT * FROM `tp_module` WHERE  `model_name` = 'Article' LIMIT 1 [ RunTime:0.000380s ]
[2023-05-09T23:54:05+08:00][sql] SELECT * FROM `tp_module` WHERE  `table_name` = 'article' LIMIT 1 [ RunTime:0.000380s ]
[2023-05-09T23:54:05+08:00][sql] SELECT * FROM `tp_field` WHERE  `module_id` = 19 ORDER BY `sort` ASC,`id` ASC [ RunTime:0.000706s ]
[2023-05-09T23:54:05+08:00][sql] SELECT * FROM `tp_module` WHERE  `model_name` = 'Cate' LIMIT 1 [ RunTime:0.000423s ]
[2023-05-09T23:54:05+08:00][sql] SELECT * FROM `tp_field` WHERE  `module_id` = 20  AND `field` = 'sort' LIMIT 1 [ RunTime:0.000667s ]
[2023-05-09T23:54:05+08:00][sql] SELECT * FROM `tp_module` WHERE  `model_name` = 'Cate' LIMIT 1 [ RunTime:0.000374s ]
[2023-05-09T23:54:05+08:00][sql] SELECT `id` FROM `tp_module` WHERE  `model_name` = 'Cate' LIMIT 1 [ RunTime:0.000311s ]
[2023-05-09T23:54:05+08:00][sql] SELECT `field` FROM `tp_field` WHERE  ( field = 'pid' OR field = 'parent_id'  )  AND `module_id` = 20 LIMIT 1 [ RunTime:0.000389s ]
[2023-05-09T23:54:05+08:00][sql] SELECT `id`,`cate_name`,`parent_id` FROM `tp_cate` ORDER BY `sort` ASC,`id` DESC [ RunTime:0.000334s ]
[2023-05-09T23:54:05+08:00][sql] SELECT `id` FROM `tp_cate` WHERE  `module_id` = 19 [ RunTime:0.000570s ]
[2023-05-09T23:54:05+08:00][sql] SELECT `dict_value`,`dict_label` FROM `tp_dictionary` WHERE  `dict_type` = '1' ORDER BY `sort` ASC,`id` DESC [ RunTime:0.000552s ]
[2023-05-09T23:54:05+08:00][sql] SELECT `pk` FROM `tp_module` WHERE  `table_name` = 'article' LIMIT 1 [ RunTime:0.000597s ]
[2023-05-09T23:54:05+08:00][sql] SELECT * FROM `tp_module` WHERE  `table_name` = 'article' LIMIT 1 [ RunTime:0.000380s ]
[2023-05-09T23:54:05+08:00][info] $data[pid]
[2023-05-09T23:54:05+08:00][info] 188
[2023-05-09T23:54:05+08:00][info] $data[pid]
[2023-05-09T23:54:05+08:00][info] 188
[2023-05-09T23:54:06+08:00][sql] CONNECT:[ UseTime:0.024515s ] mysql:host=127.0.0.1;port=3306;dbname=ztx;charset=utf8mb4
[2023-05-09T23:54:06+08:00][sql] SHOW FULL COLUMNS FROM `tp_auth_rule` [ RunTime:0.007972s ]
[2023-05-09T23:54:06+08:00][sql] SELECT * FROM `tp_auth_rule` WHERE  `status` = 1 ORDER BY `sort` ASC [ RunTime:0.000827s ]
[2023-05-09T23:54:06+08:00][sql] SELECT * FROM `tp_auth_rule` WHERE  `name` = 'Article/index' LIMIT 1 [ RunTime:0.000837s ]
[2023-05-09T23:54:06+08:00][sql] SELECT * FROM `tp_auth_rule` WHERE  `id` = 188 LIMIT 1 [ RunTime:0.000387s ]
[2023-05-09T23:54:06+08:00][sql] SELECT * FROM `tp_auth_rule` WHERE  `name` = 'Page' LIMIT 1 [ RunTime:0.000626s ]
[2023-05-09T23:54:06+08:00][sql] SHOW FULL COLUMNS FROM `tp_module` [ RunTime:0.009118s ]
[2023-05-09T23:54:06+08:00][sql] SELECT * FROM `tp_module` WHERE  `model_name` = 'Article' LIMIT 1 [ RunTime:0.000498s ]
[2023-05-09T23:54:06+08:00][sql] SHOW FULL COLUMNS FROM `tp_cate` [ RunTime:0.006259s ]
[2023-05-09T23:54:06+08:00][sql] SELECT * FROM `tp_cate` ORDER BY `sort`,`id` DESC [ RunTime:0.000966s ]
[2023-05-09T23:54:06+08:00][sql] SELECT * FROM `tp_module` WHERE  `id` IN (18,19,21,22,23,24,25) [ RunTime:0.000652s ]
[2023-05-09T23:54:06+08:00][sql] SELECT * FROM `tp_module` WHERE  `model_name` = 'Cate' LIMIT 1 [ RunTime:0.000627s ]
[2023-05-09T23:54:06+08:00][sql] SELECT * FROM `tp_module` WHERE  `table_name` = 'cate' LIMIT 1 [ RunTime:0.000408s ]
[2023-05-09T23:54:06+08:00][sql] SHOW FULL COLUMNS FROM `tp_field` [ RunTime:0.007886s ]
[2023-05-09T23:54:06+08:00][sql] SELECT * FROM `tp_field` WHERE  `module_id` = 20 ORDER BY `sort` ASC,`id` ASC [ RunTime:0.000965s ]
[2023-05-09T23:54:06+08:00][sql] SHOW FULL COLUMNS FROM `tp_system` [ RunTime:0.006924s ]
[2023-05-09T23:54:06+08:00][sql] SELECT * FROM `tp_system` WHERE  `id` = 1 LIMIT 1 [ RunTime:0.000526s ]
[2023-05-09T23:54:06+08:00][sql] SELECT * FROM `tp_auth_rule` WHERE  `auth_open` = 0 [ RunTime:0.000701s ]
[2023-05-09T23:54:06+08:00][sql] SELECT * FROM `tp_auth_rule` [ RunTime:0.001240s ]
[2023-05-09T23:54:06+08:00][sql] SELECT * FROM `tp_auth_rule` WHERE  `name` = 'Article/index' LIMIT 1 [ RunTime:0.000675s ]
[2023-05-09T23:54:06+08:00][sql] SELECT * FROM `tp_auth_rule` WHERE  `id` = 188 LIMIT 1 [ RunTime:0.000307s ]
[2023-05-09T23:54:06+08:00][sql] SELECT * FROM `tp_auth_rule` WHERE  `name` = 'Page' LIMIT 1 [ RunTime:0.000418s ]
[2023-05-09T23:54:06+08:00][sql] SHOW FULL COLUMNS FROM `tp_admin_log` [ RunTime:0.005991s ]
[2023-05-09T23:54:06+08:00][sql] SELECT * FROM `tp_admin_log` WHERE  `admin_id` = 1 ORDER BY `id` DESC LIMIT 1 [ RunTime:0.000601s ]
[2023-05-09T23:54:06+08:00][sql] INSERT INTO `tp_admin_log` SET `title` = '[内容管理] -> [文章模块]' , `content` = '{"getList":"1","pageSize":"10","page":1,"orderByColumn":"id","isAsc":"desc","cate_id":"","title":"","status":""}' , `url` = '/admin/Article/index.html?getList=1' , `admin_id` = 1 , `user_agent` = 'Mozilla/5.0 (Windows NT 10.0; Win64; x64) AppleWebKit/537.36 (KHTML, like Gecko) Chrome/112.0.0.0 Safari/537.36' , `ip` = '127.0.0.1' , `create_time` = 1683647646 , `update_time` = 1683647646 [ RunTime:0.001080s ]
[2023-05-09T23:54:06+08:00][sql] SELECT `pk` FROM `tp_module` WHERE  `table_name` = 'article' LIMIT 1 [ RunTime:0.000563s ]
[2023-05-09T23:54:06+08:00][sql] SELECT * FROM `tp_module` WHERE  `table_name` = 'article' LIMIT 1 [ RunTime:0.000371s ]
[2023-05-09T23:54:06+08:00][sql] SELECT * FROM `tp_field` WHERE  `module_id` = 19 ORDER BY `sort` ASC,`id` ASC [ RunTime:0.000723s ]
[2023-05-09T23:54:06+08:00][sql] SHOW FULL COLUMNS FROM `tp_dictionary` [ RunTime:0.006177s ]
[2023-05-09T23:54:06+08:00][sql] SELECT `dict_value`,`dict_label` FROM `tp_dictionary` WHERE  `dict_type` = '1' ORDER BY `sort` ASC,`id` DESC [ RunTime:0.000654s ]
[2023-05-09T23:54:06+08:00][sql] SELECT * FROM `tp_module` WHERE  `table_name` = 'article' LIMIT 1 [ RunTime:0.000609s ]
[2023-05-09T23:54:06+08:00][sql] SELECT * FROM `tp_field` WHERE  `module_id` = 19 ORDER BY `sort` ASC,`id` ASC [ RunTime:0.000669s ]
[2023-05-09T23:54:06+08:00][sql] SELECT * FROM `tp_module` WHERE  `model_name` = 'Cate' LIMIT 1 [ RunTime:0.000873s ]
[2023-05-09T23:54:06+08:00][sql] SELECT * FROM `tp_field` WHERE  `module_id` = 20  AND `field` = 'sort' LIMIT 1 [ RunTime:0.001305s ]
[2023-05-09T23:54:06+08:00][sql] SELECT * FROM `tp_module` WHERE  `model_name` = 'Cate' LIMIT 1 [ RunTime:0.000653s ]
[2023-05-09T23:54:06+08:00][sql] SELECT `id` FROM `tp_module` WHERE  `model_name` = 'Cate' LIMIT 1 [ RunTime:0.000416s ]
[2023-05-09T23:54:06+08:00][sql] SELECT `field` FROM `tp_field` WHERE  ( field = 'pid' OR field = 'parent_id'  )  AND `module_id` = 20 LIMIT 1 [ RunTime:0.000546s ]
[2023-05-09T23:54:06+08:00][sql] SELECT `id`,`cate_name`,`parent_id` FROM `tp_cate` ORDER BY `sort` ASC,`id` DESC [ RunTime:0.000326s ]
[2023-05-09T23:54:06+08:00][sql] SELECT `id` FROM `tp_cate` WHERE  `module_id` = 19 [ RunTime:0.000298s ]
[2023-05-09T23:54:06+08:00][sql] SELECT `dict_value`,`dict_label` FROM `tp_dictionary` WHERE  `dict_type` = '1' ORDER BY `sort` ASC,`id` DESC [ RunTime:0.000323s ]
[2023-05-09T23:54:06+08:00][sql] SELECT * FROM `tp_module` WHERE  `table_name` = 'article' LIMIT 1 [ RunTime:0.000359s ]
[2023-05-09T23:54:06+08:00][sql] SELECT * FROM `tp_module` WHERE  `table_name` = 'article' LIMIT 1 [ RunTime:0.000343s ]
[2023-05-09T23:54:06+08:00][sql] SELECT * FROM `tp_field` WHERE  `module_id` = 19 ORDER BY `sort` ASC,`id` ASC [ RunTime:0.000593s ]
[2023-05-09T23:54:06+08:00][sql] SELECT * FROM `tp_module` WHERE  `model_name` = 'Cate' LIMIT 1 [ RunTime:0.000390s ]
[2023-05-09T23:54:06+08:00][sql] SELECT * FROM `tp_field` WHERE  `module_id` = 20  AND `field` = 'sort' LIMIT 1 [ RunTime:0.000723s ]
[2023-05-09T23:54:06+08:00][sql] SELECT * FROM `tp_module` WHERE  `model_name` = 'Cate' LIMIT 1 [ RunTime:0.000427s ]
[2023-05-09T23:54:06+08:00][sql] SELECT `id` FROM `tp_module` WHERE  `model_name` = 'Cate' LIMIT 1 [ RunTime:0.000483s ]
[2023-05-09T23:54:06+08:00][sql] SELECT `field` FROM `tp_field` WHERE  ( field = 'pid' OR field = 'parent_id'  )  AND `module_id` = 20 LIMIT 1 [ RunTime:0.000584s ]
[2023-05-09T23:54:06+08:00][sql] SELECT `id`,`cate_name`,`parent_id` FROM `tp_cate` ORDER BY `sort` ASC,`id` DESC [ RunTime:0.000352s ]
[2023-05-09T23:54:06+08:00][sql] SELECT `id` FROM `tp_cate` WHERE  `module_id` = 19 [ RunTime:0.000298s ]
[2023-05-09T23:54:06+08:00][sql] SELECT `dict_value`,`dict_label` FROM `tp_dictionary` WHERE  `dict_type` = '1' ORDER BY `sort` ASC,`id` DESC [ RunTime:0.000333s ]
[2023-05-09T23:54:06+08:00][sql] SELECT `pk` FROM `tp_module` WHERE  `table_name` = 'article' LIMIT 1 [ RunTime:0.000298s ]
[2023-05-09T23:54:06+08:00][sql] SELECT `id` FROM `tp_module` WHERE  `model_name` = 'Article' LIMIT 1 [ RunTime:0.000738s ]
[2023-05-09T23:54:06+08:00][sql] SELECT * FROM `tp_field` WHERE  `module_id` = 19 [ RunTime:0.001569s ]
[2023-05-09T23:54:06+08:00][sql] SHOW FULL COLUMNS FROM `tp_article` [ RunTime:0.006538s ]
[2023-05-09T23:54:06+08:00][sql] SELECT COUNT(*) AS think_count FROM `tp_article` `Article` LIMIT 1 [ RunTime:0.000513s ]
[2023-05-09T23:54:06+08:00][sql] SELECT * FROM `tp_article` `Article` ORDER BY `id` DESC LIMIT 0,10 [ RunTime:0.000457s ]
[2023-05-09T23:54:06+08:00][sql] SELECT * FROM `tp_cate` WHERE  `id` IN (6,5) [ RunTime:0.000412s ]
[2023-05-09T23:54:06+08:00][sql] SHOW FULL COLUMNS FROM `tp_users_type` [ RunTime:0.007393s ]
[2023-05-09T23:54:06+08:00][sql] SELECT * FROM `tp_users_type` WHERE  `id` IN (0,1) [ RunTime:0.000477s ]
[2023-05-09T23:54:06+08:00][sql] SELECT * FROM `tp_module` WHERE  `model_name` = 'Article' LIMIT 1 [ RunTime:0.000478s ]
[2023-05-09T23:54:06+08:00][sql] SELECT * FROM `tp_module` WHERE  `table_name` = 'article' LIMIT 1 [ RunTime:0.000344s ]
[2023-05-09T23:54:06+08:00][sql] SELECT * FROM `tp_field` WHERE  `module_id` = 19 ORDER BY `sort` ASC,`id` ASC [ RunTime:0.000597s ]
[2023-05-09T23:54:06+08:00][info] $data[pid]
[2023-05-09T23:54:06+08:00][info] 188
[2023-05-09T23:54:06+08:00][info] $data[pid]
[2023-05-09T23:54:06+08:00][info] 188
[2023-05-09T23:54:09+08:00][sql] CONNECT:[ UseTime:0.001153s ] mysql:host=127.0.0.1;port=3306;dbname=ztx;charset=utf8mb4
[2023-05-09T23:54:09+08:00][sql] SHOW FULL COLUMNS FROM `tp_auth_rule` [ RunTime:0.011381s ]
[2023-05-09T23:54:09+08:00][sql] SELECT * FROM `tp_auth_rule` WHERE  `status` = 1 ORDER BY `sort` ASC [ RunTime:0.000957s ]
[2023-05-09T23:54:09+08:00][sql] SELECT * FROM `tp_auth_rule` WHERE  `name` = 'Article/add' LIMIT 1 [ RunTime:0.001062s ]
[2023-05-09T23:54:09+08:00][sql] SELECT * FROM `tp_auth_rule` WHERE  `id` = 199 LIMIT 1 [ RunTime:0.000615s ]
[2023-05-09T23:54:09+08:00][sql] SELECT * FROM `tp_auth_rule` WHERE  `name` = 'Article/index' LIMIT 1 [ RunTime:0.000879s ]
[2023-05-09T23:54:09+08:00][sql] SELECT * FROM `tp_auth_rule` WHERE  `id` = 188 LIMIT 1 [ RunTime:0.000473s ]
[2023-05-09T23:54:09+08:00][sql] SELECT * FROM `tp_auth_rule` WHERE  `name` = 'Page' LIMIT 1 [ RunTime:0.000739s ]
[2023-05-09T23:54:09+08:00][sql] SHOW FULL COLUMNS FROM `tp_module` [ RunTime:0.009959s ]
[2023-05-09T23:54:09+08:00][sql] SELECT * FROM `tp_module` WHERE  `model_name` = 'Article' LIMIT 1 [ RunTime:0.000653s ]
[2023-05-09T23:54:09+08:00][sql] SHOW FULL COLUMNS FROM `tp_cate` [ RunTime:0.007997s ]
[2023-05-09T23:54:09+08:00][sql] SELECT * FROM `tp_cate` ORDER BY `sort`,`id` DESC [ RunTime:0.000703s ]
[2023-05-09T23:54:09+08:00][sql] SELECT * FROM `tp_module` WHERE  `id` IN (18,19,21,22,23,24,25) [ RunTime:0.000835s ]
[2023-05-09T23:54:09+08:00][sql] SELECT * FROM `tp_module` WHERE  `model_name` = 'Cate' LIMIT 1 [ RunTime:0.000772s ]
[2023-05-09T23:54:09+08:00][sql] SELECT * FROM `tp_module` WHERE  `table_name` = 'cate' LIMIT 1 [ RunTime:0.000509s ]
[2023-05-09T23:54:09+08:00][sql] SHOW FULL COLUMNS FROM `tp_field` [ RunTime:0.009121s ]
[2023-05-09T23:54:09+08:00][sql] SELECT * FROM `tp_field` WHERE  `module_id` = 20 ORDER BY `sort` ASC,`id` ASC [ RunTime:0.001139s ]
[2023-05-09T23:54:09+08:00][sql] SHOW FULL COLUMNS FROM `tp_system` [ RunTime:0.009166s ]
[2023-05-09T23:54:09+08:00][sql] SELECT * FROM `tp_system` WHERE  `id` = 1 LIMIT 1 [ RunTime:0.001192s ]
[2023-05-09T23:54:09+08:00][sql] SELECT * FROM `tp_auth_rule` WHERE  `auth_open` = 0 [ RunTime:0.001011s ]
[2023-05-09T23:54:09+08:00][sql] SELECT * FROM `tp_auth_rule` [ RunTime:0.001197s ]
[2023-05-09T23:54:09+08:00][sql] SELECT * FROM `tp_auth_rule` WHERE  `name` = 'Article/add' LIMIT 1 [ RunTime:0.000985s ]
[2023-05-09T23:54:09+08:00][sql] SELECT * FROM `tp_auth_rule` WHERE  `id` = 199 LIMIT 1 [ RunTime:0.000595s ]
[2023-05-09T23:54:09+08:00][sql] SELECT * FROM `tp_auth_rule` WHERE  `name` = 'Article/index' LIMIT 1 [ RunTime:0.000859s ]
[2023-05-09T23:54:09+08:00][sql] SELECT * FROM `tp_auth_rule` WHERE  `id` = 188 LIMIT 1 [ RunTime:0.000525s ]
[2023-05-09T23:54:09+08:00][sql] SELECT * FROM `tp_auth_rule` WHERE  `name` = 'Page' LIMIT 1 [ RunTime:0.001006s ]
[2023-05-09T23:54:09+08:00][sql] SHOW FULL COLUMNS FROM `tp_admin_log` [ RunTime:0.009518s ]
[2023-05-09T23:54:09+08:00][sql] SELECT * FROM `tp_admin_log` WHERE  `admin_id` = 1 ORDER BY `id` DESC LIMIT 1 [ RunTime:0.000594s ]
[2023-05-09T23:54:09+08:00][sql] INSERT INTO `tp_admin_log` SET `title` = '[内容管理] -> [文章模块] -> [操作-添加]' , `content` = '{"_layer":"1"}' , `url` = '/admin/Article/add.html?&_layer=1' , `admin_id` = 1 , `user_agent` = 'Mozilla/5.0 (Windows NT 10.0; Win64; x64) AppleWebKit/537.36 (KHTML, like Gecko) Chrome/112.0.0.0 Safari/537.36' , `ip` = '127.0.0.1' , `create_time` = 1683647649 , `update_time` = 1683647649 [ RunTime:0.000923s ]
[2023-05-09T23:54:09+08:00][sql] SELECT * FROM `tp_module` WHERE  `table_name` = 'article' LIMIT 1 [ RunTime:0.001134s ]
[2023-05-09T23:54:09+08:00][sql] SELECT * FROM `tp_module` WHERE  `table_name` = 'article' LIMIT 1 [ RunTime:0.000694s ]
[2023-05-09T23:54:09+08:00][sql] SELECT * FROM `tp_field` WHERE  `module_id` = 19 ORDER BY `sort` ASC,`id` ASC [ RunTime:0.001050s ]
[2023-05-09T23:54:09+08:00][sql] SELECT * FROM `tp_module` WHERE  `model_name` = 'Cate' LIMIT 1 [ RunTime:0.000541s ]
[2023-05-09T23:54:09+08:00][sql] SELECT * FROM `tp_field` WHERE  `module_id` = 20  AND `field` = 'sort' LIMIT 1 [ RunTime:0.001558s ]
[2023-05-09T23:54:09+08:00][sql] SELECT * FROM `tp_module` WHERE  `model_name` = 'Cate' LIMIT 1 [ RunTime:0.000479s ]
[2023-05-09T23:54:09+08:00][sql] SELECT `id` FROM `tp_module` WHERE  `model_name` = 'Cate' LIMIT 1 [ RunTime:0.000374s ]
[2023-05-09T23:54:09+08:00][sql] SELECT `field` FROM `tp_field` WHERE  ( field = 'pid' OR field = 'parent_id'  )  AND `module_id` = 20 LIMIT 1 [ RunTime:0.000684s ]
[2023-05-09T23:54:09+08:00][sql] SELECT `id`,`cate_name`,`parent_id` FROM `tp_cate` ORDER BY `sort` ASC,`id` DESC [ RunTime:0.000794s ]
[2023-05-09T23:54:09+08:00][sql] SELECT `id` FROM `tp_cate` WHERE  `module_id` = 19 [ RunTime:0.000476s ]
[2023-05-09T23:54:09+08:00][sql] SELECT * FROM `tp_module` WHERE  `model_name` = 'UsersType' LIMIT 1 [ RunTime:0.000457s ]
[2023-05-09T23:54:09+08:00][sql] SELECT * FROM `tp_field` WHERE  `module_id` = 6  AND `field` = 'sort' LIMIT 1 [ RunTime:0.000645s ]
[2023-05-09T23:54:09+08:00][sql] SELECT * FROM `tp_module` WHERE  `model_name` = 'UsersType' LIMIT 1 [ RunTime:0.001506s ]
[2023-05-09T23:54:09+08:00][sql] SELECT `id` FROM `tp_module` WHERE  `model_name` = 'UsersType' LIMIT 1 [ RunTime:0.001216s ]
[2023-05-09T23:54:09+08:00][sql] SELECT `field` FROM `tp_field` WHERE  ( field = 'pid' OR field = 'parent_id'  )  AND `module_id` = 6 LIMIT 1 [ RunTime:0.001318s ]
[2023-05-09T23:54:09+08:00][sql] SHOW FULL COLUMNS FROM `tp_users_type` [ RunTime:0.007805s ]
[2023-05-09T23:54:09+08:00][sql] SELECT `id`,`name` FROM `tp_users_type` ORDER BY `sort` ASC,`id` DESC [ RunTime:0.000534s ]
[2023-05-09T23:54:09+08:00][sql] SHOW FULL COLUMNS FROM `tp_dictionary` [ RunTime:0.010155s ]
[2023-05-09T23:54:09+08:00][sql] SELECT `dict_value`,`dict_label` FROM `tp_dictionary` WHERE  `dict_type` = '1' ORDER BY `sort` ASC,`id` DESC [ RunTime:0.000568s ]
[2023-05-09T23:54:09+08:00][sql] SELECT * FROM `tp_module` WHERE  `model_name` = 'Article' LIMIT 1 [ RunTime:0.000508s ]
[2023-05-09T23:54:09+08:00][sql] SHOW FULL COLUMNS FROM `tp_field_group` [ RunTime:0.009108s ]
[2023-05-09T23:54:09+08:00][sql] SELECT * FROM `tp_field_group` WHERE  `module_id` = 19 ORDER BY `sort` ASC,`id` DESC [ RunTime:0.000561s ]
[2023-05-09T23:54:09+08:00][sql] SELECT * FROM `tp_module` WHERE  `table_name` = 'article' LIMIT 1 [ RunTime:0.000461s ]
[2023-05-09T23:54:09+08:00][sql] SELECT * FROM `tp_field` WHERE  `module_id` = 19 ORDER BY `sort` ASC,`id` ASC [ RunTime:0.000726s ]
[2023-05-09T23:54:09+08:00][sql] SELECT * FROM `tp_module` WHERE  `table_name` = 'article' LIMIT 1 [ RunTime:0.000516s ]
[2023-05-09T23:54:09+08:00][sql] SHOW FULL COLUMNS FROM `tp_article` [ RunTime:0.008530s ]
[2023-05-09T23:54:09+08:00][sql] SELECT MAX(`sort`) AS think_max FROM `tp_article` LIMIT 1 [ RunTime:0.000929s ]
[2023-05-09T23:54:09+08:00][info] $data[pid]
[2023-05-09T23:54:09+08:00][info] 199
[2023-05-09T23:54:09+08:00][info] $data[pid]
[2023-05-09T23:54:09+08:00][info] 188
[2023-05-09T23:54:09+08:00][info] $data[pid]
[2023-05-09T23:54:09+08:00][info] 199
[2023-05-09T23:54:09+08:00][info] $data[pid]
[2023-05-09T23:54:09+08:00][info] 188
[2023-05-09T23:54:12+08:00][sql] CONNECT:[ UseTime:0.000858s ] mysql:host=127.0.0.1;port=3306;dbname=ztx;charset=utf8mb4
[2023-05-09T23:54:12+08:00][sql] SHOW FULL COLUMNS FROM `tp_auth_rule` [ RunTime:0.011436s ]
[2023-05-09T23:54:12+08:00][sql] SELECT * FROM `tp_auth_rule` WHERE  `status` = 1 ORDER BY `sort` ASC [ RunTime:0.000881s ]
[2023-05-09T23:54:12+08:00][sql] SELECT * FROM `tp_auth_rule` WHERE  `name` = 'Article/addPost' LIMIT 1 [ RunTime:0.001222s ]
[2023-05-09T23:54:12+08:00][sql] SELECT * FROM `tp_auth_rule` WHERE  `id` = 199 LIMIT 1 [ RunTime:0.000520s ]
[2023-05-09T23:54:12+08:00][sql] SELECT * FROM `tp_auth_rule` WHERE  `name` = 'Article/index' LIMIT 1 [ RunTime:0.000766s ]
[2023-05-09T23:54:12+08:00][sql] SELECT * FROM `tp_auth_rule` WHERE  `id` = 188 LIMIT 1 [ RunTime:0.000434s ]
[2023-05-09T23:54:12+08:00][sql] SELECT * FROM `tp_auth_rule` WHERE  `name` = 'Page' LIMIT 1 [ RunTime:0.000662s ]
[2023-05-09T23:54:12+08:00][sql] SHOW FULL COLUMNS FROM `tp_module` [ RunTime:0.009207s ]
[2023-05-09T23:54:12+08:00][sql] SELECT * FROM `tp_module` WHERE  `model_name` = 'Article' LIMIT 1 [ RunTime:0.000591s ]
[2023-05-09T23:54:12+08:00][sql] SHOW FULL COLUMNS FROM `tp_cate` [ RunTime:0.006552s ]
[2023-05-09T23:54:12+08:00][sql] SELECT * FROM `tp_cate` ORDER BY `sort`,`id` DESC [ RunTime:0.000664s ]
[2023-05-09T23:54:12+08:00][sql] SELECT * FROM `tp_module` WHERE  `id` IN (18,19,21,22,23,24,25) [ RunTime:0.000719s ]
[2023-05-09T23:54:12+08:00][sql] SELECT * FROM `tp_module` WHERE  `model_name` = 'Cate' LIMIT 1 [ RunTime:0.000761s ]
[2023-05-09T23:54:12+08:00][sql] SELECT * FROM `tp_module` WHERE  `table_name` = 'cate' LIMIT 1 [ RunTime:0.000497s ]
[2023-05-09T23:54:12+08:00][sql] SHOW FULL COLUMNS FROM `tp_field` [ RunTime:0.007666s ]
[2023-05-09T23:54:12+08:00][sql] SELECT * FROM `tp_field` WHERE  `module_id` = 20 ORDER BY `sort` ASC,`id` ASC [ RunTime:0.000884s ]
[2023-05-09T23:54:12+08:00][sql] SHOW FULL COLUMNS FROM `tp_system` [ RunTime:0.008183s ]
[2023-05-09T23:54:12+08:00][sql] SELECT * FROM `tp_system` WHERE  `id` = 1 LIMIT 1 [ RunTime:0.000659s ]
[2023-05-09T23:54:12+08:00][sql] SELECT * FROM `tp_auth_rule` WHERE  `auth_open` = 0 [ RunTime:0.000813s ]
[2023-05-09T23:54:12+08:00][sql] SELECT * FROM `tp_auth_rule` [ RunTime:0.001107s ]
[2023-05-09T23:54:12+08:00][sql] SELECT * FROM `tp_auth_rule` WHERE  `name` = 'Article/addPost' LIMIT 1 [ RunTime:0.000915s ]
[2023-05-09T23:54:12+08:00][sql] SELECT * FROM `tp_auth_rule` WHERE  `id` = 199 LIMIT 1 [ RunTime:0.000575s ]
[2023-05-09T23:54:12+08:00][sql] SELECT * FROM `tp_auth_rule` WHERE  `name` = 'Article/index' LIMIT 1 [ RunTime:0.000711s ]
[2023-05-09T23:54:12+08:00][sql] SELECT * FROM `tp_auth_rule` WHERE  `id` = 188 LIMIT 1 [ RunTime:0.000569s ]
[2023-05-09T23:54:12+08:00][sql] SELECT * FROM `tp_auth_rule` WHERE  `name` = 'Page' LIMIT 1 [ RunTime:0.000943s ]
[2023-05-09T23:54:12+08:00][sql] SHOW FULL COLUMNS FROM `tp_admin_log` [ RunTime:0.007754s ]
[2023-05-09T23:54:12+08:00][sql] SELECT * FROM `tp_admin_log` WHERE  `admin_id` = 1 ORDER BY `id` DESC LIMIT 1 [ RunTime:0.000558s ]
[2023-05-09T23:54:12+08:00][sql] INSERT INTO `tp_admin_log` SET `title` = '[内容管理] -> [文章模块] -> [操作-添加保存]' , `content` = '{"cate_id":"","title":"","author":"","source":"","content":"","summary":"","image":"","file":"","upload_type":"image","images":[""],"images_title":[""],"images_small":[""],"site_img_choose":"","download":"","tags":"","hits":"0","keywords":"","description":"","template":"","url":"","view_auth":"","status":"1","sort":"51"}' , `url` = '/admin/Article/addPost.html' , `admin_id` = 1 , `user_agent` = 'Mozilla/5.0 (Windows NT 10.0; Win64; x64) AppleWebKit/537.36 (KHTML, like Gecko) Chrome/112.0.0.0 Safari/537.36' , `ip` = '127.0.0.1' , `create_time` = 1683647652 , `update_time` = 1683647652 [ RunTime:0.000926s ]
[2023-05-09T23:54:12+08:00][sql] SELECT * FROM `tp_module` WHERE  `table_name` = 'article' LIMIT 1 [ RunTime:0.000680s ]
[2023-05-09T23:54:12+08:00][sql] SELECT * FROM `tp_field` WHERE  `module_id` = 19 ORDER BY `sort` ASC,`id` ASC [ RunTime:0.000761s ]
[2023-05-09T23:54:12+08:00][info] $data[pid]
[2023-05-09T23:54:12+08:00][info] 199
[2023-05-09T23:54:12+08:00][info] $data[pid]
[2023-05-09T23:54:12+08:00][info] 188
[2023-05-09T23:54:12+08:00][info] $data[pid]
[2023-05-09T23:54:12+08:00][info] 199
[2023-05-09T23:54:12+08:00][info] $data[pid]
[2023-05-09T23:54:12+08:00][info] 188
[2023-05-09T23:54:20+08:00][sql] CONNECT:[ UseTime:0.017447s ] mysql:host=127.0.0.1;port=3306;dbname=ztx;charset=utf8mb4
[2023-05-09T23:54:20+08:00][sql] SHOW FULL COLUMNS FROM `tp_auth_rule` [ RunTime:0.010660s ]
[2023-05-09T23:54:20+08:00][sql] SELECT * FROM `tp_auth_rule` WHERE  `status` = 1 ORDER BY `sort` ASC [ RunTime:0.000862s ]
[2023-05-09T23:54:20+08:00][sql] SELECT * FROM `tp_auth_rule` WHERE  `name` = 'Article/addPost' LIMIT 1 [ RunTime:0.000964s ]
[2023-05-09T23:54:20+08:00][sql] SELECT * FROM `tp_auth_rule` WHERE  `id` = 199 LIMIT 1 [ RunTime:0.000443s ]
[2023-05-09T23:54:20+08:00][sql] SELECT * FROM `tp_auth_rule` WHERE  `name` = 'Article/index' LIMIT 1 [ RunTime:0.000764s ]
[2023-05-09T23:54:20+08:00][sql] SELECT * FROM `tp_auth_rule` WHERE  `id` = 188 LIMIT 1 [ RunTime:0.000431s ]
[2023-05-09T23:54:20+08:00][sql] SELECT * FROM `tp_auth_rule` WHERE  `name` = 'Page' LIMIT 1 [ RunTime:0.000708s ]
[2023-05-09T23:54:20+08:00][sql] SHOW FULL COLUMNS FROM `tp_module` [ RunTime:0.008052s ]
[2023-05-09T23:54:20+08:00][sql] SELECT * FROM `tp_module` WHERE  `model_name` = 'Article' LIMIT 1 [ RunTime:0.001022s ]
[2023-05-09T23:54:20+08:00][sql] SHOW FULL COLUMNS FROM `tp_cate` [ RunTime:0.008875s ]
[2023-05-09T23:54:20+08:00][sql] SELECT * FROM `tp_cate` ORDER BY `sort`,`id` DESC [ RunTime:0.000718s ]
[2023-05-09T23:54:20+08:00][sql] SELECT * FROM `tp_module` WHERE  `id` IN (18,19,21,22,23,24,25) [ RunTime:0.000831s ]
[2023-05-09T23:54:20+08:00][sql] SELECT * FROM `tp_module` WHERE  `model_name` = 'Cate' LIMIT 1 [ RunTime:0.000867s ]
[2023-05-09T23:54:20+08:00][sql] SELECT * FROM `tp_module` WHERE  `table_name` = 'cate' LIMIT 1 [ RunTime:0.000564s ]
[2023-05-09T23:54:20+08:00][sql] SHOW FULL COLUMNS FROM `tp_field` [ RunTime:0.010611s ]
[2023-05-09T23:54:20+08:00][sql] SELECT * FROM `tp_field` WHERE  `module_id` = 20 ORDER BY `sort` ASC,`id` ASC [ RunTime:0.001320s ]
[2023-05-09T23:54:20+08:00][sql] SHOW FULL COLUMNS FROM `tp_system` [ RunTime:0.010208s ]
[2023-05-09T23:54:20+08:00][sql] SELECT * FROM `tp_system` WHERE  `id` = 1 LIMIT 1 [ RunTime:0.000916s ]
[2023-05-09T23:54:20+08:00][sql] SELECT * FROM `tp_auth_rule` WHERE  `auth_open` = 0 [ RunTime:0.000782s ]
[2023-05-09T23:54:20+08:00][sql] SELECT * FROM `tp_auth_rule` [ RunTime:0.001022s ]
[2023-05-09T23:54:20+08:00][sql] SELECT * FROM `tp_auth_rule` WHERE  `name` = 'Article/addPost' LIMIT 1 [ RunTime:0.001036s ]
[2023-05-09T23:54:20+08:00][sql] SELECT * FROM `tp_auth_rule` WHERE  `id` = 199 LIMIT 1 [ RunTime:0.000820s ]
[2023-05-09T23:54:20+08:00][sql] SELECT * FROM `tp_auth_rule` WHERE  `name` = 'Article/index' LIMIT 1 [ RunTime:0.001268s ]
[2023-05-09T23:54:20+08:00][sql] SELECT * FROM `tp_auth_rule` WHERE  `id` = 188 LIMIT 1 [ RunTime:0.000641s ]
[2023-05-09T23:54:20+08:00][sql] SELECT * FROM `tp_auth_rule` WHERE  `name` = 'Page' LIMIT 1 [ RunTime:0.000582s ]
[2023-05-09T23:54:20+08:00][sql] SHOW FULL COLUMNS FROM `tp_admin_log` [ RunTime:0.008638s ]
[2023-05-09T23:54:20+08:00][sql] SELECT * FROM `tp_admin_log` WHERE  `admin_id` = 1 ORDER BY `id` DESC LIMIT 1 [ RunTime:0.000622s ]
[2023-05-09T23:54:20+08:00][sql] SELECT * FROM `tp_module` WHERE  `table_name` = 'article' LIMIT 1 [ RunTime:0.000671s ]
[2023-05-09T23:54:20+08:00][sql] SELECT * FROM `tp_field` WHERE  `module_id` = 19 ORDER BY `sort` ASC,`id` ASC [ RunTime:0.000791s ]
[2023-05-09T23:54:20+08:00][info] $data[pid]
[2023-05-09T23:54:20+08:00][info] 199
[2023-05-09T23:54:20+08:00][info] $data[pid]
[2023-05-09T23:54:20+08:00][info] 188
[2023-05-09T23:54:20+08:00][info] $data[pid]
[2023-05-09T23:54:20+08:00][info] 199
[2023-05-09T23:54:20+08:00][info] $data[pid]
[2023-05-09T23:54:20+08:00][info] 188
[2023-05-09T23:54:55+08:00][sql] CONNECT:[ UseTime:0.012732s ] mysql:host=127.0.0.1;port=3306;dbname=ztx;charset=utf8mb4
[2023-05-09T23:54:55+08:00][sql] SHOW FULL COLUMNS FROM `tp_auth_rule` [ RunTime:0.009466s ]
[2023-05-09T23:54:55+08:00][sql] SELECT * FROM `tp_auth_rule` WHERE  `status` = 1 ORDER BY `sort` ASC [ RunTime:0.000850s ]
[2023-05-09T23:54:55+08:00][sql] SELECT * FROM `tp_auth_rule` WHERE  `name` = 'Article/addPost' LIMIT 1 [ RunTime:0.001102s ]
[2023-05-09T23:54:55+08:00][sql] SELECT * FROM `tp_auth_rule` WHERE  `id` = 199 LIMIT 1 [ RunTime:0.000513s ]
[2023-05-09T23:54:55+08:00][sql] SELECT * FROM `tp_auth_rule` WHERE  `name` = 'Article/index' LIMIT 1 [ RunTime:0.000807s ]
[2023-05-09T23:54:55+08:00][sql] SELECT * FROM `tp_auth_rule` WHERE  `id` = 188 LIMIT 1 [ RunTime:0.000642s ]
[2023-05-09T23:54:55+08:00][sql] SELECT * FROM `tp_auth_rule` WHERE  `name` = 'Page' LIMIT 1 [ RunTime:0.000711s ]
[2023-05-09T23:54:55+08:00][sql] SHOW FULL COLUMNS FROM `tp_module` [ RunTime:0.006728s ]
[2023-05-09T23:54:55+08:00][sql] SELECT * FROM `tp_module` WHERE  `model_name` = 'Article' LIMIT 1 [ RunTime:0.000639s ]
[2023-05-09T23:54:55+08:00][sql] SHOW FULL COLUMNS FROM `tp_cate` [ RunTime:0.006799s ]
[2023-05-09T23:54:55+08:00][sql] SELECT * FROM `tp_cate` ORDER BY `sort`,`id` DESC [ RunTime:0.000697s ]
[2023-05-09T23:54:55+08:00][sql] SELECT * FROM `tp_module` WHERE  `id` IN (18,19,21,22,23,24,25) [ RunTime:0.000809s ]
[2023-05-09T23:54:55+08:00][sql] SELECT * FROM `tp_module` WHERE  `model_name` = 'Cate' LIMIT 1 [ RunTime:0.000878s ]
[2023-05-09T23:54:55+08:00][sql] SELECT * FROM `tp_module` WHERE  `table_name` = 'cate' LIMIT 1 [ RunTime:0.000693s ]
[2023-05-09T23:54:55+08:00][sql] SHOW FULL COLUMNS FROM `tp_field` [ RunTime:0.009048s ]
[2023-05-09T23:54:55+08:00][sql] SELECT * FROM `tp_field` WHERE  `module_id` = 20 ORDER BY `sort` ASC,`id` ASC [ RunTime:0.000962s ]
[2023-05-09T23:54:55+08:00][sql] SHOW FULL COLUMNS FROM `tp_system` [ RunTime:0.008762s ]
[2023-05-09T23:54:55+08:00][sql] SELECT * FROM `tp_system` WHERE  `id` = 1 LIMIT 1 [ RunTime:0.000679s ]
[2023-05-09T23:54:55+08:00][sql] SELECT * FROM `tp_auth_rule` WHERE  `auth_open` = 0 [ RunTime:0.000889s ]
[2023-05-09T23:54:55+08:00][sql] SELECT * FROM `tp_auth_rule` [ RunTime:0.001169s ]
[2023-05-09T23:54:55+08:00][sql] SELECT * FROM `tp_auth_rule` WHERE  `name` = 'Article/addPost' LIMIT 1 [ RunTime:0.001255s ]
[2023-05-09T23:54:55+08:00][sql] SELECT * FROM `tp_auth_rule` WHERE  `id` = 199 LIMIT 1 [ RunTime:0.000479s ]
[2023-05-09T23:54:55+08:00][sql] SELECT * FROM `tp_auth_rule` WHERE  `name` = 'Article/index' LIMIT 1 [ RunTime:0.000533s ]
[2023-05-09T23:54:55+08:00][sql] SELECT * FROM `tp_auth_rule` WHERE  `id` = 188 LIMIT 1 [ RunTime:0.000394s ]
[2023-05-09T23:54:55+08:00][sql] SELECT * FROM `tp_auth_rule` WHERE  `name` = 'Page' LIMIT 1 [ RunTime:0.000521s ]
[2023-05-09T23:54:55+08:00][sql] SHOW FULL COLUMNS FROM `tp_admin_log` [ RunTime:0.006792s ]
[2023-05-09T23:54:55+08:00][sql] SELECT * FROM `tp_admin_log` WHERE  `admin_id` = 1 ORDER BY `id` DESC LIMIT 1 [ RunTime:0.000544s ]
[2023-05-09T23:54:55+08:00][sql] SELECT * FROM `tp_module` WHERE  `table_name` = 'article' LIMIT 1 [ RunTime:0.000464s ]
[2023-05-09T23:54:55+08:00][sql] SELECT * FROM `tp_field` WHERE  `module_id` = 19 ORDER BY `sort` ASC,`id` ASC [ RunTime:0.000926s ]
[2023-05-09T23:54:55+08:00][info] $data[pid]
[2023-05-09T23:54:55+08:00][info] 199
[2023-05-09T23:54:55+08:00][info] $data[pid]
[2023-05-09T23:54:55+08:00][info] 188
[2023-05-09T23:54:55+08:00][info] $data[pid]
[2023-05-09T23:54:55+08:00][info] 199
[2023-05-09T23:54:55+08:00][info] $data[pid]
[2023-05-09T23:54:55+08:00][info] 188
[2023-05-09T23:55:03+08:00][sql] CONNECT:[ UseTime:0.011017s ] mysql:host=127.0.0.1;port=3306;dbname=ztx;charset=utf8mb4
[2023-05-09T23:55:03+08:00][sql] SHOW FULL COLUMNS FROM `tp_auth_rule` [ RunTime:0.007997s ]
[2023-05-09T23:55:03+08:00][sql] SELECT * FROM `tp_auth_rule` WHERE  `status` = 1 ORDER BY `sort` ASC [ RunTime:0.001079s ]
[2023-05-09T23:55:03+08:00][sql] SELECT * FROM `tp_auth_rule` WHERE  `name` = 'Article/addPost' LIMIT 1 [ RunTime:0.001035s ]
[2023-05-09T23:55:03+08:00][sql] SELECT * FROM `tp_auth_rule` WHERE  `id` = 199 LIMIT 1 [ RunTime:0.000644s ]
[2023-05-09T23:55:03+08:00][sql] SELECT * FROM `tp_auth_rule` WHERE  `name` = 'Article/index' LIMIT 1 [ RunTime:0.000700s ]
[2023-05-09T23:55:03+08:00][sql] SELECT * FROM `tp_auth_rule` WHERE  `id` = 188 LIMIT 1 [ RunTime:0.000453s ]
[2023-05-09T23:55:03+08:00][sql] SELECT * FROM `tp_auth_rule` WHERE  `name` = 'Page' LIMIT 1 [ RunTime:0.000685s ]
[2023-05-09T23:55:03+08:00][sql] SHOW FULL COLUMNS FROM `tp_module` [ RunTime:0.007664s ]
[2023-05-09T23:55:03+08:00][sql] SELECT * FROM `tp_module` WHERE  `model_name` = 'Article' LIMIT 1 [ RunTime:0.000766s ]
[2023-05-09T23:55:03+08:00][sql] SHOW FULL COLUMNS FROM `tp_cate` [ RunTime:0.007574s ]
[2023-05-09T23:55:03+08:00][sql] SELECT * FROM `tp_cate` ORDER BY `sort`,`id` DESC [ RunTime:0.000666s ]
[2023-05-09T23:55:03+08:00][sql] SELECT * FROM `tp_module` WHERE  `id` IN (18,19,21,22,23,24,25) [ RunTime:0.000788s ]
[2023-05-09T23:55:03+08:00][sql] SELECT * FROM `tp_module` WHERE  `model_name` = 'Cate' LIMIT 1 [ RunTime:0.000601s ]
[2023-05-09T23:55:03+08:00][sql] SELECT * FROM `tp_module` WHERE  `table_name` = 'cate' LIMIT 1 [ RunTime:0.000431s ]
[2023-05-09T23:55:03+08:00][sql] SHOW FULL COLUMNS FROM `tp_field` [ RunTime:0.008420s ]
[2023-05-09T23:55:03+08:00][sql] SELECT * FROM `tp_field` WHERE  `module_id` = 20 ORDER BY `sort` ASC,`id` ASC [ RunTime:0.000905s ]
[2023-05-09T23:55:03+08:00][sql] SHOW FULL COLUMNS FROM `tp_system` [ RunTime:0.007710s ]
[2023-05-09T23:55:03+08:00][sql] SELECT * FROM `tp_system` WHERE  `id` = 1 LIMIT 1 [ RunTime:0.000695s ]
[2023-05-09T23:55:03+08:00][sql] SELECT * FROM `tp_auth_rule` WHERE  `auth_open` = 0 [ RunTime:0.000791s ]
[2023-05-09T23:55:03+08:00][sql] SELECT * FROM `tp_auth_rule` [ RunTime:0.001116s ]
[2023-05-09T23:55:03+08:00][sql] SELECT * FROM `tp_auth_rule` WHERE  `name` = 'Article/addPost' LIMIT 1 [ RunTime:0.001297s ]
[2023-05-09T23:55:03+08:00][sql] SELECT * FROM `tp_auth_rule` WHERE  `id` = 199 LIMIT 1 [ RunTime:0.000588s ]
[2023-05-09T23:55:03+08:00][sql] SELECT * FROM `tp_auth_rule` WHERE  `name` = 'Article/index' LIMIT 1 [ RunTime:0.000974s ]
[2023-05-09T23:55:03+08:00][sql] SELECT * FROM `tp_auth_rule` WHERE  `id` = 188 LIMIT 1 [ RunTime:0.000562s ]
[2023-05-09T23:55:03+08:00][sql] SELECT * FROM `tp_auth_rule` WHERE  `name` = 'Page' LIMIT 1 [ RunTime:0.000967s ]
[2023-05-09T23:55:03+08:00][sql] SHOW FULL COLUMNS FROM `tp_admin_log` [ RunTime:0.007690s ]
[2023-05-09T23:55:03+08:00][sql] SELECT * FROM `tp_admin_log` WHERE  `admin_id` = 1 ORDER BY `id` DESC LIMIT 1 [ RunTime:0.000687s ]
[2023-05-09T23:55:03+08:00][sql] SELECT * FROM `tp_module` WHERE  `table_name` = 'article' LIMIT 1 [ RunTime:0.001094s ]
[2023-05-09T23:55:03+08:00][sql] SELECT * FROM `tp_field` WHERE  `module_id` = 19 ORDER BY `sort` ASC,`id` ASC [ RunTime:0.001074s ]
[2023-05-09T23:55:03+08:00][info] $data[pid]
[2023-05-09T23:55:03+08:00][info] 199
[2023-05-09T23:55:03+08:00][info] $data[pid]
[2023-05-09T23:55:03+08:00][info] 188
[2023-05-09T23:55:03+08:00][info] $data[pid]
[2023-05-09T23:55:03+08:00][info] 199
[2023-05-09T23:55:03+08:00][info] $data[pid]
[2023-05-09T23:55:03+08:00][info] 188
[2023-05-09T23:55:06+08:00][sql] CONNECT:[ UseTime:0.024859s ] mysql:host=127.0.0.1;port=3306;dbname=ztx;charset=utf8mb4
[2023-05-09T23:55:06+08:00][sql] SHOW FULL COLUMNS FROM `tp_auth_rule` [ RunTime:0.009832s ]
[2023-05-09T23:55:06+08:00][sql] SELECT * FROM `tp_auth_rule` WHERE  `status` = 1 ORDER BY `sort` ASC [ RunTime:0.000847s ]
[2023-05-09T23:55:06+08:00][sql] SELECT * FROM `tp_auth_rule` WHERE  `name` = 'Article/addPost' LIMIT 1 [ RunTime:0.000870s ]
[2023-05-09T23:55:06+08:00][sql] SELECT * FROM `tp_auth_rule` WHERE  `id` = 199 LIMIT 1 [ RunTime:0.000635s ]
[2023-05-09T23:55:06+08:00][sql] SELECT * FROM `tp_auth_rule` WHERE  `name` = 'Article/index' LIMIT 1 [ RunTime:0.000977s ]
[2023-05-09T23:55:06+08:00][sql] SELECT * FROM `tp_auth_rule` WHERE  `id` = 188 LIMIT 1 [ RunTime:0.000701s ]
[2023-05-09T23:55:06+08:00][sql] SELECT * FROM `tp_auth_rule` WHERE  `name` = 'Page' LIMIT 1 [ RunTime:0.001094s ]
[2023-05-09T23:55:06+08:00][sql] SHOW FULL COLUMNS FROM `tp_module` [ RunTime:0.010573s ]
[2023-05-09T23:55:06+08:00][sql] SELECT * FROM `tp_module` WHERE  `model_name` = 'Article' LIMIT 1 [ RunTime:0.000721s ]
[2023-05-09T23:55:06+08:00][sql] SHOW FULL COLUMNS FROM `tp_cate` [ RunTime:0.007025s ]
[2023-05-09T23:55:06+08:00][sql] SELECT * FROM `tp_cate` ORDER BY `sort`,`id` DESC [ RunTime:0.000696s ]
[2023-05-09T23:55:06+08:00][sql] SELECT * FROM `tp_module` WHERE  `id` IN (18,19,21,22,23,24,25) [ RunTime:0.000893s ]
[2023-05-09T23:55:06+08:00][sql] SELECT * FROM `tp_module` WHERE  `model_name` = 'Cate' LIMIT 1 [ RunTime:0.000844s ]
[2023-05-09T23:55:06+08:00][sql] SELECT * FROM `tp_module` WHERE  `table_name` = 'cate' LIMIT 1 [ RunTime:0.000498s ]
[2023-05-09T23:55:06+08:00][sql] SHOW FULL COLUMNS FROM `tp_field` [ RunTime:0.010131s ]
[2023-05-09T23:55:06+08:00][sql] SELECT * FROM `tp_field` WHERE  `module_id` = 20 ORDER BY `sort` ASC,`id` ASC [ RunTime:0.001298s ]
[2023-05-09T23:55:06+08:00][sql] SHOW FULL COLUMNS FROM `tp_system` [ RunTime:0.009165s ]
[2023-05-09T23:55:06+08:00][sql] SELECT * FROM `tp_system` WHERE  `id` = 1 LIMIT 1 [ RunTime:0.000800s ]
[2023-05-09T23:55:06+08:00][sql] SELECT * FROM `tp_auth_rule` WHERE  `auth_open` = 0 [ RunTime:0.001001s ]
[2023-05-09T23:55:06+08:00][sql] SELECT * FROM `tp_auth_rule` [ RunTime:0.001053s ]
[2023-05-09T23:55:06+08:00][sql] SELECT * FROM `tp_auth_rule` WHERE  `name` = 'Article/addPost' LIMIT 1 [ RunTime:0.001081s ]
[2023-05-09T23:55:06+08:00][sql] SELECT * FROM `tp_auth_rule` WHERE  `id` = 199 LIMIT 1 [ RunTime:0.000467s ]
[2023-05-09T23:55:06+08:00][sql] SELECT * FROM `tp_auth_rule` WHERE  `name` = 'Article/index' LIMIT 1 [ RunTime:0.000634s ]
[2023-05-09T23:55:06+08:00][sql] SELECT * FROM `tp_auth_rule` WHERE  `id` = 188 LIMIT 1 [ RunTime:0.000382s ]
[2023-05-09T23:55:06+08:00][sql] SELECT * FROM `tp_auth_rule` WHERE  `name` = 'Page' LIMIT 1 [ RunTime:0.000571s ]
[2023-05-09T23:55:06+08:00][sql] SHOW FULL COLUMNS FROM `tp_admin_log` [ RunTime:0.008098s ]
[2023-05-09T23:55:06+08:00][sql] SELECT * FROM `tp_admin_log` WHERE  `admin_id` = 1 ORDER BY `id` DESC LIMIT 1 [ RunTime:0.000564s ]
[2023-05-09T23:55:06+08:00][sql] SELECT * FROM `tp_module` WHERE  `table_name` = 'article' LIMIT 1 [ RunTime:0.000503s ]
[2023-05-09T23:55:06+08:00][sql] SELECT * FROM `tp_field` WHERE  `module_id` = 19 ORDER BY `sort` ASC,`id` ASC [ RunTime:0.001093s ]
[2023-05-09T23:55:06+08:00][info] $data[pid]
[2023-05-09T23:55:06+08:00][info] 199
[2023-05-09T23:55:06+08:00][info] $data[pid]
[2023-05-09T23:55:06+08:00][info] 188
[2023-05-09T23:55:06+08:00][info] $data[pid]
[2023-05-09T23:55:06+08:00][info] 199
[2023-05-09T23:55:06+08:00][info] $data[pid]
[2023-05-09T23:55:06+08:00][info] 188
[2023-05-09T23:55:15+08:00][sql] CONNECT:[ UseTime:0.001011s ] mysql:host=127.0.0.1;port=3306;dbname=ztx;charset=utf8mb4
[2023-05-09T23:55:15+08:00][sql] SHOW FULL COLUMNS FROM `tp_auth_rule` [ RunTime:0.011319s ]
[2023-05-09T23:55:15+08:00][sql] SELECT * FROM `tp_auth_rule` WHERE  `status` = 1 ORDER BY `sort` ASC [ RunTime:0.001037s ]
[2023-05-09T23:55:15+08:00][sql] SELECT * FROM `tp_auth_rule` WHERE  `name` = 'Article/addPost' LIMIT 1 [ RunTime:0.001129s ]
[2023-05-09T23:55:15+08:00][sql] SELECT * FROM `tp_auth_rule` WHERE  `id` = 199 LIMIT 1 [ RunTime:0.000506s ]
[2023-05-09T23:55:15+08:00][sql] SELECT * FROM `tp_auth_rule` WHERE  `name` = 'Article/index' LIMIT 1 [ RunTime:0.000818s ]
[2023-05-09T23:55:15+08:00][sql] SELECT * FROM `tp_auth_rule` WHERE  `id` = 188 LIMIT 1 [ RunTime:0.000432s ]
[2023-05-09T23:55:15+08:00][sql] SELECT * FROM `tp_auth_rule` WHERE  `name` = 'Page' LIMIT 1 [ RunTime:0.000618s ]
[2023-05-09T23:55:15+08:00][sql] SHOW FULL COLUMNS FROM `tp_module` [ RunTime:0.011683s ]
[2023-05-09T23:55:15+08:00][sql] SELECT * FROM `tp_module` WHERE  `model_name` = 'Article' LIMIT 1 [ RunTime:0.000669s ]
[2023-05-09T23:55:15+08:00][sql] SHOW FULL COLUMNS FROM `tp_cate` [ RunTime:0.009218s ]
[2023-05-09T23:55:15+08:00][sql] SELECT * FROM `tp_cate` ORDER BY `sort`,`id` DESC [ RunTime:0.000759s ]
[2023-05-09T23:55:15+08:00][sql] SELECT * FROM `tp_module` WHERE  `id` IN (18,19,21,22,23,24,25) [ RunTime:0.000771s ]
[2023-05-09T23:55:15+08:00][sql] SELECT * FROM `tp_module` WHERE  `model_name` = 'Cate' LIMIT 1 [ RunTime:0.000834s ]
[2023-05-09T23:55:15+08:00][sql] SELECT * FROM `tp_module` WHERE  `table_name` = 'cate' LIMIT 1 [ RunTime:0.000534s ]
[2023-05-09T23:55:15+08:00][sql] SHOW FULL COLUMNS FROM `tp_field` [ RunTime:0.010227s ]
[2023-05-09T23:55:15+08:00][sql] SELECT * FROM `tp_field` WHERE  `module_id` = 20 ORDER BY `sort` ASC,`id` ASC [ RunTime:0.001426s ]
[2023-05-09T23:55:15+08:00][sql] SHOW FULL COLUMNS FROM `tp_system` [ RunTime:0.007829s ]
[2023-05-09T23:55:15+08:00][sql] SELECT * FROM `tp_system` WHERE  `id` = 1 LIMIT 1 [ RunTime:0.001022s ]
[2023-05-09T23:55:15+08:00][sql] SELECT * FROM `tp_auth_rule` WHERE  `auth_open` = 0 [ RunTime:0.001379s ]
[2023-05-09T23:55:15+08:00][sql] SELECT * FROM `tp_auth_rule` [ RunTime:0.001475s ]
[2023-05-09T23:55:15+08:00][sql] SELECT * FROM `tp_auth_rule` WHERE  `name` = 'Article/addPost' LIMIT 1 [ RunTime:0.001369s ]
[2023-05-09T23:55:15+08:00][sql] SELECT * FROM `tp_auth_rule` WHERE  `id` = 199 LIMIT 1 [ RunTime:0.000678s ]
[2023-05-09T23:55:15+08:00][sql] SELECT * FROM `tp_auth_rule` WHERE  `name` = 'Article/index' LIMIT 1 [ RunTime:0.001266s ]
[2023-05-09T23:55:15+08:00][sql] SELECT * FROM `tp_auth_rule` WHERE  `id` = 188 LIMIT 1 [ RunTime:0.000858s ]
[2023-05-09T23:55:15+08:00][sql] SELECT * FROM `tp_auth_rule` WHERE  `name` = 'Page' LIMIT 1 [ RunTime:0.001099s ]
[2023-05-09T23:55:15+08:00][sql] SHOW FULL COLUMNS FROM `tp_admin_log` [ RunTime:0.009013s ]
[2023-05-09T23:55:15+08:00][sql] SELECT * FROM `tp_admin_log` WHERE  `admin_id` = 1 ORDER BY `id` DESC LIMIT 1 [ RunTime:0.000545s ]
[2023-05-09T23:55:15+08:00][sql] SELECT * FROM `tp_module` WHERE  `table_name` = 'article' LIMIT 1 [ RunTime:0.000470s ]
[2023-05-09T23:55:15+08:00][sql] SELECT * FROM `tp_field` WHERE  `module_id` = 19 ORDER BY `sort` ASC,`id` ASC [ RunTime:0.001367s ]
[2023-05-09T23:55:15+08:00][info] $data[pid]
[2023-05-09T23:55:15+08:00][info] 199
[2023-05-09T23:55:15+08:00][info] $data[pid]
[2023-05-09T23:55:15+08:00][info] 188
[2023-05-09T23:55:15+08:00][info] $data[pid]
[2023-05-09T23:55:15+08:00][info] 199
[2023-05-09T23:55:15+08:00][info] $data[pid]
[2023-05-09T23:55:15+08:00][info] 188
