[2023-05-10T17:12:33+08:00][sql] CONNECT:[ UseTime:0.002801s ] mysql:host=127.0.0.1;port=3306;dbname=ztx;charset=utf8mb4
[2023-05-10T17:12:33+08:00][sql] SHOW FULL COLUMNS FROM `tp_auth_rule` [ RunTime:0.013248s ]
[2023-05-10T17:12:33+08:00][sql] SELECT * FROM `tp_auth_rule` WHERE  `status` = 1 ORDER BY `sort` ASC [ RunTime:0.001576s ]
[2023-05-10T17:12:33+08:00][sql] SELECT * FROM `tp_auth_rule` WHERE  `name` = 'Article/index' LIMIT 1 [ RunTime:0.001244s ]
[2023-05-10T17:12:33+08:00][sql] SELECT * FROM `tp_auth_rule` WHERE  `id` = 188 LIMIT 1 [ RunTime:0.000735s ]
[2023-05-10T17:12:33+08:00][sql] SELECT * FROM `tp_auth_rule` WHERE  `name` = 'Page' LIMIT 1 [ RunTime:0.001294s ]
[2023-05-10T17:12:33+08:00][sql] SHOW FULL COLUMNS FROM `tp_module` [ RunTime:0.008883s ]
[2023-05-10T17:12:33+08:00][sql] SELECT * FROM `tp_module` WHERE  `model_name` = 'Article' LIMIT 1 [ RunTime:0.000736s ]
[2023-05-10T17:12:33+08:00][sql] SHOW FULL COLUMNS FROM `tp_cate` [ RunTime:0.011286s ]
[2023-05-10T17:12:33+08:00][sql] SELECT * FROM `tp_cate` ORDER BY `sort`,`id` DESC [ RunTime:0.001022s ]
[2023-05-10T17:12:33+08:00][sql] SELECT * FROM `tp_module` WHERE  `id` IN (18,19,21,22,23,24,25) [ RunTime:0.002881s ]
[2023-05-10T17:12:33+08:00][sql] SELECT * FROM `tp_module` WHERE  `model_name` = 'Cate' LIMIT 1 [ RunTime:0.001444s ]
[2023-05-10T17:12:33+08:00][sql] SELECT * FROM `tp_module` WHERE  `table_name` = 'cate' LIMIT 1 [ RunTime:0.000546s ]
[2023-05-10T17:12:33+08:00][sql] SHOW FULL COLUMNS FROM `tp_field` [ RunTime:0.009623s ]
[2023-05-10T17:12:33+08:00][sql] SELECT * FROM `tp_field` WHERE  `module_id` = 20 ORDER BY `sort` ASC,`id` ASC [ RunTime:0.001095s ]
[2023-05-10T17:12:33+08:00][sql] SHOW FULL COLUMNS FROM `tp_system` [ RunTime:0.009873s ]
[2023-05-10T17:12:33+08:00][sql] SELECT * FROM `tp_system` WHERE  `id` = 1 LIMIT 1 [ RunTime:0.000739s ]
[2023-05-10T17:12:33+08:00][info] $data[pid]
[2023-05-10T17:12:33+08:00][info] 188
[2023-05-10T17:12:33+08:00][sql] CONNECT:[ UseTime:0.012754s ] mysql:host=127.0.0.1;port=3306;dbname=ztx;charset=utf8mb4
[2023-05-10T17:12:33+08:00][sql] SHOW FULL COLUMNS FROM `tp_system` [ RunTime:0.011761s ]
[2023-05-10T17:12:33+08:00][sql] SELECT * FROM `tp_system` WHERE  `id` = 1 LIMIT 1 [ RunTime:0.001126s ]
[2023-05-10T17:12:40+08:00][sql] CONNECT:[ UseTime:0.001710s ] mysql:host=127.0.0.1;port=3306;dbname=ztx;charset=utf8mb4
[2023-05-10T17:12:40+08:00][sql] SHOW FULL COLUMNS FROM `tp_system` [ RunTime:0.019244s ]
[2023-05-10T17:12:40+08:00][sql] SELECT * FROM `tp_system` WHERE  `id` = 1 LIMIT 1 [ RunTime:0.001024s ]
[2023-05-10T17:12:40+08:00][sql] SHOW FULL COLUMNS FROM `tp_admin` [ RunTime:0.011528s ]
[2023-05-10T17:12:40+08:00][sql] SELECT * FROM `tp_admin` WHERE  `username` = 'admin'  AND `password` = '21232f297a57a5a743894a0e4a801fc3' LIMIT 1 [ RunTime:0.000860s ]
[2023-05-10T17:12:40+08:00][sql] UPDATE `tp_admin`  SET `login_time` = 1683709959 , `login_ip` = '127.0.0.1'  WHERE  `id` = 1 [ RunTime:0.174847s ]
[2023-05-10T17:12:40+08:00][sql] SHOW FULL COLUMNS FROM `tp_auth_group_access` [ RunTime:0.014251s ]
[2023-05-10T17:12:40+08:00][sql] SELECT `a`.`group_id`,`ag`.`rules`,`ag`.`title` FROM `tp_auth_group_access` `a` LEFT JOIN `tp_auth_group` `ag` ON `a`.`group_id`=`ag`.`id` WHERE  `uid` = 1 LIMIT 1 [ RunTime:0.001008s ]
[2023-05-10T17:12:40+08:00][sql] SHOW FULL COLUMNS FROM `tp_auth_rule` [ RunTime:0.018177s ]
[2023-05-10T17:12:40+08:00][sql] SELECT * FROM `tp_auth_rule` WHERE  `auth_open` = 0 [ RunTime:0.001981s ]
[2023-05-10T17:12:40+08:00][sql] SELECT * FROM `tp_auth_rule` [ RunTime:0.002050s ]
[2023-05-10T17:12:40+08:00][sql] SELECT * FROM `tp_admin` WHERE  `username` = 'admin'  AND `password` = '21232f297a57a5a743894a0e4a801fc3' LIMIT 1 [ RunTime:0.001476s ]
[2023-05-10T17:12:40+08:00][sql] SELECT * FROM `tp_auth_rule` WHERE  `name` = 'Login/checkLogin' LIMIT 1 [ RunTime:0.001424s ]
[2023-05-10T17:12:40+08:00][sql] SHOW FULL COLUMNS FROM `tp_admin_log` [ RunTime:0.011434s ]
[2023-05-10T17:12:40+08:00][sql] SELECT * FROM `tp_admin_log` WHERE  `admin_id` = 1 ORDER BY `id` DESC LIMIT 1 [ RunTime:0.000676s ]
[2023-05-10T17:12:40+08:00][sql] INSERT INTO `tp_admin_log` SET `title` = '[登录成功]' , `content` = '' , `url` = '/admin/Login/checkLogin.html' , `admin_id` = 1 , `user_agent` = 'Mozilla/5.0 (Windows NT 10.0; Win64; x64) AppleWebKit/537.36 (KHTML, like Gecko) Chrome/112.0.0.0 Safari/537.36' , `ip` = '127.0.0.1' , `create_time` = 1683709960 , `update_time` = 1683709960 [ RunTime:0.001400s ]
[2023-05-10T17:12:40+08:00][sql] CONNECT:[ UseTime:0.001039s ] mysql:host=127.0.0.1;port=3306;dbname=ztx;charset=utf8mb4
[2023-05-10T17:12:40+08:00][sql] SHOW FULL COLUMNS FROM `tp_auth_rule` [ RunTime:0.015133s ]
[2023-05-10T17:12:40+08:00][sql] SELECT * FROM `tp_auth_rule` WHERE  `status` = 1 ORDER BY `sort` ASC [ RunTime:0.003445s ]
[2023-05-10T17:12:40+08:00][sql] SELECT * FROM `tp_auth_rule` WHERE  `name` = 'Article/index' LIMIT 1 [ RunTime:0.001074s ]
[2023-05-10T17:12:40+08:00][sql] SELECT * FROM `tp_auth_rule` WHERE  `id` = 188 LIMIT 1 [ RunTime:0.000697s ]
[2023-05-10T17:12:40+08:00][sql] SELECT * FROM `tp_auth_rule` WHERE  `name` = 'Page' LIMIT 1 [ RunTime:0.000774s ]
[2023-05-10T17:12:40+08:00][sql] SHOW FULL COLUMNS FROM `tp_module` [ RunTime:0.013801s ]
[2023-05-10T17:12:40+08:00][sql] SELECT * FROM `tp_module` WHERE  `model_name` = 'Article' LIMIT 1 [ RunTime:0.000686s ]
[2023-05-10T17:12:40+08:00][sql] SHOW FULL COLUMNS FROM `tp_cate` [ RunTime:0.013571s ]
[2023-05-10T17:12:40+08:00][sql] SELECT * FROM `tp_cate` ORDER BY `sort`,`id` DESC [ RunTime:0.000926s ]
[2023-05-10T17:12:40+08:00][sql] SELECT * FROM `tp_module` WHERE  `id` IN (18,19,21,22,23,24,25) [ RunTime:0.001335s ]
[2023-05-10T17:12:40+08:00][sql] SELECT * FROM `tp_module` WHERE  `model_name` = 'Cate' LIMIT 1 [ RunTime:0.001108s ]
[2023-05-10T17:12:40+08:00][sql] SELECT * FROM `tp_module` WHERE  `table_name` = 'cate' LIMIT 1 [ RunTime:0.000775s ]
[2023-05-10T17:12:40+08:00][sql] SHOW FULL COLUMNS FROM `tp_field` [ RunTime:0.015165s ]
[2023-05-10T17:12:40+08:00][sql] SELECT * FROM `tp_field` WHERE  `module_id` = 20 ORDER BY `sort` ASC,`id` ASC [ RunTime:0.003547s ]
[2023-05-10T17:12:40+08:00][sql] SHOW FULL COLUMNS FROM `tp_system` [ RunTime:0.018733s ]
[2023-05-10T17:12:40+08:00][sql] SELECT * FROM `tp_system` WHERE  `id` = 1 LIMIT 1 [ RunTime:0.000791s ]
[2023-05-10T17:12:40+08:00][sql] SELECT * FROM `tp_auth_rule` WHERE  `auth_open` = 0 [ RunTime:0.001141s ]
[2023-05-10T17:12:40+08:00][sql] SELECT * FROM `tp_auth_rule` [ RunTime:0.001443s ]
[2023-05-10T17:12:40+08:00][sql] SELECT * FROM `tp_auth_rule` WHERE  `name` = 'Article/index' LIMIT 1 [ RunTime:0.001157s ]
[2023-05-10T17:12:40+08:00][sql] SELECT * FROM `tp_auth_rule` WHERE  `id` = 188 LIMIT 1 [ RunTime:0.000581s ]
[2023-05-10T17:12:40+08:00][sql] SELECT * FROM `tp_auth_rule` WHERE  `name` = 'Page' LIMIT 1 [ RunTime:0.000912s ]
[2023-05-10T17:12:40+08:00][sql] SHOW FULL COLUMNS FROM `tp_admin_log` [ RunTime:0.011311s ]
[2023-05-10T17:12:40+08:00][sql] SELECT * FROM `tp_admin_log` WHERE  `admin_id` = 1 ORDER BY `id` DESC LIMIT 1 [ RunTime:0.000890s ]
[2023-05-10T17:12:40+08:00][sql] INSERT INTO `tp_admin_log` SET `title` = '[内容管理] -> [文章模块]' , `content` = '[]' , `url` = '/admin/Article/index.html' , `admin_id` = 1 , `user_agent` = 'Mozilla/5.0 (Windows NT 10.0; Win64; x64) AppleWebKit/537.36 (KHTML, like Gecko) Chrome/112.0.0.0 Safari/537.36' , `ip` = '127.0.0.1' , `create_time` = 1683709960 , `update_time` = 1683709960 [ RunTime:0.001499s ]
[2023-05-10T17:12:40+08:00][sql] SELECT `pk` FROM `tp_module` WHERE  `table_name` = 'article' LIMIT 1 [ RunTime:0.000830s ]
[2023-05-10T17:12:40+08:00][sql] SELECT * FROM `tp_module` WHERE  `table_name` = 'article' LIMIT 1 [ RunTime:0.000715s ]
[2023-05-10T17:12:40+08:00][sql] SELECT * FROM `tp_field` WHERE  `module_id` = 19 ORDER BY `sort` ASC,`id` ASC [ RunTime:0.000962s ]
[2023-05-10T17:12:40+08:00][sql] SHOW FULL COLUMNS FROM `tp_dictionary` [ RunTime:0.013855s ]
[2023-05-10T17:12:40+08:00][sql] SELECT `dict_value`,`dict_label` FROM `tp_dictionary` WHERE  `dict_type` = '1' ORDER BY `sort` ASC,`id` DESC [ RunTime:0.000986s ]
[2023-05-10T17:12:40+08:00][sql] SELECT * FROM `tp_module` WHERE  `table_name` = 'article' LIMIT 1 [ RunTime:0.000674s ]
[2023-05-10T17:12:40+08:00][sql] SELECT * FROM `tp_field` WHERE  `module_id` = 19 ORDER BY `sort` ASC,`id` ASC [ RunTime:0.001596s ]
[2023-05-10T17:12:40+08:00][sql] SELECT * FROM `tp_module` WHERE  `model_name` = 'Cate' LIMIT 1 [ RunTime:0.001074s ]
[2023-05-10T17:12:40+08:00][sql] SELECT * FROM `tp_field` WHERE  `module_id` = 20  AND `field` = 'sort' LIMIT 1 [ RunTime:0.007684s ]
[2023-05-10T17:12:40+08:00][sql] SELECT * FROM `tp_module` WHERE  `model_name` = 'Cate' LIMIT 1 [ RunTime:0.000712s ]
[2023-05-10T17:12:40+08:00][sql] SELECT `id` FROM `tp_module` WHERE  `model_name` = 'Cate' LIMIT 1 [ RunTime:0.000628s ]
[2023-05-10T17:12:40+08:00][sql] SELECT `field` FROM `tp_field` WHERE  ( field = 'pid' OR field = 'parent_id'  )  AND `module_id` = 20 LIMIT 1 [ RunTime:0.001320s ]
[2023-05-10T17:12:40+08:00][sql] SELECT `id`,`cate_name`,`parent_id` FROM `tp_cate` ORDER BY `sort` ASC,`id` DESC [ RunTime:0.000673s ]
[2023-05-10T17:12:40+08:00][sql] SELECT `id` FROM `tp_cate` WHERE  `module_id` = 19 [ RunTime:0.001055s ]
[2023-05-10T17:12:40+08:00][sql] SELECT `dict_value`,`dict_label` FROM `tp_dictionary` WHERE  `dict_type` = '1' ORDER BY `sort` ASC,`id` DESC [ RunTime:0.000858s ]
[2023-05-10T17:12:40+08:00][sql] SELECT * FROM `tp_module` WHERE  `table_name` = 'article' LIMIT 1 [ RunTime:0.000736s ]
[2023-05-10T17:12:40+08:00][sql] SELECT * FROM `tp_module` WHERE  `model_name` = 'Article' LIMIT 1 [ RunTime:0.000800s ]
[2023-05-10T17:12:40+08:00][sql] SELECT * FROM `tp_module` WHERE  `table_name` = 'article' LIMIT 1 [ RunTime:0.000897s ]
[2023-05-10T17:12:40+08:00][sql] SELECT * FROM `tp_field` WHERE  `module_id` = 19 ORDER BY `sort` ASC,`id` ASC [ RunTime:0.001110s ]
[2023-05-10T17:12:40+08:00][sql] SELECT * FROM `tp_module` WHERE  `model_name` = 'Cate' LIMIT 1 [ RunTime:0.000707s ]
[2023-05-10T17:12:40+08:00][sql] SELECT * FROM `tp_field` WHERE  `module_id` = 20  AND `field` = 'sort' LIMIT 1 [ RunTime:0.001045s ]
[2023-05-10T17:12:40+08:00][sql] SELECT * FROM `tp_module` WHERE  `model_name` = 'Cate' LIMIT 1 [ RunTime:0.000501s ]
[2023-05-10T17:12:40+08:00][sql] SELECT `id` FROM `tp_module` WHERE  `model_name` = 'Cate' LIMIT 1 [ RunTime:0.000405s ]
[2023-05-10T17:12:40+08:00][sql] SELECT `field` FROM `tp_field` WHERE  ( field = 'pid' OR field = 'parent_id'  )  AND `module_id` = 20 LIMIT 1 [ RunTime:0.001376s ]
[2023-05-10T17:12:40+08:00][sql] SELECT `id`,`cate_name`,`parent_id` FROM `tp_cate` ORDER BY `sort` ASC,`id` DESC [ RunTime:0.000878s ]
[2023-05-10T17:12:40+08:00][sql] SELECT `id` FROM `tp_cate` WHERE  `module_id` = 19 [ RunTime:0.000641s ]
[2023-05-10T17:12:40+08:00][sql] SELECT `dict_value`,`dict_label` FROM `tp_dictionary` WHERE  `dict_type` = '1' ORDER BY `sort` ASC,`id` DESC [ RunTime:0.000984s ]
[2023-05-10T17:12:40+08:00][sql] SELECT `pk` FROM `tp_module` WHERE  `table_name` = 'article' LIMIT 1 [ RunTime:0.000748s ]
[2023-05-10T17:12:40+08:00][sql] SELECT * FROM `tp_module` WHERE  `table_name` = 'article' LIMIT 1 [ RunTime:0.000990s ]
[2023-05-10T17:12:40+08:00][info] $data[pid]
[2023-05-10T17:12:40+08:00][info] 188
[2023-05-10T17:12:40+08:00][info] $data[pid]
[2023-05-10T17:12:40+08:00][info] 188
[2023-05-10T17:12:42+08:00][sql] CONNECT:[ UseTime:0.001826s ] mysql:host=127.0.0.1;port=3306;dbname=ztx;charset=utf8mb4
[2023-05-10T17:12:42+08:00][sql] SHOW FULL COLUMNS FROM `tp_auth_rule` [ RunTime:0.019526s ]
[2023-05-10T17:12:42+08:00][sql] SELECT * FROM `tp_auth_rule` WHERE  `status` = 1 ORDER BY `sort` ASC [ RunTime:0.001164s ]
[2023-05-10T17:12:42+08:00][sql] SELECT * FROM `tp_auth_rule` WHERE  `name` = 'Article/index' LIMIT 1 [ RunTime:0.001316s ]
[2023-05-10T17:12:42+08:00][sql] SELECT * FROM `tp_auth_rule` WHERE  `id` = 188 LIMIT 1 [ RunTime:0.000672s ]
[2023-05-10T17:12:42+08:00][sql] SELECT * FROM `tp_auth_rule` WHERE  `name` = 'Page' LIMIT 1 [ RunTime:0.001132s ]
[2023-05-10T17:12:42+08:00][sql] SHOW FULL COLUMNS FROM `tp_module` [ RunTime:0.014699s ]
[2023-05-10T17:12:42+08:00][sql] SELECT * FROM `tp_module` WHERE  `model_name` = 'Article' LIMIT 1 [ RunTime:0.010690s ]
[2023-05-10T17:12:42+08:00][sql] SHOW FULL COLUMNS FROM `tp_cate` [ RunTime:0.021819s ]
[2023-05-10T17:12:42+08:00][sql] SELECT * FROM `tp_cate` ORDER BY `sort`,`id` DESC [ RunTime:0.001864s ]
[2023-05-10T17:12:42+08:00][sql] SELECT * FROM `tp_module` WHERE  `id` IN (18,19,21,22,23,24,25) [ RunTime:0.001457s ]
[2023-05-10T17:12:42+08:00][sql] SELECT * FROM `tp_module` WHERE  `model_name` = 'Cate' LIMIT 1 [ RunTime:0.000856s ]
[2023-05-10T17:12:42+08:00][sql] SELECT * FROM `tp_module` WHERE  `table_name` = 'cate' LIMIT 1 [ RunTime:0.000712s ]
[2023-05-10T17:12:42+08:00][sql] SHOW FULL COLUMNS FROM `tp_field` [ RunTime:0.013369s ]
[2023-05-10T17:12:42+08:00][sql] SELECT * FROM `tp_field` WHERE  `module_id` = 20 ORDER BY `sort` ASC,`id` ASC [ RunTime:0.001519s ]
[2023-05-10T17:12:42+08:00][sql] SHOW FULL COLUMNS FROM `tp_system` [ RunTime:0.014779s ]
[2023-05-10T17:12:42+08:00][sql] SELECT * FROM `tp_system` WHERE  `id` = 1 LIMIT 1 [ RunTime:0.001044s ]
[2023-05-10T17:12:42+08:00][sql] SELECT * FROM `tp_auth_rule` WHERE  `auth_open` = 0 [ RunTime:0.001550s ]
[2023-05-10T17:12:42+08:00][sql] SELECT * FROM `tp_auth_rule` [ RunTime:0.002441s ]
[2023-05-10T17:12:42+08:00][sql] SELECT * FROM `tp_auth_rule` WHERE  `name` = 'Article/index' LIMIT 1 [ RunTime:0.001386s ]
[2023-05-10T17:12:42+08:00][sql] SELECT * FROM `tp_auth_rule` WHERE  `id` = 188 LIMIT 1 [ RunTime:0.001585s ]
[2023-05-10T17:12:42+08:00][sql] SELECT * FROM `tp_auth_rule` WHERE  `name` = 'Page' LIMIT 1 [ RunTime:0.002796s ]
[2023-05-10T17:12:42+08:00][sql] SHOW FULL COLUMNS FROM `tp_admin_log` [ RunTime:0.014321s ]
[2023-05-10T17:12:42+08:00][sql] SELECT * FROM `tp_admin_log` WHERE  `admin_id` = 1 ORDER BY `id` DESC LIMIT 1 [ RunTime:0.001025s ]
[2023-05-10T17:12:42+08:00][sql] INSERT INTO `tp_admin_log` SET `title` = '[内容管理] -> [文章模块]' , `content` = '{"getList":"1","pageSize":"10","page":1,"orderByColumn":"id","isAsc":"desc","cate_id":"","title":"","status":""}' , `url` = '/admin/Article/index.html?getList=1' , `admin_id` = 1 , `user_agent` = 'Mozilla/5.0 (Windows NT 10.0; Win64; x64) AppleWebKit/537.36 (KHTML, like Gecko) Chrome/112.0.0.0 Safari/537.36' , `ip` = '127.0.0.1' , `create_time` = 1683709962 , `update_time` = 1683709962 [ RunTime:0.003602s ]
[2023-05-10T17:12:42+08:00][sql] SELECT `pk` FROM `tp_module` WHERE  `table_name` = 'article' LIMIT 1 [ RunTime:0.000737s ]
[2023-05-10T17:12:42+08:00][sql] SELECT * FROM `tp_module` WHERE  `table_name` = 'article' LIMIT 1 [ RunTime:0.000732s ]
[2023-05-10T17:12:42+08:00][sql] SELECT * FROM `tp_field` WHERE  `module_id` = 19 ORDER BY `sort` ASC,`id` ASC [ RunTime:0.000979s ]
[2023-05-10T17:12:42+08:00][sql] SHOW FULL COLUMNS FROM `tp_dictionary` [ RunTime:0.014037s ]
[2023-05-10T17:12:42+08:00][sql] SELECT `dict_value`,`dict_label` FROM `tp_dictionary` WHERE  `dict_type` = '1' ORDER BY `sort` ASC,`id` DESC [ RunTime:0.000796s ]
[2023-05-10T17:12:42+08:00][sql] SELECT * FROM `tp_module` WHERE  `table_name` = 'article' LIMIT 1 [ RunTime:0.000934s ]
[2023-05-10T17:12:42+08:00][sql] SELECT * FROM `tp_field` WHERE  `module_id` = 19 ORDER BY `sort` ASC,`id` ASC [ RunTime:0.001569s ]
[2023-05-10T17:12:42+08:00][sql] SELECT * FROM `tp_module` WHERE  `model_name` = 'Cate' LIMIT 1 [ RunTime:0.001055s ]
[2023-05-10T17:12:42+08:00][sql] SELECT * FROM `tp_field` WHERE  `module_id` = 20  AND `field` = 'sort' LIMIT 1 [ RunTime:0.001670s ]
[2023-05-10T17:12:42+08:00][sql] SELECT * FROM `tp_module` WHERE  `model_name` = 'Cate' LIMIT 1 [ RunTime:0.001000s ]
[2023-05-10T17:12:42+08:00][sql] SELECT `id` FROM `tp_module` WHERE  `model_name` = 'Cate' LIMIT 1 [ RunTime:0.000777s ]
[2023-05-10T17:12:42+08:00][sql] SELECT `field` FROM `tp_field` WHERE  ( field = 'pid' OR field = 'parent_id'  )  AND `module_id` = 20 LIMIT 1 [ RunTime:0.000946s ]
[2023-05-10T17:12:42+08:00][sql] SELECT `id`,`cate_name`,`parent_id` FROM `tp_cate` ORDER BY `sort` ASC,`id` DESC [ RunTime:0.000682s ]
[2023-05-10T17:12:42+08:00][sql] SELECT `id` FROM `tp_cate` WHERE  `module_id` = 19 [ RunTime:0.000855s ]
[2023-05-10T17:12:42+08:00][sql] SELECT `dict_value`,`dict_label` FROM `tp_dictionary` WHERE  `dict_type` = '1' ORDER BY `sort` ASC,`id` DESC [ RunTime:0.000696s ]
[2023-05-10T17:12:42+08:00][sql] SELECT * FROM `tp_module` WHERE  `table_name` = 'article' LIMIT 1 [ RunTime:0.000943s ]
[2023-05-10T17:12:42+08:00][sql] SELECT * FROM `tp_module` WHERE  `table_name` = 'article' LIMIT 1 [ RunTime:0.000994s ]
[2023-05-10T17:12:42+08:00][sql] SELECT * FROM `tp_field` WHERE  `module_id` = 19 ORDER BY `sort` ASC,`id` ASC [ RunTime:0.001594s ]
[2023-05-10T17:12:42+08:00][sql] SELECT * FROM `tp_module` WHERE  `model_name` = 'Cate' LIMIT 1 [ RunTime:0.000963s ]
[2023-05-10T17:12:42+08:00][sql] SELECT * FROM `tp_field` WHERE  `module_id` = 20  AND `field` = 'sort' LIMIT 1 [ RunTime:0.001395s ]
[2023-05-10T17:12:42+08:00][sql] SELECT * FROM `tp_module` WHERE  `model_name` = 'Cate' LIMIT 1 [ RunTime:0.001396s ]
[2023-05-10T17:12:42+08:00][sql] SELECT `id` FROM `tp_module` WHERE  `model_name` = 'Cate' LIMIT 1 [ RunTime:0.000734s ]
[2023-05-10T17:12:42+08:00][sql] SELECT `field` FROM `tp_field` WHERE  ( field = 'pid' OR field = 'parent_id'  )  AND `module_id` = 20 LIMIT 1 [ RunTime:0.001587s ]
[2023-05-10T17:12:42+08:00][sql] SELECT `id`,`cate_name`,`parent_id` FROM `tp_cate` ORDER BY `sort` ASC,`id` DESC [ RunTime:0.001827s ]
[2023-05-10T17:12:42+08:00][sql] SELECT `id` FROM `tp_cate` WHERE  `module_id` = 19 [ RunTime:0.000652s ]
[2023-05-10T17:12:42+08:00][sql] SELECT `dict_value`,`dict_label` FROM `tp_dictionary` WHERE  `dict_type` = '1' ORDER BY `sort` ASC,`id` DESC [ RunTime:0.001050s ]
[2023-05-10T17:12:42+08:00][sql] SELECT `pk` FROM `tp_module` WHERE  `table_name` = 'article' LIMIT 1 [ RunTime:0.000828s ]
[2023-05-10T17:12:42+08:00][sql] SELECT `id` FROM `tp_module` WHERE  `model_name` = 'Article' LIMIT 1 [ RunTime:0.000847s ]
[2023-05-10T17:12:42+08:00][sql] SELECT * FROM `tp_field` WHERE  `module_id` = 19 [ RunTime:0.002370s ]
[2023-05-10T17:12:42+08:00][sql] SHOW FULL COLUMNS FROM `tp_article` [ RunTime:0.012311s ]
[2023-05-10T17:12:42+08:00][sql] SELECT COUNT(*) AS think_count FROM `tp_article` `Article` LIMIT 1 [ RunTime:0.000951s ]
[2023-05-10T17:12:42+08:00][sql] SELECT * FROM `tp_article` `Article` ORDER BY `id` DESC LIMIT 0,10 [ RunTime:0.001087s ]
[2023-05-10T17:12:42+08:00][sql] SELECT * FROM `tp_cate` WHERE  `id` IN (6,5) [ RunTime:0.000827s ]
[2023-05-10T17:12:42+08:00][sql] SHOW FULL COLUMNS FROM `tp_users_type` [ RunTime:0.012085s ]
[2023-05-10T17:12:42+08:00][sql] SELECT * FROM `tp_users_type` WHERE  `id` IN (0,1) [ RunTime:0.000848s ]
[2023-05-10T17:12:42+08:00][sql] SELECT * FROM `tp_module` WHERE  `model_name` = 'Article' LIMIT 1 [ RunTime:0.001282s ]
[2023-05-10T17:12:42+08:00][sql] SELECT * FROM `tp_module` WHERE  `table_name` = 'article' LIMIT 1 [ RunTime:0.001032s ]
[2023-05-10T17:12:42+08:00][sql] SELECT * FROM `tp_field` WHERE  `module_id` = 19 ORDER BY `sort` ASC,`id` ASC [ RunTime:0.002221s ]
[2023-05-10T17:12:42+08:00][info] $data[pid]
[2023-05-10T17:12:42+08:00][info] 188
[2023-05-10T17:12:42+08:00][info] $data[pid]
[2023-05-10T17:12:42+08:00][info] 188
[2023-05-10T17:12:45+08:00][sql] CONNECT:[ UseTime:0.000990s ] mysql:host=127.0.0.1;port=3306;dbname=ztx;charset=utf8mb4
[2023-05-10T17:12:45+08:00][sql] SHOW FULL COLUMNS FROM `tp_auth_rule` [ RunTime:0.011699s ]
[2023-05-10T17:12:45+08:00][sql] SELECT * FROM `tp_auth_rule` WHERE  `status` = 1 ORDER BY `sort` ASC [ RunTime:0.001405s ]
[2023-05-10T17:12:45+08:00][sql] SELECT * FROM `tp_auth_rule` WHERE  `name` = 'Article/add' LIMIT 1 [ RunTime:0.001570s ]
[2023-05-10T17:12:45+08:00][sql] SELECT * FROM `tp_auth_rule` WHERE  `id` = 199 LIMIT 1 [ RunTime:0.000835s ]
[2023-05-10T17:12:45+08:00][sql] SELECT * FROM `tp_auth_rule` WHERE  `name` = 'Article/index' LIMIT 1 [ RunTime:0.001004s ]
[2023-05-10T17:12:45+08:00][sql] SELECT * FROM `tp_auth_rule` WHERE  `id` = 188 LIMIT 1 [ RunTime:0.000619s ]
[2023-05-10T17:12:45+08:00][sql] SELECT * FROM `tp_auth_rule` WHERE  `name` = 'Page' LIMIT 1 [ RunTime:0.000751s ]
[2023-05-10T17:12:45+08:00][sql] SHOW FULL COLUMNS FROM `tp_module` [ RunTime:0.015746s ]
[2023-05-10T17:12:45+08:00][sql] SELECT * FROM `tp_module` WHERE  `model_name` = 'Article' LIMIT 1 [ RunTime:0.001468s ]
[2023-05-10T17:12:45+08:00][sql] SHOW FULL COLUMNS FROM `tp_cate` [ RunTime:0.015202s ]
[2023-05-10T17:12:45+08:00][sql] SELECT * FROM `tp_cate` ORDER BY `sort`,`id` DESC [ RunTime:0.000911s ]
[2023-05-10T17:12:45+08:00][sql] SELECT * FROM `tp_module` WHERE  `id` IN (18,19,21,22,23,24,25) [ RunTime:0.001635s ]
[2023-05-10T17:12:45+08:00][sql] SELECT * FROM `tp_module` WHERE  `model_name` = 'Cate' LIMIT 1 [ RunTime:0.000839s ]
[2023-05-10T17:12:45+08:00][sql] SELECT * FROM `tp_module` WHERE  `table_name` = 'cate' LIMIT 1 [ RunTime:0.000684s ]
[2023-05-10T17:12:45+08:00][sql] SHOW FULL COLUMNS FROM `tp_field` [ RunTime:0.017396s ]
[2023-05-10T17:12:45+08:00][sql] SELECT * FROM `tp_field` WHERE  `module_id` = 20 ORDER BY `sort` ASC,`id` ASC [ RunTime:0.001234s ]
[2023-05-10T17:12:45+08:00][sql] SHOW FULL COLUMNS FROM `tp_system` [ RunTime:0.015740s ]
[2023-05-10T17:12:45+08:00][sql] SELECT * FROM `tp_system` WHERE  `id` = 1 LIMIT 1 [ RunTime:0.001887s ]
[2023-05-10T17:12:45+08:00][sql] SELECT * FROM `tp_auth_rule` WHERE  `auth_open` = 0 [ RunTime:0.002169s ]
[2023-05-10T17:12:45+08:00][sql] SELECT * FROM `tp_auth_rule` [ RunTime:0.002130s ]
[2023-05-10T17:12:45+08:00][sql] SELECT * FROM `tp_auth_rule` WHERE  `name` = 'Article/add' LIMIT 1 [ RunTime:0.001235s ]
[2023-05-10T17:12:45+08:00][sql] SELECT * FROM `tp_auth_rule` WHERE  `id` = 199 LIMIT 1 [ RunTime:0.000823s ]
[2023-05-10T17:12:45+08:00][sql] SELECT * FROM `tp_auth_rule` WHERE  `name` = 'Article/index' LIMIT 1 [ RunTime:0.001072s ]
[2023-05-10T17:12:45+08:00][sql] SELECT * FROM `tp_auth_rule` WHERE  `id` = 188 LIMIT 1 [ RunTime:0.000687s ]
[2023-05-10T17:12:45+08:00][sql] SELECT * FROM `tp_auth_rule` WHERE  `name` = 'Page' LIMIT 1 [ RunTime:0.001105s ]
[2023-05-10T17:12:45+08:00][sql] SHOW FULL COLUMNS FROM `tp_admin_log` [ RunTime:0.015844s ]
[2023-05-10T17:12:45+08:00][sql] SELECT * FROM `tp_admin_log` WHERE  `admin_id` = 1 ORDER BY `id` DESC LIMIT 1 [ RunTime:0.001232s ]
[2023-05-10T17:12:45+08:00][sql] INSERT INTO `tp_admin_log` SET `title` = '[内容管理] -> [文章模块] -> [操作-添加]' , `content` = '{"_layer":"1"}' , `url` = '/admin/Article/add.html?&_layer=1' , `admin_id` = 1 , `user_agent` = 'Mozilla/5.0 (Windows NT 10.0; Win64; x64) AppleWebKit/537.36 (KHTML, like Gecko) Chrome/112.0.0.0 Safari/537.36' , `ip` = '127.0.0.1' , `create_time` = 1683709964 , `update_time` = 1683709964 [ RunTime:0.001552s ]
[2023-05-10T17:12:45+08:00][sql] SELECT * FROM `tp_module` WHERE  `table_name` = 'article' LIMIT 1 [ RunTime:0.000824s ]
[2023-05-10T17:12:45+08:00][sql] SELECT * FROM `tp_module` WHERE  `table_name` = 'article' LIMIT 1 [ RunTime:0.000964s ]
[2023-05-10T17:12:45+08:00][sql] SELECT * FROM `tp_field` WHERE  `module_id` = 19 ORDER BY `sort` ASC,`id` ASC [ RunTime:0.001467s ]
[2023-05-10T17:12:45+08:00][sql] SELECT * FROM `tp_module` WHERE  `model_name` = 'Cate' LIMIT 1 [ RunTime:0.000799s ]
[2023-05-10T17:12:45+08:00][sql] SELECT * FROM `tp_field` WHERE  `module_id` = 20  AND `field` = 'sort' LIMIT 1 [ RunTime:0.001239s ]
[2023-05-10T17:12:45+08:00][sql] SELECT * FROM `tp_module` WHERE  `model_name` = 'Cate' LIMIT 1 [ RunTime:0.000795s ]
[2023-05-10T17:12:45+08:00][sql] SELECT `id` FROM `tp_module` WHERE  `model_name` = 'Cate' LIMIT 1 [ RunTime:0.000566s ]
[2023-05-10T17:12:45+08:00][sql] SELECT `field` FROM `tp_field` WHERE  ( field = 'pid' OR field = 'parent_id'  )  AND `module_id` = 20 LIMIT 1 [ RunTime:0.000811s ]
[2023-05-10T17:12:45+08:00][sql] SELECT `id`,`cate_name`,`parent_id` FROM `tp_cate` ORDER BY `sort` ASC,`id` DESC [ RunTime:0.000592s ]
[2023-05-10T17:12:45+08:00][sql] SELECT `id` FROM `tp_cate` WHERE  `module_id` = 19 [ RunTime:0.000570s ]
[2023-05-10T17:12:45+08:00][sql] SELECT * FROM `tp_module` WHERE  `model_name` = 'UsersType' LIMIT 1 [ RunTime:0.000675s ]
[2023-05-10T17:12:45+08:00][sql] SELECT * FROM `tp_field` WHERE  `module_id` = 6  AND `field` = 'sort' LIMIT 1 [ RunTime:0.000802s ]
[2023-05-10T17:12:45+08:00][sql] SELECT * FROM `tp_module` WHERE  `model_name` = 'UsersType' LIMIT 1 [ RunTime:0.001033s ]
[2023-05-10T17:12:45+08:00][sql] SELECT `id` FROM `tp_module` WHERE  `model_name` = 'UsersType' LIMIT 1 [ RunTime:0.000959s ]
[2023-05-10T17:12:45+08:00][sql] SELECT `field` FROM `tp_field` WHERE  ( field = 'pid' OR field = 'parent_id'  )  AND `module_id` = 6 LIMIT 1 [ RunTime:0.001293s ]
[2023-05-10T17:12:45+08:00][sql] SHOW FULL COLUMNS FROM `tp_users_type` [ RunTime:0.011237s ]
[2023-05-10T17:12:45+08:00][sql] SELECT `id`,`name` FROM `tp_users_type` ORDER BY `sort` ASC,`id` DESC [ RunTime:0.000654s ]
[2023-05-10T17:12:45+08:00][sql] SHOW FULL COLUMNS FROM `tp_dictionary` [ RunTime:0.017624s ]
[2023-05-10T17:12:45+08:00][sql] SELECT `dict_value`,`dict_label` FROM `tp_dictionary` WHERE  `dict_type` = '1' ORDER BY `sort` ASC,`id` DESC [ RunTime:0.000830s ]
[2023-05-10T17:12:45+08:00][sql] SELECT * FROM `tp_module` WHERE  `model_name` = 'Article' LIMIT 1 [ RunTime:0.000812s ]
[2023-05-10T17:12:45+08:00][sql] SHOW FULL COLUMNS FROM `tp_field_group` [ RunTime:0.031577s ]
[2023-05-10T17:12:45+08:00][sql] SELECT * FROM `tp_field_group` WHERE  `module_id` = 19 ORDER BY `sort` ASC,`id` DESC [ RunTime:0.000912s ]
[2023-05-10T17:12:45+08:00][sql] SELECT * FROM `tp_module` WHERE  `table_name` = 'article' LIMIT 1 [ RunTime:0.001219s ]
[2023-05-10T17:12:45+08:00][sql] SELECT * FROM `tp_field` WHERE  `module_id` = 19 ORDER BY `sort` ASC,`id` ASC [ RunTime:0.002024s ]
[2023-05-10T17:12:45+08:00][sql] SELECT * FROM `tp_module` WHERE  `table_name` = 'article' LIMIT 1 [ RunTime:0.001436s ]
[2023-05-10T17:12:45+08:00][sql] SHOW FULL COLUMNS FROM `tp_article` [ RunTime:0.011017s ]
[2023-05-10T17:12:45+08:00][sql] SELECT MAX(`sort`) AS think_max FROM `tp_article` LIMIT 1 [ RunTime:0.000797s ]
[2023-05-10T17:12:45+08:00][info] $data[pid]
[2023-05-10T17:12:45+08:00][info] 199
[2023-05-10T17:12:45+08:00][info] $data[pid]
[2023-05-10T17:12:45+08:00][info] 188
[2023-05-10T17:12:45+08:00][info] $data[pid]
[2023-05-10T17:12:45+08:00][info] 199
[2023-05-10T17:12:45+08:00][info] $data[pid]
[2023-05-10T17:12:45+08:00][info] 188
[2023-05-10T17:12:49+08:00][sql] CONNECT:[ UseTime:0.001353s ] mysql:host=127.0.0.1;port=3306;dbname=ztx;charset=utf8mb4
[2023-05-10T17:12:49+08:00][sql] SHOW FULL COLUMNS FROM `tp_auth_rule` [ RunTime:0.013784s ]
[2023-05-10T17:12:49+08:00][sql] SELECT * FROM `tp_auth_rule` WHERE  `status` = 1 ORDER BY `sort` ASC [ RunTime:0.001058s ]
[2023-05-10T17:12:49+08:00][sql] SELECT * FROM `tp_auth_rule` WHERE  `name` = 'Article/addPost' LIMIT 1 [ RunTime:0.001802s ]
[2023-05-10T17:12:49+08:00][sql] SELECT * FROM `tp_auth_rule` WHERE  `id` = 199 LIMIT 1 [ RunTime:0.000770s ]
[2023-05-10T17:12:49+08:00][sql] SELECT * FROM `tp_auth_rule` WHERE  `name` = 'Article/index' LIMIT 1 [ RunTime:0.002092s ]
[2023-05-10T17:12:49+08:00][sql] SELECT * FROM `tp_auth_rule` WHERE  `id` = 188 LIMIT 1 [ RunTime:0.000833s ]
[2023-05-10T17:12:49+08:00][sql] SELECT * FROM `tp_auth_rule` WHERE  `name` = 'Page' LIMIT 1 [ RunTime:0.001066s ]
[2023-05-10T17:12:49+08:00][sql] SHOW FULL COLUMNS FROM `tp_module` [ RunTime:0.012362s ]
[2023-05-10T17:12:49+08:00][sql] SELECT * FROM `tp_module` WHERE  `model_name` = 'Article' LIMIT 1 [ RunTime:0.000830s ]
[2023-05-10T17:12:49+08:00][sql] SHOW FULL COLUMNS FROM `tp_cate` [ RunTime:0.010467s ]
[2023-05-10T17:12:49+08:00][sql] SELECT * FROM `tp_cate` ORDER BY `sort`,`id` DESC [ RunTime:0.001327s ]
[2023-05-10T17:12:49+08:00][sql] SELECT * FROM `tp_module` WHERE  `id` IN (18,19,21,22,23,24,25) [ RunTime:0.000964s ]
[2023-05-10T17:12:49+08:00][sql] SELECT * FROM `tp_module` WHERE  `model_name` = 'Cate' LIMIT 1 [ RunTime:0.000874s ]
[2023-05-10T17:12:49+08:00][sql] SELECT * FROM `tp_module` WHERE  `table_name` = 'cate' LIMIT 1 [ RunTime:0.000700s ]
[2023-05-10T17:12:49+08:00][sql] SHOW FULL COLUMNS FROM `tp_field` [ RunTime:0.009202s ]
[2023-05-10T17:12:49+08:00][sql] SELECT * FROM `tp_field` WHERE  `module_id` = 20 ORDER BY `sort` ASC,`id` ASC [ RunTime:0.001018s ]
[2023-05-10T17:12:49+08:00][sql] SHOW FULL COLUMNS FROM `tp_system` [ RunTime:0.010170s ]
[2023-05-10T17:12:49+08:00][sql] SELECT * FROM `tp_system` WHERE  `id` = 1 LIMIT 1 [ RunTime:0.000746s ]
[2023-05-10T17:12:49+08:00][sql] SELECT * FROM `tp_auth_rule` WHERE  `auth_open` = 0 [ RunTime:0.000887s ]
[2023-05-10T17:12:49+08:00][sql] SELECT * FROM `tp_auth_rule` [ RunTime:0.001072s ]
[2023-05-10T17:12:49+08:00][sql] SELECT * FROM `tp_auth_rule` WHERE  `name` = 'Article/addPost' LIMIT 1 [ RunTime:0.001036s ]
[2023-05-10T17:12:49+08:00][sql] SELECT * FROM `tp_auth_rule` WHERE  `id` = 199 LIMIT 1 [ RunTime:0.000598s ]
[2023-05-10T17:12:49+08:00][sql] SELECT * FROM `tp_auth_rule` WHERE  `name` = 'Article/index' LIMIT 1 [ RunTime:0.001052s ]
[2023-05-10T17:12:49+08:00][sql] SELECT * FROM `tp_auth_rule` WHERE  `id` = 188 LIMIT 1 [ RunTime:0.000581s ]
[2023-05-10T17:12:49+08:00][sql] SELECT * FROM `tp_auth_rule` WHERE  `name` = 'Page' LIMIT 1 [ RunTime:0.000585s ]
[2023-05-10T17:12:49+08:00][sql] SHOW FULL COLUMNS FROM `tp_admin_log` [ RunTime:0.008347s ]
[2023-05-10T17:12:49+08:00][sql] SELECT * FROM `tp_admin_log` WHERE  `admin_id` = 1 ORDER BY `id` DESC LIMIT 1 [ RunTime:0.001138s ]
[2023-05-10T17:12:49+08:00][sql] INSERT INTO `tp_admin_log` SET `title` = '[内容管理] -> [文章模块] -> [操作-添加保存]' , `content` = '{"cate_id":"","title":"","author":"","source":"","content":"","summary":"","image":"","file":"","upload_type":"image","images":[""],"images_title":[""],"images_small":[""],"site_img_choose":"","download":"","tags":"","hits":"0","keywords":"","description":"","template":"","url":"","view_auth":"","status":"1","sort":"51"}' , `url` = '/admin/Article/addPost.html' , `admin_id` = 1 , `user_agent` = 'Mozilla/5.0 (Windows NT 10.0; Win64; x64) AppleWebKit/537.36 (KHTML, like Gecko) Chrome/112.0.0.0 Safari/537.36' , `ip` = '127.0.0.1' , `create_time` = 1683709969 , `update_time` = 1683709969 [ RunTime:0.001345s ]
[2023-05-10T17:12:49+08:00][info] $data[pid]
[2023-05-10T17:12:49+08:00][info] 199
[2023-05-10T17:12:49+08:00][info] $data[pid]
[2023-05-10T17:12:49+08:00][info] 188
[2023-05-10T17:12:49+08:00][info] $data[pid]
[2023-05-10T17:12:49+08:00][info] 199
[2023-05-10T17:12:49+08:00][info] $data[pid]
[2023-05-10T17:12:49+08:00][info] 188
