[2023-05-15T00:20:16+08:00][sql] CONNECT:[ UseTime:0.043599s ] mysql:host=127.0.0.1;port=3306;dbname=ztx;charset=utf8mb4
[2023-05-15T00:20:16+08:00][sql] SHOW FULL COLUMNS FROM `tp_system` [ RunTime:0.055588s ]
[2023-05-15T00:20:16+08:00][sql] SELECT * FROM `tp_system` WHERE  `id` = 1 LIMIT 1 [ RunTime:0.013457s ]
[2023-05-15T00:20:16+08:00][sql] SHOW FULL COLUMNS FROM `tp_cate` [ RunTime:0.009988s ]
[2023-05-15T00:20:16+08:00][sql] SELECT `id`,`cate_name`,`cate_folder`,`module_id` FROM `tp_cate` ORDER BY `sort` ASC,`id` ASC [ RunTime:0.007550s ]
[2023-05-15T00:20:16+08:00][sql] SHOW FULL COLUMNS FROM `tp_module` [ RunTime:0.008080s ]
[2023-05-15T00:20:16+08:00][sql] SELECT * FROM `tp_module` WHERE  `id` = 18 LIMIT 1 [ RunTime:0.002150s ]
[2023-05-15T00:20:16+08:00][sql] SELECT * FROM `tp_module` WHERE  `id` = 19 LIMIT 1 [ RunTime:0.000942s ]
[2023-05-15T00:20:16+08:00][sql] SELECT * FROM `tp_module` WHERE  `id` = 21 LIMIT 1 [ RunTime:0.000585s ]
[2023-05-15T00:20:16+08:00][sql] SELECT * FROM `tp_module` WHERE  `id` = 22 LIMIT 1 [ RunTime:0.000575s ]
[2023-05-15T00:20:16+08:00][sql] SELECT * FROM `tp_module` WHERE  `id` = 23 LIMIT 1 [ RunTime:0.000409s ]
[2023-05-15T00:20:16+08:00][sql] SELECT * FROM `tp_module` WHERE  `id` = 24 LIMIT 1 [ RunTime:0.000605s ]
[2023-05-15T00:20:16+08:00][sql] SELECT * FROM `tp_module` WHERE  `id` = 25 LIMIT 1 [ RunTime:0.000365s ]
[2023-05-15T00:20:16+08:00][sql] SELECT * FROM `tp_module` WHERE  `id` = 18 LIMIT 1 [ RunTime:0.000420s ]
[2023-05-15T00:20:16+08:00][sql] SELECT * FROM `tp_module` WHERE  `id` = 18 LIMIT 1 [ RunTime:0.000413s ]
[2023-05-15T00:20:16+08:00][sql] SELECT * FROM `tp_module` WHERE  `id` = 19 LIMIT 1 [ RunTime:0.000400s ]
[2023-05-15T00:20:16+08:00][sql] SELECT * FROM `tp_module` WHERE  `id` = 21 LIMIT 1 [ RunTime:0.000384s ]
[2023-05-15T00:20:16+08:00][sql] SELECT * FROM `tp_system` WHERE  `id` = 1 LIMIT 1 [ RunTime:0.000931s ]
[2023-05-15T00:20:16+08:00][sql] SELECT * FROM `tp_cate` WHERE  `is_menu` = 1 ORDER BY `sort` ASC,`id` DESC [ RunTime:0.001955s ]
[2023-05-15T00:20:16+08:00][sql] SELECT * FROM `tp_module` WHERE  `id` IN (18,19,21,22,23,24,25) [ RunTime:0.005422s ]
[2023-05-15T00:20:16+08:00][sql] SELECT * FROM `tp_cate` WHERE  `is_menu` = 1 ORDER BY `sort` ASC,`id` DESC [ RunTime:0.000896s ]
[2023-05-15T00:20:16+08:00][sql] SELECT * FROM `tp_module` WHERE  `id` IN (18,19,21,22,23,24,25) [ RunTime:0.000708s ]
[2023-05-15T00:20:16+08:00][sql] SHOW FULL COLUMNS FROM `tp_ad` [ RunTime:0.012374s ]
[2023-05-15T00:20:16+08:00][sql] SELECT * FROM `tp_ad` WHERE  `status` = 1  AND `type_id` = 1 ORDER BY `sort` ASC,`id` DESC [ RunTime:0.001929s ]
[2023-05-15T00:20:16+08:00][sql] SELECT * FROM `tp_ad` WHERE  `status` = 1  AND `type_id` = 1 ORDER BY `sort` ASC,`id` DESC [ RunTime:0.000443s ]
[2023-05-15T00:20:16+08:00][sql] SHOW FULL COLUMNS FROM `tp_debris` [ RunTime:0.006834s ]
[2023-05-15T00:20:16+08:00][sql] SELECT `content` FROM `tp_debris` WHERE  `name` = 'AboutUs'  AND `status` = 1 LIMIT 1 [ RunTime:0.003246s ]
[2023-05-15T00:20:16+08:00][sql] SELECT * FROM `tp_cate` WHERE  `id` = 6 LIMIT 1 [ RunTime:0.000474s ]
[2023-05-15T00:20:16+08:00][sql] SELECT * FROM `tp_module` WHERE  `id` = 19 [ RunTime:0.000413s ]
[2023-05-15T00:20:16+08:00][sql] SELECT * FROM `tp_cate` WHERE  `id` = 8 LIMIT 1 [ RunTime:0.000482s ]
[2023-05-15T00:20:16+08:00][sql] SELECT * FROM `tp_module` WHERE  `id` = 22 [ RunTime:0.000414s ]
[2023-05-15T00:20:16+08:00][sql] SELECT * FROM `tp_cate` WHERE  `id` = 8 LIMIT 1 [ RunTime:0.000411s ]
[2023-05-15T00:20:16+08:00][sql] SELECT * FROM `tp_module` WHERE  `id` = 22 [ RunTime:0.000388s ]
[2023-05-15T00:20:16+08:00][sql] SELECT * FROM `tp_cate` WHERE  `id` = 8 LIMIT 1 [ RunTime:0.000375s ]
[2023-05-15T00:20:16+08:00][sql] SELECT * FROM `tp_module` WHERE  `id` = 22 [ RunTime:0.000501s ]
[2023-05-15T00:20:16+08:00][sql] SELECT `id`,`parent_id` FROM `tp_cate` [ RunTime:0.000559s ]
[2023-05-15T00:20:16+08:00][sql] SHOW FULL COLUMNS FROM `tp_product` [ RunTime:0.008040s ]
[2023-05-15T00:20:16+08:00][sql] SELECT * FROM `tp_product` WHERE  (  status = 1  )  AND `cate_id` IN (8,9,10) ORDER BY `sort` ASC,`id` DESC LIMIT 4 [ RunTime:0.002486s ]
[2023-05-15T00:20:16+08:00][sql] SELECT * FROM `tp_cate` WHERE  `id` = 9 [ RunTime:0.000679s ]
[2023-05-15T00:20:16+08:00][sql] SELECT * FROM `tp_cate` WHERE  `id` = 9 [ RunTime:0.000423s ]
[2023-05-15T00:20:16+08:00][sql] SELECT * FROM `tp_module` WHERE  `id` = 22 [ RunTime:0.000605s ]
[2023-05-15T00:20:16+08:00][sql] SHOW FULL COLUMNS FROM `tp_field` [ RunTime:0.007936s ]
[2023-05-15T00:20:16+08:00][sql] SELECT * FROM `tp_field` WHERE  `module_id` = 22 [ RunTime:0.003647s ]
[2023-05-15T00:20:16+08:00][sql] SELECT * FROM `tp_module` WHERE  `id` = 22 [ RunTime:0.000510s ]
[2023-05-15T00:20:16+08:00][sql] SHOW FULL COLUMNS FROM `tp_dictionary_type` [ RunTime:0.008189s ]
[2023-05-15T00:20:16+08:00][sql] SELECT * FROM `tp_dictionary_type` WHERE  `id` IN (0,1) [ RunTime:0.000945s ]
[2023-05-15T00:20:16+08:00][sql] SHOW FULL COLUMNS FROM `tp_dictionary` [ RunTime:0.007313s ]
[2023-05-15T00:20:16+08:00][sql] SELECT `dict_value`,`dict_label` FROM `tp_dictionary` WHERE  `dict_type` = '1' ORDER BY `sort` ASC,`id` DESC [ RunTime:0.000907s ]
[2023-05-15T00:20:16+08:00][sql] SELECT * FROM `tp_module` WHERE  `model_name` = 'Cate' LIMIT 1 [ RunTime:0.000453s ]
[2023-05-15T00:20:16+08:00][sql] SELECT * FROM `tp_field` WHERE  `module_id` = 20  AND `field` = 'sort' LIMIT 1 [ RunTime:0.000837s ]
[2023-05-15T00:20:16+08:00][sql] SELECT * FROM `tp_module` WHERE  `model_name` = 'Cate' LIMIT 1 [ RunTime:0.000793s ]
[2023-05-15T00:20:16+08:00][sql] SELECT `id` FROM `tp_module` WHERE  `model_name` = 'Cate' LIMIT 1 [ RunTime:0.001020s ]
[2023-05-15T00:20:16+08:00][sql] SELECT `field` FROM `tp_field` WHERE  ( field = 'pid' OR field = 'parent_id'  )  AND `module_id` = 20 LIMIT 1 [ RunTime:0.000801s ]
[2023-05-15T00:20:16+08:00][sql] SELECT `id`,`cate_name`,`parent_id` FROM `tp_cate` ORDER BY `sort` ASC,`id` DESC [ RunTime:0.000370s ]
[2023-05-15T00:20:16+08:00][sql] SELECT `id` FROM `tp_cate` WHERE  `module_id` = 22 [ RunTime:0.000498s ]
[2023-05-15T00:20:16+08:00][sql] SELECT * FROM `tp_module` WHERE  `model_name` = 'UsersType' LIMIT 1 [ RunTime:0.000437s ]
[2023-05-15T00:20:16+08:00][sql] SELECT * FROM `tp_field` WHERE  `module_id` = 6  AND `field` = 'sort' LIMIT 1 [ RunTime:0.000503s ]
[2023-05-15T00:20:16+08:00][sql] SELECT * FROM `tp_module` WHERE  `model_name` = 'UsersType' LIMIT 1 [ RunTime:0.000398s ]
[2023-05-15T00:20:16+08:00][sql] SELECT `id` FROM `tp_module` WHERE  `model_name` = 'UsersType' LIMIT 1 [ RunTime:0.000343s ]
[2023-05-15T00:20:16+08:00][sql] SELECT `field` FROM `tp_field` WHERE  ( field = 'pid' OR field = 'parent_id'  )  AND `module_id` = 6 LIMIT 1 [ RunTime:0.000513s ]
[2023-05-15T00:20:16+08:00][sql] SHOW FULL COLUMNS FROM `tp_users_type` [ RunTime:0.006218s ]
[2023-05-15T00:20:16+08:00][sql] SELECT `id`,`name` FROM `tp_users_type` ORDER BY `sort` ASC,`id` DESC [ RunTime:0.002103s ]
[2023-05-15T00:20:16+08:00][sql] SELECT * FROM `tp_field` WHERE  `module_id` = 22 [ RunTime:0.001419s ]
[2023-05-15T00:20:16+08:00][sql] SELECT * FROM `tp_module` WHERE  `id` = 22 [ RunTime:0.000507s ]
[2023-05-15T00:20:16+08:00][sql] SELECT * FROM `tp_dictionary_type` WHERE  `id` IN (0,1) [ RunTime:0.000736s ]
[2023-05-15T00:20:16+08:00][sql] SELECT * FROM `tp_field` WHERE  `module_id` = 22 [ RunTime:0.001486s ]
[2023-05-15T00:20:16+08:00][sql] SELECT * FROM `tp_module` WHERE  `id` = 22 [ RunTime:0.000450s ]
[2023-05-15T00:20:16+08:00][sql] SELECT * FROM `tp_dictionary_type` WHERE  `id` IN (0,1) [ RunTime:0.000388s ]
[2023-05-15T00:20:16+08:00][sql] SELECT * FROM `tp_field` WHERE  `module_id` = 22 [ RunTime:0.001722s ]
[2023-05-15T00:20:16+08:00][sql] SELECT * FROM `tp_module` WHERE  `id` = 22 [ RunTime:0.000501s ]
[2023-05-15T00:20:16+08:00][sql] SELECT * FROM `tp_dictionary_type` WHERE  `id` IN (0,1) [ RunTime:0.000434s ]
[2023-05-15T00:20:16+08:00][sql] SELECT * FROM `tp_field` WHERE  `module_id` = 22 [ RunTime:0.002071s ]
[2023-05-15T00:20:16+08:00][sql] SELECT * FROM `tp_module` WHERE  `id` = 22 [ RunTime:0.000625s ]
[2023-05-15T00:20:16+08:00][sql] SELECT * FROM `tp_dictionary_type` WHERE  `id` IN (0,1) [ RunTime:0.000505s ]
[2023-05-15T00:20:16+08:00][sql] SELECT * FROM `tp_cate` WHERE  `id` = 4 LIMIT 1 [ RunTime:0.000528s ]
[2023-05-15T00:20:16+08:00][sql] SELECT * FROM `tp_module` WHERE  `id` = 19 [ RunTime:0.000545s ]
[2023-05-15T00:20:16+08:00][sql] SELECT * FROM `tp_cate` WHERE  `id` = 4 LIMIT 1 [ RunTime:0.000446s ]
[2023-05-15T00:20:16+08:00][sql] SELECT * FROM `tp_module` WHERE  `id` = 19 [ RunTime:0.000384s ]
[2023-05-15T00:20:16+08:00][sql] SELECT * FROM `tp_cate` WHERE  `id` = 4 LIMIT 1 [ RunTime:0.000411s ]
[2023-05-15T00:20:16+08:00][sql] SELECT * FROM `tp_module` WHERE  `id` = 19 [ RunTime:0.000388s ]
[2023-05-15T00:20:16+08:00][sql] SELECT `id`,`parent_id` FROM `tp_cate` [ RunTime:0.000516s ]
[2023-05-15T00:20:16+08:00][sql] SHOW FULL COLUMNS FROM `tp_article` [ RunTime:0.006787s ]
[2023-05-15T00:20:16+08:00][sql] SELECT * FROM `tp_article` WHERE  ( image <>'' AND status = 1  )  AND `cate_id` IN (4,5,6) ORDER BY `sort` ASC,`id` DESC LIMIT 4 [ RunTime:0.002689s ]
[2023-05-15T00:20:16+08:00][sql] SELECT * FROM `tp_cate` WHERE  `id` = 5 [ RunTime:0.000459s ]
[2023-05-15T00:20:16+08:00][sql] SELECT * FROM `tp_cate` WHERE  `id` = 5 [ RunTime:0.000385s ]
[2023-05-15T00:20:16+08:00][sql] SELECT * FROM `tp_module` WHERE  `id` = 19 [ RunTime:0.000356s ]
[2023-05-15T00:20:16+08:00][sql] SELECT * FROM `tp_field` WHERE  `module_id` = 19 [ RunTime:0.001158s ]
[2023-05-15T00:20:16+08:00][sql] SELECT * FROM `tp_module` WHERE  `id` = 19 [ RunTime:0.000453s ]
[2023-05-15T00:20:16+08:00][sql] SELECT * FROM `tp_dictionary_type` WHERE  `id` IN (0,1) [ RunTime:0.000585s ]
[2023-05-15T00:20:16+08:00][sql] SELECT `dict_value`,`dict_label` FROM `tp_dictionary` WHERE  `dict_type` = '1' ORDER BY `sort` ASC,`id` DESC [ RunTime:0.000531s ]
[2023-05-15T00:20:16+08:00][sql] SELECT * FROM `tp_module` WHERE  `model_name` = 'Cate' LIMIT 1 [ RunTime:0.000612s ]
[2023-05-15T00:20:16+08:00][sql] SELECT * FROM `tp_field` WHERE  `module_id` = 20  AND `field` = 'sort' LIMIT 1 [ RunTime:0.001402s ]
[2023-05-15T00:20:16+08:00][sql] SELECT * FROM `tp_module` WHERE  `model_name` = 'Cate' LIMIT 1 [ RunTime:0.000799s ]
[2023-05-15T00:20:16+08:00][sql] SELECT `id` FROM `tp_module` WHERE  `model_name` = 'Cate' LIMIT 1 [ RunTime:0.000929s ]
[2023-05-15T00:20:16+08:00][sql] SELECT `field` FROM `tp_field` WHERE  ( field = 'pid' OR field = 'parent_id'  )  AND `module_id` = 20 LIMIT 1 [ RunTime:0.000981s ]
[2023-05-15T00:20:16+08:00][sql] SELECT `id`,`cate_name`,`parent_id` FROM `tp_cate` ORDER BY `sort` ASC,`id` DESC [ RunTime:0.000592s ]
[2023-05-15T00:20:16+08:00][sql] SELECT `id` FROM `tp_cate` WHERE  `module_id` = 19 [ RunTime:0.000620s ]
[2023-05-15T00:20:16+08:00][sql] SELECT * FROM `tp_module` WHERE  `model_name` = 'UsersType' LIMIT 1 [ RunTime:0.000647s ]
[2023-05-15T00:20:16+08:00][sql] SELECT * FROM `tp_field` WHERE  `module_id` = 6  AND `field` = 'sort' LIMIT 1 [ RunTime:0.000656s ]
[2023-05-15T00:20:16+08:00][sql] SELECT * FROM `tp_module` WHERE  `model_name` = 'UsersType' LIMIT 1 [ RunTime:0.000733s ]
[2023-05-15T00:20:16+08:00][sql] SELECT `id` FROM `tp_module` WHERE  `model_name` = 'UsersType' LIMIT 1 [ RunTime:0.000832s ]
[2023-05-15T00:20:16+08:00][sql] SELECT `field` FROM `tp_field` WHERE  ( field = 'pid' OR field = 'parent_id'  )  AND `module_id` = 6 LIMIT 1 [ RunTime:0.000954s ]
[2023-05-15T00:20:16+08:00][sql] SELECT `id`,`name` FROM `tp_users_type` ORDER BY `sort` ASC,`id` DESC [ RunTime:0.000612s ]
[2023-05-15T00:20:16+08:00][sql] SELECT * FROM `tp_field` WHERE  `module_id` = 19 [ RunTime:0.001334s ]
[2023-05-15T00:20:16+08:00][sql] SELECT * FROM `tp_module` WHERE  `id` = 19 [ RunTime:0.000510s ]
[2023-05-15T00:20:16+08:00][sql] SELECT * FROM `tp_dictionary_type` WHERE  `id` IN (0,1) [ RunTime:0.000745s ]
[2023-05-15T00:20:16+08:00][sql] SELECT * FROM `tp_field` WHERE  `module_id` = 19 [ RunTime:0.001540s ]
[2023-05-15T00:20:16+08:00][sql] SELECT * FROM `tp_module` WHERE  `id` = 19 [ RunTime:0.000409s ]
[2023-05-15T00:20:16+08:00][sql] SELECT * FROM `tp_dictionary_type` WHERE  `id` IN (0,1) [ RunTime:0.000371s ]
[2023-05-15T00:20:16+08:00][sql] SELECT * FROM `tp_field` WHERE  `module_id` = 19 [ RunTime:0.002451s ]
[2023-05-15T00:20:16+08:00][sql] SELECT * FROM `tp_module` WHERE  `id` = 19 [ RunTime:0.000539s ]
[2023-05-15T00:20:16+08:00][sql] SELECT * FROM `tp_dictionary_type` WHERE  `id` IN (0,1) [ RunTime:0.000442s ]
[2023-05-15T00:20:16+08:00][sql] SELECT * FROM `tp_field` WHERE  `module_id` = 19 [ RunTime:0.002077s ]
[2023-05-15T00:20:16+08:00][sql] SELECT * FROM `tp_module` WHERE  `id` = 19 [ RunTime:0.000891s ]
[2023-05-15T00:20:16+08:00][sql] SELECT * FROM `tp_dictionary_type` WHERE  `id` IN (0,1) [ RunTime:0.000514s ]
[2023-05-15T00:20:16+08:00][sql] SELECT * FROM `tp_cate` WHERE  `id` = 7 LIMIT 1 [ RunTime:0.000695s ]
[2023-05-15T00:20:16+08:00][sql] SELECT * FROM `tp_module` WHERE  `id` = 21 [ RunTime:0.000474s ]
[2023-05-15T00:20:16+08:00][sql] SELECT * FROM `tp_cate` WHERE  `id` = 7 LIMIT 1 [ RunTime:0.000625s ]
[2023-05-15T00:20:16+08:00][sql] SELECT * FROM `tp_module` WHERE  `id` = 21 [ RunTime:0.000459s ]
[2023-05-15T00:20:16+08:00][sql] SELECT * FROM `tp_cate` WHERE  `id` = 7 LIMIT 1 [ RunTime:0.000399s ]
[2023-05-15T00:20:16+08:00][sql] SELECT * FROM `tp_module` WHERE  `id` = 21 [ RunTime:0.000357s ]
[2023-05-15T00:20:16+08:00][sql] SELECT `id`,`parent_id` FROM `tp_cate` [ RunTime:0.000322s ]
[2023-05-15T00:20:16+08:00][sql] SHOW FULL COLUMNS FROM `tp_picture` [ RunTime:0.008534s ]
[2023-05-15T00:20:16+08:00][sql] SELECT * FROM `tp_picture` WHERE  (  status = 1  )  AND `cate_id` = 7 ORDER BY `sort` ASC,`id` DESC LIMIT 3 [ RunTime:0.001293s ]
[2023-05-15T00:20:16+08:00][sql] SELECT * FROM `tp_cate` WHERE  `id` = 7 [ RunTime:0.000448s ]
[2023-05-15T00:20:16+08:00][sql] SELECT * FROM `tp_cate` WHERE  `id` = 7 [ RunTime:0.000380s ]
[2023-05-15T00:20:16+08:00][sql] SELECT * FROM `tp_module` WHERE  `id` = 21 [ RunTime:0.000593s ]
[2023-05-15T00:20:16+08:00][sql] SELECT * FROM `tp_field` WHERE  `module_id` = 21 [ RunTime:0.001257s ]
[2023-05-15T00:20:16+08:00][sql] SELECT * FROM `tp_module` WHERE  `id` = 21 [ RunTime:0.000405s ]
[2023-05-15T00:20:16+08:00][sql] SELECT * FROM `tp_dictionary_type` WHERE  `id` IN (0,1) [ RunTime:0.000376s ]
[2023-05-15T00:20:16+08:00][sql] SELECT `dict_value`,`dict_label` FROM `tp_dictionary` WHERE  `dict_type` = '1' ORDER BY `sort` ASC,`id` DESC [ RunTime:0.000598s ]
[2023-05-15T00:20:16+08:00][sql] SELECT * FROM `tp_module` WHERE  `model_name` = 'Cate' LIMIT 1 [ RunTime:0.000424s ]
[2023-05-15T00:20:16+08:00][sql] SELECT * FROM `tp_field` WHERE  `module_id` = 20  AND `field` = 'sort' LIMIT 1 [ RunTime:0.000939s ]
[2023-05-15T00:20:16+08:00][sql] SELECT * FROM `tp_module` WHERE  `model_name` = 'Cate' LIMIT 1 [ RunTime:0.000797s ]
[2023-05-15T00:20:16+08:00][sql] SELECT `id` FROM `tp_module` WHERE  `model_name` = 'Cate' LIMIT 1 [ RunTime:0.000582s ]
[2023-05-15T00:20:16+08:00][sql] SELECT `field` FROM `tp_field` WHERE  ( field = 'pid' OR field = 'parent_id'  )  AND `module_id` = 20 LIMIT 1 [ RunTime:0.000521s ]
[2023-05-15T00:20:16+08:00][sql] SELECT `id`,`cate_name`,`parent_id` FROM `tp_cate` ORDER BY `sort` ASC,`id` DESC [ RunTime:0.000375s ]
[2023-05-15T00:20:16+08:00][sql] SELECT `id` FROM `tp_cate` WHERE  `module_id` = 21 [ RunTime:0.000402s ]
[2023-05-15T00:20:16+08:00][sql] SELECT * FROM `tp_module` WHERE  `model_name` = 'UsersType' LIMIT 1 [ RunTime:0.000508s ]
[2023-05-15T00:20:16+08:00][sql] SELECT * FROM `tp_field` WHERE  `module_id` = 6  AND `field` = 'sort' LIMIT 1 [ RunTime:0.000624s ]
[2023-05-15T00:20:16+08:00][sql] SELECT * FROM `tp_module` WHERE  `model_name` = 'UsersType' LIMIT 1 [ RunTime:0.000386s ]
[2023-05-15T00:20:16+08:00][sql] SELECT `id` FROM `tp_module` WHERE  `model_name` = 'UsersType' LIMIT 1 [ RunTime:0.000614s ]
[2023-05-15T00:20:16+08:00][sql] SELECT `field` FROM `tp_field` WHERE  ( field = 'pid' OR field = 'parent_id'  )  AND `module_id` = 6 LIMIT 1 [ RunTime:0.000545s ]
[2023-05-15T00:20:16+08:00][sql] SELECT `id`,`name` FROM `tp_users_type` ORDER BY `sort` ASC,`id` DESC [ RunTime:0.000321s ]
[2023-05-15T00:20:16+08:00][sql] SELECT * FROM `tp_field` WHERE  `module_id` = 21 [ RunTime:0.001097s ]
[2023-05-15T00:20:16+08:00][sql] SELECT * FROM `tp_module` WHERE  `id` = 21 [ RunTime:0.000394s ]
[2023-05-15T00:20:16+08:00][sql] SELECT * FROM `tp_dictionary_type` WHERE  `id` IN (0,1) [ RunTime:0.000375s ]
[2023-05-15T00:20:16+08:00][sql] SELECT * FROM `tp_field` WHERE  `module_id` = 21 [ RunTime:0.001857s ]
[2023-05-15T00:20:16+08:00][sql] SELECT * FROM `tp_module` WHERE  `id` = 21 [ RunTime:0.000388s ]
[2023-05-15T00:20:16+08:00][sql] SELECT * FROM `tp_dictionary_type` WHERE  `id` IN (0,1) [ RunTime:0.000775s ]
[2023-05-15T00:20:16+08:00][sql] SELECT * FROM `tp_field` WHERE  `module_id` = 21 [ RunTime:0.001729s ]
[2023-05-15T00:20:16+08:00][sql] SELECT * FROM `tp_module` WHERE  `id` = 21 [ RunTime:0.000491s ]
[2023-05-15T00:20:16+08:00][sql] SELECT * FROM `tp_dictionary_type` WHERE  `id` IN (0,1) [ RunTime:0.000370s ]
[2023-05-15T00:20:16+08:00][sql] SELECT * FROM `tp_cate` WHERE  `id` = 12 LIMIT 1 [ RunTime:0.000493s ]
[2023-05-15T00:20:16+08:00][sql] SELECT * FROM `tp_module` WHERE  `id` = 24 [ RunTime:0.000586s ]
[2023-05-15T00:20:16+08:00][sql] SELECT `id`,`parent_id` FROM `tp_cate` [ RunTime:0.000574s ]
[2023-05-15T00:20:16+08:00][sql] SHOW FULL COLUMNS FROM `tp_team` [ RunTime:0.008762s ]
[2023-05-15T00:20:16+08:00][sql] SELECT * FROM `tp_team` WHERE  (  status = 1  )  AND `cate_id` = 12 ORDER BY `sort` ASC,`id` DESC LIMIT 6 [ RunTime:0.002532s ]
[2023-05-15T00:20:16+08:00][sql] SELECT * FROM `tp_cate` WHERE  `id` = 12 [ RunTime:0.000414s ]
[2023-05-15T00:20:16+08:00][sql] SELECT * FROM `tp_cate` WHERE  `id` = 12 [ RunTime:0.000369s ]
[2023-05-15T00:20:16+08:00][sql] SELECT * FROM `tp_module` WHERE  `id` = 24 [ RunTime:0.000446s ]
[2023-05-15T00:20:16+08:00][sql] SELECT * FROM `tp_field` WHERE  `module_id` = 24 [ RunTime:0.001532s ]
[2023-05-15T00:20:16+08:00][sql] SELECT * FROM `tp_module` WHERE  `id` = 24 [ RunTime:0.000420s ]
[2023-05-15T00:20:16+08:00][sql] SELECT * FROM `tp_dictionary_type` WHERE  `id` IN (0,1,10,4) [ RunTime:0.000416s ]
[2023-05-15T00:20:16+08:00][sql] SELECT `dict_value`,`dict_label` FROM `tp_dictionary` WHERE  `dict_type` = '1' ORDER BY `sort` ASC,`id` DESC [ RunTime:0.000606s ]
[2023-05-15T00:20:16+08:00][sql] SELECT * FROM `tp_module` WHERE  `model_name` = 'Cate' LIMIT 1 [ RunTime:0.001051s ]
[2023-05-15T00:20:16+08:00][sql] SELECT * FROM `tp_field` WHERE  `module_id` = 20  AND `field` = 'sort' LIMIT 1 [ RunTime:0.001238s ]
[2023-05-15T00:20:16+08:00][sql] SELECT * FROM `tp_module` WHERE  `model_name` = 'Cate' LIMIT 1 [ RunTime:0.000679s ]
[2023-05-15T00:20:16+08:00][sql] SELECT `id` FROM `tp_module` WHERE  `model_name` = 'Cate' LIMIT 1 [ RunTime:0.000373s ]
[2023-05-15T00:20:16+08:00][sql] SELECT `field` FROM `tp_field` WHERE  ( field = 'pid' OR field = 'parent_id'  )  AND `module_id` = 20 LIMIT 1 [ RunTime:0.000425s ]
[2023-05-15T00:20:16+08:00][sql] SELECT `id`,`cate_name`,`parent_id` FROM `tp_cate` ORDER BY `sort` ASC,`id` DESC [ RunTime:0.000350s ]
[2023-05-15T00:20:16+08:00][sql] SELECT `id` FROM `tp_cate` WHERE  `module_id` = 24 [ RunTime:0.000323s ]
[2023-05-15T00:20:16+08:00][sql] SELECT `dict_value`,`dict_label` FROM `tp_dictionary` WHERE  `dict_type` = '10' ORDER BY `sort` ASC,`id` DESC [ RunTime:0.000369s ]
[2023-05-15T00:20:16+08:00][sql] SELECT `dict_value`,`dict_label` FROM `tp_dictionary` WHERE  `dict_type` = '4' ORDER BY `sort` ASC,`id` DESC [ RunTime:0.000358s ]
[2023-05-15T00:20:16+08:00][sql] SELECT * FROM `tp_module` WHERE  `model_name` = 'UsersType' LIMIT 1 [ RunTime:0.000414s ]
[2023-05-15T00:20:16+08:00][sql] SELECT * FROM `tp_field` WHERE  `module_id` = 6  AND `field` = 'sort' LIMIT 1 [ RunTime:0.000493s ]
[2023-05-15T00:20:16+08:00][sql] SELECT * FROM `tp_module` WHERE  `model_name` = 'UsersType' LIMIT 1 [ RunTime:0.000460s ]
[2023-05-15T00:20:16+08:00][sql] SELECT `id` FROM `tp_module` WHERE  `model_name` = 'UsersType' LIMIT 1 [ RunTime:0.000418s ]
[2023-05-15T00:20:16+08:00][sql] SELECT `field` FROM `tp_field` WHERE  ( field = 'pid' OR field = 'parent_id'  )  AND `module_id` = 6 LIMIT 1 [ RunTime:0.000669s ]
[2023-05-15T00:20:16+08:00][sql] SELECT `id`,`name` FROM `tp_users_type` ORDER BY `sort` ASC,`id` DESC [ RunTime:0.000325s ]
[2023-05-15T00:20:16+08:00][sql] SELECT * FROM `tp_field` WHERE  `module_id` = 24 [ RunTime:0.001123s ]
[2023-05-15T00:20:16+08:00][sql] SELECT * FROM `tp_module` WHERE  `id` = 24 [ RunTime:0.000378s ]
[2023-05-15T00:20:16+08:00][sql] SELECT * FROM `tp_dictionary_type` WHERE  `id` IN (0,1,10,4) [ RunTime:0.000372s ]
[2023-05-15T00:20:16+08:00][sql] SELECT * FROM `tp_field` WHERE  `module_id` = 24 [ RunTime:0.002151s ]
[2023-05-15T00:20:16+08:00][sql] SELECT * FROM `tp_module` WHERE  `id` = 24 [ RunTime:0.000638s ]
[2023-05-15T00:20:16+08:00][sql] SELECT * FROM `tp_dictionary_type` WHERE  `id` IN (0,1,10,4) [ RunTime:0.000417s ]
[2023-05-15T00:20:16+08:00][sql] SELECT * FROM `tp_field` WHERE  `module_id` = 24 [ RunTime:0.002666s ]
[2023-05-15T00:20:16+08:00][sql] SELECT * FROM `tp_module` WHERE  `id` = 24 [ RunTime:0.000499s ]
[2023-05-15T00:20:16+08:00][sql] SELECT * FROM `tp_dictionary_type` WHERE  `id` IN (0,1,10,4) [ RunTime:0.000431s ]
[2023-05-15T00:20:16+08:00][sql] SELECT * FROM `tp_field` WHERE  `module_id` = 24 [ RunTime:0.002144s ]
[2023-05-15T00:20:16+08:00][sql] SELECT * FROM `tp_module` WHERE  `id` = 24 [ RunTime:0.001217s ]
[2023-05-15T00:20:16+08:00][sql] SELECT * FROM `tp_dictionary_type` WHERE  `id` IN (0,1,10,4) [ RunTime:0.000673s ]
[2023-05-15T00:20:16+08:00][sql] SELECT * FROM `tp_field` WHERE  `module_id` = 24 [ RunTime:0.002183s ]
[2023-05-15T00:20:16+08:00][sql] SELECT * FROM `tp_module` WHERE  `id` = 24 [ RunTime:0.000543s ]
[2023-05-15T00:20:16+08:00][sql] SELECT * FROM `tp_dictionary_type` WHERE  `id` IN (0,1,10,4) [ RunTime:0.000372s ]
[2023-05-15T00:20:16+08:00][sql] SELECT * FROM `tp_field` WHERE  `module_id` = 24 [ RunTime:0.001841s ]
[2023-05-15T00:20:16+08:00][sql] SELECT * FROM `tp_module` WHERE  `id` = 24 [ RunTime:0.000881s ]
[2023-05-15T00:20:16+08:00][sql] SELECT * FROM `tp_dictionary_type` WHERE  `id` IN (0,1,10,4) [ RunTime:0.001287s ]
[2023-05-15T00:20:16+08:00][sql] SELECT * FROM `tp_cate` WHERE  `id` = 12 LIMIT 1 [ RunTime:0.000907s ]
[2023-05-15T00:20:16+08:00][sql] SELECT * FROM `tp_module` WHERE  `id` = 24 [ RunTime:0.000551s ]
[2023-05-15T00:20:16+08:00][sql] SELECT `id`,`parent_id` FROM `tp_cate` [ RunTime:0.000304s ]
[2023-05-15T00:20:16+08:00][sql] SELECT * FROM `tp_team` WHERE  (  status = 1  )  AND `cate_id` = 12 ORDER BY `sort` ASC,`id` DESC LIMIT 6 [ RunTime:0.000459s ]
[2023-05-15T00:20:16+08:00][sql] SELECT * FROM `tp_cate` WHERE  `id` = 12 [ RunTime:0.000357s ]
[2023-05-15T00:20:16+08:00][sql] SELECT * FROM `tp_cate` WHERE  `id` = 12 [ RunTime:0.000342s ]
[2023-05-15T00:20:16+08:00][sql] SELECT * FROM `tp_module` WHERE  `id` = 24 [ RunTime:0.000345s ]
[2023-05-15T00:20:16+08:00][sql] SELECT * FROM `tp_field` WHERE  `module_id` = 24 [ RunTime:0.001345s ]
[2023-05-15T00:20:16+08:00][sql] SELECT * FROM `tp_module` WHERE  `id` = 24 [ RunTime:0.000390s ]
[2023-05-15T00:20:16+08:00][sql] SELECT * FROM `tp_dictionary_type` WHERE  `id` IN (0,1,10,4) [ RunTime:0.000412s ]
[2023-05-15T00:20:16+08:00][sql] SELECT `dict_value`,`dict_label` FROM `tp_dictionary` WHERE  `dict_type` = '1' ORDER BY `sort` ASC,`id` DESC [ RunTime:0.001125s ]
[2023-05-15T00:20:16+08:00][sql] SELECT * FROM `tp_module` WHERE  `model_name` = 'Cate' LIMIT 1 [ RunTime:0.000446s ]
[2023-05-15T00:20:16+08:00][sql] SELECT * FROM `tp_field` WHERE  `module_id` = 20  AND `field` = 'sort' LIMIT 1 [ RunTime:0.000736s ]
[2023-05-15T00:20:16+08:00][sql] SELECT * FROM `tp_module` WHERE  `model_name` = 'Cate' LIMIT 1 [ RunTime:0.000404s ]
[2023-05-15T00:20:16+08:00][sql] SELECT `id` FROM `tp_module` WHERE  `model_name` = 'Cate' LIMIT 1 [ RunTime:0.000324s ]
[2023-05-15T00:20:16+08:00][sql] SELECT `field` FROM `tp_field` WHERE  ( field = 'pid' OR field = 'parent_id'  )  AND `module_id` = 20 LIMIT 1 [ RunTime:0.000449s ]
[2023-05-15T00:20:16+08:00][sql] SELECT `id`,`cate_name`,`parent_id` FROM `tp_cate` ORDER BY `sort` ASC,`id` DESC [ RunTime:0.000349s ]
[2023-05-15T00:20:16+08:00][sql] SELECT `id` FROM `tp_cate` WHERE  `module_id` = 24 [ RunTime:0.000476s ]
[2023-05-15T00:20:16+08:00][sql] SELECT `dict_value`,`dict_label` FROM `tp_dictionary` WHERE  `dict_type` = '10' ORDER BY `sort` ASC,`id` DESC [ RunTime:0.000543s ]
[2023-05-15T00:20:16+08:00][sql] SELECT `dict_value`,`dict_label` FROM `tp_dictionary` WHERE  `dict_type` = '4' ORDER BY `sort` ASC,`id` DESC [ RunTime:0.000486s ]
[2023-05-15T00:20:16+08:00][sql] SELECT * FROM `tp_module` WHERE  `model_name` = 'UsersType' LIMIT 1 [ RunTime:0.000398s ]
[2023-05-15T00:20:16+08:00][sql] SELECT * FROM `tp_field` WHERE  `module_id` = 6  AND `field` = 'sort' LIMIT 1 [ RunTime:0.000515s ]
[2023-05-15T00:20:16+08:00][sql] SELECT * FROM `tp_module` WHERE  `model_name` = 'UsersType' LIMIT 1 [ RunTime:0.000385s ]
[2023-05-15T00:20:16+08:00][sql] SELECT `id` FROM `tp_module` WHERE  `model_name` = 'UsersType' LIMIT 1 [ RunTime:0.000323s ]
[2023-05-15T00:20:16+08:00][sql] SELECT `field` FROM `tp_field` WHERE  ( field = 'pid' OR field = 'parent_id'  )  AND `module_id` = 6 LIMIT 1 [ RunTime:0.000652s ]
[2023-05-15T00:20:16+08:00][sql] SELECT `id`,`name` FROM `tp_users_type` ORDER BY `sort` ASC,`id` DESC [ RunTime:0.000324s ]
[2023-05-15T00:20:16+08:00][sql] SELECT * FROM `tp_field` WHERE  `module_id` = 24 [ RunTime:0.001131s ]
[2023-05-15T00:20:16+08:00][sql] SELECT * FROM `tp_module` WHERE  `id` = 24 [ RunTime:0.000447s ]
[2023-05-15T00:20:16+08:00][sql] SELECT * FROM `tp_dictionary_type` WHERE  `id` IN (0,1,10,4) [ RunTime:0.000601s ]
[2023-05-15T00:20:16+08:00][sql] SELECT * FROM `tp_field` WHERE  `module_id` = 24 [ RunTime:0.001353s ]
[2023-05-15T00:20:16+08:00][sql] SELECT * FROM `tp_module` WHERE  `id` = 24 [ RunTime:0.000393s ]
[2023-05-15T00:20:16+08:00][sql] SELECT * FROM `tp_dictionary_type` WHERE  `id` IN (0,1,10,4) [ RunTime:0.000453s ]
[2023-05-15T00:20:16+08:00][sql] SELECT * FROM `tp_field` WHERE  `module_id` = 24 [ RunTime:0.001720s ]
[2023-05-15T00:20:16+08:00][sql] SELECT * FROM `tp_module` WHERE  `id` = 24 [ RunTime:0.000461s ]
[2023-05-15T00:20:16+08:00][sql] SELECT * FROM `tp_dictionary_type` WHERE  `id` IN (0,1,10,4) [ RunTime:0.000405s ]
[2023-05-15T00:20:16+08:00][sql] SELECT * FROM `tp_field` WHERE  `module_id` = 24 [ RunTime:0.002372s ]
[2023-05-15T00:20:16+08:00][sql] SELECT * FROM `tp_module` WHERE  `id` = 24 [ RunTime:0.000735s ]
[2023-05-15T00:20:16+08:00][sql] SELECT * FROM `tp_dictionary_type` WHERE  `id` IN (0,1,10,4) [ RunTime:0.000445s ]
[2023-05-15T00:20:16+08:00][sql] SELECT * FROM `tp_field` WHERE  `module_id` = 24 [ RunTime:0.001609s ]
[2023-05-15T00:20:16+08:00][sql] SELECT * FROM `tp_module` WHERE  `id` = 24 [ RunTime:0.000637s ]
[2023-05-15T00:20:16+08:00][sql] SELECT * FROM `tp_dictionary_type` WHERE  `id` IN (0,1,10,4) [ RunTime:0.000930s ]
[2023-05-15T00:20:16+08:00][sql] SELECT * FROM `tp_field` WHERE  `module_id` = 24 [ RunTime:0.002156s ]
[2023-05-15T00:20:16+08:00][sql] SELECT * FROM `tp_module` WHERE  `id` = 24 [ RunTime:0.000652s ]
[2023-05-15T00:20:16+08:00][sql] SELECT * FROM `tp_dictionary_type` WHERE  `id` IN (0,1,10,4) [ RunTime:0.000458s ]
[2023-05-15T00:20:16+08:00][sql] SELECT * FROM `tp_cate` WHERE  `id` = 11 LIMIT 1 [ RunTime:0.000802s ]
[2023-05-15T00:20:16+08:00][sql] SELECT * FROM `tp_module` WHERE  `id` = 23 [ RunTime:0.000418s ]
[2023-05-15T00:20:16+08:00][sql] SELECT * FROM `tp_cate` WHERE  `id` = 11 LIMIT 1 [ RunTime:0.000437s ]
[2023-05-15T00:20:16+08:00][sql] SELECT * FROM `tp_module` WHERE  `id` = 23 [ RunTime:0.000423s ]
[2023-05-15T00:20:16+08:00][sql] SELECT * FROM `tp_cate` WHERE  `id` = 11 LIMIT 1 [ RunTime:0.000479s ]
[2023-05-15T00:20:16+08:00][sql] SELECT * FROM `tp_module` WHERE  `id` = 23 [ RunTime:0.000419s ]
[2023-05-15T00:20:16+08:00][sql] SELECT `id`,`parent_id` FROM `tp_cate` [ RunTime:0.000357s ]
[2023-05-15T00:20:16+08:00][sql] SHOW FULL COLUMNS FROM `tp_download` [ RunTime:0.010559s ]
[2023-05-15T00:20:16+08:00][sql] SELECT * FROM `tp_download` WHERE  (  status = 1  )  AND `cate_id` = 11 ORDER BY `sort` ASC,`id` DESC LIMIT 3 [ RunTime:0.001242s ]
[2023-05-15T00:20:16+08:00][sql] SELECT * FROM `tp_cate` WHERE  `id` = 11 [ RunTime:0.000451s ]
[2023-05-15T00:20:16+08:00][sql] SELECT * FROM `tp_cate` WHERE  `id` = 11 [ RunTime:0.000377s ]
[2023-05-15T00:20:16+08:00][sql] SELECT * FROM `tp_module` WHERE  `id` = 23 [ RunTime:0.000381s ]
[2023-05-15T00:20:16+08:00][sql] SELECT * FROM `tp_field` WHERE  `module_id` = 23 [ RunTime:0.001527s ]
[2023-05-15T00:20:16+08:00][sql] SELECT * FROM `tp_module` WHERE  `id` = 23 [ RunTime:0.000454s ]
[2023-05-15T00:20:16+08:00][sql] SELECT * FROM `tp_dictionary_type` WHERE  `id` IN (0,1) [ RunTime:0.000610s ]
[2023-05-15T00:20:16+08:00][sql] SELECT `dict_value`,`dict_label` FROM `tp_dictionary` WHERE  `dict_type` = '1' ORDER BY `sort` ASC,`id` DESC [ RunTime:0.000784s ]
[2023-05-15T00:20:16+08:00][sql] SELECT * FROM `tp_module` WHERE  `model_name` = 'Cate' LIMIT 1 [ RunTime:0.000772s ]
[2023-05-15T00:20:16+08:00][sql] SELECT * FROM `tp_field` WHERE  `module_id` = 20  AND `field` = 'sort' LIMIT 1 [ RunTime:0.001560s ]
[2023-05-15T00:20:16+08:00][sql] SELECT * FROM `tp_module` WHERE  `model_name` = 'Cate' LIMIT 1 [ RunTime:0.000849s ]
[2023-05-15T00:20:16+08:00][sql] SELECT `id` FROM `tp_module` WHERE  `model_name` = 'Cate' LIMIT 1 [ RunTime:0.000390s ]
[2023-05-15T00:20:16+08:00][sql] SELECT `field` FROM `tp_field` WHERE  ( field = 'pid' OR field = 'parent_id'  )  AND `module_id` = 20 LIMIT 1 [ RunTime:0.000463s ]
[2023-05-15T00:20:16+08:00][sql] SELECT `id`,`cate_name`,`parent_id` FROM `tp_cate` ORDER BY `sort` ASC,`id` DESC [ RunTime:0.000365s ]
[2023-05-15T00:20:16+08:00][sql] SELECT `id` FROM `tp_cate` WHERE  `module_id` = 23 [ RunTime:0.000323s ]
[2023-05-15T00:20:16+08:00][sql] SELECT * FROM `tp_module` WHERE  `model_name` = 'UsersType' LIMIT 1 [ RunTime:0.000420s ]
[2023-05-15T00:20:16+08:00][sql] SELECT * FROM `tp_field` WHERE  `module_id` = 6  AND `field` = 'sort' LIMIT 1 [ RunTime:0.000571s ]
[2023-05-15T00:20:16+08:00][sql] SELECT * FROM `tp_module` WHERE  `model_name` = 'UsersType' LIMIT 1 [ RunTime:0.000412s ]
[2023-05-15T00:20:16+08:00][sql] SELECT `id` FROM `tp_module` WHERE  `model_name` = 'UsersType' LIMIT 1 [ RunTime:0.000323s ]
[2023-05-15T00:20:16+08:00][sql] SELECT `field` FROM `tp_field` WHERE  ( field = 'pid' OR field = 'parent_id'  )  AND `module_id` = 6 LIMIT 1 [ RunTime:0.000531s ]
[2023-05-15T00:20:16+08:00][sql] SELECT `id`,`name` FROM `tp_users_type` ORDER BY `sort` ASC,`id` DESC [ RunTime:0.000346s ]
[2023-05-15T00:20:16+08:00][sql] SELECT * FROM `tp_field` WHERE  `module_id` = 23 [ RunTime:0.001424s ]
[2023-05-15T00:20:16+08:00][sql] SELECT * FROM `tp_module` WHERE  `id` = 23 [ RunTime:0.000404s ]
[2023-05-15T00:20:16+08:00][sql] SELECT * FROM `tp_dictionary_type` WHERE  `id` IN (0,1) [ RunTime:0.000394s ]
[2023-05-15T00:20:16+08:00][sql] SELECT * FROM `tp_field` WHERE  `module_id` = 23 [ RunTime:0.001712s ]
[2023-05-15T00:20:16+08:00][sql] SELECT * FROM `tp_module` WHERE  `id` = 23 [ RunTime:0.000902s ]
[2023-05-15T00:20:16+08:00][sql] SELECT * FROM `tp_dictionary_type` WHERE  `id` IN (0,1) [ RunTime:0.000410s ]
[2023-05-15T00:20:16+08:00][sql] SELECT * FROM `tp_field` WHERE  `module_id` = 23 [ RunTime:0.001715s ]
[2023-05-15T00:20:16+08:00][sql] SELECT * FROM `tp_module` WHERE  `id` = 23 [ RunTime:0.000522s ]
[2023-05-15T00:20:16+08:00][sql] SELECT * FROM `tp_dictionary_type` WHERE  `id` IN (0,1) [ RunTime:0.000430s ]
[2023-05-15T00:20:16+08:00][sql] SELECT * FROM `tp_cate` WHERE  `id` = 17 LIMIT 1 [ RunTime:0.001223s ]
[2023-05-15T00:20:16+08:00][sql] SHOW FULL COLUMNS FROM `tp_link` [ RunTime:0.008874s ]
[2023-05-15T00:20:16+08:00][sql] SELECT * FROM `tp_link` WHERE  `status` = 1 ORDER BY `sort` ASC,`id` DESC [ RunTime:0.001188s ]
