[2023-03-11T23:23:08+08:00][sql] CONNECT:[ UseTime:0.021507s ] mysql:host=127.0.0.1;port=3306;dbname=ztx;charset=utf8mb4
[2023-03-11T23:23:08+08:00][sql] SHOW FULL COLUMNS FROM `tp_auth_rule` [ RunTime:0.013736s ]
[2023-03-11T23:23:08+08:00][sql] SELECT * FROM `tp_auth_rule` WHERE  `status` = 1 ORDER BY `sort` ASC [ RunTime:0.001106s ]
[2023-03-11T23:23:08+08:00][sql] SELECT * FROM `tp_auth_rule` WHERE  `name` = 'Index/index' LIMIT 1 [ RunTime:0.001225s ]
[2023-03-11T23:23:08+08:00][sql] SHOW FULL COLUMNS FROM `tp_module` [ RunTime:0.010645s ]
[2023-03-11T23:23:08+08:00][sql] SELECT * FROM `tp_module` WHERE  `model_name` = 'Index' LIMIT 1 [ RunTime:0.000925s ]
[2023-03-11T23:23:08+08:00][sql] SHOW FULL COLUMNS FROM `tp_cate` [ RunTime:0.008714s ]
[2023-03-11T23:23:08+08:00][sql] SELECT * FROM `tp_cate` ORDER BY `sort`,`id` DESC [ RunTime:0.000768s ]
[2023-03-11T23:23:08+08:00][sql] SELECT * FROM `tp_module` WHERE  `id` IN (18,19,21,22,23,24,25) [ RunTime:0.001008s ]
[2023-03-11T23:23:08+08:00][sql] SELECT * FROM `tp_module` WHERE  `model_name` = 'Cate' LIMIT 1 [ RunTime:0.000751s ]
[2023-03-11T23:23:08+08:00][sql] SELECT * FROM `tp_module` WHERE  `table_name` = 'cate' LIMIT 1 [ RunTime:0.001158s ]
[2023-03-11T23:23:08+08:00][sql] SHOW FULL COLUMNS FROM `tp_field` [ RunTime:0.010066s ]
[2023-03-11T23:23:08+08:00][sql] SELECT * FROM `tp_field` WHERE  `module_id` = 20 ORDER BY `sort` ASC,`id` ASC [ RunTime:0.001116s ]
[2023-03-11T23:23:08+08:00][sql] SHOW FULL COLUMNS FROM `tp_system` [ RunTime:0.008715s ]
[2023-03-11T23:23:08+08:00][sql] SELECT * FROM `tp_system` WHERE  `id` = 1 LIMIT 1 [ RunTime:0.000645s ]
[2023-03-11T23:23:08+08:00][sql] CONNECT:[ UseTime:0.019862s ] mysql:host=127.0.0.1;port=3306;dbname=ztx;charset=utf8mb4
[2023-03-11T23:23:08+08:00][sql] SHOW FULL COLUMNS FROM `tp_system` [ RunTime:0.008551s ]
[2023-03-11T23:23:08+08:00][sql] SELECT * FROM `tp_system` WHERE  `id` = 1 LIMIT 1 [ RunTime:0.000619s ]
[2023-03-11T23:23:11+08:00][sql] CONNECT:[ UseTime:0.001005s ] mysql:host=127.0.0.1;port=3306;dbname=ztx;charset=utf8mb4
[2023-03-11T23:23:11+08:00][sql] SHOW FULL COLUMNS FROM `tp_system` [ RunTime:0.008203s ]
[2023-03-11T23:23:11+08:00][sql] SELECT * FROM `tp_system` WHERE  `id` = 1 LIMIT 1 [ RunTime:0.001125s ]
[2023-03-11T23:23:11+08:00][sql] SHOW FULL COLUMNS FROM `tp_admin` [ RunTime:0.013712s ]
[2023-03-11T23:23:11+08:00][sql] SELECT * FROM `tp_admin` WHERE  `username` = 'admin'  AND `password` = '21232f297a57a5a743894a0e4a801fc3' LIMIT 1 [ RunTime:0.000999s ]
[2023-03-11T23:23:11+08:00][sql] UPDATE `tp_admin`  SET `login_time` = 1678548191 , `login_ip` = '127.0.0.1'  WHERE  `id` = 1 [ RunTime:0.004004s ]
[2023-03-11T23:23:11+08:00][sql] SHOW FULL COLUMNS FROM `tp_auth_group_access` [ RunTime:0.018747s ]
[2023-03-11T23:23:11+08:00][sql] SELECT `a`.`group_id`,`ag`.`rules`,`ag`.`title` FROM `tp_auth_group_access` `a` LEFT JOIN `tp_auth_group` `ag` ON `a`.`group_id`=`ag`.`id` WHERE  `uid` = 1 LIMIT 1 [ RunTime:0.010464s ]
[2023-03-11T23:23:11+08:00][sql] SHOW FULL COLUMNS FROM `tp_auth_rule` [ RunTime:0.013171s ]
[2023-03-11T23:23:11+08:00][sql] SELECT * FROM `tp_auth_rule` WHERE  `auth_open` = 0 [ RunTime:0.001585s ]
[2023-03-11T23:23:11+08:00][sql] SELECT * FROM `tp_auth_rule` [ RunTime:0.001493s ]
[2023-03-11T23:23:11+08:00][sql] SELECT * FROM `tp_admin` WHERE  `username` = 'admin'  AND `password` = '21232f297a57a5a743894a0e4a801fc3' LIMIT 1 [ RunTime:0.000948s ]
[2023-03-11T23:23:11+08:00][sql] SELECT * FROM `tp_auth_rule` WHERE  `name` = 'Login/checkLogin' LIMIT 1 [ RunTime:0.001320s ]
[2023-03-11T23:23:11+08:00][sql] SHOW FULL COLUMNS FROM `tp_admin_log` [ RunTime:0.012811s ]
[2023-03-11T23:23:11+08:00][sql] SELECT * FROM `tp_admin_log` WHERE  `admin_id` = 1 ORDER BY `id` DESC LIMIT 1 [ RunTime:0.000969s ]
[2023-03-11T23:23:11+08:00][sql] INSERT INTO `tp_admin_log` SET `title` = '[登录成功]' , `content` = '' , `url` = '/admin/Login/checkLogin.html' , `admin_id` = 1 , `user_agent` = 'Mozilla/5.0 (Windows NT 10.0; Win64; x64) AppleWebKit/537.36 (KHTML, like Gecko) Chrome/111.0.0.0 Safari/537.36' , `ip` = '127.0.0.1' , `create_time` = 1678548191 , `update_time` = 1678548191 [ RunTime:0.000752s ]
[2023-03-11T23:23:11+08:00][sql] CONNECT:[ UseTime:0.000983s ] mysql:host=127.0.0.1;port=3306;dbname=ztx;charset=utf8mb4
[2023-03-11T23:23:11+08:00][sql] SHOW FULL COLUMNS FROM `tp_auth_rule` [ RunTime:0.012532s ]
[2023-03-11T23:23:11+08:00][sql] SELECT * FROM `tp_auth_rule` WHERE  `status` = 1 ORDER BY `sort` ASC [ RunTime:0.001132s ]
[2023-03-11T23:23:11+08:00][sql] SELECT * FROM `tp_auth_rule` WHERE  `name` = 'Index/index' LIMIT 1 [ RunTime:0.001024s ]
[2023-03-11T23:23:11+08:00][sql] SHOW FULL COLUMNS FROM `tp_module` [ RunTime:0.011561s ]
[2023-03-11T23:23:11+08:00][sql] SELECT * FROM `tp_module` WHERE  `model_name` = 'Index' LIMIT 1 [ RunTime:0.000707s ]
[2023-03-11T23:23:11+08:00][sql] SHOW FULL COLUMNS FROM `tp_cate` [ RunTime:0.010208s ]
[2023-03-11T23:23:11+08:00][sql] SELECT * FROM `tp_cate` ORDER BY `sort`,`id` DESC [ RunTime:0.000987s ]
[2023-03-11T23:23:11+08:00][sql] SELECT * FROM `tp_module` WHERE  `id` IN (18,19,21,22,23,24,25) [ RunTime:0.000755s ]
[2023-03-11T23:23:11+08:00][sql] SELECT * FROM `tp_module` WHERE  `model_name` = 'Cate' LIMIT 1 [ RunTime:0.001035s ]
[2023-03-11T23:23:11+08:00][sql] SELECT * FROM `tp_module` WHERE  `table_name` = 'cate' LIMIT 1 [ RunTime:0.000830s ]
[2023-03-11T23:23:11+08:00][sql] SHOW FULL COLUMNS FROM `tp_field` [ RunTime:0.007758s ]
[2023-03-11T23:23:11+08:00][sql] SELECT * FROM `tp_field` WHERE  `module_id` = 20 ORDER BY `sort` ASC,`id` ASC [ RunTime:0.001005s ]
[2023-03-11T23:23:11+08:00][sql] SHOW FULL COLUMNS FROM `tp_system` [ RunTime:0.010445s ]
[2023-03-11T23:23:11+08:00][sql] SELECT * FROM `tp_system` WHERE  `id` = 1 LIMIT 1 [ RunTime:0.000888s ]
[2023-03-11T23:23:11+08:00][sql] SELECT * FROM `tp_auth_rule` WHERE  `auth_open` = 0 [ RunTime:0.001112s ]
[2023-03-11T23:23:11+08:00][sql] SELECT * FROM `tp_auth_rule` [ RunTime:0.001285s ]
[2023-03-11T23:23:11+08:00][sql] SELECT * FROM `tp_auth_rule` WHERE  `name` = 'Index/index' LIMIT 1 [ RunTime:0.000965s ]
[2023-03-11T23:23:11+08:00][sql] SHOW FULL COLUMNS FROM `tp_admin_log` [ RunTime:0.009138s ]
[2023-03-11T23:23:11+08:00][sql] SELECT * FROM `tp_admin_log` WHERE  `admin_id` = 1 ORDER BY `id` DESC LIMIT 1 [ RunTime:0.000629s ]
[2023-03-11T23:23:11+08:00][sql] INSERT INTO `tp_admin_log` SET `title` = '[控制台]' , `content` = '[]' , `url` = '/admin' , `admin_id` = 1 , `user_agent` = 'Mozilla/5.0 (Windows NT 10.0; Win64; x64) AppleWebKit/537.36 (KHTML, like Gecko) Chrome/111.0.0.0 Safari/537.36' , `ip` = '127.0.0.1' , `create_time` = 1678548191 , `update_time` = 1678548191 [ RunTime:0.000877s ]
[2023-03-11T23:23:11+08:00][sql] SELECT VERSION() AS ver [ RunTime:0.000636s ]
[2023-03-11T23:23:11+08:00][sql] SHOW FULL COLUMNS FROM `tp_users` [ RunTime:0.012702s ]
[2023-03-11T23:23:11+08:00][sql] SELECT COUNT(*) AS think_count FROM `tp_users` WHERE  `create_time` > 1677943391 LIMIT 1 [ RunTime:0.001426s ]
[2023-03-11T23:23:11+08:00][sql] SHOW FULL COLUMNS FROM `tp_message` [ RunTime:0.015106s ]
[2023-03-11T23:23:11+08:00][sql] SELECT COUNT(*) AS think_count FROM `tp_message` WHERE  `status` = 0 LIMIT 1 [ RunTime:0.000735s ]
[2023-03-11T23:23:11+08:00][sql] SELECT `id` FROM `tp_module` WHERE  `table_name` = 'message' LIMIT 1 [ RunTime:0.000540s ]
[2023-03-11T23:23:11+08:00][sql] SELECT `id` FROM `tp_cate` WHERE  `module_id` = 25 LIMIT 1 [ RunTime:0.000379s ]
[2023-03-11T23:23:11+08:00][sql] SHOW FULL COLUMNS FROM `tp_admin` [ RunTime:0.008396s ]
[2023-03-11T23:23:11+08:00][sql] SELECT `password` FROM `tp_admin` WHERE  `id` = 1 LIMIT 1 [ RunTime:0.000753s ]
