[2023-03-19T23:22:31+08:00][sql] CONNECT:[ UseTime:0.002006s ] mysql:host=127.0.0.1;port=3306;dbname=ztx;charset=utf8mb4
[2023-03-19T23:22:31+08:00][sql] SHOW FULL COLUMNS FROM `tp_auth_rule` [ RunTime:0.009866s ]
[2023-03-19T23:22:31+08:00][sql] SELECT * FROM `tp_auth_rule` WHERE  `status` = 1 ORDER BY `sort` ASC [ RunTime:0.001094s ]
[2023-03-19T23:22:31+08:00][sql] SELECT * FROM `tp_auth_rule` WHERE  `name` = 'Index/index' LIMIT 1 [ RunTime:0.001478s ]
[2023-03-19T23:22:31+08:00][sql] SHOW FULL COLUMNS FROM `tp_module` [ RunTime:0.008002s ]
[2023-03-19T23:22:31+08:00][sql] SELECT * FROM `tp_module` WHERE  `model_name` = 'Index' LIMIT 1 [ RunTime:0.000721s ]
[2023-03-19T23:22:31+08:00][sql] SHOW FULL COLUMNS FROM `tp_cate` [ RunTime:0.009572s ]
[2023-03-19T23:22:31+08:00][sql] SELECT * FROM `tp_cate` ORDER BY `sort`,`id` DESC [ RunTime:0.000844s ]
[2023-03-19T23:22:31+08:00][sql] SELECT * FROM `tp_module` WHERE  `id` IN (18,19,21,22,23,24,25) [ RunTime:0.001130s ]
[2023-03-19T23:22:31+08:00][sql] SELECT * FROM `tp_module` WHERE  `model_name` = 'Cate' LIMIT 1 [ RunTime:0.000855s ]
[2023-03-19T23:22:31+08:00][sql] SELECT * FROM `tp_module` WHERE  `table_name` = 'cate' LIMIT 1 [ RunTime:0.000588s ]
[2023-03-19T23:22:31+08:00][sql] SHOW FULL COLUMNS FROM `tp_field` [ RunTime:0.009801s ]
[2023-03-19T23:22:31+08:00][sql] SELECT * FROM `tp_field` WHERE  `module_id` = 20 ORDER BY `sort` ASC,`id` ASC [ RunTime:0.000935s ]
[2023-03-19T23:22:31+08:00][sql] SHOW FULL COLUMNS FROM `tp_system` [ RunTime:0.007848s ]
[2023-03-19T23:22:31+08:00][sql] SELECT * FROM `tp_system` WHERE  `id` = 1 LIMIT 1 [ RunTime:0.000744s ]
[2023-03-19T23:22:31+08:00][sql] CONNECT:[ UseTime:0.001090s ] mysql:host=127.0.0.1;port=3306;dbname=ztx;charset=utf8mb4
[2023-03-19T23:22:31+08:00][sql] SHOW FULL COLUMNS FROM `tp_system` [ RunTime:0.010098s ]
[2023-03-19T23:22:31+08:00][sql] SELECT * FROM `tp_system` WHERE  `id` = 1 LIMIT 1 [ RunTime:0.001041s ]
[2023-03-19T23:22:33+08:00][sql] CONNECT:[ UseTime:0.000983s ] mysql:host=127.0.0.1;port=3306;dbname=ztx;charset=utf8mb4
[2023-03-19T23:22:33+08:00][sql] SHOW FULL COLUMNS FROM `tp_system` [ RunTime:0.009309s ]
[2023-03-19T23:22:33+08:00][sql] SELECT * FROM `tp_system` WHERE  `id` = 1 LIMIT 1 [ RunTime:0.000870s ]
[2023-03-19T23:22:33+08:00][sql] SHOW FULL COLUMNS FROM `tp_admin` [ RunTime:0.010649s ]
[2023-03-19T23:22:33+08:00][sql] SELECT * FROM `tp_admin` WHERE  `username` = 'admin'  AND `password` = '21232f297a57a5a743894a0e4a801fc3' LIMIT 1 [ RunTime:0.000853s ]
[2023-03-19T23:22:33+08:00][sql] UPDATE `tp_admin`  SET `login_time` = 1679239353 , `login_ip` = '127.0.0.1'  WHERE  `id` = 1 [ RunTime:0.002626s ]
[2023-03-19T23:22:33+08:00][sql] SHOW FULL COLUMNS FROM `tp_auth_group_access` [ RunTime:0.010017s ]
[2023-03-19T23:22:33+08:00][sql] SELECT `a`.`group_id`,`ag`.`rules`,`ag`.`title` FROM `tp_auth_group_access` `a` LEFT JOIN `tp_auth_group` `ag` ON `a`.`group_id`=`ag`.`id` WHERE  `uid` = 1 LIMIT 1 [ RunTime:0.002080s ]
[2023-03-19T23:22:33+08:00][sql] SHOW FULL COLUMNS FROM `tp_auth_rule` [ RunTime:0.012035s ]
[2023-03-19T23:22:33+08:00][sql] SELECT * FROM `tp_auth_rule` WHERE  `auth_open` = 0 [ RunTime:0.001177s ]
[2023-03-19T23:22:33+08:00][sql] SELECT * FROM `tp_auth_rule` [ RunTime:0.001377s ]
[2023-03-19T23:22:33+08:00][sql] SELECT * FROM `tp_admin` WHERE  `username` = 'admin'  AND `password` = '21232f297a57a5a743894a0e4a801fc3' LIMIT 1 [ RunTime:0.001248s ]
[2023-03-19T23:22:33+08:00][sql] SELECT * FROM `tp_auth_rule` WHERE  `name` = 'Login/checkLogin' LIMIT 1 [ RunTime:0.001135s ]
[2023-03-19T23:22:33+08:00][sql] SHOW FULL COLUMNS FROM `tp_admin_log` [ RunTime:0.008453s ]
[2023-03-19T23:22:33+08:00][sql] SELECT * FROM `tp_admin_log` WHERE  `admin_id` = 1 ORDER BY `id` DESC LIMIT 1 [ RunTime:0.000808s ]
[2023-03-19T23:22:33+08:00][sql] INSERT INTO `tp_admin_log` SET `title` = '[登录成功]' , `content` = '' , `url` = '/admin/Login/checkLogin.html' , `admin_id` = 1 , `user_agent` = 'Mozilla/5.0 (Windows NT 10.0; Win64; x64) AppleWebKit/537.36 (KHTML, like Gecko) Chrome/111.0.0.0 Safari/537.36' , `ip` = '127.0.0.1' , `create_time` = 1679239353 , `update_time` = 1679239353 [ RunTime:0.001192s ]
[2023-03-19T23:22:34+08:00][sql] CONNECT:[ UseTime:0.025201s ] mysql:host=127.0.0.1;port=3306;dbname=ztx;charset=utf8mb4
[2023-03-19T23:22:34+08:00][sql] SHOW FULL COLUMNS FROM `tp_auth_rule` [ RunTime:0.010140s ]
[2023-03-19T23:22:34+08:00][sql] SELECT * FROM `tp_auth_rule` WHERE  `status` = 1 ORDER BY `sort` ASC [ RunTime:0.000999s ]
[2023-03-19T23:22:34+08:00][sql] SELECT * FROM `tp_auth_rule` WHERE  `name` = 'Index/index' LIMIT 1 [ RunTime:0.001004s ]
[2023-03-19T23:22:34+08:00][sql] SHOW FULL COLUMNS FROM `tp_module` [ RunTime:0.011830s ]
[2023-03-19T23:22:34+08:00][sql] SELECT * FROM `tp_module` WHERE  `model_name` = 'Index' LIMIT 1 [ RunTime:0.000756s ]
[2023-03-19T23:22:34+08:00][sql] SHOW FULL COLUMNS FROM `tp_cate` [ RunTime:0.010077s ]
[2023-03-19T23:22:34+08:00][sql] SELECT * FROM `tp_cate` ORDER BY `sort`,`id` DESC [ RunTime:0.001187s ]
[2023-03-19T23:22:34+08:00][sql] SELECT * FROM `tp_module` WHERE  `id` IN (18,19,21,22,23,24,25) [ RunTime:0.001012s ]
[2023-03-19T23:22:34+08:00][sql] SELECT * FROM `tp_module` WHERE  `model_name` = 'Cate' LIMIT 1 [ RunTime:0.000923s ]
[2023-03-19T23:22:34+08:00][sql] SELECT * FROM `tp_module` WHERE  `table_name` = 'cate' LIMIT 1 [ RunTime:0.000895s ]
[2023-03-19T23:22:34+08:00][sql] SHOW FULL COLUMNS FROM `tp_field` [ RunTime:0.010724s ]
[2023-03-19T23:22:34+08:00][sql] SELECT * FROM `tp_field` WHERE  `module_id` = 20 ORDER BY `sort` ASC,`id` ASC [ RunTime:0.001500s ]
[2023-03-19T23:22:34+08:00][sql] SHOW FULL COLUMNS FROM `tp_system` [ RunTime:0.010167s ]
[2023-03-19T23:22:34+08:00][sql] SELECT * FROM `tp_system` WHERE  `id` = 1 LIMIT 1 [ RunTime:0.000794s ]
[2023-03-19T23:22:34+08:00][sql] SELECT * FROM `tp_auth_rule` WHERE  `auth_open` = 0 [ RunTime:0.001164s ]
[2023-03-19T23:22:34+08:00][sql] SELECT * FROM `tp_auth_rule` [ RunTime:0.001504s ]
[2023-03-19T23:22:34+08:00][sql] SELECT * FROM `tp_auth_rule` WHERE  `name` = 'Index/index' LIMIT 1 [ RunTime:0.001324s ]
[2023-03-19T23:22:34+08:00][sql] SHOW FULL COLUMNS FROM `tp_admin_log` [ RunTime:0.011567s ]
[2023-03-19T23:22:34+08:00][sql] SELECT * FROM `tp_admin_log` WHERE  `admin_id` = 1 ORDER BY `id` DESC LIMIT 1 [ RunTime:0.000655s ]
[2023-03-19T23:22:34+08:00][sql] INSERT INTO `tp_admin_log` SET `title` = '[控制台]' , `content` = '[]' , `url` = '/admin' , `admin_id` = 1 , `user_agent` = 'Mozilla/5.0 (Windows NT 10.0; Win64; x64) AppleWebKit/537.36 (KHTML, like Gecko) Chrome/111.0.0.0 Safari/537.36' , `ip` = '127.0.0.1' , `create_time` = 1679239354 , `update_time` = 1679239354 [ RunTime:0.000805s ]
[2023-03-19T23:22:34+08:00][sql] SELECT VERSION() AS ver [ RunTime:0.000424s ]
[2023-03-19T23:22:34+08:00][sql] SHOW FULL COLUMNS FROM `tp_users` [ RunTime:0.011619s ]
[2023-03-19T23:22:34+08:00][sql] SELECT COUNT(*) AS think_count FROM `tp_users` WHERE  `create_time` > 1678634554 LIMIT 1 [ RunTime:0.000709s ]
[2023-03-19T23:22:34+08:00][sql] SHOW FULL COLUMNS FROM `tp_message` [ RunTime:0.011382s ]
[2023-03-19T23:22:34+08:00][sql] SELECT COUNT(*) AS think_count FROM `tp_message` WHERE  `status` = 0 LIMIT 1 [ RunTime:0.000708s ]
[2023-03-19T23:22:34+08:00][sql] SELECT `id` FROM `tp_module` WHERE  `table_name` = 'message' LIMIT 1 [ RunTime:0.000501s ]
[2023-03-19T23:22:34+08:00][sql] SELECT `id` FROM `tp_cate` WHERE  `module_id` = 25 LIMIT 1 [ RunTime:0.000755s ]
[2023-03-19T23:22:34+08:00][sql] SHOW FULL COLUMNS FROM `tp_admin` [ RunTime:0.009584s ]
[2023-03-19T23:22:34+08:00][sql] SELECT `password` FROM `tp_admin` WHERE  `id` = 1 LIMIT 1 [ RunTime:0.000608s ]
[2023-03-19T23:22:37+08:00][sql] CONNECT:[ UseTime:0.022898s ] mysql:host=127.0.0.1;port=3306;dbname=ztx;charset=utf8mb4
[2023-03-19T23:22:37+08:00][sql] SHOW FULL COLUMNS FROM `tp_auth_rule` [ RunTime:0.009871s ]
[2023-03-19T23:22:37+08:00][sql] SELECT * FROM `tp_auth_rule` WHERE  `status` = 1 ORDER BY `sort` ASC [ RunTime:0.001213s ]
[2023-03-19T23:22:37+08:00][sql] SELECT * FROM `tp_auth_rule` WHERE  `name` = 'Users/index' LIMIT 1 [ RunTime:0.000848s ]
[2023-03-19T23:22:37+08:00][sql] SELECT * FROM `tp_auth_rule` WHERE  `id` = 162 LIMIT 1 [ RunTime:0.000621s ]
[2023-03-19T23:22:37+08:00][sql] SELECT * FROM `tp_auth_rule` WHERE  `name` = 'Users' LIMIT 1 [ RunTime:0.000776s ]
[2023-03-19T23:22:37+08:00][sql] SHOW FULL COLUMNS FROM `tp_module` [ RunTime:0.008658s ]
[2023-03-19T23:22:37+08:00][sql] SELECT * FROM `tp_module` WHERE  `model_name` = 'Users' LIMIT 1 [ RunTime:0.000700s ]
[2023-03-19T23:22:37+08:00][sql] SHOW FULL COLUMNS FROM `tp_cate` [ RunTime:0.008286s ]
[2023-03-19T23:22:37+08:00][sql] SELECT * FROM `tp_cate` ORDER BY `sort`,`id` DESC [ RunTime:0.000720s ]
[2023-03-19T23:22:37+08:00][sql] SELECT * FROM `tp_module` WHERE  `id` IN (18,19,21,22,23,24,25) [ RunTime:0.000763s ]
[2023-03-19T23:22:37+08:00][sql] SELECT * FROM `tp_module` WHERE  `model_name` = 'Cate' LIMIT 1 [ RunTime:0.000748s ]
[2023-03-19T23:22:37+08:00][sql] SELECT * FROM `tp_module` WHERE  `table_name` = 'cate' LIMIT 1 [ RunTime:0.000667s ]
[2023-03-19T23:22:37+08:00][sql] SHOW FULL COLUMNS FROM `tp_field` [ RunTime:0.008738s ]
[2023-03-19T23:22:37+08:00][sql] SELECT * FROM `tp_field` WHERE  `module_id` = 20 ORDER BY `sort` ASC,`id` ASC [ RunTime:0.000987s ]
[2023-03-19T23:22:37+08:00][sql] SHOW FULL COLUMNS FROM `tp_system` [ RunTime:0.009286s ]
[2023-03-19T23:22:37+08:00][sql] SELECT * FROM `tp_system` WHERE  `id` = 1 LIMIT 1 [ RunTime:0.000724s ]
[2023-03-19T23:22:37+08:00][sql] SELECT * FROM `tp_auth_rule` WHERE  `auth_open` = 0 [ RunTime:0.000887s ]
[2023-03-19T23:22:37+08:00][sql] SELECT * FROM `tp_auth_rule` [ RunTime:0.001293s ]
[2023-03-19T23:22:37+08:00][sql] SELECT * FROM `tp_auth_rule` WHERE  `name` = 'Users/index' LIMIT 1 [ RunTime:0.000894s ]
[2023-03-19T23:22:37+08:00][sql] SELECT * FROM `tp_auth_rule` WHERE  `id` = 162 LIMIT 1 [ RunTime:0.000541s ]
[2023-03-19T23:22:37+08:00][sql] SELECT * FROM `tp_auth_rule` WHERE  `name` = 'Users' LIMIT 1 [ RunTime:0.000645s ]
[2023-03-19T23:22:37+08:00][sql] SHOW FULL COLUMNS FROM `tp_admin_log` [ RunTime:0.006856s ]
[2023-03-19T23:22:37+08:00][sql] SELECT * FROM `tp_admin_log` WHERE  `admin_id` = 1 ORDER BY `id` DESC LIMIT 1 [ RunTime:0.000573s ]
[2023-03-19T23:22:37+08:00][sql] INSERT INTO `tp_admin_log` SET `title` = '[会员管理] -> [会员管理]' , `content` = '[]' , `url` = '/admin/Users/index.html?_pjax=.content-wrapper' , `admin_id` = 1 , `user_agent` = 'Mozilla/5.0 (Windows NT 10.0; Win64; x64) AppleWebKit/537.36 (KHTML, like Gecko) Chrome/111.0.0.0 Safari/537.36' , `ip` = '127.0.0.1' , `create_time` = 1679239357 , `update_time` = 1679239357 [ RunTime:0.001025s ]
[2023-03-19T23:22:37+08:00][sql] SELECT `pk` FROM `tp_module` WHERE  `table_name` = 'users' LIMIT 1 [ RunTime:0.000773s ]
[2023-03-19T23:22:37+08:00][sql] SELECT * FROM `tp_module` WHERE  `table_name` = 'users' LIMIT 1 [ RunTime:0.000610s ]
[2023-03-19T23:22:37+08:00][sql] SELECT * FROM `tp_field` WHERE  `module_id` = 1 ORDER BY `sort` ASC,`id` ASC [ RunTime:0.000830s ]
[2023-03-19T23:22:37+08:00][sql] SHOW FULL COLUMNS FROM `tp_dictionary` [ RunTime:0.007557s ]
[2023-03-19T23:22:37+08:00][sql] SELECT `dict_value`,`dict_label` FROM `tp_dictionary` WHERE  `dict_type` = '4' ORDER BY `sort` ASC,`id` DESC [ RunTime:0.000753s ]
[2023-03-19T23:22:37+08:00][sql] SELECT `dict_value`,`dict_label` FROM `tp_dictionary` WHERE  `dict_type` = '5' ORDER BY `sort` ASC,`id` DESC [ RunTime:0.000657s ]
[2023-03-19T23:22:37+08:00][sql] SELECT `dict_value`,`dict_label` FROM `tp_dictionary` WHERE  `dict_type` = '5' ORDER BY `sort` ASC,`id` DESC [ RunTime:0.000677s ]
[2023-03-19T23:22:37+08:00][sql] SELECT `dict_value`,`dict_label` FROM `tp_dictionary` WHERE  `dict_type` = '1' ORDER BY `sort` ASC,`id` DESC [ RunTime:0.000732s ]
[2023-03-19T23:22:37+08:00][sql] SELECT * FROM `tp_module` WHERE  `table_name` = 'users' LIMIT 1 [ RunTime:0.000555s ]
[2023-03-19T23:22:37+08:00][sql] SELECT * FROM `tp_field` WHERE  `module_id` = 1 ORDER BY `sort` ASC,`id` ASC [ RunTime:0.000935s ]
[2023-03-19T23:22:37+08:00][sql] SELECT `dict_value`,`dict_label` FROM `tp_dictionary` WHERE  `dict_type` = '4' ORDER BY `sort` ASC,`id` DESC [ RunTime:0.000618s ]
[2023-03-19T23:22:37+08:00][sql] SELECT `dict_value`,`dict_label` FROM `tp_dictionary` WHERE  `dict_type` = '5' ORDER BY `sort` ASC,`id` DESC [ RunTime:0.000553s ]
[2023-03-19T23:22:37+08:00][sql] SELECT `dict_value`,`dict_label` FROM `tp_dictionary` WHERE  `dict_type` = '5' ORDER BY `sort` ASC,`id` DESC [ RunTime:0.000545s ]
[2023-03-19T23:22:37+08:00][sql] SELECT * FROM `tp_module` WHERE  `model_name` = 'UsersType' LIMIT 1 [ RunTime:0.000565s ]
[2023-03-19T23:22:37+08:00][sql] SELECT * FROM `tp_field` WHERE  `module_id` = 6  AND `field` = 'sort' LIMIT 1 [ RunTime:0.000676s ]
[2023-03-19T23:22:37+08:00][sql] SELECT * FROM `tp_module` WHERE  `model_name` = 'UsersType' LIMIT 1 [ RunTime:0.000556s ]
[2023-03-19T23:22:37+08:00][sql] SELECT `id` FROM `tp_module` WHERE  `model_name` = 'UsersType' LIMIT 1 [ RunTime:0.000457s ]
[2023-03-19T23:22:37+08:00][sql] SELECT `field` FROM `tp_field` WHERE  ( field = 'pid' OR field = 'parent_id'  )  AND `module_id` = 6 LIMIT 1 [ RunTime:0.000796s ]
[2023-03-19T23:22:37+08:00][sql] SHOW FULL COLUMNS FROM `tp_users_type` [ RunTime:0.008692s ]
[2023-03-19T23:22:37+08:00][sql] SELECT `id`,`name` FROM `tp_users_type` ORDER BY `sort` ASC,`id` DESC [ RunTime:0.000546s ]
[2023-03-19T23:22:37+08:00][sql] SELECT `dict_value`,`dict_label` FROM `tp_dictionary` WHERE  `dict_type` = '1' ORDER BY `sort` ASC,`id` DESC [ RunTime:0.000491s ]
[2023-03-19T23:22:37+08:00][sql] SELECT * FROM `tp_module` WHERE  `table_name` = 'users' LIMIT 1 [ RunTime:0.000545s ]
[2023-03-19T23:22:37+08:00][sql] SELECT * FROM `tp_module` WHERE  `model_name` = 'Users' LIMIT 1 [ RunTime:0.000519s ]
[2023-03-19T23:22:37+08:00][sql] SELECT * FROM `tp_module` WHERE  `table_name` = 'users' LIMIT 1 [ RunTime:0.000540s ]
[2023-03-19T23:22:37+08:00][sql] SELECT * FROM `tp_field` WHERE  `module_id` = 1 ORDER BY `sort` ASC,`id` ASC [ RunTime:0.000890s ]
[2023-03-19T23:22:37+08:00][sql] SELECT `dict_value`,`dict_label` FROM `tp_dictionary` WHERE  `dict_type` = '4' ORDER BY `sort` ASC,`id` DESC [ RunTime:0.000611s ]
[2023-03-19T23:22:37+08:00][sql] SELECT `dict_value`,`dict_label` FROM `tp_dictionary` WHERE  `dict_type` = '5' ORDER BY `sort` ASC,`id` DESC [ RunTime:0.000920s ]
[2023-03-19T23:22:37+08:00][sql] SELECT `dict_value`,`dict_label` FROM `tp_dictionary` WHERE  `dict_type` = '5' ORDER BY `sort` ASC,`id` DESC [ RunTime:0.000671s ]
[2023-03-19T23:22:37+08:00][sql] SELECT * FROM `tp_module` WHERE  `model_name` = 'UsersType' LIMIT 1 [ RunTime:0.000787s ]
[2023-03-19T23:22:37+08:00][sql] SELECT * FROM `tp_field` WHERE  `module_id` = 6  AND `field` = 'sort' LIMIT 1 [ RunTime:0.001129s ]
[2023-03-19T23:22:37+08:00][sql] SELECT * FROM `tp_module` WHERE  `model_name` = 'UsersType' LIMIT 1 [ RunTime:0.000781s ]
[2023-03-19T23:22:37+08:00][sql] SELECT `id` FROM `tp_module` WHERE  `model_name` = 'UsersType' LIMIT 1 [ RunTime:0.000577s ]
[2023-03-19T23:22:37+08:00][sql] SELECT `field` FROM `tp_field` WHERE  ( field = 'pid' OR field = 'parent_id'  )  AND `module_id` = 6 LIMIT 1 [ RunTime:0.000811s ]
[2023-03-19T23:22:37+08:00][sql] SELECT `id`,`name` FROM `tp_users_type` ORDER BY `sort` ASC,`id` DESC [ RunTime:0.000549s ]
[2023-03-19T23:22:37+08:00][sql] SELECT `dict_value`,`dict_label` FROM `tp_dictionary` WHERE  `dict_type` = '1' ORDER BY `sort` ASC,`id` DESC [ RunTime:0.000658s ]
[2023-03-19T23:22:37+08:00][sql] SELECT `pk` FROM `tp_module` WHERE  `table_name` = 'users' LIMIT 1 [ RunTime:0.000620s ]
[2023-03-19T23:22:37+08:00][sql] SELECT * FROM `tp_module` WHERE  `table_name` = 'users' LIMIT 1 [ RunTime:0.000720s ]
[2023-03-19T23:22:38+08:00][sql] CONNECT:[ UseTime:0.013956s ] mysql:host=127.0.0.1;port=3306;dbname=ztx;charset=utf8mb4
[2023-03-19T23:22:38+08:00][sql] SHOW FULL COLUMNS FROM `tp_auth_rule` [ RunTime:0.007419s ]
[2023-03-19T23:22:38+08:00][sql] SELECT * FROM `tp_auth_rule` WHERE  `status` = 1 ORDER BY `sort` ASC [ RunTime:0.001112s ]
[2023-03-19T23:22:38+08:00][sql] SELECT * FROM `tp_auth_rule` WHERE  `name` = 'Users/index' LIMIT 1 [ RunTime:0.000771s ]
[2023-03-19T23:22:38+08:00][sql] SELECT * FROM `tp_auth_rule` WHERE  `id` = 162 LIMIT 1 [ RunTime:0.000534s ]
[2023-03-19T23:22:38+08:00][sql] SELECT * FROM `tp_auth_rule` WHERE  `name` = 'Users' LIMIT 1 [ RunTime:0.000801s ]
[2023-03-19T23:22:38+08:00][sql] SHOW FULL COLUMNS FROM `tp_module` [ RunTime:0.009430s ]
[2023-03-19T23:22:38+08:00][sql] SELECT * FROM `tp_module` WHERE  `model_name` = 'Users' LIMIT 1 [ RunTime:0.000584s ]
[2023-03-19T23:22:38+08:00][sql] SHOW FULL COLUMNS FROM `tp_cate` [ RunTime:0.007692s ]
[2023-03-19T23:22:38+08:00][sql] SELECT * FROM `tp_cate` ORDER BY `sort`,`id` DESC [ RunTime:0.001071s ]
[2023-03-19T23:22:38+08:00][sql] SELECT * FROM `tp_module` WHERE  `id` IN (18,19,21,22,23,24,25) [ RunTime:0.000804s ]
[2023-03-19T23:22:38+08:00][sql] SELECT * FROM `tp_module` WHERE  `model_name` = 'Cate' LIMIT 1 [ RunTime:0.000725s ]
[2023-03-19T23:22:38+08:00][sql] SELECT * FROM `tp_module` WHERE  `table_name` = 'cate' LIMIT 1 [ RunTime:0.000608s ]
[2023-03-19T23:22:38+08:00][sql] SHOW FULL COLUMNS FROM `tp_field` [ RunTime:0.008549s ]
[2023-03-19T23:22:38+08:00][sql] SELECT * FROM `tp_field` WHERE  `module_id` = 20 ORDER BY `sort` ASC,`id` ASC [ RunTime:0.000947s ]
[2023-03-19T23:22:38+08:00][sql] SHOW FULL COLUMNS FROM `tp_system` [ RunTime:0.010459s ]
[2023-03-19T23:22:38+08:00][sql] SELECT * FROM `tp_system` WHERE  `id` = 1 LIMIT 1 [ RunTime:0.000687s ]
[2023-03-19T23:22:38+08:00][sql] SELECT * FROM `tp_auth_rule` WHERE  `auth_open` = 0 [ RunTime:0.000892s ]
[2023-03-19T23:22:38+08:00][sql] SELECT * FROM `tp_auth_rule` [ RunTime:0.001110s ]
[2023-03-19T23:22:38+08:00][sql] SELECT * FROM `tp_auth_rule` WHERE  `name` = 'Users/index' LIMIT 1 [ RunTime:0.000864s ]
[2023-03-19T23:22:38+08:00][sql] SELECT * FROM `tp_auth_rule` WHERE  `id` = 162 LIMIT 1 [ RunTime:0.000581s ]
[2023-03-19T23:22:38+08:00][sql] SELECT * FROM `tp_auth_rule` WHERE  `name` = 'Users' LIMIT 1 [ RunTime:0.000675s ]
[2023-03-19T23:22:38+08:00][sql] SHOW FULL COLUMNS FROM `tp_admin_log` [ RunTime:0.007601s ]
[2023-03-19T23:22:38+08:00][sql] SELECT * FROM `tp_admin_log` WHERE  `admin_id` = 1 ORDER BY `id` DESC LIMIT 1 [ RunTime:0.000615s ]
[2023-03-19T23:22:38+08:00][sql] INSERT INTO `tp_admin_log` SET `title` = '[会员管理] -> [会员管理]' , `content` = '{"getList":"1","pageSize":"10","page":1,"orderByColumn":"id","isAsc":"desc","email":"","sex":"","last_login_ip":"","qq":"","mobile":"","mobile_validated":"","email_validated":"","type_id":"","status":""}' , `url` = '/admin/Users/index.html?getList=1' , `admin_id` = 1 , `user_agent` = 'Mozilla/5.0 (Windows NT 10.0; Win64; x64) AppleWebKit/537.36 (KHTML, like Gecko) Chrome/111.0.0.0 Safari/537.36' , `ip` = '127.0.0.1' , `create_time` = 1679239358 , `update_time` = 1679239358 [ RunTime:0.000681s ]
[2023-03-19T23:22:38+08:00][sql] SELECT `pk` FROM `tp_module` WHERE  `table_name` = 'users' LIMIT 1 [ RunTime:0.001014s ]
[2023-03-19T23:22:38+08:00][sql] SELECT * FROM `tp_module` WHERE  `table_name` = 'users' LIMIT 1 [ RunTime:0.000915s ]
[2023-03-19T23:22:38+08:00][sql] SELECT * FROM `tp_field` WHERE  `module_id` = 1 ORDER BY `sort` ASC,`id` ASC [ RunTime:0.001081s ]
[2023-03-19T23:22:38+08:00][sql] SHOW FULL COLUMNS FROM `tp_dictionary` [ RunTime:0.007100s ]
[2023-03-19T23:22:38+08:00][sql] SELECT `dict_value`,`dict_label` FROM `tp_dictionary` WHERE  `dict_type` = '4' ORDER BY `sort` ASC,`id` DESC [ RunTime:0.000589s ]
[2023-03-19T23:22:38+08:00][sql] SELECT `dict_value`,`dict_label` FROM `tp_dictionary` WHERE  `dict_type` = '5' ORDER BY `sort` ASC,`id` DESC [ RunTime:0.000573s ]
[2023-03-19T23:22:38+08:00][sql] SELECT `dict_value`,`dict_label` FROM `tp_dictionary` WHERE  `dict_type` = '5' ORDER BY `sort` ASC,`id` DESC [ RunTime:0.001157s ]
[2023-03-19T23:22:38+08:00][sql] SELECT `dict_value`,`dict_label` FROM `tp_dictionary` WHERE  `dict_type` = '1' ORDER BY `sort` ASC,`id` DESC [ RunTime:0.001258s ]
[2023-03-19T23:22:38+08:00][sql] SELECT * FROM `tp_module` WHERE  `table_name` = 'users' LIMIT 1 [ RunTime:0.000739s ]
[2023-03-19T23:22:38+08:00][sql] SELECT * FROM `tp_field` WHERE  `module_id` = 1 ORDER BY `sort` ASC,`id` ASC [ RunTime:0.000742s ]
[2023-03-19T23:22:38+08:00][sql] SELECT `dict_value`,`dict_label` FROM `tp_dictionary` WHERE  `dict_type` = '4' ORDER BY `sort` ASC,`id` DESC [ RunTime:0.000573s ]
[2023-03-19T23:22:38+08:00][sql] SELECT `dict_value`,`dict_label` FROM `tp_dictionary` WHERE  `dict_type` = '5' ORDER BY `sort` ASC,`id` DESC [ RunTime:0.000495s ]
[2023-03-19T23:22:38+08:00][sql] SELECT `dict_value`,`dict_label` FROM `tp_dictionary` WHERE  `dict_type` = '5' ORDER BY `sort` ASC,`id` DESC [ RunTime:0.000627s ]
[2023-03-19T23:22:38+08:00][sql] SELECT * FROM `tp_module` WHERE  `model_name` = 'UsersType' LIMIT 1 [ RunTime:0.000528s ]
[2023-03-19T23:22:38+08:00][sql] SELECT * FROM `tp_field` WHERE  `module_id` = 6  AND `field` = 'sort' LIMIT 1 [ RunTime:0.000739s ]
[2023-03-19T23:22:38+08:00][sql] SELECT * FROM `tp_module` WHERE  `model_name` = 'UsersType' LIMIT 1 [ RunTime:0.000579s ]
[2023-03-19T23:22:38+08:00][sql] SELECT `id` FROM `tp_module` WHERE  `model_name` = 'UsersType' LIMIT 1 [ RunTime:0.000490s ]
[2023-03-19T23:22:38+08:00][sql] SELECT `field` FROM `tp_field` WHERE  ( field = 'pid' OR field = 'parent_id'  )  AND `module_id` = 6 LIMIT 1 [ RunTime:0.000783s ]
[2023-03-19T23:22:38+08:00][sql] SHOW FULL COLUMNS FROM `tp_users_type` [ RunTime:0.010509s ]
[2023-03-19T23:22:38+08:00][sql] SELECT `id`,`name` FROM `tp_users_type` ORDER BY `sort` ASC,`id` DESC [ RunTime:0.000557s ]
[2023-03-19T23:22:38+08:00][sql] SELECT `dict_value`,`dict_label` FROM `tp_dictionary` WHERE  `dict_type` = '1' ORDER BY `sort` ASC,`id` DESC [ RunTime:0.000587s ]
[2023-03-19T23:22:38+08:00][sql] SELECT * FROM `tp_module` WHERE  `table_name` = 'users' LIMIT 1 [ RunTime:0.000617s ]
[2023-03-19T23:22:38+08:00][sql] SELECT * FROM `tp_module` WHERE  `table_name` = 'users' LIMIT 1 [ RunTime:0.000512s ]
[2023-03-19T23:22:38+08:00][sql] SELECT * FROM `tp_field` WHERE  `module_id` = 1 ORDER BY `sort` ASC,`id` ASC [ RunTime:0.000989s ]
[2023-03-19T23:22:38+08:00][sql] SELECT `dict_value`,`dict_label` FROM `tp_dictionary` WHERE  `dict_type` = '4' ORDER BY `sort` ASC,`id` DESC [ RunTime:0.000731s ]
[2023-03-19T23:22:38+08:00][sql] SELECT `dict_value`,`dict_label` FROM `tp_dictionary` WHERE  `dict_type` = '5' ORDER BY `sort` ASC,`id` DESC [ RunTime:0.000568s ]
[2023-03-19T23:22:38+08:00][sql] SELECT `dict_value`,`dict_label` FROM `tp_dictionary` WHERE  `dict_type` = '5' ORDER BY `sort` ASC,`id` DESC [ RunTime:0.001109s ]
[2023-03-19T23:22:38+08:00][sql] SELECT * FROM `tp_module` WHERE  `model_name` = 'UsersType' LIMIT 1 [ RunTime:0.004976s ]
[2023-03-19T23:22:38+08:00][sql] SELECT * FROM `tp_field` WHERE  `module_id` = 6  AND `field` = 'sort' LIMIT 1 [ RunTime:0.000935s ]
[2023-03-19T23:22:38+08:00][sql] SELECT * FROM `tp_module` WHERE  `model_name` = 'UsersType' LIMIT 1 [ RunTime:0.000693s ]
[2023-03-19T23:22:38+08:00][sql] SELECT `id` FROM `tp_module` WHERE  `model_name` = 'UsersType' LIMIT 1 [ RunTime:0.000574s ]
[2023-03-19T23:22:38+08:00][sql] SELECT `field` FROM `tp_field` WHERE  ( field = 'pid' OR field = 'parent_id'  )  AND `module_id` = 6 LIMIT 1 [ RunTime:0.000617s ]
[2023-03-19T23:22:38+08:00][sql] SELECT `id`,`name` FROM `tp_users_type` ORDER BY `sort` ASC,`id` DESC [ RunTime:0.000396s ]
[2023-03-19T23:22:38+08:00][sql] SELECT `dict_value`,`dict_label` FROM `tp_dictionary` WHERE  `dict_type` = '1' ORDER BY `sort` ASC,`id` DESC [ RunTime:0.000475s ]
[2023-03-19T23:22:38+08:00][sql] SELECT `pk` FROM `tp_module` WHERE  `table_name` = 'users' LIMIT 1 [ RunTime:0.000417s ]
[2023-03-19T23:22:38+08:00][sql] SELECT `id` FROM `tp_module` WHERE  `model_name` = 'Users' LIMIT 1 [ RunTime:0.000715s ]
[2023-03-19T23:22:38+08:00][sql] SELECT * FROM `tp_field` WHERE  `module_id` = 1 [ RunTime:0.001426s ]
[2023-03-19T23:22:38+08:00][sql] SHOW FULL COLUMNS FROM `tp_users` [ RunTime:0.008404s ]
[2023-03-19T23:22:38+08:00][sql] SELECT COUNT(*) AS think_count FROM `tp_users` `Users` LIMIT 1 [ RunTime:0.000495s ]
[2023-03-19T23:22:38+08:00][sql] SELECT * FROM `tp_users` `Users` ORDER BY `id` DESC LIMIT 0,10 [ RunTime:0.001005s ]
[2023-03-19T23:22:38+08:00][sql] SELECT * FROM `tp_users_type` WHERE  `id` IN (1,2) [ RunTime:0.000579s ]
[2023-03-19T23:22:38+08:00][sql] SELECT * FROM `tp_module` WHERE  `model_name` = 'Users' LIMIT 1 [ RunTime:0.000753s ]
[2023-03-19T23:22:38+08:00][sql] SELECT * FROM `tp_module` WHERE  `table_name` = 'users' LIMIT 1 [ RunTime:0.000552s ]
[2023-03-19T23:22:38+08:00][sql] SELECT * FROM `tp_field` WHERE  `module_id` = 1 ORDER BY `sort` ASC,`id` ASC [ RunTime:0.001237s ]
