[2023-03-25T23:09:57+08:00][sql] CONNECT:[ UseTime:0.001116s ] mysql:host=127.0.0.1;port=3306;dbname=ztx;charset=utf8mb4
[2023-03-25T23:09:57+08:00][sql] SHOW FULL COLUMNS FROM `tp_auth_rule` [ RunTime:0.014549s ]
[2023-03-25T23:09:57+08:00][sql] SELECT * FROM `tp_auth_rule` WHERE  `status` = 1 ORDER BY `sort` ASC [ RunTime:0.001576s ]
[2023-03-25T23:09:57+08:00][sql] SELECT * FROM `tp_auth_rule` WHERE  `name` = 'Index/index' LIMIT 1 [ RunTime:0.002091s ]
[2023-03-25T23:09:57+08:00][sql] SHOW FULL COLUMNS FROM `tp_module` [ RunTime:0.010728s ]
[2023-03-25T23:09:57+08:00][sql] SELECT * FROM `tp_module` WHERE  `model_name` = 'Index' LIMIT 1 [ RunTime:0.000642s ]
[2023-03-25T23:09:57+08:00][sql] SHOW FULL COLUMNS FROM `tp_cate` [ RunTime:0.012130s ]
[2023-03-25T23:09:57+08:00][sql] SELECT * FROM `tp_cate` ORDER BY `sort`,`id` DESC [ RunTime:0.000841s ]
[2023-03-25T23:09:57+08:00][sql] SELECT * FROM `tp_module` WHERE  `id` IN (18,19,21,22,23,24,25) [ RunTime:0.001152s ]
[2023-03-25T23:09:57+08:00][sql] SELECT * FROM `tp_module` WHERE  `model_name` = 'Cate' LIMIT 1 [ RunTime:0.000845s ]
[2023-03-25T23:09:57+08:00][sql] SELECT * FROM `tp_module` WHERE  `table_name` = 'cate' LIMIT 1 [ RunTime:0.000580s ]
[2023-03-25T23:09:57+08:00][sql] SHOW FULL COLUMNS FROM `tp_field` [ RunTime:0.010366s ]
[2023-03-25T23:09:57+08:00][sql] SELECT * FROM `tp_field` WHERE  `module_id` = 20 ORDER BY `sort` ASC,`id` ASC [ RunTime:0.001280s ]
[2023-03-25T23:09:57+08:00][sql] SHOW FULL COLUMNS FROM `tp_system` [ RunTime:0.010488s ]
[2023-03-25T23:09:57+08:00][sql] SELECT * FROM `tp_system` WHERE  `id` = 1 LIMIT 1 [ RunTime:0.000775s ]
[2023-03-25T23:09:57+08:00][sql] CONNECT:[ UseTime:0.024269s ] mysql:host=127.0.0.1;port=3306;dbname=ztx;charset=utf8mb4
[2023-03-25T23:09:57+08:00][sql] SHOW FULL COLUMNS FROM `tp_system` [ RunTime:0.011086s ]
[2023-03-25T23:09:57+08:00][sql] SELECT * FROM `tp_system` WHERE  `id` = 1 LIMIT 1 [ RunTime:0.000695s ]
[2023-03-25T23:09:58+08:00][sql] CONNECT:[ UseTime:0.001147s ] mysql:host=127.0.0.1;port=3306;dbname=ztx;charset=utf8mb4
[2023-03-25T23:09:58+08:00][sql] SHOW FULL COLUMNS FROM `tp_system` [ RunTime:0.010494s ]
[2023-03-25T23:09:58+08:00][sql] SELECT * FROM `tp_system` WHERE  `id` = 1 LIMIT 1 [ RunTime:0.000687s ]
[2023-03-25T23:09:58+08:00][sql] SHOW FULL COLUMNS FROM `tp_admin` [ RunTime:0.013758s ]
[2023-03-25T23:09:58+08:00][sql] SELECT * FROM `tp_admin` WHERE  `username` = 'admin'  AND `password` = '21232f297a57a5a743894a0e4a801fc3' LIMIT 1 [ RunTime:0.000680s ]
[2023-03-25T23:09:58+08:00][sql] UPDATE `tp_admin`  SET `login_time` = 1679756998 , `login_ip` = '127.0.0.1'  WHERE  `id` = 1 [ RunTime:0.006365s ]
[2023-03-25T23:09:58+08:00][sql] SHOW FULL COLUMNS FROM `tp_auth_group_access` [ RunTime:0.011326s ]
[2023-03-25T23:09:58+08:00][sql] SELECT `a`.`group_id`,`ag`.`rules`,`ag`.`title` FROM `tp_auth_group_access` `a` LEFT JOIN `tp_auth_group` `ag` ON `a`.`group_id`=`ag`.`id` WHERE  `uid` = 1 LIMIT 1 [ RunTime:0.006123s ]
[2023-03-25T23:09:58+08:00][sql] SHOW FULL COLUMNS FROM `tp_auth_rule` [ RunTime:0.008897s ]
[2023-03-25T23:09:58+08:00][sql] SELECT * FROM `tp_auth_rule` WHERE  `auth_open` = 0 [ RunTime:0.001113s ]
[2023-03-25T23:09:58+08:00][sql] SELECT * FROM `tp_auth_rule` [ RunTime:0.001411s ]
[2023-03-25T23:09:58+08:00][sql] SELECT * FROM `tp_admin` WHERE  `username` = 'admin'  AND `password` = '21232f297a57a5a743894a0e4a801fc3' LIMIT 1 [ RunTime:0.000557s ]
[2023-03-25T23:09:58+08:00][sql] SELECT * FROM `tp_auth_rule` WHERE  `name` = 'Login/checkLogin' LIMIT 1 [ RunTime:0.001858s ]
[2023-03-25T23:09:58+08:00][sql] SHOW FULL COLUMNS FROM `tp_admin_log` [ RunTime:0.011702s ]
[2023-03-25T23:09:58+08:00][sql] SELECT * FROM `tp_admin_log` WHERE  `admin_id` = 1 ORDER BY `id` DESC LIMIT 1 [ RunTime:0.000661s ]
[2023-03-25T23:09:58+08:00][sql] INSERT INTO `tp_admin_log` SET `title` = '[登录成功]' , `content` = '' , `url` = '/admin/Login/checkLogin.html' , `admin_id` = 1 , `user_agent` = 'Mozilla/5.0 (Windows NT 10.0; Win64; x64) AppleWebKit/537.36 (KHTML, like Gecko) Chrome/111.0.0.0 Safari/537.36' , `ip` = '127.0.0.1' , `create_time` = 1679756998 , `update_time` = 1679756998 [ RunTime:0.001503s ]
[2023-03-25T23:09:59+08:00][sql] CONNECT:[ UseTime:0.024668s ] mysql:host=127.0.0.1;port=3306;dbname=ztx;charset=utf8mb4
[2023-03-25T23:09:59+08:00][sql] SHOW FULL COLUMNS FROM `tp_auth_rule` [ RunTime:0.009482s ]
[2023-03-25T23:09:59+08:00][sql] SELECT * FROM `tp_auth_rule` WHERE  `status` = 1 ORDER BY `sort` ASC [ RunTime:0.000943s ]
[2023-03-25T23:09:59+08:00][sql] SELECT * FROM `tp_auth_rule` WHERE  `name` = 'Index/index' LIMIT 1 [ RunTime:0.001694s ]
[2023-03-25T23:09:59+08:00][sql] SHOW FULL COLUMNS FROM `tp_module` [ RunTime:0.011782s ]
[2023-03-25T23:09:59+08:00][sql] SELECT * FROM `tp_module` WHERE  `model_name` = 'Index' LIMIT 1 [ RunTime:0.000985s ]
[2023-03-25T23:09:59+08:00][sql] SHOW FULL COLUMNS FROM `tp_cate` [ RunTime:0.011001s ]
[2023-03-25T23:09:59+08:00][sql] SELECT * FROM `tp_cate` ORDER BY `sort`,`id` DESC [ RunTime:0.000705s ]
[2023-03-25T23:09:59+08:00][sql] SELECT * FROM `tp_module` WHERE  `id` IN (18,19,21,22,23,24,25) [ RunTime:0.001288s ]
[2023-03-25T23:09:59+08:00][sql] SELECT * FROM `tp_module` WHERE  `model_name` = 'Cate' LIMIT 1 [ RunTime:0.000791s ]
[2023-03-25T23:09:59+08:00][sql] SELECT * FROM `tp_module` WHERE  `table_name` = 'cate' LIMIT 1 [ RunTime:0.000482s ]
[2023-03-25T23:09:59+08:00][sql] SHOW FULL COLUMNS FROM `tp_field` [ RunTime:0.011100s ]
[2023-03-25T23:09:59+08:00][sql] SELECT * FROM `tp_field` WHERE  `module_id` = 20 ORDER BY `sort` ASC,`id` ASC [ RunTime:0.000929s ]
[2023-03-25T23:09:59+08:00][sql] SHOW FULL COLUMNS FROM `tp_system` [ RunTime:0.010225s ]
[2023-03-25T23:09:59+08:00][sql] SELECT * FROM `tp_system` WHERE  `id` = 1 LIMIT 1 [ RunTime:0.000718s ]
[2023-03-25T23:09:59+08:00][sql] SELECT * FROM `tp_auth_rule` WHERE  `auth_open` = 0 [ RunTime:0.000918s ]
[2023-03-25T23:09:59+08:00][sql] SELECT * FROM `tp_auth_rule` [ RunTime:0.001128s ]
[2023-03-25T23:09:59+08:00][sql] SELECT * FROM `tp_auth_rule` WHERE  `name` = 'Index/index' LIMIT 1 [ RunTime:0.001533s ]
[2023-03-25T23:09:59+08:00][sql] SHOW FULL COLUMNS FROM `tp_admin_log` [ RunTime:0.009795s ]
[2023-03-25T23:09:59+08:00][sql] SELECT * FROM `tp_admin_log` WHERE  `admin_id` = 1 ORDER BY `id` DESC LIMIT 1 [ RunTime:0.000534s ]
[2023-03-25T23:09:59+08:00][sql] INSERT INTO `tp_admin_log` SET `title` = '[控制台]' , `content` = '[]' , `url` = '/admin' , `admin_id` = 1 , `user_agent` = 'Mozilla/5.0 (Windows NT 10.0; Win64; x64) AppleWebKit/537.36 (KHTML, like Gecko) Chrome/111.0.0.0 Safari/537.36' , `ip` = '127.0.0.1' , `create_time` = 1679756999 , `update_time` = 1679756999 [ RunTime:0.000361s ]
[2023-03-25T23:09:59+08:00][sql] SELECT VERSION() AS ver [ RunTime:0.001286s ]
[2023-03-25T23:09:59+08:00][sql] SHOW FULL COLUMNS FROM `tp_users` [ RunTime:0.011675s ]
[2023-03-25T23:09:59+08:00][sql] SELECT COUNT(*) AS think_count FROM `tp_users` WHERE  `create_time` > 1679152199 LIMIT 1 [ RunTime:0.001906s ]
[2023-03-25T23:09:59+08:00][sql] SHOW FULL COLUMNS FROM `tp_message` [ RunTime:0.013827s ]
[2023-03-25T23:09:59+08:00][sql] SELECT COUNT(*) AS think_count FROM `tp_message` WHERE  `status` = 0 LIMIT 1 [ RunTime:0.001009s ]
[2023-03-25T23:09:59+08:00][sql] SELECT `id` FROM `tp_module` WHERE  `table_name` = 'message' LIMIT 1 [ RunTime:0.001096s ]
[2023-03-25T23:09:59+08:00][sql] SELECT `id` FROM `tp_cate` WHERE  `module_id` = 25 LIMIT 1 [ RunTime:0.000763s ]
[2023-03-25T23:09:59+08:00][sql] SHOW FULL COLUMNS FROM `tp_admin` [ RunTime:0.009614s ]
[2023-03-25T23:09:59+08:00][sql] SELECT `password` FROM `tp_admin` WHERE  `id` = 1 LIMIT 1 [ RunTime:0.000635s ]
[2023-03-25T23:10:02+08:00][sql] CONNECT:[ UseTime:0.019523s ] mysql:host=127.0.0.1;port=3306;dbname=ztx;charset=utf8mb4
[2023-03-25T23:10:02+08:00][sql] SHOW FULL COLUMNS FROM `tp_auth_rule` [ RunTime:0.008837s ]
[2023-03-25T23:10:02+08:00][sql] SELECT * FROM `tp_auth_rule` WHERE  `status` = 1 ORDER BY `sort` ASC [ RunTime:0.000879s ]
[2023-03-25T23:10:02+08:00][sql] SELECT * FROM `tp_auth_rule` WHERE  `name` = 'Users/index' LIMIT 1 [ RunTime:0.000874s ]
[2023-03-25T23:10:02+08:00][sql] SELECT * FROM `tp_auth_rule` WHERE  `id` = 162 LIMIT 1 [ RunTime:0.000570s ]
[2023-03-25T23:10:02+08:00][sql] SELECT * FROM `tp_auth_rule` WHERE  `name` = 'Users' LIMIT 1 [ RunTime:0.000591s ]
[2023-03-25T23:10:02+08:00][sql] SHOW FULL COLUMNS FROM `tp_module` [ RunTime:0.011410s ]
[2023-03-25T23:10:02+08:00][sql] SELECT * FROM `tp_module` WHERE  `model_name` = 'Users' LIMIT 1 [ RunTime:0.000587s ]
[2023-03-25T23:10:02+08:00][sql] SHOW FULL COLUMNS FROM `tp_cate` [ RunTime:0.008889s ]
[2023-03-25T23:10:02+08:00][sql] SELECT * FROM `tp_cate` ORDER BY `sort`,`id` DESC [ RunTime:0.000658s ]
[2023-03-25T23:10:02+08:00][sql] SELECT * FROM `tp_module` WHERE  `id` IN (18,19,21,22,23,24,25) [ RunTime:0.000751s ]
[2023-03-25T23:10:02+08:00][sql] SELECT * FROM `tp_module` WHERE  `model_name` = 'Cate' LIMIT 1 [ RunTime:0.001206s ]
[2023-03-25T23:10:02+08:00][sql] SELECT * FROM `tp_module` WHERE  `table_name` = 'cate' LIMIT 1 [ RunTime:0.001122s ]
[2023-03-25T23:10:02+08:00][sql] SHOW FULL COLUMNS FROM `tp_field` [ RunTime:0.009827s ]
[2023-03-25T23:10:02+08:00][sql] SELECT * FROM `tp_field` WHERE  `module_id` = 20 ORDER BY `sort` ASC,`id` ASC [ RunTime:0.000943s ]
[2023-03-25T23:10:02+08:00][sql] SHOW FULL COLUMNS FROM `tp_system` [ RunTime:0.009418s ]
[2023-03-25T23:10:02+08:00][sql] SELECT * FROM `tp_system` WHERE  `id` = 1 LIMIT 1 [ RunTime:0.001475s ]
[2023-03-25T23:10:02+08:00][sql] SELECT * FROM `tp_auth_rule` WHERE  `auth_open` = 0 [ RunTime:0.001385s ]
[2023-03-25T23:10:02+08:00][sql] SELECT * FROM `tp_auth_rule` [ RunTime:0.001424s ]
[2023-03-25T23:10:02+08:00][sql] SELECT * FROM `tp_auth_rule` WHERE  `name` = 'Users/index' LIMIT 1 [ RunTime:0.000687s ]
[2023-03-25T23:10:02+08:00][sql] SELECT * FROM `tp_auth_rule` WHERE  `id` = 162 LIMIT 1 [ RunTime:0.000711s ]
[2023-03-25T23:10:02+08:00][sql] SELECT * FROM `tp_auth_rule` WHERE  `name` = 'Users' LIMIT 1 [ RunTime:0.000668s ]
[2023-03-25T23:10:02+08:00][sql] SHOW FULL COLUMNS FROM `tp_admin_log` [ RunTime:0.010547s ]
[2023-03-25T23:10:02+08:00][sql] SELECT * FROM `tp_admin_log` WHERE  `admin_id` = 1 ORDER BY `id` DESC LIMIT 1 [ RunTime:0.000569s ]
[2023-03-25T23:10:02+08:00][sql] INSERT INTO `tp_admin_log` SET `title` = '[会员管理] -> [会员管理]' , `content` = '[]' , `url` = '/admin/Users/index.html?_pjax=.content-wrapper' , `admin_id` = 1 , `user_agent` = 'Mozilla/5.0 (Windows NT 10.0; Win64; x64) AppleWebKit/537.36 (KHTML, like Gecko) Chrome/111.0.0.0 Safari/537.36' , `ip` = '127.0.0.1' , `create_time` = 1679757002 , `update_time` = 1679757002 [ RunTime:0.000691s ]
[2023-03-25T23:10:02+08:00][sql] SELECT `pk` FROM `tp_module` WHERE  `table_name` = 'users' LIMIT 1 [ RunTime:0.000502s ]
[2023-03-25T23:10:02+08:00][sql] SELECT * FROM `tp_module` WHERE  `table_name` = 'users' LIMIT 1 [ RunTime:0.000548s ]
[2023-03-25T23:10:02+08:00][sql] SELECT * FROM `tp_field` WHERE  `module_id` = 1 ORDER BY `sort` ASC,`id` ASC [ RunTime:0.000718s ]
[2023-03-25T23:10:02+08:00][sql] SHOW FULL COLUMNS FROM `tp_dictionary` [ RunTime:0.008879s ]
[2023-03-25T23:10:02+08:00][sql] SELECT `dict_value`,`dict_label` FROM `tp_dictionary` WHERE  `dict_type` = '4' ORDER BY `sort` ASC,`id` DESC [ RunTime:0.000604s ]
[2023-03-25T23:10:02+08:00][sql] SELECT `dict_value`,`dict_label` FROM `tp_dictionary` WHERE  `dict_type` = '5' ORDER BY `sort` ASC,`id` DESC [ RunTime:0.000731s ]
[2023-03-25T23:10:02+08:00][sql] SELECT `dict_value`,`dict_label` FROM `tp_dictionary` WHERE  `dict_type` = '5' ORDER BY `sort` ASC,`id` DESC [ RunTime:0.000509s ]
[2023-03-25T23:10:02+08:00][sql] SELECT `dict_value`,`dict_label` FROM `tp_dictionary` WHERE  `dict_type` = '1' ORDER BY `sort` ASC,`id` DESC [ RunTime:0.000421s ]
[2023-03-25T23:10:02+08:00][sql] SELECT * FROM `tp_module` WHERE  `table_name` = 'users' LIMIT 1 [ RunTime:0.000494s ]
[2023-03-25T23:10:02+08:00][sql] SELECT * FROM `tp_field` WHERE  `module_id` = 1 ORDER BY `sort` ASC,`id` ASC [ RunTime:0.001341s ]
[2023-03-25T23:10:02+08:00][sql] SELECT `dict_value`,`dict_label` FROM `tp_dictionary` WHERE  `dict_type` = '4' ORDER BY `sort` ASC,`id` DESC [ RunTime:0.000554s ]
[2023-03-25T23:10:02+08:00][sql] SELECT `dict_value`,`dict_label` FROM `tp_dictionary` WHERE  `dict_type` = '5' ORDER BY `sort` ASC,`id` DESC [ RunTime:0.000652s ]
[2023-03-25T23:10:02+08:00][sql] SELECT `dict_value`,`dict_label` FROM `tp_dictionary` WHERE  `dict_type` = '5' ORDER BY `sort` ASC,`id` DESC [ RunTime:0.000974s ]
[2023-03-25T23:10:02+08:00][sql] SELECT * FROM `tp_module` WHERE  `model_name` = 'UsersType' LIMIT 1 [ RunTime:0.000951s ]
[2023-03-25T23:10:02+08:00][sql] SELECT * FROM `tp_field` WHERE  `module_id` = 6  AND `field` = 'sort' LIMIT 1 [ RunTime:0.000872s ]
[2023-03-25T23:10:02+08:00][sql] SELECT * FROM `tp_module` WHERE  `model_name` = 'UsersType' LIMIT 1 [ RunTime:0.000545s ]
[2023-03-25T23:10:02+08:00][sql] SELECT `id` FROM `tp_module` WHERE  `model_name` = 'UsersType' LIMIT 1 [ RunTime:0.000432s ]
[2023-03-25T23:10:02+08:00][sql] SELECT `field` FROM `tp_field` WHERE  ( field = 'pid' OR field = 'parent_id'  )  AND `module_id` = 6 LIMIT 1 [ RunTime:0.000655s ]
[2023-03-25T23:10:02+08:00][sql] SHOW FULL COLUMNS FROM `tp_users_type` [ RunTime:0.009271s ]
[2023-03-25T23:10:02+08:00][sql] SELECT `id`,`name` FROM `tp_users_type` ORDER BY `sort` ASC,`id` DESC [ RunTime:0.001399s ]
[2023-03-25T23:10:02+08:00][sql] SELECT `dict_value`,`dict_label` FROM `tp_dictionary` WHERE  `dict_type` = '1' ORDER BY `sort` ASC,`id` DESC [ RunTime:0.000807s ]
[2023-03-25T23:10:02+08:00][sql] SELECT * FROM `tp_module` WHERE  `table_name` = 'users' LIMIT 1 [ RunTime:0.000515s ]
[2023-03-25T23:10:02+08:00][sql] SELECT * FROM `tp_module` WHERE  `model_name` = 'Users' LIMIT 1 [ RunTime:0.000466s ]
[2023-03-25T23:10:02+08:00][sql] SELECT * FROM `tp_module` WHERE  `table_name` = 'users' LIMIT 1 [ RunTime:0.000475s ]
[2023-03-25T23:10:02+08:00][sql] SELECT * FROM `tp_field` WHERE  `module_id` = 1 ORDER BY `sort` ASC,`id` ASC [ RunTime:0.000861s ]
[2023-03-25T23:10:02+08:00][sql] SELECT `dict_value`,`dict_label` FROM `tp_dictionary` WHERE  `dict_type` = '4' ORDER BY `sort` ASC,`id` DESC [ RunTime:0.000766s ]
[2023-03-25T23:10:02+08:00][sql] SELECT `dict_value`,`dict_label` FROM `tp_dictionary` WHERE  `dict_type` = '5' ORDER BY `sort` ASC,`id` DESC [ RunTime:0.000439s ]
[2023-03-25T23:10:02+08:00][sql] SELECT `dict_value`,`dict_label` FROM `tp_dictionary` WHERE  `dict_type` = '5' ORDER BY `sort` ASC,`id` DESC [ RunTime:0.000388s ]
[2023-03-25T23:10:02+08:00][sql] SELECT * FROM `tp_module` WHERE  `model_name` = 'UsersType' LIMIT 1 [ RunTime:0.000631s ]
[2023-03-25T23:10:02+08:00][sql] SELECT * FROM `tp_field` WHERE  `module_id` = 6  AND `field` = 'sort' LIMIT 1 [ RunTime:0.000908s ]
[2023-03-25T23:10:02+08:00][sql] SELECT * FROM `tp_module` WHERE  `model_name` = 'UsersType' LIMIT 1 [ RunTime:0.000560s ]
[2023-03-25T23:10:02+08:00][sql] SELECT `id` FROM `tp_module` WHERE  `model_name` = 'UsersType' LIMIT 1 [ RunTime:0.000369s ]
[2023-03-25T23:10:02+08:00][sql] SELECT `field` FROM `tp_field` WHERE  ( field = 'pid' OR field = 'parent_id'  )  AND `module_id` = 6 LIMIT 1 [ RunTime:0.000505s ]
[2023-03-25T23:10:02+08:00][sql] SELECT `id`,`name` FROM `tp_users_type` ORDER BY `sort` ASC,`id` DESC [ RunTime:0.000355s ]
[2023-03-25T23:10:02+08:00][sql] SELECT `dict_value`,`dict_label` FROM `tp_dictionary` WHERE  `dict_type` = '1' ORDER BY `sort` ASC,`id` DESC [ RunTime:0.000399s ]
[2023-03-25T23:10:02+08:00][sql] SELECT `pk` FROM `tp_module` WHERE  `table_name` = 'users' LIMIT 1 [ RunTime:0.000673s ]
[2023-03-25T23:10:02+08:00][sql] SELECT * FROM `tp_module` WHERE  `table_name` = 'users' LIMIT 1 [ RunTime:0.000565s ]
[2023-03-25T23:10:03+08:00][sql] CONNECT:[ UseTime:0.017651s ] mysql:host=127.0.0.1;port=3306;dbname=ztx;charset=utf8mb4
[2023-03-25T23:10:03+08:00][sql] SHOW FULL COLUMNS FROM `tp_auth_rule` [ RunTime:0.009560s ]
[2023-03-25T23:10:03+08:00][sql] SELECT * FROM `tp_auth_rule` WHERE  `status` = 1 ORDER BY `sort` ASC [ RunTime:0.001320s ]
[2023-03-25T23:10:03+08:00][sql] SELECT * FROM `tp_auth_rule` WHERE  `name` = 'Users/index' LIMIT 1 [ RunTime:0.000762s ]
[2023-03-25T23:10:03+08:00][sql] SELECT * FROM `tp_auth_rule` WHERE  `id` = 162 LIMIT 1 [ RunTime:0.000515s ]
[2023-03-25T23:10:03+08:00][sql] SELECT * FROM `tp_auth_rule` WHERE  `name` = 'Users' LIMIT 1 [ RunTime:0.000670s ]
[2023-03-25T23:10:03+08:00][sql] SHOW FULL COLUMNS FROM `tp_module` [ RunTime:0.012337s ]
[2023-03-25T23:10:03+08:00][sql] SELECT * FROM `tp_module` WHERE  `model_name` = 'Users' LIMIT 1 [ RunTime:0.000518s ]
[2023-03-25T23:10:03+08:00][sql] SHOW FULL COLUMNS FROM `tp_cate` [ RunTime:0.011228s ]
[2023-03-25T23:10:03+08:00][sql] SELECT * FROM `tp_cate` ORDER BY `sort`,`id` DESC [ RunTime:0.000681s ]
[2023-03-25T23:10:03+08:00][sql] SELECT * FROM `tp_module` WHERE  `id` IN (18,19,21,22,23,24,25) [ RunTime:0.000859s ]
[2023-03-25T23:10:03+08:00][sql] SELECT * FROM `tp_module` WHERE  `model_name` = 'Cate' LIMIT 1 [ RunTime:0.000776s ]
[2023-03-25T23:10:03+08:00][sql] SELECT * FROM `tp_module` WHERE  `table_name` = 'cate' LIMIT 1 [ RunTime:0.000709s ]
[2023-03-25T23:10:03+08:00][sql] SHOW FULL COLUMNS FROM `tp_field` [ RunTime:0.010895s ]
[2023-03-25T23:10:03+08:00][sql] SELECT * FROM `tp_field` WHERE  `module_id` = 20 ORDER BY `sort` ASC,`id` ASC [ RunTime:0.001242s ]
[2023-03-25T23:10:03+08:00][sql] SHOW FULL COLUMNS FROM `tp_system` [ RunTime:0.011349s ]
[2023-03-25T23:10:03+08:00][sql] SELECT * FROM `tp_system` WHERE  `id` = 1 LIMIT 1 [ RunTime:0.000802s ]
[2023-03-25T23:10:03+08:00][sql] SELECT * FROM `tp_auth_rule` WHERE  `auth_open` = 0 [ RunTime:0.000931s ]
[2023-03-25T23:10:03+08:00][sql] SELECT * FROM `tp_auth_rule` [ RunTime:0.001294s ]
[2023-03-25T23:10:03+08:00][sql] SELECT * FROM `tp_auth_rule` WHERE  `name` = 'Users/index' LIMIT 1 [ RunTime:0.000735s ]
[2023-03-25T23:10:03+08:00][sql] SELECT * FROM `tp_auth_rule` WHERE  `id` = 162 LIMIT 1 [ RunTime:0.000498s ]
[2023-03-25T23:10:03+08:00][sql] SELECT * FROM `tp_auth_rule` WHERE  `name` = 'Users' LIMIT 1 [ RunTime:0.000734s ]
[2023-03-25T23:10:03+08:00][sql] SHOW FULL COLUMNS FROM `tp_admin_log` [ RunTime:0.009032s ]
[2023-03-25T23:10:03+08:00][sql] SELECT * FROM `tp_admin_log` WHERE  `admin_id` = 1 ORDER BY `id` DESC LIMIT 1 [ RunTime:0.001166s ]
[2023-03-25T23:10:03+08:00][sql] INSERT INTO `tp_admin_log` SET `title` = '[会员管理] -> [会员管理]' , `content` = '{"getList":"1","pageSize":"10","page":1,"orderByColumn":"id","isAsc":"desc","email":"","sex":"","last_login_ip":"","qq":"","mobile":"","mobile_validated":"","email_validated":"","type_id":"","status":""}' , `url` = '/admin/Users/index.html?getList=1' , `admin_id` = 1 , `user_agent` = 'Mozilla/5.0 (Windows NT 10.0; Win64; x64) AppleWebKit/537.36 (KHTML, like Gecko) Chrome/111.0.0.0 Safari/537.36' , `ip` = '127.0.0.1' , `create_time` = 1679757002 , `update_time` = 1679757002 [ RunTime:0.001244s ]
[2023-03-25T23:10:03+08:00][sql] SELECT `pk` FROM `tp_module` WHERE  `table_name` = 'users' LIMIT 1 [ RunTime:0.001027s ]
[2023-03-25T23:10:03+08:00][sql] SELECT * FROM `tp_module` WHERE  `table_name` = 'users' LIMIT 1 [ RunTime:0.000641s ]
[2023-03-25T23:10:03+08:00][sql] SELECT * FROM `tp_field` WHERE  `module_id` = 1 ORDER BY `sort` ASC,`id` ASC [ RunTime:0.000793s ]
[2023-03-25T23:10:03+08:00][sql] SHOW FULL COLUMNS FROM `tp_dictionary` [ RunTime:0.011562s ]
[2023-03-25T23:10:03+08:00][sql] SELECT `dict_value`,`dict_label` FROM `tp_dictionary` WHERE  `dict_type` = '4' ORDER BY `sort` ASC,`id` DESC [ RunTime:0.000549s ]
[2023-03-25T23:10:03+08:00][sql] SELECT `dict_value`,`dict_label` FROM `tp_dictionary` WHERE  `dict_type` = '5' ORDER BY `sort` ASC,`id` DESC [ RunTime:0.000408s ]
[2023-03-25T23:10:03+08:00][sql] SELECT `dict_value`,`dict_label` FROM `tp_dictionary` WHERE  `dict_type` = '5' ORDER BY `sort` ASC,`id` DESC [ RunTime:0.000382s ]
[2023-03-25T23:10:03+08:00][sql] SELECT `dict_value`,`dict_label` FROM `tp_dictionary` WHERE  `dict_type` = '1' ORDER BY `sort` ASC,`id` DESC [ RunTime:0.000464s ]
[2023-03-25T23:10:03+08:00][sql] SELECT * FROM `tp_module` WHERE  `table_name` = 'users' LIMIT 1 [ RunTime:0.000460s ]
[2023-03-25T23:10:03+08:00][sql] SELECT * FROM `tp_field` WHERE  `module_id` = 1 ORDER BY `sort` ASC,`id` ASC [ RunTime:0.000709s ]
[2023-03-25T23:10:03+08:00][sql] SELECT `dict_value`,`dict_label` FROM `tp_dictionary` WHERE  `dict_type` = '4' ORDER BY `sort` ASC,`id` DESC [ RunTime:0.000445s ]
[2023-03-25T23:10:03+08:00][sql] SELECT `dict_value`,`dict_label` FROM `tp_dictionary` WHERE  `dict_type` = '5' ORDER BY `sort` ASC,`id` DESC [ RunTime:0.000396s ]
[2023-03-25T23:10:03+08:00][sql] SELECT `dict_value`,`dict_label` FROM `tp_dictionary` WHERE  `dict_type` = '5' ORDER BY `sort` ASC,`id` DESC [ RunTime:0.000399s ]
[2023-03-25T23:10:03+08:00][sql] SELECT * FROM `tp_module` WHERE  `model_name` = 'UsersType' LIMIT 1 [ RunTime:0.000422s ]
[2023-03-25T23:10:03+08:00][sql] SELECT * FROM `tp_field` WHERE  `module_id` = 6  AND `field` = 'sort' LIMIT 1 [ RunTime:0.000526s ]
[2023-03-25T23:10:03+08:00][sql] SELECT * FROM `tp_module` WHERE  `model_name` = 'UsersType' LIMIT 1 [ RunTime:0.000410s ]
[2023-03-25T23:10:03+08:00][sql] SELECT `id` FROM `tp_module` WHERE  `model_name` = 'UsersType' LIMIT 1 [ RunTime:0.000396s ]
[2023-03-25T23:10:03+08:00][sql] SELECT `field` FROM `tp_field` WHERE  ( field = 'pid' OR field = 'parent_id'  )  AND `module_id` = 6 LIMIT 1 [ RunTime:0.001944s ]
[2023-03-25T23:10:03+08:00][sql] SHOW FULL COLUMNS FROM `tp_users_type` [ RunTime:0.010557s ]
[2023-03-25T23:10:03+08:00][sql] SELECT `id`,`name` FROM `tp_users_type` ORDER BY `sort` ASC,`id` DESC [ RunTime:0.000677s ]
[2023-03-25T23:10:03+08:00][sql] SELECT `dict_value`,`dict_label` FROM `tp_dictionary` WHERE  `dict_type` = '1' ORDER BY `sort` ASC,`id` DESC [ RunTime:0.000689s ]
[2023-03-25T23:10:03+08:00][sql] SELECT * FROM `tp_module` WHERE  `table_name` = 'users' LIMIT 1 [ RunTime:0.000978s ]
[2023-03-25T23:10:03+08:00][sql] SELECT * FROM `tp_module` WHERE  `table_name` = 'users' LIMIT 1 [ RunTime:0.001239s ]
[2023-03-25T23:10:03+08:00][sql] SELECT * FROM `tp_field` WHERE  `module_id` = 1 ORDER BY `sort` ASC,`id` ASC [ RunTime:0.001454s ]
[2023-03-25T23:10:03+08:00][sql] SELECT `dict_value`,`dict_label` FROM `tp_dictionary` WHERE  `dict_type` = '4' ORDER BY `sort` ASC,`id` DESC [ RunTime:0.000673s ]
[2023-03-25T23:10:03+08:00][sql] SELECT `dict_value`,`dict_label` FROM `tp_dictionary` WHERE  `dict_type` = '5' ORDER BY `sort` ASC,`id` DESC [ RunTime:0.000467s ]
[2023-03-25T23:10:03+08:00][sql] SELECT `dict_value`,`dict_label` FROM `tp_dictionary` WHERE  `dict_type` = '5' ORDER BY `sort` ASC,`id` DESC [ RunTime:0.000639s ]
[2023-03-25T23:10:03+08:00][sql] SELECT * FROM `tp_module` WHERE  `model_name` = 'UsersType' LIMIT 1 [ RunTime:0.000542s ]
[2023-03-25T23:10:03+08:00][sql] SELECT * FROM `tp_field` WHERE  `module_id` = 6  AND `field` = 'sort' LIMIT 1 [ RunTime:0.000565s ]
[2023-03-25T23:10:03+08:00][sql] SELECT * FROM `tp_module` WHERE  `model_name` = 'UsersType' LIMIT 1 [ RunTime:0.000443s ]
[2023-03-25T23:10:03+08:00][sql] SELECT `id` FROM `tp_module` WHERE  `model_name` = 'UsersType' LIMIT 1 [ RunTime:0.000347s ]
[2023-03-25T23:10:03+08:00][sql] SELECT `field` FROM `tp_field` WHERE  ( field = 'pid' OR field = 'parent_id'  )  AND `module_id` = 6 LIMIT 1 [ RunTime:0.000509s ]
[2023-03-25T23:10:03+08:00][sql] SELECT `id`,`name` FROM `tp_users_type` ORDER BY `sort` ASC,`id` DESC [ RunTime:0.000372s ]
[2023-03-25T23:10:03+08:00][sql] SELECT `dict_value`,`dict_label` FROM `tp_dictionary` WHERE  `dict_type` = '1' ORDER BY `sort` ASC,`id` DESC [ RunTime:0.000393s ]
[2023-03-25T23:10:03+08:00][sql] SELECT `pk` FROM `tp_module` WHERE  `table_name` = 'users' LIMIT 1 [ RunTime:0.000369s ]
[2023-03-25T23:10:03+08:00][sql] SELECT `id` FROM `tp_module` WHERE  `model_name` = 'Users' LIMIT 1 [ RunTime:0.000415s ]
[2023-03-25T23:10:03+08:00][sql] SELECT * FROM `tp_field` WHERE  `module_id` = 1 [ RunTime:0.001202s ]
[2023-03-25T23:10:03+08:00][sql] SHOW FULL COLUMNS FROM `tp_users` [ RunTime:0.010955s ]
[2023-03-25T23:10:03+08:00][sql] SELECT COUNT(*) AS think_count FROM `tp_users` `Users` LIMIT 1 [ RunTime:0.000528s ]
[2023-03-25T23:10:03+08:00][sql] SELECT * FROM `tp_users` `Users` ORDER BY `id` DESC LIMIT 0,10 [ RunTime:0.000517s ]
[2023-03-25T23:10:03+08:00][sql] SELECT * FROM `tp_users_type` WHERE  `id` IN (1,2) [ RunTime:0.000468s ]
[2023-03-25T23:10:03+08:00][sql] SELECT * FROM `tp_module` WHERE  `model_name` = 'Users' LIMIT 1 [ RunTime:0.001412s ]
[2023-03-25T23:10:03+08:00][sql] SELECT * FROM `tp_module` WHERE  `table_name` = 'users' LIMIT 1 [ RunTime:0.000802s ]
[2023-03-25T23:10:03+08:00][sql] SELECT * FROM `tp_field` WHERE  `module_id` = 1 ORDER BY `sort` ASC,`id` ASC [ RunTime:0.000921s ]
[2023-03-25T23:14:30+08:00][sql] CONNECT:[ UseTime:0.001011s ] mysql:host=127.0.0.1;port=3306;dbname=ztx;charset=utf8mb4
[2023-03-25T23:14:30+08:00][sql] SHOW FULL COLUMNS FROM `tp_auth_rule` [ RunTime:0.014391s ]
[2023-03-25T23:14:30+08:00][sql] SELECT * FROM `tp_auth_rule` WHERE  `status` = 1 ORDER BY `sort` ASC [ RunTime:0.000883s ]
[2023-03-25T23:14:30+08:00][sql] SELECT * FROM `tp_auth_rule` WHERE  `name` = 'Index/index' LIMIT 1 [ RunTime:0.000942s ]
[2023-03-25T23:14:30+08:00][sql] SHOW FULL COLUMNS FROM `tp_module` [ RunTime:0.010240s ]
[2023-03-25T23:14:30+08:00][sql] SELECT * FROM `tp_module` WHERE  `model_name` = 'Index' LIMIT 1 [ RunTime:0.001264s ]
[2023-03-25T23:14:30+08:00][sql] SHOW FULL COLUMNS FROM `tp_cate` [ RunTime:0.013102s ]
[2023-03-25T23:14:30+08:00][sql] SELECT * FROM `tp_cate` ORDER BY `sort`,`id` DESC [ RunTime:0.001029s ]
[2023-03-25T23:14:30+08:00][sql] SELECT * FROM `tp_module` WHERE  `id` IN (18,19,21,22,23,24,25) [ RunTime:0.000841s ]
[2023-03-25T23:14:30+08:00][sql] SELECT * FROM `tp_module` WHERE  `model_name` = 'Cate' LIMIT 1 [ RunTime:0.000681s ]
[2023-03-25T23:14:30+08:00][sql] SELECT * FROM `tp_module` WHERE  `table_name` = 'cate' LIMIT 1 [ RunTime:0.000576s ]
[2023-03-25T23:14:30+08:00][sql] SHOW FULL COLUMNS FROM `tp_field` [ RunTime:0.011866s ]
[2023-03-25T23:14:30+08:00][sql] SELECT * FROM `tp_field` WHERE  `module_id` = 20 ORDER BY `sort` ASC,`id` ASC [ RunTime:0.001234s ]
[2023-03-25T23:14:30+08:00][sql] SHOW FULL COLUMNS FROM `tp_system` [ RunTime:0.009587s ]
[2023-03-25T23:14:30+08:00][sql] SELECT * FROM `tp_system` WHERE  `id` = 1 LIMIT 1 [ RunTime:0.000669s ]
[2023-03-25T23:14:30+08:00][sql] SELECT * FROM `tp_auth_rule` WHERE  `auth_open` = 0 [ RunTime:0.000760s ]
[2023-03-25T23:14:30+08:00][sql] SELECT * FROM `tp_auth_rule` [ RunTime:0.000957s ]
[2023-03-25T23:14:30+08:00][sql] SELECT * FROM `tp_auth_rule` WHERE  `name` = 'Index/index' LIMIT 1 [ RunTime:0.000945s ]
[2023-03-25T23:14:30+08:00][sql] SHOW FULL COLUMNS FROM `tp_admin_log` [ RunTime:0.010850s ]
[2023-03-25T23:14:30+08:00][sql] SELECT * FROM `tp_admin_log` WHERE  `admin_id` = 1 ORDER BY `id` DESC LIMIT 1 [ RunTime:0.000576s ]
[2023-03-25T23:14:30+08:00][sql] INSERT INTO `tp_admin_log` SET `title` = '[控制台]' , `content` = '[]' , `url` = '/admin?_pjax=.content-wrapper' , `admin_id` = 1 , `user_agent` = 'Mozilla/5.0 (Windows NT 10.0; Win64; x64) AppleWebKit/537.36 (KHTML, like Gecko) Chrome/111.0.0.0 Safari/537.36' , `ip` = '127.0.0.1' , `create_time` = 1679757270 , `update_time` = 1679757270 [ RunTime:0.001286s ]
[2023-03-25T23:14:30+08:00][sql] SELECT VERSION() AS ver [ RunTime:0.000461s ]
[2023-03-25T23:14:30+08:00][sql] SHOW FULL COLUMNS FROM `tp_users` [ RunTime:0.010269s ]
[2023-03-25T23:14:30+08:00][sql] SELECT COUNT(*) AS think_count FROM `tp_users` WHERE  `create_time` > 1679152470 LIMIT 1 [ RunTime:0.001054s ]
[2023-03-25T23:14:30+08:00][sql] SHOW FULL COLUMNS FROM `tp_message` [ RunTime:0.011411s ]
[2023-03-25T23:14:30+08:00][sql] SELECT COUNT(*) AS think_count FROM `tp_message` WHERE  `status` = 0 LIMIT 1 [ RunTime:0.000676s ]
[2023-03-25T23:14:30+08:00][sql] SELECT `id` FROM `tp_module` WHERE  `table_name` = 'message' LIMIT 1 [ RunTime:0.000680s ]
[2023-03-25T23:14:30+08:00][sql] SELECT `id` FROM `tp_cate` WHERE  `module_id` = 25 LIMIT 1 [ RunTime:0.000556s ]
[2023-03-25T23:14:30+08:00][sql] SHOW FULL COLUMNS FROM `tp_admin` [ RunTime:0.011323s ]
[2023-03-25T23:14:30+08:00][sql] SELECT `password` FROM `tp_admin` WHERE  `id` = 1 LIMIT 1 [ RunTime:0.000679s ]
