[2023-03-27T00:03:33+08:00][sql] CONNECT:[ UseTime:0.024969s ] mysql:host=127.0.0.1;port=3306;dbname=ztx;charset=utf8mb4
[2023-03-27T00:03:33+08:00][sql] SHOW FULL COLUMNS FROM `tp_auth_rule` [ RunTime:0.010560s ]
[2023-03-27T00:03:33+08:00][sql] SELECT * FROM `tp_auth_rule` WHERE  `status` = 1 ORDER BY `sort` ASC [ RunTime:0.001285s ]
[2023-03-27T00:03:33+08:00][sql] SELECT * FROM `tp_auth_rule` WHERE  `name` = 'Index/index' LIMIT 1 [ RunTime:0.001003s ]
[2023-03-27T00:03:33+08:00][sql] SHOW FULL COLUMNS FROM `tp_module` [ RunTime:0.007561s ]
[2023-03-27T00:03:33+08:00][sql] SELECT * FROM `tp_module` WHERE  `model_name` = 'Index' LIMIT 1 [ RunTime:0.000711s ]
[2023-03-27T00:03:33+08:00][sql] SHOW FULL COLUMNS FROM `tp_cate` [ RunTime:0.007633s ]
[2023-03-27T00:03:33+08:00][sql] SELECT * FROM `tp_cate` ORDER BY `sort`,`id` DESC [ RunTime:0.000681s ]
[2023-03-27T00:03:33+08:00][sql] SELECT * FROM `tp_module` WHERE  `id` IN (18,19,21,22,23,24,25) [ RunTime:0.000878s ]
[2023-03-27T00:03:33+08:00][sql] SELECT * FROM `tp_module` WHERE  `model_name` = 'Cate' LIMIT 1 [ RunTime:0.000969s ]
[2023-03-27T00:03:33+08:00][sql] SELECT * FROM `tp_module` WHERE  `table_name` = 'cate' LIMIT 1 [ RunTime:0.000509s ]
[2023-03-27T00:03:33+08:00][sql] SHOW FULL COLUMNS FROM `tp_field` [ RunTime:0.007926s ]
[2023-03-27T00:03:33+08:00][sql] SELECT * FROM `tp_field` WHERE  `module_id` = 20 ORDER BY `sort` ASC,`id` ASC [ RunTime:0.000933s ]
[2023-03-27T00:03:33+08:00][sql] SHOW FULL COLUMNS FROM `tp_system` [ RunTime:0.009832s ]
[2023-03-27T00:03:33+08:00][sql] SELECT * FROM `tp_system` WHERE  `id` = 1 LIMIT 1 [ RunTime:0.000666s ]
[2023-03-27T00:03:33+08:00][sql] CONNECT:[ UseTime:0.019212s ] mysql:host=127.0.0.1;port=3306;dbname=ztx;charset=utf8mb4
[2023-03-27T00:03:33+08:00][sql] SHOW FULL COLUMNS FROM `tp_system` [ RunTime:0.009643s ]
[2023-03-27T00:03:33+08:00][sql] SELECT * FROM `tp_system` WHERE  `id` = 1 LIMIT 1 [ RunTime:0.001008s ]
[2023-03-27T00:03:35+08:00][sql] CONNECT:[ UseTime:0.023951s ] mysql:host=127.0.0.1;port=3306;dbname=ztx;charset=utf8mb4
[2023-03-27T00:03:35+08:00][sql] SHOW FULL COLUMNS FROM `tp_system` [ RunTime:0.009370s ]
[2023-03-27T00:03:35+08:00][sql] SELECT * FROM `tp_system` WHERE  `id` = 1 LIMIT 1 [ RunTime:0.001739s ]
[2023-03-27T00:03:35+08:00][sql] SHOW FULL COLUMNS FROM `tp_admin` [ RunTime:0.008399s ]
[2023-03-27T00:03:35+08:00][sql] SELECT * FROM `tp_admin` WHERE  `username` = 'admin'  AND `password` = '21232f297a57a5a743894a0e4a801fc3' LIMIT 1 [ RunTime:0.000659s ]
[2023-03-27T00:03:35+08:00][sql] UPDATE `tp_admin`  SET `login_time` = 1679846615 , `login_ip` = '127.0.0.1'  WHERE  `id` = 1 [ RunTime:0.002378s ]
[2023-03-27T00:03:35+08:00][sql] SHOW FULL COLUMNS FROM `tp_auth_group_access` [ RunTime:0.009539s ]
[2023-03-27T00:03:35+08:00][sql] SELECT `a`.`group_id`,`ag`.`rules`,`ag`.`title` FROM `tp_auth_group_access` `a` LEFT JOIN `tp_auth_group` `ag` ON `a`.`group_id`=`ag`.`id` WHERE  `uid` = 1 LIMIT 1 [ RunTime:0.000931s ]
[2023-03-27T00:03:35+08:00][sql] SHOW FULL COLUMNS FROM `tp_auth_rule` [ RunTime:0.009439s ]
[2023-03-27T00:03:35+08:00][sql] SELECT * FROM `tp_auth_rule` WHERE  `auth_open` = 0 [ RunTime:0.001061s ]
[2023-03-27T00:03:35+08:00][sql] SELECT * FROM `tp_auth_rule` [ RunTime:0.001433s ]
[2023-03-27T00:03:35+08:00][sql] SELECT * FROM `tp_admin` WHERE  `username` = 'admin'  AND `password` = '21232f297a57a5a743894a0e4a801fc3' LIMIT 1 [ RunTime:0.000905s ]
[2023-03-27T00:03:35+08:00][sql] SELECT * FROM `tp_auth_rule` WHERE  `name` = 'Login/checkLogin' LIMIT 1 [ RunTime:0.000949s ]
[2023-03-27T00:03:35+08:00][sql] SHOW FULL COLUMNS FROM `tp_admin_log` [ RunTime:0.007574s ]
[2023-03-27T00:03:35+08:00][sql] SELECT * FROM `tp_admin_log` WHERE  `admin_id` = 1 ORDER BY `id` DESC LIMIT 1 [ RunTime:0.000590s ]
[2023-03-27T00:03:35+08:00][sql] INSERT INTO `tp_admin_log` SET `title` = '[登录成功]' , `content` = '' , `url` = '/admin/Login/checkLogin.html' , `admin_id` = 1 , `user_agent` = 'Mozilla/5.0 (Windows NT 10.0; Win64; x64) AppleWebKit/537.36 (KHTML, like Gecko) Chrome/111.0.0.0 Safari/537.36' , `ip` = '127.0.0.1' , `create_time` = 1679846615 , `update_time` = 1679846615 [ RunTime:0.000681s ]
[2023-03-27T00:03:36+08:00][sql] CONNECT:[ UseTime:0.001524s ] mysql:host=127.0.0.1;port=3306;dbname=ztx;charset=utf8mb4
[2023-03-27T00:03:36+08:00][sql] SHOW FULL COLUMNS FROM `tp_auth_rule` [ RunTime:0.011462s ]
[2023-03-27T00:03:36+08:00][sql] SELECT * FROM `tp_auth_rule` WHERE  `status` = 1 ORDER BY `sort` ASC [ RunTime:0.001117s ]
[2023-03-27T00:03:36+08:00][sql] SELECT * FROM `tp_auth_rule` WHERE  `name` = 'Index/index' LIMIT 1 [ RunTime:0.001234s ]
[2023-03-27T00:03:36+08:00][sql] SHOW FULL COLUMNS FROM `tp_module` [ RunTime:0.013568s ]
[2023-03-27T00:03:36+08:00][sql] SELECT * FROM `tp_module` WHERE  `model_name` = 'Index' LIMIT 1 [ RunTime:0.000975s ]
[2023-03-27T00:03:36+08:00][sql] SHOW FULL COLUMNS FROM `tp_cate` [ RunTime:0.011504s ]
[2023-03-27T00:03:36+08:00][sql] SELECT * FROM `tp_cate` ORDER BY `sort`,`id` DESC [ RunTime:0.000748s ]
[2023-03-27T00:03:36+08:00][sql] SELECT * FROM `tp_module` WHERE  `id` IN (18,19,21,22,23,24,25) [ RunTime:0.001716s ]
[2023-03-27T00:03:36+08:00][sql] SELECT * FROM `tp_module` WHERE  `model_name` = 'Cate' LIMIT 1 [ RunTime:0.000946s ]
[2023-03-27T00:03:36+08:00][sql] SELECT * FROM `tp_module` WHERE  `table_name` = 'cate' LIMIT 1 [ RunTime:0.000697s ]
[2023-03-27T00:03:36+08:00][sql] SHOW FULL COLUMNS FROM `tp_field` [ RunTime:0.013666s ]
[2023-03-27T00:03:36+08:00][sql] SELECT * FROM `tp_field` WHERE  `module_id` = 20 ORDER BY `sort` ASC,`id` ASC [ RunTime:0.001344s ]
[2023-03-27T00:03:36+08:00][sql] SHOW FULL COLUMNS FROM `tp_system` [ RunTime:0.015896s ]
[2023-03-27T00:03:36+08:00][sql] SELECT * FROM `tp_system` WHERE  `id` = 1 LIMIT 1 [ RunTime:0.001365s ]
[2023-03-27T00:03:36+08:00][sql] SELECT * FROM `tp_auth_rule` WHERE  `auth_open` = 0 [ RunTime:0.001358s ]
[2023-03-27T00:03:36+08:00][sql] SELECT * FROM `tp_auth_rule` [ RunTime:0.001235s ]
[2023-03-27T00:03:36+08:00][sql] SELECT * FROM `tp_auth_rule` WHERE  `name` = 'Index/index' LIMIT 1 [ RunTime:0.001169s ]
[2023-03-27T00:03:36+08:00][sql] SHOW FULL COLUMNS FROM `tp_admin_log` [ RunTime:0.011352s ]
[2023-03-27T00:03:36+08:00][sql] SELECT * FROM `tp_admin_log` WHERE  `admin_id` = 1 ORDER BY `id` DESC LIMIT 1 [ RunTime:0.000587s ]
[2023-03-27T00:03:36+08:00][sql] INSERT INTO `tp_admin_log` SET `title` = '[控制台]' , `content` = '[]' , `url` = '/admin' , `admin_id` = 1 , `user_agent` = 'Mozilla/5.0 (Windows NT 10.0; Win64; x64) AppleWebKit/537.36 (KHTML, like Gecko) Chrome/111.0.0.0 Safari/537.36' , `ip` = '127.0.0.1' , `create_time` = 1679846616 , `update_time` = 1679846616 [ RunTime:0.000698s ]
[2023-03-27T00:03:36+08:00][sql] SELECT VERSION() AS ver [ RunTime:0.000574s ]
[2023-03-27T00:03:36+08:00][sql] SHOW FULL COLUMNS FROM `tp_users` [ RunTime:0.010054s ]
[2023-03-27T00:03:36+08:00][sql] SELECT COUNT(*) AS think_count FROM `tp_users` WHERE  `create_time` > 1679241816 LIMIT 1 [ RunTime:0.000720s ]
[2023-03-27T00:03:36+08:00][sql] SHOW FULL COLUMNS FROM `tp_message` [ RunTime:0.008598s ]
[2023-03-27T00:03:36+08:00][sql] SELECT COUNT(*) AS think_count FROM `tp_message` WHERE  `status` = 0 LIMIT 1 [ RunTime:0.000701s ]
[2023-03-27T00:03:36+08:00][sql] SELECT `id` FROM `tp_module` WHERE  `table_name` = 'message' LIMIT 1 [ RunTime:0.000901s ]
[2023-03-27T00:03:36+08:00][sql] SELECT `id` FROM `tp_cate` WHERE  `module_id` = 25 LIMIT 1 [ RunTime:0.000571s ]
[2023-03-27T00:03:36+08:00][sql] SHOW FULL COLUMNS FROM `tp_admin` [ RunTime:0.007769s ]
[2023-03-27T00:03:36+08:00][sql] SELECT `password` FROM `tp_admin` WHERE  `id` = 1 LIMIT 1 [ RunTime:0.000498s ]
