[2023-04-01T18:39:34+08:00][sql] CONNECT:[ UseTime:0.001415s ] mysql:host=127.0.0.1;port=3306;dbname=ztx;charset=utf8mb4
[2023-04-01T18:39:34+08:00][sql] SHOW FULL COLUMNS FROM `tp_auth_rule` [ RunTime:0.011309s ]
[2023-04-01T18:39:34+08:00][sql] SELECT * FROM `tp_auth_rule` WHERE  `status` = 1 ORDER BY `sort` ASC [ RunTime:0.001457s ]
[2023-04-01T18:39:34+08:00][sql] SELECT * FROM `tp_auth_rule` WHERE  `name` = 'Index/index' LIMIT 1 [ RunTime:0.001093s ]
[2023-04-01T18:39:34+08:00][sql] SHOW FULL COLUMNS FROM `tp_module` [ RunTime:0.010227s ]
[2023-04-01T18:39:34+08:00][sql] SELECT * FROM `tp_module` WHERE  `model_name` = 'Index' LIMIT 1 [ RunTime:0.001115s ]
[2023-04-01T18:39:34+08:00][sql] SHOW FULL COLUMNS FROM `tp_cate` [ RunTime:0.009012s ]
[2023-04-01T18:39:34+08:00][sql] SELECT * FROM `tp_cate` ORDER BY `sort`,`id` DESC [ RunTime:0.001478s ]
[2023-04-01T18:39:34+08:00][sql] SELECT * FROM `tp_module` WHERE  `id` IN (18,19,21,22,23,24,25) [ RunTime:0.001103s ]
[2023-04-01T18:39:34+08:00][sql] SELECT * FROM `tp_module` WHERE  `model_name` = 'Cate' LIMIT 1 [ RunTime:0.001216s ]
[2023-04-01T18:39:34+08:00][sql] SELECT * FROM `tp_module` WHERE  `table_name` = 'cate' LIMIT 1 [ RunTime:0.000808s ]
[2023-04-01T18:39:34+08:00][sql] SHOW FULL COLUMNS FROM `tp_field` [ RunTime:0.009832s ]
[2023-04-01T18:39:34+08:00][sql] SELECT * FROM `tp_field` WHERE  `module_id` = 20 ORDER BY `sort` ASC,`id` ASC [ RunTime:0.001175s ]
[2023-04-01T18:39:34+08:00][sql] SHOW FULL COLUMNS FROM `tp_system` [ RunTime:0.008671s ]
[2023-04-01T18:39:34+08:00][sql] SELECT * FROM `tp_system` WHERE  `id` = 1 LIMIT 1 [ RunTime:0.000972s ]
[2023-04-01T18:39:35+08:00][sql] CONNECT:[ UseTime:0.020399s ] mysql:host=127.0.0.1;port=3306;dbname=ztx;charset=utf8mb4
[2023-04-01T18:39:35+08:00][sql] SHOW FULL COLUMNS FROM `tp_system` [ RunTime:0.008605s ]
[2023-04-01T18:39:35+08:00][sql] SELECT * FROM `tp_system` WHERE  `id` = 1 LIMIT 1 [ RunTime:0.000715s ]
[2023-04-01T18:39:39+08:00][sql] CONNECT:[ UseTime:0.001180s ] mysql:host=127.0.0.1;port=3306;dbname=ztx;charset=utf8mb4
[2023-04-01T18:39:39+08:00][sql] SHOW FULL COLUMNS FROM `tp_auth_rule` [ RunTime:0.012261s ]
[2023-04-01T18:39:39+08:00][sql] SELECT * FROM `tp_auth_rule` WHERE  `status` = 1 ORDER BY `sort` ASC [ RunTime:0.001008s ]
[2023-04-01T18:39:39+08:00][sql] SELECT * FROM `tp_auth_rule` WHERE  `name` = 'Index/index' LIMIT 1 [ RunTime:0.000909s ]
[2023-04-01T18:39:39+08:00][sql] SHOW FULL COLUMNS FROM `tp_module` [ RunTime:0.009551s ]
[2023-04-01T18:39:39+08:00][sql] SELECT * FROM `tp_module` WHERE  `model_name` = 'Index' LIMIT 1 [ RunTime:0.000650s ]
[2023-04-01T18:39:39+08:00][sql] SHOW FULL COLUMNS FROM `tp_cate` [ RunTime:0.007450s ]
[2023-04-01T18:39:39+08:00][sql] SELECT * FROM `tp_cate` ORDER BY `sort`,`id` DESC [ RunTime:0.000718s ]
[2023-04-01T18:39:39+08:00][sql] SELECT * FROM `tp_module` WHERE  `id` IN (18,19,21,22,23,24,25) [ RunTime:0.001051s ]
[2023-04-01T18:39:39+08:00][sql] SELECT * FROM `tp_module` WHERE  `model_name` = 'Cate' LIMIT 1 [ RunTime:0.000791s ]
[2023-04-01T18:39:39+08:00][sql] SELECT * FROM `tp_module` WHERE  `table_name` = 'cate' LIMIT 1 [ RunTime:0.000486s ]
[2023-04-01T18:39:39+08:00][sql] SHOW FULL COLUMNS FROM `tp_field` [ RunTime:0.008549s ]
[2023-04-01T18:39:39+08:00][sql] SELECT * FROM `tp_field` WHERE  `module_id` = 20 ORDER BY `sort` ASC,`id` ASC [ RunTime:0.000955s ]
[2023-04-01T18:39:39+08:00][sql] SHOW FULL COLUMNS FROM `tp_system` [ RunTime:0.010717s ]
[2023-04-01T18:39:39+08:00][sql] SELECT * FROM `tp_system` WHERE  `id` = 1 LIMIT 1 [ RunTime:0.000816s ]
[2023-04-01T18:39:39+08:00][sql] CONNECT:[ UseTime:0.019689s ] mysql:host=127.0.0.1;port=3306;dbname=ztx;charset=utf8mb4
[2023-04-01T18:39:39+08:00][sql] SHOW FULL COLUMNS FROM `tp_system` [ RunTime:0.009487s ]
[2023-04-01T18:39:39+08:00][sql] SELECT * FROM `tp_system` WHERE  `id` = 1 LIMIT 1 [ RunTime:0.000807s ]
[2023-04-01T21:16:52+08:00][sql] CONNECT:[ UseTime:0.001082s ] mysql:host=127.0.0.1;port=3306;dbname=ztx;charset=utf8mb4
[2023-04-01T21:16:52+08:00][sql] SHOW FULL COLUMNS FROM `tp_auth_rule` [ RunTime:0.012994s ]
[2023-04-01T21:16:52+08:00][sql] SELECT * FROM `tp_auth_rule` WHERE  `status` = 1 ORDER BY `sort` ASC [ RunTime:0.001207s ]
[2023-04-01T21:16:52+08:00][sql] SELECT * FROM `tp_auth_rule` WHERE  `name` = 'Index/index' LIMIT 1 [ RunTime:0.001462s ]
[2023-04-01T21:16:52+08:00][sql] SHOW FULL COLUMNS FROM `tp_module` [ RunTime:0.011701s ]
[2023-04-01T21:16:52+08:00][sql] SELECT * FROM `tp_module` WHERE  `model_name` = 'Index' LIMIT 1 [ RunTime:0.001190s ]
[2023-04-01T21:16:52+08:00][sql] SHOW FULL COLUMNS FROM `tp_cate` [ RunTime:0.008503s ]
[2023-04-01T21:16:52+08:00][sql] SELECT * FROM `tp_cate` ORDER BY `sort`,`id` DESC [ RunTime:0.001019s ]
[2023-04-01T21:16:52+08:00][sql] SELECT * FROM `tp_module` WHERE  `id` IN (18,19,21,22,23,24,25) [ RunTime:0.001077s ]
[2023-04-01T21:16:52+08:00][sql] SELECT * FROM `tp_module` WHERE  `model_name` = 'Cate' LIMIT 1 [ RunTime:0.001196s ]
[2023-04-01T21:16:52+08:00][sql] SELECT * FROM `tp_module` WHERE  `table_name` = 'cate' LIMIT 1 [ RunTime:0.000766s ]
[2023-04-01T21:16:52+08:00][sql] SHOW FULL COLUMNS FROM `tp_field` [ RunTime:0.008939s ]
[2023-04-01T21:16:52+08:00][sql] SELECT * FROM `tp_field` WHERE  `module_id` = 20 ORDER BY `sort` ASC,`id` ASC [ RunTime:0.000968s ]
[2023-04-01T21:16:52+08:00][sql] SHOW FULL COLUMNS FROM `tp_system` [ RunTime:0.009076s ]
[2023-04-01T21:16:52+08:00][sql] SELECT * FROM `tp_system` WHERE  `id` = 1 LIMIT 1 [ RunTime:0.000793s ]
[2023-04-01T21:16:53+08:00][sql] CONNECT:[ UseTime:0.001089s ] mysql:host=127.0.0.1;port=3306;dbname=ztx;charset=utf8mb4
[2023-04-01T21:16:53+08:00][sql] SHOW FULL COLUMNS FROM `tp_system` [ RunTime:0.010635s ]
[2023-04-01T21:16:53+08:00][sql] SELECT * FROM `tp_system` WHERE  `id` = 1 LIMIT 1 [ RunTime:0.001110s ]
[2023-04-01T21:17:18+08:00][sql] CONNECT:[ UseTime:0.016730s ] mysql:host=127.0.0.1;port=3306;dbname=ztx;charset=utf8mb4
[2023-04-01T21:17:18+08:00][sql] SHOW FULL COLUMNS FROM `tp_system` [ RunTime:0.009813s ]
[2023-04-01T21:17:18+08:00][sql] SELECT * FROM `tp_system` WHERE  `id` = 1 LIMIT 1 [ RunTime:0.000680s ]
[2023-04-01T21:17:18+08:00][sql] SHOW FULL COLUMNS FROM `tp_admin` [ RunTime:0.009005s ]
[2023-04-01T21:17:18+08:00][sql] SELECT * FROM `tp_admin` WHERE  `username` = 'admin'  AND `password` = '21232f297a57a5a743894a0e4a801fc3' LIMIT 1 [ RunTime:0.000538s ]
[2023-04-01T21:17:18+08:00][sql] UPDATE `tp_admin`  SET `login_time` = 1680355038 , `login_ip` = '127.0.0.1'  WHERE  `id` = 1 [ RunTime:0.002785s ]
[2023-04-01T21:17:18+08:00][sql] SHOW FULL COLUMNS FROM `tp_auth_group_access` [ RunTime:0.008899s ]
[2023-04-01T21:17:18+08:00][sql] SELECT `a`.`group_id`,`ag`.`rules`,`ag`.`title` FROM `tp_auth_group_access` `a` LEFT JOIN `tp_auth_group` `ag` ON `a`.`group_id`=`ag`.`id` WHERE  `uid` = 1 LIMIT 1 [ RunTime:0.000665s ]
[2023-04-01T21:17:18+08:00][sql] SHOW FULL COLUMNS FROM `tp_auth_rule` [ RunTime:0.010417s ]
[2023-04-01T21:17:18+08:00][sql] SELECT * FROM `tp_auth_rule` WHERE  `auth_open` = 0 [ RunTime:0.000854s ]
[2023-04-01T21:17:18+08:00][sql] SELECT * FROM `tp_auth_rule` [ RunTime:0.001302s ]
[2023-04-01T21:17:18+08:00][sql] SELECT * FROM `tp_admin` WHERE  `username` = 'admin'  AND `password` = '21232f297a57a5a743894a0e4a801fc3' LIMIT 1 [ RunTime:0.001294s ]
[2023-04-01T21:17:18+08:00][sql] SELECT * FROM `tp_auth_rule` WHERE  `name` = 'Login/checkLogin' LIMIT 1 [ RunTime:0.000953s ]
[2023-04-01T21:17:18+08:00][sql] SHOW FULL COLUMNS FROM `tp_admin_log` [ RunTime:0.007629s ]
[2023-04-01T21:17:18+08:00][sql] SELECT * FROM `tp_admin_log` WHERE  `admin_id` = 1 ORDER BY `id` DESC LIMIT 1 [ RunTime:0.000724s ]
[2023-04-01T21:17:18+08:00][sql] INSERT INTO `tp_admin_log` SET `title` = '[登录成功]' , `content` = '' , `url` = '/admin/Login/checkLogin.html' , `admin_id` = 1 , `user_agent` = 'Mozilla/5.0 (Windows NT 10.0; Win64; x64) AppleWebKit/537.36 (KHTML, like Gecko) Chrome/111.0.0.0 Safari/537.36' , `ip` = '127.0.0.1' , `create_time` = 1680355038 , `update_time` = 1680355038 [ RunTime:0.001035s ]
[2023-04-01T21:17:18+08:00][sql] CONNECT:[ UseTime:0.000906s ] mysql:host=127.0.0.1;port=3306;dbname=ztx;charset=utf8mb4
[2023-04-01T21:17:18+08:00][sql] SHOW FULL COLUMNS FROM `tp_auth_rule` [ RunTime:0.010595s ]
[2023-04-01T21:17:18+08:00][sql] SELECT * FROM `tp_auth_rule` WHERE  `status` = 1 ORDER BY `sort` ASC [ RunTime:0.001079s ]
[2023-04-01T21:17:18+08:00][sql] SELECT * FROM `tp_auth_rule` WHERE  `name` = 'Index/index' LIMIT 1 [ RunTime:0.001630s ]
[2023-04-01T21:17:18+08:00][sql] SHOW FULL COLUMNS FROM `tp_module` [ RunTime:0.009140s ]
[2023-04-01T21:17:18+08:00][sql] SELECT * FROM `tp_module` WHERE  `model_name` = 'Index' LIMIT 1 [ RunTime:0.001334s ]
[2023-04-01T21:17:18+08:00][sql] SHOW FULL COLUMNS FROM `tp_cate` [ RunTime:0.007920s ]
[2023-04-01T21:17:18+08:00][sql] SELECT * FROM `tp_cate` ORDER BY `sort`,`id` DESC [ RunTime:0.000709s ]
[2023-04-01T21:17:18+08:00][sql] SELECT * FROM `tp_module` WHERE  `id` IN (18,19,21,22,23,24,25) [ RunTime:0.000796s ]
[2023-04-01T21:17:18+08:00][sql] SELECT * FROM `tp_module` WHERE  `model_name` = 'Cate' LIMIT 1 [ RunTime:0.001108s ]
[2023-04-01T21:17:18+08:00][sql] SELECT * FROM `tp_module` WHERE  `table_name` = 'cate' LIMIT 1 [ RunTime:0.000855s ]
[2023-04-01T21:17:18+08:00][sql] SHOW FULL COLUMNS FROM `tp_field` [ RunTime:0.009330s ]
[2023-04-01T21:17:18+08:00][sql] SELECT * FROM `tp_field` WHERE  `module_id` = 20 ORDER BY `sort` ASC,`id` ASC [ RunTime:0.001297s ]
[2023-04-01T21:17:18+08:00][sql] SHOW FULL COLUMNS FROM `tp_system` [ RunTime:0.009225s ]
[2023-04-01T21:17:18+08:00][sql] SELECT * FROM `tp_system` WHERE  `id` = 1 LIMIT 1 [ RunTime:0.001357s ]
[2023-04-01T21:17:18+08:00][sql] SELECT * FROM `tp_auth_rule` WHERE  `auth_open` = 0 [ RunTime:0.001226s ]
[2023-04-01T21:17:18+08:00][sql] SELECT * FROM `tp_auth_rule` [ RunTime:0.000974s ]
[2023-04-01T21:17:18+08:00][sql] SELECT * FROM `tp_auth_rule` WHERE  `name` = 'Index/index' LIMIT 1 [ RunTime:0.001282s ]
[2023-04-01T21:17:18+08:00][sql] SHOW FULL COLUMNS FROM `tp_admin_log` [ RunTime:0.011813s ]
[2023-04-01T21:17:18+08:00][sql] SELECT * FROM `tp_admin_log` WHERE  `admin_id` = 1 ORDER BY `id` DESC LIMIT 1 [ RunTime:0.000696s ]
[2023-04-01T21:17:18+08:00][sql] INSERT INTO `tp_admin_log` SET `title` = '[控制台]' , `content` = '[]' , `url` = '/admin' , `admin_id` = 1 , `user_agent` = 'Mozilla/5.0 (Windows NT 10.0; Win64; x64) AppleWebKit/537.36 (KHTML, like Gecko) Chrome/111.0.0.0 Safari/537.36' , `ip` = '127.0.0.1' , `create_time` = 1680355038 , `update_time` = 1680355038 [ RunTime:0.000730s ]
[2023-04-01T21:17:18+08:00][sql] SELECT VERSION() AS ver [ RunTime:0.000324s ]
[2023-04-01T21:17:18+08:00][sql] SHOW FULL COLUMNS FROM `tp_users` [ RunTime:0.011331s ]
[2023-04-01T21:17:18+08:00][sql] SELECT COUNT(*) AS think_count FROM `tp_users` WHERE  `create_time` > 1679750238 LIMIT 1 [ RunTime:0.000538s ]
[2023-04-01T21:17:18+08:00][sql] SHOW FULL COLUMNS FROM `tp_message` [ RunTime:0.008916s ]
[2023-04-01T21:17:18+08:00][sql] SELECT COUNT(*) AS think_count FROM `tp_message` WHERE  `status` = 0 LIMIT 1 [ RunTime:0.000564s ]
[2023-04-01T21:17:18+08:00][sql] SELECT `id` FROM `tp_module` WHERE  `table_name` = 'message' LIMIT 1 [ RunTime:0.000441s ]
[2023-04-01T21:17:18+08:00][sql] SELECT `id` FROM `tp_cate` WHERE  `module_id` = 25 LIMIT 1 [ RunTime:0.000399s ]
[2023-04-01T21:17:18+08:00][sql] SHOW FULL COLUMNS FROM `tp_admin` [ RunTime:0.007072s ]
[2023-04-01T21:17:18+08:00][sql] SELECT `password` FROM `tp_admin` WHERE  `id` = 1 LIMIT 1 [ RunTime:0.001175s ]
[2023-04-01T21:17:44+08:00][sql] CONNECT:[ UseTime:0.000998s ] mysql:host=127.0.0.1;port=3306;dbname=ztx;charset=utf8mb4
[2023-04-01T21:17:44+08:00][sql] SHOW FULL COLUMNS FROM `tp_auth_rule` [ RunTime:0.013304s ]
[2023-04-01T21:17:44+08:00][sql] SELECT * FROM `tp_auth_rule` WHERE  `status` = 1 ORDER BY `sort` ASC [ RunTime:0.001047s ]
[2023-04-01T21:17:44+08:00][sql] SELECT * FROM `tp_auth_rule` WHERE  `name` = 'Index/index' LIMIT 1 [ RunTime:0.001209s ]
[2023-04-01T21:17:44+08:00][sql] SHOW FULL COLUMNS FROM `tp_module` [ RunTime:0.009534s ]
[2023-04-01T21:17:44+08:00][sql] SELECT * FROM `tp_module` WHERE  `model_name` = 'Index' LIMIT 1 [ RunTime:0.000599s ]
[2023-04-01T21:17:44+08:00][sql] SHOW FULL COLUMNS FROM `tp_cate` [ RunTime:0.007489s ]
[2023-04-01T21:17:44+08:00][sql] SELECT * FROM `tp_cate` ORDER BY `sort`,`id` DESC [ RunTime:0.000740s ]
[2023-04-01T21:17:44+08:00][sql] SELECT * FROM `tp_module` WHERE  `id` IN (18,19,21,22,23,24,25) [ RunTime:0.000921s ]
[2023-04-01T21:17:44+08:00][sql] SELECT * FROM `tp_module` WHERE  `model_name` = 'Cate' LIMIT 1 [ RunTime:0.000688s ]
[2023-04-01T21:17:44+08:00][sql] SELECT * FROM `tp_module` WHERE  `table_name` = 'cate' LIMIT 1 [ RunTime:0.000514s ]
[2023-04-01T21:17:44+08:00][sql] SHOW FULL COLUMNS FROM `tp_field` [ RunTime:0.009876s ]
[2023-04-01T21:17:44+08:00][sql] SELECT * FROM `tp_field` WHERE  `module_id` = 20 ORDER BY `sort` ASC,`id` ASC [ RunTime:0.001087s ]
[2023-04-01T21:17:44+08:00][sql] SHOW FULL COLUMNS FROM `tp_system` [ RunTime:0.009370s ]
[2023-04-01T21:17:44+08:00][sql] SELECT * FROM `tp_system` WHERE  `id` = 1 LIMIT 1 [ RunTime:0.000686s ]
[2023-04-01T21:17:44+08:00][sql] CONNECT:[ UseTime:0.012143s ] mysql:host=127.0.0.1;port=3306;dbname=ztx;charset=utf8mb4
[2023-04-01T21:17:44+08:00][sql] SHOW FULL COLUMNS FROM `tp_system` [ RunTime:0.008387s ]
[2023-04-01T21:17:44+08:00][sql] SELECT * FROM `tp_system` WHERE  `id` = 1 LIMIT 1 [ RunTime:0.000633s ]
[2023-04-01T21:17:48+08:00][sql] CONNECT:[ UseTime:0.001138s ] mysql:host=127.0.0.1;port=3306;dbname=ztx;charset=utf8mb4
[2023-04-01T21:17:48+08:00][sql] SHOW FULL COLUMNS FROM `tp_system` [ RunTime:0.013079s ]
[2023-04-01T21:17:48+08:00][sql] SELECT * FROM `tp_system` WHERE  `id` = 1 LIMIT 1 [ RunTime:0.001213s ]
[2023-04-01T21:17:48+08:00][sql] SHOW FULL COLUMNS FROM `tp_admin` [ RunTime:0.012749s ]
[2023-04-01T21:17:48+08:00][sql] SELECT * FROM `tp_admin` WHERE  `username` = 'admin'  AND `password` = '21232f297a57a5a743894a0e4a801fc3' LIMIT 1 [ RunTime:0.001003s ]
[2023-04-01T21:17:48+08:00][sql] UPDATE `tp_admin`  SET `login_time` = 1680355068 , `login_ip` = '127.0.0.1'  WHERE  `id` = 1 [ RunTime:0.002649s ]
[2023-04-01T21:17:48+08:00][sql] SHOW FULL COLUMNS FROM `tp_auth_group_access` [ RunTime:0.009264s ]
[2023-04-01T21:17:48+08:00][sql] SELECT `a`.`group_id`,`ag`.`rules`,`ag`.`title` FROM `tp_auth_group_access` `a` LEFT JOIN `tp_auth_group` `ag` ON `a`.`group_id`=`ag`.`id` WHERE  `uid` = 1 LIMIT 1 [ RunTime:0.000727s ]
[2023-04-01T21:17:48+08:00][sql] SHOW FULL COLUMNS FROM `tp_auth_rule` [ RunTime:0.009966s ]
[2023-04-01T21:17:48+08:00][sql] SELECT * FROM `tp_auth_rule` WHERE  `auth_open` = 0 [ RunTime:0.000859s ]
[2023-04-01T21:17:48+08:00][sql] SELECT * FROM `tp_auth_rule` [ RunTime:0.001869s ]
[2023-04-01T21:17:48+08:00][sql] SELECT * FROM `tp_admin` WHERE  `username` = 'admin'  AND `password` = '21232f297a57a5a743894a0e4a801fc3' LIMIT 1 [ RunTime:0.001019s ]
[2023-04-01T21:17:48+08:00][sql] SELECT * FROM `tp_auth_rule` WHERE  `name` = 'Login/checkLogin' LIMIT 1 [ RunTime:0.001144s ]
[2023-04-01T21:17:48+08:00][sql] SHOW FULL COLUMNS FROM `tp_admin_log` [ RunTime:0.011166s ]
[2023-04-01T21:17:48+08:00][sql] SELECT * FROM `tp_admin_log` WHERE  `admin_id` = 1 ORDER BY `id` DESC LIMIT 1 [ RunTime:0.000671s ]
[2023-04-01T21:17:48+08:00][sql] INSERT INTO `tp_admin_log` SET `title` = '[登录成功]' , `content` = '' , `url` = '/admin/Login/checkLogin.html' , `admin_id` = 1 , `user_agent` = 'Mozilla/5.0 (Windows NT 10.0; Win64; x64) AppleWebKit/537.36 (KHTML, like Gecko) Chrome/111.0.0.0 Safari/537.36' , `ip` = '127.0.0.1' , `create_time` = 1680355068 , `update_time` = 1680355068 [ RunTime:0.000831s ]
[2023-04-01T21:17:48+08:00][sql] CONNECT:[ UseTime:0.001186s ] mysql:host=127.0.0.1;port=3306;dbname=ztx;charset=utf8mb4
[2023-04-01T21:17:48+08:00][sql] SHOW FULL COLUMNS FROM `tp_auth_rule` [ RunTime:0.010962s ]
[2023-04-01T21:17:48+08:00][sql] SELECT * FROM `tp_auth_rule` WHERE  `status` = 1 ORDER BY `sort` ASC [ RunTime:0.001637s ]
[2023-04-01T21:17:48+08:00][sql] SELECT * FROM `tp_auth_rule` WHERE  `name` = 'Index/index' LIMIT 1 [ RunTime:0.001216s ]
[2023-04-01T21:17:48+08:00][sql] SHOW FULL COLUMNS FROM `tp_module` [ RunTime:0.010292s ]
[2023-04-01T21:17:48+08:00][sql] SELECT * FROM `tp_module` WHERE  `model_name` = 'Index' LIMIT 1 [ RunTime:0.000933s ]
[2023-04-01T21:17:48+08:00][sql] SHOW FULL COLUMNS FROM `tp_cate` [ RunTime:0.009198s ]
[2023-04-01T21:17:48+08:00][sql] SELECT * FROM `tp_cate` ORDER BY `sort`,`id` DESC [ RunTime:0.000616s ]
[2023-04-01T21:17:48+08:00][sql] SELECT * FROM `tp_module` WHERE  `id` IN (18,19,21,22,23,24,25) [ RunTime:0.000663s ]
[2023-04-01T21:17:48+08:00][sql] SELECT * FROM `tp_module` WHERE  `model_name` = 'Cate' LIMIT 1 [ RunTime:0.000865s ]
[2023-04-01T21:17:48+08:00][sql] SELECT * FROM `tp_module` WHERE  `table_name` = 'cate' LIMIT 1 [ RunTime:0.001232s ]
[2023-04-01T21:17:48+08:00][sql] SHOW FULL COLUMNS FROM `tp_field` [ RunTime:0.008028s ]
[2023-04-01T21:17:48+08:00][sql] SELECT * FROM `tp_field` WHERE  `module_id` = 20 ORDER BY `sort` ASC,`id` ASC [ RunTime:0.001117s ]
[2023-04-01T21:17:48+08:00][sql] SHOW FULL COLUMNS FROM `tp_system` [ RunTime:0.010998s ]
[2023-04-01T21:17:48+08:00][sql] SELECT * FROM `tp_system` WHERE  `id` = 1 LIMIT 1 [ RunTime:0.001048s ]
[2023-04-01T21:17:48+08:00][sql] SELECT * FROM `tp_auth_rule` WHERE  `auth_open` = 0 [ RunTime:0.001584s ]
[2023-04-01T21:17:48+08:00][sql] SELECT * FROM `tp_auth_rule` [ RunTime:0.001349s ]
[2023-04-01T21:17:48+08:00][sql] SELECT * FROM `tp_auth_rule` WHERE  `name` = 'Index/index' LIMIT 1 [ RunTime:0.001122s ]
[2023-04-01T21:17:48+08:00][sql] SHOW FULL COLUMNS FROM `tp_admin_log` [ RunTime:0.011466s ]
[2023-04-01T21:17:48+08:00][sql] SELECT * FROM `tp_admin_log` WHERE  `admin_id` = 1 ORDER BY `id` DESC LIMIT 1 [ RunTime:0.000737s ]
[2023-04-01T21:17:48+08:00][sql] INSERT INTO `tp_admin_log` SET `title` = '[控制台]' , `content` = '[]' , `url` = '/admin' , `admin_id` = 1 , `user_agent` = 'Mozilla/5.0 (Windows NT 10.0; Win64; x64) AppleWebKit/537.36 (KHTML, like Gecko) Chrome/111.0.0.0 Safari/537.36' , `ip` = '127.0.0.1' , `create_time` = 1680355068 , `update_time` = 1680355068 [ RunTime:0.000776s ]
[2023-04-01T21:17:48+08:00][sql] SELECT VERSION() AS ver [ RunTime:0.000382s ]
[2023-04-01T21:17:48+08:00][sql] SHOW FULL COLUMNS FROM `tp_users` [ RunTime:0.012009s ]
[2023-04-01T21:17:48+08:00][sql] SELECT COUNT(*) AS think_count FROM `tp_users` WHERE  `create_time` > 1679750268 LIMIT 1 [ RunTime:0.000677s ]
[2023-04-01T21:17:48+08:00][sql] SHOW FULL COLUMNS FROM `tp_message` [ RunTime:0.011785s ]
[2023-04-01T21:17:48+08:00][sql] SELECT COUNT(*) AS think_count FROM `tp_message` WHERE  `status` = 0 LIMIT 1 [ RunTime:0.000638s ]
[2023-04-01T21:17:48+08:00][sql] SELECT `id` FROM `tp_module` WHERE  `table_name` = 'message' LIMIT 1 [ RunTime:0.000650s ]
[2023-04-01T21:17:48+08:00][sql] SELECT `id` FROM `tp_cate` WHERE  `module_id` = 25 LIMIT 1 [ RunTime:0.000787s ]
[2023-04-01T21:17:48+08:00][sql] SHOW FULL COLUMNS FROM `tp_admin` [ RunTime:0.012437s ]
[2023-04-01T21:17:48+08:00][sql] SELECT `password` FROM `tp_admin` WHERE  `id` = 1 LIMIT 1 [ RunTime:0.000671s ]
[2023-04-01T21:18:02+08:00][sql] CONNECT:[ UseTime:0.001058s ] mysql:host=127.0.0.1;port=3306;dbname=ztx;charset=utf8mb4
[2023-04-01T21:18:02+08:00][sql] SHOW FULL COLUMNS FROM `tp_auth_rule` [ RunTime:0.011781s ]
[2023-04-01T21:18:02+08:00][sql] SELECT * FROM `tp_auth_rule` WHERE  `status` = 1 ORDER BY `sort` ASC [ RunTime:0.001125s ]
[2023-04-01T21:18:02+08:00][sql] SELECT * FROM `tp_auth_rule` WHERE  `name` = 'Index/index' LIMIT 1 [ RunTime:0.001199s ]
[2023-04-01T21:18:02+08:00][sql] SHOW FULL COLUMNS FROM `tp_module` [ RunTime:0.009856s ]
[2023-04-01T21:18:02+08:00][sql] SELECT * FROM `tp_module` WHERE  `model_name` = 'Index' LIMIT 1 [ RunTime:0.000712s ]
[2023-04-01T21:18:02+08:00][sql] SHOW FULL COLUMNS FROM `tp_cate` [ RunTime:0.009278s ]
[2023-04-01T21:18:02+08:00][sql] SELECT * FROM `tp_cate` ORDER BY `sort`,`id` DESC [ RunTime:0.000947s ]
[2023-04-01T21:18:02+08:00][sql] SELECT * FROM `tp_module` WHERE  `id` IN (18,19,21,22,23,24,25) [ RunTime:0.000845s ]
[2023-04-01T21:18:02+08:00][sql] SELECT * FROM `tp_module` WHERE  `model_name` = 'Cate' LIMIT 1 [ RunTime:0.000724s ]
[2023-04-01T21:18:02+08:00][sql] SELECT * FROM `tp_module` WHERE  `table_name` = 'cate' LIMIT 1 [ RunTime:0.000532s ]
[2023-04-01T21:18:02+08:00][sql] SHOW FULL COLUMNS FROM `tp_field` [ RunTime:0.010104s ]
[2023-04-01T21:18:02+08:00][sql] SELECT * FROM `tp_field` WHERE  `module_id` = 20 ORDER BY `sort` ASC,`id` ASC [ RunTime:0.001045s ]
[2023-04-01T21:18:02+08:00][sql] SHOW FULL COLUMNS FROM `tp_system` [ RunTime:0.010273s ]
[2023-04-01T21:18:02+08:00][sql] SELECT * FROM `tp_system` WHERE  `id` = 1 LIMIT 1 [ RunTime:0.000802s ]
[2023-04-01T21:18:02+08:00][sql] SELECT * FROM `tp_auth_rule` WHERE  `auth_open` = 0 [ RunTime:0.000840s ]
[2023-04-01T21:18:02+08:00][sql] SELECT * FROM `tp_auth_rule` [ RunTime:0.000910s ]
[2023-04-01T21:18:02+08:00][sql] SELECT * FROM `tp_auth_rule` WHERE  `name` = 'Index/index' LIMIT 1 [ RunTime:0.001225s ]
[2023-04-01T21:18:02+08:00][sql] SHOW FULL COLUMNS FROM `tp_admin_log` [ RunTime:0.009926s ]
[2023-04-01T21:18:02+08:00][sql] SELECT * FROM `tp_admin_log` WHERE  `admin_id` = 1 ORDER BY `id` DESC LIMIT 1 [ RunTime:0.000561s ]
[2023-04-01T21:18:02+08:00][sql] SELECT VERSION() AS ver [ RunTime:0.000405s ]
[2023-04-01T21:18:02+08:00][sql] SHOW FULL COLUMNS FROM `tp_users` [ RunTime:0.010457s ]
[2023-04-01T21:18:02+08:00][sql] SELECT COUNT(*) AS think_count FROM `tp_users` WHERE  `create_time` > 1679750282 LIMIT 1 [ RunTime:0.000675s ]
[2023-04-01T21:18:02+08:00][sql] SHOW FULL COLUMNS FROM `tp_message` [ RunTime:0.008186s ]
[2023-04-01T21:18:02+08:00][sql] SELECT COUNT(*) AS think_count FROM `tp_message` WHERE  `status` = 0 LIMIT 1 [ RunTime:0.000525s ]
[2023-04-01T21:18:02+08:00][sql] SELECT `id` FROM `tp_module` WHERE  `table_name` = 'message' LIMIT 1 [ RunTime:0.000559s ]
[2023-04-01T21:18:02+08:00][sql] SELECT `id` FROM `tp_cate` WHERE  `module_id` = 25 LIMIT 1 [ RunTime:0.000508s ]
[2023-04-01T21:18:02+08:00][sql] SHOW FULL COLUMNS FROM `tp_admin` [ RunTime:0.007423s ]
[2023-04-01T21:18:02+08:00][sql] SELECT `password` FROM `tp_admin` WHERE  `id` = 1 LIMIT 1 [ RunTime:0.000881s ]
