[2023-04-20T10:51:52+08:00][sql] CONNECT:[ UseTime:0.002382s ] mysql:host=127.0.0.1;port=3306;dbname=ztx;charset=utf8mb4
[2023-04-20T10:51:52+08:00][sql] SHOW FULL COLUMNS FROM `tp_auth_rule` [ RunTime:0.019920s ]
[2023-04-20T10:51:52+08:00][sql] SELECT * FROM `tp_auth_rule` WHERE  `status` = 1 ORDER BY `sort` ASC [ RunTime:0.004827s ]
[2023-04-20T10:51:52+08:00][sql] SELECT * FROM `tp_auth_rule` WHERE  `name` = 'Index/index' LIMIT 1 [ RunTime:0.001773s ]
[2023-04-20T10:51:52+08:00][sql] SHOW FULL COLUMNS FROM `tp_module` [ RunTime:0.021575s ]
[2023-04-20T10:51:52+08:00][sql] SELECT * FROM `tp_module` WHERE  `model_name` = 'Index' LIMIT 1 [ RunTime:0.001056s ]
[2023-04-20T10:51:52+08:00][sql] SHOW FULL COLUMNS FROM `tp_cate` [ RunTime:0.010151s ]
[2023-04-20T10:51:52+08:00][sql] SELECT * FROM `tp_cate` ORDER BY `sort`,`id` DESC [ RunTime:0.001058s ]
[2023-04-20T10:51:52+08:00][sql] SELECT * FROM `tp_module` WHERE  `id` IN (18,19,21,22,23,24,25) [ RunTime:0.001244s ]
[2023-04-20T10:51:52+08:00][sql] SELECT * FROM `tp_module` WHERE  `model_name` = 'Cate' LIMIT 1 [ RunTime:0.001052s ]
[2023-04-20T10:51:52+08:00][sql] SELECT * FROM `tp_module` WHERE  `table_name` = 'cate' LIMIT 1 [ RunTime:0.001568s ]
[2023-04-20T10:51:52+08:00][sql] SHOW FULL COLUMNS FROM `tp_field` [ RunTime:0.012305s ]
[2023-04-20T10:51:52+08:00][sql] SELECT * FROM `tp_field` WHERE  `module_id` = 20 ORDER BY `sort` ASC,`id` ASC [ RunTime:0.001504s ]
[2023-04-20T10:51:52+08:00][sql] SHOW FULL COLUMNS FROM `tp_system` [ RunTime:0.015455s ]
[2023-04-20T10:51:52+08:00][sql] SELECT * FROM `tp_system` WHERE  `id` = 1 LIMIT 1 [ RunTime:0.003022s ]
[2023-04-20T10:51:53+08:00][sql] CONNECT:[ UseTime:0.022728s ] mysql:host=127.0.0.1;port=3306;dbname=ztx;charset=utf8mb4
[2023-04-20T10:51:53+08:00][sql] SHOW FULL COLUMNS FROM `tp_system` [ RunTime:0.010061s ]
[2023-04-20T10:51:53+08:00][sql] SELECT * FROM `tp_system` WHERE  `id` = 1 LIMIT 1 [ RunTime:0.001877s ]
[2023-04-20T10:51:56+08:00][sql] CONNECT:[ UseTime:0.001303s ] mysql:host=127.0.0.1;port=3306;dbname=ztx;charset=utf8mb4
[2023-04-20T10:51:56+08:00][sql] SHOW FULL COLUMNS FROM `tp_system` [ RunTime:0.012891s ]
[2023-04-20T10:51:56+08:00][sql] SELECT * FROM `tp_system` WHERE  `id` = 1 LIMIT 1 [ RunTime:0.011981s ]
[2023-04-20T10:51:56+08:00][sql] SHOW FULL COLUMNS FROM `tp_admin` [ RunTime:0.023334s ]
[2023-04-20T10:51:56+08:00][sql] SELECT * FROM `tp_admin` WHERE  `username` = 'admin'  AND `password` = '21232f297a57a5a743894a0e4a801fc3' LIMIT 1 [ RunTime:0.001236s ]
[2023-04-20T10:51:56+08:00][sql] UPDATE `tp_admin`  SET `login_time` = 1681959116 , `login_ip` = '127.0.0.1'  WHERE  `id` = 1 [ RunTime:0.007114s ]
[2023-04-20T10:51:56+08:00][sql] SHOW FULL COLUMNS FROM `tp_auth_group_access` [ RunTime:0.016761s ]
[2023-04-20T10:51:56+08:00][sql] SELECT `a`.`group_id`,`ag`.`rules`,`ag`.`title` FROM `tp_auth_group_access` `a` LEFT JOIN `tp_auth_group` `ag` ON `a`.`group_id`=`ag`.`id` WHERE  `uid` = 1 LIMIT 1 [ RunTime:0.016853s ]
[2023-04-20T10:51:56+08:00][sql] SHOW FULL COLUMNS FROM `tp_auth_rule` [ RunTime:0.013729s ]
[2023-04-20T10:51:56+08:00][sql] SELECT * FROM `tp_auth_rule` WHERE  `auth_open` = 0 [ RunTime:0.001799s ]
[2023-04-20T10:51:56+08:00][sql] SELECT * FROM `tp_auth_rule` [ RunTime:0.001425s ]
[2023-04-20T10:51:56+08:00][sql] SELECT * FROM `tp_admin` WHERE  `username` = 'admin'  AND `password` = '21232f297a57a5a743894a0e4a801fc3' LIMIT 1 [ RunTime:0.000839s ]
[2023-04-20T10:51:56+08:00][sql] SELECT * FROM `tp_auth_rule` WHERE  `name` = 'Login/checkLogin' LIMIT 1 [ RunTime:0.000933s ]
[2023-04-20T10:51:56+08:00][sql] SHOW FULL COLUMNS FROM `tp_admin_log` [ RunTime:0.018494s ]
[2023-04-20T10:51:56+08:00][sql] SELECT * FROM `tp_admin_log` WHERE  `admin_id` = 1 ORDER BY `id` DESC LIMIT 1 [ RunTime:0.001228s ]
[2023-04-20T10:51:56+08:00][sql] INSERT INTO `tp_admin_log` SET `title` = '[登录成功]' , `content` = '' , `url` = '/admin/Login/checkLogin.html' , `admin_id` = 1 , `user_agent` = 'Mozilla/5.0 (Windows NT 10.0; Win64; x64) AppleWebKit/537.36 (KHTML, like Gecko) Chrome/112.0.0.0 Safari/537.36' , `ip` = '127.0.0.1' , `create_time` = 1681959116 , `update_time` = 1681959116 [ RunTime:0.001358s ]
[2023-04-20T10:51:57+08:00][sql] CONNECT:[ UseTime:0.001051s ] mysql:host=127.0.0.1;port=3306;dbname=ztx;charset=utf8mb4
[2023-04-20T10:51:57+08:00][sql] SHOW FULL COLUMNS FROM `tp_auth_rule` [ RunTime:0.020756s ]
[2023-04-20T10:51:57+08:00][sql] SELECT * FROM `tp_auth_rule` WHERE  `status` = 1 ORDER BY `sort` ASC [ RunTime:0.000960s ]
[2023-04-20T10:51:57+08:00][sql] SELECT * FROM `tp_auth_rule` WHERE  `name` = 'Index/index' LIMIT 1 [ RunTime:0.001176s ]
[2023-04-20T10:51:57+08:00][sql] SHOW FULL COLUMNS FROM `tp_module` [ RunTime:0.013241s ]
[2023-04-20T10:51:57+08:00][sql] SELECT * FROM `tp_module` WHERE  `model_name` = 'Index' LIMIT 1 [ RunTime:0.009674s ]
[2023-04-20T10:51:57+08:00][sql] SHOW FULL COLUMNS FROM `tp_cate` [ RunTime:0.010832s ]
[2023-04-20T10:51:57+08:00][sql] SELECT * FROM `tp_cate` ORDER BY `sort`,`id` DESC [ RunTime:0.000814s ]
[2023-04-20T10:51:57+08:00][sql] SELECT * FROM `tp_module` WHERE  `id` IN (18,19,21,22,23,24,25) [ RunTime:0.001266s ]
[2023-04-20T10:51:57+08:00][sql] SELECT * FROM `tp_module` WHERE  `model_name` = 'Cate' LIMIT 1 [ RunTime:0.001528s ]
[2023-04-20T10:51:57+08:00][sql] SELECT * FROM `tp_module` WHERE  `table_name` = 'cate' LIMIT 1 [ RunTime:0.000755s ]
[2023-04-20T10:51:57+08:00][sql] SHOW FULL COLUMNS FROM `tp_field` [ RunTime:0.023235s ]
[2023-04-20T10:51:57+08:00][sql] SELECT * FROM `tp_field` WHERE  `module_id` = 20 ORDER BY `sort` ASC,`id` ASC [ RunTime:0.001313s ]
[2023-04-20T10:51:57+08:00][sql] SHOW FULL COLUMNS FROM `tp_system` [ RunTime:0.011163s ]
[2023-04-20T10:51:57+08:00][sql] SELECT * FROM `tp_system` WHERE  `id` = 1 LIMIT 1 [ RunTime:0.001300s ]
[2023-04-20T10:51:57+08:00][sql] SELECT * FROM `tp_auth_rule` WHERE  `auth_open` = 0 [ RunTime:0.001313s ]
[2023-04-20T10:51:57+08:00][sql] SELECT * FROM `tp_auth_rule` [ RunTime:0.001508s ]
[2023-04-20T10:51:57+08:00][sql] SELECT * FROM `tp_auth_rule` WHERE  `name` = 'Index/index' LIMIT 1 [ RunTime:0.001661s ]
[2023-04-20T10:51:57+08:00][sql] SHOW FULL COLUMNS FROM `tp_admin_log` [ RunTime:0.022521s ]
[2023-04-20T10:51:57+08:00][sql] SELECT * FROM `tp_admin_log` WHERE  `admin_id` = 1 ORDER BY `id` DESC LIMIT 1 [ RunTime:0.001345s ]
[2023-04-20T10:51:57+08:00][sql] INSERT INTO `tp_admin_log` SET `title` = '[控制台]' , `content` = '[]' , `url` = '/admin' , `admin_id` = 1 , `user_agent` = 'Mozilla/5.0 (Windows NT 10.0; Win64; x64) AppleWebKit/537.36 (KHTML, like Gecko) Chrome/112.0.0.0 Safari/537.36' , `ip` = '127.0.0.1' , `create_time` = 1681959117 , `update_time` = 1681959117 [ RunTime:0.001160s ]
[2023-04-20T10:51:57+08:00][sql] SELECT VERSION() AS ver [ RunTime:0.001473s ]
[2023-04-20T10:51:57+08:00][sql] SHOW FULL COLUMNS FROM `tp_users` [ RunTime:0.014184s ]
[2023-04-20T10:51:57+08:00][sql] SELECT COUNT(*) AS think_count FROM `tp_users` WHERE  `create_time` > 1681354317 LIMIT 1 [ RunTime:0.002640s ]
[2023-04-20T10:51:57+08:00][sql] SHOW FULL COLUMNS FROM `tp_message` [ RunTime:0.013789s ]
[2023-04-20T10:51:57+08:00][sql] SELECT COUNT(*) AS think_count FROM `tp_message` WHERE  `status` = 0 LIMIT 1 [ RunTime:0.001538s ]
[2023-04-20T10:51:57+08:00][sql] SELECT `id` FROM `tp_module` WHERE  `table_name` = 'message' LIMIT 1 [ RunTime:0.001093s ]
[2023-04-20T10:51:57+08:00][sql] SELECT `id` FROM `tp_cate` WHERE  `module_id` = 25 LIMIT 1 [ RunTime:0.002280s ]
[2023-04-20T10:51:57+08:00][sql] SHOW FULL COLUMNS FROM `tp_admin` [ RunTime:0.017253s ]
[2023-04-20T10:51:57+08:00][sql] SELECT `password` FROM `tp_admin` WHERE  `id` = 1 LIMIT 1 [ RunTime:0.001521s ]
[2023-04-20T10:55:38+08:00][sql] CONNECT:[ UseTime:0.010689s ] mysql:host=127.0.0.1;port=3306;dbname=ztx;charset=utf8mb4
[2023-04-20T10:55:38+08:00][sql] SHOW FULL COLUMNS FROM `tp_auth_rule` [ RunTime:0.008087s ]
[2023-04-20T10:55:38+08:00][sql] SELECT * FROM `tp_auth_rule` WHERE  `status` = 1 ORDER BY `sort` ASC [ RunTime:0.001729s ]
[2023-04-20T10:55:38+08:00][sql] SELECT * FROM `tp_auth_rule` WHERE  `name` = 'System/index' LIMIT 1 [ RunTime:0.001041s ]
[2023-04-20T10:55:38+08:00][sql] SELECT * FROM `tp_auth_rule` WHERE  `id` = 157 LIMIT 1 [ RunTime:0.000916s ]
[2023-04-20T10:55:38+08:00][sql] SELECT * FROM `tp_auth_rule` WHERE  `name` = 'System' LIMIT 1 [ RunTime:0.000974s ]
[2023-04-20T10:55:38+08:00][sql] SHOW FULL COLUMNS FROM `tp_module` [ RunTime:0.007796s ]
[2023-04-20T10:55:38+08:00][sql] SELECT * FROM `tp_module` WHERE  `model_name` = 'System' LIMIT 1 [ RunTime:0.000615s ]
[2023-04-20T10:55:38+08:00][sql] SHOW FULL COLUMNS FROM `tp_cate` [ RunTime:0.007455s ]
[2023-04-20T10:55:38+08:00][sql] SELECT * FROM `tp_cate` ORDER BY `sort`,`id` DESC [ RunTime:0.000774s ]
[2023-04-20T10:55:38+08:00][sql] SELECT * FROM `tp_module` WHERE  `id` IN (18,19,21,22,23,24,25) [ RunTime:0.000766s ]
[2023-04-20T10:55:38+08:00][sql] SELECT * FROM `tp_module` WHERE  `model_name` = 'Cate' LIMIT 1 [ RunTime:0.001191s ]
[2023-04-20T10:55:38+08:00][sql] SELECT * FROM `tp_module` WHERE  `table_name` = 'cate' LIMIT 1 [ RunTime:0.000839s ]
[2023-04-20T10:55:38+08:00][sql] SHOW FULL COLUMNS FROM `tp_field` [ RunTime:0.008865s ]
[2023-04-20T10:55:38+08:00][sql] SELECT * FROM `tp_field` WHERE  `module_id` = 20 ORDER BY `sort` ASC,`id` ASC [ RunTime:0.000982s ]
[2023-04-20T10:55:38+08:00][sql] SHOW FULL COLUMNS FROM `tp_system` [ RunTime:0.013672s ]
[2023-04-20T10:55:38+08:00][sql] SELECT * FROM `tp_system` WHERE  `id` = 1 LIMIT 1 [ RunTime:0.000939s ]
[2023-04-20T10:55:38+08:00][sql] SELECT * FROM `tp_auth_rule` WHERE  `auth_open` = 0 [ RunTime:0.001128s ]
[2023-04-20T10:55:38+08:00][sql] SELECT * FROM `tp_auth_rule` [ RunTime:0.001565s ]
[2023-04-20T10:55:38+08:00][sql] SELECT * FROM `tp_auth_rule` WHERE  `name` = 'System/index' LIMIT 1 [ RunTime:0.000877s ]
[2023-04-20T10:55:38+08:00][sql] SELECT * FROM `tp_auth_rule` WHERE  `id` = 157 LIMIT 1 [ RunTime:0.000502s ]
[2023-04-20T10:55:38+08:00][sql] SELECT * FROM `tp_auth_rule` WHERE  `name` = 'System' LIMIT 1 [ RunTime:0.000681s ]
[2023-04-20T10:55:38+08:00][sql] SHOW FULL COLUMNS FROM `tp_admin_log` [ RunTime:0.007180s ]
[2023-04-20T10:55:38+08:00][sql] SELECT * FROM `tp_admin_log` WHERE  `admin_id` = 1 ORDER BY `id` DESC LIMIT 1 [ RunTime:0.000595s ]
[2023-04-20T10:55:38+08:00][sql] INSERT INTO `tp_admin_log` SET `title` = '[系统管理] -> [系统设置]' , `content` = '[]' , `url` = '/admin/System/index.html?_pjax=.content-wrapper' , `admin_id` = 1 , `user_agent` = 'Mozilla/5.0 (Windows NT 10.0; Win64; x64) AppleWebKit/537.36 (KHTML, like Gecko) Chrome/112.0.0.0 Safari/537.36' , `ip` = '127.0.0.1' , `create_time` = 1681959338 , `update_time` = 1681959338 [ RunTime:0.000707s ]
[2023-04-20T10:55:38+08:00][sql] SELECT `pk` FROM `tp_module` WHERE  `table_name` = 'system' LIMIT 1 [ RunTime:0.000684s ]
[2023-04-20T10:55:38+08:00][sql] SELECT * FROM `tp_module` WHERE  `table_name` = 'system' LIMIT 1 [ RunTime:0.000621s ]
[2023-04-20T10:55:38+08:00][sql] SELECT * FROM `tp_field` WHERE  `module_id` = 13 ORDER BY `sort` ASC,`id` ASC [ RunTime:0.001328s ]
[2023-04-20T10:55:38+08:00][sql] SHOW FULL COLUMNS FROM `tp_dictionary` [ RunTime:0.008760s ]
[2023-04-20T10:55:38+08:00][sql] SELECT `dict_value`,`dict_label` FROM `tp_dictionary` WHERE  `dict_type` = '8' ORDER BY `sort` ASC,`id` DESC [ RunTime:0.000663s ]
[2023-04-20T10:55:38+08:00][sql] SELECT `dict_value`,`dict_label` FROM `tp_dictionary` WHERE  `dict_type` = '8' ORDER BY `sort` ASC,`id` DESC [ RunTime:0.000504s ]
[2023-04-20T10:55:38+08:00][sql] SELECT `dict_value`,`dict_label` FROM `tp_dictionary` WHERE  `dict_type` = '8' ORDER BY `sort` ASC,`id` DESC [ RunTime:0.000696s ]
[2023-04-20T10:55:38+08:00][sql] SELECT `dict_value`,`dict_label` FROM `tp_dictionary` WHERE  `dict_type` = '8' ORDER BY `sort` ASC,`id` DESC [ RunTime:0.000487s ]
[2023-04-20T10:55:38+08:00][sql] SELECT `dict_value`,`dict_label` FROM `tp_dictionary` WHERE  `dict_type` = '8' ORDER BY `sort` ASC,`id` DESC [ RunTime:0.000441s ]
[2023-04-20T10:55:38+08:00][sql] SELECT `dict_value`,`dict_label` FROM `tp_dictionary` WHERE  `dict_type` = '13' ORDER BY `sort` ASC,`id` DESC [ RunTime:0.000441s ]
[2023-04-20T10:55:38+08:00][sql] SELECT * FROM `tp_module` WHERE  `table_name` = 'system' LIMIT 1 [ RunTime:0.000521s ]
[2023-04-20T10:55:38+08:00][sql] SELECT * FROM `tp_field` WHERE  `module_id` = 13 ORDER BY `sort` ASC,`id` ASC [ RunTime:0.001129s ]
[2023-04-20T10:55:38+08:00][sql] SELECT `dict_value`,`dict_label` FROM `tp_dictionary` WHERE  `dict_type` = '13' ORDER BY `sort` ASC,`id` DESC [ RunTime:0.000661s ]
[2023-04-20T10:55:38+08:00][sql] SELECT * FROM `tp_module` WHERE  `table_name` = 'system' LIMIT 1 [ RunTime:0.000886s ]
[2023-04-20T10:55:38+08:00][sql] SELECT * FROM `tp_module` WHERE  `model_name` = 'System' LIMIT 1 [ RunTime:0.000649s ]
[2023-04-20T10:55:38+08:00][sql] SELECT * FROM `tp_module` WHERE  `table_name` = 'system' LIMIT 1 [ RunTime:0.000487s ]
[2023-04-20T10:55:38+08:00][sql] SELECT * FROM `tp_field` WHERE  `module_id` = 13 ORDER BY `sort` ASC,`id` ASC [ RunTime:0.001126s ]
[2023-04-20T10:55:38+08:00][sql] SELECT `dict_value`,`dict_label` FROM `tp_dictionary` WHERE  `dict_type` = '13' ORDER BY `sort` ASC,`id` DESC [ RunTime:0.000923s ]
[2023-04-20T10:55:38+08:00][sql] SELECT `pk` FROM `tp_module` WHERE  `table_name` = 'system' LIMIT 1 [ RunTime:0.000537s ]
[2023-04-20T10:55:38+08:00][sql] SELECT * FROM `tp_system` [ RunTime:0.000574s ]
[2023-04-20T10:55:38+08:00][info] $data[pid]
[2023-04-20T10:55:38+08:00][info] 157
[2023-04-20T10:55:38+08:00][info] $data[pid]
[2023-04-20T10:55:38+08:00][info] 157
[2023-04-20T10:55:38+08:00][sql] CONNECT:[ UseTime:0.000987s ] mysql:host=127.0.0.1;port=3306;dbname=ztx;charset=utf8mb4
[2023-04-20T10:55:38+08:00][sql] SHOW FULL COLUMNS FROM `tp_auth_rule` [ RunTime:0.008402s ]
[2023-04-20T10:55:38+08:00][sql] SELECT * FROM `tp_auth_rule` WHERE  `status` = 1 ORDER BY `sort` ASC [ RunTime:0.001388s ]
[2023-04-20T10:55:38+08:00][sql] SELECT * FROM `tp_auth_rule` WHERE  `name` = 'System/edit' LIMIT 1 [ RunTime:0.000927s ]
[2023-04-20T10:55:38+08:00][sql] SELECT * FROM `tp_auth_rule` WHERE  `id` = 92 LIMIT 1 [ RunTime:0.000560s ]
[2023-04-20T10:55:38+08:00][sql] SELECT * FROM `tp_auth_rule` WHERE  `name` = 'System/index' LIMIT 1 [ RunTime:0.000659s ]
[2023-04-20T10:55:38+08:00][sql] SELECT * FROM `tp_auth_rule` WHERE  `id` = 157 LIMIT 1 [ RunTime:0.000459s ]
[2023-04-20T10:55:38+08:00][sql] SELECT * FROM `tp_auth_rule` WHERE  `name` = 'System' LIMIT 1 [ RunTime:0.001146s ]
[2023-04-20T10:55:38+08:00][sql] SHOW FULL COLUMNS FROM `tp_module` [ RunTime:0.008907s ]
[2023-04-20T10:55:38+08:00][sql] SELECT * FROM `tp_module` WHERE  `model_name` = 'System' LIMIT 1 [ RunTime:0.000729s ]
[2023-04-20T10:55:38+08:00][sql] SHOW FULL COLUMNS FROM `tp_cate` [ RunTime:0.010519s ]
[2023-04-20T10:55:38+08:00][sql] SELECT * FROM `tp_cate` ORDER BY `sort`,`id` DESC [ RunTime:0.000781s ]
[2023-04-20T10:55:38+08:00][sql] SELECT * FROM `tp_module` WHERE  `id` IN (18,19,21,22,23,24,25) [ RunTime:0.000831s ]
[2023-04-20T10:55:38+08:00][sql] SELECT * FROM `tp_module` WHERE  `model_name` = 'Cate' LIMIT 1 [ RunTime:0.000918s ]
[2023-04-20T10:55:38+08:00][sql] SELECT * FROM `tp_module` WHERE  `table_name` = 'cate' LIMIT 1 [ RunTime:0.000696s ]
[2023-04-20T10:55:38+08:00][sql] SHOW FULL COLUMNS FROM `tp_field` [ RunTime:0.011516s ]
[2023-04-20T10:55:38+08:00][sql] SELECT * FROM `tp_field` WHERE  `module_id` = 20 ORDER BY `sort` ASC,`id` ASC [ RunTime:0.001747s ]
[2023-04-20T10:55:38+08:00][sql] SHOW FULL COLUMNS FROM `tp_system` [ RunTime:0.009261s ]
[2023-04-20T10:55:38+08:00][sql] SELECT * FROM `tp_system` WHERE  `id` = 1 LIMIT 1 [ RunTime:0.000755s ]
[2023-04-20T10:55:38+08:00][sql] SELECT * FROM `tp_auth_rule` WHERE  `auth_open` = 0 [ RunTime:0.001275s ]
[2023-04-20T10:55:38+08:00][sql] SELECT * FROM `tp_auth_rule` [ RunTime:0.001163s ]
[2023-04-20T10:55:38+08:00][sql] SELECT * FROM `tp_auth_rule` WHERE  `name` = 'System/edit' LIMIT 1 [ RunTime:0.000861s ]
[2023-04-20T10:55:38+08:00][sql] SELECT * FROM `tp_auth_rule` WHERE  `id` = 92 LIMIT 1 [ RunTime:0.000464s ]
[2023-04-20T10:55:38+08:00][sql] SELECT * FROM `tp_auth_rule` WHERE  `name` = 'System/index' LIMIT 1 [ RunTime:0.000538s ]
[2023-04-20T10:55:38+08:00][sql] SELECT * FROM `tp_auth_rule` WHERE  `id` = 157 LIMIT 1 [ RunTime:0.000427s ]
[2023-04-20T10:55:38+08:00][sql] SELECT * FROM `tp_auth_rule` WHERE  `name` = 'System' LIMIT 1 [ RunTime:0.000609s ]
[2023-04-20T10:55:38+08:00][sql] SHOW FULL COLUMNS FROM `tp_admin_log` [ RunTime:0.008908s ]
[2023-04-20T10:55:38+08:00][sql] SELECT * FROM `tp_admin_log` WHERE  `admin_id` = 1 ORDER BY `id` DESC LIMIT 1 [ RunTime:0.000573s ]
[2023-04-20T10:55:38+08:00][sql] INSERT INTO `tp_admin_log` SET `title` = '[系统管理] -> [系统设置] -> [操作-修改]' , `content` = '{"id":"1"}' , `url` = '/admin/System/edit.html?id=1&_pjax=.content-wrapper' , `admin_id` = 1 , `user_agent` = 'Mozilla/5.0 (Windows NT 10.0; Win64; x64) AppleWebKit/537.36 (KHTML, like Gecko) Chrome/112.0.0.0 Safari/537.36' , `ip` = '127.0.0.1' , `create_time` = 1681959338 , `update_time` = 1681959338 [ RunTime:0.000669s ]
[2023-04-20T10:55:38+08:00][sql] SELECT * FROM `tp_system` WHERE  `id` = 1 LIMIT 1 [ RunTime:0.000739s ]
[2023-04-20T10:55:38+08:00][sql] SELECT * FROM `tp_module` WHERE  `table_name` = 'system' LIMIT 1 [ RunTime:0.000480s ]
[2023-04-20T10:55:38+08:00][sql] SELECT * FROM `tp_module` WHERE  `table_name` = 'system' LIMIT 1 [ RunTime:0.000393s ]
[2023-04-20T10:55:38+08:00][sql] SELECT * FROM `tp_field` WHERE  `module_id` = 13 ORDER BY `sort` ASC,`id` ASC [ RunTime:0.000932s ]
[2023-04-20T10:55:38+08:00][sql] SHOW FULL COLUMNS FROM `tp_dictionary` [ RunTime:0.009960s ]
[2023-04-20T10:55:38+08:00][sql] SELECT `dict_value`,`dict_label` FROM `tp_dictionary` WHERE  `dict_type` = '8' ORDER BY `sort` ASC,`id` DESC [ RunTime:0.000699s ]
[2023-04-20T10:55:38+08:00][sql] SELECT `dict_value`,`dict_label` FROM `tp_dictionary` WHERE  `dict_type` = '8' ORDER BY `sort` ASC,`id` DESC [ RunTime:0.000478s ]
[2023-04-20T10:55:38+08:00][sql] SELECT `dict_value`,`dict_label` FROM `tp_dictionary` WHERE  `dict_type` = '8' ORDER BY `sort` ASC,`id` DESC [ RunTime:0.000458s ]
[2023-04-20T10:55:38+08:00][sql] SELECT `dict_value`,`dict_label` FROM `tp_dictionary` WHERE  `dict_type` = '8' ORDER BY `sort` ASC,`id` DESC [ RunTime:0.000556s ]
[2023-04-20T10:55:38+08:00][sql] SELECT `dict_value`,`dict_label` FROM `tp_dictionary` WHERE  `dict_type` = '8' ORDER BY `sort` ASC,`id` DESC [ RunTime:0.000637s ]
[2023-04-20T10:55:38+08:00][sql] SELECT `dict_value`,`dict_label` FROM `tp_dictionary` WHERE  `dict_type` = '11' ORDER BY `sort` ASC,`id` DESC [ RunTime:0.001002s ]
[2023-04-20T10:55:38+08:00][sql] SELECT `dict_value`,`dict_label` FROM `tp_dictionary` WHERE  `dict_type` = '12' ORDER BY `sort` ASC,`id` DESC [ RunTime:0.000740s ]
[2023-04-20T10:55:38+08:00][sql] SELECT `dict_value`,`dict_label` FROM `tp_dictionary` WHERE  `dict_type` = '13' ORDER BY `sort` ASC,`id` DESC [ RunTime:0.001097s ]
[2023-04-20T10:55:38+08:00][sql] SELECT * FROM `tp_module` WHERE  `model_name` = 'System' LIMIT 1 [ RunTime:0.001001s ]
[2023-04-20T10:55:38+08:00][sql] SHOW FULL COLUMNS FROM `tp_field_group` [ RunTime:0.016284s ]
[2023-04-20T10:55:38+08:00][sql] SELECT * FROM `tp_field_group` WHERE  `module_id` = 13 ORDER BY `sort` ASC,`id` DESC [ RunTime:0.001130s ]
[2023-04-20T10:55:38+08:00][sql] SELECT * FROM `tp_module` WHERE  `table_name` = 'system' LIMIT 1 [ RunTime:0.000632s ]
[2023-04-20T10:55:38+08:00][sql] SELECT * FROM `tp_field` WHERE  `module_id` = 13 ORDER BY `sort` ASC,`id` ASC [ RunTime:0.001182s ]
[2023-04-20T10:55:38+08:00][sql] SELECT * FROM `tp_module` WHERE  `table_name` = 'system' LIMIT 1 [ RunTime:0.000641s ]
[2023-04-20T10:55:38+08:00][info] $data[pid]
[2023-04-20T10:55:38+08:00][info] 92
[2023-04-20T10:55:38+08:00][info] $data[pid]
[2023-04-20T10:55:38+08:00][info] 157
[2023-04-20T10:55:38+08:00][info] $data[pid]
[2023-04-20T10:55:38+08:00][info] 92
[2023-04-20T10:55:38+08:00][info] $data[pid]
[2023-04-20T10:55:38+08:00][info] 157
[2023-04-20T10:56:27+08:00][sql] CONNECT:[ UseTime:0.020935s ] mysql:host=127.0.0.1;port=3306;dbname=ztx;charset=utf8mb4
[2023-04-20T10:56:27+08:00][sql] SHOW FULL COLUMNS FROM `tp_auth_rule` [ RunTime:0.009388s ]
[2023-04-20T10:56:27+08:00][sql] SELECT * FROM `tp_auth_rule` WHERE  `status` = 1 ORDER BY `sort` ASC [ RunTime:0.000901s ]
[2023-04-20T10:56:27+08:00][sql] SELECT * FROM `tp_auth_rule` WHERE  `name` = 'System/editPost' LIMIT 1 [ RunTime:0.001092s ]
[2023-04-20T10:56:27+08:00][sql] SELECT * FROM `tp_auth_rule` WHERE  `id` = 92 LIMIT 1 [ RunTime:0.000590s ]
[2023-04-20T10:56:27+08:00][sql] SELECT * FROM `tp_auth_rule` WHERE  `name` = 'System/index' LIMIT 1 [ RunTime:0.000765s ]
[2023-04-20T10:56:27+08:00][sql] SELECT * FROM `tp_auth_rule` WHERE  `id` = 157 LIMIT 1 [ RunTime:0.000491s ]
[2023-04-20T10:56:27+08:00][sql] SELECT * FROM `tp_auth_rule` WHERE  `name` = 'System' LIMIT 1 [ RunTime:0.000773s ]
[2023-04-20T10:56:27+08:00][sql] SHOW FULL COLUMNS FROM `tp_module` [ RunTime:0.013004s ]
[2023-04-20T10:56:27+08:00][sql] SELECT * FROM `tp_module` WHERE  `model_name` = 'System' LIMIT 1 [ RunTime:0.000872s ]
[2023-04-20T10:56:27+08:00][sql] SHOW FULL COLUMNS FROM `tp_cate` [ RunTime:0.007616s ]
[2023-04-20T10:56:27+08:00][sql] SELECT * FROM `tp_cate` ORDER BY `sort`,`id` DESC [ RunTime:0.000690s ]
[2023-04-20T10:56:27+08:00][sql] SELECT * FROM `tp_module` WHERE  `id` IN (18,19,21,22,23,24,25) [ RunTime:0.000756s ]
[2023-04-20T10:56:27+08:00][sql] SELECT * FROM `tp_module` WHERE  `model_name` = 'Cate' LIMIT 1 [ RunTime:0.000968s ]
[2023-04-20T10:56:27+08:00][sql] SELECT * FROM `tp_module` WHERE  `table_name` = 'cate' LIMIT 1 [ RunTime:0.000639s ]
[2023-04-20T10:56:27+08:00][sql] SHOW FULL COLUMNS FROM `tp_field` [ RunTime:0.007809s ]
[2023-04-20T10:56:27+08:00][sql] SELECT * FROM `tp_field` WHERE  `module_id` = 20 ORDER BY `sort` ASC,`id` ASC [ RunTime:0.001073s ]
[2023-04-20T10:56:27+08:00][sql] SHOW FULL COLUMNS FROM `tp_system` [ RunTime:0.007245s ]
[2023-04-20T10:56:27+08:00][sql] SELECT * FROM `tp_system` WHERE  `id` = 1 LIMIT 1 [ RunTime:0.000621s ]
[2023-04-20T10:56:27+08:00][sql] SELECT * FROM `tp_auth_rule` WHERE  `auth_open` = 0 [ RunTime:0.000867s ]
[2023-04-20T10:56:27+08:00][sql] SELECT * FROM `tp_auth_rule` [ RunTime:0.001073s ]
[2023-04-20T10:56:27+08:00][sql] SELECT * FROM `tp_auth_rule` WHERE  `name` = 'System/editPost' LIMIT 1 [ RunTime:0.000822s ]
[2023-04-20T10:56:27+08:00][sql] SELECT * FROM `tp_auth_rule` WHERE  `id` = 92 LIMIT 1 [ RunTime:0.000623s ]
[2023-04-20T10:56:27+08:00][sql] SELECT * FROM `tp_auth_rule` WHERE  `name` = 'System/index' LIMIT 1 [ RunTime:0.000603s ]
[2023-04-20T10:56:27+08:00][sql] SELECT * FROM `tp_auth_rule` WHERE  `id` = 157 LIMIT 1 [ RunTime:0.000470s ]
[2023-04-20T10:56:27+08:00][sql] SELECT * FROM `tp_auth_rule` WHERE  `name` = 'System' LIMIT 1 [ RunTime:0.000633s ]
[2023-04-20T10:56:27+08:00][sql] SHOW FULL COLUMNS FROM `tp_admin_log` [ RunTime:0.007327s ]
[2023-04-20T10:56:27+08:00][sql] SELECT * FROM `tp_admin_log` WHERE  `admin_id` = 1 ORDER BY `id` DESC LIMIT 1 [ RunTime:0.000737s ]
[2023-04-20T10:56:27+08:00][sql] INSERT INTO `tp_admin_log` SET `title` = '[系统管理] -> [系统设置] -> [操作-修改保存]' , `content` = '{"id":"1","name":"WORKHUB","logo":"\/uploads\/admin\/System\/a3a4245ec095da4903c6c81123fd480d_dfaa461544db3102ba68af07d3f84975.png","file":"","icp":"","copyright":"Copyright \u00a9 2022.workhub.com All right reserved.","url":"www.xxx.com","address":"\u8fbd\u5b81\u7701\u6c88\u9633\u5e02\u94c1\u897f\u533a\u91cd\u5de5\u8857XX\u8defXX\u53f71-1-1","contacts":"X\u5148\u751f","tel":"010-8888 7777","mobile_phone":"158 4018 8888","fax":"010-8888 9999","email":"407593529@qq.com","qq":"407593529","qrcode":"\/uploads\/20181226\/cb7a4c21d6443bc5e7a8d16ac2cbe242.png","rights":"workhub","backstage_logo":"","backstage_name":"","label_logo":"","rights_link":"","gwab":"","title":"SIYUCMS","key":"SIYUCMS","des":"SIYUCMS","mobile":"0","code":"0","message_code":"0","message_send_mail":"0","template_opening":"1","template":"default","html":"html","upload_driver":"1","upload_file_size":"0","upload_file_ext":"rar,zip,avi,rmvb,3gp,flv,mp3,mp4,txt,doc,xls,ppt,pdf,xls,docx,xlsx,doc","upload_image_size":"0","upload_image_ext":"jpg,png,gif,jpeg,ico","editor":"0","display_mode":"0","other":""}' , `url` = '/admin/System/editPost.html' , `admin_id` = 1 , `user_agent` = 'Mozilla/5.0 (Windows NT 10.0; Win64; x64) AppleWebKit/537.36 (KHTML, like Gecko) Chrome/112.0.0.0 Safari/537.36' , `ip` = '127.0.0.1' , `create_time` = 1681959387 , `update_time` = 1681959387 [ RunTime:0.000861s ]
[2023-04-20T10:56:27+08:00][sql] SELECT * FROM `tp_module` WHERE  `table_name` = 'system' LIMIT 1 [ RunTime:0.001142s ]
[2023-04-20T10:56:27+08:00][sql] SELECT * FROM `tp_field` WHERE  `module_id` = 13 ORDER BY `sort` ASC,`id` ASC [ RunTime:0.001306s ]
[2023-04-20T10:56:27+08:00][sql] UPDATE `tp_system`  SET `name` = 'WORKHUB' , `logo` = '/uploads/admin/System/a3a4245ec095da4903c6c81123fd480d_dfaa461544db3102ba68af07d3f84975.png' , `icp` = '' , `copyright` = 'Copyright © 2022.workhub.com All right reserved.' , `url` = 'www.xxx.com' , `address` = '辽宁省沈阳市铁西区重工街XX路XX号1-1-1' , `contacts` = 'X先生' , `tel` = '010-8888 7777' , `mobile_phone` = '158 4018 8888' , `fax` = '010-8888 9999' , `email` = '407593529@qq.com' , `qq` = '407593529' , `qrcode` = '/uploads/20181226/cb7a4c21d6443bc5e7a8d16ac2cbe242.png' , `rights` = 'workhub' , `backstage_logo` = '' , `backstage_name` = '' , `label_logo` = '' , `rights_link` = '' , `gwab` = '' , `title` = 'SIYUCMS' , `key` = 'SIYUCMS' , `des` = 'SIYUCMS' , `mobile` = 0 , `code` = 0 , `message_code` = 0 , `message_send_mail` = 0 , `template_opening` = 1 , `template` = 'default' , `html` = 'html' , `upload_driver` = 1 , `upload_file_size` = '0' , `upload_file_ext` = 'rar,zip,avi,rmvb,3gp,flv,mp3,mp4,txt,doc,xls,ppt,pdf,xls,docx,xlsx,doc' , `upload_image_size` = '0' , `upload_image_ext` = 'jpg,png,gif,jpeg,ico' , `editor` = 0 , `display_mode` = 0 , `other` = '' , `update_time` = 1681959387  WHERE  `id` = 1 [ RunTime:0.001464s ]
[2023-04-20T10:56:27+08:00][info] $data[pid]
[2023-04-20T10:56:27+08:00][info] 92
[2023-04-20T10:56:27+08:00][info] $data[pid]
[2023-04-20T10:56:27+08:00][info] 157
[2023-04-20T10:56:27+08:00][info] $data[pid]
[2023-04-20T10:56:27+08:00][info] 92
[2023-04-20T10:56:27+08:00][info] $data[pid]
[2023-04-20T10:56:27+08:00][info] 157
[2023-04-20T10:56:29+08:00][sql] CONNECT:[ UseTime:0.001551s ] mysql:host=127.0.0.1;port=3306;dbname=ztx;charset=utf8mb4
[2023-04-20T10:56:29+08:00][sql] SHOW FULL COLUMNS FROM `tp_auth_rule` [ RunTime:0.009257s ]
[2023-04-20T10:56:29+08:00][sql] SELECT * FROM `tp_auth_rule` WHERE  `status` = 1 ORDER BY `sort` ASC [ RunTime:0.000818s ]
[2023-04-20T10:56:29+08:00][sql] SELECT * FROM `tp_auth_rule` WHERE  `name` = 'System/index' LIMIT 1 [ RunTime:0.001096s ]
[2023-04-20T10:56:29+08:00][sql] SELECT * FROM `tp_auth_rule` WHERE  `id` = 157 LIMIT 1 [ RunTime:0.000802s ]
[2023-04-20T10:56:29+08:00][sql] SELECT * FROM `tp_auth_rule` WHERE  `name` = 'System' LIMIT 1 [ RunTime:0.000832s ]
[2023-04-20T10:56:29+08:00][sql] SHOW FULL COLUMNS FROM `tp_module` [ RunTime:0.008681s ]
[2023-04-20T10:56:29+08:00][sql] SELECT * FROM `tp_module` WHERE  `model_name` = 'System' LIMIT 1 [ RunTime:0.000856s ]
[2023-04-20T10:56:29+08:00][sql] SHOW FULL COLUMNS FROM `tp_cate` [ RunTime:0.009953s ]
[2023-04-20T10:56:29+08:00][sql] SELECT * FROM `tp_cate` ORDER BY `sort`,`id` DESC [ RunTime:0.000714s ]
[2023-04-20T10:56:29+08:00][sql] SELECT * FROM `tp_module` WHERE  `id` IN (18,19,21,22,23,24,25) [ RunTime:0.000775s ]
[2023-04-20T10:56:29+08:00][sql] SELECT * FROM `tp_module` WHERE  `model_name` = 'Cate' LIMIT 1 [ RunTime:0.001824s ]
[2023-04-20T10:56:29+08:00][sql] SELECT * FROM `tp_module` WHERE  `table_name` = 'cate' LIMIT 1 [ RunTime:0.000666s ]
[2023-04-20T10:56:29+08:00][sql] SHOW FULL COLUMNS FROM `tp_field` [ RunTime:0.009695s ]
[2023-04-20T10:56:29+08:00][sql] SELECT * FROM `tp_field` WHERE  `module_id` = 20 ORDER BY `sort` ASC,`id` ASC [ RunTime:0.001014s ]
[2023-04-20T10:56:29+08:00][sql] SHOW FULL COLUMNS FROM `tp_system` [ RunTime:0.008686s ]
[2023-04-20T10:56:29+08:00][sql] SELECT * FROM `tp_system` WHERE  `id` = 1 LIMIT 1 [ RunTime:0.000891s ]
[2023-04-20T10:56:29+08:00][sql] SELECT * FROM `tp_auth_rule` WHERE  `auth_open` = 0 [ RunTime:0.000851s ]
[2023-04-20T10:56:29+08:00][sql] SELECT * FROM `tp_auth_rule` [ RunTime:0.001175s ]
[2023-04-20T10:56:29+08:00][sql] SELECT * FROM `tp_auth_rule` WHERE  `name` = 'System/index' LIMIT 1 [ RunTime:0.000862s ]
[2023-04-20T10:56:29+08:00][sql] SELECT * FROM `tp_auth_rule` WHERE  `id` = 157 LIMIT 1 [ RunTime:0.000521s ]
[2023-04-20T10:56:29+08:00][sql] SELECT * FROM `tp_auth_rule` WHERE  `name` = 'System' LIMIT 1 [ RunTime:0.000853s ]
[2023-04-20T10:56:29+08:00][sql] SHOW FULL COLUMNS FROM `tp_admin_log` [ RunTime:0.007420s ]
[2023-04-20T10:56:29+08:00][sql] SELECT * FROM `tp_admin_log` WHERE  `admin_id` = 1 ORDER BY `id` DESC LIMIT 1 [ RunTime:0.001141s ]
[2023-04-20T10:56:29+08:00][sql] INSERT INTO `tp_admin_log` SET `title` = '[系统管理] -> [系统设置]' , `content` = '[]' , `url` = '/admin/System/index.html?_pjax=.content-wrapper' , `admin_id` = 1 , `user_agent` = 'Mozilla/5.0 (Windows NT 10.0; Win64; x64) AppleWebKit/537.36 (KHTML, like Gecko) Chrome/112.0.0.0 Safari/537.36' , `ip` = '127.0.0.1' , `create_time` = 1681959389 , `update_time` = 1681959389 [ RunTime:0.001479s ]
[2023-04-20T10:56:29+08:00][sql] SELECT `pk` FROM `tp_module` WHERE  `table_name` = 'system' LIMIT 1 [ RunTime:0.000516s ]
[2023-04-20T10:56:29+08:00][sql] SELECT * FROM `tp_module` WHERE  `table_name` = 'system' LIMIT 1 [ RunTime:0.000470s ]
[2023-04-20T10:56:29+08:00][sql] SELECT * FROM `tp_field` WHERE  `module_id` = 13 ORDER BY `sort` ASC,`id` ASC [ RunTime:0.001123s ]
[2023-04-20T10:56:29+08:00][sql] SHOW FULL COLUMNS FROM `tp_dictionary` [ RunTime:0.009135s ]
[2023-04-20T10:56:29+08:00][sql] SELECT `dict_value`,`dict_label` FROM `tp_dictionary` WHERE  `dict_type` = '8' ORDER BY `sort` ASC,`id` DESC [ RunTime:0.000636s ]
[2023-04-20T10:56:29+08:00][sql] SELECT `dict_value`,`dict_label` FROM `tp_dictionary` WHERE  `dict_type` = '8' ORDER BY `sort` ASC,`id` DESC [ RunTime:0.000526s ]
[2023-04-20T10:56:29+08:00][sql] SELECT `dict_value`,`dict_label` FROM `tp_dictionary` WHERE  `dict_type` = '8' ORDER BY `sort` ASC,`id` DESC [ RunTime:0.000589s ]
[2023-04-20T10:56:29+08:00][sql] SELECT `dict_value`,`dict_label` FROM `tp_dictionary` WHERE  `dict_type` = '8' ORDER BY `sort` ASC,`id` DESC [ RunTime:0.000610s ]
[2023-04-20T10:56:29+08:00][sql] SELECT `dict_value`,`dict_label` FROM `tp_dictionary` WHERE  `dict_type` = '8' ORDER BY `sort` ASC,`id` DESC [ RunTime:0.000502s ]
[2023-04-20T10:56:29+08:00][sql] SELECT `dict_value`,`dict_label` FROM `tp_dictionary` WHERE  `dict_type` = '13' ORDER BY `sort` ASC,`id` DESC [ RunTime:0.000459s ]
[2023-04-20T10:56:29+08:00][sql] SELECT * FROM `tp_module` WHERE  `table_name` = 'system' LIMIT 1 [ RunTime:0.000512s ]
[2023-04-20T10:56:29+08:00][sql] SELECT * FROM `tp_field` WHERE  `module_id` = 13 ORDER BY `sort` ASC,`id` ASC [ RunTime:0.000890s ]
[2023-04-20T10:56:29+08:00][sql] SELECT `dict_value`,`dict_label` FROM `tp_dictionary` WHERE  `dict_type` = '13' ORDER BY `sort` ASC,`id` DESC [ RunTime:0.000867s ]
[2023-04-20T10:56:29+08:00][sql] SELECT * FROM `tp_module` WHERE  `table_name` = 'system' LIMIT 1 [ RunTime:0.000762s ]
[2023-04-20T10:56:29+08:00][sql] SELECT * FROM `tp_module` WHERE  `model_name` = 'System' LIMIT 1 [ RunTime:0.000987s ]
[2023-04-20T10:56:29+08:00][sql] SELECT * FROM `tp_module` WHERE  `table_name` = 'system' LIMIT 1 [ RunTime:0.000669s ]
[2023-04-20T10:56:29+08:00][sql] SELECT * FROM `tp_field` WHERE  `module_id` = 13 ORDER BY `sort` ASC,`id` ASC [ RunTime:0.001369s ]
[2023-04-20T10:56:29+08:00][sql] SELECT `dict_value`,`dict_label` FROM `tp_dictionary` WHERE  `dict_type` = '13' ORDER BY `sort` ASC,`id` DESC [ RunTime:0.001617s ]
[2023-04-20T10:56:29+08:00][sql] SELECT `pk` FROM `tp_module` WHERE  `table_name` = 'system' LIMIT 1 [ RunTime:0.000695s ]
[2023-04-20T10:56:29+08:00][sql] SELECT * FROM `tp_system` [ RunTime:0.000580s ]
[2023-04-20T10:56:29+08:00][info] $data[pid]
[2023-04-20T10:56:29+08:00][info] 157
[2023-04-20T10:56:29+08:00][info] $data[pid]
[2023-04-20T10:56:29+08:00][info] 157
[2023-04-20T10:56:29+08:00][sql] CONNECT:[ UseTime:0.000838s ] mysql:host=127.0.0.1;port=3306;dbname=ztx;charset=utf8mb4
[2023-04-20T10:56:29+08:00][sql] SHOW FULL COLUMNS FROM `tp_auth_rule` [ RunTime:0.009167s ]
[2023-04-20T10:56:29+08:00][sql] SELECT * FROM `tp_auth_rule` WHERE  `status` = 1 ORDER BY `sort` ASC [ RunTime:0.001089s ]
[2023-04-20T10:56:29+08:00][sql] SELECT * FROM `tp_auth_rule` WHERE  `name` = 'System/edit' LIMIT 1 [ RunTime:0.001085s ]
[2023-04-20T10:56:29+08:00][sql] SELECT * FROM `tp_auth_rule` WHERE  `id` = 92 LIMIT 1 [ RunTime:0.001070s ]
[2023-04-20T10:56:29+08:00][sql] SELECT * FROM `tp_auth_rule` WHERE  `name` = 'System/index' LIMIT 1 [ RunTime:0.001143s ]
[2023-04-20T10:56:29+08:00][sql] SELECT * FROM `tp_auth_rule` WHERE  `id` = 157 LIMIT 1 [ RunTime:0.000606s ]
[2023-04-20T10:56:29+08:00][sql] SELECT * FROM `tp_auth_rule` WHERE  `name` = 'System' LIMIT 1 [ RunTime:0.000586s ]
[2023-04-20T10:56:29+08:00][sql] SHOW FULL COLUMNS FROM `tp_module` [ RunTime:0.007428s ]
[2023-04-20T10:56:29+08:00][sql] SELECT * FROM `tp_module` WHERE  `model_name` = 'System' LIMIT 1 [ RunTime:0.000586s ]
[2023-04-20T10:56:29+08:00][sql] SHOW FULL COLUMNS FROM `tp_cate` [ RunTime:0.007793s ]
[2023-04-20T10:56:29+08:00][sql] SELECT * FROM `tp_cate` ORDER BY `sort`,`id` DESC [ RunTime:0.000652s ]
[2023-04-20T10:56:29+08:00][sql] SELECT * FROM `tp_module` WHERE  `id` IN (18,19,21,22,23,24,25) [ RunTime:0.000738s ]
[2023-04-20T10:56:29+08:00][sql] SELECT * FROM `tp_module` WHERE  `model_name` = 'Cate' LIMIT 1 [ RunTime:0.001364s ]
[2023-04-20T10:56:29+08:00][sql] SELECT * FROM `tp_module` WHERE  `table_name` = 'cate' LIMIT 1 [ RunTime:0.001177s ]
[2023-04-20T10:56:29+08:00][sql] SHOW FULL COLUMNS FROM `tp_field` [ RunTime:0.010564s ]
[2023-04-20T10:56:29+08:00][sql] SELECT * FROM `tp_field` WHERE  `module_id` = 20 ORDER BY `sort` ASC,`id` ASC [ RunTime:0.001391s ]
[2023-04-20T10:56:29+08:00][sql] SHOW FULL COLUMNS FROM `tp_system` [ RunTime:0.006747s ]
[2023-04-20T10:56:29+08:00][sql] SELECT * FROM `tp_system` WHERE  `id` = 1 LIMIT 1 [ RunTime:0.000766s ]
[2023-04-20T10:56:29+08:00][sql] SELECT * FROM `tp_auth_rule` WHERE  `auth_open` = 0 [ RunTime:0.000956s ]
[2023-04-20T10:56:29+08:00][sql] SELECT * FROM `tp_auth_rule` [ RunTime:0.001077s ]
[2023-04-20T10:56:29+08:00][sql] SELECT * FROM `tp_auth_rule` WHERE  `name` = 'System/edit' LIMIT 1 [ RunTime:0.000980s ]
[2023-04-20T10:56:29+08:00][sql] SELECT * FROM `tp_auth_rule` WHERE  `id` = 92 LIMIT 1 [ RunTime:0.000693s ]
[2023-04-20T10:56:29+08:00][sql] SELECT * FROM `tp_auth_rule` WHERE  `name` = 'System/index' LIMIT 1 [ RunTime:0.000661s ]
[2023-04-20T10:56:29+08:00][sql] SELECT * FROM `tp_auth_rule` WHERE  `id` = 157 LIMIT 1 [ RunTime:0.000445s ]
[2023-04-20T10:56:29+08:00][sql] SELECT * FROM `tp_auth_rule` WHERE  `name` = 'System' LIMIT 1 [ RunTime:0.000657s ]
[2023-04-20T10:56:29+08:00][sql] SHOW FULL COLUMNS FROM `tp_admin_log` [ RunTime:0.009862s ]
[2023-04-20T10:56:29+08:00][sql] SELECT * FROM `tp_admin_log` WHERE  `admin_id` = 1 ORDER BY `id` DESC LIMIT 1 [ RunTime:0.000578s ]
[2023-04-20T10:56:29+08:00][sql] INSERT INTO `tp_admin_log` SET `title` = '[系统管理] -> [系统设置] -> [操作-修改]' , `content` = '{"id":"1"}' , `url` = '/admin/System/edit.html?id=1&_pjax=.content-wrapper' , `admin_id` = 1 , `user_agent` = 'Mozilla/5.0 (Windows NT 10.0; Win64; x64) AppleWebKit/537.36 (KHTML, like Gecko) Chrome/112.0.0.0 Safari/537.36' , `ip` = '127.0.0.1' , `create_time` = 1681959389 , `update_time` = 1681959389 [ RunTime:0.000703s ]
[2023-04-20T10:56:29+08:00][sql] SELECT * FROM `tp_system` WHERE  `id` = 1 LIMIT 1 [ RunTime:0.000655s ]
[2023-04-20T10:56:29+08:00][sql] SELECT * FROM `tp_module` WHERE  `table_name` = 'system' LIMIT 1 [ RunTime:0.000575s ]
[2023-04-20T10:56:29+08:00][sql] SELECT * FROM `tp_module` WHERE  `table_name` = 'system' LIMIT 1 [ RunTime:0.000514s ]
[2023-04-20T10:56:29+08:00][sql] SELECT * FROM `tp_field` WHERE  `module_id` = 13 ORDER BY `sort` ASC,`id` ASC [ RunTime:0.001102s ]
[2023-04-20T10:56:29+08:00][sql] SHOW FULL COLUMNS FROM `tp_dictionary` [ RunTime:0.010951s ]
[2023-04-20T10:56:29+08:00][sql] SELECT `dict_value`,`dict_label` FROM `tp_dictionary` WHERE  `dict_type` = '8' ORDER BY `sort` ASC,`id` DESC [ RunTime:0.000763s ]
[2023-04-20T10:56:29+08:00][sql] SELECT `dict_value`,`dict_label` FROM `tp_dictionary` WHERE  `dict_type` = '8' ORDER BY `sort` ASC,`id` DESC [ RunTime:0.000467s ]
[2023-04-20T10:56:29+08:00][sql] SELECT `dict_value`,`dict_label` FROM `tp_dictionary` WHERE  `dict_type` = '8' ORDER BY `sort` ASC,`id` DESC [ RunTime:0.000530s ]
[2023-04-20T10:56:29+08:00][sql] SELECT `dict_value`,`dict_label` FROM `tp_dictionary` WHERE  `dict_type` = '8' ORDER BY `sort` ASC,`id` DESC [ RunTime:0.000486s ]
[2023-04-20T10:56:29+08:00][sql] SELECT `dict_value`,`dict_label` FROM `tp_dictionary` WHERE  `dict_type` = '8' ORDER BY `sort` ASC,`id` DESC [ RunTime:0.000495s ]
[2023-04-20T10:56:29+08:00][sql] SELECT `dict_value`,`dict_label` FROM `tp_dictionary` WHERE  `dict_type` = '11' ORDER BY `sort` ASC,`id` DESC [ RunTime:0.000483s ]
[2023-04-20T10:56:29+08:00][sql] SELECT `dict_value`,`dict_label` FROM `tp_dictionary` WHERE  `dict_type` = '12' ORDER BY `sort` ASC,`id` DESC [ RunTime:0.000487s ]
[2023-04-20T10:56:29+08:00][sql] SELECT `dict_value`,`dict_label` FROM `tp_dictionary` WHERE  `dict_type` = '13' ORDER BY `sort` ASC,`id` DESC [ RunTime:0.000494s ]
[2023-04-20T10:56:29+08:00][sql] SELECT * FROM `tp_module` WHERE  `model_name` = 'System' LIMIT 1 [ RunTime:0.000474s ]
[2023-04-20T10:56:29+08:00][sql] SHOW FULL COLUMNS FROM `tp_field_group` [ RunTime:0.013020s ]
[2023-04-20T10:56:29+08:00][sql] SELECT * FROM `tp_field_group` WHERE  `module_id` = 13 ORDER BY `sort` ASC,`id` DESC [ RunTime:0.000683s ]
[2023-04-20T10:56:29+08:00][sql] SELECT * FROM `tp_module` WHERE  `table_name` = 'system' LIMIT 1 [ RunTime:0.000792s ]
[2023-04-20T10:56:29+08:00][sql] SELECT * FROM `tp_field` WHERE  `module_id` = 13 ORDER BY `sort` ASC,`id` ASC [ RunTime:0.001457s ]
[2023-04-20T10:56:29+08:00][sql] SELECT * FROM `tp_module` WHERE  `table_name` = 'system' LIMIT 1 [ RunTime:0.000725s ]
[2023-04-20T10:56:29+08:00][info] $data[pid]
[2023-04-20T10:56:29+08:00][info] 92
[2023-04-20T10:56:29+08:00][info] $data[pid]
[2023-04-20T10:56:29+08:00][info] 157
[2023-04-20T10:56:29+08:00][info] $data[pid]
[2023-04-20T10:56:29+08:00][info] 92
[2023-04-20T10:56:29+08:00][info] $data[pid]
[2023-04-20T10:56:29+08:00][info] 157
[2023-04-20T10:59:45+08:00][sql] CONNECT:[ UseTime:0.015561s ] mysql:host=127.0.0.1;port=3306;dbname=ztx;charset=utf8mb4
[2023-04-20T10:59:45+08:00][sql] SHOW FULL COLUMNS FROM `tp_auth_rule` [ RunTime:0.009083s ]
[2023-04-20T10:59:45+08:00][sql] SELECT * FROM `tp_auth_rule` WHERE  `status` = 1 ORDER BY `sort` ASC [ RunTime:0.000809s ]
[2023-04-20T10:59:45+08:00][sql] SELECT * FROM `tp_auth_rule` WHERE  `name` = 'System/editPost' LIMIT 1 [ RunTime:0.000864s ]
[2023-04-20T10:59:45+08:00][sql] SELECT * FROM `tp_auth_rule` WHERE  `id` = 92 LIMIT 1 [ RunTime:0.000525s ]
[2023-04-20T10:59:45+08:00][sql] SELECT * FROM `tp_auth_rule` WHERE  `name` = 'System/index' LIMIT 1 [ RunTime:0.000665s ]
[2023-04-20T10:59:45+08:00][sql] SELECT * FROM `tp_auth_rule` WHERE  `id` = 157 LIMIT 1 [ RunTime:0.000420s ]
[2023-04-20T10:59:45+08:00][sql] SELECT * FROM `tp_auth_rule` WHERE  `name` = 'System' LIMIT 1 [ RunTime:0.000650s ]
[2023-04-20T10:59:45+08:00][sql] SHOW FULL COLUMNS FROM `tp_module` [ RunTime:0.008831s ]
[2023-04-20T10:59:45+08:00][sql] SELECT * FROM `tp_module` WHERE  `model_name` = 'System' LIMIT 1 [ RunTime:0.000592s ]
[2023-04-20T10:59:45+08:00][sql] SHOW FULL COLUMNS FROM `tp_cate` [ RunTime:0.006594s ]
[2023-04-20T10:59:45+08:00][sql] SELECT * FROM `tp_cate` ORDER BY `sort`,`id` DESC [ RunTime:0.000932s ]
[2023-04-20T10:59:45+08:00][sql] SELECT * FROM `tp_module` WHERE  `id` IN (18,19,21,22,23,24,25) [ RunTime:0.001223s ]
[2023-04-20T10:59:45+08:00][sql] SELECT * FROM `tp_module` WHERE  `model_name` = 'Cate' LIMIT 1 [ RunTime:0.000848s ]
[2023-04-20T10:59:45+08:00][sql] SELECT * FROM `tp_module` WHERE  `table_name` = 'cate' LIMIT 1 [ RunTime:0.000620s ]
[2023-04-20T10:59:45+08:00][sql] SHOW FULL COLUMNS FROM `tp_field` [ RunTime:0.008401s ]
[2023-04-20T10:59:45+08:00][sql] SELECT * FROM `tp_field` WHERE  `module_id` = 20 ORDER BY `sort` ASC,`id` ASC [ RunTime:0.000882s ]
[2023-04-20T10:59:45+08:00][sql] SHOW FULL COLUMNS FROM `tp_system` [ RunTime:0.008392s ]
[2023-04-20T10:59:45+08:00][sql] SELECT * FROM `tp_system` WHERE  `id` = 1 LIMIT 1 [ RunTime:0.000643s ]
[2023-04-20T10:59:45+08:00][sql] SELECT * FROM `tp_auth_rule` WHERE  `auth_open` = 0 [ RunTime:0.000867s ]
[2023-04-20T10:59:45+08:00][sql] SELECT * FROM `tp_auth_rule` [ RunTime:0.001176s ]
[2023-04-20T10:59:45+08:00][sql] SELECT * FROM `tp_auth_rule` WHERE  `name` = 'System/editPost' LIMIT 1 [ RunTime:0.000804s ]
[2023-04-20T10:59:45+08:00][sql] SELECT * FROM `tp_auth_rule` WHERE  `id` = 92 LIMIT 1 [ RunTime:0.000432s ]
[2023-04-20T10:59:45+08:00][sql] SELECT * FROM `tp_auth_rule` WHERE  `name` = 'System/index' LIMIT 1 [ RunTime:0.000574s ]
[2023-04-20T10:59:45+08:00][sql] SELECT * FROM `tp_auth_rule` WHERE  `id` = 157 LIMIT 1 [ RunTime:0.000525s ]
[2023-04-20T10:59:45+08:00][sql] SELECT * FROM `tp_auth_rule` WHERE  `name` = 'System' LIMIT 1 [ RunTime:0.000707s ]
[2023-04-20T10:59:45+08:00][sql] SHOW FULL COLUMNS FROM `tp_admin_log` [ RunTime:0.008027s ]
[2023-04-20T10:59:45+08:00][sql] SELECT * FROM `tp_admin_log` WHERE  `admin_id` = 1 ORDER BY `id` DESC LIMIT 1 [ RunTime:0.000939s ]
[2023-04-20T10:59:45+08:00][sql] INSERT INTO `tp_admin_log` SET `title` = '[系统管理] -> [系统设置] -> [操作-修改保存]' , `content` = '{"id":"1","name":"WORKHUB","logo":"\/uploads\/admin\/System\/a3a4245ec095da4903c6c81123fd480d_dfaa461544db3102ba68af07d3f84975.png","file":"","icp":"","copyright":"Copyright \u00a9 2022.workhub.com All right reserved.","url":"www.xxx.com","address":"\u8fbd\u5b81\u7701\u6c88\u9633\u5e02\u94c1\u897f\u533a\u91cd\u5de5\u8857XX\u8defXX\u53f71-1-1","contacts":"X\u5148\u751f","tel":"010-8888 7777","mobile_phone":"158 4018 8888","fax":"010-8888 9999","email":"407593529@qq.com","qq":"407593529","qrcode":"\/uploads\/20181226\/cb7a4c21d6443bc5e7a8d16ac2cbe242.png","rights":"workhub","backstage_logo":"","backstage_name":"","label_logo":"","rights_link":"","gwab":"","title":"WORKHUB","key":"WORKHUB, \u901a\u7528\u5de5\u4f5c\u7ad9, \u534f\u4f5c\u5de5\u5177, \u7ba1\u7406\u5de5\u5177, \u5171\u4eab\u5de5\u4f5c\u7a7a\u95f4, \u591a\u8bbe\u5907\u652f\u6301, \u591a\u5e73\u53f0\u652f\u6301","mobile":"0","code":"0","message_code":"0","message_send_mail":"0","template_opening":"1","template":"default","html":"html","upload_driver":"1","upload_file_size":"0","upload_file_ext":"rar,zip,avi,rmvb,3gp,flv,mp3,mp4,txt,doc,xls,ppt,pdf,xls,docx,xlsx,doc","upload_image_size":"0","upload_image_ext":"jpg,png,gif,jpeg,ico","editor":"0","display_mode":"0","other":""}' , `url` = '/admin/System/editPost.html' , `admin_id` = 1 , `user_agent` = 'Mozilla/5.0 (Windows NT 10.0; Win64; x64) AppleWebKit/537.36 (KHTML, like Gecko) Chrome/112.0.0.0 Safari/537.36' , `ip` = '127.0.0.1' , `create_time` = 1681959585 , `update_time` = 1681959585 [ RunTime:0.002769s ]
[2023-04-20T10:59:45+08:00][sql] SELECT * FROM `tp_module` WHERE  `table_name` = 'system' LIMIT 1 [ RunTime:0.000624s ]
[2023-04-20T10:59:45+08:00][sql] SELECT * FROM `tp_field` WHERE  `module_id` = 13 ORDER BY `sort` ASC,`id` ASC [ RunTime:0.000862s ]
[2023-04-20T10:59:45+08:00][sql] UPDATE `tp_system`  SET `name` = 'WORKHUB' , `logo` = '/uploads/admin/System/a3a4245ec095da4903c6c81123fd480d_dfaa461544db3102ba68af07d3f84975.png' , `icp` = '' , `copyright` = 'Copyright © 2022.workhub.com All right reserved.' , `url` = 'www.xxx.com' , `address` = '辽宁省沈阳市铁西区重工街XX路XX号1-1-1' , `contacts` = 'X先生' , `tel` = '010-8888 7777' , `mobile_phone` = '158 4018 8888' , `fax` = '010-8888 9999' , `email` = '407593529@qq.com' , `qq` = '407593529' , `qrcode` = '/uploads/20181226/cb7a4c21d6443bc5e7a8d16ac2cbe242.png' , `rights` = 'workhub' , `backstage_logo` = '' , `backstage_name` = '' , `label_logo` = '' , `rights_link` = '' , `gwab` = '' , `title` = 'WORKHUB' , `key` = 'WORKHUB, 通用工作站, 协作工具, 管理工具, 共享工作空间, 多设备支持, 多平台支持' , `des` = 'WORKHUB是一个全面的通用工作站，可以满足不同类型工作场所的需求。我们提供现代化的协作和管理工具，以及灵活的共享工作空间，可以帮助您的团队更高效地工作。WORKHUB支持多种设备和平台，可以帮助您的团队随时随地协作和管理工作。' , `mobile` = 0 , `code` = 0 , `message_code` = 0 , `message_send_mail` = 0 , `template_opening` = 1 , `template` = 'default' , `html` = 'html' , `upload_driver` = 1 , `upload_file_size` = '0' , `upload_file_ext` = 'rar,zip,avi,rmvb,3gp,flv,mp3,mp4,txt,doc,xls,ppt,pdf,xls,docx,xlsx,doc' , `upload_image_size` = '0' , `upload_image_ext` = 'jpg,png,gif,jpeg,ico' , `editor` = 0 , `display_mode` = 0 , `other` = '' , `update_time` = 1681959585  WHERE  `id` = 1 [ RunTime:0.001228s ]
[2023-04-20T10:59:45+08:00][info] $data[pid]
[2023-04-20T10:59:45+08:00][info] 92
[2023-04-20T10:59:45+08:00][info] $data[pid]
[2023-04-20T10:59:45+08:00][info] 157
[2023-04-20T10:59:45+08:00][info] $data[pid]
[2023-04-20T10:59:45+08:00][info] 92
[2023-04-20T10:59:45+08:00][info] $data[pid]
[2023-04-20T10:59:45+08:00][info] 157
[2023-04-20T10:59:47+08:00][sql] CONNECT:[ UseTime:0.001072s ] mysql:host=127.0.0.1;port=3306;dbname=ztx;charset=utf8mb4
[2023-04-20T10:59:47+08:00][sql] SHOW FULL COLUMNS FROM `tp_auth_rule` [ RunTime:0.009975s ]
[2023-04-20T10:59:47+08:00][sql] SELECT * FROM `tp_auth_rule` WHERE  `status` = 1 ORDER BY `sort` ASC [ RunTime:0.001211s ]
[2023-04-20T10:59:47+08:00][sql] SELECT * FROM `tp_auth_rule` WHERE  `name` = 'System/index' LIMIT 1 [ RunTime:0.000952s ]
[2023-04-20T10:59:47+08:00][sql] SELECT * FROM `tp_auth_rule` WHERE  `id` = 157 LIMIT 1 [ RunTime:0.000603s ]
[2023-04-20T10:59:47+08:00][sql] SELECT * FROM `tp_auth_rule` WHERE  `name` = 'System' LIMIT 1 [ RunTime:0.000803s ]
[2023-04-20T10:59:47+08:00][sql] SHOW FULL COLUMNS FROM `tp_module` [ RunTime:0.010495s ]
[2023-04-20T10:59:47+08:00][sql] SELECT * FROM `tp_module` WHERE  `model_name` = 'System' LIMIT 1 [ RunTime:0.000775s ]
[2023-04-20T10:59:47+08:00][sql] SHOW FULL COLUMNS FROM `tp_cate` [ RunTime:0.009191s ]
[2023-04-20T10:59:47+08:00][sql] SELECT * FROM `tp_cate` ORDER BY `sort`,`id` DESC [ RunTime:0.000764s ]
[2023-04-20T10:59:47+08:00][sql] SELECT * FROM `tp_module` WHERE  `id` IN (18,19,21,22,23,24,25) [ RunTime:0.000705s ]
[2023-04-20T10:59:47+08:00][sql] SELECT * FROM `tp_module` WHERE  `model_name` = 'Cate' LIMIT 1 [ RunTime:0.001159s ]
[2023-04-20T10:59:47+08:00][sql] SELECT * FROM `tp_module` WHERE  `table_name` = 'cate' LIMIT 1 [ RunTime:0.000737s ]
[2023-04-20T10:59:47+08:00][sql] SHOW FULL COLUMNS FROM `tp_field` [ RunTime:0.012082s ]
[2023-04-20T10:59:47+08:00][sql] SELECT * FROM `tp_field` WHERE  `module_id` = 20 ORDER BY `sort` ASC,`id` ASC [ RunTime:0.001347s ]
[2023-04-20T10:59:47+08:00][sql] SHOW FULL COLUMNS FROM `tp_system` [ RunTime:0.009016s ]
[2023-04-20T10:59:47+08:00][sql] SELECT * FROM `tp_system` WHERE  `id` = 1 LIMIT 1 [ RunTime:0.000714s ]
[2023-04-20T10:59:47+08:00][sql] SELECT * FROM `tp_auth_rule` WHERE  `auth_open` = 0 [ RunTime:0.001346s ]
[2023-04-20T10:59:47+08:00][sql] SELECT * FROM `tp_auth_rule` [ RunTime:0.001133s ]
[2023-04-20T10:59:47+08:00][sql] SELECT * FROM `tp_auth_rule` WHERE  `name` = 'System/index' LIMIT 1 [ RunTime:0.000939s ]
[2023-04-20T10:59:47+08:00][sql] SELECT * FROM `tp_auth_rule` WHERE  `id` = 157 LIMIT 1 [ RunTime:0.000594s ]
[2023-04-20T10:59:47+08:00][sql] SELECT * FROM `tp_auth_rule` WHERE  `name` = 'System' LIMIT 1 [ RunTime:0.000818s ]
[2023-04-20T10:59:47+08:00][sql] SHOW FULL COLUMNS FROM `tp_admin_log` [ RunTime:0.009163s ]
[2023-04-20T10:59:47+08:00][sql] SELECT * FROM `tp_admin_log` WHERE  `admin_id` = 1 ORDER BY `id` DESC LIMIT 1 [ RunTime:0.001065s ]
[2023-04-20T10:59:47+08:00][sql] INSERT INTO `tp_admin_log` SET `title` = '[系统管理] -> [系统设置]' , `content` = '[]' , `url` = '/admin/System/index.html?_pjax=.content-wrapper' , `admin_id` = 1 , `user_agent` = 'Mozilla/5.0 (Windows NT 10.0; Win64; x64) AppleWebKit/537.36 (KHTML, like Gecko) Chrome/112.0.0.0 Safari/537.36' , `ip` = '127.0.0.1' , `create_time` = 1681959587 , `update_time` = 1681959587 [ RunTime:0.002063s ]
[2023-04-20T10:59:47+08:00][sql] SELECT `pk` FROM `tp_module` WHERE  `table_name` = 'system' LIMIT 1 [ RunTime:0.000469s ]
[2023-04-20T10:59:47+08:00][sql] SELECT * FROM `tp_module` WHERE  `table_name` = 'system' LIMIT 1 [ RunTime:0.000443s ]
[2023-04-20T10:59:47+08:00][sql] SELECT * FROM `tp_field` WHERE  `module_id` = 13 ORDER BY `sort` ASC,`id` ASC [ RunTime:0.001013s ]
[2023-04-20T10:59:47+08:00][sql] SHOW FULL COLUMNS FROM `tp_dictionary` [ RunTime:0.010289s ]
[2023-04-20T10:59:47+08:00][sql] SELECT `dict_value`,`dict_label` FROM `tp_dictionary` WHERE  `dict_type` = '8' ORDER BY `sort` ASC,`id` DESC [ RunTime:0.000792s ]
[2023-04-20T10:59:47+08:00][sql] SELECT `dict_value`,`dict_label` FROM `tp_dictionary` WHERE  `dict_type` = '8' ORDER BY `sort` ASC,`id` DESC [ RunTime:0.000669s ]
[2023-04-20T10:59:47+08:00][sql] SELECT `dict_value`,`dict_label` FROM `tp_dictionary` WHERE  `dict_type` = '8' ORDER BY `sort` ASC,`id` DESC [ RunTime:0.000432s ]
[2023-04-20T10:59:47+08:00][sql] SELECT `dict_value`,`dict_label` FROM `tp_dictionary` WHERE  `dict_type` = '8' ORDER BY `sort` ASC,`id` DESC [ RunTime:0.000394s ]
[2023-04-20T10:59:47+08:00][sql] SELECT `dict_value`,`dict_label` FROM `tp_dictionary` WHERE  `dict_type` = '8' ORDER BY `sort` ASC,`id` DESC [ RunTime:0.000594s ]
[2023-04-20T10:59:47+08:00][sql] SELECT `dict_value`,`dict_label` FROM `tp_dictionary` WHERE  `dict_type` = '13' ORDER BY `sort` ASC,`id` DESC [ RunTime:0.000562s ]
[2023-04-20T10:59:47+08:00][sql] SELECT * FROM `tp_module` WHERE  `table_name` = 'system' LIMIT 1 [ RunTime:0.000580s ]
[2023-04-20T10:59:47+08:00][sql] SELECT * FROM `tp_field` WHERE  `module_id` = 13 ORDER BY `sort` ASC,`id` ASC [ RunTime:0.001084s ]
[2023-04-20T10:59:47+08:00][sql] SELECT `dict_value`,`dict_label` FROM `tp_dictionary` WHERE  `dict_type` = '13' ORDER BY `sort` ASC,`id` DESC [ RunTime:0.000815s ]
[2023-04-20T10:59:47+08:00][sql] SELECT * FROM `tp_module` WHERE  `table_name` = 'system' LIMIT 1 [ RunTime:0.000744s ]
[2023-04-20T10:59:47+08:00][sql] SELECT * FROM `tp_module` WHERE  `model_name` = 'System' LIMIT 1 [ RunTime:0.000598s ]
[2023-04-20T10:59:47+08:00][sql] SELECT * FROM `tp_module` WHERE  `table_name` = 'system' LIMIT 1 [ RunTime:0.000654s ]
[2023-04-20T10:59:47+08:00][sql] SELECT * FROM `tp_field` WHERE  `module_id` = 13 ORDER BY `sort` ASC,`id` ASC [ RunTime:0.001524s ]
[2023-04-20T10:59:47+08:00][sql] SELECT `dict_value`,`dict_label` FROM `tp_dictionary` WHERE  `dict_type` = '13' ORDER BY `sort` ASC,`id` DESC [ RunTime:0.001406s ]
[2023-04-20T10:59:47+08:00][sql] SELECT `pk` FROM `tp_module` WHERE  `table_name` = 'system' LIMIT 1 [ RunTime:0.000480s ]
[2023-04-20T10:59:47+08:00][sql] SELECT * FROM `tp_system` [ RunTime:0.000612s ]
[2023-04-20T10:59:47+08:00][info] $data[pid]
[2023-04-20T10:59:47+08:00][info] 157
[2023-04-20T10:59:47+08:00][info] $data[pid]
[2023-04-20T10:59:47+08:00][info] 157
[2023-04-20T10:59:47+08:00][sql] CONNECT:[ UseTime:0.016473s ] mysql:host=127.0.0.1;port=3306;dbname=ztx;charset=utf8mb4
[2023-04-20T10:59:47+08:00][sql] SHOW FULL COLUMNS FROM `tp_auth_rule` [ RunTime:0.007477s ]
[2023-04-20T10:59:47+08:00][sql] SELECT * FROM `tp_auth_rule` WHERE  `status` = 1 ORDER BY `sort` ASC [ RunTime:0.000752s ]
[2023-04-20T10:59:47+08:00][sql] SELECT * FROM `tp_auth_rule` WHERE  `name` = 'System/edit' LIMIT 1 [ RunTime:0.000788s ]
[2023-04-20T10:59:47+08:00][sql] SELECT * FROM `tp_auth_rule` WHERE  `id` = 92 LIMIT 1 [ RunTime:0.000459s ]
[2023-04-20T10:59:47+08:00][sql] SELECT * FROM `tp_auth_rule` WHERE  `name` = 'System/index' LIMIT 1 [ RunTime:0.000588s ]
[2023-04-20T10:59:47+08:00][sql] SELECT * FROM `tp_auth_rule` WHERE  `id` = 157 LIMIT 1 [ RunTime:0.000414s ]
[2023-04-20T10:59:47+08:00][sql] SELECT * FROM `tp_auth_rule` WHERE  `name` = 'System' LIMIT 1 [ RunTime:0.000554s ]
[2023-04-20T10:59:47+08:00][sql] SHOW FULL COLUMNS FROM `tp_module` [ RunTime:0.011557s ]
[2023-04-20T10:59:47+08:00][sql] SELECT * FROM `tp_module` WHERE  `model_name` = 'System' LIMIT 1 [ RunTime:0.000951s ]
[2023-04-20T10:59:47+08:00][sql] SHOW FULL COLUMNS FROM `tp_cate` [ RunTime:0.010318s ]
[2023-04-20T10:59:47+08:00][sql] SELECT * FROM `tp_cate` ORDER BY `sort`,`id` DESC [ RunTime:0.000682s ]
[2023-04-20T10:59:47+08:00][sql] SELECT * FROM `tp_module` WHERE  `id` IN (18,19,21,22,23,24,25) [ RunTime:0.000730s ]
[2023-04-20T10:59:47+08:00][sql] SELECT * FROM `tp_module` WHERE  `model_name` = 'Cate' LIMIT 1 [ RunTime:0.000692s ]
[2023-04-20T10:59:47+08:00][sql] SELECT * FROM `tp_module` WHERE  `table_name` = 'cate' LIMIT 1 [ RunTime:0.001330s ]
[2023-04-20T10:59:47+08:00][sql] SHOW FULL COLUMNS FROM `tp_field` [ RunTime:0.009291s ]
[2023-04-20T10:59:47+08:00][sql] SELECT * FROM `tp_field` WHERE  `module_id` = 20 ORDER BY `sort` ASC,`id` ASC [ RunTime:0.000874s ]
[2023-04-20T10:59:47+08:00][sql] SHOW FULL COLUMNS FROM `tp_system` [ RunTime:0.009437s ]
[2023-04-20T10:59:47+08:00][sql] SELECT * FROM `tp_system` WHERE  `id` = 1 LIMIT 1 [ RunTime:0.000648s ]
[2023-04-20T10:59:47+08:00][sql] SELECT * FROM `tp_auth_rule` WHERE  `auth_open` = 0 [ RunTime:0.000771s ]
[2023-04-20T10:59:47+08:00][sql] SELECT * FROM `tp_auth_rule` [ RunTime:0.001027s ]
[2023-04-20T10:59:47+08:00][sql] SELECT * FROM `tp_auth_rule` WHERE  `name` = 'System/edit' LIMIT 1 [ RunTime:0.000806s ]
[2023-04-20T10:59:47+08:00][sql] SELECT * FROM `tp_auth_rule` WHERE  `id` = 92 LIMIT 1 [ RunTime:0.000479s ]
[2023-04-20T10:59:47+08:00][sql] SELECT * FROM `tp_auth_rule` WHERE  `name` = 'System/index' LIMIT 1 [ RunTime:0.000529s ]
[2023-04-20T10:59:47+08:00][sql] SELECT * FROM `tp_auth_rule` WHERE  `id` = 157 LIMIT 1 [ RunTime:0.000586s ]
[2023-04-20T10:59:47+08:00][sql] SELECT * FROM `tp_auth_rule` WHERE  `name` = 'System' LIMIT 1 [ RunTime:0.000508s ]
[2023-04-20T10:59:47+08:00][sql] SHOW FULL COLUMNS FROM `tp_admin_log` [ RunTime:0.007155s ]
[2023-04-20T10:59:47+08:00][sql] SELECT * FROM `tp_admin_log` WHERE  `admin_id` = 1 ORDER BY `id` DESC LIMIT 1 [ RunTime:0.000548s ]
[2023-04-20T10:59:47+08:00][sql] INSERT INTO `tp_admin_log` SET `title` = '[系统管理] -> [系统设置] -> [操作-修改]' , `content` = '{"id":"1"}' , `url` = '/admin/System/edit.html?id=1&_pjax=.content-wrapper' , `admin_id` = 1 , `user_agent` = 'Mozilla/5.0 (Windows NT 10.0; Win64; x64) AppleWebKit/537.36 (KHTML, like Gecko) Chrome/112.0.0.0 Safari/537.36' , `ip` = '127.0.0.1' , `create_time` = 1681959587 , `update_time` = 1681959587 [ RunTime:0.001311s ]
[2023-04-20T10:59:47+08:00][sql] SELECT * FROM `tp_system` WHERE  `id` = 1 LIMIT 1 [ RunTime:0.000861s ]
[2023-04-20T10:59:47+08:00][sql] SELECT * FROM `tp_module` WHERE  `table_name` = 'system' LIMIT 1 [ RunTime:0.000637s ]
[2023-04-20T10:59:47+08:00][sql] SELECT * FROM `tp_module` WHERE  `table_name` = 'system' LIMIT 1 [ RunTime:0.000890s ]
[2023-04-20T10:59:47+08:00][sql] SELECT * FROM `tp_field` WHERE  `module_id` = 13 ORDER BY `sort` ASC,`id` ASC [ RunTime:0.002579s ]
[2023-04-20T10:59:47+08:00][sql] SHOW FULL COLUMNS FROM `tp_dictionary` [ RunTime:0.010642s ]
[2023-04-20T10:59:47+08:00][sql] SELECT `dict_value`,`dict_label` FROM `tp_dictionary` WHERE  `dict_type` = '8' ORDER BY `sort` ASC,`id` DESC [ RunTime:0.000622s ]
[2023-04-20T10:59:47+08:00][sql] SELECT `dict_value`,`dict_label` FROM `tp_dictionary` WHERE  `dict_type` = '8' ORDER BY `sort` ASC,`id` DESC [ RunTime:0.000510s ]
[2023-04-20T10:59:47+08:00][sql] SELECT `dict_value`,`dict_label` FROM `tp_dictionary` WHERE  `dict_type` = '8' ORDER BY `sort` ASC,`id` DESC [ RunTime:0.000539s ]
[2023-04-20T10:59:47+08:00][sql] SELECT `dict_value`,`dict_label` FROM `tp_dictionary` WHERE  `dict_type` = '8' ORDER BY `sort` ASC,`id` DESC [ RunTime:0.000471s ]
[2023-04-20T10:59:47+08:00][sql] SELECT `dict_value`,`dict_label` FROM `tp_dictionary` WHERE  `dict_type` = '8' ORDER BY `sort` ASC,`id` DESC [ RunTime:0.000552s ]
[2023-04-20T10:59:47+08:00][sql] SELECT `dict_value`,`dict_label` FROM `tp_dictionary` WHERE  `dict_type` = '11' ORDER BY `sort` ASC,`id` DESC [ RunTime:0.000469s ]
[2023-04-20T10:59:47+08:00][sql] SELECT `dict_value`,`dict_label` FROM `tp_dictionary` WHERE  `dict_type` = '12' ORDER BY `sort` ASC,`id` DESC [ RunTime:0.000451s ]
[2023-04-20T10:59:47+08:00][sql] SELECT `dict_value`,`dict_label` FROM `tp_dictionary` WHERE  `dict_type` = '13' ORDER BY `sort` ASC,`id` DESC [ RunTime:0.000450s ]
[2023-04-20T10:59:47+08:00][sql] SELECT * FROM `tp_module` WHERE  `model_name` = 'System' LIMIT 1 [ RunTime:0.000671s ]
[2023-04-20T10:59:47+08:00][sql] SHOW FULL COLUMNS FROM `tp_field_group` [ RunTime:0.009022s ]
[2023-04-20T10:59:47+08:00][sql] SELECT * FROM `tp_field_group` WHERE  `module_id` = 13 ORDER BY `sort` ASC,`id` DESC [ RunTime:0.001180s ]
[2023-04-20T10:59:47+08:00][sql] SELECT * FROM `tp_module` WHERE  `table_name` = 'system' LIMIT 1 [ RunTime:0.000750s ]
[2023-04-20T10:59:47+08:00][sql] SELECT * FROM `tp_field` WHERE  `module_id` = 13 ORDER BY `sort` ASC,`id` ASC [ RunTime:0.001797s ]
[2023-04-20T10:59:47+08:00][sql] SELECT * FROM `tp_module` WHERE  `table_name` = 'system' LIMIT 1 [ RunTime:0.000780s ]
[2023-04-20T10:59:47+08:00][info] $data[pid]
[2023-04-20T10:59:47+08:00][info] 92
[2023-04-20T10:59:47+08:00][info] $data[pid]
[2023-04-20T10:59:47+08:00][info] 157
[2023-04-20T10:59:47+08:00][info] $data[pid]
[2023-04-20T10:59:47+08:00][info] 92
[2023-04-20T10:59:47+08:00][info] $data[pid]
[2023-04-20T10:59:47+08:00][info] 157
[2023-04-20T10:59:51+08:00][sql] CONNECT:[ UseTime:0.017462s ] mysql:host=127.0.0.1;port=3306;dbname=ztx;charset=utf8mb4
[2023-04-20T10:59:51+08:00][sql] SHOW FULL COLUMNS FROM `tp_auth_rule` [ RunTime:0.009689s ]
[2023-04-20T10:59:51+08:00][sql] SELECT * FROM `tp_auth_rule` WHERE  `status` = 1 ORDER BY `sort` ASC [ RunTime:0.000842s ]
[2023-04-20T10:59:51+08:00][sql] SELECT * FROM `tp_auth_rule` WHERE  `name` = 'System/edit' LIMIT 1 [ RunTime:0.001072s ]
[2023-04-20T10:59:51+08:00][sql] SELECT * FROM `tp_auth_rule` WHERE  `id` = 92 LIMIT 1 [ RunTime:0.000590s ]
[2023-04-20T10:59:51+08:00][sql] SELECT * FROM `tp_auth_rule` WHERE  `name` = 'System/index' LIMIT 1 [ RunTime:0.000784s ]
[2023-04-20T10:59:51+08:00][sql] SELECT * FROM `tp_auth_rule` WHERE  `id` = 157 LIMIT 1 [ RunTime:0.000547s ]
[2023-04-20T10:59:51+08:00][sql] SELECT * FROM `tp_auth_rule` WHERE  `name` = 'System' LIMIT 1 [ RunTime:0.000906s ]
[2023-04-20T10:59:51+08:00][sql] SHOW FULL COLUMNS FROM `tp_module` [ RunTime:0.009277s ]
[2023-04-20T10:59:51+08:00][sql] SELECT * FROM `tp_module` WHERE  `model_name` = 'System' LIMIT 1 [ RunTime:0.000620s ]
[2023-04-20T10:59:51+08:00][sql] SHOW FULL COLUMNS FROM `tp_cate` [ RunTime:0.007280s ]
[2023-04-20T10:59:51+08:00][sql] SELECT * FROM `tp_cate` ORDER BY `sort`,`id` DESC [ RunTime:0.000792s ]
[2023-04-20T10:59:51+08:00][sql] SELECT * FROM `tp_module` WHERE  `id` IN (18,19,21,22,23,24,25) [ RunTime:0.000828s ]
[2023-04-20T10:59:51+08:00][sql] SELECT * FROM `tp_module` WHERE  `model_name` = 'Cate' LIMIT 1 [ RunTime:0.000672s ]
[2023-04-20T10:59:51+08:00][sql] SELECT * FROM `tp_module` WHERE  `table_name` = 'cate' LIMIT 1 [ RunTime:0.000683s ]
[2023-04-20T10:59:51+08:00][sql] SHOW FULL COLUMNS FROM `tp_field` [ RunTime:0.009288s ]
[2023-04-20T10:59:51+08:00][sql] SELECT * FROM `tp_field` WHERE  `module_id` = 20 ORDER BY `sort` ASC,`id` ASC [ RunTime:0.000856s ]
[2023-04-20T10:59:51+08:00][sql] SHOW FULL COLUMNS FROM `tp_system` [ RunTime:0.007687s ]
[2023-04-20T10:59:51+08:00][sql] SELECT * FROM `tp_system` WHERE  `id` = 1 LIMIT 1 [ RunTime:0.000768s ]
[2023-04-20T10:59:51+08:00][sql] SELECT * FROM `tp_auth_rule` WHERE  `auth_open` = 0 [ RunTime:0.000899s ]
[2023-04-20T10:59:51+08:00][sql] SELECT * FROM `tp_auth_rule` [ RunTime:0.001056s ]
[2023-04-20T10:59:51+08:00][sql] SELECT * FROM `tp_auth_rule` WHERE  `name` = 'System/edit' LIMIT 1 [ RunTime:0.000964s ]
[2023-04-20T10:59:51+08:00][sql] SELECT * FROM `tp_auth_rule` WHERE  `id` = 92 LIMIT 1 [ RunTime:0.000724s ]
[2023-04-20T10:59:51+08:00][sql] SELECT * FROM `tp_auth_rule` WHERE  `name` = 'System/index' LIMIT 1 [ RunTime:0.000769s ]
[2023-04-20T10:59:51+08:00][sql] SELECT * FROM `tp_auth_rule` WHERE  `id` = 157 LIMIT 1 [ RunTime:0.000709s ]
[2023-04-20T10:59:51+08:00][sql] SELECT * FROM `tp_auth_rule` WHERE  `name` = 'System' LIMIT 1 [ RunTime:0.001015s ]
[2023-04-20T10:59:51+08:00][sql] SHOW FULL COLUMNS FROM `tp_admin_log` [ RunTime:0.012896s ]
[2023-04-20T10:59:51+08:00][sql] SELECT * FROM `tp_admin_log` WHERE  `admin_id` = 1 ORDER BY `id` DESC LIMIT 1 [ RunTime:0.000633s ]
[2023-04-20T10:59:51+08:00][sql] INSERT INTO `tp_admin_log` SET `title` = '[系统管理] -> [系统设置] -> [操作-修改]' , `content` = '{"id":"1"}' , `url` = '/admin/System/edit.html?id=1' , `admin_id` = 1 , `user_agent` = 'Mozilla/5.0 (Windows NT 10.0; Win64; x64) AppleWebKit/537.36 (KHTML, like Gecko) Chrome/112.0.0.0 Safari/537.36' , `ip` = '127.0.0.1' , `create_time` = 1681959591 , `update_time` = 1681959591 [ RunTime:0.001249s ]
[2023-04-20T10:59:51+08:00][sql] SELECT * FROM `tp_system` WHERE  `id` = 1 LIMIT 1 [ RunTime:0.000700s ]
[2023-04-20T10:59:51+08:00][sql] SELECT * FROM `tp_module` WHERE  `table_name` = 'system' LIMIT 1 [ RunTime:0.000524s ]
[2023-04-20T10:59:51+08:00][sql] SELECT * FROM `tp_module` WHERE  `table_name` = 'system' LIMIT 1 [ RunTime:0.000490s ]
[2023-04-20T10:59:51+08:00][sql] SELECT * FROM `tp_field` WHERE  `module_id` = 13 ORDER BY `sort` ASC,`id` ASC [ RunTime:0.000819s ]
[2023-04-20T10:59:51+08:00][sql] SHOW FULL COLUMNS FROM `tp_dictionary` [ RunTime:0.009138s ]
[2023-04-20T10:59:51+08:00][sql] SELECT `dict_value`,`dict_label` FROM `tp_dictionary` WHERE  `dict_type` = '8' ORDER BY `sort` ASC,`id` DESC [ RunTime:0.000634s ]
[2023-04-20T10:59:51+08:00][sql] SELECT `dict_value`,`dict_label` FROM `tp_dictionary` WHERE  `dict_type` = '8' ORDER BY `sort` ASC,`id` DESC [ RunTime:0.000598s ]
[2023-04-20T10:59:51+08:00][sql] SELECT `dict_value`,`dict_label` FROM `tp_dictionary` WHERE  `dict_type` = '8' ORDER BY `sort` ASC,`id` DESC [ RunTime:0.000561s ]
[2023-04-20T10:59:51+08:00][sql] SELECT `dict_value`,`dict_label` FROM `tp_dictionary` WHERE  `dict_type` = '8' ORDER BY `sort` ASC,`id` DESC [ RunTime:0.000728s ]
[2023-04-20T10:59:51+08:00][sql] SELECT `dict_value`,`dict_label` FROM `tp_dictionary` WHERE  `dict_type` = '8' ORDER BY `sort` ASC,`id` DESC [ RunTime:0.000585s ]
[2023-04-20T10:59:51+08:00][sql] SELECT `dict_value`,`dict_label` FROM `tp_dictionary` WHERE  `dict_type` = '11' ORDER BY `sort` ASC,`id` DESC [ RunTime:0.000512s ]
[2023-04-20T10:59:51+08:00][sql] SELECT `dict_value`,`dict_label` FROM `tp_dictionary` WHERE  `dict_type` = '12' ORDER BY `sort` ASC,`id` DESC [ RunTime:0.000537s ]
[2023-04-20T10:59:51+08:00][sql] SELECT `dict_value`,`dict_label` FROM `tp_dictionary` WHERE  `dict_type` = '13' ORDER BY `sort` ASC,`id` DESC [ RunTime:0.000577s ]
[2023-04-20T10:59:51+08:00][sql] SELECT * FROM `tp_module` WHERE  `model_name` = 'System' LIMIT 1 [ RunTime:0.000622s ]
[2023-04-20T10:59:51+08:00][sql] SHOW FULL COLUMNS FROM `tp_field_group` [ RunTime:0.009536s ]
[2023-04-20T10:59:51+08:00][sql] SELECT * FROM `tp_field_group` WHERE  `module_id` = 13 ORDER BY `sort` ASC,`id` DESC [ RunTime:0.000638s ]
[2023-04-20T10:59:51+08:00][sql] SELECT * FROM `tp_module` WHERE  `table_name` = 'system' LIMIT 1 [ RunTime:0.000523s ]
[2023-04-20T10:59:51+08:00][sql] SELECT * FROM `tp_field` WHERE  `module_id` = 13 ORDER BY `sort` ASC,`id` ASC [ RunTime:0.000858s ]
[2023-04-20T10:59:51+08:00][sql] SELECT * FROM `tp_module` WHERE  `table_name` = 'system' LIMIT 1 [ RunTime:0.000972s ]
[2023-04-20T10:59:51+08:00][info] $data[pid]
[2023-04-20T10:59:51+08:00][info] 92
[2023-04-20T10:59:51+08:00][info] $data[pid]
[2023-04-20T10:59:51+08:00][info] 157
[2023-04-20T10:59:51+08:00][info] $data[pid]
[2023-04-20T10:59:51+08:00][info] 92
[2023-04-20T10:59:51+08:00][info] $data[pid]
[2023-04-20T10:59:51+08:00][info] 157
[2023-04-20T10:59:54+08:00][sql] CONNECT:[ UseTime:0.000922s ] mysql:host=127.0.0.1;port=3306;dbname=ztx;charset=utf8mb4
[2023-04-20T10:59:54+08:00][sql] SHOW FULL COLUMNS FROM `tp_auth_rule` [ RunTime:0.011167s ]
[2023-04-20T10:59:54+08:00][sql] SELECT * FROM `tp_auth_rule` WHERE  `status` = 1 ORDER BY `sort` ASC [ RunTime:0.000873s ]
[2023-04-20T10:59:54+08:00][sql] SELECT * FROM `tp_auth_rule` WHERE  `name` = 'System/edit' LIMIT 1 [ RunTime:0.000853s ]
[2023-04-20T10:59:54+08:00][sql] SELECT * FROM `tp_auth_rule` WHERE  `id` = 92 LIMIT 1 [ RunTime:0.000547s ]
[2023-04-20T10:59:54+08:00][sql] SELECT * FROM `tp_auth_rule` WHERE  `name` = 'System/index' LIMIT 1 [ RunTime:0.000711s ]
[2023-04-20T10:59:54+08:00][sql] SELECT * FROM `tp_auth_rule` WHERE  `id` = 157 LIMIT 1 [ RunTime:0.000444s ]
[2023-04-20T10:59:54+08:00][sql] SELECT * FROM `tp_auth_rule` WHERE  `name` = 'System' LIMIT 1 [ RunTime:0.000735s ]
[2023-04-20T10:59:54+08:00][sql] SHOW FULL COLUMNS FROM `tp_module` [ RunTime:0.009128s ]
[2023-04-20T10:59:54+08:00][sql] SELECT * FROM `tp_module` WHERE  `model_name` = 'System' LIMIT 1 [ RunTime:0.000639s ]
[2023-04-20T10:59:54+08:00][sql] SHOW FULL COLUMNS FROM `tp_cate` [ RunTime:0.009164s ]
[2023-04-20T10:59:54+08:00][sql] SELECT * FROM `tp_cate` ORDER BY `sort`,`id` DESC [ RunTime:0.001034s ]
[2023-04-20T10:59:54+08:00][sql] SELECT * FROM `tp_module` WHERE  `id` IN (18,19,21,22,23,24,25) [ RunTime:0.000916s ]
[2023-04-20T10:59:54+08:00][sql] SELECT * FROM `tp_module` WHERE  `model_name` = 'Cate' LIMIT 1 [ RunTime:0.000973s ]
[2023-04-20T10:59:54+08:00][sql] SELECT * FROM `tp_module` WHERE  `table_name` = 'cate' LIMIT 1 [ RunTime:0.000637s ]
[2023-04-20T10:59:54+08:00][sql] SHOW FULL COLUMNS FROM `tp_field` [ RunTime:0.012592s ]
[2023-04-20T10:59:54+08:00][sql] SELECT * FROM `tp_field` WHERE  `module_id` = 20 ORDER BY `sort` ASC,`id` ASC [ RunTime:0.001360s ]
[2023-04-20T10:59:54+08:00][sql] SHOW FULL COLUMNS FROM `tp_system` [ RunTime:0.007805s ]
[2023-04-20T10:59:54+08:00][sql] SELECT * FROM `tp_system` WHERE  `id` = 1 LIMIT 1 [ RunTime:0.000867s ]
[2023-04-20T10:59:54+08:00][sql] SELECT * FROM `tp_auth_rule` WHERE  `auth_open` = 0 [ RunTime:0.000968s ]
[2023-04-20T10:59:54+08:00][sql] SELECT * FROM `tp_auth_rule` [ RunTime:0.001852s ]
[2023-04-20T10:59:54+08:00][sql] SELECT * FROM `tp_auth_rule` WHERE  `name` = 'System/edit' LIMIT 1 [ RunTime:0.000975s ]
[2023-04-20T10:59:54+08:00][sql] SELECT * FROM `tp_auth_rule` WHERE  `id` = 92 LIMIT 1 [ RunTime:0.000522s ]
[2023-04-20T10:59:54+08:00][sql] SELECT * FROM `tp_auth_rule` WHERE  `name` = 'System/index' LIMIT 1 [ RunTime:0.000601s ]
[2023-04-20T10:59:54+08:00][sql] SELECT * FROM `tp_auth_rule` WHERE  `id` = 157 LIMIT 1 [ RunTime:0.000445s ]
[2023-04-20T10:59:54+08:00][sql] SELECT * FROM `tp_auth_rule` WHERE  `name` = 'System' LIMIT 1 [ RunTime:0.000647s ]
[2023-04-20T10:59:54+08:00][sql] SHOW FULL COLUMNS FROM `tp_admin_log` [ RunTime:0.009655s ]
[2023-04-20T10:59:54+08:00][sql] SELECT * FROM `tp_admin_log` WHERE  `admin_id` = 1 ORDER BY `id` DESC LIMIT 1 [ RunTime:0.000664s ]
[2023-04-20T10:59:54+08:00][sql] SELECT * FROM `tp_system` WHERE  `id` = 1 LIMIT 1 [ RunTime:0.000686s ]
[2023-04-20T10:59:54+08:00][sql] SELECT * FROM `tp_module` WHERE  `table_name` = 'system' LIMIT 1 [ RunTime:0.000607s ]
[2023-04-20T10:59:54+08:00][sql] SELECT * FROM `tp_module` WHERE  `table_name` = 'system' LIMIT 1 [ RunTime:0.000524s ]
[2023-04-20T10:59:54+08:00][sql] SELECT * FROM `tp_field` WHERE  `module_id` = 13 ORDER BY `sort` ASC,`id` ASC [ RunTime:0.000827s ]
[2023-04-20T10:59:54+08:00][sql] SHOW FULL COLUMNS FROM `tp_dictionary` [ RunTime:0.009729s ]
[2023-04-20T10:59:54+08:00][sql] SELECT `dict_value`,`dict_label` FROM `tp_dictionary` WHERE  `dict_type` = '8' ORDER BY `sort` ASC,`id` DESC [ RunTime:0.000610s ]
[2023-04-20T10:59:54+08:00][sql] SELECT `dict_value`,`dict_label` FROM `tp_dictionary` WHERE  `dict_type` = '8' ORDER BY `sort` ASC,`id` DESC [ RunTime:0.000447s ]
[2023-04-20T10:59:54+08:00][sql] SELECT `dict_value`,`dict_label` FROM `tp_dictionary` WHERE  `dict_type` = '8' ORDER BY `sort` ASC,`id` DESC [ RunTime:0.000420s ]
[2023-04-20T10:59:54+08:00][sql] SELECT `dict_value`,`dict_label` FROM `tp_dictionary` WHERE  `dict_type` = '8' ORDER BY `sort` ASC,`id` DESC [ RunTime:0.000403s ]
[2023-04-20T10:59:54+08:00][sql] SELECT `dict_value`,`dict_label` FROM `tp_dictionary` WHERE  `dict_type` = '8' ORDER BY `sort` ASC,`id` DESC [ RunTime:0.000421s ]
[2023-04-20T10:59:54+08:00][sql] SELECT `dict_value`,`dict_label` FROM `tp_dictionary` WHERE  `dict_type` = '11' ORDER BY `sort` ASC,`id` DESC [ RunTime:0.000401s ]
[2023-04-20T10:59:54+08:00][sql] SELECT `dict_value`,`dict_label` FROM `tp_dictionary` WHERE  `dict_type` = '12' ORDER BY `sort` ASC,`id` DESC [ RunTime:0.000397s ]
[2023-04-20T10:59:54+08:00][sql] SELECT `dict_value`,`dict_label` FROM `tp_dictionary` WHERE  `dict_type` = '13' ORDER BY `sort` ASC,`id` DESC [ RunTime:0.000418s ]
[2023-04-20T10:59:54+08:00][sql] SELECT * FROM `tp_module` WHERE  `model_name` = 'System' LIMIT 1 [ RunTime:0.000799s ]
[2023-04-20T10:59:54+08:00][sql] SHOW FULL COLUMNS FROM `tp_field_group` [ RunTime:0.011809s ]
[2023-04-20T10:59:54+08:00][sql] SELECT * FROM `tp_field_group` WHERE  `module_id` = 13 ORDER BY `sort` ASC,`id` DESC [ RunTime:0.000753s ]
[2023-04-20T10:59:54+08:00][sql] SELECT * FROM `tp_module` WHERE  `table_name` = 'system' LIMIT 1 [ RunTime:0.000732s ]
[2023-04-20T10:59:54+08:00][sql] SELECT * FROM `tp_field` WHERE  `module_id` = 13 ORDER BY `sort` ASC,`id` ASC [ RunTime:0.001730s ]
[2023-04-20T10:59:54+08:00][sql] SELECT * FROM `tp_module` WHERE  `table_name` = 'system' LIMIT 1 [ RunTime:0.000769s ]
[2023-04-20T10:59:54+08:00][info] $data[pid]
[2023-04-20T10:59:54+08:00][info] 92
[2023-04-20T10:59:54+08:00][info] $data[pid]
[2023-04-20T10:59:54+08:00][info] 157
[2023-04-20T10:59:54+08:00][info] $data[pid]
[2023-04-20T10:59:54+08:00][info] 92
[2023-04-20T10:59:54+08:00][info] $data[pid]
[2023-04-20T10:59:54+08:00][info] 157
[2023-04-20T11:00:06+08:00][sql] CONNECT:[ UseTime:0.000999s ] mysql:host=127.0.0.1;port=3306;dbname=ztx;charset=utf8mb4
[2023-04-20T11:00:06+08:00][sql] SHOW FULL COLUMNS FROM `tp_auth_rule` [ RunTime:0.010805s ]
[2023-04-20T11:00:06+08:00][sql] SELECT * FROM `tp_auth_rule` WHERE  `status` = 1 ORDER BY `sort` ASC [ RunTime:0.001228s ]
[2023-04-20T11:00:06+08:00][sql] SELECT * FROM `tp_auth_rule` WHERE  `name` = 'System/editPost' LIMIT 1 [ RunTime:0.000899s ]
[2023-04-20T11:00:06+08:00][sql] SELECT * FROM `tp_auth_rule` WHERE  `id` = 92 LIMIT 1 [ RunTime:0.000545s ]
[2023-04-20T11:00:06+08:00][sql] SELECT * FROM `tp_auth_rule` WHERE  `name` = 'System/index' LIMIT 1 [ RunTime:0.000690s ]
[2023-04-20T11:00:06+08:00][sql] SELECT * FROM `tp_auth_rule` WHERE  `id` = 157 LIMIT 1 [ RunTime:0.000489s ]
[2023-04-20T11:00:06+08:00][sql] SELECT * FROM `tp_auth_rule` WHERE  `name` = 'System' LIMIT 1 [ RunTime:0.000671s ]
[2023-04-20T11:00:06+08:00][sql] SHOW FULL COLUMNS FROM `tp_module` [ RunTime:0.008604s ]
[2023-04-20T11:00:06+08:00][sql] SELECT * FROM `tp_module` WHERE  `model_name` = 'System' LIMIT 1 [ RunTime:0.000987s ]
[2023-04-20T11:00:06+08:00][sql] SHOW FULL COLUMNS FROM `tp_cate` [ RunTime:0.009610s ]
[2023-04-20T11:00:06+08:00][sql] SELECT * FROM `tp_cate` ORDER BY `sort`,`id` DESC [ RunTime:0.000668s ]
[2023-04-20T11:00:06+08:00][sql] SELECT * FROM `tp_module` WHERE  `id` IN (18,19,21,22,23,24,25) [ RunTime:0.000764s ]
[2023-04-20T11:00:06+08:00][sql] SELECT * FROM `tp_module` WHERE  `model_name` = 'Cate' LIMIT 1 [ RunTime:0.000749s ]
[2023-04-20T11:00:06+08:00][sql] SELECT * FROM `tp_module` WHERE  `table_name` = 'cate' LIMIT 1 [ RunTime:0.000485s ]
[2023-04-20T11:00:06+08:00][sql] SHOW FULL COLUMNS FROM `tp_field` [ RunTime:0.009901s ]
[2023-04-20T11:00:06+08:00][sql] SELECT * FROM `tp_field` WHERE  `module_id` = 20 ORDER BY `sort` ASC,`id` ASC [ RunTime:0.001196s ]
[2023-04-20T11:00:06+08:00][sql] SHOW FULL COLUMNS FROM `tp_system` [ RunTime:0.008265s ]
[2023-04-20T11:00:06+08:00][sql] SELECT * FROM `tp_system` WHERE  `id` = 1 LIMIT 1 [ RunTime:0.001209s ]
[2023-04-20T11:00:06+08:00][sql] SELECT * FROM `tp_auth_rule` WHERE  `auth_open` = 0 [ RunTime:0.001237s ]
[2023-04-20T11:00:06+08:00][sql] SELECT * FROM `tp_auth_rule` [ RunTime:0.001673s ]
[2023-04-20T11:00:06+08:00][sql] SELECT * FROM `tp_auth_rule` WHERE  `name` = 'System/editPost' LIMIT 1 [ RunTime:0.001061s ]
[2023-04-20T11:00:06+08:00][sql] SELECT * FROM `tp_auth_rule` WHERE  `id` = 92 LIMIT 1 [ RunTime:0.000684s ]
[2023-04-20T11:00:06+08:00][sql] SELECT * FROM `tp_auth_rule` WHERE  `name` = 'System/index' LIMIT 1 [ RunTime:0.000597s ]
[2023-04-20T11:00:06+08:00][sql] SELECT * FROM `tp_auth_rule` WHERE  `id` = 157 LIMIT 1 [ RunTime:0.000441s ]
[2023-04-20T11:00:06+08:00][sql] SELECT * FROM `tp_auth_rule` WHERE  `name` = 'System' LIMIT 1 [ RunTime:0.000616s ]
[2023-04-20T11:00:06+08:00][sql] SHOW FULL COLUMNS FROM `tp_admin_log` [ RunTime:0.007656s ]
[2023-04-20T11:00:06+08:00][sql] SELECT * FROM `tp_admin_log` WHERE  `admin_id` = 1 ORDER BY `id` DESC LIMIT 1 [ RunTime:0.000801s ]
[2023-04-20T11:00:06+08:00][sql] INSERT INTO `tp_admin_log` SET `title` = '[系统管理] -> [系统设置] -> [操作-修改保存]' , `content` = '{"id":"1","name":"WORKHUB","logo":"\/uploads\/admin\/System\/a3a4245ec095da4903c6c81123fd480d_dfaa461544db3102ba68af07d3f84975.png","file":"","icp":"","copyright":"Copyright \u00a9 2022.workhub.com All right reserved.","url":"www.xxx.com","address":"\u8fbd\u5b81\u7701\u6c88\u9633\u5e02\u94c1\u897f\u533a\u91cd\u5de5\u8857XX\u8defXX\u53f71-1-1","contacts":"X\u5148\u751f","tel":"010-8888 7777","mobile_phone":"158 4018 8888","fax":"010-8888 9999","email":"407593529@qq.com","qq":"407593529","qrcode":"\/uploads\/20181226\/cb7a4c21d6443bc5e7a8d16ac2cbe242.png","rights":"workhub","backstage_logo":"","backstage_name":"WORKHUB","label_logo":"","rights_link":"","gwab":"","title":"WORKHUB","key":"WORKHUB, \u901a\u7528\u5de5\u4f5c\u7ad9, \u534f\u4f5c\u5de5\u5177, \u7ba1\u7406\u5de5\u5177, \u5171\u4eab\u5de5\u4f5c\u7a7a\u95f4, \u591a\u8bbe\u5907\u652f\u6301, \u591a\u5e73\u53f0\u652f\u6301","mobile":"0","code":"0","message_code":"0","message_send_mail":"0","template_opening":"1","template":"default","html":"html","upload_driver":"1","upload_file_size":"0","upload_file_ext":"rar,zip,avi,rmvb,3gp,flv,mp3,mp4,txt,doc,xls,ppt,pdf,xls,docx,xlsx,doc","upload_image_size":"0","upload_image_ext":"jpg,png,gif,jpeg,ico","editor":"0","display_mode":"0","other":""}' , `url` = '/admin/System/editPost.html' , `admin_id` = 1 , `user_agent` = 'Mozilla/5.0 (Windows NT 10.0; Win64; x64) AppleWebKit/537.36 (KHTML, like Gecko) Chrome/112.0.0.0 Safari/537.36' , `ip` = '127.0.0.1' , `create_time` = 1681959606 , `update_time` = 1681959606 [ RunTime:0.000903s ]
[2023-04-20T11:00:06+08:00][sql] SELECT * FROM `tp_module` WHERE  `table_name` = 'system' LIMIT 1 [ RunTime:0.000768s ]
[2023-04-20T11:00:06+08:00][sql] SELECT * FROM `tp_field` WHERE  `module_id` = 13 ORDER BY `sort` ASC,`id` ASC [ RunTime:0.001247s ]
[2023-04-20T11:00:06+08:00][sql] UPDATE `tp_system`  SET `name` = 'WORKHUB' , `logo` = '/uploads/admin/System/a3a4245ec095da4903c6c81123fd480d_dfaa461544db3102ba68af07d3f84975.png' , `icp` = '' , `copyright` = 'Copyright © 2022.workhub.com All right reserved.' , `url` = 'www.xxx.com' , `address` = '辽宁省沈阳市铁西区重工街XX路XX号1-1-1' , `contacts` = 'X先生' , `tel` = '010-8888 7777' , `mobile_phone` = '158 4018 8888' , `fax` = '010-8888 9999' , `email` = '407593529@qq.com' , `qq` = '407593529' , `qrcode` = '/uploads/20181226/cb7a4c21d6443bc5e7a8d16ac2cbe242.png' , `rights` = 'workhub' , `backstage_logo` = '' , `backstage_name` = 'WORKHUB' , `label_logo` = '' , `rights_link` = '' , `gwab` = '' , `title` = 'WORKHUB' , `key` = 'WORKHUB, 通用工作站, 协作工具, 管理工具, 共享工作空间, 多设备支持, 多平台支持' , `des` = 'WORKHUB是一个全面的通用工作站，可以满足不同类型工作场所的需求。我们提供现代化的协作和管理工具，以及灵活的共享工作空间，可以帮助您的团队更高效地工作。WORKHUB支持多种设备和平台，可以帮助您的团队随时随地协作和管理工作。' , `mobile` = 0 , `code` = 0 , `message_code` = 0 , `message_send_mail` = 0 , `template_opening` = 1 , `template` = 'default' , `html` = 'html' , `upload_driver` = 1 , `upload_file_size` = '0' , `upload_file_ext` = 'rar,zip,avi,rmvb,3gp,flv,mp3,mp4,txt,doc,xls,ppt,pdf,xls,docx,xlsx,doc' , `upload_image_size` = '0' , `upload_image_ext` = 'jpg,png,gif,jpeg,ico' , `editor` = 0 , `display_mode` = 0 , `other` = '' , `update_time` = 1681959606  WHERE  `id` = 1 [ RunTime:0.001165s ]
[2023-04-20T11:00:06+08:00][info] $data[pid]
[2023-04-20T11:00:06+08:00][info] 92
[2023-04-20T11:00:06+08:00][info] $data[pid]
[2023-04-20T11:00:06+08:00][info] 157
[2023-04-20T11:00:06+08:00][info] $data[pid]
[2023-04-20T11:00:06+08:00][info] 92
[2023-04-20T11:00:06+08:00][info] $data[pid]
[2023-04-20T11:00:06+08:00][info] 157
[2023-04-20T11:00:08+08:00][sql] CONNECT:[ UseTime:0.019902s ] mysql:host=127.0.0.1;port=3306;dbname=ztx;charset=utf8mb4
[2023-04-20T11:00:08+08:00][sql] SHOW FULL COLUMNS FROM `tp_auth_rule` [ RunTime:0.009607s ]
[2023-04-20T11:00:08+08:00][sql] SELECT * FROM `tp_auth_rule` WHERE  `status` = 1 ORDER BY `sort` ASC [ RunTime:0.001076s ]
[2023-04-20T11:00:08+08:00][sql] SELECT * FROM `tp_auth_rule` WHERE  `name` = 'System/index' LIMIT 1 [ RunTime:0.001065s ]
[2023-04-20T11:00:08+08:00][sql] SELECT * FROM `tp_auth_rule` WHERE  `id` = 157 LIMIT 1 [ RunTime:0.000591s ]
[2023-04-20T11:00:08+08:00][sql] SELECT * FROM `tp_auth_rule` WHERE  `name` = 'System' LIMIT 1 [ RunTime:0.001936s ]
[2023-04-20T11:00:08+08:00][sql] SHOW FULL COLUMNS FROM `tp_module` [ RunTime:0.008080s ]
[2023-04-20T11:00:08+08:00][sql] SELECT * FROM `tp_module` WHERE  `model_name` = 'System' LIMIT 1 [ RunTime:0.000771s ]
[2023-04-20T11:00:08+08:00][sql] SHOW FULL COLUMNS FROM `tp_cate` [ RunTime:0.008597s ]
[2023-04-20T11:00:08+08:00][sql] SELECT * FROM `tp_cate` ORDER BY `sort`,`id` DESC [ RunTime:0.000967s ]
[2023-04-20T11:00:08+08:00][sql] SELECT * FROM `tp_module` WHERE  `id` IN (18,19,21,22,23,24,25) [ RunTime:0.000794s ]
[2023-04-20T11:00:08+08:00][sql] SELECT * FROM `tp_module` WHERE  `model_name` = 'Cate' LIMIT 1 [ RunTime:0.000940s ]
[2023-04-20T11:00:08+08:00][sql] SELECT * FROM `tp_module` WHERE  `table_name` = 'cate' LIMIT 1 [ RunTime:0.001129s ]
[2023-04-20T11:00:08+08:00][sql] SHOW FULL COLUMNS FROM `tp_field` [ RunTime:0.008837s ]
[2023-04-20T11:00:08+08:00][sql] SELECT * FROM `tp_field` WHERE  `module_id` = 20 ORDER BY `sort` ASC,`id` ASC [ RunTime:0.001154s ]
[2023-04-20T11:00:08+08:00][sql] SHOW FULL COLUMNS FROM `tp_system` [ RunTime:0.009770s ]
[2023-04-20T11:00:08+08:00][sql] SELECT * FROM `tp_system` WHERE  `id` = 1 LIMIT 1 [ RunTime:0.000981s ]
[2023-04-20T11:00:08+08:00][sql] SELECT * FROM `tp_auth_rule` WHERE  `auth_open` = 0 [ RunTime:0.000893s ]
[2023-04-20T11:00:08+08:00][sql] SELECT * FROM `tp_auth_rule` [ RunTime:0.001259s ]
[2023-04-20T11:00:08+08:00][sql] SELECT * FROM `tp_auth_rule` WHERE  `name` = 'System/index' LIMIT 1 [ RunTime:0.002137s ]
[2023-04-20T11:00:08+08:00][sql] SELECT * FROM `tp_auth_rule` WHERE  `id` = 157 LIMIT 1 [ RunTime:0.001180s ]
[2023-04-20T11:00:08+08:00][sql] SELECT * FROM `tp_auth_rule` WHERE  `name` = 'System' LIMIT 1 [ RunTime:0.000736s ]
[2023-04-20T11:00:08+08:00][sql] SHOW FULL COLUMNS FROM `tp_admin_log` [ RunTime:0.009500s ]
[2023-04-20T11:00:08+08:00][sql] SELECT * FROM `tp_admin_log` WHERE  `admin_id` = 1 ORDER BY `id` DESC LIMIT 1 [ RunTime:0.000547s ]
[2023-04-20T11:00:08+08:00][sql] INSERT INTO `tp_admin_log` SET `title` = '[系统管理] -> [系统设置]' , `content` = '[]' , `url` = '/admin/System/index.html?_pjax=.content-wrapper' , `admin_id` = 1 , `user_agent` = 'Mozilla/5.0 (Windows NT 10.0; Win64; x64) AppleWebKit/537.36 (KHTML, like Gecko) Chrome/112.0.0.0 Safari/537.36' , `ip` = '127.0.0.1' , `create_time` = 1681959608 , `update_time` = 1681959608 [ RunTime:0.000665s ]
[2023-04-20T11:00:08+08:00][sql] SELECT `pk` FROM `tp_module` WHERE  `table_name` = 'system' LIMIT 1 [ RunTime:0.000535s ]
[2023-04-20T11:00:08+08:00][sql] SELECT * FROM `tp_module` WHERE  `table_name` = 'system' LIMIT 1 [ RunTime:0.000484s ]
[2023-04-20T11:00:08+08:00][sql] SELECT * FROM `tp_field` WHERE  `module_id` = 13 ORDER BY `sort` ASC,`id` ASC [ RunTime:0.000983s ]
[2023-04-20T11:00:08+08:00][sql] SHOW FULL COLUMNS FROM `tp_dictionary` [ RunTime:0.009724s ]
[2023-04-20T11:00:08+08:00][sql] SELECT `dict_value`,`dict_label` FROM `tp_dictionary` WHERE  `dict_type` = '8' ORDER BY `sort` ASC,`id` DESC [ RunTime:0.000787s ]
[2023-04-20T11:00:08+08:00][sql] SELECT `dict_value`,`dict_label` FROM `tp_dictionary` WHERE  `dict_type` = '8' ORDER BY `sort` ASC,`id` DESC [ RunTime:0.000892s ]
[2023-04-20T11:00:08+08:00][sql] SELECT `dict_value`,`dict_label` FROM `tp_dictionary` WHERE  `dict_type` = '8' ORDER BY `sort` ASC,`id` DESC [ RunTime:0.000656s ]
[2023-04-20T11:00:08+08:00][sql] SELECT `dict_value`,`dict_label` FROM `tp_dictionary` WHERE  `dict_type` = '8' ORDER BY `sort` ASC,`id` DESC [ RunTime:0.000654s ]
[2023-04-20T11:00:08+08:00][sql] SELECT `dict_value`,`dict_label` FROM `tp_dictionary` WHERE  `dict_type` = '8' ORDER BY `sort` ASC,`id` DESC [ RunTime:0.000479s ]
[2023-04-20T11:00:08+08:00][sql] SELECT `dict_value`,`dict_label` FROM `tp_dictionary` WHERE  `dict_type` = '13' ORDER BY `sort` ASC,`id` DESC [ RunTime:0.000459s ]
[2023-04-20T11:00:08+08:00][sql] SELECT * FROM `tp_module` WHERE  `table_name` = 'system' LIMIT 1 [ RunTime:0.000632s ]
[2023-04-20T11:00:08+08:00][sql] SELECT * FROM `tp_field` WHERE  `module_id` = 13 ORDER BY `sort` ASC,`id` ASC [ RunTime:0.001563s ]
[2023-04-20T11:00:08+08:00][sql] SELECT `dict_value`,`dict_label` FROM `tp_dictionary` WHERE  `dict_type` = '13' ORDER BY `sort` ASC,`id` DESC [ RunTime:0.000680s ]
[2023-04-20T11:00:08+08:00][sql] SELECT * FROM `tp_module` WHERE  `table_name` = 'system' LIMIT 1 [ RunTime:0.000620s ]
[2023-04-20T11:00:08+08:00][sql] SELECT * FROM `tp_module` WHERE  `model_name` = 'System' LIMIT 1 [ RunTime:0.000571s ]
[2023-04-20T11:00:08+08:00][sql] SELECT * FROM `tp_module` WHERE  `table_name` = 'system' LIMIT 1 [ RunTime:0.000534s ]
[2023-04-20T11:00:08+08:00][sql] SELECT * FROM `tp_field` WHERE  `module_id` = 13 ORDER BY `sort` ASC,`id` ASC [ RunTime:0.000983s ]
[2023-04-20T11:00:08+08:00][sql] SELECT `dict_value`,`dict_label` FROM `tp_dictionary` WHERE  `dict_type` = '13' ORDER BY `sort` ASC,`id` DESC [ RunTime:0.000827s ]
[2023-04-20T11:00:08+08:00][sql] SELECT `pk` FROM `tp_module` WHERE  `table_name` = 'system' LIMIT 1 [ RunTime:0.000611s ]
[2023-04-20T11:00:08+08:00][sql] SELECT * FROM `tp_system` [ RunTime:0.000679s ]
[2023-04-20T11:00:08+08:00][info] $data[pid]
[2023-04-20T11:00:08+08:00][info] 157
[2023-04-20T11:00:08+08:00][info] $data[pid]
[2023-04-20T11:00:08+08:00][info] 157
[2023-04-20T11:00:08+08:00][sql] CONNECT:[ UseTime:0.023606s ] mysql:host=127.0.0.1;port=3306;dbname=ztx;charset=utf8mb4
[2023-04-20T11:00:08+08:00][sql] SHOW FULL COLUMNS FROM `tp_auth_rule` [ RunTime:0.007073s ]
[2023-04-20T11:00:08+08:00][sql] SELECT * FROM `tp_auth_rule` WHERE  `status` = 1 ORDER BY `sort` ASC [ RunTime:0.000905s ]
[2023-04-20T11:00:08+08:00][sql] SELECT * FROM `tp_auth_rule` WHERE  `name` = 'System/edit' LIMIT 1 [ RunTime:0.001038s ]
[2023-04-20T11:00:08+08:00][sql] SELECT * FROM `tp_auth_rule` WHERE  `id` = 92 LIMIT 1 [ RunTime:0.000657s ]
[2023-04-20T11:00:08+08:00][sql] SELECT * FROM `tp_auth_rule` WHERE  `name` = 'System/index' LIMIT 1 [ RunTime:0.000679s ]
[2023-04-20T11:00:08+08:00][sql] SELECT * FROM `tp_auth_rule` WHERE  `id` = 157 LIMIT 1 [ RunTime:0.000519s ]
[2023-04-20T11:00:08+08:00][sql] SELECT * FROM `tp_auth_rule` WHERE  `name` = 'System' LIMIT 1 [ RunTime:0.000771s ]
[2023-04-20T11:00:08+08:00][sql] SHOW FULL COLUMNS FROM `tp_module` [ RunTime:0.010093s ]
[2023-04-20T11:00:08+08:00][sql] SELECT * FROM `tp_module` WHERE  `model_name` = 'System' LIMIT 1 [ RunTime:0.000727s ]
[2023-04-20T11:00:08+08:00][sql] SHOW FULL COLUMNS FROM `tp_cate` [ RunTime:0.007989s ]
[2023-04-20T11:00:08+08:00][sql] SELECT * FROM `tp_cate` ORDER BY `sort`,`id` DESC [ RunTime:0.000997s ]
[2023-04-20T11:00:08+08:00][sql] SELECT * FROM `tp_module` WHERE  `id` IN (18,19,21,22,23,24,25) [ RunTime:0.001345s ]
[2023-04-20T11:00:08+08:00][sql] SELECT * FROM `tp_module` WHERE  `model_name` = 'Cate' LIMIT 1 [ RunTime:0.000940s ]
[2023-04-20T11:00:08+08:00][sql] SELECT * FROM `tp_module` WHERE  `table_name` = 'cate' LIMIT 1 [ RunTime:0.000806s ]
[2023-04-20T11:00:08+08:00][sql] SHOW FULL COLUMNS FROM `tp_field` [ RunTime:0.007901s ]
[2023-04-20T11:00:08+08:00][sql] SELECT * FROM `tp_field` WHERE  `module_id` = 20 ORDER BY `sort` ASC,`id` ASC [ RunTime:0.001493s ]
[2023-04-20T11:00:08+08:00][sql] SHOW FULL COLUMNS FROM `tp_system` [ RunTime:0.009111s ]
[2023-04-20T11:00:08+08:00][sql] SELECT * FROM `tp_system` WHERE  `id` = 1 LIMIT 1 [ RunTime:0.001015s ]
[2023-04-20T11:00:08+08:00][sql] SELECT * FROM `tp_auth_rule` WHERE  `auth_open` = 0 [ RunTime:0.000966s ]
[2023-04-20T11:00:08+08:00][sql] SELECT * FROM `tp_auth_rule` [ RunTime:0.001377s ]
[2023-04-20T11:00:08+08:00][sql] SELECT * FROM `tp_auth_rule` WHERE  `name` = 'System/edit' LIMIT 1 [ RunTime:0.001057s ]
[2023-04-20T11:00:08+08:00][sql] SELECT * FROM `tp_auth_rule` WHERE  `id` = 92 LIMIT 1 [ RunTime:0.000701s ]
[2023-04-20T11:00:08+08:00][sql] SELECT * FROM `tp_auth_rule` WHERE  `name` = 'System/index' LIMIT 1 [ RunTime:0.000634s ]
[2023-04-20T11:00:08+08:00][sql] SELECT * FROM `tp_auth_rule` WHERE  `id` = 157 LIMIT 1 [ RunTime:0.000529s ]
[2023-04-20T11:00:08+08:00][sql] SELECT * FROM `tp_auth_rule` WHERE  `name` = 'System' LIMIT 1 [ RunTime:0.000747s ]
[2023-04-20T11:00:08+08:00][sql] SHOW FULL COLUMNS FROM `tp_admin_log` [ RunTime:0.008623s ]
[2023-04-20T11:00:08+08:00][sql] SELECT * FROM `tp_admin_log` WHERE  `admin_id` = 1 ORDER BY `id` DESC LIMIT 1 [ RunTime:0.000709s ]
[2023-04-20T11:00:08+08:00][sql] INSERT INTO `tp_admin_log` SET `title` = '[系统管理] -> [系统设置] -> [操作-修改]' , `content` = '{"id":"1"}' , `url` = '/admin/System/edit.html?id=1&_pjax=.content-wrapper' , `admin_id` = 1 , `user_agent` = 'Mozilla/5.0 (Windows NT 10.0; Win64; x64) AppleWebKit/537.36 (KHTML, like Gecko) Chrome/112.0.0.0 Safari/537.36' , `ip` = '127.0.0.1' , `create_time` = 1681959608 , `update_time` = 1681959608 [ RunTime:0.001027s ]
[2023-04-20T11:00:08+08:00][sql] SELECT * FROM `tp_system` WHERE  `id` = 1 LIMIT 1 [ RunTime:0.000761s ]
[2023-04-20T11:00:08+08:00][sql] SELECT * FROM `tp_module` WHERE  `table_name` = 'system' LIMIT 1 [ RunTime:0.000834s ]
[2023-04-20T11:00:08+08:00][sql] SELECT * FROM `tp_module` WHERE  `table_name` = 'system' LIMIT 1 [ RunTime:0.000712s ]
[2023-04-20T11:00:08+08:00][sql] SELECT * FROM `tp_field` WHERE  `module_id` = 13 ORDER BY `sort` ASC,`id` ASC [ RunTime:0.001337s ]
[2023-04-20T11:00:08+08:00][sql] SHOW FULL COLUMNS FROM `tp_dictionary` [ RunTime:0.012086s ]
[2023-04-20T11:00:08+08:00][sql] SELECT `dict_value`,`dict_label` FROM `tp_dictionary` WHERE  `dict_type` = '8' ORDER BY `sort` ASC,`id` DESC [ RunTime:0.001032s ]
[2023-04-20T11:00:08+08:00][sql] SELECT `dict_value`,`dict_label` FROM `tp_dictionary` WHERE  `dict_type` = '8' ORDER BY `sort` ASC,`id` DESC [ RunTime:0.001018s ]
[2023-04-20T11:00:08+08:00][sql] SELECT `dict_value`,`dict_label` FROM `tp_dictionary` WHERE  `dict_type` = '8' ORDER BY `sort` ASC,`id` DESC [ RunTime:0.000862s ]
[2023-04-20T11:00:08+08:00][sql] SELECT `dict_value`,`dict_label` FROM `tp_dictionary` WHERE  `dict_type` = '8' ORDER BY `sort` ASC,`id` DESC [ RunTime:0.000759s ]
[2023-04-20T11:00:08+08:00][sql] SELECT `dict_value`,`dict_label` FROM `tp_dictionary` WHERE  `dict_type` = '8' ORDER BY `sort` ASC,`id` DESC [ RunTime:0.000555s ]
[2023-04-20T11:00:08+08:00][sql] SELECT `dict_value`,`dict_label` FROM `tp_dictionary` WHERE  `dict_type` = '11' ORDER BY `sort` ASC,`id` DESC [ RunTime:0.000561s ]
[2023-04-20T11:00:08+08:00][sql] SELECT `dict_value`,`dict_label` FROM `tp_dictionary` WHERE  `dict_type` = '12' ORDER BY `sort` ASC,`id` DESC [ RunTime:0.000583s ]
[2023-04-20T11:00:08+08:00][sql] SELECT `dict_value`,`dict_label` FROM `tp_dictionary` WHERE  `dict_type` = '13' ORDER BY `sort` ASC,`id` DESC [ RunTime:0.000498s ]
[2023-04-20T11:00:08+08:00][sql] SELECT * FROM `tp_module` WHERE  `model_name` = 'System' LIMIT 1 [ RunTime:0.000496s ]
[2023-04-20T11:00:08+08:00][sql] SHOW FULL COLUMNS FROM `tp_field_group` [ RunTime:0.009545s ]
[2023-04-20T11:00:08+08:00][sql] SELECT * FROM `tp_field_group` WHERE  `module_id` = 13 ORDER BY `sort` ASC,`id` DESC [ RunTime:0.000849s ]
[2023-04-20T11:00:08+08:00][sql] SELECT * FROM `tp_module` WHERE  `table_name` = 'system' LIMIT 1 [ RunTime:0.000632s ]
[2023-04-20T11:00:08+08:00][sql] SELECT * FROM `tp_field` WHERE  `module_id` = 13 ORDER BY `sort` ASC,`id` ASC [ RunTime:0.001097s ]
[2023-04-20T11:00:08+08:00][sql] SELECT * FROM `tp_module` WHERE  `table_name` = 'system' LIMIT 1 [ RunTime:0.000913s ]
[2023-04-20T11:00:08+08:00][info] $data[pid]
[2023-04-20T11:00:08+08:00][info] 92
[2023-04-20T11:00:08+08:00][info] $data[pid]
[2023-04-20T11:00:08+08:00][info] 157
[2023-04-20T11:00:08+08:00][info] $data[pid]
[2023-04-20T11:00:08+08:00][info] 92
[2023-04-20T11:00:08+08:00][info] $data[pid]
[2023-04-20T11:00:08+08:00][info] 157
[2023-04-20T11:00:13+08:00][sql] CONNECT:[ UseTime:0.001482s ] mysql:host=127.0.0.1;port=3306;dbname=ztx;charset=utf8mb4
[2023-04-20T11:00:13+08:00][sql] SHOW FULL COLUMNS FROM `tp_auth_rule` [ RunTime:0.013577s ]
[2023-04-20T11:00:13+08:00][sql] SELECT * FROM `tp_auth_rule` WHERE  `status` = 1 ORDER BY `sort` ASC [ RunTime:0.001107s ]
[2023-04-20T11:00:13+08:00][sql] SELECT * FROM `tp_auth_rule` WHERE  `name` = 'System/edit' LIMIT 1 [ RunTime:0.001096s ]
[2023-04-20T11:00:13+08:00][sql] SELECT * FROM `tp_auth_rule` WHERE  `id` = 92 LIMIT 1 [ RunTime:0.000580s ]
[2023-04-20T11:00:13+08:00][sql] SELECT * FROM `tp_auth_rule` WHERE  `name` = 'System/index' LIMIT 1 [ RunTime:0.000778s ]
[2023-04-20T11:00:13+08:00][sql] SELECT * FROM `tp_auth_rule` WHERE  `id` = 157 LIMIT 1 [ RunTime:0.000665s ]
[2023-04-20T11:00:13+08:00][sql] SELECT * FROM `tp_auth_rule` WHERE  `name` = 'System' LIMIT 1 [ RunTime:0.000686s ]
[2023-04-20T11:00:13+08:00][sql] SHOW FULL COLUMNS FROM `tp_module` [ RunTime:0.008504s ]
[2023-04-20T11:00:13+08:00][sql] SELECT * FROM `tp_module` WHERE  `model_name` = 'System' LIMIT 1 [ RunTime:0.000623s ]
[2023-04-20T11:00:13+08:00][sql] SHOW FULL COLUMNS FROM `tp_cate` [ RunTime:0.007916s ]
[2023-04-20T11:00:13+08:00][sql] SELECT * FROM `tp_cate` ORDER BY `sort`,`id` DESC [ RunTime:0.000660s ]
[2023-04-20T11:00:13+08:00][sql] SELECT * FROM `tp_module` WHERE  `id` IN (18,19,21,22,23,24,25) [ RunTime:0.000712s ]
[2023-04-20T11:00:13+08:00][sql] SELECT * FROM `tp_module` WHERE  `model_name` = 'Cate' LIMIT 1 [ RunTime:0.000708s ]
[2023-04-20T11:00:13+08:00][sql] SELECT * FROM `tp_module` WHERE  `table_name` = 'cate' LIMIT 1 [ RunTime:0.000640s ]
[2023-04-20T11:00:13+08:00][sql] SHOW FULL COLUMNS FROM `tp_field` [ RunTime:0.008675s ]
[2023-04-20T11:00:13+08:00][sql] SELECT * FROM `tp_field` WHERE  `module_id` = 20 ORDER BY `sort` ASC,`id` ASC [ RunTime:0.001222s ]
[2023-04-20T11:00:13+08:00][sql] SHOW FULL COLUMNS FROM `tp_system` [ RunTime:0.012383s ]
[2023-04-20T11:00:13+08:00][sql] SELECT * FROM `tp_system` WHERE  `id` = 1 LIMIT 1 [ RunTime:0.001002s ]
[2023-04-20T11:00:13+08:00][sql] SELECT * FROM `tp_auth_rule` WHERE  `auth_open` = 0 [ RunTime:0.001343s ]
[2023-04-20T11:00:13+08:00][sql] SELECT * FROM `tp_auth_rule` [ RunTime:0.001725s ]
[2023-04-20T11:00:13+08:00][sql] SELECT * FROM `tp_auth_rule` WHERE  `name` = 'System/edit' LIMIT 1 [ RunTime:0.000839s ]
[2023-04-20T11:00:13+08:00][sql] SELECT * FROM `tp_auth_rule` WHERE  `id` = 92 LIMIT 1 [ RunTime:0.000457s ]
[2023-04-20T11:00:13+08:00][sql] SELECT * FROM `tp_auth_rule` WHERE  `name` = 'System/index' LIMIT 1 [ RunTime:0.000533s ]
[2023-04-20T11:00:13+08:00][sql] SELECT * FROM `tp_auth_rule` WHERE  `id` = 157 LIMIT 1 [ RunTime:0.000425s ]
[2023-04-20T11:00:13+08:00][sql] SELECT * FROM `tp_auth_rule` WHERE  `name` = 'System' LIMIT 1 [ RunTime:0.000784s ]
[2023-04-20T11:00:13+08:00][sql] SHOW FULL COLUMNS FROM `tp_admin_log` [ RunTime:0.009309s ]
[2023-04-20T11:00:13+08:00][sql] SELECT * FROM `tp_admin_log` WHERE  `admin_id` = 1 ORDER BY `id` DESC LIMIT 1 [ RunTime:0.000778s ]
[2023-04-20T11:00:13+08:00][sql] INSERT INTO `tp_admin_log` SET `title` = '[系统管理] -> [系统设置] -> [操作-修改]' , `content` = '{"id":"1"}' , `url` = '/admin/System/edit.html?id=1' , `admin_id` = 1 , `user_agent` = 'Mozilla/5.0 (Windows NT 10.0; Win64; x64) AppleWebKit/537.36 (KHTML, like Gecko) Chrome/112.0.0.0 Safari/537.36' , `ip` = '127.0.0.1' , `create_time` = 1681959613 , `update_time` = 1681959613 [ RunTime:0.000820s ]
[2023-04-20T11:00:13+08:00][sql] SELECT * FROM `tp_system` WHERE  `id` = 1 LIMIT 1 [ RunTime:0.000718s ]
[2023-04-20T11:00:13+08:00][sql] SELECT * FROM `tp_module` WHERE  `table_name` = 'system' LIMIT 1 [ RunTime:0.000555s ]
[2023-04-20T11:00:13+08:00][sql] SELECT * FROM `tp_module` WHERE  `table_name` = 'system' LIMIT 1 [ RunTime:0.000447s ]
[2023-04-20T11:00:13+08:00][sql] SELECT * FROM `tp_field` WHERE  `module_id` = 13 ORDER BY `sort` ASC,`id` ASC [ RunTime:0.000933s ]
[2023-04-20T11:00:13+08:00][sql] SHOW FULL COLUMNS FROM `tp_dictionary` [ RunTime:0.008839s ]
[2023-04-20T11:00:13+08:00][sql] SELECT `dict_value`,`dict_label` FROM `tp_dictionary` WHERE  `dict_type` = '8' ORDER BY `sort` ASC,`id` DESC [ RunTime:0.000828s ]
[2023-04-20T11:00:13+08:00][sql] SELECT `dict_value`,`dict_label` FROM `tp_dictionary` WHERE  `dict_type` = '8' ORDER BY `sort` ASC,`id` DESC [ RunTime:0.000613s ]
[2023-04-20T11:00:13+08:00][sql] SELECT `dict_value`,`dict_label` FROM `tp_dictionary` WHERE  `dict_type` = '8' ORDER BY `sort` ASC,`id` DESC [ RunTime:0.000602s ]
[2023-04-20T11:00:13+08:00][sql] SELECT `dict_value`,`dict_label` FROM `tp_dictionary` WHERE  `dict_type` = '8' ORDER BY `sort` ASC,`id` DESC [ RunTime:0.000968s ]
[2023-04-20T11:00:13+08:00][sql] SELECT `dict_value`,`dict_label` FROM `tp_dictionary` WHERE  `dict_type` = '8' ORDER BY `sort` ASC,`id` DESC [ RunTime:0.000723s ]
[2023-04-20T11:00:13+08:00][sql] SELECT `dict_value`,`dict_label` FROM `tp_dictionary` WHERE  `dict_type` = '11' ORDER BY `sort` ASC,`id` DESC [ RunTime:0.000489s ]
[2023-04-20T11:00:13+08:00][sql] SELECT `dict_value`,`dict_label` FROM `tp_dictionary` WHERE  `dict_type` = '12' ORDER BY `sort` ASC,`id` DESC [ RunTime:0.000464s ]
[2023-04-20T11:00:13+08:00][sql] SELECT `dict_value`,`dict_label` FROM `tp_dictionary` WHERE  `dict_type` = '13' ORDER BY `sort` ASC,`id` DESC [ RunTime:0.000477s ]
[2023-04-20T11:00:13+08:00][sql] SELECT * FROM `tp_module` WHERE  `model_name` = 'System' LIMIT 1 [ RunTime:0.001084s ]
[2023-04-20T11:00:13+08:00][sql] SHOW FULL COLUMNS FROM `tp_field_group` [ RunTime:0.009009s ]
[2023-04-20T11:00:13+08:00][sql] SELECT * FROM `tp_field_group` WHERE  `module_id` = 13 ORDER BY `sort` ASC,`id` DESC [ RunTime:0.000931s ]
[2023-04-20T11:00:13+08:00][sql] SELECT * FROM `tp_module` WHERE  `table_name` = 'system' LIMIT 1 [ RunTime:0.000981s ]
[2023-04-20T11:00:13+08:00][sql] SELECT * FROM `tp_field` WHERE  `module_id` = 13 ORDER BY `sort` ASC,`id` ASC [ RunTime:0.001015s ]
[2023-04-20T11:00:13+08:00][sql] SELECT * FROM `tp_module` WHERE  `table_name` = 'system' LIMIT 1 [ RunTime:0.000973s ]
[2023-04-20T11:00:13+08:00][info] $data[pid]
[2023-04-20T11:00:13+08:00][info] 92
[2023-04-20T11:00:13+08:00][info] $data[pid]
[2023-04-20T11:00:13+08:00][info] 157
[2023-04-20T11:00:13+08:00][info] $data[pid]
[2023-04-20T11:00:13+08:00][info] 92
[2023-04-20T11:00:13+08:00][info] $data[pid]
[2023-04-20T11:00:13+08:00][info] 157
[2023-04-20T11:01:01+08:00][sql] CONNECT:[ UseTime:0.000984s ] mysql:host=127.0.0.1;port=3306;dbname=ztx;charset=utf8mb4
[2023-04-20T11:01:01+08:00][sql] SHOW FULL COLUMNS FROM `tp_auth_rule` [ RunTime:0.010123s ]
[2023-04-20T11:01:01+08:00][sql] SELECT * FROM `tp_auth_rule` WHERE  `status` = 1 ORDER BY `sort` ASC [ RunTime:0.001113s ]
[2023-04-20T11:01:01+08:00][sql] SELECT * FROM `tp_auth_rule` WHERE  `name` = 'Index/index' LIMIT 1 [ RunTime:0.001418s ]
[2023-04-20T11:01:01+08:00][sql] SHOW FULL COLUMNS FROM `tp_module` [ RunTime:0.009304s ]
[2023-04-20T11:01:01+08:00][sql] SELECT * FROM `tp_module` WHERE  `model_name` = 'Index' LIMIT 1 [ RunTime:0.000767s ]
[2023-04-20T11:01:01+08:00][sql] SHOW FULL COLUMNS FROM `tp_cate` [ RunTime:0.008346s ]
[2023-04-20T11:01:01+08:00][sql] SELECT * FROM `tp_cate` ORDER BY `sort`,`id` DESC [ RunTime:0.001558s ]
[2023-04-20T11:01:01+08:00][sql] SELECT * FROM `tp_module` WHERE  `id` IN (18,19,21,22,23,24,25) [ RunTime:0.001204s ]
[2023-04-20T11:01:01+08:00][sql] SELECT * FROM `tp_module` WHERE  `model_name` = 'Cate' LIMIT 1 [ RunTime:0.000821s ]
[2023-04-20T11:01:01+08:00][sql] SELECT * FROM `tp_module` WHERE  `table_name` = 'cate' LIMIT 1 [ RunTime:0.000610s ]
[2023-04-20T11:01:01+08:00][sql] SHOW FULL COLUMNS FROM `tp_field` [ RunTime:0.009378s ]
[2023-04-20T11:01:01+08:00][sql] SELECT * FROM `tp_field` WHERE  `module_id` = 20 ORDER BY `sort` ASC,`id` ASC [ RunTime:0.000955s ]
[2023-04-20T11:01:01+08:00][sql] SHOW FULL COLUMNS FROM `tp_system` [ RunTime:0.008587s ]
[2023-04-20T11:01:01+08:00][sql] SELECT * FROM `tp_system` WHERE  `id` = 1 LIMIT 1 [ RunTime:0.001062s ]
[2023-04-20T11:01:01+08:00][sql] SELECT * FROM `tp_auth_rule` WHERE  `auth_open` = 0 [ RunTime:0.001328s ]
[2023-04-20T11:01:01+08:00][sql] SELECT * FROM `tp_auth_rule` [ RunTime:0.002507s ]
[2023-04-20T11:01:01+08:00][sql] SELECT * FROM `tp_auth_rule` WHERE  `name` = 'Index/index' LIMIT 1 [ RunTime:0.001268s ]
[2023-04-20T11:01:01+08:00][sql] SHOW FULL COLUMNS FROM `tp_admin_log` [ RunTime:0.008253s ]
[2023-04-20T11:01:01+08:00][sql] SELECT * FROM `tp_admin_log` WHERE  `admin_id` = 1 ORDER BY `id` DESC LIMIT 1 [ RunTime:0.000635s ]
[2023-04-20T11:01:01+08:00][sql] INSERT INTO `tp_admin_log` SET `title` = '[控制台]' , `content` = '[]' , `url` = '/admin/Index/index.html?_pjax=.content-wrapper' , `admin_id` = 1 , `user_agent` = 'Mozilla/5.0 (Windows NT 10.0; Win64; x64) AppleWebKit/537.36 (KHTML, like Gecko) Chrome/112.0.0.0 Safari/537.36' , `ip` = '127.0.0.1' , `create_time` = 1681959661 , `update_time` = 1681959661 [ RunTime:0.000761s ]
[2023-04-20T11:01:01+08:00][sql] SELECT VERSION() AS ver [ RunTime:0.000374s ]
[2023-04-20T11:01:01+08:00][sql] SHOW FULL COLUMNS FROM `tp_users` [ RunTime:0.009422s ]
[2023-04-20T11:01:01+08:00][sql] SELECT COUNT(*) AS think_count FROM `tp_users` WHERE  `create_time` > 1681354861 LIMIT 1 [ RunTime:0.000667s ]
[2023-04-20T11:01:01+08:00][sql] SHOW FULL COLUMNS FROM `tp_message` [ RunTime:0.009300s ]
[2023-04-20T11:01:01+08:00][sql] SELECT COUNT(*) AS think_count FROM `tp_message` WHERE  `status` = 0 LIMIT 1 [ RunTime:0.000679s ]
[2023-04-20T11:01:01+08:00][sql] SELECT `id` FROM `tp_module` WHERE  `table_name` = 'message' LIMIT 1 [ RunTime:0.000533s ]
[2023-04-20T11:01:01+08:00][sql] SELECT `id` FROM `tp_cate` WHERE  `module_id` = 25 LIMIT 1 [ RunTime:0.000432s ]
[2023-04-20T11:01:01+08:00][sql] SHOW FULL COLUMNS FROM `tp_admin` [ RunTime:0.007657s ]
[2023-04-20T11:01:01+08:00][sql] SELECT `password` FROM `tp_admin` WHERE  `id` = 1 LIMIT 1 [ RunTime:0.000807s ]
