[2023-04-25T23:40:18+08:00][sql] CONNECT:[ UseTime:0.044510s ] mysql:host=127.0.0.1;port=3306;dbname=ztx;charset=utf8mb4
[2023-04-25T23:40:18+08:00][sql] SHOW FULL COLUMNS FROM `tp_auth_rule` [ RunTime:0.058226s ]
[2023-04-25T23:40:18+08:00][sql] SELECT * FROM `tp_auth_rule` WHERE  `status` = 1 ORDER BY `sort` ASC [ RunTime:0.017312s ]
[2023-04-25T23:40:18+08:00][sql] SELECT * FROM `tp_auth_rule` WHERE  `name` = 'Index/index' LIMIT 1 [ RunTime:0.002661s ]
[2023-04-25T23:40:18+08:00][sql] SHOW FULL COLUMNS FROM `tp_module` [ RunTime:0.012391s ]
[2023-04-25T23:40:18+08:00][sql] SELECT * FROM `tp_module` WHERE  `model_name` = 'Index' LIMIT 1 [ RunTime:0.003185s ]
[2023-04-25T23:40:18+08:00][sql] SHOW FULL COLUMNS FROM `tp_cate` [ RunTime:0.010851s ]
[2023-04-25T23:40:18+08:00][sql] SELECT * FROM `tp_cate` ORDER BY `sort`,`id` DESC [ RunTime:0.003396s ]
[2023-04-25T23:40:18+08:00][sql] SELECT * FROM `tp_module` WHERE  `id` IN (18,19,21,22,23,24,25) [ RunTime:0.002334s ]
[2023-04-25T23:40:18+08:00][sql] SELECT * FROM `tp_module` WHERE  `model_name` = 'Cate' LIMIT 1 [ RunTime:0.001005s ]
[2023-04-25T23:40:18+08:00][sql] SELECT * FROM `tp_module` WHERE  `table_name` = 'cate' LIMIT 1 [ RunTime:0.001016s ]
[2023-04-25T23:40:18+08:00][sql] SHOW FULL COLUMNS FROM `tp_field` [ RunTime:0.010284s ]
[2023-04-25T23:40:18+08:00][sql] SELECT * FROM `tp_field` WHERE  `module_id` = 20 ORDER BY `sort` ASC,`id` ASC [ RunTime:0.002911s ]
[2023-04-25T23:40:18+08:00][sql] SHOW FULL COLUMNS FROM `tp_system` [ RunTime:0.012218s ]
[2023-04-25T23:40:18+08:00][sql] SELECT * FROM `tp_system` WHERE  `id` = 1 LIMIT 1 [ RunTime:0.001128s ]
[2023-04-25T23:40:19+08:00][sql] CONNECT:[ UseTime:0.002236s ] mysql:host=127.0.0.1;port=3306;dbname=ztx;charset=utf8mb4
[2023-04-25T23:40:19+08:00][sql] SHOW FULL COLUMNS FROM `tp_system` [ RunTime:0.011777s ]
[2023-04-25T23:40:19+08:00][sql] SELECT * FROM `tp_system` WHERE  `id` = 1 LIMIT 1 [ RunTime:0.000785s ]
[2023-04-25T23:40:21+08:00][sql] CONNECT:[ UseTime:0.001431s ] mysql:host=127.0.0.1;port=3306;dbname=ztx;charset=utf8mb4
[2023-04-25T23:40:21+08:00][sql] SHOW FULL COLUMNS FROM `tp_system` [ RunTime:0.011271s ]
[2023-04-25T23:40:21+08:00][sql] SELECT * FROM `tp_system` WHERE  `id` = 1 LIMIT 1 [ RunTime:0.000704s ]
[2023-04-25T23:40:21+08:00][sql] SHOW FULL COLUMNS FROM `tp_admin` [ RunTime:0.011516s ]
[2023-04-25T23:40:21+08:00][sql] SELECT * FROM `tp_admin` WHERE  `username` = 'admin'  AND `password` = '21232f297a57a5a743894a0e4a801fc3' LIMIT 1 [ RunTime:0.003159s ]
[2023-04-25T23:40:21+08:00][sql] UPDATE `tp_admin`  SET `login_time` = 1682437221 , `login_ip` = '127.0.0.1'  WHERE  `id` = 1 [ RunTime:0.010532s ]
[2023-04-25T23:40:21+08:00][sql] SHOW FULL COLUMNS FROM `tp_auth_group_access` [ RunTime:0.009249s ]
[2023-04-25T23:40:21+08:00][sql] SELECT `a`.`group_id`,`ag`.`rules`,`ag`.`title` FROM `tp_auth_group_access` `a` LEFT JOIN `tp_auth_group` `ag` ON `a`.`group_id`=`ag`.`id` WHERE  `uid` = 1 LIMIT 1 [ RunTime:0.004106s ]
[2023-04-25T23:40:21+08:00][sql] SHOW FULL COLUMNS FROM `tp_auth_rule` [ RunTime:0.009749s ]
[2023-04-25T23:40:21+08:00][sql] SELECT * FROM `tp_auth_rule` WHERE  `auth_open` = 0 [ RunTime:0.001255s ]
[2023-04-25T23:40:21+08:00][sql] SELECT * FROM `tp_auth_rule` [ RunTime:0.001966s ]
[2023-04-25T23:40:21+08:00][sql] SELECT * FROM `tp_admin` WHERE  `username` = 'admin'  AND `password` = '21232f297a57a5a743894a0e4a801fc3' LIMIT 1 [ RunTime:0.000801s ]
[2023-04-25T23:40:21+08:00][sql] SELECT * FROM `tp_auth_rule` WHERE  `name` = 'Login/checkLogin' LIMIT 1 [ RunTime:0.001426s ]
[2023-04-25T23:40:21+08:00][sql] SHOW FULL COLUMNS FROM `tp_admin_log` [ RunTime:0.010546s ]
[2023-04-25T23:40:21+08:00][sql] SELECT * FROM `tp_admin_log` WHERE  `admin_id` = 1 ORDER BY `id` DESC LIMIT 1 [ RunTime:0.001645s ]
[2023-04-25T23:40:21+08:00][sql] INSERT INTO `tp_admin_log` SET `title` = '[登录成功]' , `content` = '' , `url` = '/admin/Login/checkLogin.html' , `admin_id` = 1 , `user_agent` = 'Mozilla/5.0 (Windows NT 10.0; Win64; x64) AppleWebKit/537.36 (KHTML, like Gecko) Chrome/112.0.0.0 Safari/537.36' , `ip` = '127.0.0.1' , `create_time` = 1682437221 , `update_time` = 1682437221 [ RunTime:0.003675s ]
[2023-04-25T23:40:22+08:00][sql] CONNECT:[ UseTime:0.014497s ] mysql:host=127.0.0.1;port=3306;dbname=ztx;charset=utf8mb4
[2023-04-25T23:40:22+08:00][sql] SHOW FULL COLUMNS FROM `tp_auth_rule` [ RunTime:0.010678s ]
[2023-04-25T23:40:22+08:00][sql] SELECT * FROM `tp_auth_rule` WHERE  `status` = 1 ORDER BY `sort` ASC [ RunTime:0.000913s ]
[2023-04-25T23:40:22+08:00][sql] SELECT * FROM `tp_auth_rule` WHERE  `name` = 'Index/index' LIMIT 1 [ RunTime:0.001099s ]
[2023-04-25T23:40:22+08:00][sql] SHOW FULL COLUMNS FROM `tp_module` [ RunTime:0.012502s ]
[2023-04-25T23:40:22+08:00][sql] SELECT * FROM `tp_module` WHERE  `model_name` = 'Index' LIMIT 1 [ RunTime:0.000847s ]
[2023-04-25T23:40:22+08:00][sql] SHOW FULL COLUMNS FROM `tp_cate` [ RunTime:0.011526s ]
[2023-04-25T23:40:22+08:00][sql] SELECT * FROM `tp_cate` ORDER BY `sort`,`id` DESC [ RunTime:0.000911s ]
[2023-04-25T23:40:22+08:00][sql] SELECT * FROM `tp_module` WHERE  `id` IN (18,19,21,22,23,24,25) [ RunTime:0.001029s ]
[2023-04-25T23:40:22+08:00][sql] SELECT * FROM `tp_module` WHERE  `model_name` = 'Cate' LIMIT 1 [ RunTime:0.001442s ]
[2023-04-25T23:40:22+08:00][sql] SELECT * FROM `tp_module` WHERE  `table_name` = 'cate' LIMIT 1 [ RunTime:0.000780s ]
[2023-04-25T23:40:22+08:00][sql] SHOW FULL COLUMNS FROM `tp_field` [ RunTime:0.011481s ]
[2023-04-25T23:40:22+08:00][sql] SELECT * FROM `tp_field` WHERE  `module_id` = 20 ORDER BY `sort` ASC,`id` ASC [ RunTime:0.001452s ]
[2023-04-25T23:40:22+08:00][sql] SHOW FULL COLUMNS FROM `tp_system` [ RunTime:0.008987s ]
[2023-04-25T23:40:22+08:00][sql] SELECT * FROM `tp_system` WHERE  `id` = 1 LIMIT 1 [ RunTime:0.000760s ]
[2023-04-25T23:40:22+08:00][sql] SELECT * FROM `tp_auth_rule` WHERE  `auth_open` = 0 [ RunTime:0.001378s ]
[2023-04-25T23:40:22+08:00][sql] SELECT * FROM `tp_auth_rule` [ RunTime:0.001439s ]
[2023-04-25T23:40:22+08:00][sql] SELECT * FROM `tp_auth_rule` WHERE  `name` = 'Index/index' LIMIT 1 [ RunTime:0.001115s ]
[2023-04-25T23:40:22+08:00][sql] SHOW FULL COLUMNS FROM `tp_admin_log` [ RunTime:0.009438s ]
[2023-04-25T23:40:22+08:00][sql] SELECT * FROM `tp_admin_log` WHERE  `admin_id` = 1 ORDER BY `id` DESC LIMIT 1 [ RunTime:0.000669s ]
[2023-04-25T23:40:22+08:00][sql] INSERT INTO `tp_admin_log` SET `title` = '[控制台]' , `content` = '[]' , `url` = '/admin' , `admin_id` = 1 , `user_agent` = 'Mozilla/5.0 (Windows NT 10.0; Win64; x64) AppleWebKit/537.36 (KHTML, like Gecko) Chrome/112.0.0.0 Safari/537.36' , `ip` = '127.0.0.1' , `create_time` = 1682437222 , `update_time` = 1682437222 [ RunTime:0.006069s ]
[2023-04-25T23:40:22+08:00][sql] SELECT VERSION() AS ver [ RunTime:0.001249s ]
[2023-04-25T23:40:22+08:00][sql] SHOW FULL COLUMNS FROM `tp_users` [ RunTime:0.010823s ]
[2023-04-25T23:40:22+08:00][sql] SELECT COUNT(*) AS think_count FROM `tp_users` WHERE  `create_time` > 1681832422 LIMIT 1 [ RunTime:0.002934s ]
[2023-04-25T23:40:22+08:00][sql] SHOW FULL COLUMNS FROM `tp_message` [ RunTime:0.010198s ]
[2023-04-25T23:40:22+08:00][sql] SELECT COUNT(*) AS think_count FROM `tp_message` WHERE  `status` = 0 LIMIT 1 [ RunTime:0.001124s ]
[2023-04-25T23:40:22+08:00][sql] SELECT `id` FROM `tp_module` WHERE  `table_name` = 'message' LIMIT 1 [ RunTime:0.000386s ]
[2023-04-25T23:40:22+08:00][sql] SELECT `id` FROM `tp_cate` WHERE  `module_id` = 25 LIMIT 1 [ RunTime:0.000363s ]
[2023-04-25T23:40:22+08:00][sql] SHOW FULL COLUMNS FROM `tp_admin` [ RunTime:0.010288s ]
[2023-04-25T23:40:22+08:00][sql] SELECT `password` FROM `tp_admin` WHERE  `id` = 1 LIMIT 1 [ RunTime:0.000484s ]
[2023-04-25T23:40:27+08:00][sql] CONNECT:[ UseTime:0.001159s ] mysql:host=127.0.0.1;port=3306;dbname=ztx;charset=utf8mb4
[2023-04-25T23:40:27+08:00][sql] SHOW FULL COLUMNS FROM `tp_auth_rule` [ RunTime:0.009591s ]
[2023-04-25T23:40:27+08:00][sql] SELECT * FROM `tp_auth_rule` WHERE  `status` = 1 ORDER BY `sort` ASC [ RunTime:0.000979s ]
[2023-04-25T23:40:27+08:00][sql] SELECT * FROM `tp_auth_rule` WHERE  `name` = 'UserUpload/index' LIMIT 1 [ RunTime:0.001381s ]
[2023-04-25T23:40:27+08:00][sql] SELECT * FROM `tp_auth_rule` WHERE  `id` = 161 LIMIT 1 [ RunTime:0.000531s ]
[2023-04-25T23:40:27+08:00][sql] SELECT * FROM `tp_auth_rule` WHERE  `name` = 'Link' LIMIT 1 [ RunTime:0.000828s ]
[2023-04-25T23:40:27+08:00][sql] SHOW FULL COLUMNS FROM `tp_module` [ RunTime:0.012497s ]
[2023-04-25T23:40:27+08:00][sql] SELECT * FROM `tp_module` WHERE  `model_name` = 'UserUpload' LIMIT 1 [ RunTime:0.000695s ]
[2023-04-25T23:40:27+08:00][sql] SHOW FULL COLUMNS FROM `tp_cate` [ RunTime:0.009232s ]
[2023-04-25T23:40:27+08:00][sql] SELECT * FROM `tp_cate` ORDER BY `sort`,`id` DESC [ RunTime:0.000669s ]
[2023-04-25T23:40:27+08:00][sql] SELECT * FROM `tp_module` WHERE  `id` IN (18,19,21,22,23,24,25) [ RunTime:0.000788s ]
[2023-04-25T23:40:27+08:00][sql] SELECT * FROM `tp_module` WHERE  `model_name` = 'Cate' LIMIT 1 [ RunTime:0.000742s ]
[2023-04-25T23:40:27+08:00][sql] SELECT * FROM `tp_module` WHERE  `table_name` = 'cate' LIMIT 1 [ RunTime:0.000817s ]
[2023-04-25T23:40:27+08:00][sql] SHOW FULL COLUMNS FROM `tp_field` [ RunTime:0.009738s ]
[2023-04-25T23:40:27+08:00][sql] SELECT * FROM `tp_field` WHERE  `module_id` = 20 ORDER BY `sort` ASC,`id` ASC [ RunTime:0.000901s ]
[2023-04-25T23:40:27+08:00][sql] SHOW FULL COLUMNS FROM `tp_system` [ RunTime:0.010260s ]
[2023-04-25T23:40:27+08:00][sql] SELECT * FROM `tp_system` WHERE  `id` = 1 LIMIT 1 [ RunTime:0.000732s ]
[2023-04-25T23:40:27+08:00][sql] SELECT * FROM `tp_auth_rule` WHERE  `auth_open` = 0 [ RunTime:0.001238s ]
[2023-04-25T23:40:27+08:00][sql] SELECT * FROM `tp_auth_rule` [ RunTime:0.001148s ]
[2023-04-25T23:40:27+08:00][sql] SELECT * FROM `tp_auth_rule` WHERE  `name` = 'UserUpload/index' LIMIT 1 [ RunTime:0.001151s ]
[2023-04-25T23:40:27+08:00][sql] SELECT * FROM `tp_auth_rule` WHERE  `id` = 161 LIMIT 1 [ RunTime:0.000743s ]
[2023-04-25T23:40:27+08:00][sql] SELECT * FROM `tp_auth_rule` WHERE  `name` = 'Link' LIMIT 1 [ RunTime:0.000742s ]
[2023-04-25T23:40:27+08:00][sql] SHOW FULL COLUMNS FROM `tp_admin_log` [ RunTime:0.008914s ]
[2023-04-25T23:40:27+08:00][sql] SELECT * FROM `tp_admin_log` WHERE  `admin_id` = 1 ORDER BY `id` DESC LIMIT 1 [ RunTime:0.000564s ]
[2023-04-25T23:40:27+08:00][sql] INSERT INTO `tp_admin_log` SET `title` = '[网站功能] -> [用户上传]' , `content` = '[]' , `url` = '/admin/UserUpload/index.html?_pjax=.content-wrapper' , `admin_id` = 1 , `user_agent` = 'Mozilla/5.0 (Windows NT 10.0; Win64; x64) AppleWebKit/537.36 (KHTML, like Gecko) Chrome/112.0.0.0 Safari/537.36' , `ip` = '127.0.0.1' , `create_time` = 1682437227 , `update_time` = 1682437227 [ RunTime:0.000684s ]
[2023-04-25T23:40:27+08:00][sql] SELECT `pk` FROM `tp_module` WHERE  `table_name` = 'user_upload' LIMIT 1 [ RunTime:0.000592s ]
[2023-04-25T23:40:27+08:00][sql] SELECT * FROM `tp_module` WHERE  `table_name` = 'user_upload' LIMIT 1 [ RunTime:0.000634s ]
[2023-04-25T23:40:27+08:00][sql] SELECT * FROM `tp_field` WHERE  `module_id` = 31 ORDER BY `sort` ASC,`id` ASC [ RunTime:0.000747s ]
[2023-04-25T23:40:27+08:00][sql] SELECT * FROM `tp_module` WHERE  `table_name` = 'user_upload' LIMIT 1 [ RunTime:0.000971s ]
[2023-04-25T23:40:27+08:00][sql] SELECT * FROM `tp_field` WHERE  `module_id` = 31 ORDER BY `sort` ASC,`id` ASC [ RunTime:0.001452s ]
[2023-04-25T23:40:27+08:00][sql] SELECT * FROM `tp_module` WHERE  `model_name` = 'Module' LIMIT 1 [ RunTime:0.000854s ]
[2023-04-25T23:40:27+08:00][sql] SELECT * FROM `tp_field` WHERE  `module_id` = 3  AND `field` = 'sort' LIMIT 1 [ RunTime:0.000705s ]
[2023-04-25T23:40:27+08:00][sql] SELECT * FROM `tp_module` WHERE  `model_name` = 'Module' LIMIT 1 [ RunTime:0.000430s ]
[2023-04-25T23:40:27+08:00][sql] SELECT `id` FROM `tp_module` WHERE  `model_name` = 'Module' LIMIT 1 [ RunTime:0.000346s ]
[2023-04-25T23:40:27+08:00][sql] SELECT `field` FROM `tp_field` WHERE  ( field = 'pid' OR field = 'parent_id'  )  AND `module_id` = 3 LIMIT 1 [ RunTime:0.000736s ]
[2023-04-25T23:40:27+08:00][sql] SELECT `id`,`module_name` FROM `tp_module` ORDER BY `sort` ASC,`id` DESC [ RunTime:0.000634s ]
[2023-04-25T23:40:27+08:00][sql] SELECT * FROM `tp_module` WHERE  `model_name` = 'UsersType' LIMIT 1 [ RunTime:0.000531s ]
[2023-04-25T23:40:27+08:00][sql] SELECT * FROM `tp_field` WHERE  `module_id` = 6  AND `field` = 'sort' LIMIT 1 [ RunTime:0.000545s ]
[2023-04-25T23:40:27+08:00][sql] SELECT * FROM `tp_module` WHERE  `model_name` = 'UsersType' LIMIT 1 [ RunTime:0.000415s ]
[2023-04-25T23:40:27+08:00][sql] SELECT `id` FROM `tp_module` WHERE  `model_name` = 'UsersType' LIMIT 1 [ RunTime:0.000358s ]
[2023-04-25T23:40:27+08:00][sql] SELECT `field` FROM `tp_field` WHERE  ( field = 'pid' OR field = 'parent_id'  )  AND `module_id` = 6 LIMIT 1 [ RunTime:0.000656s ]
[2023-04-25T23:40:27+08:00][sql] SHOW FULL COLUMNS FROM `tp_users_type` [ RunTime:0.009365s ]
[2023-04-25T23:40:27+08:00][sql] SELECT `id`,`name` FROM `tp_users_type` ORDER BY `sort` ASC,`id` DESC [ RunTime:0.001605s ]
[2023-04-25T23:40:27+08:00][sql] SHOW FULL COLUMNS FROM `tp_dictionary` [ RunTime:0.009414s ]
[2023-04-25T23:40:27+08:00][sql] SELECT `dict_value`,`dict_label` FROM `tp_dictionary` WHERE  `dict_type` = '1' ORDER BY `sort` ASC,`id` DESC [ RunTime:0.001394s ]
[2023-04-25T23:40:27+08:00][sql] SELECT * FROM `tp_module` WHERE  `table_name` = 'user_upload' LIMIT 1 [ RunTime:0.000531s ]
[2023-04-25T23:40:27+08:00][sql] SELECT * FROM `tp_module` WHERE  `model_name` = 'UserUpload' LIMIT 1 [ RunTime:0.000472s ]
[2023-04-25T23:40:27+08:00][sql] SELECT * FROM `tp_module` WHERE  `table_name` = 'user_upload' LIMIT 1 [ RunTime:0.000457s ]
[2023-04-25T23:40:27+08:00][sql] SELECT * FROM `tp_field` WHERE  `module_id` = 31 ORDER BY `sort` ASC,`id` ASC [ RunTime:0.000798s ]
[2023-04-25T23:40:27+08:00][sql] SELECT * FROM `tp_module` WHERE  `model_name` = 'Module' LIMIT 1 [ RunTime:0.001084s ]
[2023-04-25T23:40:27+08:00][sql] SELECT * FROM `tp_field` WHERE  `module_id` = 3  AND `field` = 'sort' LIMIT 1 [ RunTime:0.001055s ]
[2023-04-25T23:40:27+08:00][sql] SELECT * FROM `tp_module` WHERE  `model_name` = 'Module' LIMIT 1 [ RunTime:0.001131s ]
[2023-04-25T23:40:27+08:00][sql] SELECT `id` FROM `tp_module` WHERE  `model_name` = 'Module' LIMIT 1 [ RunTime:0.001053s ]
[2023-04-25T23:40:27+08:00][sql] SELECT `field` FROM `tp_field` WHERE  ( field = 'pid' OR field = 'parent_id'  )  AND `module_id` = 3 LIMIT 1 [ RunTime:0.001157s ]
[2023-04-25T23:40:27+08:00][sql] SELECT `id`,`module_name` FROM `tp_module` ORDER BY `sort` ASC,`id` DESC [ RunTime:0.000722s ]
[2023-04-25T23:40:27+08:00][sql] SELECT * FROM `tp_module` WHERE  `model_name` = 'UsersType' LIMIT 1 [ RunTime:0.000512s ]
[2023-04-25T23:40:27+08:00][sql] SELECT * FROM `tp_field` WHERE  `module_id` = 6  AND `field` = 'sort' LIMIT 1 [ RunTime:0.000565s ]
[2023-04-25T23:40:27+08:00][sql] SELECT * FROM `tp_module` WHERE  `model_name` = 'UsersType' LIMIT 1 [ RunTime:0.000455s ]
[2023-04-25T23:40:27+08:00][sql] SELECT `id` FROM `tp_module` WHERE  `model_name` = 'UsersType' LIMIT 1 [ RunTime:0.000381s ]
[2023-04-25T23:40:27+08:00][sql] SELECT `field` FROM `tp_field` WHERE  ( field = 'pid' OR field = 'parent_id'  )  AND `module_id` = 6 LIMIT 1 [ RunTime:0.000614s ]
[2023-04-25T23:40:27+08:00][sql] SELECT `id`,`name` FROM `tp_users_type` ORDER BY `sort` ASC,`id` DESC [ RunTime:0.000621s ]
[2023-04-25T23:40:27+08:00][sql] SELECT `dict_value`,`dict_label` FROM `tp_dictionary` WHERE  `dict_type` = '1' ORDER BY `sort` ASC,`id` DESC [ RunTime:0.000630s ]
[2023-04-25T23:40:27+08:00][sql] SELECT `pk` FROM `tp_module` WHERE  `table_name` = 'user_upload' LIMIT 1 [ RunTime:0.000488s ]
[2023-04-25T23:40:27+08:00][sql] SELECT * FROM `tp_module` WHERE  `table_name` = 'user_upload' LIMIT 1 [ RunTime:0.000629s ]
[2023-04-25T23:40:27+08:00][sql] SHOW FULL COLUMNS FROM `tp_table_tem_set` [ RunTime:0.009560s ]
[2023-04-25T23:40:27+08:00][sql] SELECT * FROM `tp_table_tem_set` WHERE  `id` = 5 LIMIT 1 [ RunTime:0.001080s ]
[2023-04-25T23:40:27+08:00][info] $data[pid]
[2023-04-25T23:40:27+08:00][info] 161
[2023-04-25T23:40:27+08:00][info] $data[pid]
[2023-04-25T23:40:27+08:00][info] 161
[2023-04-25T23:40:27+08:00][sql] CONNECT:[ UseTime:0.000861s ] mysql:host=127.0.0.1;port=3306;dbname=ztx;charset=utf8mb4
[2023-04-25T23:40:27+08:00][sql] SHOW FULL COLUMNS FROM `tp_auth_rule` [ RunTime:0.009139s ]
[2023-04-25T23:40:27+08:00][sql] SELECT * FROM `tp_auth_rule` WHERE  `status` = 1 ORDER BY `sort` ASC [ RunTime:0.000841s ]
[2023-04-25T23:40:27+08:00][sql] SELECT * FROM `tp_auth_rule` WHERE  `name` = 'UserUpload/index' LIMIT 1 [ RunTime:0.001616s ]
[2023-04-25T23:40:27+08:00][sql] SELECT * FROM `tp_auth_rule` WHERE  `id` = 161 LIMIT 1 [ RunTime:0.000487s ]
[2023-04-25T23:40:27+08:00][sql] SELECT * FROM `tp_auth_rule` WHERE  `name` = 'Link' LIMIT 1 [ RunTime:0.000829s ]
[2023-04-25T23:40:27+08:00][sql] SHOW FULL COLUMNS FROM `tp_module` [ RunTime:0.011397s ]
[2023-04-25T23:40:27+08:00][sql] SELECT * FROM `tp_module` WHERE  `model_name` = 'UserUpload' LIMIT 1 [ RunTime:0.000752s ]
[2023-04-25T23:40:27+08:00][sql] SHOW FULL COLUMNS FROM `tp_cate` [ RunTime:0.008416s ]
[2023-04-25T23:40:27+08:00][sql] SELECT * FROM `tp_cate` ORDER BY `sort`,`id` DESC [ RunTime:0.001273s ]
[2023-04-25T23:40:27+08:00][sql] SELECT * FROM `tp_module` WHERE  `id` IN (18,19,21,22,23,24,25) [ RunTime:0.000860s ]
[2023-04-25T23:40:27+08:00][sql] SELECT * FROM `tp_module` WHERE  `model_name` = 'Cate' LIMIT 1 [ RunTime:0.000754s ]
[2023-04-25T23:40:27+08:00][sql] SELECT * FROM `tp_module` WHERE  `table_name` = 'cate' LIMIT 1 [ RunTime:0.000492s ]
[2023-04-25T23:40:27+08:00][sql] SHOW FULL COLUMNS FROM `tp_field` [ RunTime:0.011716s ]
[2023-04-25T23:40:27+08:00][sql] SELECT * FROM `tp_field` WHERE  `module_id` = 20 ORDER BY `sort` ASC,`id` ASC [ RunTime:0.000929s ]
[2023-04-25T23:40:27+08:00][sql] SHOW FULL COLUMNS FROM `tp_system` [ RunTime:0.009847s ]
[2023-04-25T23:40:27+08:00][sql] SELECT * FROM `tp_system` WHERE  `id` = 1 LIMIT 1 [ RunTime:0.000697s ]
[2023-04-25T23:40:27+08:00][sql] SELECT * FROM `tp_auth_rule` WHERE  `auth_open` = 0 [ RunTime:0.000872s ]
[2023-04-25T23:40:27+08:00][sql] SELECT * FROM `tp_auth_rule` [ RunTime:0.000905s ]
[2023-04-25T23:40:27+08:00][sql] SELECT * FROM `tp_auth_rule` WHERE  `name` = 'UserUpload/index' LIMIT 1 [ RunTime:0.001750s ]
[2023-04-25T23:40:27+08:00][sql] SELECT * FROM `tp_auth_rule` WHERE  `id` = 161 LIMIT 1 [ RunTime:0.000709s ]
[2023-04-25T23:40:27+08:00][sql] SELECT * FROM `tp_auth_rule` WHERE  `name` = 'Link' LIMIT 1 [ RunTime:0.000666s ]
[2023-04-25T23:40:27+08:00][sql] SHOW FULL COLUMNS FROM `tp_admin_log` [ RunTime:0.007724s ]
[2023-04-25T23:40:27+08:00][sql] SELECT * FROM `tp_admin_log` WHERE  `admin_id` = 1 ORDER BY `id` DESC LIMIT 1 [ RunTime:0.000565s ]
[2023-04-25T23:40:27+08:00][sql] INSERT INTO `tp_admin_log` SET `title` = '[网站功能] -> [用户上传]' , `content` = '{"getList":"1","pageSize":"10","page":1,"orderByColumn":"id","isAsc":"asc","module_r":"","field_r":"","title":"","auth":"","page_title":"","page_ftips":"","page_end_tips":"","remark":"","upload_file":"","status":""}' , `url` = '/admin/UserUpload/index.html?getList=1' , `admin_id` = 1 , `user_agent` = 'Mozilla/5.0 (Windows NT 10.0; Win64; x64) AppleWebKit/537.36 (KHTML, like Gecko) Chrome/112.0.0.0 Safari/537.36' , `ip` = '127.0.0.1' , `create_time` = 1682437227 , `update_time` = 1682437227 [ RunTime:0.000697s ]
[2023-04-25T23:40:27+08:00][sql] SELECT `pk` FROM `tp_module` WHERE  `table_name` = 'user_upload' LIMIT 1 [ RunTime:0.000967s ]
[2023-04-25T23:40:27+08:00][sql] SELECT * FROM `tp_module` WHERE  `table_name` = 'user_upload' LIMIT 1 [ RunTime:0.000557s ]
[2023-04-25T23:40:27+08:00][sql] SELECT * FROM `tp_field` WHERE  `module_id` = 31 ORDER BY `sort` ASC,`id` ASC [ RunTime:0.000791s ]
[2023-04-25T23:40:27+08:00][sql] SELECT * FROM `tp_module` WHERE  `table_name` = 'user_upload' LIMIT 1 [ RunTime:0.000504s ]
[2023-04-25T23:40:27+08:00][sql] SELECT * FROM `tp_field` WHERE  `module_id` = 31 ORDER BY `sort` ASC,`id` ASC [ RunTime:0.000778s ]
[2023-04-25T23:40:27+08:00][sql] SELECT * FROM `tp_module` WHERE  `model_name` = 'Module' LIMIT 1 [ RunTime:0.000740s ]
[2023-04-25T23:40:27+08:00][sql] SELECT * FROM `tp_field` WHERE  `module_id` = 3  AND `field` = 'sort' LIMIT 1 [ RunTime:0.000656s ]
[2023-04-25T23:40:27+08:00][sql] SELECT * FROM `tp_module` WHERE  `model_name` = 'Module' LIMIT 1 [ RunTime:0.000461s ]
[2023-04-25T23:40:27+08:00][sql] SELECT `id` FROM `tp_module` WHERE  `model_name` = 'Module' LIMIT 1 [ RunTime:0.000333s ]
[2023-04-25T23:40:27+08:00][sql] SELECT `field` FROM `tp_field` WHERE  ( field = 'pid' OR field = 'parent_id'  )  AND `module_id` = 3 LIMIT 1 [ RunTime:0.000641s ]
[2023-04-25T23:40:27+08:00][sql] SELECT `id`,`module_name` FROM `tp_module` ORDER BY `sort` ASC,`id` DESC [ RunTime:0.000672s ]
[2023-04-25T23:40:27+08:00][sql] SELECT * FROM `tp_module` WHERE  `model_name` = 'UsersType' LIMIT 1 [ RunTime:0.000654s ]
[2023-04-25T23:40:27+08:00][sql] SELECT * FROM `tp_field` WHERE  `module_id` = 6  AND `field` = 'sort' LIMIT 1 [ RunTime:0.001237s ]
[2023-04-25T23:40:27+08:00][sql] SELECT * FROM `tp_module` WHERE  `model_name` = 'UsersType' LIMIT 1 [ RunTime:0.000769s ]
[2023-04-25T23:40:27+08:00][sql] SELECT `id` FROM `tp_module` WHERE  `model_name` = 'UsersType' LIMIT 1 [ RunTime:0.000614s ]
[2023-04-25T23:40:27+08:00][sql] SELECT `field` FROM `tp_field` WHERE  ( field = 'pid' OR field = 'parent_id'  )  AND `module_id` = 6 LIMIT 1 [ RunTime:0.000690s ]
[2023-04-25T23:40:27+08:00][sql] SHOW FULL COLUMNS FROM `tp_users_type` [ RunTime:0.007711s ]
[2023-04-25T23:40:27+08:00][sql] SELECT `id`,`name` FROM `tp_users_type` ORDER BY `sort` ASC,`id` DESC [ RunTime:0.000520s ]
[2023-04-25T23:40:27+08:00][sql] SHOW FULL COLUMNS FROM `tp_dictionary` [ RunTime:0.009304s ]
[2023-04-25T23:40:27+08:00][sql] SELECT `dict_value`,`dict_label` FROM `tp_dictionary` WHERE  `dict_type` = '1' ORDER BY `sort` ASC,`id` DESC [ RunTime:0.000642s ]
[2023-04-25T23:40:27+08:00][sql] SELECT * FROM `tp_module` WHERE  `table_name` = 'user_upload' LIMIT 1 [ RunTime:0.000606s ]
[2023-04-25T23:40:27+08:00][sql] SELECT * FROM `tp_module` WHERE  `table_name` = 'user_upload' LIMIT 1 [ RunTime:0.000523s ]
[2023-04-25T23:40:27+08:00][sql] SELECT * FROM `tp_field` WHERE  `module_id` = 31 ORDER BY `sort` ASC,`id` ASC [ RunTime:0.000755s ]
[2023-04-25T23:40:27+08:00][sql] SELECT * FROM `tp_module` WHERE  `model_name` = 'Module' LIMIT 1 [ RunTime:0.000553s ]
[2023-04-25T23:40:27+08:00][sql] SELECT * FROM `tp_field` WHERE  `module_id` = 3  AND `field` = 'sort' LIMIT 1 [ RunTime:0.000630s ]
[2023-04-25T23:40:27+08:00][sql] SELECT * FROM `tp_module` WHERE  `model_name` = 'Module' LIMIT 1 [ RunTime:0.000649s ]
[2023-04-25T23:40:27+08:00][sql] SELECT `id` FROM `tp_module` WHERE  `model_name` = 'Module' LIMIT 1 [ RunTime:0.000508s ]
[2023-04-25T23:40:27+08:00][sql] SELECT `field` FROM `tp_field` WHERE  ( field = 'pid' OR field = 'parent_id'  )  AND `module_id` = 3 LIMIT 1 [ RunTime:0.000606s ]
[2023-04-25T23:40:27+08:00][sql] SELECT `id`,`module_name` FROM `tp_module` ORDER BY `sort` ASC,`id` DESC [ RunTime:0.000644s ]
[2023-04-25T23:40:27+08:00][sql] SELECT * FROM `tp_module` WHERE  `model_name` = 'UsersType' LIMIT 1 [ RunTime:0.000873s ]
[2023-04-25T23:40:27+08:00][sql] SELECT * FROM `tp_field` WHERE  `module_id` = 6  AND `field` = 'sort' LIMIT 1 [ RunTime:0.000985s ]
[2023-04-25T23:40:27+08:00][sql] SELECT * FROM `tp_module` WHERE  `model_name` = 'UsersType' LIMIT 1 [ RunTime:0.000500s ]
[2023-04-25T23:40:27+08:00][sql] SELECT `id` FROM `tp_module` WHERE  `model_name` = 'UsersType' LIMIT 1 [ RunTime:0.000364s ]
[2023-04-25T23:40:27+08:00][sql] SELECT `field` FROM `tp_field` WHERE  ( field = 'pid' OR field = 'parent_id'  )  AND `module_id` = 6 LIMIT 1 [ RunTime:0.000602s ]
[2023-04-25T23:40:27+08:00][sql] SELECT `id`,`name` FROM `tp_users_type` ORDER BY `sort` ASC,`id` DESC [ RunTime:0.000607s ]
[2023-04-25T23:40:27+08:00][sql] SELECT `dict_value`,`dict_label` FROM `tp_dictionary` WHERE  `dict_type` = '1' ORDER BY `sort` ASC,`id` DESC [ RunTime:0.000563s ]
[2023-04-25T23:40:27+08:00][sql] SELECT `pk` FROM `tp_module` WHERE  `table_name` = 'user_upload' LIMIT 1 [ RunTime:0.000368s ]
[2023-04-25T23:40:27+08:00][sql] SELECT `id` FROM `tp_module` WHERE  `model_name` = 'UserUpload' LIMIT 1 [ RunTime:0.000548s ]
[2023-04-25T23:40:27+08:00][sql] SELECT * FROM `tp_field` WHERE  `module_id` = 31 [ RunTime:0.001445s ]
[2023-04-25T23:40:27+08:00][sql] SHOW FULL COLUMNS FROM `tp_user_upload` [ RunTime:0.010448s ]
[2023-04-25T23:40:27+08:00][sql] SELECT COUNT(*) AS think_count FROM `tp_user_upload` `UserUpload` LIMIT 1 [ RunTime:0.001035s ]
[2023-04-25T23:40:27+08:00][sql] SELECT * FROM `tp_user_upload` `UserUpload` ORDER BY `id` ASC LIMIT 0,10 [ RunTime:0.000601s ]
[2023-04-25T23:40:27+08:00][sql] SELECT * FROM `tp_module` WHERE  `id` IN (10,21) [ RunTime:0.000545s ]
[2023-04-25T23:40:27+08:00][sql] SELECT * FROM `tp_users_type` WHERE  `id` = 0 [ RunTime:0.000369s ]
[2023-04-25T23:40:27+08:00][sql] SELECT * FROM `tp_module` WHERE  `model_name` = 'UserUpload' LIMIT 1 [ RunTime:0.000637s ]
[2023-04-25T23:40:27+08:00][sql] SELECT * FROM `tp_module` WHERE  `table_name` = 'user_upload' LIMIT 1 [ RunTime:0.000437s ]
[2023-04-25T23:40:27+08:00][sql] SELECT * FROM `tp_field` WHERE  `module_id` = 31 ORDER BY `sort` ASC,`id` ASC [ RunTime:0.000722s ]
[2023-04-25T23:40:27+08:00][info] $data[pid]
[2023-04-25T23:40:27+08:00][info] 161
[2023-04-25T23:40:27+08:00][info] $data[pid]
[2023-04-25T23:40:27+08:00][info] 161
[2023-04-25T23:41:20+08:00][sql] CONNECT:[ UseTime:0.001070s ] mysql:host=127.0.0.1;port=3306;dbname=ztx;charset=utf8mb4
[2023-04-25T23:41:20+08:00][sql] SHOW FULL COLUMNS FROM `tp_auth_rule` [ RunTime:0.014914s ]
[2023-04-25T23:41:20+08:00][sql] SELECT * FROM `tp_auth_rule` WHERE  `status` = 1 ORDER BY `sort` ASC [ RunTime:0.001218s ]
[2023-04-25T23:41:20+08:00][sql] SELECT * FROM `tp_auth_rule` WHERE  `name` = 'UserUpload/edit' LIMIT 1 [ RunTime:0.001391s ]
[2023-04-25T23:41:20+08:00][sql] SELECT * FROM `tp_auth_rule` WHERE  `id` = 312 LIMIT 1 [ RunTime:0.000860s ]
[2023-04-25T23:41:20+08:00][sql] SELECT * FROM `tp_auth_rule` WHERE  `name` = 'UserUpload/index' LIMIT 1 [ RunTime:0.001005s ]
[2023-04-25T23:41:20+08:00][sql] SELECT * FROM `tp_auth_rule` WHERE  `id` = 161 LIMIT 1 [ RunTime:0.000667s ]
[2023-04-25T23:41:20+08:00][sql] SELECT * FROM `tp_auth_rule` WHERE  `name` = 'Link' LIMIT 1 [ RunTime:0.000657s ]
[2023-04-25T23:41:20+08:00][sql] SHOW FULL COLUMNS FROM `tp_module` [ RunTime:0.010935s ]
[2023-04-25T23:41:20+08:00][sql] SELECT * FROM `tp_module` WHERE  `model_name` = 'UserUpload' LIMIT 1 [ RunTime:0.000990s ]
[2023-04-25T23:41:20+08:00][sql] SHOW FULL COLUMNS FROM `tp_cate` [ RunTime:0.008569s ]
[2023-04-25T23:41:20+08:00][sql] SELECT * FROM `tp_cate` ORDER BY `sort`,`id` DESC [ RunTime:0.001007s ]
[2023-04-25T23:41:20+08:00][sql] SELECT * FROM `tp_module` WHERE  `id` IN (18,19,21,22,23,24,25) [ RunTime:0.000955s ]
[2023-04-25T23:41:20+08:00][sql] SELECT * FROM `tp_module` WHERE  `model_name` = 'Cate' LIMIT 1 [ RunTime:0.000787s ]
[2023-04-25T23:41:20+08:00][sql] SELECT * FROM `tp_module` WHERE  `table_name` = 'cate' LIMIT 1 [ RunTime:0.000982s ]
[2023-04-25T23:41:20+08:00][sql] SHOW FULL COLUMNS FROM `tp_field` [ RunTime:0.007766s ]
[2023-04-25T23:41:20+08:00][sql] SELECT * FROM `tp_field` WHERE  `module_id` = 20 ORDER BY `sort` ASC,`id` ASC [ RunTime:0.001679s ]
[2023-04-25T23:41:20+08:00][sql] SHOW FULL COLUMNS FROM `tp_system` [ RunTime:0.010168s ]
[2023-04-25T23:41:20+08:00][sql] SELECT * FROM `tp_system` WHERE  `id` = 1 LIMIT 1 [ RunTime:0.000767s ]
[2023-04-25T23:41:20+08:00][sql] SELECT * FROM `tp_auth_rule` WHERE  `auth_open` = 0 [ RunTime:0.001282s ]
[2023-04-25T23:41:20+08:00][sql] SELECT * FROM `tp_auth_rule` [ RunTime:0.001749s ]
[2023-04-25T23:41:20+08:00][sql] SELECT * FROM `tp_auth_rule` WHERE  `name` = 'UserUpload/edit' LIMIT 1 [ RunTime:0.002181s ]
[2023-04-25T23:41:20+08:00][sql] SELECT * FROM `tp_auth_rule` WHERE  `id` = 312 LIMIT 1 [ RunTime:0.000509s ]
[2023-04-25T23:41:20+08:00][sql] SELECT * FROM `tp_auth_rule` WHERE  `name` = 'UserUpload/index' LIMIT 1 [ RunTime:0.000894s ]
[2023-04-25T23:41:20+08:00][sql] SELECT * FROM `tp_auth_rule` WHERE  `id` = 161 LIMIT 1 [ RunTime:0.000819s ]
[2023-04-25T23:41:20+08:00][sql] SELECT * FROM `tp_auth_rule` WHERE  `name` = 'Link' LIMIT 1 [ RunTime:0.001181s ]
[2023-04-25T23:41:20+08:00][sql] SHOW FULL COLUMNS FROM `tp_admin_log` [ RunTime:0.012229s ]
[2023-04-25T23:41:20+08:00][sql] SELECT * FROM `tp_admin_log` WHERE  `admin_id` = 1 ORDER BY `id` DESC LIMIT 1 [ RunTime:0.000548s ]
[2023-04-25T23:41:20+08:00][sql] INSERT INTO `tp_admin_log` SET `title` = '[网站功能] -> [用户上传] -> [操作-修改]' , `content` = '{"id":"3","_layer":"1"}' , `url` = '/admin/UserUpload/edit.html?id=3&_layer=1' , `admin_id` = 1 , `user_agent` = 'Mozilla/5.0 (Windows NT 10.0; Win64; x64) AppleWebKit/537.36 (KHTML, like Gecko) Chrome/112.0.0.0 Safari/537.36' , `ip` = '127.0.0.1' , `create_time` = 1682437280 , `update_time` = 1682437280 [ RunTime:0.001551s ]
[2023-04-25T23:41:20+08:00][sql] SHOW FULL COLUMNS FROM `tp_user_upload` [ RunTime:0.007962s ]
[2023-04-25T23:41:20+08:00][sql] SELECT * FROM `tp_user_upload` WHERE  `id` = 3 LIMIT 1 [ RunTime:0.000677s ]
[2023-04-25T23:41:20+08:00][sql] SELECT * FROM `tp_module` WHERE  `table_name` = 'user_upload' LIMIT 1 [ RunTime:0.000530s ]
[2023-04-25T23:41:20+08:00][sql] SELECT * FROM `tp_module` WHERE  `table_name` = 'user_upload' LIMIT 1 [ RunTime:0.000646s ]
[2023-04-25T23:41:20+08:00][sql] SELECT * FROM `tp_field` WHERE  `module_id` = 31 ORDER BY `sort` ASC,`id` ASC [ RunTime:0.000925s ]
[2023-04-25T23:41:20+08:00][sql] SELECT * FROM `tp_module` WHERE  `model_name` = 'Module' LIMIT 1 [ RunTime:0.000699s ]
[2023-04-25T23:41:20+08:00][sql] SELECT * FROM `tp_field` WHERE  `module_id` = 3  AND `field` = 'sort' LIMIT 1 [ RunTime:0.000622s ]
[2023-04-25T23:41:20+08:00][sql] SELECT * FROM `tp_module` WHERE  `model_name` = 'Module' LIMIT 1 [ RunTime:0.000634s ]
[2023-04-25T23:41:20+08:00][sql] SELECT `id` FROM `tp_module` WHERE  `model_name` = 'Module' LIMIT 1 [ RunTime:0.000409s ]
[2023-04-25T23:41:20+08:00][sql] SELECT `field` FROM `tp_field` WHERE  ( field = 'pid' OR field = 'parent_id'  )  AND `module_id` = 3 LIMIT 1 [ RunTime:0.000689s ]
[2023-04-25T23:41:20+08:00][sql] SELECT `id`,`module_name` FROM `tp_module` ORDER BY `sort` ASC,`id` DESC [ RunTime:0.000430s ]
[2023-04-25T23:41:20+08:00][sql] SELECT * FROM `tp_module` WHERE  `model_name` = 'UsersType' LIMIT 1 [ RunTime:0.000436s ]
[2023-04-25T23:41:20+08:00][sql] SELECT * FROM `tp_field` WHERE  `module_id` = 6  AND `field` = 'sort' LIMIT 1 [ RunTime:0.000508s ]
[2023-04-25T23:41:20+08:00][sql] SELECT * FROM `tp_module` WHERE  `model_name` = 'UsersType' LIMIT 1 [ RunTime:0.000431s ]
[2023-04-25T23:41:20+08:00][sql] SELECT `id` FROM `tp_module` WHERE  `model_name` = 'UsersType' LIMIT 1 [ RunTime:0.000351s ]
[2023-04-25T23:41:20+08:00][sql] SELECT `field` FROM `tp_field` WHERE  ( field = 'pid' OR field = 'parent_id'  )  AND `module_id` = 6 LIMIT 1 [ RunTime:0.000571s ]
[2023-04-25T23:41:20+08:00][sql] SHOW FULL COLUMNS FROM `tp_users_type` [ RunTime:0.009475s ]
[2023-04-25T23:41:20+08:00][sql] SELECT `id`,`name` FROM `tp_users_type` ORDER BY `sort` ASC,`id` DESC [ RunTime:0.000564s ]
[2023-04-25T23:41:20+08:00][sql] SHOW FULL COLUMNS FROM `tp_dictionary` [ RunTime:0.007858s ]
[2023-04-25T23:41:20+08:00][sql] SELECT `dict_value`,`dict_label` FROM `tp_dictionary` WHERE  `dict_type` = '1' ORDER BY `sort` ASC,`id` DESC [ RunTime:0.000587s ]
[2023-04-25T23:41:20+08:00][sql] SELECT * FROM `tp_module` WHERE  `model_name` = 'UserUpload' LIMIT 1 [ RunTime:0.001015s ]
[2023-04-25T23:41:20+08:00][sql] SHOW FULL COLUMNS FROM `tp_field_group` [ RunTime:0.007457s ]
[2023-04-25T23:41:20+08:00][sql] SELECT * FROM `tp_field_group` WHERE  `module_id` = 31 ORDER BY `sort` ASC,`id` DESC [ RunTime:0.001668s ]
[2023-04-25T23:41:20+08:00][sql] SELECT * FROM `tp_module` WHERE  `table_name` = 'user_upload' LIMIT 1 [ RunTime:0.000600s ]
[2023-04-25T23:41:20+08:00][sql] SELECT * FROM `tp_field` WHERE  `module_id` = 31 ORDER BY `sort` ASC,`id` ASC [ RunTime:0.000767s ]
[2023-04-25T23:41:20+08:00][sql] SELECT * FROM `tp_module` WHERE  `table_name` = 'user_upload' LIMIT 1 [ RunTime:0.000566s ]
[2023-04-25T23:41:20+08:00][sql] SELECT * FROM `tp_field` WHERE  `module_id` = 0 [ RunTime:0.001438s ]
[2023-04-25T23:41:20+08:00][sql] SELECT `module_id` FROM `tp_field` WHERE  `id` = 110 LIMIT 1 [ RunTime:0.000449s ]
[2023-04-25T23:41:20+08:00][sql] SELECT * FROM `tp_field` WHERE  `module_id` = 10 [ RunTime:0.001186s ]
[2023-04-25T23:41:20+08:00][sql] SELECT `module_id` FROM `tp_field` WHERE  `id` = 10 LIMIT 1 [ RunTime:0.000562s ]
[2023-04-25T23:41:20+08:00][sql] SELECT * FROM `tp_field` WHERE  `module_id` = 4 [ RunTime:0.001193s ]
[2023-04-25T23:41:20+08:00][sql] SELECT `module_id` FROM `tp_field` WHERE  `id` = 4 LIMIT 1 [ RunTime:0.000432s ]
[2023-04-25T23:41:20+08:00][sql] SELECT * FROM `tp_field` WHERE  `module_id` = 3 [ RunTime:0.001355s ]
[2023-04-25T23:41:20+08:00][sql] SELECT `module_id` FROM `tp_field` WHERE  `id` = 3 LIMIT 1 [ RunTime:0.000571s ]
[2023-04-25T23:41:20+08:00][sql] SELECT * FROM `tp_field` WHERE  `module_id` = 0 [ RunTime:0.001305s ]
[2023-04-25T23:41:20+08:00][info] $data[pid]
[2023-04-25T23:41:20+08:00][info] 312
[2023-04-25T23:41:20+08:00][info] $data[pid]
[2023-04-25T23:41:20+08:00][info] 161
[2023-04-25T23:41:20+08:00][info] $data[pid]
[2023-04-25T23:41:20+08:00][info] 312
[2023-04-25T23:41:20+08:00][info] $data[pid]
[2023-04-25T23:41:20+08:00][info] 161
