[2023-04-27T23:21:39+08:00][sql] CONNECT:[ UseTime:0.001016s ] mysql:host=127.0.0.1;port=3306;dbname=ztx;charset=utf8mb4
[2023-04-27T23:21:39+08:00][sql] SHOW FULL COLUMNS FROM `tp_auth_rule` [ RunTime:0.008032s ]
[2023-04-27T23:21:39+08:00][sql] SELECT * FROM `tp_auth_rule` WHERE  `status` = 1 ORDER BY `sort` ASC [ RunTime:0.000883s ]
[2023-04-27T23:21:39+08:00][sql] SELECT * FROM `tp_auth_rule` WHERE  `name` = 'Index/index' LIMIT 1 [ RunTime:0.001204s ]
[2023-04-27T23:21:39+08:00][sql] SHOW FULL COLUMNS FROM `tp_module` [ RunTime:0.007079s ]
[2023-04-27T23:21:39+08:00][sql] SELECT * FROM `tp_module` WHERE  `model_name` = 'Index' LIMIT 1 [ RunTime:0.000750s ]
[2023-04-27T23:21:39+08:00][sql] SHOW FULL COLUMNS FROM `tp_cate` [ RunTime:0.006816s ]
[2023-04-27T23:21:39+08:00][sql] SELECT * FROM `tp_cate` ORDER BY `sort`,`id` DESC [ RunTime:0.001094s ]
[2023-04-27T23:21:39+08:00][sql] SELECT * FROM `tp_module` WHERE  `id` IN (18,19,21,22,23,24,25) [ RunTime:0.000879s ]
[2023-04-27T23:21:39+08:00][sql] SELECT * FROM `tp_module` WHERE  `model_name` = 'Cate' LIMIT 1 [ RunTime:0.000755s ]
[2023-04-27T23:21:39+08:00][sql] SELECT * FROM `tp_module` WHERE  `table_name` = 'cate' LIMIT 1 [ RunTime:0.000465s ]
[2023-04-27T23:21:39+08:00][sql] SHOW FULL COLUMNS FROM `tp_field` [ RunTime:0.007548s ]
[2023-04-27T23:21:39+08:00][sql] SELECT * FROM `tp_field` WHERE  `module_id` = 20 ORDER BY `sort` ASC,`id` ASC [ RunTime:0.001010s ]
[2023-04-27T23:21:39+08:00][sql] SHOW FULL COLUMNS FROM `tp_system` [ RunTime:0.008005s ]
[2023-04-27T23:21:39+08:00][sql] SELECT * FROM `tp_system` WHERE  `id` = 1 LIMIT 1 [ RunTime:0.000662s ]
[2023-04-27T23:21:40+08:00][sql] CONNECT:[ UseTime:0.019880s ] mysql:host=127.0.0.1;port=3306;dbname=ztx;charset=utf8mb4
[2023-04-27T23:21:40+08:00][sql] SHOW FULL COLUMNS FROM `tp_system` [ RunTime:0.008604s ]
[2023-04-27T23:21:40+08:00][sql] SELECT * FROM `tp_system` WHERE  `id` = 1 LIMIT 1 [ RunTime:0.000865s ]
[2023-04-27T23:21:42+08:00][sql] CONNECT:[ UseTime:0.001220s ] mysql:host=127.0.0.1;port=3306;dbname=ztx;charset=utf8mb4
[2023-04-27T23:21:42+08:00][sql] SHOW FULL COLUMNS FROM `tp_system` [ RunTime:0.008852s ]
[2023-04-27T23:21:42+08:00][sql] SELECT * FROM `tp_system` WHERE  `id` = 1 LIMIT 1 [ RunTime:0.001821s ]
[2023-04-27T23:21:42+08:00][sql] SHOW FULL COLUMNS FROM `tp_admin` [ RunTime:0.011316s ]
[2023-04-27T23:21:42+08:00][sql] SELECT * FROM `tp_admin` WHERE  `username` = 'admin'  AND `password` = '21232f297a57a5a743894a0e4a801fc3' LIMIT 1 [ RunTime:0.001294s ]
[2023-04-27T23:21:42+08:00][sql] UPDATE `tp_admin`  SET `login_time` = 1682608902 , `login_ip` = '127.0.0.1'  WHERE  `id` = 1 [ RunTime:0.004135s ]
[2023-04-27T23:21:42+08:00][sql] SHOW FULL COLUMNS FROM `tp_auth_group_access` [ RunTime:0.008605s ]
[2023-04-27T23:21:42+08:00][sql] SELECT `a`.`group_id`,`ag`.`rules`,`ag`.`title` FROM `tp_auth_group_access` `a` LEFT JOIN `tp_auth_group` `ag` ON `a`.`group_id`=`ag`.`id` WHERE  `uid` = 1 LIMIT 1 [ RunTime:0.005999s ]
[2023-04-27T23:21:42+08:00][sql] SHOW FULL COLUMNS FROM `tp_auth_rule` [ RunTime:0.007511s ]
[2023-04-27T23:21:42+08:00][sql] SELECT * FROM `tp_auth_rule` WHERE  `auth_open` = 0 [ RunTime:0.000842s ]
[2023-04-27T23:21:42+08:00][sql] SELECT * FROM `tp_auth_rule` [ RunTime:0.002040s ]
[2023-04-27T23:21:42+08:00][sql] SELECT * FROM `tp_admin` WHERE  `username` = 'admin'  AND `password` = '21232f297a57a5a743894a0e4a801fc3' LIMIT 1 [ RunTime:0.001011s ]
[2023-04-27T23:21:42+08:00][sql] SELECT * FROM `tp_auth_rule` WHERE  `name` = 'Login/checkLogin' LIMIT 1 [ RunTime:0.001029s ]
[2023-04-27T23:21:42+08:00][sql] SHOW FULL COLUMNS FROM `tp_admin_log` [ RunTime:0.007945s ]
[2023-04-27T23:21:42+08:00][sql] SELECT * FROM `tp_admin_log` WHERE  `admin_id` = 1 ORDER BY `id` DESC LIMIT 1 [ RunTime:0.001533s ]
[2023-04-27T23:21:42+08:00][sql] INSERT INTO `tp_admin_log` SET `title` = '[登录成功]' , `content` = '' , `url` = '/admin/Login/checkLogin.html' , `admin_id` = 1 , `user_agent` = 'Mozilla/5.0 (Windows NT 10.0; Win64; x64) AppleWebKit/537.36 (KHTML, like Gecko) Chrome/112.0.0.0 Safari/537.36' , `ip` = '127.0.0.1' , `create_time` = 1682608902 , `update_time` = 1682608902 [ RunTime:0.004058s ]
[2023-04-27T23:21:43+08:00][sql] CONNECT:[ UseTime:0.001070s ] mysql:host=127.0.0.1;port=3306;dbname=ztx;charset=utf8mb4
[2023-04-27T23:21:43+08:00][sql] SHOW FULL COLUMNS FROM `tp_auth_rule` [ RunTime:0.009202s ]
[2023-04-27T23:21:43+08:00][sql] SELECT * FROM `tp_auth_rule` WHERE  `status` = 1 ORDER BY `sort` ASC [ RunTime:0.001247s ]
[2023-04-27T23:21:43+08:00][sql] SELECT * FROM `tp_auth_rule` WHERE  `name` = 'Index/index' LIMIT 1 [ RunTime:0.001442s ]
[2023-04-27T23:21:43+08:00][sql] SHOW FULL COLUMNS FROM `tp_module` [ RunTime:0.009087s ]
[2023-04-27T23:21:43+08:00][sql] SELECT * FROM `tp_module` WHERE  `model_name` = 'Index' LIMIT 1 [ RunTime:0.001156s ]
[2023-04-27T23:21:43+08:00][sql] SHOW FULL COLUMNS FROM `tp_cate` [ RunTime:0.007175s ]
[2023-04-27T23:21:43+08:00][sql] SELECT * FROM `tp_cate` ORDER BY `sort`,`id` DESC [ RunTime:0.000624s ]
[2023-04-27T23:21:43+08:00][sql] SELECT * FROM `tp_module` WHERE  `id` IN (18,19,21,22,23,24,25) [ RunTime:0.000946s ]
[2023-04-27T23:21:43+08:00][sql] SELECT * FROM `tp_module` WHERE  `model_name` = 'Cate' LIMIT 1 [ RunTime:0.001219s ]
[2023-04-27T23:21:43+08:00][sql] SELECT * FROM `tp_module` WHERE  `table_name` = 'cate' LIMIT 1 [ RunTime:0.000673s ]
[2023-04-27T23:21:43+08:00][sql] SHOW FULL COLUMNS FROM `tp_field` [ RunTime:0.007506s ]
[2023-04-27T23:21:43+08:00][sql] SELECT * FROM `tp_field` WHERE  `module_id` = 20 ORDER BY `sort` ASC,`id` ASC [ RunTime:0.000902s ]
[2023-04-27T23:21:43+08:00][sql] SHOW FULL COLUMNS FROM `tp_system` [ RunTime:0.008644s ]
[2023-04-27T23:21:43+08:00][sql] SELECT * FROM `tp_system` WHERE  `id` = 1 LIMIT 1 [ RunTime:0.000803s ]
[2023-04-27T23:21:43+08:00][sql] SELECT * FROM `tp_auth_rule` WHERE  `auth_open` = 0 [ RunTime:0.000795s ]
[2023-04-27T23:21:43+08:00][sql] SELECT * FROM `tp_auth_rule` [ RunTime:0.001252s ]
[2023-04-27T23:21:43+08:00][sql] SELECT * FROM `tp_auth_rule` WHERE  `name` = 'Index/index' LIMIT 1 [ RunTime:0.001350s ]
[2023-04-27T23:21:43+08:00][sql] SHOW FULL COLUMNS FROM `tp_admin_log` [ RunTime:0.006750s ]
[2023-04-27T23:21:43+08:00][sql] SELECT * FROM `tp_admin_log` WHERE  `admin_id` = 1 ORDER BY `id` DESC LIMIT 1 [ RunTime:0.000548s ]
[2023-04-27T23:21:43+08:00][sql] INSERT INTO `tp_admin_log` SET `title` = '[控制台]' , `content` = '[]' , `url` = '/admin' , `admin_id` = 1 , `user_agent` = 'Mozilla/5.0 (Windows NT 10.0; Win64; x64) AppleWebKit/537.36 (KHTML, like Gecko) Chrome/112.0.0.0 Safari/537.36' , `ip` = '127.0.0.1' , `create_time` = 1682608902 , `update_time` = 1682608902 [ RunTime:0.001341s ]
[2023-04-27T23:21:43+08:00][sql] SELECT VERSION() AS ver [ RunTime:0.002621s ]
[2023-04-27T23:21:43+08:00][sql] SHOW FULL COLUMNS FROM `tp_users` [ RunTime:0.007684s ]
[2023-04-27T23:21:43+08:00][sql] SELECT COUNT(*) AS think_count FROM `tp_users` WHERE  `create_time` > 1682004102 LIMIT 1 [ RunTime:0.002662s ]
[2023-04-27T23:21:43+08:00][sql] SHOW FULL COLUMNS FROM `tp_message` [ RunTime:0.008840s ]
[2023-04-27T23:21:43+08:00][sql] SELECT COUNT(*) AS think_count FROM `tp_message` WHERE  `status` = 0 LIMIT 1 [ RunTime:0.001199s ]
[2023-04-27T23:21:43+08:00][sql] SELECT `id` FROM `tp_module` WHERE  `table_name` = 'message' LIMIT 1 [ RunTime:0.000521s ]
[2023-04-27T23:21:43+08:00][sql] SELECT `id` FROM `tp_cate` WHERE  `module_id` = 25 LIMIT 1 [ RunTime:0.000428s ]
[2023-04-27T23:21:43+08:00][sql] SHOW FULL COLUMNS FROM `tp_admin` [ RunTime:0.007804s ]
[2023-04-27T23:21:43+08:00][sql] SELECT `password` FROM `tp_admin` WHERE  `id` = 1 LIMIT 1 [ RunTime:0.000736s ]
[2023-04-27T23:24:16+08:00][sql] CONNECT:[ UseTime:0.013521s ] mysql:host=127.0.0.1;port=3306;dbname=ztx;charset=utf8mb4
[2023-04-27T23:24:16+08:00][sql] SHOW FULL COLUMNS FROM `tp_auth_rule` [ RunTime:0.006758s ]
[2023-04-27T23:24:16+08:00][sql] SELECT * FROM `tp_auth_rule` WHERE  `status` = 1 ORDER BY `sort` ASC [ RunTime:0.000853s ]
[2023-04-27T23:24:16+08:00][sql] SELECT * FROM `tp_auth_rule` WHERE  `name` = 'Field/index' LIMIT 1 [ RunTime:0.001049s ]
[2023-04-27T23:24:16+08:00][sql] SELECT * FROM `tp_auth_rule` WHERE  `id` = 160 LIMIT 1 [ RunTime:0.000563s ]
[2023-04-27T23:24:16+08:00][sql] SELECT * FROM `tp_auth_rule` WHERE  `name` = 'Module' LIMIT 1 [ RunTime:0.000946s ]
[2023-04-27T23:24:16+08:00][sql] SHOW FULL COLUMNS FROM `tp_module` [ RunTime:0.008659s ]
[2023-04-27T23:24:16+08:00][sql] SELECT * FROM `tp_module` WHERE  `model_name` = 'Field' LIMIT 1 [ RunTime:0.000602s ]
[2023-04-27T23:24:16+08:00][sql] SHOW FULL COLUMNS FROM `tp_cate` [ RunTime:0.006107s ]
[2023-04-27T23:24:16+08:00][sql] SELECT * FROM `tp_cate` ORDER BY `sort`,`id` DESC [ RunTime:0.000694s ]
[2023-04-27T23:24:16+08:00][sql] SELECT * FROM `tp_module` WHERE  `id` IN (18,19,21,22,23,24,25) [ RunTime:0.000692s ]
[2023-04-27T23:24:16+08:00][sql] SELECT * FROM `tp_module` WHERE  `model_name` = 'Cate' LIMIT 1 [ RunTime:0.000866s ]
[2023-04-27T23:24:16+08:00][sql] SELECT * FROM `tp_module` WHERE  `table_name` = 'cate' LIMIT 1 [ RunTime:0.000742s ]
[2023-04-27T23:24:16+08:00][sql] SHOW FULL COLUMNS FROM `tp_field` [ RunTime:0.009727s ]
[2023-04-27T23:24:16+08:00][sql] SELECT * FROM `tp_field` WHERE  `module_id` = 20 ORDER BY `sort` ASC,`id` ASC [ RunTime:0.000816s ]
[2023-04-27T23:24:16+08:00][sql] SHOW FULL COLUMNS FROM `tp_system` [ RunTime:0.007758s ]
[2023-04-27T23:24:16+08:00][sql] SELECT * FROM `tp_system` WHERE  `id` = 1 LIMIT 1 [ RunTime:0.000584s ]
[2023-04-27T23:24:16+08:00][sql] SELECT * FROM `tp_auth_rule` WHERE  `auth_open` = 0 [ RunTime:0.000911s ]
[2023-04-27T23:24:16+08:00][sql] SELECT * FROM `tp_auth_rule` [ RunTime:0.000965s ]
[2023-04-27T23:24:16+08:00][sql] SELECT * FROM `tp_auth_rule` WHERE  `name` = 'Field/index' LIMIT 1 [ RunTime:0.002938s ]
[2023-04-27T23:24:16+08:00][sql] SELECT * FROM `tp_auth_rule` WHERE  `id` = 160 LIMIT 1 [ RunTime:0.001882s ]
[2023-04-27T23:24:16+08:00][sql] SELECT * FROM `tp_auth_rule` WHERE  `name` = 'Module' LIMIT 1 [ RunTime:0.002906s ]
[2023-04-27T23:24:16+08:00][sql] SHOW FULL COLUMNS FROM `tp_admin_log` [ RunTime:0.008002s ]
[2023-04-27T23:24:16+08:00][sql] SELECT * FROM `tp_admin_log` WHERE  `admin_id` = 1 ORDER BY `id` DESC LIMIT 1 [ RunTime:0.000520s ]
[2023-04-27T23:24:16+08:00][sql] INSERT INTO `tp_admin_log` SET `title` = '[模块管理] -> [字段管理]' , `content` = '[]' , `url` = '/admin/Field/index.html?_pjax=.content-wrapper' , `admin_id` = 1 , `user_agent` = 'Mozilla/5.0 (Windows NT 10.0; Win64; x64) AppleWebKit/537.36 (KHTML, like Gecko) Chrome/112.0.0.0 Safari/537.36' , `ip` = '127.0.0.1' , `create_time` = 1682609056 , `update_time` = 1682609056 [ RunTime:0.000627s ]
[2023-04-27T23:24:16+08:00][sql] SELECT `pk` FROM `tp_module` WHERE  `table_name` = 'field' LIMIT 1 [ RunTime:0.000999s ]
[2023-04-27T23:24:16+08:00][sql] SELECT * FROM `tp_module` WHERE  `table_name` = 'field' LIMIT 1 [ RunTime:0.000687s ]
[2023-04-27T23:24:16+08:00][sql] SELECT * FROM `tp_field` WHERE  `module_id` = 2 ORDER BY `sort` ASC,`id` ASC [ RunTime:0.000986s ]
[2023-04-27T23:24:16+08:00][sql] SHOW FULL COLUMNS FROM `tp_dictionary` [ RunTime:0.006992s ]
[2023-04-27T23:24:16+08:00][sql] SELECT `dict_value`,`dict_label` FROM `tp_dictionary` WHERE  `dict_type` = '2' ORDER BY `sort` ASC,`id` DESC [ RunTime:0.000547s ]
[2023-04-27T23:24:16+08:00][sql] SELECT `dict_value`,`dict_label` FROM `tp_dictionary` WHERE  `dict_type` = '9' ORDER BY `sort` ASC,`id` DESC [ RunTime:0.000662s ]
[2023-04-27T23:24:16+08:00][sql] SELECT `dict_value`,`dict_label` FROM `tp_dictionary` WHERE  `dict_type` = '2' ORDER BY `sort` ASC,`id` DESC [ RunTime:0.000723s ]
[2023-04-27T23:24:16+08:00][sql] SELECT `dict_value`,`dict_label` FROM `tp_dictionary` WHERE  `dict_type` = '2' ORDER BY `sort` ASC,`id` DESC [ RunTime:0.000436s ]
[2023-04-27T23:24:16+08:00][sql] SELECT `dict_value`,`dict_label` FROM `tp_dictionary` WHERE  `dict_type` = '2' ORDER BY `sort` ASC,`id` DESC [ RunTime:0.000497s ]
[2023-04-27T23:24:16+08:00][sql] SELECT `dict_value`,`dict_label` FROM `tp_dictionary` WHERE  `dict_type` = '2' ORDER BY `sort` ASC,`id` DESC [ RunTime:0.000639s ]
[2023-04-27T23:24:16+08:00][sql] SELECT `dict_value`,`dict_label` FROM `tp_dictionary` WHERE  `dict_type` = '2' ORDER BY `sort` ASC,`id` DESC [ RunTime:0.000402s ]
[2023-04-27T23:24:16+08:00][sql] SELECT `dict_value`,`dict_label` FROM `tp_dictionary` WHERE  `dict_type` = '1' ORDER BY `sort` ASC,`id` DESC [ RunTime:0.000370s ]
[2023-04-27T23:24:16+08:00][sql] SELECT * FROM `tp_module` WHERE  `table_name` = 'field' LIMIT 1 [ RunTime:0.000390s ]
[2023-04-27T23:24:16+08:00][sql] SELECT * FROM `tp_field` WHERE  `module_id` = 2 ORDER BY `sort` ASC,`id` ASC [ RunTime:0.000892s ]
[2023-04-27T23:24:16+08:00][sql] SELECT * FROM `tp_module` WHERE  `model_name` = 'Module' LIMIT 1 [ RunTime:0.000937s ]
[2023-04-27T23:24:16+08:00][sql] SELECT * FROM `tp_field` WHERE  `module_id` = 3  AND `field` = 'sort' LIMIT 1 [ RunTime:0.001109s ]
[2023-04-27T23:24:16+08:00][sql] SELECT * FROM `tp_module` WHERE  `model_name` = 'Module' LIMIT 1 [ RunTime:0.000473s ]
[2023-04-27T23:24:16+08:00][sql] SELECT `id` FROM `tp_module` WHERE  `model_name` = 'Module' LIMIT 1 [ RunTime:0.000364s ]
[2023-04-27T23:24:16+08:00][sql] SELECT `field` FROM `tp_field` WHERE  ( field = 'pid' OR field = 'parent_id'  )  AND `module_id` = 3 LIMIT 1 [ RunTime:0.000750s ]
[2023-04-27T23:24:16+08:00][sql] SELECT `id`,`module_name` FROM `tp_module` ORDER BY `sort` ASC,`id` DESC [ RunTime:0.001055s ]
[2023-04-27T23:24:16+08:00][sql] SELECT `dict_value`,`dict_label` FROM `tp_dictionary` WHERE  `dict_type` = '9' ORDER BY `sort` ASC,`id` DESC [ RunTime:0.001046s ]
[2023-04-27T23:24:16+08:00][sql] SELECT `dict_value`,`dict_label` FROM `tp_dictionary` WHERE  `dict_type` = '1' ORDER BY `sort` ASC,`id` DESC [ RunTime:0.000480s ]
[2023-04-27T23:24:16+08:00][info] $data[pid]
[2023-04-27T23:24:16+08:00][info] 160
[2023-04-27T23:24:16+08:00][info] $data[pid]
[2023-04-27T23:24:16+08:00][info] 160
[2023-04-27T23:24:16+08:00][sql] CONNECT:[ UseTime:0.020571s ] mysql:host=127.0.0.1;port=3306;dbname=ztx;charset=utf8mb4
[2023-04-27T23:24:16+08:00][sql] SHOW FULL COLUMNS FROM `tp_auth_rule` [ RunTime:0.011521s ]
[2023-04-27T23:24:16+08:00][sql] SELECT * FROM `tp_auth_rule` WHERE  `status` = 1 ORDER BY `sort` ASC [ RunTime:0.000885s ]
[2023-04-27T23:24:16+08:00][sql] SELECT * FROM `tp_auth_rule` WHERE  `name` = 'Field/index' LIMIT 1 [ RunTime:0.001282s ]
[2023-04-27T23:24:16+08:00][sql] SELECT * FROM `tp_auth_rule` WHERE  `id` = 160 LIMIT 1 [ RunTime:0.000817s ]
[2023-04-27T23:24:16+08:00][sql] SELECT * FROM `tp_auth_rule` WHERE  `name` = 'Module' LIMIT 1 [ RunTime:0.000807s ]
[2023-04-27T23:24:16+08:00][sql] SHOW FULL COLUMNS FROM `tp_module` [ RunTime:0.008710s ]
[2023-04-27T23:24:16+08:00][sql] SELECT * FROM `tp_module` WHERE  `model_name` = 'Field' LIMIT 1 [ RunTime:0.000620s ]
[2023-04-27T23:24:16+08:00][sql] SHOW FULL COLUMNS FROM `tp_cate` [ RunTime:0.009608s ]
[2023-04-27T23:24:16+08:00][sql] SELECT * FROM `tp_cate` ORDER BY `sort`,`id` DESC [ RunTime:0.000602s ]
[2023-04-27T23:24:16+08:00][sql] SELECT * FROM `tp_module` WHERE  `id` IN (18,19,21,22,23,24,25) [ RunTime:0.000756s ]
[2023-04-27T23:24:16+08:00][sql] SELECT * FROM `tp_module` WHERE  `model_name` = 'Cate' LIMIT 1 [ RunTime:0.000713s ]
[2023-04-27T23:24:16+08:00][sql] SELECT * FROM `tp_module` WHERE  `table_name` = 'cate' LIMIT 1 [ RunTime:0.000910s ]
[2023-04-27T23:24:16+08:00][sql] SHOW FULL COLUMNS FROM `tp_field` [ RunTime:0.007536s ]
[2023-04-27T23:24:16+08:00][sql] SELECT * FROM `tp_field` WHERE  `module_id` = 20 ORDER BY `sort` ASC,`id` ASC [ RunTime:0.000959s ]
[2023-04-27T23:24:16+08:00][sql] SHOW FULL COLUMNS FROM `tp_system` [ RunTime:0.007930s ]
[2023-04-27T23:24:16+08:00][sql] SELECT * FROM `tp_system` WHERE  `id` = 1 LIMIT 1 [ RunTime:0.000643s ]
[2023-04-27T23:24:16+08:00][sql] SELECT * FROM `tp_auth_rule` WHERE  `auth_open` = 0 [ RunTime:0.000815s ]
[2023-04-27T23:24:16+08:00][sql] SELECT * FROM `tp_auth_rule` [ RunTime:0.001354s ]
[2023-04-27T23:24:16+08:00][sql] SELECT * FROM `tp_auth_rule` WHERE  `name` = 'Field/index' LIMIT 1 [ RunTime:0.001262s ]
[2023-04-27T23:24:16+08:00][sql] SELECT * FROM `tp_auth_rule` WHERE  `id` = 160 LIMIT 1 [ RunTime:0.000442s ]
[2023-04-27T23:24:16+08:00][sql] SELECT * FROM `tp_auth_rule` WHERE  `name` = 'Module' LIMIT 1 [ RunTime:0.000574s ]
[2023-04-27T23:24:16+08:00][sql] SHOW FULL COLUMNS FROM `tp_admin_log` [ RunTime:0.006509s ]
[2023-04-27T23:24:16+08:00][sql] SELECT * FROM `tp_admin_log` WHERE  `admin_id` = 1 ORDER BY `id` DESC LIMIT 1 [ RunTime:0.000561s ]
[2023-04-27T23:24:16+08:00][sql] INSERT INTO `tp_admin_log` SET `title` = '[模块管理] -> [字段管理]' , `content` = '{"getList":"1","pageSize":"10","page":1,"orderByColumn":"id","isAsc":"desc","module_id":"","field":"","name":"","type":"","data_source":"","status":""}' , `url` = '/admin/Field/index.html?getList=1' , `admin_id` = 1 , `user_agent` = 'Mozilla/5.0 (Windows NT 10.0; Win64; x64) AppleWebKit/537.36 (KHTML, like Gecko) Chrome/112.0.0.0 Safari/537.36' , `ip` = '127.0.0.1' , `create_time` = 1682609056 , `update_time` = 1682609056 [ RunTime:0.000632s ]
[2023-04-27T23:24:16+08:00][sql] SELECT `pk` FROM `tp_module` WHERE  `table_name` = 'field' LIMIT 1 [ RunTime:0.000490s ]
[2023-04-27T23:24:16+08:00][sql] SELECT * FROM `tp_module` WHERE  `table_name` = 'field' LIMIT 1 [ RunTime:0.000943s ]
[2023-04-27T23:24:16+08:00][sql] SELECT * FROM `tp_field` WHERE  `module_id` = 2 ORDER BY `sort` ASC,`id` ASC [ RunTime:0.000994s ]
[2023-04-27T23:24:16+08:00][sql] SHOW FULL COLUMNS FROM `tp_dictionary` [ RunTime:0.007502s ]
[2023-04-27T23:24:16+08:00][sql] SELECT `dict_value`,`dict_label` FROM `tp_dictionary` WHERE  `dict_type` = '2' ORDER BY `sort` ASC,`id` DESC [ RunTime:0.000613s ]
[2023-04-27T23:24:16+08:00][sql] SELECT `dict_value`,`dict_label` FROM `tp_dictionary` WHERE  `dict_type` = '9' ORDER BY `sort` ASC,`id` DESC [ RunTime:0.000421s ]
[2023-04-27T23:24:16+08:00][sql] SELECT `dict_value`,`dict_label` FROM `tp_dictionary` WHERE  `dict_type` = '2' ORDER BY `sort` ASC,`id` DESC [ RunTime:0.000407s ]
[2023-04-27T23:24:16+08:00][sql] SELECT `dict_value`,`dict_label` FROM `tp_dictionary` WHERE  `dict_type` = '2' ORDER BY `sort` ASC,`id` DESC [ RunTime:0.000379s ]
[2023-04-27T23:24:16+08:00][sql] SELECT `dict_value`,`dict_label` FROM `tp_dictionary` WHERE  `dict_type` = '2' ORDER BY `sort` ASC,`id` DESC [ RunTime:0.000422s ]
[2023-04-27T23:24:16+08:00][sql] SELECT `dict_value`,`dict_label` FROM `tp_dictionary` WHERE  `dict_type` = '2' ORDER BY `sort` ASC,`id` DESC [ RunTime:0.000955s ]
[2023-04-27T23:24:16+08:00][sql] SELECT `dict_value`,`dict_label` FROM `tp_dictionary` WHERE  `dict_type` = '2' ORDER BY `sort` ASC,`id` DESC [ RunTime:0.000864s ]
[2023-04-27T23:24:16+08:00][sql] SELECT `dict_value`,`dict_label` FROM `tp_dictionary` WHERE  `dict_type` = '1' ORDER BY `sort` ASC,`id` DESC [ RunTime:0.000557s ]
[2023-04-27T23:24:16+08:00][sql] SELECT * FROM `tp_module` WHERE  `table_name` = 'field' LIMIT 1 [ RunTime:0.000404s ]
[2023-04-27T23:24:16+08:00][sql] SELECT * FROM `tp_field` WHERE  `module_id` = 2 ORDER BY `sort` ASC,`id` ASC [ RunTime:0.000707s ]
[2023-04-27T23:24:16+08:00][sql] SELECT * FROM `tp_module` WHERE  `model_name` = 'Module' LIMIT 1 [ RunTime:0.000718s ]
[2023-04-27T23:24:16+08:00][sql] SELECT * FROM `tp_field` WHERE  `module_id` = 3  AND `field` = 'sort' LIMIT 1 [ RunTime:0.000766s ]
[2023-04-27T23:24:16+08:00][sql] SELECT * FROM `tp_module` WHERE  `model_name` = 'Module' LIMIT 1 [ RunTime:0.000656s ]
[2023-04-27T23:24:16+08:00][sql] SELECT `id` FROM `tp_module` WHERE  `model_name` = 'Module' LIMIT 1 [ RunTime:0.000557s ]
[2023-04-27T23:24:16+08:00][sql] SELECT `field` FROM `tp_field` WHERE  ( field = 'pid' OR field = 'parent_id'  )  AND `module_id` = 3 LIMIT 1 [ RunTime:0.000878s ]
[2023-04-27T23:24:16+08:00][sql] SELECT `id`,`module_name` FROM `tp_module` ORDER BY `sort` ASC,`id` DESC [ RunTime:0.000534s ]
[2023-04-27T23:24:16+08:00][sql] SELECT `dict_value`,`dict_label` FROM `tp_dictionary` WHERE  `dict_type` = '9' ORDER BY `sort` ASC,`id` DESC [ RunTime:0.000549s ]
[2023-04-27T23:24:16+08:00][sql] SELECT `dict_value`,`dict_label` FROM `tp_dictionary` WHERE  `dict_type` = '1' ORDER BY `sort` ASC,`id` DESC [ RunTime:0.000435s ]
[2023-04-27T23:24:16+08:00][sql] SELECT * FROM `tp_module` WHERE  `table_name` = 'field' LIMIT 1 [ RunTime:0.000735s ]
[2023-04-27T23:24:16+08:00][sql] SELECT * FROM `tp_field` WHERE  `module_id` = 2 ORDER BY `sort` ASC,`id` ASC [ RunTime:0.001442s ]
[2023-04-27T23:24:16+08:00][sql] SELECT * FROM `tp_module` WHERE  `model_name` = 'Module' LIMIT 1 [ RunTime:0.000744s ]
[2023-04-27T23:24:16+08:00][sql] SELECT * FROM `tp_field` WHERE  `module_id` = 3  AND `field` = 'sort' LIMIT 1 [ RunTime:0.000662s ]
[2023-04-27T23:24:16+08:00][sql] SELECT * FROM `tp_module` WHERE  `model_name` = 'Module' LIMIT 1 [ RunTime:0.000946s ]
[2023-04-27T23:24:16+08:00][sql] SELECT `id` FROM `tp_module` WHERE  `model_name` = 'Module' LIMIT 1 [ RunTime:0.000485s ]
[2023-04-27T23:24:16+08:00][sql] SELECT `field` FROM `tp_field` WHERE  ( field = 'pid' OR field = 'parent_id'  )  AND `module_id` = 3 LIMIT 1 [ RunTime:0.000570s ]
[2023-04-27T23:24:16+08:00][sql] SELECT `id`,`module_name` FROM `tp_module` ORDER BY `sort` ASC,`id` DESC [ RunTime:0.000416s ]
[2023-04-27T23:24:16+08:00][sql] SELECT `dict_value`,`dict_label` FROM `tp_dictionary` WHERE  `dict_type` = '9' ORDER BY `sort` ASC,`id` DESC [ RunTime:0.000497s ]
[2023-04-27T23:24:16+08:00][sql] SELECT `dict_value`,`dict_label` FROM `tp_dictionary` WHERE  `dict_type` = '1' ORDER BY `sort` ASC,`id` DESC [ RunTime:0.000529s ]
[2023-04-27T23:24:16+08:00][sql] SELECT `pk` FROM `tp_module` WHERE  `table_name` = 'field' LIMIT 1 [ RunTime:0.000480s ]
[2023-04-27T23:24:16+08:00][sql] SELECT COUNT(*) AS think_count FROM `tp_field` LIMIT 1 [ RunTime:0.000514s ]
[2023-04-27T23:24:16+08:00][sql] SELECT * FROM `tp_field` ORDER BY `id` DESC LIMIT 0,10 [ RunTime:0.000767s ]
[2023-04-27T23:24:16+08:00][sql] SELECT * FROM `tp_module` WHERE  `id` IN (31,1) [ RunTime:0.000442s ]
[2023-04-27T23:24:16+08:00][sql] SHOW FULL COLUMNS FROM `tp_dictionary_type` [ RunTime:0.007677s ]
[2023-04-27T23:24:16+08:00][sql] SELECT * FROM `tp_dictionary_type` WHERE  `id` = 0 [ RunTime:0.000462s ]
[2023-04-27T23:24:16+08:00][sql] SELECT * FROM `tp_module` WHERE  `model_name` = 'Field' LIMIT 1 [ RunTime:0.000784s ]
[2023-04-27T23:24:16+08:00][sql] SELECT * FROM `tp_module` WHERE  `table_name` = 'field' LIMIT 1 [ RunTime:0.000496s ]
[2023-04-27T23:24:16+08:00][sql] SELECT * FROM `tp_field` WHERE  `module_id` = 2 ORDER BY `sort` ASC,`id` ASC [ RunTime:0.000858s ]
[2023-04-27T23:24:16+08:00][info] $data[pid]
[2023-04-27T23:24:16+08:00][info] 160
[2023-04-27T23:24:16+08:00][info] $data[pid]
[2023-04-27T23:24:16+08:00][info] 160
[2023-04-27T23:29:47+08:00][sql] CONNECT:[ UseTime:0.001172s ] mysql:host=127.0.0.1;port=3306;dbname=ztx;charset=utf8mb4
[2023-04-27T23:29:47+08:00][sql] SHOW FULL COLUMNS FROM `tp_auth_rule` [ RunTime:0.009582s ]
[2023-04-27T23:29:47+08:00][sql] SELECT * FROM `tp_auth_rule` WHERE  `status` = 1 ORDER BY `sort` ASC [ RunTime:0.000864s ]
[2023-04-27T23:29:47+08:00][sql] SELECT * FROM `tp_auth_rule` WHERE  `name` = 'Field/index' LIMIT 1 [ RunTime:0.001075s ]
[2023-04-27T23:29:47+08:00][sql] SELECT * FROM `tp_auth_rule` WHERE  `id` = 160 LIMIT 1 [ RunTime:0.000632s ]
[2023-04-27T23:29:47+08:00][sql] SELECT * FROM `tp_auth_rule` WHERE  `name` = 'Module' LIMIT 1 [ RunTime:0.001127s ]
[2023-04-27T23:29:47+08:00][sql] SHOW FULL COLUMNS FROM `tp_module` [ RunTime:0.007390s ]
[2023-04-27T23:29:47+08:00][sql] SELECT * FROM `tp_module` WHERE  `model_name` = 'Field' LIMIT 1 [ RunTime:0.000860s ]
[2023-04-27T23:29:47+08:00][sql] SHOW FULL COLUMNS FROM `tp_cate` [ RunTime:0.008174s ]
[2023-04-27T23:29:47+08:00][sql] SELECT * FROM `tp_cate` ORDER BY `sort`,`id` DESC [ RunTime:0.000963s ]
[2023-04-27T23:29:47+08:00][sql] SELECT * FROM `tp_module` WHERE  `id` IN (18,19,21,22,23,24,25) [ RunTime:0.000956s ]
[2023-04-27T23:29:47+08:00][sql] SELECT * FROM `tp_module` WHERE  `model_name` = 'Cate' LIMIT 1 [ RunTime:0.001428s ]
[2023-04-27T23:29:47+08:00][sql] SELECT * FROM `tp_module` WHERE  `table_name` = 'cate' LIMIT 1 [ RunTime:0.000998s ]
[2023-04-27T23:29:47+08:00][sql] SHOW FULL COLUMNS FROM `tp_field` [ RunTime:0.007215s ]
[2023-04-27T23:29:47+08:00][sql] SELECT * FROM `tp_field` WHERE  `module_id` = 20 ORDER BY `sort` ASC,`id` ASC [ RunTime:0.001242s ]
[2023-04-27T23:29:47+08:00][sql] SHOW FULL COLUMNS FROM `tp_system` [ RunTime:0.008393s ]
[2023-04-27T23:29:47+08:00][sql] SELECT * FROM `tp_system` WHERE  `id` = 1 LIMIT 1 [ RunTime:0.000990s ]
[2023-04-27T23:29:47+08:00][sql] SELECT * FROM `tp_auth_rule` WHERE  `auth_open` = 0 [ RunTime:0.001199s ]
[2023-04-27T23:29:47+08:00][sql] SELECT * FROM `tp_auth_rule` [ RunTime:0.001528s ]
[2023-04-27T23:29:47+08:00][sql] SELECT * FROM `tp_auth_rule` WHERE  `name` = 'Field/index' LIMIT 1 [ RunTime:0.001160s ]
[2023-04-27T23:29:47+08:00][sql] SELECT * FROM `tp_auth_rule` WHERE  `id` = 160 LIMIT 1 [ RunTime:0.000556s ]
[2023-04-27T23:29:47+08:00][sql] SELECT * FROM `tp_auth_rule` WHERE  `name` = 'Module' LIMIT 1 [ RunTime:0.000657s ]
[2023-04-27T23:29:47+08:00][sql] SHOW FULL COLUMNS FROM `tp_admin_log` [ RunTime:0.009496s ]
[2023-04-27T23:29:47+08:00][sql] SELECT * FROM `tp_admin_log` WHERE  `admin_id` = 1 ORDER BY `id` DESC LIMIT 1 [ RunTime:0.000881s ]
[2023-04-27T23:29:47+08:00][sql] SELECT `pk` FROM `tp_module` WHERE  `table_name` = 'field' LIMIT 1 [ RunTime:0.000538s ]
[2023-04-27T23:29:47+08:00][sql] SELECT * FROM `tp_module` WHERE  `table_name` = 'field' LIMIT 1 [ RunTime:0.000423s ]
[2023-04-27T23:29:47+08:00][sql] SELECT * FROM `tp_field` WHERE  `module_id` = 2 ORDER BY `sort` ASC,`id` ASC [ RunTime:0.000801s ]
[2023-04-27T23:29:47+08:00][sql] SHOW FULL COLUMNS FROM `tp_dictionary` [ RunTime:0.009316s ]
[2023-04-27T23:29:47+08:00][sql] SELECT `dict_value`,`dict_label` FROM `tp_dictionary` WHERE  `dict_type` = '2' ORDER BY `sort` ASC,`id` DESC [ RunTime:0.000698s ]
[2023-04-27T23:29:47+08:00][sql] SELECT `dict_value`,`dict_label` FROM `tp_dictionary` WHERE  `dict_type` = '9' ORDER BY `sort` ASC,`id` DESC [ RunTime:0.000508s ]
[2023-04-27T23:29:47+08:00][sql] SELECT `dict_value`,`dict_label` FROM `tp_dictionary` WHERE  `dict_type` = '2' ORDER BY `sort` ASC,`id` DESC [ RunTime:0.000422s ]
[2023-04-27T23:29:47+08:00][sql] SELECT `dict_value`,`dict_label` FROM `tp_dictionary` WHERE  `dict_type` = '2' ORDER BY `sort` ASC,`id` DESC [ RunTime:0.000828s ]
[2023-04-27T23:29:47+08:00][sql] SELECT `dict_value`,`dict_label` FROM `tp_dictionary` WHERE  `dict_type` = '2' ORDER BY `sort` ASC,`id` DESC [ RunTime:0.000495s ]
[2023-04-27T23:29:47+08:00][sql] SELECT `dict_value`,`dict_label` FROM `tp_dictionary` WHERE  `dict_type` = '2' ORDER BY `sort` ASC,`id` DESC [ RunTime:0.000444s ]
[2023-04-27T23:29:47+08:00][sql] SELECT `dict_value`,`dict_label` FROM `tp_dictionary` WHERE  `dict_type` = '2' ORDER BY `sort` ASC,`id` DESC [ RunTime:0.000467s ]
[2023-04-27T23:29:47+08:00][sql] SELECT `dict_value`,`dict_label` FROM `tp_dictionary` WHERE  `dict_type` = '1' ORDER BY `sort` ASC,`id` DESC [ RunTime:0.000560s ]
[2023-04-27T23:29:47+08:00][sql] SELECT * FROM `tp_module` WHERE  `table_name` = 'field' LIMIT 1 [ RunTime:0.000618s ]
[2023-04-27T23:29:47+08:00][sql] SELECT * FROM `tp_field` WHERE  `module_id` = 2 ORDER BY `sort` ASC,`id` ASC [ RunTime:0.000785s ]
[2023-04-27T23:29:47+08:00][sql] SELECT * FROM `tp_module` WHERE  `model_name` = 'Module' LIMIT 1 [ RunTime:0.000552s ]
[2023-04-27T23:29:47+08:00][sql] SELECT * FROM `tp_field` WHERE  `module_id` = 3  AND `field` = 'sort' LIMIT 1 [ RunTime:0.000689s ]
[2023-04-27T23:29:47+08:00][sql] SELECT * FROM `tp_module` WHERE  `model_name` = 'Module' LIMIT 1 [ RunTime:0.000519s ]
[2023-04-27T23:29:47+08:00][sql] SELECT `id` FROM `tp_module` WHERE  `model_name` = 'Module' LIMIT 1 [ RunTime:0.000666s ]
[2023-04-27T23:29:47+08:00][sql] SELECT `field` FROM `tp_field` WHERE  ( field = 'pid' OR field = 'parent_id'  )  AND `module_id` = 3 LIMIT 1 [ RunTime:0.001002s ]
[2023-04-27T23:29:47+08:00][sql] SELECT `id`,`module_name` FROM `tp_module` ORDER BY `sort` ASC,`id` DESC [ RunTime:0.000432s ]
[2023-04-27T23:29:47+08:00][sql] SELECT `dict_value`,`dict_label` FROM `tp_dictionary` WHERE  `dict_type` = '9' ORDER BY `sort` ASC,`id` DESC [ RunTime:0.000463s ]
[2023-04-27T23:29:47+08:00][sql] SELECT `dict_value`,`dict_label` FROM `tp_dictionary` WHERE  `dict_type` = '1' ORDER BY `sort` ASC,`id` DESC [ RunTime:0.000450s ]
[2023-04-27T23:29:47+08:00][sql] SELECT * FROM `tp_module` WHERE  `table_name` = 'field' LIMIT 1 [ RunTime:0.000434s ]
[2023-04-27T23:29:47+08:00][sql] SELECT * FROM `tp_field` WHERE  `module_id` = 2 ORDER BY `sort` ASC,`id` ASC [ RunTime:0.000776s ]
[2023-04-27T23:29:47+08:00][sql] SELECT * FROM `tp_module` WHERE  `model_name` = 'Module' LIMIT 1 [ RunTime:0.000770s ]
[2023-04-27T23:29:47+08:00][sql] SELECT * FROM `tp_field` WHERE  `module_id` = 3  AND `field` = 'sort' LIMIT 1 [ RunTime:0.000701s ]
[2023-04-27T23:29:47+08:00][sql] SELECT * FROM `tp_module` WHERE  `model_name` = 'Module' LIMIT 1 [ RunTime:0.000524s ]
[2023-04-27T23:29:47+08:00][sql] SELECT `id` FROM `tp_module` WHERE  `model_name` = 'Module' LIMIT 1 [ RunTime:0.000409s ]
[2023-04-27T23:29:47+08:00][sql] SELECT `field` FROM `tp_field` WHERE  ( field = 'pid' OR field = 'parent_id'  )  AND `module_id` = 3 LIMIT 1 [ RunTime:0.000798s ]
[2023-04-27T23:29:47+08:00][sql] SELECT `id`,`module_name` FROM `tp_module` ORDER BY `sort` ASC,`id` DESC [ RunTime:0.000407s ]
[2023-04-27T23:29:47+08:00][sql] SELECT `dict_value`,`dict_label` FROM `tp_dictionary` WHERE  `dict_type` = '9' ORDER BY `sort` ASC,`id` DESC [ RunTime:0.000425s ]
[2023-04-27T23:29:47+08:00][sql] SELECT `dict_value`,`dict_label` FROM `tp_dictionary` WHERE  `dict_type` = '1' ORDER BY `sort` ASC,`id` DESC [ RunTime:0.000404s ]
[2023-04-27T23:29:47+08:00][sql] SELECT `pk` FROM `tp_module` WHERE  `table_name` = 'field' LIMIT 1 [ RunTime:0.000363s ]
[2023-04-27T23:29:47+08:00][sql] SELECT COUNT(*) AS think_count FROM `tp_field` WHERE  `module_id` = 31 LIMIT 1 [ RunTime:0.001208s ]
[2023-04-27T23:29:47+08:00][sql] SELECT * FROM `tp_field` WHERE  `module_id` = 31 ORDER BY `id` DESC LIMIT 0,10 [ RunTime:0.001099s ]
[2023-04-27T23:29:47+08:00][sql] SELECT * FROM `tp_module` WHERE  `id` = 31 [ RunTime:0.000569s ]
[2023-04-27T23:29:47+08:00][sql] SHOW FULL COLUMNS FROM `tp_dictionary_type` [ RunTime:0.011166s ]
[2023-04-27T23:29:47+08:00][sql] SELECT * FROM `tp_dictionary_type` WHERE  `id` = 0 [ RunTime:0.000954s ]
[2023-04-27T23:29:47+08:00][sql] SELECT * FROM `tp_module` WHERE  `model_name` = 'Field' LIMIT 1 [ RunTime:0.001068s ]
[2023-04-27T23:29:47+08:00][sql] SELECT * FROM `tp_module` WHERE  `table_name` = 'field' LIMIT 1 [ RunTime:0.000872s ]
[2023-04-27T23:29:47+08:00][sql] SELECT * FROM `tp_field` WHERE  `module_id` = 2 ORDER BY `sort` ASC,`id` ASC [ RunTime:0.001699s ]
[2023-04-27T23:29:47+08:00][info] $data[pid]
[2023-04-27T23:29:47+08:00][info] 160
[2023-04-27T23:29:47+08:00][info] $data[pid]
[2023-04-27T23:29:47+08:00][info] 160
[2023-04-27T23:29:49+08:00][sql] CONNECT:[ UseTime:0.001052s ] mysql:host=127.0.0.1;port=3306;dbname=ztx;charset=utf8mb4
[2023-04-27T23:29:49+08:00][sql] SHOW FULL COLUMNS FROM `tp_auth_rule` [ RunTime:0.009731s ]
[2023-04-27T23:29:49+08:00][sql] SELECT * FROM `tp_auth_rule` WHERE  `status` = 1 ORDER BY `sort` ASC [ RunTime:0.000787s ]
[2023-04-27T23:29:49+08:00][sql] SELECT * FROM `tp_auth_rule` WHERE  `name` = 'Field/index' LIMIT 1 [ RunTime:0.001071s ]
[2023-04-27T23:29:49+08:00][sql] SELECT * FROM `tp_auth_rule` WHERE  `id` = 160 LIMIT 1 [ RunTime:0.000500s ]
[2023-04-27T23:29:49+08:00][sql] SELECT * FROM `tp_auth_rule` WHERE  `name` = 'Module' LIMIT 1 [ RunTime:0.000692s ]
[2023-04-27T23:29:49+08:00][sql] SHOW FULL COLUMNS FROM `tp_module` [ RunTime:0.009280s ]
[2023-04-27T23:29:49+08:00][sql] SELECT * FROM `tp_module` WHERE  `model_name` = 'Field' LIMIT 1 [ RunTime:0.000619s ]
[2023-04-27T23:29:49+08:00][sql] SHOW FULL COLUMNS FROM `tp_cate` [ RunTime:0.006232s ]
[2023-04-27T23:29:49+08:00][sql] SELECT * FROM `tp_cate` ORDER BY `sort`,`id` DESC [ RunTime:0.000954s ]
[2023-04-27T23:29:49+08:00][sql] SELECT * FROM `tp_module` WHERE  `id` IN (18,19,21,22,23,24,25) [ RunTime:0.000844s ]
[2023-04-27T23:29:49+08:00][sql] SELECT * FROM `tp_module` WHERE  `model_name` = 'Cate' LIMIT 1 [ RunTime:0.000577s ]
[2023-04-27T23:29:49+08:00][sql] SELECT * FROM `tp_module` WHERE  `table_name` = 'cate' LIMIT 1 [ RunTime:0.000403s ]
[2023-04-27T23:29:49+08:00][sql] SHOW FULL COLUMNS FROM `tp_field` [ RunTime:0.008287s ]
[2023-04-27T23:29:49+08:00][sql] SELECT * FROM `tp_field` WHERE  `module_id` = 20 ORDER BY `sort` ASC,`id` ASC [ RunTime:0.001230s ]
[2023-04-27T23:29:49+08:00][sql] SHOW FULL COLUMNS FROM `tp_system` [ RunTime:0.010127s ]
[2023-04-27T23:29:49+08:00][sql] SELECT * FROM `tp_system` WHERE  `id` = 1 LIMIT 1 [ RunTime:0.000646s ]
[2023-04-27T23:29:49+08:00][sql] SELECT * FROM `tp_auth_rule` WHERE  `auth_open` = 0 [ RunTime:0.000730s ]
[2023-04-27T23:29:49+08:00][sql] SELECT * FROM `tp_auth_rule` [ RunTime:0.000850s ]
[2023-04-27T23:29:49+08:00][sql] SELECT * FROM `tp_auth_rule` WHERE  `name` = 'Field/index' LIMIT 1 [ RunTime:0.001131s ]
[2023-04-27T23:29:49+08:00][sql] SELECT * FROM `tp_auth_rule` WHERE  `id` = 160 LIMIT 1 [ RunTime:0.000962s ]
[2023-04-27T23:29:49+08:00][sql] SELECT * FROM `tp_auth_rule` WHERE  `name` = 'Module' LIMIT 1 [ RunTime:0.000784s ]
[2023-04-27T23:29:49+08:00][sql] SHOW FULL COLUMNS FROM `tp_admin_log` [ RunTime:0.007390s ]
[2023-04-27T23:29:49+08:00][sql] SELECT * FROM `tp_admin_log` WHERE  `admin_id` = 1 ORDER BY `id` DESC LIMIT 1 [ RunTime:0.000479s ]
[2023-04-27T23:29:49+08:00][sql] SELECT `pk` FROM `tp_module` WHERE  `table_name` = 'field' LIMIT 1 [ RunTime:0.000336s ]
[2023-04-27T23:29:49+08:00][sql] SELECT * FROM `tp_module` WHERE  `table_name` = 'field' LIMIT 1 [ RunTime:0.000377s ]
[2023-04-27T23:29:49+08:00][sql] SELECT * FROM `tp_field` WHERE  `module_id` = 2 ORDER BY `sort` ASC,`id` ASC [ RunTime:0.000858s ]
[2023-04-27T23:29:49+08:00][sql] SHOW FULL COLUMNS FROM `tp_dictionary` [ RunTime:0.008782s ]
[2023-04-27T23:29:49+08:00][sql] SELECT `dict_value`,`dict_label` FROM `tp_dictionary` WHERE  `dict_type` = '2' ORDER BY `sort` ASC,`id` DESC [ RunTime:0.000548s ]
[2023-04-27T23:29:49+08:00][sql] SELECT `dict_value`,`dict_label` FROM `tp_dictionary` WHERE  `dict_type` = '9' ORDER BY `sort` ASC,`id` DESC [ RunTime:0.000444s ]
[2023-04-27T23:29:49+08:00][sql] SELECT `dict_value`,`dict_label` FROM `tp_dictionary` WHERE  `dict_type` = '2' ORDER BY `sort` ASC,`id` DESC [ RunTime:0.000375s ]
[2023-04-27T23:29:49+08:00][sql] SELECT `dict_value`,`dict_label` FROM `tp_dictionary` WHERE  `dict_type` = '2' ORDER BY `sort` ASC,`id` DESC [ RunTime:0.000374s ]
[2023-04-27T23:29:49+08:00][sql] SELECT `dict_value`,`dict_label` FROM `tp_dictionary` WHERE  `dict_type` = '2' ORDER BY `sort` ASC,`id` DESC [ RunTime:0.000706s ]
[2023-04-27T23:29:49+08:00][sql] SELECT `dict_value`,`dict_label` FROM `tp_dictionary` WHERE  `dict_type` = '2' ORDER BY `sort` ASC,`id` DESC [ RunTime:0.000498s ]
[2023-04-27T23:29:49+08:00][sql] SELECT `dict_value`,`dict_label` FROM `tp_dictionary` WHERE  `dict_type` = '2' ORDER BY `sort` ASC,`id` DESC [ RunTime:0.000353s ]
[2023-04-27T23:29:49+08:00][sql] SELECT `dict_value`,`dict_label` FROM `tp_dictionary` WHERE  `dict_type` = '1' ORDER BY `sort` ASC,`id` DESC [ RunTime:0.000368s ]
[2023-04-27T23:29:49+08:00][sql] SELECT * FROM `tp_module` WHERE  `table_name` = 'field' LIMIT 1 [ RunTime:0.000398s ]
[2023-04-27T23:29:49+08:00][sql] SELECT * FROM `tp_field` WHERE  `module_id` = 2 ORDER BY `sort` ASC,`id` ASC [ RunTime:0.000708s ]
[2023-04-27T23:29:49+08:00][sql] SELECT * FROM `tp_module` WHERE  `model_name` = 'Module' LIMIT 1 [ RunTime:0.001135s ]
[2023-04-27T23:29:49+08:00][sql] SELECT * FROM `tp_field` WHERE  `module_id` = 3  AND `field` = 'sort' LIMIT 1 [ RunTime:0.000733s ]
[2023-04-27T23:29:49+08:00][sql] SELECT * FROM `tp_module` WHERE  `model_name` = 'Module' LIMIT 1 [ RunTime:0.000392s ]
[2023-04-27T23:29:49+08:00][sql] SELECT `id` FROM `tp_module` WHERE  `model_name` = 'Module' LIMIT 1 [ RunTime:0.000308s ]
[2023-04-27T23:29:49+08:00][sql] SELECT `field` FROM `tp_field` WHERE  ( field = 'pid' OR field = 'parent_id'  )  AND `module_id` = 3 LIMIT 1 [ RunTime:0.000646s ]
[2023-04-27T23:29:49+08:00][sql] SELECT `id`,`module_name` FROM `tp_module` ORDER BY `sort` ASC,`id` DESC [ RunTime:0.000367s ]
[2023-04-27T23:29:49+08:00][sql] SELECT `dict_value`,`dict_label` FROM `tp_dictionary` WHERE  `dict_type` = '9' ORDER BY `sort` ASC,`id` DESC [ RunTime:0.000388s ]
[2023-04-27T23:29:49+08:00][sql] SELECT `dict_value`,`dict_label` FROM `tp_dictionary` WHERE  `dict_type` = '1' ORDER BY `sort` ASC,`id` DESC [ RunTime:0.000362s ]
[2023-04-27T23:29:49+08:00][sql] SELECT * FROM `tp_module` WHERE  `table_name` = 'field' LIMIT 1 [ RunTime:0.000379s ]
[2023-04-27T23:29:49+08:00][sql] SELECT * FROM `tp_field` WHERE  `module_id` = 2 ORDER BY `sort` ASC,`id` ASC [ RunTime:0.000731s ]
[2023-04-27T23:29:49+08:00][sql] SELECT * FROM `tp_module` WHERE  `model_name` = 'Module' LIMIT 1 [ RunTime:0.000781s ]
[2023-04-27T23:29:49+08:00][sql] SELECT * FROM `tp_field` WHERE  `module_id` = 3  AND `field` = 'sort' LIMIT 1 [ RunTime:0.000704s ]
[2023-04-27T23:29:49+08:00][sql] SELECT * FROM `tp_module` WHERE  `model_name` = 'Module' LIMIT 1 [ RunTime:0.000454s ]
[2023-04-27T23:29:49+08:00][sql] SELECT `id` FROM `tp_module` WHERE  `model_name` = 'Module' LIMIT 1 [ RunTime:0.000399s ]
[2023-04-27T23:29:49+08:00][sql] SELECT `field` FROM `tp_field` WHERE  ( field = 'pid' OR field = 'parent_id'  )  AND `module_id` = 3 LIMIT 1 [ RunTime:0.000677s ]
[2023-04-27T23:29:49+08:00][sql] SELECT `id`,`module_name` FROM `tp_module` ORDER BY `sort` ASC,`id` DESC [ RunTime:0.000723s ]
[2023-04-27T23:29:49+08:00][sql] SELECT `dict_value`,`dict_label` FROM `tp_dictionary` WHERE  `dict_type` = '9' ORDER BY `sort` ASC,`id` DESC [ RunTime:0.000993s ]
[2023-04-27T23:29:49+08:00][sql] SELECT `dict_value`,`dict_label` FROM `tp_dictionary` WHERE  `dict_type` = '1' ORDER BY `sort` ASC,`id` DESC [ RunTime:0.000766s ]
[2023-04-27T23:29:49+08:00][sql] SELECT `pk` FROM `tp_module` WHERE  `table_name` = 'field' LIMIT 1 [ RunTime:0.000406s ]
[2023-04-27T23:29:49+08:00][sql] SELECT COUNT(*) AS think_count FROM `tp_field` WHERE  `module_id` = 31 LIMIT 1 [ RunTime:0.000603s ]
[2023-04-27T23:29:49+08:00][sql] SELECT * FROM `tp_field` WHERE  `module_id` = 31 ORDER BY `id` DESC LIMIT 0,15 [ RunTime:0.000577s ]
[2023-04-27T23:29:49+08:00][sql] SELECT * FROM `tp_module` WHERE  `id` = 31 [ RunTime:0.000457s ]
[2023-04-27T23:29:49+08:00][sql] SHOW FULL COLUMNS FROM `tp_dictionary_type` [ RunTime:0.007032s ]
[2023-04-27T23:29:49+08:00][sql] SELECT * FROM `tp_dictionary_type` WHERE  `id` IN (0,1) [ RunTime:0.000563s ]
[2023-04-27T23:29:49+08:00][sql] SELECT * FROM `tp_module` WHERE  `model_name` = 'Field' LIMIT 1 [ RunTime:0.000688s ]
[2023-04-27T23:29:49+08:00][sql] SELECT * FROM `tp_module` WHERE  `table_name` = 'field' LIMIT 1 [ RunTime:0.000391s ]
[2023-04-27T23:29:49+08:00][sql] SELECT * FROM `tp_field` WHERE  `module_id` = 2 ORDER BY `sort` ASC,`id` ASC [ RunTime:0.000785s ]
[2023-04-27T23:29:49+08:00][info] $data[pid]
[2023-04-27T23:29:49+08:00][info] 160
[2023-04-27T23:29:49+08:00][info] $data[pid]
[2023-04-27T23:29:49+08:00][info] 160
[2023-04-27T23:30:18+08:00][sql] CONNECT:[ UseTime:0.000957s ] mysql:host=127.0.0.1;port=3306;dbname=ztx;charset=utf8mb4
[2023-04-27T23:30:18+08:00][sql] SHOW FULL COLUMNS FROM `tp_auth_rule` [ RunTime:0.011443s ]
[2023-04-27T23:30:18+08:00][sql] SELECT * FROM `tp_auth_rule` WHERE  `status` = 1 ORDER BY `sort` ASC [ RunTime:0.000978s ]
[2023-04-27T23:30:18+08:00][sql] SELECT * FROM `tp_auth_rule` WHERE  `name` = 'Field/edit' LIMIT 1 [ RunTime:0.000811s ]
[2023-04-27T23:30:18+08:00][sql] SELECT * FROM `tp_auth_rule` WHERE  `id` = 147 LIMIT 1 [ RunTime:0.000592s ]
[2023-04-27T23:30:18+08:00][sql] SELECT * FROM `tp_auth_rule` WHERE  `name` = 'Field/index' LIMIT 1 [ RunTime:0.000776s ]
[2023-04-27T23:30:18+08:00][sql] SELECT * FROM `tp_auth_rule` WHERE  `id` = 160 LIMIT 1 [ RunTime:0.000435s ]
[2023-04-27T23:30:18+08:00][sql] SELECT * FROM `tp_auth_rule` WHERE  `name` = 'Module' LIMIT 1 [ RunTime:0.000595s ]
[2023-04-27T23:30:18+08:00][sql] SHOW FULL COLUMNS FROM `tp_module` [ RunTime:0.007800s ]
[2023-04-27T23:30:18+08:00][sql] SELECT * FROM `tp_module` WHERE  `model_name` = 'Field' LIMIT 1 [ RunTime:0.000615s ]
[2023-04-27T23:30:18+08:00][sql] SHOW FULL COLUMNS FROM `tp_cate` [ RunTime:0.007628s ]
[2023-04-27T23:30:18+08:00][sql] SELECT * FROM `tp_cate` ORDER BY `sort`,`id` DESC [ RunTime:0.000718s ]
[2023-04-27T23:30:18+08:00][sql] SELECT * FROM `tp_module` WHERE  `id` IN (18,19,21,22,23,24,25) [ RunTime:0.000757s ]
[2023-04-27T23:30:18+08:00][sql] SELECT * FROM `tp_module` WHERE  `model_name` = 'Cate' LIMIT 1 [ RunTime:0.000931s ]
[2023-04-27T23:30:18+08:00][sql] SELECT * FROM `tp_module` WHERE  `table_name` = 'cate' LIMIT 1 [ RunTime:0.000679s ]
[2023-04-27T23:30:18+08:00][sql] SHOW FULL COLUMNS FROM `tp_field` [ RunTime:0.008078s ]
[2023-04-27T23:30:18+08:00][sql] SELECT * FROM `tp_field` WHERE  `module_id` = 20 ORDER BY `sort` ASC,`id` ASC [ RunTime:0.001036s ]
[2023-04-27T23:30:18+08:00][sql] SHOW FULL COLUMNS FROM `tp_system` [ RunTime:0.009088s ]
[2023-04-27T23:30:18+08:00][sql] SELECT * FROM `tp_system` WHERE  `id` = 1 LIMIT 1 [ RunTime:0.000677s ]
[2023-04-27T23:30:18+08:00][sql] SELECT * FROM `tp_auth_rule` WHERE  `auth_open` = 0 [ RunTime:0.001061s ]
[2023-04-27T23:30:18+08:00][sql] SELECT * FROM `tp_auth_rule` [ RunTime:0.001179s ]
[2023-04-27T23:30:18+08:00][sql] SELECT * FROM `tp_auth_rule` WHERE  `name` = 'Field/edit' LIMIT 1 [ RunTime:0.001273s ]
[2023-04-27T23:30:18+08:00][sql] SELECT * FROM `tp_auth_rule` WHERE  `id` = 147 LIMIT 1 [ RunTime:0.001040s ]
[2023-04-27T23:30:18+08:00][sql] SELECT * FROM `tp_auth_rule` WHERE  `name` = 'Field/index' LIMIT 1 [ RunTime:0.001050s ]
[2023-04-27T23:30:18+08:00][sql] SELECT * FROM `tp_auth_rule` WHERE  `id` = 160 LIMIT 1 [ RunTime:0.000687s ]
[2023-04-27T23:30:18+08:00][sql] SELECT * FROM `tp_auth_rule` WHERE  `name` = 'Module' LIMIT 1 [ RunTime:0.000779s ]
[2023-04-27T23:30:18+08:00][sql] SHOW FULL COLUMNS FROM `tp_admin_log` [ RunTime:0.007740s ]
[2023-04-27T23:30:18+08:00][sql] SELECT * FROM `tp_admin_log` WHERE  `admin_id` = 1 ORDER BY `id` DESC LIMIT 1 [ RunTime:0.000667s ]
[2023-04-27T23:30:18+08:00][sql] INSERT INTO `tp_admin_log` SET `title` = '[模块管理] -> [字段管理] -> [操作-修改]' , `content` = '{"id":"451","back_url":"module_id=31","_layer":"1"}' , `url` = '/admin/Field/edit.html?id=451&back_url=module_id%3D31&_layer=1' , `admin_id` = 1 , `user_agent` = 'Mozilla/5.0 (Windows NT 10.0; Win64; x64) AppleWebKit/537.36 (KHTML, like Gecko) Chrome/112.0.0.0 Safari/537.36' , `ip` = '127.0.0.1' , `create_time` = 1682609418 , `update_time` = 1682609418 [ RunTime:0.001368s ]
[2023-04-27T23:30:18+08:00][sql] SELECT `id`,`module_name`,`table_name`,`table_comment` FROM `tp_module` [ RunTime:0.000597s ]
[2023-04-27T23:30:18+08:00][sql] SHOW FULL COLUMNS FROM `tp_dictionary_type` [ RunTime:0.007243s ]
[2023-04-27T23:30:18+08:00][sql] SELECT `id`,`dict_name`,`remark` FROM `tp_dictionary_type` ORDER BY `sort` ASC,`id` DESC [ RunTime:0.000561s ]
[2023-04-27T23:30:18+08:00][sql] SHOW FULL COLUMNS FROM `tp_field_group` [ RunTime:0.007992s ]
[2023-04-27T23:30:18+08:00][sql] SELECT * FROM `tp_field_group` ORDER BY `sort` ASC,`id` DESC [ RunTime:0.000602s ]
[2023-04-27T23:30:18+08:00][sql] SELECT * FROM `tp_field` WHERE  `id` = 451 LIMIT 1 [ RunTime:0.000947s ]
[2023-04-27T23:30:18+08:00][info] $data[pid]
[2023-04-27T23:30:18+08:00][info] 147
[2023-04-27T23:30:18+08:00][info] $data[pid]
[2023-04-27T23:30:18+08:00][info] 160
[2023-04-27T23:30:18+08:00][info] $data[pid]
[2023-04-27T23:30:18+08:00][info] 147
[2023-04-27T23:30:18+08:00][info] $data[pid]
[2023-04-27T23:30:18+08:00][info] 160
[2023-04-27T23:30:18+08:00][sql] CONNECT:[ UseTime:0.000915s ] mysql:host=127.0.0.1;port=3306;dbname=ztx;charset=utf8mb4
[2023-04-27T23:30:18+08:00][sql] SHOW FULL COLUMNS FROM `tp_auth_rule` [ RunTime:0.009820s ]
[2023-04-27T23:30:18+08:00][sql] SELECT * FROM `tp_auth_rule` WHERE  `status` = 1 ORDER BY `sort` ASC [ RunTime:0.001322s ]
[2023-04-27T23:30:18+08:00][sql] SELECT * FROM `tp_auth_rule` WHERE  `name` = 'Field/changeType' LIMIT 1 [ RunTime:0.001125s ]
[2023-04-27T23:30:18+08:00][sql] SELECT * FROM `tp_auth_rule` WHERE  `id` = 147 LIMIT 1 [ RunTime:0.000684s ]
[2023-04-27T23:30:18+08:00][sql] SELECT * FROM `tp_auth_rule` WHERE  `name` = 'Field/index' LIMIT 1 [ RunTime:0.000812s ]
[2023-04-27T23:30:18+08:00][sql] SELECT * FROM `tp_auth_rule` WHERE  `id` = 160 LIMIT 1 [ RunTime:0.000533s ]
[2023-04-27T23:30:18+08:00][sql] SELECT * FROM `tp_auth_rule` WHERE  `name` = 'Module' LIMIT 1 [ RunTime:0.000710s ]
[2023-04-27T23:30:18+08:00][sql] SHOW FULL COLUMNS FROM `tp_module` [ RunTime:0.006924s ]
[2023-04-27T23:30:18+08:00][sql] SELECT * FROM `tp_module` WHERE  `model_name` = 'Field' LIMIT 1 [ RunTime:0.000677s ]
[2023-04-27T23:30:18+08:00][sql] SHOW FULL COLUMNS FROM `tp_cate` [ RunTime:0.006995s ]
[2023-04-27T23:30:18+08:00][sql] SELECT * FROM `tp_cate` ORDER BY `sort`,`id` DESC [ RunTime:0.000929s ]
[2023-04-27T23:30:18+08:00][sql] SELECT * FROM `tp_module` WHERE  `id` IN (18,19,21,22,23,24,25) [ RunTime:0.000744s ]
[2023-04-27T23:30:18+08:00][sql] SELECT * FROM `tp_module` WHERE  `model_name` = 'Cate' LIMIT 1 [ RunTime:0.000866s ]
[2023-04-27T23:30:18+08:00][sql] SELECT * FROM `tp_module` WHERE  `table_name` = 'cate' LIMIT 1 [ RunTime:0.000630s ]
[2023-04-27T23:30:18+08:00][sql] SHOW FULL COLUMNS FROM `tp_field` [ RunTime:0.008287s ]
[2023-04-27T23:30:18+08:00][sql] SELECT * FROM `tp_field` WHERE  `module_id` = 20 ORDER BY `sort` ASC,`id` ASC [ RunTime:0.001239s ]
[2023-04-27T23:30:18+08:00][sql] SHOW FULL COLUMNS FROM `tp_system` [ RunTime:0.008974s ]
[2023-04-27T23:30:18+08:00][sql] SELECT * FROM `tp_system` WHERE  `id` = 1 LIMIT 1 [ RunTime:0.000770s ]
[2023-04-27T23:30:18+08:00][sql] SELECT * FROM `tp_auth_rule` WHERE  `auth_open` = 0 [ RunTime:0.000907s ]
[2023-04-27T23:30:18+08:00][sql] SELECT * FROM `tp_auth_rule` [ RunTime:0.001398s ]
[2023-04-27T23:30:18+08:00][sql] SELECT * FROM `tp_auth_rule` WHERE  `name` = 'Field/changeType' LIMIT 1 [ RunTime:0.001596s ]
[2023-04-27T23:30:18+08:00][sql] SELECT * FROM `tp_auth_rule` WHERE  `id` = 147 LIMIT 1 [ RunTime:0.000850s ]
[2023-04-27T23:30:18+08:00][sql] SELECT * FROM `tp_auth_rule` WHERE  `name` = 'Field/index' LIMIT 1 [ RunTime:0.000801s ]
[2023-04-27T23:30:18+08:00][sql] SELECT * FROM `tp_auth_rule` WHERE  `id` = 160 LIMIT 1 [ RunTime:0.000565s ]
[2023-04-27T23:30:18+08:00][sql] SELECT * FROM `tp_auth_rule` WHERE  `name` = 'Module' LIMIT 1 [ RunTime:0.000696s ]
[2023-04-27T23:30:18+08:00][sql] SHOW FULL COLUMNS FROM `tp_admin_log` [ RunTime:0.007883s ]
[2023-04-27T23:30:18+08:00][sql] SELECT * FROM `tp_admin_log` WHERE  `admin_id` = 1 ORDER BY `id` DESC LIMIT 1 [ RunTime:0.000515s ]
[2023-04-27T23:30:18+08:00][sql] INSERT INTO `tp_admin_log` SET `title` = '[模块管理] -> [字段管理] -> [操作-加载配置]' , `content` = '{"isajax":"1","moduleId":"31","type":"editor","field":"page_ftips"}' , `url` = '/admin/Field/changeType.html?isajax=1&moduleId=31&type=editor&field=page_ftips' , `admin_id` = 1 , `user_agent` = 'Mozilla/5.0 (Windows NT 10.0; Win64; x64) AppleWebKit/537.36 (KHTML, like Gecko) Chrome/112.0.0.0 Safari/537.36' , `ip` = '127.0.0.1' , `create_time` = 1682609418 , `update_time` = 1682609418 [ RunTime:0.001083s ]
[2023-04-27T23:30:18+08:00][sql] SELECT * FROM `tp_field` WHERE  `module_id` = 31  AND `field` = 'page_ftips' LIMIT 1 [ RunTime:0.002228s ]
[2023-04-27T23:30:18+08:00][info] $data[pid]
[2023-04-27T23:30:18+08:00][info] 147
[2023-04-27T23:30:18+08:00][info] $data[pid]
[2023-04-27T23:30:18+08:00][info] 160
[2023-04-27T23:30:18+08:00][info] $data[pid]
[2023-04-27T23:30:18+08:00][info] 147
[2023-04-27T23:30:18+08:00][info] $data[pid]
[2023-04-27T23:30:18+08:00][info] 160
[2023-04-27T23:30:32+08:00][sql] CONNECT:[ UseTime:0.022588s ] mysql:host=127.0.0.1;port=3306;dbname=ztx;charset=utf8mb4
[2023-04-27T23:30:32+08:00][sql] SHOW FULL COLUMNS FROM `tp_auth_rule` [ RunTime:0.006534s ]
[2023-04-27T23:30:32+08:00][sql] SELECT * FROM `tp_auth_rule` WHERE  `status` = 1 ORDER BY `sort` ASC [ RunTime:0.000865s ]
[2023-04-27T23:30:32+08:00][sql] SELECT * FROM `tp_auth_rule` WHERE  `name` = 'Field/editPost' LIMIT 1 [ RunTime:0.001067s ]
[2023-04-27T23:30:32+08:00][sql] SELECT * FROM `tp_auth_rule` WHERE  `id` = 147 LIMIT 1 [ RunTime:0.000575s ]
[2023-04-27T23:30:32+08:00][sql] SELECT * FROM `tp_auth_rule` WHERE  `name` = 'Field/index' LIMIT 1 [ RunTime:0.000756s ]
[2023-04-27T23:30:32+08:00][sql] SELECT * FROM `tp_auth_rule` WHERE  `id` = 160 LIMIT 1 [ RunTime:0.000456s ]
[2023-04-27T23:30:32+08:00][sql] SELECT * FROM `tp_auth_rule` WHERE  `name` = 'Module' LIMIT 1 [ RunTime:0.000801s ]
[2023-04-27T23:30:32+08:00][sql] SHOW FULL COLUMNS FROM `tp_module` [ RunTime:0.008249s ]
[2023-04-27T23:30:32+08:00][sql] SELECT * FROM `tp_module` WHERE  `model_name` = 'Field' LIMIT 1 [ RunTime:0.000580s ]
[2023-04-27T23:30:32+08:00][sql] SHOW FULL COLUMNS FROM `tp_cate` [ RunTime:0.006375s ]
[2023-04-27T23:30:32+08:00][sql] SELECT * FROM `tp_cate` ORDER BY `sort`,`id` DESC [ RunTime:0.000666s ]
[2023-04-27T23:30:32+08:00][sql] SELECT * FROM `tp_module` WHERE  `id` IN (18,19,21,22,23,24,25) [ RunTime:0.000804s ]
[2023-04-27T23:30:32+08:00][sql] SELECT * FROM `tp_module` WHERE  `model_name` = 'Cate' LIMIT 1 [ RunTime:0.000842s ]
[2023-04-27T23:30:32+08:00][sql] SELECT * FROM `tp_module` WHERE  `table_name` = 'cate' LIMIT 1 [ RunTime:0.000582s ]
[2023-04-27T23:30:32+08:00][sql] SHOW FULL COLUMNS FROM `tp_field` [ RunTime:0.008351s ]
[2023-04-27T23:30:32+08:00][sql] SELECT * FROM `tp_field` WHERE  `module_id` = 20 ORDER BY `sort` ASC,`id` ASC [ RunTime:0.000913s ]
[2023-04-27T23:30:32+08:00][sql] SHOW FULL COLUMNS FROM `tp_system` [ RunTime:0.007976s ]
[2023-04-27T23:30:32+08:00][sql] SELECT * FROM `tp_system` WHERE  `id` = 1 LIMIT 1 [ RunTime:0.000839s ]
[2023-04-27T23:30:32+08:00][sql] SELECT * FROM `tp_auth_rule` WHERE  `auth_open` = 0 [ RunTime:0.001061s ]
[2023-04-27T23:30:32+08:00][sql] SELECT * FROM `tp_auth_rule` [ RunTime:0.001355s ]
[2023-04-27T23:30:32+08:00][sql] SELECT * FROM `tp_auth_rule` WHERE  `name` = 'Field/editPost' LIMIT 1 [ RunTime:0.000991s ]
[2023-04-27T23:30:32+08:00][sql] SELECT * FROM `tp_auth_rule` WHERE  `id` = 147 LIMIT 1 [ RunTime:0.000554s ]
[2023-04-27T23:30:32+08:00][sql] SELECT * FROM `tp_auth_rule` WHERE  `name` = 'Field/index' LIMIT 1 [ RunTime:0.000646s ]
[2023-04-27T23:30:32+08:00][sql] SELECT * FROM `tp_auth_rule` WHERE  `id` = 160 LIMIT 1 [ RunTime:0.000458s ]
[2023-04-27T23:30:32+08:00][sql] SELECT * FROM `tp_auth_rule` WHERE  `name` = 'Module' LIMIT 1 [ RunTime:0.000789s ]
[2023-04-27T23:30:32+08:00][sql] SHOW FULL COLUMNS FROM `tp_admin_log` [ RunTime:0.008912s ]
[2023-04-27T23:30:32+08:00][sql] SELECT * FROM `tp_admin_log` WHERE  `admin_id` = 1 ORDER BY `id` DESC LIMIT 1 [ RunTime:0.000594s ]
[2023-04-27T23:30:32+08:00][sql] INSERT INTO `tp_admin_log` SET `title` = '[模块管理] -> [字段管理] -> [操作-修改保存]' , `content` = '{"id":"451","old_field":"page_ftips","module_id":"31","field":"page_top_tips","name":"\u5f00\u5934\u63d0\u793a","required":"0","is_list":"1","is_add":"1","is_edit":"1","is_search":"1","is_sort":"1","minlength":"0","maxlength":"0","data_source":"0","relation_model":"","relation_field":"","dict_code":"","group_id":"","type":"editor","tips":"\u9875\u9762\u8868\u5355\u4e4b\u524d\u7684\u63d0\u793a\u4fe1\u606f","setup":{"extra_attr":"","extra_class":"","default":"","height":"","fieldtype":"text"},"table_col_type":"","search_type":"=","table_col_align":"center","table_col_visible":"true","table_col_formatter":"function(value, row, index,field) { return value;}","status":"1","sort":"50","remark":"","execute_sql":"1"}' , `url` = '/admin/Field/editPost.html' , `admin_id` = 1 , `user_agent` = 'Mozilla/5.0 (Windows NT 10.0; Win64; x64) AppleWebKit/537.36 (KHTML, like Gecko) Chrome/112.0.0.0 Safari/537.36' , `ip` = '127.0.0.1' , `create_time` = 1682609432 , `update_time` = 1682609432 [ RunTime:0.001416s ]
[2023-04-27T23:30:32+08:00][sql] SELECT * FROM `tp_module` WHERE  `table_name` = 'field' LIMIT 1 [ RunTime:0.000724s ]
[2023-04-27T23:30:32+08:00][sql] SELECT * FROM `tp_field` WHERE  `module_id` = 2 ORDER BY `sort` ASC,`id` ASC [ RunTime:0.000866s ]
[2023-04-27T23:30:32+08:00][sql] SELECT `table_name` FROM `tp_module` WHERE  `id` = 31 LIMIT 1 [ RunTime:0.000620s ]
[2023-04-27T23:30:32+08:00][sql] SHOW FULL COLUMNS FROM `tp_user_upload` [ RunTime:0.007213s ]
[2023-04-27T23:30:32+08:00][sql] SELECT * FROM `tp_module` WHERE  `id` = 31 LIMIT 1 [ RunTime:0.000745s ]
[2023-04-27T23:30:32+08:00][sql] UPDATE `tp_field`  SET `module_id` = 31 , `field` = 'page_top_tips' , `name` = '开头提示' , `required` = 0 , `is_list` = 1 , `is_add` = 1 , `is_edit` = 1 , `is_search` = 1 , `is_sort` = 1 , `minlength` = 0 , `maxlength` = 0 , `data_source` = 0 , `relation_model` = '' , `relation_field` = '' , `dict_code` = '' , `group_id` = 0 , `type` = 'editor' , `tips` = '页面表单之前的提示信息' , `setup` = 'array (
  \'extra_attr\' => \'\',
  \'extra_class\' => \'\',
  \'default\' => \'\',
  \'height\' => \'\',
  \'fieldtype\' => \'text\',
)' , `table_col_type` = '' , `search_type` = '=' , `table_col_align` = 'center' , `table_col_visible` = 'true' , `table_col_formatter` = 'function(value, row, index,field) { return value;}' , `status` = 1 , `sort` = 50 , `remark` = ''  WHERE  `id` = 451 [ RunTime:0.003201s ]
[2023-04-27T23:30:32+08:00][sql] ALTER TABLE `tp_user_upload`  CHANGE `page_ftips`  `page_top_tips` TEXT NULL COMMENT '开头提示' [ RunTime:0.037202s ]
[2023-04-27T23:30:32+08:00][info] $data[pid]
[2023-04-27T23:30:32+08:00][info] 147
[2023-04-27T23:30:32+08:00][info] $data[pid]
[2023-04-27T23:30:32+08:00][info] 160
[2023-04-27T23:30:32+08:00][info] $data[pid]
[2023-04-27T23:30:32+08:00][info] 147
[2023-04-27T23:30:32+08:00][info] $data[pid]
[2023-04-27T23:30:32+08:00][info] 160
[2023-04-27T23:30:33+08:00][sql] CONNECT:[ UseTime:0.001141s ] mysql:host=127.0.0.1;port=3306;dbname=ztx;charset=utf8mb4
[2023-04-27T23:30:33+08:00][sql] SHOW FULL COLUMNS FROM `tp_auth_rule` [ RunTime:0.008087s ]
[2023-04-27T23:30:33+08:00][sql] SELECT * FROM `tp_auth_rule` WHERE  `status` = 1 ORDER BY `sort` ASC [ RunTime:0.001640s ]
[2023-04-27T23:30:33+08:00][sql] SELECT * FROM `tp_auth_rule` WHERE  `name` = 'Field/index' LIMIT 1 [ RunTime:0.001133s ]
[2023-04-27T23:30:33+08:00][sql] SELECT * FROM `tp_auth_rule` WHERE  `id` = 160 LIMIT 1 [ RunTime:0.000586s ]
[2023-04-27T23:30:33+08:00][sql] SELECT * FROM `tp_auth_rule` WHERE  `name` = 'Module' LIMIT 1 [ RunTime:0.001625s ]
[2023-04-27T23:30:33+08:00][sql] SHOW FULL COLUMNS FROM `tp_module` [ RunTime:0.007834s ]
[2023-04-27T23:30:33+08:00][sql] SELECT * FROM `tp_module` WHERE  `model_name` = 'Field' LIMIT 1 [ RunTime:0.000867s ]
[2023-04-27T23:30:33+08:00][sql] SHOW FULL COLUMNS FROM `tp_cate` [ RunTime:0.008908s ]
[2023-04-27T23:30:33+08:00][sql] SELECT * FROM `tp_cate` ORDER BY `sort`,`id` DESC [ RunTime:0.000962s ]
[2023-04-27T23:30:33+08:00][sql] SELECT * FROM `tp_module` WHERE  `id` IN (18,19,21,22,23,24,25) [ RunTime:0.000961s ]
[2023-04-27T23:30:33+08:00][sql] SELECT * FROM `tp_module` WHERE  `model_name` = 'Cate' LIMIT 1 [ RunTime:0.000898s ]
[2023-04-27T23:30:33+08:00][sql] SELECT * FROM `tp_module` WHERE  `table_name` = 'cate' LIMIT 1 [ RunTime:0.000567s ]
[2023-04-27T23:30:33+08:00][sql] SHOW FULL COLUMNS FROM `tp_field` [ RunTime:0.008097s ]
[2023-04-27T23:30:33+08:00][sql] SELECT * FROM `tp_field` WHERE  `module_id` = 20 ORDER BY `sort` ASC,`id` ASC [ RunTime:0.002027s ]
[2023-04-27T23:30:33+08:00][sql] SHOW FULL COLUMNS FROM `tp_system` [ RunTime:0.007058s ]
[2023-04-27T23:30:33+08:00][sql] SELECT * FROM `tp_system` WHERE  `id` = 1 LIMIT 1 [ RunTime:0.001015s ]
[2023-04-27T23:30:33+08:00][sql] SELECT * FROM `tp_auth_rule` WHERE  `auth_open` = 0 [ RunTime:0.001272s ]
[2023-04-27T23:30:33+08:00][sql] SELECT * FROM `tp_auth_rule` [ RunTime:0.002186s ]
[2023-04-27T23:30:33+08:00][sql] SELECT * FROM `tp_auth_rule` WHERE  `name` = 'Field/index' LIMIT 1 [ RunTime:0.000817s ]
[2023-04-27T23:30:33+08:00][sql] SELECT * FROM `tp_auth_rule` WHERE  `id` = 160 LIMIT 1 [ RunTime:0.000409s ]
[2023-04-27T23:30:33+08:00][sql] SELECT * FROM `tp_auth_rule` WHERE  `name` = 'Module' LIMIT 1 [ RunTime:0.000544s ]
[2023-04-27T23:30:33+08:00][sql] SHOW FULL COLUMNS FROM `tp_admin_log` [ RunTime:0.007635s ]
[2023-04-27T23:30:33+08:00][sql] SELECT * FROM `tp_admin_log` WHERE  `admin_id` = 1 ORDER BY `id` DESC LIMIT 1 [ RunTime:0.000702s ]
[2023-04-27T23:30:33+08:00][sql] INSERT INTO `tp_admin_log` SET `title` = '[模块管理] -> [字段管理]' , `content` = '{"getList":"1","pageSize":15,"page":1,"orderByColumn":"id","isAsc":"desc","module_id":"31","field":"","name":"","type":"","data_source":"","status":""}' , `url` = '/admin/Field/index.html?getList=1' , `admin_id` = 1 , `user_agent` = 'Mozilla/5.0 (Windows NT 10.0; Win64; x64) AppleWebKit/537.36 (KHTML, like Gecko) Chrome/112.0.0.0 Safari/537.36' , `ip` = '127.0.0.1' , `create_time` = 1682609432 , `update_time` = 1682609432 [ RunTime:0.001216s ]
[2023-04-27T23:30:33+08:00][sql] SELECT `pk` FROM `tp_module` WHERE  `table_name` = 'field' LIMIT 1 [ RunTime:0.000438s ]
[2023-04-27T23:30:33+08:00][sql] SELECT * FROM `tp_module` WHERE  `table_name` = 'field' LIMIT 1 [ RunTime:0.000382s ]
[2023-04-27T23:30:33+08:00][sql] SELECT * FROM `tp_field` WHERE  `module_id` = 2 ORDER BY `sort` ASC,`id` ASC [ RunTime:0.000698s ]
[2023-04-27T23:30:33+08:00][sql] SHOW FULL COLUMNS FROM `tp_dictionary` [ RunTime:0.008188s ]
[2023-04-27T23:30:33+08:00][sql] SELECT `dict_value`,`dict_label` FROM `tp_dictionary` WHERE  `dict_type` = '2' ORDER BY `sort` ASC,`id` DESC [ RunTime:0.000500s ]
[2023-04-27T23:30:33+08:00][sql] SELECT `dict_value`,`dict_label` FROM `tp_dictionary` WHERE  `dict_type` = '9' ORDER BY `sort` ASC,`id` DESC [ RunTime:0.000391s ]
[2023-04-27T23:30:33+08:00][sql] SELECT `dict_value`,`dict_label` FROM `tp_dictionary` WHERE  `dict_type` = '2' ORDER BY `sort` ASC,`id` DESC [ RunTime:0.000369s ]
[2023-04-27T23:30:33+08:00][sql] SELECT `dict_value`,`dict_label` FROM `tp_dictionary` WHERE  `dict_type` = '2' ORDER BY `sort` ASC,`id` DESC [ RunTime:0.000356s ]
[2023-04-27T23:30:33+08:00][sql] SELECT `dict_value`,`dict_label` FROM `tp_dictionary` WHERE  `dict_type` = '2' ORDER BY `sort` ASC,`id` DESC [ RunTime:0.000381s ]
[2023-04-27T23:30:33+08:00][sql] SELECT `dict_value`,`dict_label` FROM `tp_dictionary` WHERE  `dict_type` = '2' ORDER BY `sort` ASC,`id` DESC [ RunTime:0.000368s ]
[2023-04-27T23:30:33+08:00][sql] SELECT `dict_value`,`dict_label` FROM `tp_dictionary` WHERE  `dict_type` = '2' ORDER BY `sort` ASC,`id` DESC [ RunTime:0.000369s ]
[2023-04-27T23:30:33+08:00][sql] SELECT `dict_value`,`dict_label` FROM `tp_dictionary` WHERE  `dict_type` = '1' ORDER BY `sort` ASC,`id` DESC [ RunTime:0.000365s ]
[2023-04-27T23:30:33+08:00][sql] SELECT * FROM `tp_module` WHERE  `table_name` = 'field' LIMIT 1 [ RunTime:0.000395s ]
[2023-04-27T23:30:33+08:00][sql] SELECT * FROM `tp_field` WHERE  `module_id` = 2 ORDER BY `sort` ASC,`id` ASC [ RunTime:0.000753s ]
[2023-04-27T23:30:33+08:00][sql] SELECT * FROM `tp_module` WHERE  `model_name` = 'Module' LIMIT 1 [ RunTime:0.000635s ]
[2023-04-27T23:30:33+08:00][sql] SELECT * FROM `tp_field` WHERE  `module_id` = 3  AND `field` = 'sort' LIMIT 1 [ RunTime:0.000704s ]
[2023-04-27T23:30:33+08:00][sql] SELECT * FROM `tp_module` WHERE  `model_name` = 'Module' LIMIT 1 [ RunTime:0.000493s ]
[2023-04-27T23:30:33+08:00][sql] SELECT `id` FROM `tp_module` WHERE  `model_name` = 'Module' LIMIT 1 [ RunTime:0.000478s ]
[2023-04-27T23:30:33+08:00][sql] SELECT `field` FROM `tp_field` WHERE  ( field = 'pid' OR field = 'parent_id'  )  AND `module_id` = 3 LIMIT 1 [ RunTime:0.001530s ]
[2023-04-27T23:30:33+08:00][sql] SELECT `id`,`module_name` FROM `tp_module` ORDER BY `sort` ASC,`id` DESC [ RunTime:0.000640s ]
[2023-04-27T23:30:33+08:00][sql] SELECT `dict_value`,`dict_label` FROM `tp_dictionary` WHERE  `dict_type` = '9' ORDER BY `sort` ASC,`id` DESC [ RunTime:0.000485s ]
[2023-04-27T23:30:33+08:00][sql] SELECT `dict_value`,`dict_label` FROM `tp_dictionary` WHERE  `dict_type` = '1' ORDER BY `sort` ASC,`id` DESC [ RunTime:0.000496s ]
[2023-04-27T23:30:33+08:00][sql] SELECT * FROM `tp_module` WHERE  `table_name` = 'field' LIMIT 1 [ RunTime:0.000501s ]
[2023-04-27T23:30:33+08:00][sql] SELECT * FROM `tp_field` WHERE  `module_id` = 2 ORDER BY `sort` ASC,`id` ASC [ RunTime:0.000851s ]
[2023-04-27T23:30:33+08:00][sql] SELECT * FROM `tp_module` WHERE  `model_name` = 'Module' LIMIT 1 [ RunTime:0.000980s ]
[2023-04-27T23:30:33+08:00][sql] SELECT * FROM `tp_field` WHERE  `module_id` = 3  AND `field` = 'sort' LIMIT 1 [ RunTime:0.000866s ]
[2023-04-27T23:30:33+08:00][sql] SELECT * FROM `tp_module` WHERE  `model_name` = 'Module' LIMIT 1 [ RunTime:0.000519s ]
[2023-04-27T23:30:33+08:00][sql] SELECT `id` FROM `tp_module` WHERE  `model_name` = 'Module' LIMIT 1 [ RunTime:0.000400s ]
[2023-04-27T23:30:33+08:00][sql] SELECT `field` FROM `tp_field` WHERE  ( field = 'pid' OR field = 'parent_id'  )  AND `module_id` = 3 LIMIT 1 [ RunTime:0.000593s ]
[2023-04-27T23:30:33+08:00][sql] SELECT `id`,`module_name` FROM `tp_module` ORDER BY `sort` ASC,`id` DESC [ RunTime:0.000400s ]
[2023-04-27T23:30:33+08:00][sql] SELECT `dict_value`,`dict_label` FROM `tp_dictionary` WHERE  `dict_type` = '9' ORDER BY `sort` ASC,`id` DESC [ RunTime:0.001017s ]
[2023-04-27T23:30:33+08:00][sql] SELECT `dict_value`,`dict_label` FROM `tp_dictionary` WHERE  `dict_type` = '1' ORDER BY `sort` ASC,`id` DESC [ RunTime:0.001034s ]
[2023-04-27T23:30:33+08:00][sql] SELECT `pk` FROM `tp_module` WHERE  `table_name` = 'field' LIMIT 1 [ RunTime:0.000637s ]
[2023-04-27T23:30:33+08:00][sql] SELECT COUNT(*) AS think_count FROM `tp_field` WHERE  `module_id` = 31 LIMIT 1 [ RunTime:0.000577s ]
[2023-04-27T23:30:33+08:00][sql] SELECT * FROM `tp_field` WHERE  `module_id` = 31 ORDER BY `id` DESC LIMIT 0,15 [ RunTime:0.000524s ]
[2023-04-27T23:30:33+08:00][sql] SELECT * FROM `tp_module` WHERE  `id` = 31 [ RunTime:0.000433s ]
[2023-04-27T23:30:33+08:00][sql] SHOW FULL COLUMNS FROM `tp_dictionary_type` [ RunTime:0.008389s ]
[2023-04-27T23:30:33+08:00][sql] SELECT * FROM `tp_dictionary_type` WHERE  `id` IN (0,1) [ RunTime:0.000676s ]
[2023-04-27T23:30:33+08:00][sql] SELECT * FROM `tp_module` WHERE  `model_name` = 'Field' LIMIT 1 [ RunTime:0.000699s ]
[2023-04-27T23:30:33+08:00][sql] SELECT * FROM `tp_module` WHERE  `table_name` = 'field' LIMIT 1 [ RunTime:0.000440s ]
[2023-04-27T23:30:33+08:00][sql] SELECT * FROM `tp_field` WHERE  `module_id` = 2 ORDER BY `sort` ASC,`id` ASC [ RunTime:0.000790s ]
[2023-04-27T23:30:33+08:00][info] $data[pid]
[2023-04-27T23:30:33+08:00][info] 160
[2023-04-27T23:30:33+08:00][info] $data[pid]
[2023-04-27T23:30:33+08:00][info] 160
