[2023-03-11T23:00:12+08:00][sql] CONNECT:[ UseTime:0.004381s ] mysql:host=127.0.0.1;port=3306;dbname=ztx;charset=utf8mb4
[2023-03-11T23:00:12+08:00][sql] SHOW FULL COLUMNS FROM `tp_system` [ RunTime:0.023054s ]
[2023-03-11T23:00:12+08:00][sql] SELECT * FROM `tp_system` WHERE  `id` = 1 LIMIT 1 [ RunTime:0.011427s ]
[2023-03-11T23:00:12+08:00][sql] SHOW FULL COLUMNS FROM `tp_cate` [ RunTime:0.011329s ]
[2023-03-11T23:00:12+08:00][sql] SELECT `id`,`cate_name`,`cate_folder`,`module_id` FROM `tp_cate` ORDER BY `sort` ASC,`id` ASC [ RunTime:0.000827s ]
[2023-03-11T23:00:12+08:00][sql] SHOW FULL COLUMNS FROM `tp_module` [ RunTime:0.014075s ]
[2023-03-11T23:00:12+08:00][sql] SELECT * FROM `tp_module` WHERE  `id` = 18 LIMIT 1 [ RunTime:0.000703s ]
[2023-03-11T23:00:12+08:00][sql] SELECT * FROM `tp_module` WHERE  `id` = 19 LIMIT 1 [ RunTime:0.000742s ]
[2023-03-11T23:00:12+08:00][sql] SELECT * FROM `tp_module` WHERE  `id` = 21 LIMIT 1 [ RunTime:0.000545s ]
[2023-03-11T23:00:12+08:00][sql] SELECT * FROM `tp_module` WHERE  `id` = 22 LIMIT 1 [ RunTime:0.000495s ]
[2023-03-11T23:00:12+08:00][sql] SELECT * FROM `tp_module` WHERE  `id` = 23 LIMIT 1 [ RunTime:0.000649s ]
[2023-03-11T23:00:12+08:00][sql] SELECT * FROM `tp_module` WHERE  `id` = 24 LIMIT 1 [ RunTime:0.000591s ]
[2023-03-11T23:00:12+08:00][sql] SELECT * FROM `tp_module` WHERE  `id` = 25 LIMIT 1 [ RunTime:0.000618s ]
[2023-03-11T23:00:12+08:00][sql] SELECT * FROM `tp_module` WHERE  `id` = 18 LIMIT 1 [ RunTime:0.000583s ]
[2023-03-11T23:00:12+08:00][sql] SELECT * FROM `tp_module` WHERE  `id` = 18 LIMIT 1 [ RunTime:0.000794s ]
[2023-03-11T23:00:12+08:00][sql] SELECT * FROM `tp_module` WHERE  `id` = 19 LIMIT 1 [ RunTime:0.000878s ]
[2023-03-11T23:00:12+08:00][sql] SELECT * FROM `tp_system` WHERE  `id` = 1 LIMIT 1 [ RunTime:0.000862s ]
[2023-03-11T23:00:12+08:00][sql] SELECT * FROM `tp_cate` WHERE  `is_menu` = 1 ORDER BY `sort` ASC,`id` DESC [ RunTime:0.001111s ]
[2023-03-11T23:00:12+08:00][sql] SELECT * FROM `tp_module` WHERE  `id` IN (18,19,21,22,23,24,25) [ RunTime:0.001252s ]
[2023-03-11T23:00:12+08:00][sql] SELECT * FROM `tp_cate` WHERE  `is_menu` = 1 ORDER BY `sort` ASC,`id` DESC [ RunTime:0.001254s ]
[2023-03-11T23:00:12+08:00][sql] SELECT * FROM `tp_module` WHERE  `id` IN (18,19,21,22,23,24,25) [ RunTime:0.000873s ]
[2023-03-11T23:00:12+08:00][sql] SHOW FULL COLUMNS FROM `tp_ad` [ RunTime:0.011335s ]
[2023-03-11T23:00:12+08:00][sql] SELECT * FROM `tp_ad` WHERE  `status` = 1  AND `type_id` = 1 ORDER BY `sort` ASC,`id` DESC [ RunTime:0.000917s ]
[2023-03-11T23:00:12+08:00][sql] SELECT * FROM `tp_ad` WHERE  `status` = 1  AND `type_id` = 1 ORDER BY `sort` ASC,`id` DESC [ RunTime:0.000576s ]
[2023-03-11T23:00:12+08:00][sql] SHOW FULL COLUMNS FROM `tp_debris` [ RunTime:0.013574s ]
[2023-03-11T23:00:12+08:00][sql] SELECT `content` FROM `tp_debris` WHERE  `name` = 'AboutUs'  AND `status` = 1 LIMIT 1 [ RunTime:0.001184s ]
[2023-03-11T23:00:12+08:00][sql] SELECT * FROM `tp_cate` WHERE  `id` = 6 LIMIT 1 [ RunTime:0.000754s ]
[2023-03-11T23:00:12+08:00][sql] SELECT * FROM `tp_module` WHERE  `id` = 19 [ RunTime:0.000636s ]
[2023-03-11T23:00:12+08:00][sql] SELECT * FROM `tp_cate` WHERE  `id` = 8 LIMIT 1 [ RunTime:0.000790s ]
[2023-03-11T23:00:12+08:00][sql] SELECT * FROM `tp_module` WHERE  `id` = 22 [ RunTime:0.000445s ]
[2023-03-11T23:00:12+08:00][sql] SELECT * FROM `tp_cate` WHERE  `id` = 8 LIMIT 1 [ RunTime:0.000511s ]
[2023-03-11T23:00:12+08:00][sql] SELECT * FROM `tp_module` WHERE  `id` = 22 [ RunTime:0.000608s ]
[2023-03-11T23:00:12+08:00][sql] SELECT * FROM `tp_cate` WHERE  `id` = 8 LIMIT 1 [ RunTime:0.000543s ]
[2023-03-11T23:00:12+08:00][sql] SELECT * FROM `tp_module` WHERE  `id` = 22 [ RunTime:0.000461s ]
[2023-03-11T23:00:12+08:00][sql] SELECT `id`,`parent_id` FROM `tp_cate` [ RunTime:0.000416s ]
[2023-03-11T23:00:12+08:00][sql] SHOW FULL COLUMNS FROM `tp_product` [ RunTime:0.011477s ]
[2023-03-11T23:00:12+08:00][sql] SELECT * FROM `tp_product` WHERE  (  status = 1  )  AND `cate_id` IN (8,9,10) ORDER BY `sort` ASC,`id` DESC LIMIT 4 [ RunTime:0.001373s ]
[2023-03-11T23:00:12+08:00][sql] SELECT * FROM `tp_cate` WHERE  `id` = 9 [ RunTime:0.000678s ]
[2023-03-11T23:00:12+08:00][sql] SELECT * FROM `tp_cate` WHERE  `id` = 9 [ RunTime:0.000800s ]
[2023-03-11T23:00:12+08:00][sql] SELECT * FROM `tp_module` WHERE  `id` = 22 [ RunTime:0.000756s ]
[2023-03-11T23:00:12+08:00][sql] SHOW FULL COLUMNS FROM `tp_field` [ RunTime:0.011087s ]
[2023-03-11T23:00:12+08:00][sql] SELECT * FROM `tp_field` WHERE  `module_id` = 22 [ RunTime:0.002291s ]
[2023-03-11T23:00:12+08:00][sql] SELECT * FROM `tp_module` WHERE  `id` = 22 [ RunTime:0.000643s ]
[2023-03-11T23:00:12+08:00][sql] SHOW FULL COLUMNS FROM `tp_dictionary_type` [ RunTime:0.010837s ]
[2023-03-11T23:00:12+08:00][sql] SELECT * FROM `tp_dictionary_type` WHERE  `id` IN (0,1) [ RunTime:0.000864s ]
[2023-03-11T23:00:12+08:00][sql] SHOW FULL COLUMNS FROM `tp_dictionary` [ RunTime:0.011175s ]
[2023-03-11T23:00:12+08:00][sql] SELECT `dict_value`,`dict_label` FROM `tp_dictionary` WHERE  `dict_type` = '1' ORDER BY `sort` ASC,`id` DESC [ RunTime:0.001024s ]
[2023-03-11T23:00:12+08:00][sql] SELECT * FROM `tp_module` WHERE  `model_name` = 'Cate' LIMIT 1 [ RunTime:0.000774s ]
[2023-03-11T23:00:12+08:00][sql] SELECT * FROM `tp_field` WHERE  `module_id` = 20  AND `field` = 'sort' LIMIT 1 [ RunTime:0.001352s ]
[2023-03-11T23:00:12+08:00][sql] SELECT * FROM `tp_module` WHERE  `model_name` = 'Cate' LIMIT 1 [ RunTime:0.000654s ]
[2023-03-11T23:00:12+08:00][sql] SELECT `id` FROM `tp_module` WHERE  `model_name` = 'Cate' LIMIT 1 [ RunTime:0.000600s ]
[2023-03-11T23:00:12+08:00][sql] SELECT `field` FROM `tp_field` WHERE  ( field = 'pid' OR field = 'parent_id'  )  AND `module_id` = 20 LIMIT 1 [ RunTime:0.000757s ]
[2023-03-11T23:00:12+08:00][sql] SELECT `id`,`cate_name`,`parent_id` FROM `tp_cate` ORDER BY `sort` ASC,`id` DESC [ RunTime:0.000519s ]
[2023-03-11T23:00:12+08:00][sql] SELECT `id` FROM `tp_cate` WHERE  `module_id` = 22 [ RunTime:0.000495s ]
[2023-03-11T23:00:12+08:00][sql] SELECT * FROM `tp_module` WHERE  `model_name` = 'UsersType' LIMIT 1 [ RunTime:0.000722s ]
[2023-03-11T23:00:12+08:00][sql] SELECT * FROM `tp_field` WHERE  `module_id` = 6  AND `field` = 'sort' LIMIT 1 [ RunTime:0.000949s ]
[2023-03-11T23:00:12+08:00][sql] SELECT * FROM `tp_module` WHERE  `model_name` = 'UsersType' LIMIT 1 [ RunTime:0.000628s ]
[2023-03-11T23:00:12+08:00][sql] SELECT `id` FROM `tp_module` WHERE  `model_name` = 'UsersType' LIMIT 1 [ RunTime:0.000474s ]
[2023-03-11T23:00:12+08:00][sql] SELECT `field` FROM `tp_field` WHERE  ( field = 'pid' OR field = 'parent_id'  )  AND `module_id` = 6 LIMIT 1 [ RunTime:0.000691s ]
[2023-03-11T23:00:12+08:00][sql] SHOW FULL COLUMNS FROM `tp_users_type` [ RunTime:0.010786s ]
[2023-03-11T23:00:12+08:00][sql] SELECT `id`,`name` FROM `tp_users_type` ORDER BY `sort` ASC,`id` DESC [ RunTime:0.000908s ]
[2023-03-11T23:00:12+08:00][sql] SELECT * FROM `tp_field` WHERE  `module_id` = 22 [ RunTime:0.001950s ]
[2023-03-11T23:00:12+08:00][sql] SELECT * FROM `tp_module` WHERE  `id` = 22 [ RunTime:0.000649s ]
[2023-03-11T23:00:12+08:00][sql] SELECT * FROM `tp_dictionary_type` WHERE  `id` IN (0,1) [ RunTime:0.000623s ]
[2023-03-11T23:00:12+08:00][sql] SELECT * FROM `tp_field` WHERE  `module_id` = 22 [ RunTime:0.001469s ]
[2023-03-11T23:00:12+08:00][sql] SELECT * FROM `tp_module` WHERE  `id` = 22 [ RunTime:0.000602s ]
[2023-03-11T23:00:12+08:00][sql] SELECT * FROM `tp_dictionary_type` WHERE  `id` IN (0,1) [ RunTime:0.000518s ]
[2023-03-11T23:00:12+08:00][sql] SELECT * FROM `tp_field` WHERE  `module_id` = 22 [ RunTime:0.001259s ]
[2023-03-11T23:00:12+08:00][sql] SELECT * FROM `tp_module` WHERE  `id` = 22 [ RunTime:0.000482s ]
[2023-03-11T23:00:12+08:00][sql] SELECT * FROM `tp_dictionary_type` WHERE  `id` IN (0,1) [ RunTime:0.000453s ]
[2023-03-11T23:00:12+08:00][sql] SELECT * FROM `tp_field` WHERE  `module_id` = 22 [ RunTime:0.001274s ]
[2023-03-11T23:00:12+08:00][sql] SELECT * FROM `tp_module` WHERE  `id` = 22 [ RunTime:0.000460s ]
[2023-03-11T23:00:12+08:00][sql] SELECT * FROM `tp_dictionary_type` WHERE  `id` IN (0,1) [ RunTime:0.000442s ]
[2023-03-11T23:00:12+08:00][sql] SELECT * FROM `tp_cate` WHERE  `id` = 4 LIMIT 1 [ RunTime:0.000830s ]
[2023-03-11T23:00:12+08:00][sql] SELECT * FROM `tp_module` WHERE  `id` = 19 [ RunTime:0.001272s ]
[2023-03-11T23:00:12+08:00][sql] SELECT * FROM `tp_cate` WHERE  `id` = 4 LIMIT 1 [ RunTime:0.000780s ]
[2023-03-11T23:00:12+08:00][sql] SELECT * FROM `tp_module` WHERE  `id` = 19 [ RunTime:0.000727s ]
[2023-03-11T23:00:12+08:00][sql] SELECT * FROM `tp_cate` WHERE  `id` = 4 LIMIT 1 [ RunTime:0.000663s ]
[2023-03-11T23:00:12+08:00][sql] SELECT * FROM `tp_module` WHERE  `id` = 19 [ RunTime:0.000520s ]
[2023-03-11T23:00:12+08:00][sql] SELECT `id`,`parent_id` FROM `tp_cate` [ RunTime:0.000439s ]
[2023-03-11T23:00:12+08:00][sql] SHOW FULL COLUMNS FROM `tp_article` [ RunTime:0.019615s ]
[2023-03-11T23:00:12+08:00][sql] SELECT * FROM `tp_article` WHERE  ( image <>'' AND status = 1  )  AND `cate_id` IN (4,5,6) ORDER BY `sort` ASC,`id` DESC LIMIT 4 [ RunTime:0.002257s ]
[2023-03-11T23:00:12+08:00][sql] SELECT * FROM `tp_cate` WHERE  `id` = 5 [ RunTime:0.001026s ]
[2023-03-11T23:00:12+08:00][sql] SELECT * FROM `tp_cate` WHERE  `id` = 5 [ RunTime:0.001630s ]
[2023-03-11T23:00:12+08:00][sql] SELECT * FROM `tp_module` WHERE  `id` = 19 [ RunTime:0.000685s ]
[2023-03-11T23:00:12+08:00][sql] SELECT * FROM `tp_field` WHERE  `module_id` = 19 [ RunTime:0.001454s ]
[2023-03-11T23:00:12+08:00][sql] SELECT * FROM `tp_module` WHERE  `id` = 19 [ RunTime:0.000522s ]
[2023-03-11T23:00:12+08:00][sql] SELECT * FROM `tp_dictionary_type` WHERE  `id` IN (0,1) [ RunTime:0.000617s ]
[2023-03-11T23:00:12+08:00][sql] SELECT `dict_value`,`dict_label` FROM `tp_dictionary` WHERE  `dict_type` = '1' ORDER BY `sort` ASC,`id` DESC [ RunTime:0.000669s ]
[2023-03-11T23:00:12+08:00][sql] SELECT * FROM `tp_module` WHERE  `model_name` = 'Cate' LIMIT 1 [ RunTime:0.000588s ]
[2023-03-11T23:00:12+08:00][sql] SELECT * FROM `tp_field` WHERE  `module_id` = 20  AND `field` = 'sort' LIMIT 1 [ RunTime:0.001136s ]
[2023-03-11T23:00:12+08:00][sql] SELECT * FROM `tp_module` WHERE  `model_name` = 'Cate' LIMIT 1 [ RunTime:0.000532s ]
[2023-03-11T23:00:12+08:00][sql] SELECT `id` FROM `tp_module` WHERE  `model_name` = 'Cate' LIMIT 1 [ RunTime:0.000426s ]
[2023-03-11T23:00:12+08:00][sql] SELECT `field` FROM `tp_field` WHERE  ( field = 'pid' OR field = 'parent_id'  )  AND `module_id` = 20 LIMIT 1 [ RunTime:0.000556s ]
[2023-03-11T23:00:12+08:00][sql] SELECT `id`,`cate_name`,`parent_id` FROM `tp_cate` ORDER BY `sort` ASC,`id` DESC [ RunTime:0.000951s ]
[2023-03-11T23:00:12+08:00][sql] SELECT `id` FROM `tp_cate` WHERE  `module_id` = 19 [ RunTime:0.000741s ]
[2023-03-11T23:00:12+08:00][sql] SELECT * FROM `tp_module` WHERE  `model_name` = 'UsersType' LIMIT 1 [ RunTime:0.000627s ]
[2023-03-11T23:00:12+08:00][sql] SELECT * FROM `tp_field` WHERE  `module_id` = 6  AND `field` = 'sort' LIMIT 1 [ RunTime:0.000659s ]
[2023-03-11T23:00:12+08:00][sql] SELECT * FROM `tp_module` WHERE  `model_name` = 'UsersType' LIMIT 1 [ RunTime:0.000498s ]
[2023-03-11T23:00:12+08:00][sql] SELECT `id` FROM `tp_module` WHERE  `model_name` = 'UsersType' LIMIT 1 [ RunTime:0.000393s ]
[2023-03-11T23:00:12+08:00][sql] SELECT `field` FROM `tp_field` WHERE  ( field = 'pid' OR field = 'parent_id'  )  AND `module_id` = 6 LIMIT 1 [ RunTime:0.000591s ]
[2023-03-11T23:00:12+08:00][sql] SELECT `id`,`name` FROM `tp_users_type` ORDER BY `sort` ASC,`id` DESC [ RunTime:0.000459s ]
[2023-03-11T23:00:12+08:00][sql] SELECT * FROM `tp_field` WHERE  `module_id` = 19 [ RunTime:0.001251s ]
[2023-03-11T23:00:12+08:00][sql] SELECT * FROM `tp_module` WHERE  `id` = 19 [ RunTime:0.000495s ]
[2023-03-11T23:00:12+08:00][sql] SELECT * FROM `tp_dictionary_type` WHERE  `id` IN (0,1) [ RunTime:0.000520s ]
[2023-03-11T23:00:12+08:00][sql] SELECT * FROM `tp_field` WHERE  `module_id` = 19 [ RunTime:0.001467s ]
[2023-03-11T23:00:12+08:00][sql] SELECT * FROM `tp_module` WHERE  `id` = 19 [ RunTime:0.000490s ]
[2023-03-11T23:00:12+08:00][sql] SELECT * FROM `tp_dictionary_type` WHERE  `id` IN (0,1) [ RunTime:0.000845s ]
[2023-03-11T23:00:12+08:00][sql] SELECT * FROM `tp_field` WHERE  `module_id` = 19 [ RunTime:0.001647s ]
[2023-03-11T23:00:12+08:00][sql] SELECT * FROM `tp_module` WHERE  `id` = 19 [ RunTime:0.000581s ]
[2023-03-11T23:00:12+08:00][sql] SELECT * FROM `tp_dictionary_type` WHERE  `id` IN (0,1) [ RunTime:0.000520s ]
[2023-03-11T23:00:12+08:00][sql] SELECT * FROM `tp_field` WHERE  `module_id` = 19 [ RunTime:0.001618s ]
[2023-03-11T23:00:12+08:00][sql] SELECT * FROM `tp_module` WHERE  `id` = 19 [ RunTime:0.000587s ]
[2023-03-11T23:00:12+08:00][sql] SELECT * FROM `tp_dictionary_type` WHERE  `id` IN (0,1) [ RunTime:0.000922s ]
[2023-03-11T23:00:12+08:00][sql] SELECT * FROM `tp_cate` WHERE  `id` = 7 LIMIT 1 [ RunTime:0.001008s ]
[2023-03-11T23:00:12+08:00][sql] SELECT * FROM `tp_module` WHERE  `id` = 21 [ RunTime:0.000723s ]
[2023-03-11T23:00:12+08:00][sql] SELECT * FROM `tp_cate` WHERE  `id` = 7 LIMIT 1 [ RunTime:0.000722s ]
[2023-03-11T23:00:12+08:00][sql] SELECT * FROM `tp_module` WHERE  `id` = 21 [ RunTime:0.000477s ]
[2023-03-11T23:00:12+08:00][sql] SELECT * FROM `tp_cate` WHERE  `id` = 7 LIMIT 1 [ RunTime:0.000496s ]
[2023-03-11T23:00:12+08:00][sql] SELECT * FROM `tp_module` WHERE  `id` = 21 [ RunTime:0.000445s ]
[2023-03-11T23:00:12+08:00][sql] SELECT `id`,`parent_id` FROM `tp_cate` [ RunTime:0.000382s ]
[2023-03-11T23:00:12+08:00][sql] SHOW FULL COLUMNS FROM `tp_picture` [ RunTime:0.012973s ]
[2023-03-11T23:00:12+08:00][sql] SELECT * FROM `tp_picture` WHERE  (  status = 1  )  AND `cate_id` = 7 ORDER BY `sort` ASC,`id` DESC LIMIT 3 [ RunTime:0.000790s ]
[2023-03-11T23:00:12+08:00][sql] SELECT * FROM `tp_cate` WHERE  `id` = 7 [ RunTime:0.000524s ]
[2023-03-11T23:00:12+08:00][sql] SELECT * FROM `tp_cate` WHERE  `id` = 7 [ RunTime:0.000484s ]
[2023-03-11T23:00:12+08:00][sql] SELECT * FROM `tp_module` WHERE  `id` = 21 [ RunTime:0.000459s ]
[2023-03-11T23:00:12+08:00][sql] SELECT * FROM `tp_field` WHERE  `module_id` = 21 [ RunTime:0.001295s ]
[2023-03-11T23:00:12+08:00][sql] SELECT * FROM `tp_module` WHERE  `id` = 21 [ RunTime:0.000457s ]
[2023-03-11T23:00:12+08:00][sql] SELECT * FROM `tp_dictionary_type` WHERE  `id` IN (0,1) [ RunTime:0.000503s ]
[2023-03-11T23:00:12+08:00][sql] SELECT `dict_value`,`dict_label` FROM `tp_dictionary` WHERE  `dict_type` = '1' ORDER BY `sort` ASC,`id` DESC [ RunTime:0.000747s ]
[2023-03-11T23:00:12+08:00][sql] SELECT * FROM `tp_module` WHERE  `model_name` = 'Cate' LIMIT 1 [ RunTime:0.000508s ]
[2023-03-11T23:00:12+08:00][sql] SELECT * FROM `tp_field` WHERE  `module_id` = 20  AND `field` = 'sort' LIMIT 1 [ RunTime:0.000892s ]
[2023-03-11T23:00:12+08:00][sql] SELECT * FROM `tp_module` WHERE  `model_name` = 'Cate' LIMIT 1 [ RunTime:0.000478s ]
[2023-03-11T23:00:12+08:00][sql] SELECT `id` FROM `tp_module` WHERE  `model_name` = 'Cate' LIMIT 1 [ RunTime:0.000635s ]
[2023-03-11T23:00:12+08:00][sql] SELECT `field` FROM `tp_field` WHERE  ( field = 'pid' OR field = 'parent_id'  )  AND `module_id` = 20 LIMIT 1 [ RunTime:0.000860s ]
[2023-03-11T23:00:12+08:00][sql] SELECT `id`,`cate_name`,`parent_id` FROM `tp_cate` ORDER BY `sort` ASC,`id` DESC [ RunTime:0.000645s ]
[2023-03-11T23:00:12+08:00][sql] SELECT `id` FROM `tp_cate` WHERE  `module_id` = 21 [ RunTime:0.000480s ]
[2023-03-11T23:00:12+08:00][sql] SELECT * FROM `tp_module` WHERE  `model_name` = 'UsersType' LIMIT 1 [ RunTime:0.000498s ]
[2023-03-11T23:00:12+08:00][sql] SELECT * FROM `tp_field` WHERE  `module_id` = 6  AND `field` = 'sort' LIMIT 1 [ RunTime:0.000564s ]
[2023-03-11T23:00:12+08:00][sql] SELECT * FROM `tp_module` WHERE  `model_name` = 'UsersType' LIMIT 1 [ RunTime:0.000452s ]
[2023-03-11T23:00:12+08:00][sql] SELECT `id` FROM `tp_module` WHERE  `model_name` = 'UsersType' LIMIT 1 [ RunTime:0.000391s ]
[2023-03-11T23:00:12+08:00][sql] SELECT `field` FROM `tp_field` WHERE  ( field = 'pid' OR field = 'parent_id'  )  AND `module_id` = 6 LIMIT 1 [ RunTime:0.000584s ]
[2023-03-11T23:00:12+08:00][sql] SELECT `id`,`name` FROM `tp_users_type` ORDER BY `sort` ASC,`id` DESC [ RunTime:0.000383s ]
[2023-03-11T23:00:12+08:00][sql] SELECT * FROM `tp_field` WHERE  `module_id` = 21 [ RunTime:0.001261s ]
[2023-03-11T23:00:12+08:00][sql] SELECT * FROM `tp_module` WHERE  `id` = 21 [ RunTime:0.000502s ]
[2023-03-11T23:00:12+08:00][sql] SELECT * FROM `tp_dictionary_type` WHERE  `id` IN (0,1) [ RunTime:0.000432s ]
[2023-03-11T23:00:12+08:00][sql] SELECT * FROM `tp_field` WHERE  `module_id` = 21 [ RunTime:0.001639s ]
[2023-03-11T23:00:12+08:00][sql] SELECT * FROM `tp_module` WHERE  `id` = 21 [ RunTime:0.000491s ]
[2023-03-11T23:00:12+08:00][sql] SELECT * FROM `tp_dictionary_type` WHERE  `id` IN (0,1) [ RunTime:0.000853s ]
[2023-03-11T23:00:12+08:00][sql] SELECT * FROM `tp_field` WHERE  `module_id` = 21 [ RunTime:0.001722s ]
[2023-03-11T23:00:12+08:00][sql] SELECT * FROM `tp_module` WHERE  `id` = 21 [ RunTime:0.000558s ]
[2023-03-11T23:00:12+08:00][sql] SELECT * FROM `tp_dictionary_type` WHERE  `id` IN (0,1) [ RunTime:0.000512s ]
[2023-03-11T23:00:12+08:00][sql] SELECT * FROM `tp_cate` WHERE  `id` = 12 LIMIT 1 [ RunTime:0.000637s ]
[2023-03-11T23:00:12+08:00][sql] SELECT * FROM `tp_module` WHERE  `id` = 24 [ RunTime:0.000536s ]
[2023-03-11T23:00:12+08:00][sql] SELECT `id`,`parent_id` FROM `tp_cate` [ RunTime:0.000510s ]
[2023-03-11T23:00:12+08:00][sql] SHOW FULL COLUMNS FROM `tp_team` [ RunTime:0.012426s ]
[2023-03-11T23:00:12+08:00][sql] SELECT * FROM `tp_team` WHERE  (  status = 1  )  AND `cate_id` = 12 ORDER BY `sort` ASC,`id` DESC LIMIT 6 [ RunTime:0.000786s ]
[2023-03-11T23:00:12+08:00][sql] SELECT * FROM `tp_cate` WHERE  `id` = 12 [ RunTime:0.000481s ]
[2023-03-11T23:00:12+08:00][sql] SELECT * FROM `tp_cate` WHERE  `id` = 12 [ RunTime:0.000435s ]
[2023-03-11T23:00:12+08:00][sql] SELECT * FROM `tp_module` WHERE  `id` = 24 [ RunTime:0.000453s ]
[2023-03-11T23:00:12+08:00][sql] SELECT * FROM `tp_field` WHERE  `module_id` = 24 [ RunTime:0.001179s ]
[2023-03-11T23:00:12+08:00][sql] SELECT * FROM `tp_module` WHERE  `id` = 24 [ RunTime:0.000494s ]
[2023-03-11T23:00:12+08:00][sql] SELECT * FROM `tp_dictionary_type` WHERE  `id` IN (0,1,10,4) [ RunTime:0.000498s ]
[2023-03-11T23:00:12+08:00][sql] SELECT `dict_value`,`dict_label` FROM `tp_dictionary` WHERE  `dict_type` = '1' ORDER BY `sort` ASC,`id` DESC [ RunTime:0.001001s ]
[2023-03-11T23:00:12+08:00][sql] SELECT * FROM `tp_module` WHERE  `model_name` = 'Cate' LIMIT 1 [ RunTime:0.000604s ]
[2023-03-11T23:00:12+08:00][sql] SELECT * FROM `tp_field` WHERE  `module_id` = 20  AND `field` = 'sort' LIMIT 1 [ RunTime:0.001010s ]
[2023-03-11T23:00:12+08:00][sql] SELECT * FROM `tp_module` WHERE  `model_name` = 'Cate' LIMIT 1 [ RunTime:0.000513s ]
[2023-03-11T23:00:12+08:00][sql] SELECT `id` FROM `tp_module` WHERE  `model_name` = 'Cate' LIMIT 1 [ RunTime:0.000369s ]
[2023-03-11T23:00:12+08:00][sql] SELECT `field` FROM `tp_field` WHERE  ( field = 'pid' OR field = 'parent_id'  )  AND `module_id` = 20 LIMIT 1 [ RunTime:0.000778s ]
[2023-03-11T23:00:12+08:00][sql] SELECT `id`,`cate_name`,`parent_id` FROM `tp_cate` ORDER BY `sort` ASC,`id` DESC [ RunTime:0.000713s ]
[2023-03-11T23:00:12+08:00][sql] SELECT `id` FROM `tp_cate` WHERE  `module_id` = 24 [ RunTime:0.000660s ]
[2023-03-11T23:00:12+08:00][sql] SELECT `dict_value`,`dict_label` FROM `tp_dictionary` WHERE  `dict_type` = '10' ORDER BY `sort` ASC,`id` DESC [ RunTime:0.000533s ]
[2023-03-11T23:00:12+08:00][sql] SELECT `dict_value`,`dict_label` FROM `tp_dictionary` WHERE  `dict_type` = '4' ORDER BY `sort` ASC,`id` DESC [ RunTime:0.000447s ]
[2023-03-11T23:00:12+08:00][sql] SELECT * FROM `tp_module` WHERE  `model_name` = 'UsersType' LIMIT 1 [ RunTime:0.000520s ]
[2023-03-11T23:00:12+08:00][sql] SELECT * FROM `tp_field` WHERE  `module_id` = 6  AND `field` = 'sort' LIMIT 1 [ RunTime:0.000558s ]
[2023-03-11T23:00:12+08:00][sql] SELECT * FROM `tp_module` WHERE  `model_name` = 'UsersType' LIMIT 1 [ RunTime:0.000448s ]
[2023-03-11T23:00:12+08:00][sql] SELECT `id` FROM `tp_module` WHERE  `model_name` = 'UsersType' LIMIT 1 [ RunTime:0.000380s ]
[2023-03-11T23:00:12+08:00][sql] SELECT `field` FROM `tp_field` WHERE  ( field = 'pid' OR field = 'parent_id'  )  AND `module_id` = 6 LIMIT 1 [ RunTime:0.000577s ]
[2023-03-11T23:00:12+08:00][sql] SELECT `id`,`name` FROM `tp_users_type` ORDER BY `sort` ASC,`id` DESC [ RunTime:0.000389s ]
[2023-03-11T23:00:12+08:00][sql] SELECT * FROM `tp_field` WHERE  `module_id` = 24 [ RunTime:0.001370s ]
[2023-03-11T23:00:12+08:00][sql] SELECT * FROM `tp_module` WHERE  `id` = 24 [ RunTime:0.000842s ]
[2023-03-11T23:00:12+08:00][sql] SELECT * FROM `tp_dictionary_type` WHERE  `id` IN (0,1,10,4) [ RunTime:0.000600s ]
[2023-03-11T23:00:12+08:00][sql] SELECT * FROM `tp_field` WHERE  `module_id` = 24 [ RunTime:0.002344s ]
[2023-03-11T23:00:12+08:00][sql] SELECT * FROM `tp_module` WHERE  `id` = 24 [ RunTime:0.000789s ]
[2023-03-11T23:00:12+08:00][sql] SELECT * FROM `tp_dictionary_type` WHERE  `id` IN (0,1,10,4) [ RunTime:0.000698s ]
[2023-03-11T23:00:12+08:00][sql] SELECT * FROM `tp_field` WHERE  `module_id` = 24 [ RunTime:0.001868s ]
[2023-03-11T23:00:12+08:00][sql] SELECT * FROM `tp_module` WHERE  `id` = 24 [ RunTime:0.000855s ]
[2023-03-11T23:00:12+08:00][sql] SELECT * FROM `tp_dictionary_type` WHERE  `id` IN (0,1,10,4) [ RunTime:0.000658s ]
[2023-03-11T23:00:12+08:00][sql] SELECT * FROM `tp_field` WHERE  `module_id` = 24 [ RunTime:0.002038s ]
[2023-03-11T23:00:12+08:00][sql] SELECT * FROM `tp_module` WHERE  `id` = 24 [ RunTime:0.000595s ]
[2023-03-11T23:00:12+08:00][sql] SELECT * FROM `tp_dictionary_type` WHERE  `id` IN (0,1,10,4) [ RunTime:0.000463s ]
[2023-03-11T23:00:12+08:00][sql] SELECT * FROM `tp_field` WHERE  `module_id` = 24 [ RunTime:0.001837s ]
[2023-03-11T23:00:12+08:00][sql] SELECT * FROM `tp_module` WHERE  `id` = 24 [ RunTime:0.001134s ]
[2023-03-11T23:00:12+08:00][sql] SELECT * FROM `tp_dictionary_type` WHERE  `id` IN (0,1,10,4) [ RunTime:0.000786s ]
[2023-03-11T23:00:12+08:00][sql] SELECT * FROM `tp_field` WHERE  `module_id` = 24 [ RunTime:0.001866s ]
[2023-03-11T23:00:12+08:00][sql] SELECT * FROM `tp_module` WHERE  `id` = 24 [ RunTime:0.000582s ]
[2023-03-11T23:00:12+08:00][sql] SELECT * FROM `tp_dictionary_type` WHERE  `id` IN (0,1,10,4) [ RunTime:0.000506s ]
[2023-03-11T23:00:12+08:00][sql] SELECT * FROM `tp_cate` WHERE  `id` = 12 LIMIT 1 [ RunTime:0.000586s ]
[2023-03-11T23:00:12+08:00][sql] SELECT * FROM `tp_module` WHERE  `id` = 24 [ RunTime:0.000739s ]
[2023-03-11T23:00:12+08:00][sql] SELECT `id`,`parent_id` FROM `tp_cate` [ RunTime:0.000504s ]
[2023-03-11T23:00:12+08:00][sql] SELECT * FROM `tp_team` WHERE  (  status = 1  )  AND `cate_id` = 12 ORDER BY `sort` ASC,`id` DESC LIMIT 6 [ RunTime:0.000584s ]
[2023-03-11T23:00:12+08:00][sql] SELECT * FROM `tp_cate` WHERE  `id` = 12 [ RunTime:0.000807s ]
[2023-03-11T23:00:12+08:00][sql] SELECT * FROM `tp_cate` WHERE  `id` = 12 [ RunTime:0.000876s ]
[2023-03-11T23:00:12+08:00][sql] SELECT * FROM `tp_module` WHERE  `id` = 24 [ RunTime:0.000683s ]
[2023-03-11T23:00:12+08:00][sql] SELECT * FROM `tp_field` WHERE  `module_id` = 24 [ RunTime:0.001382s ]
[2023-03-11T23:00:12+08:00][sql] SELECT * FROM `tp_module` WHERE  `id` = 24 [ RunTime:0.000451s ]
[2023-03-11T23:00:12+08:00][sql] SELECT * FROM `tp_dictionary_type` WHERE  `id` IN (0,1,10,4) [ RunTime:0.000508s ]
[2023-03-11T23:00:12+08:00][sql] SELECT `dict_value`,`dict_label` FROM `tp_dictionary` WHERE  `dict_type` = '1' ORDER BY `sort` ASC,`id` DESC [ RunTime:0.000506s ]
[2023-03-11T23:00:12+08:00][sql] SELECT * FROM `tp_module` WHERE  `model_name` = 'Cate' LIMIT 1 [ RunTime:0.000571s ]
[2023-03-11T23:00:12+08:00][sql] SELECT * FROM `tp_field` WHERE  `module_id` = 20  AND `field` = 'sort' LIMIT 1 [ RunTime:0.001095s ]
[2023-03-11T23:00:12+08:00][sql] SELECT * FROM `tp_module` WHERE  `model_name` = 'Cate' LIMIT 1 [ RunTime:0.000510s ]
[2023-03-11T23:00:12+08:00][sql] SELECT `id` FROM `tp_module` WHERE  `model_name` = 'Cate' LIMIT 1 [ RunTime:0.000373s ]
[2023-03-11T23:00:12+08:00][sql] SELECT `field` FROM `tp_field` WHERE  ( field = 'pid' OR field = 'parent_id'  )  AND `module_id` = 20 LIMIT 1 [ RunTime:0.000468s ]
[2023-03-11T23:00:12+08:00][sql] SELECT `id`,`cate_name`,`parent_id` FROM `tp_cate` ORDER BY `sort` ASC,`id` DESC [ RunTime:0.000992s ]
[2023-03-11T23:00:12+08:00][sql] SELECT `id` FROM `tp_cate` WHERE  `module_id` = 24 [ RunTime:0.000660s ]
[2023-03-11T23:00:12+08:00][sql] SELECT `dict_value`,`dict_label` FROM `tp_dictionary` WHERE  `dict_type` = '10' ORDER BY `sort` ASC,`id` DESC [ RunTime:0.000539s ]
[2023-03-11T23:00:12+08:00][sql] SELECT `dict_value`,`dict_label` FROM `tp_dictionary` WHERE  `dict_type` = '4' ORDER BY `sort` ASC,`id` DESC [ RunTime:0.000468s ]
[2023-03-11T23:00:12+08:00][sql] SELECT * FROM `tp_module` WHERE  `model_name` = 'UsersType' LIMIT 1 [ RunTime:0.000466s ]
[2023-03-11T23:00:12+08:00][sql] SELECT * FROM `tp_field` WHERE  `module_id` = 6  AND `field` = 'sort' LIMIT 1 [ RunTime:0.000574s ]
[2023-03-11T23:00:12+08:00][sql] SELECT * FROM `tp_module` WHERE  `model_name` = 'UsersType' LIMIT 1 [ RunTime:0.000439s ]
[2023-03-11T23:00:12+08:00][sql] SELECT `id` FROM `tp_module` WHERE  `model_name` = 'UsersType' LIMIT 1 [ RunTime:0.000379s ]
[2023-03-11T23:00:12+08:00][sql] SELECT `field` FROM `tp_field` WHERE  ( field = 'pid' OR field = 'parent_id'  )  AND `module_id` = 6 LIMIT 1 [ RunTime:0.000592s ]
[2023-03-11T23:00:12+08:00][sql] SELECT `id`,`name` FROM `tp_users_type` ORDER BY `sort` ASC,`id` DESC [ RunTime:0.000378s ]
[2023-03-11T23:00:12+08:00][sql] SELECT * FROM `tp_field` WHERE  `module_id` = 24 [ RunTime:0.001283s ]
[2023-03-11T23:00:12+08:00][sql] SELECT * FROM `tp_module` WHERE  `id` = 24 [ RunTime:0.000468s ]
[2023-03-11T23:00:12+08:00][sql] SELECT * FROM `tp_dictionary_type` WHERE  `id` IN (0,1,10,4) [ RunTime:0.000483s ]
[2023-03-11T23:00:12+08:00][sql] SELECT * FROM `tp_field` WHERE  `module_id` = 24 [ RunTime:0.001655s ]
[2023-03-11T23:00:12+08:00][sql] SELECT * FROM `tp_module` WHERE  `id` = 24 [ RunTime:0.000506s ]
[2023-03-11T23:00:12+08:00][sql] SELECT * FROM `tp_dictionary_type` WHERE  `id` IN (0,1,10,4) [ RunTime:0.000707s ]
[2023-03-11T23:00:12+08:00][sql] SELECT * FROM `tp_field` WHERE  `module_id` = 24 [ RunTime:0.001851s ]
[2023-03-11T23:00:12+08:00][sql] SELECT * FROM `tp_module` WHERE  `id` = 24 [ RunTime:0.000628s ]
[2023-03-11T23:00:12+08:00][sql] SELECT * FROM `tp_dictionary_type` WHERE  `id` IN (0,1,10,4) [ RunTime:0.000480s ]
[2023-03-11T23:00:12+08:00][sql] SELECT * FROM `tp_field` WHERE  `module_id` = 24 [ RunTime:0.001707s ]
[2023-03-11T23:00:12+08:00][sql] SELECT * FROM `tp_module` WHERE  `id` = 24 [ RunTime:0.000578s ]
[2023-03-11T23:00:12+08:00][sql] SELECT * FROM `tp_dictionary_type` WHERE  `id` IN (0,1,10,4) [ RunTime:0.000515s ]
[2023-03-11T23:00:12+08:00][sql] SELECT * FROM `tp_field` WHERE  `module_id` = 24 [ RunTime:0.001724s ]
[2023-03-11T23:00:12+08:00][sql] SELECT * FROM `tp_module` WHERE  `id` = 24 [ RunTime:0.000553s ]
[2023-03-11T23:00:12+08:00][sql] SELECT * FROM `tp_dictionary_type` WHERE  `id` IN (0,1,10,4) [ RunTime:0.000864s ]
[2023-03-11T23:00:12+08:00][sql] SELECT * FROM `tp_field` WHERE  `module_id` = 24 [ RunTime:0.001739s ]
[2023-03-11T23:00:12+08:00][sql] SELECT * FROM `tp_module` WHERE  `id` = 24 [ RunTime:0.000566s ]
[2023-03-11T23:00:12+08:00][sql] SELECT * FROM `tp_dictionary_type` WHERE  `id` IN (0,1,10,4) [ RunTime:0.000516s ]
[2023-03-11T23:00:12+08:00][sql] SELECT * FROM `tp_cate` WHERE  `id` = 11 LIMIT 1 [ RunTime:0.000573s ]
[2023-03-11T23:00:12+08:00][sql] SELECT * FROM `tp_module` WHERE  `id` = 23 [ RunTime:0.000633s ]
[2023-03-11T23:00:12+08:00][sql] SELECT * FROM `tp_cate` WHERE  `id` = 11 LIMIT 1 [ RunTime:0.000826s ]
[2023-03-11T23:00:12+08:00][sql] SELECT * FROM `tp_module` WHERE  `id` = 23 [ RunTime:0.000832s ]
[2023-03-11T23:00:12+08:00][sql] SELECT * FROM `tp_cate` WHERE  `id` = 11 LIMIT 1 [ RunTime:0.000598s ]
[2023-03-11T23:00:12+08:00][sql] SELECT * FROM `tp_module` WHERE  `id` = 23 [ RunTime:0.000756s ]
[2023-03-11T23:00:12+08:00][sql] SELECT `id`,`parent_id` FROM `tp_cate` [ RunTime:0.000630s ]
[2023-03-11T23:00:12+08:00][sql] SHOW FULL COLUMNS FROM `tp_download` [ RunTime:0.011366s ]
[2023-03-11T23:00:12+08:00][sql] SELECT * FROM `tp_download` WHERE  (  status = 1  )  AND `cate_id` = 11 ORDER BY `sort` ASC,`id` DESC LIMIT 3 [ RunTime:0.001180s ]
[2023-03-11T23:00:12+08:00][sql] SELECT * FROM `tp_cate` WHERE  `id` = 11 [ RunTime:0.000617s ]
[2023-03-11T23:00:12+08:00][sql] SELECT * FROM `tp_cate` WHERE  `id` = 11 [ RunTime:0.000510s ]
[2023-03-11T23:00:12+08:00][sql] SELECT * FROM `tp_module` WHERE  `id` = 23 [ RunTime:0.000479s ]
[2023-03-11T23:00:12+08:00][sql] SELECT * FROM `tp_field` WHERE  `module_id` = 23 [ RunTime:0.001689s ]
[2023-03-11T23:00:12+08:00][sql] SELECT * FROM `tp_module` WHERE  `id` = 23 [ RunTime:0.000530s ]
[2023-03-11T23:00:12+08:00][sql] SELECT * FROM `tp_dictionary_type` WHERE  `id` IN (0,1) [ RunTime:0.000549s ]
[2023-03-11T23:00:12+08:00][sql] SELECT `dict_value`,`dict_label` FROM `tp_dictionary` WHERE  `dict_type` = '1' ORDER BY `sort` ASC,`id` DESC [ RunTime:0.000565s ]
[2023-03-11T23:00:12+08:00][sql] SELECT * FROM `tp_module` WHERE  `model_name` = 'Cate' LIMIT 1 [ RunTime:0.000725s ]
[2023-03-11T23:00:12+08:00][sql] SELECT * FROM `tp_field` WHERE  `module_id` = 20  AND `field` = 'sort' LIMIT 1 [ RunTime:0.001309s ]
[2023-03-11T23:00:12+08:00][sql] SELECT * FROM `tp_module` WHERE  `model_name` = 'Cate' LIMIT 1 [ RunTime:0.000590s ]
[2023-03-11T23:00:12+08:00][sql] SELECT `id` FROM `tp_module` WHERE  `model_name` = 'Cate' LIMIT 1 [ RunTime:0.000465s ]
[2023-03-11T23:00:12+08:00][sql] SELECT `field` FROM `tp_field` WHERE  ( field = 'pid' OR field = 'parent_id'  )  AND `module_id` = 20 LIMIT 1 [ RunTime:0.000612s ]
[2023-03-11T23:00:12+08:00][sql] SELECT `id`,`cate_name`,`parent_id` FROM `tp_cate` ORDER BY `sort` ASC,`id` DESC [ RunTime:0.000575s ]
[2023-03-11T23:00:12+08:00][sql] SELECT `id` FROM `tp_cate` WHERE  `module_id` = 23 [ RunTime:0.000465s ]
[2023-03-11T23:00:12+08:00][sql] SELECT * FROM `tp_module` WHERE  `model_name` = 'UsersType' LIMIT 1 [ RunTime:0.000548s ]
[2023-03-11T23:00:12+08:00][sql] SELECT * FROM `tp_field` WHERE  `module_id` = 6  AND `field` = 'sort' LIMIT 1 [ RunTime:0.001254s ]
[2023-03-11T23:00:12+08:00][sql] SELECT * FROM `tp_module` WHERE  `model_name` = 'UsersType' LIMIT 1 [ RunTime:0.000659s ]
[2023-03-11T23:00:12+08:00][sql] SELECT `id` FROM `tp_module` WHERE  `model_name` = 'UsersType' LIMIT 1 [ RunTime:0.000412s ]
[2023-03-11T23:00:12+08:00][sql] SELECT `field` FROM `tp_field` WHERE  ( field = 'pid' OR field = 'parent_id'  )  AND `module_id` = 6 LIMIT 1 [ RunTime:0.000682s ]
[2023-03-11T23:00:12+08:00][sql] SELECT `id`,`name` FROM `tp_users_type` ORDER BY `sort` ASC,`id` DESC [ RunTime:0.000495s ]
[2023-03-11T23:00:12+08:00][sql] SELECT * FROM `tp_field` WHERE  `module_id` = 23 [ RunTime:0.001358s ]
[2023-03-11T23:00:12+08:00][sql] SELECT * FROM `tp_module` WHERE  `id` = 23 [ RunTime:0.000515s ]
[2023-03-11T23:00:12+08:00][sql] SELECT * FROM `tp_dictionary_type` WHERE  `id` IN (0,1) [ RunTime:0.000489s ]
[2023-03-11T23:00:12+08:00][sql] SELECT * FROM `tp_field` WHERE  `module_id` = 23 [ RunTime:0.001582s ]
[2023-03-11T23:00:12+08:00][sql] SELECT * FROM `tp_module` WHERE  `id` = 23 [ RunTime:0.000554s ]
[2023-03-11T23:00:12+08:00][sql] SELECT * FROM `tp_dictionary_type` WHERE  `id` IN (0,1) [ RunTime:0.000458s ]
[2023-03-11T23:00:12+08:00][sql] SELECT * FROM `tp_field` WHERE  `module_id` = 23 [ RunTime:0.001767s ]
[2023-03-11T23:00:12+08:00][sql] SELECT * FROM `tp_module` WHERE  `id` = 23 [ RunTime:0.000552s ]
[2023-03-11T23:00:12+08:00][sql] SELECT * FROM `tp_dictionary_type` WHERE  `id` IN (0,1) [ RunTime:0.000419s ]
[2023-03-11T23:00:12+08:00][sql] SELECT * FROM `tp_cate` WHERE  `id` = 17 LIMIT 1 [ RunTime:0.000556s ]
[2023-03-11T23:00:12+08:00][sql] SHOW FULL COLUMNS FROM `tp_link` [ RunTime:0.013805s ]
[2023-03-11T23:00:12+08:00][sql] SELECT * FROM `tp_link` WHERE  `status` = 1 ORDER BY `sort` ASC,`id` DESC [ RunTime:0.000716s ]
[2023-03-11T23:23:04+08:00][sql] CONNECT:[ UseTime:0.001090s ] mysql:host=127.0.0.1;port=3306;dbname=ztx;charset=utf8mb4
[2023-03-11T23:23:04+08:00][sql] SHOW FULL COLUMNS FROM `tp_system` [ RunTime:0.013331s ]
[2023-03-11T23:23:04+08:00][sql] SELECT * FROM `tp_system` WHERE  `id` = 1 LIMIT 1 [ RunTime:0.000911s ]
[2023-03-11T23:23:04+08:00][sql] SHOW FULL COLUMNS FROM `tp_cate` [ RunTime:0.009981s ]
[2023-03-11T23:23:04+08:00][sql] SELECT `id`,`cate_name`,`cate_folder`,`module_id` FROM `tp_cate` ORDER BY `sort` ASC,`id` ASC [ RunTime:0.000673s ]
[2023-03-11T23:23:04+08:00][sql] SHOW FULL COLUMNS FROM `tp_module` [ RunTime:0.009706s ]
[2023-03-11T23:23:04+08:00][sql] SELECT * FROM `tp_module` WHERE  `id` = 18 LIMIT 1 [ RunTime:0.000642s ]
[2023-03-11T23:23:04+08:00][sql] SELECT * FROM `tp_module` WHERE  `id` = 19 LIMIT 1 [ RunTime:0.000604s ]
[2023-03-11T23:23:04+08:00][sql] SELECT * FROM `tp_module` WHERE  `id` = 21 LIMIT 1 [ RunTime:0.000593s ]
[2023-03-11T23:23:04+08:00][sql] SELECT * FROM `tp_module` WHERE  `id` = 22 LIMIT 1 [ RunTime:0.000439s ]
[2023-03-11T23:23:04+08:00][sql] SELECT * FROM `tp_module` WHERE  `id` = 23 LIMIT 1 [ RunTime:0.000362s ]
[2023-03-11T23:23:04+08:00][sql] SELECT * FROM `tp_module` WHERE  `id` = 24 LIMIT 1 [ RunTime:0.000354s ]
[2023-03-11T23:23:04+08:00][sql] SELECT * FROM `tp_module` WHERE  `id` = 25 LIMIT 1 [ RunTime:0.000385s ]
[2023-03-11T23:23:04+08:00][sql] SELECT * FROM `tp_module` WHERE  `id` = 18 LIMIT 1 [ RunTime:0.000375s ]
[2023-03-11T23:23:04+08:00][sql] SELECT * FROM `tp_module` WHERE  `id` = 18 LIMIT 1 [ RunTime:0.000379s ]
[2023-03-11T23:23:04+08:00][sql] SELECT * FROM `tp_module` WHERE  `id` = 19 LIMIT 1 [ RunTime:0.000370s ]
[2023-03-11T23:23:04+08:00][sql] SELECT * FROM `tp_system` WHERE  `id` = 1 LIMIT 1 [ RunTime:0.000731s ]
[2023-03-11T23:23:04+08:00][sql] SELECT * FROM `tp_cate` WHERE  `is_menu` = 1 ORDER BY `sort` ASC,`id` DESC [ RunTime:0.000908s ]
[2023-03-11T23:23:04+08:00][sql] SELECT * FROM `tp_module` WHERE  `id` IN (18,19,21,22,23,24,25) [ RunTime:0.000694s ]
[2023-03-11T23:23:04+08:00][sql] SELECT * FROM `tp_cate` WHERE  `is_menu` = 1 ORDER BY `sort` ASC,`id` DESC [ RunTime:0.000677s ]
[2023-03-11T23:23:04+08:00][sql] SELECT * FROM `tp_module` WHERE  `id` IN (18,19,21,22,23,24,25) [ RunTime:0.000545s ]
[2023-03-11T23:23:04+08:00][sql] SHOW FULL COLUMNS FROM `tp_ad` [ RunTime:0.009738s ]
[2023-03-11T23:23:04+08:00][sql] SELECT * FROM `tp_ad` WHERE  `status` = 1  AND `type_id` = 1 ORDER BY `sort` ASC,`id` DESC [ RunTime:0.000585s ]
[2023-03-11T23:23:04+08:00][sql] SELECT * FROM `tp_ad` WHERE  `status` = 1  AND `type_id` = 1 ORDER BY `sort` ASC,`id` DESC [ RunTime:0.000445s ]
[2023-03-11T23:23:04+08:00][sql] SHOW FULL COLUMNS FROM `tp_debris` [ RunTime:0.007755s ]
[2023-03-11T23:23:04+08:00][sql] SELECT `content` FROM `tp_debris` WHERE  `name` = 'AboutUs'  AND `status` = 1 LIMIT 1 [ RunTime:0.000547s ]
[2023-03-11T23:23:04+08:00][sql] SELECT * FROM `tp_cate` WHERE  `id` = 6 LIMIT 1 [ RunTime:0.000491s ]
[2023-03-11T23:23:04+08:00][sql] SELECT * FROM `tp_module` WHERE  `id` = 19 [ RunTime:0.000465s ]
[2023-03-11T23:23:04+08:00][sql] SELECT * FROM `tp_cate` WHERE  `id` = 8 LIMIT 1 [ RunTime:0.000456s ]
[2023-03-11T23:23:04+08:00][sql] SELECT * FROM `tp_module` WHERE  `id` = 22 [ RunTime:0.000426s ]
[2023-03-11T23:23:04+08:00][sql] SELECT * FROM `tp_cate` WHERE  `id` = 8 LIMIT 1 [ RunTime:0.000482s ]
[2023-03-11T23:23:04+08:00][sql] SELECT * FROM `tp_module` WHERE  `id` = 22 [ RunTime:0.000413s ]
[2023-03-11T23:23:04+08:00][sql] SELECT * FROM `tp_cate` WHERE  `id` = 8 LIMIT 1 [ RunTime:0.000589s ]
[2023-03-11T23:23:04+08:00][sql] SELECT * FROM `tp_module` WHERE  `id` = 22 [ RunTime:0.000429s ]
[2023-03-11T23:23:04+08:00][sql] SELECT `id`,`parent_id` FROM `tp_cate` [ RunTime:0.000492s ]
[2023-03-11T23:23:04+08:00][sql] SHOW FULL COLUMNS FROM `tp_product` [ RunTime:0.008234s ]
[2023-03-11T23:23:04+08:00][sql] SELECT * FROM `tp_product` WHERE  (  status = 1  )  AND `cate_id` IN (8,9,10) ORDER BY `sort` ASC,`id` DESC LIMIT 4 [ RunTime:0.000767s ]
[2023-03-11T23:23:04+08:00][sql] SELECT * FROM `tp_cate` WHERE  `id` = 9 [ RunTime:0.000482s ]
[2023-03-11T23:23:04+08:00][sql] SELECT * FROM `tp_cate` WHERE  `id` = 9 [ RunTime:0.000430s ]
[2023-03-11T23:23:04+08:00][sql] SELECT * FROM `tp_module` WHERE  `id` = 22 [ RunTime:0.000661s ]
[2023-03-11T23:23:04+08:00][sql] SHOW FULL COLUMNS FROM `tp_field` [ RunTime:0.009470s ]
[2023-03-11T23:23:04+08:00][sql] SELECT * FROM `tp_field` WHERE  `module_id` = 22 [ RunTime:0.001599s ]
[2023-03-11T23:23:04+08:00][sql] SELECT * FROM `tp_module` WHERE  `id` = 22 [ RunTime:0.000832s ]
[2023-03-11T23:23:04+08:00][sql] SHOW FULL COLUMNS FROM `tp_dictionary_type` [ RunTime:0.012808s ]
[2023-03-11T23:23:04+08:00][sql] SELECT * FROM `tp_dictionary_type` WHERE  `id` IN (0,1) [ RunTime:0.000783s ]
[2023-03-11T23:23:04+08:00][sql] SHOW FULL COLUMNS FROM `tp_dictionary` [ RunTime:0.009091s ]
[2023-03-11T23:23:04+08:00][sql] SELECT `dict_value`,`dict_label` FROM `tp_dictionary` WHERE  `dict_type` = '1' ORDER BY `sort` ASC,`id` DESC [ RunTime:0.000597s ]
[2023-03-11T23:23:04+08:00][sql] SELECT * FROM `tp_module` WHERE  `model_name` = 'Cate' LIMIT 1 [ RunTime:0.000503s ]
[2023-03-11T23:23:04+08:00][sql] SELECT * FROM `tp_field` WHERE  `module_id` = 20  AND `field` = 'sort' LIMIT 1 [ RunTime:0.000888s ]
[2023-03-11T23:23:04+08:00][sql] SELECT * FROM `tp_module` WHERE  `model_name` = 'Cate' LIMIT 1 [ RunTime:0.000854s ]
[2023-03-11T23:23:04+08:00][sql] SELECT `id` FROM `tp_module` WHERE  `model_name` = 'Cate' LIMIT 1 [ RunTime:0.000414s ]
[2023-03-11T23:23:04+08:00][sql] SELECT `field` FROM `tp_field` WHERE  ( field = 'pid' OR field = 'parent_id'  )  AND `module_id` = 20 LIMIT 1 [ RunTime:0.000485s ]
[2023-03-11T23:23:04+08:00][sql] SELECT `id`,`cate_name`,`parent_id` FROM `tp_cate` ORDER BY `sort` ASC,`id` DESC [ RunTime:0.000403s ]
[2023-03-11T23:23:04+08:00][sql] SELECT `id` FROM `tp_cate` WHERE  `module_id` = 22 [ RunTime:0.000366s ]
[2023-03-11T23:23:04+08:00][sql] SELECT * FROM `tp_module` WHERE  `model_name` = 'UsersType' LIMIT 1 [ RunTime:0.000422s ]
[2023-03-11T23:23:04+08:00][sql] SELECT * FROM `tp_field` WHERE  `module_id` = 6  AND `field` = 'sort' LIMIT 1 [ RunTime:0.000567s ]
[2023-03-11T23:23:04+08:00][sql] SELECT * FROM `tp_module` WHERE  `model_name` = 'UsersType' LIMIT 1 [ RunTime:0.000572s ]
[2023-03-11T23:23:04+08:00][sql] SELECT `id` FROM `tp_module` WHERE  `model_name` = 'UsersType' LIMIT 1 [ RunTime:0.000384s ]
[2023-03-11T23:23:04+08:00][sql] SELECT `field` FROM `tp_field` WHERE  ( field = 'pid' OR field = 'parent_id'  )  AND `module_id` = 6 LIMIT 1 [ RunTime:0.000521s ]
[2023-03-11T23:23:04+08:00][sql] SHOW FULL COLUMNS FROM `tp_users_type` [ RunTime:0.008820s ]
[2023-03-11T23:23:04+08:00][sql] SELECT `id`,`name` FROM `tp_users_type` ORDER BY `sort` ASC,`id` DESC [ RunTime:0.000621s ]
[2023-03-11T23:23:04+08:00][sql] SELECT * FROM `tp_field` WHERE  `module_id` = 22 [ RunTime:0.001126s ]
[2023-03-11T23:23:04+08:00][sql] SELECT * FROM `tp_module` WHERE  `id` = 22 [ RunTime:0.000446s ]
[2023-03-11T23:23:04+08:00][sql] SELECT * FROM `tp_dictionary_type` WHERE  `id` IN (0,1) [ RunTime:0.000438s ]
[2023-03-11T23:23:04+08:00][sql] SELECT * FROM `tp_field` WHERE  `module_id` = 22 [ RunTime:0.001427s ]
[2023-03-11T23:23:04+08:00][sql] SELECT * FROM `tp_module` WHERE  `id` = 22 [ RunTime:0.000678s ]
[2023-03-11T23:23:04+08:00][sql] SELECT * FROM `tp_dictionary_type` WHERE  `id` IN (0,1) [ RunTime:0.000530s ]
[2023-03-11T23:23:04+08:00][sql] SELECT * FROM `tp_field` WHERE  `module_id` = 22 [ RunTime:0.001716s ]
[2023-03-11T23:23:04+08:00][sql] SELECT * FROM `tp_module` WHERE  `id` = 22 [ RunTime:0.000523s ]
[2023-03-11T23:23:04+08:00][sql] SELECT * FROM `tp_dictionary_type` WHERE  `id` IN (0,1) [ RunTime:0.000423s ]
[2023-03-11T23:23:04+08:00][sql] SELECT * FROM `tp_field` WHERE  `module_id` = 22 [ RunTime:0.001635s ]
[2023-03-11T23:23:04+08:00][sql] SELECT * FROM `tp_module` WHERE  `id` = 22 [ RunTime:0.000442s ]
[2023-03-11T23:23:04+08:00][sql] SELECT * FROM `tp_dictionary_type` WHERE  `id` IN (0,1) [ RunTime:0.000427s ]
[2023-03-11T23:23:04+08:00][sql] SELECT * FROM `tp_cate` WHERE  `id` = 4 LIMIT 1 [ RunTime:0.000469s ]
[2023-03-11T23:23:04+08:00][sql] SELECT * FROM `tp_module` WHERE  `id` = 19 [ RunTime:0.000583s ]
[2023-03-11T23:23:04+08:00][sql] SELECT * FROM `tp_cate` WHERE  `id` = 4 LIMIT 1 [ RunTime:0.000535s ]
[2023-03-11T23:23:04+08:00][sql] SELECT * FROM `tp_module` WHERE  `id` = 19 [ RunTime:0.000398s ]
[2023-03-11T23:23:04+08:00][sql] SELECT * FROM `tp_cate` WHERE  `id` = 4 LIMIT 1 [ RunTime:0.000453s ]
[2023-03-11T23:23:04+08:00][sql] SELECT * FROM `tp_module` WHERE  `id` = 19 [ RunTime:0.000418s ]
[2023-03-11T23:23:04+08:00][sql] SELECT `id`,`parent_id` FROM `tp_cate` [ RunTime:0.000363s ]
[2023-03-11T23:23:04+08:00][sql] SHOW FULL COLUMNS FROM `tp_article` [ RunTime:0.009310s ]
[2023-03-11T23:23:04+08:00][sql] SELECT * FROM `tp_article` WHERE  ( image <>'' AND status = 1  )  AND `cate_id` IN (4,5,6) ORDER BY `sort` ASC,`id` DESC LIMIT 4 [ RunTime:0.000722s ]
[2023-03-11T23:23:04+08:00][sql] SELECT * FROM `tp_cate` WHERE  `id` = 5 [ RunTime:0.000488s ]
[2023-03-11T23:23:04+08:00][sql] SELECT * FROM `tp_cate` WHERE  `id` = 5 [ RunTime:0.000428s ]
[2023-03-11T23:23:04+08:00][sql] SELECT * FROM `tp_module` WHERE  `id` = 19 [ RunTime:0.000425s ]
[2023-03-11T23:23:04+08:00][sql] SELECT * FROM `tp_field` WHERE  `module_id` = 19 [ RunTime:0.001145s ]
[2023-03-11T23:23:04+08:00][sql] SELECT * FROM `tp_module` WHERE  `id` = 19 [ RunTime:0.000434s ]
[2023-03-11T23:23:04+08:00][sql] SELECT * FROM `tp_dictionary_type` WHERE  `id` IN (0,1) [ RunTime:0.000453s ]
[2023-03-11T23:23:04+08:00][sql] SELECT `dict_value`,`dict_label` FROM `tp_dictionary` WHERE  `dict_type` = '1' ORDER BY `sort` ASC,`id` DESC [ RunTime:0.000502s ]
[2023-03-11T23:23:04+08:00][sql] SELECT * FROM `tp_module` WHERE  `model_name` = 'Cate' LIMIT 1 [ RunTime:0.000484s ]
[2023-03-11T23:23:04+08:00][sql] SELECT * FROM `tp_field` WHERE  `module_id` = 20  AND `field` = 'sort' LIMIT 1 [ RunTime:0.000971s ]
[2023-03-11T23:23:04+08:00][sql] SELECT * FROM `tp_module` WHERE  `model_name` = 'Cate' LIMIT 1 [ RunTime:0.000454s ]
[2023-03-11T23:23:04+08:00][sql] SELECT `id` FROM `tp_module` WHERE  `model_name` = 'Cate' LIMIT 1 [ RunTime:0.000352s ]
[2023-03-11T23:23:04+08:00][sql] SELECT `field` FROM `tp_field` WHERE  ( field = 'pid' OR field = 'parent_id'  )  AND `module_id` = 20 LIMIT 1 [ RunTime:0.000476s ]
[2023-03-11T23:23:04+08:00][sql] SELECT `id`,`cate_name`,`parent_id` FROM `tp_cate` ORDER BY `sort` ASC,`id` DESC [ RunTime:0.000379s ]
[2023-03-11T23:23:04+08:00][sql] SELECT `id` FROM `tp_cate` WHERE  `module_id` = 19 [ RunTime:0.000330s ]
[2023-03-11T23:23:04+08:00][sql] SELECT * FROM `tp_module` WHERE  `model_name` = 'UsersType' LIMIT 1 [ RunTime:0.000419s ]
[2023-03-11T23:23:04+08:00][sql] SELECT * FROM `tp_field` WHERE  `module_id` = 6  AND `field` = 'sort' LIMIT 1 [ RunTime:0.000538s ]
[2023-03-11T23:23:04+08:00][sql] SELECT * FROM `tp_module` WHERE  `model_name` = 'UsersType' LIMIT 1 [ RunTime:0.000417s ]
[2023-03-11T23:23:04+08:00][sql] SELECT `id` FROM `tp_module` WHERE  `model_name` = 'UsersType' LIMIT 1 [ RunTime:0.000323s ]
[2023-03-11T23:23:04+08:00][sql] SELECT `field` FROM `tp_field` WHERE  ( field = 'pid' OR field = 'parent_id'  )  AND `module_id` = 6 LIMIT 1 [ RunTime:0.000480s ]
[2023-03-11T23:23:04+08:00][sql] SELECT `id`,`name` FROM `tp_users_type` ORDER BY `sort` ASC,`id` DESC [ RunTime:0.000359s ]
[2023-03-11T23:23:04+08:00][sql] SELECT * FROM `tp_field` WHERE  `module_id` = 19 [ RunTime:0.001209s ]
[2023-03-11T23:23:04+08:00][sql] SELECT * FROM `tp_module` WHERE  `id` = 19 [ RunTime:0.000388s ]
[2023-03-11T23:23:04+08:00][sql] SELECT * FROM `tp_dictionary_type` WHERE  `id` IN (0,1) [ RunTime:0.000395s ]
[2023-03-11T23:23:04+08:00][sql] SELECT * FROM `tp_field` WHERE  `module_id` = 19 [ RunTime:0.001660s ]
[2023-03-11T23:23:04+08:00][sql] SELECT * FROM `tp_module` WHERE  `id` = 19 [ RunTime:0.000460s ]
[2023-03-11T23:23:04+08:00][sql] SELECT * FROM `tp_dictionary_type` WHERE  `id` IN (0,1) [ RunTime:0.000422s ]
[2023-03-11T23:23:04+08:00][sql] SELECT * FROM `tp_field` WHERE  `module_id` = 19 [ RunTime:0.001530s ]
[2023-03-11T23:23:04+08:00][sql] SELECT * FROM `tp_module` WHERE  `id` = 19 [ RunTime:0.000516s ]
[2023-03-11T23:23:04+08:00][sql] SELECT * FROM `tp_dictionary_type` WHERE  `id` IN (0,1) [ RunTime:0.000441s ]
[2023-03-11T23:23:04+08:00][sql] SELECT * FROM `tp_field` WHERE  `module_id` = 19 [ RunTime:0.001580s ]
[2023-03-11T23:23:04+08:00][sql] SELECT * FROM `tp_module` WHERE  `id` = 19 [ RunTime:0.000558s ]
[2023-03-11T23:23:04+08:00][sql] SELECT * FROM `tp_dictionary_type` WHERE  `id` IN (0,1) [ RunTime:0.000461s ]
[2023-03-11T23:23:04+08:00][sql] SELECT * FROM `tp_cate` WHERE  `id` = 7 LIMIT 1 [ RunTime:0.000513s ]
[2023-03-11T23:23:04+08:00][sql] SELECT * FROM `tp_module` WHERE  `id` = 21 [ RunTime:0.000440s ]
[2023-03-11T23:23:04+08:00][sql] SELECT * FROM `tp_cate` WHERE  `id` = 7 LIMIT 1 [ RunTime:0.000441s ]
[2023-03-11T23:23:04+08:00][sql] SELECT * FROM `tp_module` WHERE  `id` = 21 [ RunTime:0.000536s ]
[2023-03-11T23:23:04+08:00][sql] SELECT * FROM `tp_cate` WHERE  `id` = 7 LIMIT 1 [ RunTime:0.000441s ]
[2023-03-11T23:23:04+08:00][sql] SELECT * FROM `tp_module` WHERE  `id` = 21 [ RunTime:0.000402s ]
[2023-03-11T23:23:04+08:00][sql] SELECT `id`,`parent_id` FROM `tp_cate` [ RunTime:0.000349s ]
[2023-03-11T23:23:04+08:00][sql] SHOW FULL COLUMNS FROM `tp_picture` [ RunTime:0.009847s ]
[2023-03-11T23:23:04+08:00][sql] SELECT * FROM `tp_picture` WHERE  (  status = 1  )  AND `cate_id` = 7 ORDER BY `sort` ASC,`id` DESC LIMIT 3 [ RunTime:0.000684s ]
[2023-03-11T23:23:04+08:00][sql] SELECT * FROM `tp_cate` WHERE  `id` = 7 [ RunTime:0.000475s ]
[2023-03-11T23:23:04+08:00][sql] SELECT * FROM `tp_cate` WHERE  `id` = 7 [ RunTime:0.000458s ]
[2023-03-11T23:23:04+08:00][sql] SELECT * FROM `tp_module` WHERE  `id` = 21 [ RunTime:0.000432s ]
[2023-03-11T23:23:04+08:00][sql] SELECT * FROM `tp_field` WHERE  `module_id` = 21 [ RunTime:0.001136s ]
[2023-03-11T23:23:04+08:00][sql] SELECT * FROM `tp_module` WHERE  `id` = 21 [ RunTime:0.000434s ]
[2023-03-11T23:23:04+08:00][sql] SELECT * FROM `tp_dictionary_type` WHERE  `id` IN (0,1) [ RunTime:0.000446s ]
[2023-03-11T23:23:04+08:00][sql] SELECT `dict_value`,`dict_label` FROM `tp_dictionary` WHERE  `dict_type` = '1' ORDER BY `sort` ASC,`id` DESC [ RunTime:0.000528s ]
[2023-03-11T23:23:04+08:00][sql] SELECT * FROM `tp_module` WHERE  `model_name` = 'Cate' LIMIT 1 [ RunTime:0.000493s ]
[2023-03-11T23:23:04+08:00][sql] SELECT * FROM `tp_field` WHERE  `module_id` = 20  AND `field` = 'sort' LIMIT 1 [ RunTime:0.000931s ]
[2023-03-11T23:23:04+08:00][sql] SELECT * FROM `tp_module` WHERE  `model_name` = 'Cate' LIMIT 1 [ RunTime:0.000674s ]
[2023-03-11T23:23:04+08:00][sql] SELECT `id` FROM `tp_module` WHERE  `model_name` = 'Cate' LIMIT 1 [ RunTime:0.000645s ]
[2023-03-11T23:23:04+08:00][sql] SELECT `field` FROM `tp_field` WHERE  ( field = 'pid' OR field = 'parent_id'  )  AND `module_id` = 20 LIMIT 1 [ RunTime:0.000859s ]
[2023-03-11T23:23:04+08:00][sql] SELECT `id`,`cate_name`,`parent_id` FROM `tp_cate` ORDER BY `sort` ASC,`id` DESC [ RunTime:0.000572s ]
[2023-03-11T23:23:04+08:00][sql] SELECT `id` FROM `tp_cate` WHERE  `module_id` = 21 [ RunTime:0.000624s ]
[2023-03-11T23:23:04+08:00][sql] SELECT * FROM `tp_module` WHERE  `model_name` = 'UsersType' LIMIT 1 [ RunTime:0.000547s ]
[2023-03-11T23:23:04+08:00][sql] SELECT * FROM `tp_field` WHERE  `module_id` = 6  AND `field` = 'sort' LIMIT 1 [ RunTime:0.000942s ]
[2023-03-11T23:23:04+08:00][sql] SELECT * FROM `tp_module` WHERE  `model_name` = 'UsersType' LIMIT 1 [ RunTime:0.000844s ]
[2023-03-11T23:23:04+08:00][sql] SELECT `id` FROM `tp_module` WHERE  `model_name` = 'UsersType' LIMIT 1 [ RunTime:0.000892s ]
[2023-03-11T23:23:04+08:00][sql] SELECT `field` FROM `tp_field` WHERE  ( field = 'pid' OR field = 'parent_id'  )  AND `module_id` = 6 LIMIT 1 [ RunTime:0.001507s ]
[2023-03-11T23:23:04+08:00][sql] SELECT `id`,`name` FROM `tp_users_type` ORDER BY `sort` ASC,`id` DESC [ RunTime:0.000532s ]
[2023-03-11T23:23:04+08:00][sql] SELECT * FROM `tp_field` WHERE  `module_id` = 21 [ RunTime:0.001426s ]
[2023-03-11T23:23:04+08:00][sql] SELECT * FROM `tp_module` WHERE  `id` = 21 [ RunTime:0.000838s ]
[2023-03-11T23:23:04+08:00][sql] SELECT * FROM `tp_dictionary_type` WHERE  `id` IN (0,1) [ RunTime:0.000986s ]
[2023-03-11T23:23:04+08:00][sql] SELECT * FROM `tp_field` WHERE  `module_id` = 21 [ RunTime:0.002236s ]
[2023-03-11T23:23:04+08:00][sql] SELECT * FROM `tp_module` WHERE  `id` = 21 [ RunTime:0.000620s ]
[2023-03-11T23:23:04+08:00][sql] SELECT * FROM `tp_dictionary_type` WHERE  `id` IN (0,1) [ RunTime:0.000466s ]
[2023-03-11T23:23:04+08:00][sql] SELECT * FROM `tp_field` WHERE  `module_id` = 21 [ RunTime:0.001604s ]
[2023-03-11T23:23:04+08:00][sql] SELECT * FROM `tp_module` WHERE  `id` = 21 [ RunTime:0.000485s ]
[2023-03-11T23:23:04+08:00][sql] SELECT * FROM `tp_dictionary_type` WHERE  `id` IN (0,1) [ RunTime:0.000449s ]
[2023-03-11T23:23:04+08:00][sql] SELECT * FROM `tp_cate` WHERE  `id` = 12 LIMIT 1 [ RunTime:0.000775s ]
[2023-03-11T23:23:04+08:00][sql] SELECT * FROM `tp_module` WHERE  `id` = 24 [ RunTime:0.000507s ]
[2023-03-11T23:23:04+08:00][sql] SELECT `id`,`parent_id` FROM `tp_cate` [ RunTime:0.000387s ]
[2023-03-11T23:23:04+08:00][sql] SHOW FULL COLUMNS FROM `tp_team` [ RunTime:0.009934s ]
[2023-03-11T23:23:04+08:00][sql] SELECT * FROM `tp_team` WHERE  (  status = 1  )  AND `cate_id` = 12 ORDER BY `sort` ASC,`id` DESC LIMIT 6 [ RunTime:0.000763s ]
[2023-03-11T23:23:04+08:00][sql] SELECT * FROM `tp_cate` WHERE  `id` = 12 [ RunTime:0.000511s ]
[2023-03-11T23:23:04+08:00][sql] SELECT * FROM `tp_cate` WHERE  `id` = 12 [ RunTime:0.000544s ]
[2023-03-11T23:23:04+08:00][sql] SELECT * FROM `tp_module` WHERE  `id` = 24 [ RunTime:0.000648s ]
[2023-03-11T23:23:04+08:00][sql] SELECT * FROM `tp_field` WHERE  `module_id` = 24 [ RunTime:0.001173s ]
[2023-03-11T23:23:04+08:00][sql] SELECT * FROM `tp_module` WHERE  `id` = 24 [ RunTime:0.000879s ]
[2023-03-11T23:23:04+08:00][sql] SELECT * FROM `tp_dictionary_type` WHERE  `id` IN (0,1,10,4) [ RunTime:0.000821s ]
[2023-03-11T23:23:04+08:00][sql] SELECT `dict_value`,`dict_label` FROM `tp_dictionary` WHERE  `dict_type` = '1' ORDER BY `sort` ASC,`id` DESC [ RunTime:0.000601s ]
[2023-03-11T23:23:04+08:00][sql] SELECT * FROM `tp_module` WHERE  `model_name` = 'Cate' LIMIT 1 [ RunTime:0.000526s ]
[2023-03-11T23:23:04+08:00][sql] SELECT * FROM `tp_field` WHERE  `module_id` = 20  AND `field` = 'sort' LIMIT 1 [ RunTime:0.000978s ]
[2023-03-11T23:23:04+08:00][sql] SELECT * FROM `tp_module` WHERE  `model_name` = 'Cate' LIMIT 1 [ RunTime:0.000505s ]
[2023-03-11T23:23:04+08:00][sql] SELECT `id` FROM `tp_module` WHERE  `model_name` = 'Cate' LIMIT 1 [ RunTime:0.000345s ]
[2023-03-11T23:23:04+08:00][sql] SELECT `field` FROM `tp_field` WHERE  ( field = 'pid' OR field = 'parent_id'  )  AND `module_id` = 20 LIMIT 1 [ RunTime:0.000459s ]
[2023-03-11T23:23:04+08:00][sql] SELECT `id`,`cate_name`,`parent_id` FROM `tp_cate` ORDER BY `sort` ASC,`id` DESC [ RunTime:0.000396s ]
[2023-03-11T23:23:04+08:00][sql] SELECT `id` FROM `tp_cate` WHERE  `module_id` = 24 [ RunTime:0.000593s ]
[2023-03-11T23:23:04+08:00][sql] SELECT `dict_value`,`dict_label` FROM `tp_dictionary` WHERE  `dict_type` = '10' ORDER BY `sort` ASC,`id` DESC [ RunTime:0.000495s ]
[2023-03-11T23:23:04+08:00][sql] SELECT `dict_value`,`dict_label` FROM `tp_dictionary` WHERE  `dict_type` = '4' ORDER BY `sort` ASC,`id` DESC [ RunTime:0.000437s ]
[2023-03-11T23:23:04+08:00][sql] SELECT * FROM `tp_module` WHERE  `model_name` = 'UsersType' LIMIT 1 [ RunTime:0.000403s ]
[2023-03-11T23:23:04+08:00][sql] SELECT * FROM `tp_field` WHERE  `module_id` = 6  AND `field` = 'sort' LIMIT 1 [ RunTime:0.000510s ]
[2023-03-11T23:23:04+08:00][sql] SELECT * FROM `tp_module` WHERE  `model_name` = 'UsersType' LIMIT 1 [ RunTime:0.000395s ]
[2023-03-11T23:23:04+08:00][sql] SELECT `id` FROM `tp_module` WHERE  `model_name` = 'UsersType' LIMIT 1 [ RunTime:0.000335s ]
[2023-03-11T23:23:04+08:00][sql] SELECT `field` FROM `tp_field` WHERE  ( field = 'pid' OR field = 'parent_id'  )  AND `module_id` = 6 LIMIT 1 [ RunTime:0.000538s ]
[2023-03-11T23:23:04+08:00][sql] SELECT `id`,`name` FROM `tp_users_type` ORDER BY `sort` ASC,`id` DESC [ RunTime:0.000502s ]
[2023-03-11T23:23:04+08:00][sql] SELECT * FROM `tp_field` WHERE  `module_id` = 24 [ RunTime:0.001485s ]
[2023-03-11T23:23:04+08:00][sql] SELECT * FROM `tp_module` WHERE  `id` = 24 [ RunTime:0.000446s ]
[2023-03-11T23:23:04+08:00][sql] SELECT * FROM `tp_dictionary_type` WHERE  `id` IN (0,1,10,4) [ RunTime:0.000407s ]
[2023-03-11T23:23:04+08:00][sql] SELECT * FROM `tp_field` WHERE  `module_id` = 24 [ RunTime:0.001640s ]
[2023-03-11T23:23:04+08:00][sql] SELECT * FROM `tp_module` WHERE  `id` = 24 [ RunTime:0.000545s ]
[2023-03-11T23:23:04+08:00][sql] SELECT * FROM `tp_dictionary_type` WHERE  `id` IN (0,1,10,4) [ RunTime:0.000500s ]
[2023-03-11T23:23:04+08:00][sql] SELECT * FROM `tp_field` WHERE  `module_id` = 24 [ RunTime:0.001681s ]
[2023-03-11T23:23:04+08:00][sql] SELECT * FROM `tp_module` WHERE  `id` = 24 [ RunTime:0.000452s ]
[2023-03-11T23:23:04+08:00][sql] SELECT * FROM `tp_dictionary_type` WHERE  `id` IN (0,1,10,4) [ RunTime:0.000483s ]
[2023-03-11T23:23:04+08:00][sql] SELECT * FROM `tp_field` WHERE  `module_id` = 24 [ RunTime:0.001730s ]
[2023-03-11T23:23:04+08:00][sql] SELECT * FROM `tp_module` WHERE  `id` = 24 [ RunTime:0.000439s ]
[2023-03-11T23:23:04+08:00][sql] SELECT * FROM `tp_dictionary_type` WHERE  `id` IN (0,1,10,4) [ RunTime:0.000460s ]
[2023-03-11T23:23:04+08:00][sql] SELECT * FROM `tp_field` WHERE  `module_id` = 24 [ RunTime:0.001606s ]
[2023-03-11T23:23:04+08:00][sql] SELECT * FROM `tp_module` WHERE  `id` = 24 [ RunTime:0.000703s ]
[2023-03-11T23:23:04+08:00][sql] SELECT * FROM `tp_dictionary_type` WHERE  `id` IN (0,1,10,4) [ RunTime:0.000495s ]
[2023-03-11T23:23:04+08:00][sql] SELECT * FROM `tp_field` WHERE  `module_id` = 24 [ RunTime:0.001627s ]
[2023-03-11T23:23:04+08:00][sql] SELECT * FROM `tp_module` WHERE  `id` = 24 [ RunTime:0.000725s ]
[2023-03-11T23:23:04+08:00][sql] SELECT * FROM `tp_dictionary_type` WHERE  `id` IN (0,1,10,4) [ RunTime:0.000721s ]
[2023-03-11T23:23:04+08:00][sql] SELECT * FROM `tp_cate` WHERE  `id` = 12 LIMIT 1 [ RunTime:0.000652s ]
[2023-03-11T23:23:04+08:00][sql] SELECT * FROM `tp_module` WHERE  `id` = 24 [ RunTime:0.000514s ]
[2023-03-11T23:23:04+08:00][sql] SELECT `id`,`parent_id` FROM `tp_cate` [ RunTime:0.000561s ]
[2023-03-11T23:23:04+08:00][sql] SELECT * FROM `tp_team` WHERE  (  status = 1  )  AND `cate_id` = 12 ORDER BY `sort` ASC,`id` DESC LIMIT 6 [ RunTime:0.000585s ]
[2023-03-11T23:23:04+08:00][sql] SELECT * FROM `tp_cate` WHERE  `id` = 12 [ RunTime:0.000474s ]
[2023-03-11T23:23:04+08:00][sql] SELECT * FROM `tp_cate` WHERE  `id` = 12 [ RunTime:0.000416s ]
[2023-03-11T23:23:04+08:00][sql] SELECT * FROM `tp_module` WHERE  `id` = 24 [ RunTime:0.000528s ]
[2023-03-11T23:23:04+08:00][sql] SELECT * FROM `tp_field` WHERE  `module_id` = 24 [ RunTime:0.001482s ]
[2023-03-11T23:23:04+08:00][sql] SELECT * FROM `tp_module` WHERE  `id` = 24 [ RunTime:0.000467s ]
[2023-03-11T23:23:04+08:00][sql] SELECT * FROM `tp_dictionary_type` WHERE  `id` IN (0,1,10,4) [ RunTime:0.000408s ]
[2023-03-11T23:23:04+08:00][sql] SELECT `dict_value`,`dict_label` FROM `tp_dictionary` WHERE  `dict_type` = '1' ORDER BY `sort` ASC,`id` DESC [ RunTime:0.000471s ]
[2023-03-11T23:23:04+08:00][sql] SELECT * FROM `tp_module` WHERE  `model_name` = 'Cate' LIMIT 1 [ RunTime:0.000573s ]
[2023-03-11T23:23:04+08:00][sql] SELECT * FROM `tp_field` WHERE  `module_id` = 20  AND `field` = 'sort' LIMIT 1 [ RunTime:0.001212s ]
[2023-03-11T23:23:04+08:00][sql] SELECT * FROM `tp_module` WHERE  `model_name` = 'Cate' LIMIT 1 [ RunTime:0.000489s ]
[2023-03-11T23:23:04+08:00][sql] SELECT `id` FROM `tp_module` WHERE  `model_name` = 'Cate' LIMIT 1 [ RunTime:0.000392s ]
[2023-03-11T23:23:04+08:00][sql] SELECT `field` FROM `tp_field` WHERE  ( field = 'pid' OR field = 'parent_id'  )  AND `module_id` = 20 LIMIT 1 [ RunTime:0.000483s ]
[2023-03-11T23:23:04+08:00][sql] SELECT `id`,`cate_name`,`parent_id` FROM `tp_cate` ORDER BY `sort` ASC,`id` DESC [ RunTime:0.000432s ]
[2023-03-11T23:23:04+08:00][sql] SELECT `id` FROM `tp_cate` WHERE  `module_id` = 24 [ RunTime:0.000368s ]
[2023-03-11T23:23:04+08:00][sql] SELECT `dict_value`,`dict_label` FROM `tp_dictionary` WHERE  `dict_type` = '10' ORDER BY `sort` ASC,`id` DESC [ RunTime:0.000431s ]
[2023-03-11T23:23:04+08:00][sql] SELECT `dict_value`,`dict_label` FROM `tp_dictionary` WHERE  `dict_type` = '4' ORDER BY `sort` ASC,`id` DESC [ RunTime:0.000428s ]
[2023-03-11T23:23:04+08:00][sql] SELECT * FROM `tp_module` WHERE  `model_name` = 'UsersType' LIMIT 1 [ RunTime:0.000438s ]
[2023-03-11T23:23:04+08:00][sql] SELECT * FROM `tp_field` WHERE  `module_id` = 6  AND `field` = 'sort' LIMIT 1 [ RunTime:0.000508s ]
[2023-03-11T23:23:04+08:00][sql] SELECT * FROM `tp_module` WHERE  `model_name` = 'UsersType' LIMIT 1 [ RunTime:0.000624s ]
[2023-03-11T23:23:04+08:00][sql] SELECT `id` FROM `tp_module` WHERE  `model_name` = 'UsersType' LIMIT 1 [ RunTime:0.000353s ]
[2023-03-11T23:23:04+08:00][sql] SELECT `field` FROM `tp_field` WHERE  ( field = 'pid' OR field = 'parent_id'  )  AND `module_id` = 6 LIMIT 1 [ RunTime:0.001287s ]
[2023-03-11T23:23:04+08:00][sql] SELECT `id`,`name` FROM `tp_users_type` ORDER BY `sort` ASC,`id` DESC [ RunTime:0.000624s ]
[2023-03-11T23:23:04+08:00][sql] SELECT * FROM `tp_field` WHERE  `module_id` = 24 [ RunTime:0.002102s ]
[2023-03-11T23:23:04+08:00][sql] SELECT * FROM `tp_module` WHERE  `id` = 24 [ RunTime:0.000755s ]
[2023-03-11T23:23:04+08:00][sql] SELECT * FROM `tp_dictionary_type` WHERE  `id` IN (0,1,10,4) [ RunTime:0.000726s ]
[2023-03-11T23:23:04+08:00][sql] SELECT * FROM `tp_field` WHERE  `module_id` = 24 [ RunTime:0.001606s ]
[2023-03-11T23:23:04+08:00][sql] SELECT * FROM `tp_module` WHERE  `id` = 24 [ RunTime:0.000461s ]
[2023-03-11T23:23:04+08:00][sql] SELECT * FROM `tp_dictionary_type` WHERE  `id` IN (0,1,10,4) [ RunTime:0.000397s ]
[2023-03-11T23:23:04+08:00][sql] SELECT * FROM `tp_field` WHERE  `module_id` = 24 [ RunTime:0.001651s ]
[2023-03-11T23:23:04+08:00][sql] SELECT * FROM `tp_module` WHERE  `id` = 24 [ RunTime:0.000506s ]
[2023-03-11T23:23:04+08:00][sql] SELECT * FROM `tp_dictionary_type` WHERE  `id` IN (0,1,10,4) [ RunTime:0.000482s ]
[2023-03-11T23:23:04+08:00][sql] SELECT * FROM `tp_field` WHERE  `module_id` = 24 [ RunTime:0.001617s ]
[2023-03-11T23:23:04+08:00][sql] SELECT * FROM `tp_module` WHERE  `id` = 24 [ RunTime:0.000828s ]
[2023-03-11T23:23:04+08:00][sql] SELECT * FROM `tp_dictionary_type` WHERE  `id` IN (0,1,10,4) [ RunTime:0.000676s ]
[2023-03-11T23:23:04+08:00][sql] SELECT * FROM `tp_field` WHERE  `module_id` = 24 [ RunTime:0.001691s ]
[2023-03-11T23:23:04+08:00][sql] SELECT * FROM `tp_module` WHERE  `id` = 24 [ RunTime:0.000692s ]
[2023-03-11T23:23:04+08:00][sql] SELECT * FROM `tp_dictionary_type` WHERE  `id` IN (0,1,10,4) [ RunTime:0.000485s ]
[2023-03-11T23:23:04+08:00][sql] SELECT * FROM `tp_field` WHERE  `module_id` = 24 [ RunTime:0.001669s ]
[2023-03-11T23:23:04+08:00][sql] SELECT * FROM `tp_module` WHERE  `id` = 24 [ RunTime:0.000507s ]
[2023-03-11T23:23:04+08:00][sql] SELECT * FROM `tp_dictionary_type` WHERE  `id` IN (0,1,10,4) [ RunTime:0.000477s ]
[2023-03-11T23:23:04+08:00][sql] SELECT * FROM `tp_cate` WHERE  `id` = 11 LIMIT 1 [ RunTime:0.000758s ]
[2023-03-11T23:23:04+08:00][sql] SELECT * FROM `tp_module` WHERE  `id` = 23 [ RunTime:0.000427s ]
[2023-03-11T23:23:04+08:00][sql] SELECT * FROM `tp_cate` WHERE  `id` = 11 LIMIT 1 [ RunTime:0.000437s ]
[2023-03-11T23:23:04+08:00][sql] SELECT * FROM `tp_module` WHERE  `id` = 23 [ RunTime:0.000410s ]
[2023-03-11T23:23:04+08:00][sql] SELECT * FROM `tp_cate` WHERE  `id` = 11 LIMIT 1 [ RunTime:0.000440s ]
[2023-03-11T23:23:04+08:00][sql] SELECT * FROM `tp_module` WHERE  `id` = 23 [ RunTime:0.000406s ]
[2023-03-11T23:23:04+08:00][sql] SELECT `id`,`parent_id` FROM `tp_cate` [ RunTime:0.000362s ]
[2023-03-11T23:23:04+08:00][sql] SHOW FULL COLUMNS FROM `tp_download` [ RunTime:0.010733s ]
[2023-03-11T23:23:04+08:00][sql] SELECT * FROM `tp_download` WHERE  (  status = 1  )  AND `cate_id` = 11 ORDER BY `sort` ASC,`id` DESC LIMIT 3 [ RunTime:0.000607s ]
[2023-03-11T23:23:04+08:00][sql] SELECT * FROM `tp_cate` WHERE  `id` = 11 [ RunTime:0.000416s ]
[2023-03-11T23:23:04+08:00][sql] SELECT * FROM `tp_cate` WHERE  `id` = 11 [ RunTime:0.000487s ]
[2023-03-11T23:23:04+08:00][sql] SELECT * FROM `tp_module` WHERE  `id` = 23 [ RunTime:0.000411s ]
[2023-03-11T23:23:04+08:00][sql] SELECT * FROM `tp_field` WHERE  `module_id` = 23 [ RunTime:0.001175s ]
[2023-03-11T23:23:04+08:00][sql] SELECT * FROM `tp_module` WHERE  `id` = 23 [ RunTime:0.000580s ]
[2023-03-11T23:23:04+08:00][sql] SELECT * FROM `tp_dictionary_type` WHERE  `id` IN (0,1) [ RunTime:0.000739s ]
[2023-03-11T23:23:04+08:00][sql] SELECT `dict_value`,`dict_label` FROM `tp_dictionary` WHERE  `dict_type` = '1' ORDER BY `sort` ASC,`id` DESC [ RunTime:0.000723s ]
[2023-03-11T23:23:04+08:00][sql] SELECT * FROM `tp_module` WHERE  `model_name` = 'Cate' LIMIT 1 [ RunTime:0.000503s ]
[2023-03-11T23:23:04+08:00][sql] SELECT * FROM `tp_field` WHERE  `module_id` = 20  AND `field` = 'sort' LIMIT 1 [ RunTime:0.000813s ]
[2023-03-11T23:23:04+08:00][sql] SELECT * FROM `tp_module` WHERE  `model_name` = 'Cate' LIMIT 1 [ RunTime:0.000419s ]
[2023-03-11T23:23:04+08:00][sql] SELECT `id` FROM `tp_module` WHERE  `model_name` = 'Cate' LIMIT 1 [ RunTime:0.000383s ]
[2023-03-11T23:23:04+08:00][sql] SELECT `field` FROM `tp_field` WHERE  ( field = 'pid' OR field = 'parent_id'  )  AND `module_id` = 20 LIMIT 1 [ RunTime:0.000514s ]
[2023-03-11T23:23:04+08:00][sql] SELECT `id`,`cate_name`,`parent_id` FROM `tp_cate` ORDER BY `sort` ASC,`id` DESC [ RunTime:0.000414s ]
[2023-03-11T23:23:04+08:00][sql] SELECT `id` FROM `tp_cate` WHERE  `module_id` = 23 [ RunTime:0.000381s ]
[2023-03-11T23:23:04+08:00][sql] SELECT * FROM `tp_module` WHERE  `model_name` = 'UsersType' LIMIT 1 [ RunTime:0.000582s ]
[2023-03-11T23:23:04+08:00][sql] SELECT * FROM `tp_field` WHERE  `module_id` = 6  AND `field` = 'sort' LIMIT 1 [ RunTime:0.000906s ]
[2023-03-11T23:23:04+08:00][sql] SELECT * FROM `tp_module` WHERE  `model_name` = 'UsersType' LIMIT 1 [ RunTime:0.000706s ]
[2023-03-11T23:23:04+08:00][sql] SELECT `id` FROM `tp_module` WHERE  `model_name` = 'UsersType' LIMIT 1 [ RunTime:0.000489s ]
[2023-03-11T23:23:04+08:00][sql] SELECT `field` FROM `tp_field` WHERE  ( field = 'pid' OR field = 'parent_id'  )  AND `module_id` = 6 LIMIT 1 [ RunTime:0.000752s ]
[2023-03-11T23:23:04+08:00][sql] SELECT `id`,`name` FROM `tp_users_type` ORDER BY `sort` ASC,`id` DESC [ RunTime:0.000464s ]
[2023-03-11T23:23:04+08:00][sql] SELECT * FROM `tp_field` WHERE  `module_id` = 23 [ RunTime:0.001841s ]
[2023-03-11T23:23:04+08:00][sql] SELECT * FROM `tp_module` WHERE  `id` = 23 [ RunTime:0.000610s ]
[2023-03-11T23:23:04+08:00][sql] SELECT * FROM `tp_dictionary_type` WHERE  `id` IN (0,1) [ RunTime:0.000399s ]
[2023-03-11T23:23:04+08:00][sql] SELECT * FROM `tp_field` WHERE  `module_id` = 23 [ RunTime:0.002184s ]
[2023-03-11T23:23:04+08:00][sql] SELECT * FROM `tp_module` WHERE  `id` = 23 [ RunTime:0.000498s ]
[2023-03-11T23:23:04+08:00][sql] SELECT * FROM `tp_dictionary_type` WHERE  `id` IN (0,1) [ RunTime:0.000489s ]
[2023-03-11T23:23:04+08:00][sql] SELECT * FROM `tp_field` WHERE  `module_id` = 23 [ RunTime:0.002180s ]
[2023-03-11T23:23:04+08:00][sql] SELECT * FROM `tp_module` WHERE  `id` = 23 [ RunTime:0.000565s ]
[2023-03-11T23:23:04+08:00][sql] SELECT * FROM `tp_dictionary_type` WHERE  `id` IN (0,1) [ RunTime:0.000414s ]
[2023-03-11T23:23:04+08:00][sql] SELECT * FROM `tp_cate` WHERE  `id` = 17 LIMIT 1 [ RunTime:0.000561s ]
[2023-03-11T23:23:04+08:00][sql] SHOW FULL COLUMNS FROM `tp_link` [ RunTime:0.009393s ]
[2023-03-11T23:23:04+08:00][sql] SELECT * FROM `tp_link` WHERE  `status` = 1 ORDER BY `sort` ASC,`id` DESC [ RunTime:0.000715s ]
