[2023-04-01T21:18:08+08:00][sql] CONNECT:[ UseTime:0.001131s ] mysql:host=127.0.0.1;port=3306;dbname=ztx;charset=utf8mb4
[2023-04-01T21:18:08+08:00][sql] SHOW FULL COLUMNS FROM `tp_system` [ RunTime:0.012215s ]
[2023-04-01T21:18:08+08:00][sql] SELECT * FROM `tp_system` WHERE  `id` = 1 LIMIT 1 [ RunTime:0.001067s ]
[2023-04-01T21:18:08+08:00][sql] SHOW FULL COLUMNS FROM `tp_cate` [ RunTime:0.009332s ]
[2023-04-01T21:18:08+08:00][sql] SELECT `id`,`cate_name`,`cate_folder`,`module_id` FROM `tp_cate` ORDER BY `sort` ASC,`id` ASC [ RunTime:0.001419s ]
[2023-04-01T21:18:08+08:00][sql] SHOW FULL COLUMNS FROM `tp_module` [ RunTime:0.008347s ]
[2023-04-01T21:18:08+08:00][sql] SELECT * FROM `tp_module` WHERE  `id` = 18 LIMIT 1 [ RunTime:0.001054s ]
[2023-04-01T21:18:08+08:00][sql] SELECT * FROM `tp_module` WHERE  `id` = 19 LIMIT 1 [ RunTime:0.000753s ]
[2023-04-01T21:18:08+08:00][sql] SELECT * FROM `tp_module` WHERE  `id` = 21 LIMIT 1 [ RunTime:0.000560s ]
[2023-04-01T21:18:08+08:00][sql] SELECT * FROM `tp_module` WHERE  `id` = 22 LIMIT 1 [ RunTime:0.000527s ]
[2023-04-01T21:18:08+08:00][sql] SELECT * FROM `tp_module` WHERE  `id` = 23 LIMIT 1 [ RunTime:0.000543s ]
[2023-04-01T21:18:08+08:00][sql] SELECT * FROM `tp_module` WHERE  `id` = 24 LIMIT 1 [ RunTime:0.000545s ]
[2023-04-01T21:18:08+08:00][sql] SELECT * FROM `tp_module` WHERE  `id` = 25 LIMIT 1 [ RunTime:0.000436s ]
[2023-04-01T21:18:08+08:00][sql] SELECT * FROM `tp_module` WHERE  `id` = 18 LIMIT 1 [ RunTime:0.000434s ]
[2023-04-01T21:18:08+08:00][sql] SELECT * FROM `tp_module` WHERE  `id` = 18 LIMIT 1 [ RunTime:0.000452s ]
[2023-04-01T21:18:08+08:00][sql] SELECT * FROM `tp_module` WHERE  `id` = 19 LIMIT 1 [ RunTime:0.000469s ]
[2023-04-01T21:18:08+08:00][sql] SELECT * FROM `tp_system` WHERE  `id` = 1 LIMIT 1 [ RunTime:0.000838s ]
[2023-04-01T21:18:08+08:00][sql] SELECT * FROM `tp_cate` WHERE  `is_menu` = 1 ORDER BY `sort` ASC,`id` DESC [ RunTime:0.001307s ]
[2023-04-01T21:18:08+08:00][sql] SELECT * FROM `tp_module` WHERE  `id` IN (18,19,21,22,23,24,25) [ RunTime:0.001027s ]
[2023-04-01T21:18:08+08:00][sql] SELECT * FROM `tp_cate` WHERE  `is_menu` = 1 ORDER BY `sort` ASC,`id` DESC [ RunTime:0.000932s ]
[2023-04-01T21:18:08+08:00][sql] SELECT * FROM `tp_module` WHERE  `id` IN (18,19,21,22,23,24,25) [ RunTime:0.000651s ]
[2023-04-01T21:18:08+08:00][sql] SHOW FULL COLUMNS FROM `tp_ad` [ RunTime:0.011931s ]
[2023-04-01T21:18:08+08:00][sql] SELECT * FROM `tp_ad` WHERE  `status` = 1  AND `type_id` = 1 ORDER BY `sort` ASC,`id` DESC [ RunTime:0.000945s ]
[2023-04-01T21:18:08+08:00][sql] SELECT * FROM `tp_ad` WHERE  `status` = 1  AND `type_id` = 1 ORDER BY `sort` ASC,`id` DESC [ RunTime:0.000755s ]
[2023-04-01T21:18:08+08:00][sql] SHOW FULL COLUMNS FROM `tp_debris` [ RunTime:0.011641s ]
[2023-04-01T21:18:08+08:00][sql] SELECT `content` FROM `tp_debris` WHERE  `name` = 'AboutUs'  AND `status` = 1 LIMIT 1 [ RunTime:0.000737s ]
[2023-04-01T21:18:08+08:00][sql] SELECT * FROM `tp_cate` WHERE  `id` = 6 LIMIT 1 [ RunTime:0.000485s ]
[2023-04-01T21:18:08+08:00][sql] SELECT * FROM `tp_module` WHERE  `id` = 19 [ RunTime:0.000447s ]
[2023-04-01T21:18:08+08:00][sql] SELECT * FROM `tp_cate` WHERE  `id` = 8 LIMIT 1 [ RunTime:0.000502s ]
[2023-04-01T21:18:08+08:00][sql] SELECT * FROM `tp_module` WHERE  `id` = 22 [ RunTime:0.000500s ]
[2023-04-01T21:18:08+08:00][sql] SELECT * FROM `tp_cate` WHERE  `id` = 8 LIMIT 1 [ RunTime:0.000534s ]
[2023-04-01T21:18:08+08:00][sql] SELECT * FROM `tp_module` WHERE  `id` = 22 [ RunTime:0.000463s ]
[2023-04-01T21:18:08+08:00][sql] SELECT * FROM `tp_cate` WHERE  `id` = 8 LIMIT 1 [ RunTime:0.000454s ]
[2023-04-01T21:18:08+08:00][sql] SELECT * FROM `tp_module` WHERE  `id` = 22 [ RunTime:0.000535s ]
[2023-04-01T21:18:08+08:00][sql] SELECT `id`,`parent_id` FROM `tp_cate` [ RunTime:0.000438s ]
[2023-04-01T21:18:08+08:00][sql] SHOW FULL COLUMNS FROM `tp_product` [ RunTime:0.010225s ]
[2023-04-01T21:18:08+08:00][sql] SELECT * FROM `tp_product` WHERE  (  status = 1  )  AND `cate_id` IN (8,9,10) ORDER BY `sort` ASC,`id` DESC LIMIT 4 [ RunTime:0.000779s ]
[2023-04-01T21:18:08+08:00][sql] SELECT * FROM `tp_cate` WHERE  `id` = 9 [ RunTime:0.000564s ]
[2023-04-01T21:18:08+08:00][sql] SELECT * FROM `tp_cate` WHERE  `id` = 9 [ RunTime:0.000492s ]
[2023-04-01T21:18:08+08:00][sql] SELECT * FROM `tp_module` WHERE  `id` = 22 [ RunTime:0.000481s ]
[2023-04-01T21:18:08+08:00][sql] SHOW FULL COLUMNS FROM `tp_field` [ RunTime:0.009397s ]
[2023-04-01T21:18:08+08:00][sql] SELECT * FROM `tp_field` WHERE  `module_id` = 22 [ RunTime:0.002398s ]
[2023-04-01T21:18:08+08:00][sql] SELECT * FROM `tp_module` WHERE  `id` = 22 [ RunTime:0.000665s ]
[2023-04-01T21:18:08+08:00][sql] SHOW FULL COLUMNS FROM `tp_dictionary_type` [ RunTime:0.009477s ]
[2023-04-01T21:18:08+08:00][sql] SELECT * FROM `tp_dictionary_type` WHERE  `id` IN (0,1) [ RunTime:0.000658s ]
[2023-04-01T21:18:08+08:00][sql] SHOW FULL COLUMNS FROM `tp_dictionary` [ RunTime:0.008848s ]
[2023-04-01T21:18:08+08:00][sql] SELECT `dict_value`,`dict_label` FROM `tp_dictionary` WHERE  `dict_type` = '1' ORDER BY `sort` ASC,`id` DESC [ RunTime:0.000644s ]
[2023-04-01T21:18:08+08:00][sql] SELECT * FROM `tp_module` WHERE  `model_name` = 'Cate' LIMIT 1 [ RunTime:0.000565s ]
[2023-04-01T21:18:08+08:00][sql] SELECT * FROM `tp_field` WHERE  `module_id` = 20  AND `field` = 'sort' LIMIT 1 [ RunTime:0.001046s ]
[2023-04-01T21:18:08+08:00][sql] SELECT * FROM `tp_module` WHERE  `model_name` = 'Cate' LIMIT 1 [ RunTime:0.001208s ]
[2023-04-01T21:18:08+08:00][sql] SELECT `id` FROM `tp_module` WHERE  `model_name` = 'Cate' LIMIT 1 [ RunTime:0.000774s ]
[2023-04-01T21:18:08+08:00][sql] SELECT `field` FROM `tp_field` WHERE  ( field = 'pid' OR field = 'parent_id'  )  AND `module_id` = 20 LIMIT 1 [ RunTime:0.000734s ]
[2023-04-01T21:18:08+08:00][sql] SELECT `id`,`cate_name`,`parent_id` FROM `tp_cate` ORDER BY `sort` ASC,`id` DESC [ RunTime:0.000778s ]
[2023-04-01T21:18:08+08:00][sql] SELECT `id` FROM `tp_cate` WHERE  `module_id` = 22 [ RunTime:0.000794s ]
[2023-04-01T21:18:08+08:00][sql] SELECT * FROM `tp_module` WHERE  `model_name` = 'UsersType' LIMIT 1 [ RunTime:0.000686s ]
[2023-04-01T21:18:08+08:00][sql] SELECT * FROM `tp_field` WHERE  `module_id` = 6  AND `field` = 'sort' LIMIT 1 [ RunTime:0.000861s ]
[2023-04-01T21:18:08+08:00][sql] SELECT * FROM `tp_module` WHERE  `model_name` = 'UsersType' LIMIT 1 [ RunTime:0.000572s ]
[2023-04-01T21:18:08+08:00][sql] SELECT `id` FROM `tp_module` WHERE  `model_name` = 'UsersType' LIMIT 1 [ RunTime:0.000448s ]
[2023-04-01T21:18:08+08:00][sql] SELECT `field` FROM `tp_field` WHERE  ( field = 'pid' OR field = 'parent_id'  )  AND `module_id` = 6 LIMIT 1 [ RunTime:0.000740s ]
[2023-04-01T21:18:08+08:00][sql] SHOW FULL COLUMNS FROM `tp_users_type` [ RunTime:0.009508s ]
[2023-04-01T21:18:08+08:00][sql] SELECT `id`,`name` FROM `tp_users_type` ORDER BY `sort` ASC,`id` DESC [ RunTime:0.000548s ]
[2023-04-01T21:18:08+08:00][sql] SELECT * FROM `tp_field` WHERE  `module_id` = 22 [ RunTime:0.001180s ]
[2023-04-01T21:18:08+08:00][sql] SELECT * FROM `tp_module` WHERE  `id` = 22 [ RunTime:0.000593s ]
[2023-04-01T21:18:08+08:00][sql] SELECT * FROM `tp_dictionary_type` WHERE  `id` IN (0,1) [ RunTime:0.000436s ]
[2023-04-01T21:18:08+08:00][sql] SELECT * FROM `tp_field` WHERE  `module_id` = 22 [ RunTime:0.001719s ]
[2023-04-01T21:18:08+08:00][sql] SELECT * FROM `tp_module` WHERE  `id` = 22 [ RunTime:0.000505s ]
[2023-04-01T21:18:08+08:00][sql] SELECT * FROM `tp_dictionary_type` WHERE  `id` IN (0,1) [ RunTime:0.000872s ]
[2023-04-01T21:18:08+08:00][sql] SELECT * FROM `tp_field` WHERE  `module_id` = 22 [ RunTime:0.001797s ]
[2023-04-01T21:18:08+08:00][sql] SELECT * FROM `tp_module` WHERE  `id` = 22 [ RunTime:0.000484s ]
[2023-04-01T21:18:08+08:00][sql] SELECT * FROM `tp_dictionary_type` WHERE  `id` IN (0,1) [ RunTime:0.000424s ]
[2023-04-01T21:18:08+08:00][sql] SELECT * FROM `tp_field` WHERE  `module_id` = 22 [ RunTime:0.002194s ]
[2023-04-01T21:18:08+08:00][sql] SELECT * FROM `tp_module` WHERE  `id` = 22 [ RunTime:0.000594s ]
[2023-04-01T21:18:08+08:00][sql] SELECT * FROM `tp_dictionary_type` WHERE  `id` IN (0,1) [ RunTime:0.000423s ]
[2023-04-01T21:18:08+08:00][sql] SELECT * FROM `tp_cate` WHERE  `id` = 4 LIMIT 1 [ RunTime:0.000724s ]
[2023-04-01T21:18:08+08:00][sql] SELECT * FROM `tp_module` WHERE  `id` = 19 [ RunTime:0.000609s ]
[2023-04-01T21:18:08+08:00][sql] SELECT * FROM `tp_cate` WHERE  `id` = 4 LIMIT 1 [ RunTime:0.000503s ]
[2023-04-01T21:18:08+08:00][sql] SELECT * FROM `tp_module` WHERE  `id` = 19 [ RunTime:0.000489s ]
[2023-04-01T21:18:08+08:00][sql] SELECT * FROM `tp_cate` WHERE  `id` = 4 LIMIT 1 [ RunTime:0.000562s ]
[2023-04-01T21:18:08+08:00][sql] SELECT * FROM `tp_module` WHERE  `id` = 19 [ RunTime:0.000519s ]
[2023-04-01T21:18:08+08:00][sql] SELECT `id`,`parent_id` FROM `tp_cate` [ RunTime:0.000443s ]
[2023-04-01T21:18:08+08:00][sql] SHOW FULL COLUMNS FROM `tp_article` [ RunTime:0.011129s ]
[2023-04-01T21:18:08+08:00][sql] SELECT * FROM `tp_article` WHERE  ( image <>'' AND status = 1  )  AND `cate_id` IN (4,5,6) ORDER BY `sort` ASC,`id` DESC LIMIT 4 [ RunTime:0.001091s ]
[2023-04-01T21:18:08+08:00][sql] SELECT * FROM `tp_cate` WHERE  `id` = 5 [ RunTime:0.000634s ]
[2023-04-01T21:18:08+08:00][sql] SELECT * FROM `tp_cate` WHERE  `id` = 5 [ RunTime:0.000611s ]
[2023-04-01T21:18:08+08:00][sql] SELECT * FROM `tp_module` WHERE  `id` = 19 [ RunTime:0.000642s ]
[2023-04-01T21:18:08+08:00][sql] SELECT * FROM `tp_field` WHERE  `module_id` = 19 [ RunTime:0.001695s ]
[2023-04-01T21:18:08+08:00][sql] SELECT * FROM `tp_module` WHERE  `id` = 19 [ RunTime:0.000568s ]
[2023-04-01T21:18:08+08:00][sql] SELECT * FROM `tp_dictionary_type` WHERE  `id` IN (0,1) [ RunTime:0.000550s ]
[2023-04-01T21:18:08+08:00][sql] SELECT `dict_value`,`dict_label` FROM `tp_dictionary` WHERE  `dict_type` = '1' ORDER BY `sort` ASC,`id` DESC [ RunTime:0.000652s ]
[2023-04-01T21:18:08+08:00][sql] SELECT * FROM `tp_module` WHERE  `model_name` = 'Cate' LIMIT 1 [ RunTime:0.001068s ]
[2023-04-01T21:18:08+08:00][sql] SELECT * FROM `tp_field` WHERE  `module_id` = 20  AND `field` = 'sort' LIMIT 1 [ RunTime:0.001310s ]
[2023-04-01T21:18:08+08:00][sql] SELECT * FROM `tp_module` WHERE  `model_name` = 'Cate' LIMIT 1 [ RunTime:0.000656s ]
[2023-04-01T21:18:08+08:00][sql] SELECT `id` FROM `tp_module` WHERE  `model_name` = 'Cate' LIMIT 1 [ RunTime:0.000483s ]
[2023-04-01T21:18:08+08:00][sql] SELECT `field` FROM `tp_field` WHERE  ( field = 'pid' OR field = 'parent_id'  )  AND `module_id` = 20 LIMIT 1 [ RunTime:0.000657s ]
[2023-04-01T21:18:08+08:00][sql] SELECT `id`,`cate_name`,`parent_id` FROM `tp_cate` ORDER BY `sort` ASC,`id` DESC [ RunTime:0.000505s ]
[2023-04-01T21:18:08+08:00][sql] SELECT `id` FROM `tp_cate` WHERE  `module_id` = 19 [ RunTime:0.000513s ]
[2023-04-01T21:18:08+08:00][sql] SELECT * FROM `tp_module` WHERE  `model_name` = 'UsersType' LIMIT 1 [ RunTime:0.000486s ]
[2023-04-01T21:18:08+08:00][sql] SELECT * FROM `tp_field` WHERE  `module_id` = 6  AND `field` = 'sort' LIMIT 1 [ RunTime:0.000581s ]
[2023-04-01T21:18:08+08:00][sql] SELECT * FROM `tp_module` WHERE  `model_name` = 'UsersType' LIMIT 1 [ RunTime:0.000473s ]
[2023-04-01T21:18:08+08:00][sql] SELECT `id` FROM `tp_module` WHERE  `model_name` = 'UsersType' LIMIT 1 [ RunTime:0.000400s ]
[2023-04-01T21:18:08+08:00][sql] SELECT `field` FROM `tp_field` WHERE  ( field = 'pid' OR field = 'parent_id'  )  AND `module_id` = 6 LIMIT 1 [ RunTime:0.000627s ]
[2023-04-01T21:18:08+08:00][sql] SELECT `id`,`name` FROM `tp_users_type` ORDER BY `sort` ASC,`id` DESC [ RunTime:0.000575s ]
[2023-04-01T21:18:08+08:00][sql] SELECT * FROM `tp_field` WHERE  `module_id` = 19 [ RunTime:0.001322s ]
[2023-04-01T21:18:08+08:00][sql] SELECT * FROM `tp_module` WHERE  `id` = 19 [ RunTime:0.000441s ]
[2023-04-01T21:18:08+08:00][sql] SELECT * FROM `tp_dictionary_type` WHERE  `id` IN (0,1) [ RunTime:0.000446s ]
[2023-04-01T21:18:08+08:00][sql] SELECT * FROM `tp_field` WHERE  `module_id` = 19 [ RunTime:0.002384s ]
[2023-04-01T21:18:08+08:00][sql] SELECT * FROM `tp_module` WHERE  `id` = 19 [ RunTime:0.000661s ]
[2023-04-01T21:18:08+08:00][sql] SELECT * FROM `tp_dictionary_type` WHERE  `id` IN (0,1) [ RunTime:0.000533s ]
[2023-04-01T21:18:08+08:00][sql] SELECT * FROM `tp_field` WHERE  `module_id` = 19 [ RunTime:0.001734s ]
[2023-04-01T21:18:08+08:00][sql] SELECT * FROM `tp_module` WHERE  `id` = 19 [ RunTime:0.000800s ]
[2023-04-01T21:18:08+08:00][sql] SELECT * FROM `tp_dictionary_type` WHERE  `id` IN (0,1) [ RunTime:0.001219s ]
[2023-04-01T21:18:08+08:00][sql] SELECT * FROM `tp_field` WHERE  `module_id` = 19 [ RunTime:0.001804s ]
[2023-04-01T21:18:08+08:00][sql] SELECT * FROM `tp_module` WHERE  `id` = 19 [ RunTime:0.000618s ]
[2023-04-01T21:18:08+08:00][sql] SELECT * FROM `tp_dictionary_type` WHERE  `id` IN (0,1) [ RunTime:0.000568s ]
[2023-04-01T21:18:08+08:00][sql] SELECT * FROM `tp_cate` WHERE  `id` = 7 LIMIT 1 [ RunTime:0.000613s ]
[2023-04-01T21:18:08+08:00][sql] SELECT * FROM `tp_module` WHERE  `id` = 21 [ RunTime:0.000524s ]
[2023-04-01T21:18:08+08:00][sql] SELECT * FROM `tp_cate` WHERE  `id` = 7 LIMIT 1 [ RunTime:0.000516s ]
[2023-04-01T21:18:08+08:00][sql] SELECT * FROM `tp_module` WHERE  `id` = 21 [ RunTime:0.000505s ]
[2023-04-01T21:18:08+08:00][sql] SELECT * FROM `tp_cate` WHERE  `id` = 7 LIMIT 1 [ RunTime:0.000600s ]
[2023-04-01T21:18:08+08:00][sql] SELECT * FROM `tp_module` WHERE  `id` = 21 [ RunTime:0.000481s ]
[2023-04-01T21:18:08+08:00][sql] SELECT `id`,`parent_id` FROM `tp_cate` [ RunTime:0.000419s ]
[2023-04-01T21:18:08+08:00][sql] SHOW FULL COLUMNS FROM `tp_picture` [ RunTime:0.011378s ]
[2023-04-01T21:18:08+08:00][sql] SELECT * FROM `tp_picture` WHERE  (  status = 1  )  AND `cate_id` = 7 ORDER BY `sort` ASC,`id` DESC LIMIT 3 [ RunTime:0.000937s ]
[2023-04-01T21:18:08+08:00][sql] SELECT * FROM `tp_cate` WHERE  `id` = 7 [ RunTime:0.000570s ]
[2023-04-01T21:18:08+08:00][sql] SELECT * FROM `tp_cate` WHERE  `id` = 7 [ RunTime:0.000567s ]
[2023-04-01T21:18:08+08:00][sql] SELECT * FROM `tp_module` WHERE  `id` = 21 [ RunTime:0.000750s ]
[2023-04-01T21:18:08+08:00][sql] SELECT * FROM `tp_field` WHERE  `module_id` = 21 [ RunTime:0.001358s ]
[2023-04-01T21:18:08+08:00][sql] SELECT * FROM `tp_module` WHERE  `id` = 21 [ RunTime:0.000474s ]
[2023-04-01T21:18:08+08:00][sql] SELECT * FROM `tp_dictionary_type` WHERE  `id` IN (0,1) [ RunTime:0.000449s ]
[2023-04-01T21:18:08+08:00][sql] SELECT `dict_value`,`dict_label` FROM `tp_dictionary` WHERE  `dict_type` = '1' ORDER BY `sort` ASC,`id` DESC [ RunTime:0.000496s ]
[2023-04-01T21:18:08+08:00][sql] SELECT * FROM `tp_module` WHERE  `model_name` = 'Cate' LIMIT 1 [ RunTime:0.000736s ]
[2023-04-01T21:18:08+08:00][sql] SELECT * FROM `tp_field` WHERE  `module_id` = 20  AND `field` = 'sort' LIMIT 1 [ RunTime:0.001220s ]
[2023-04-01T21:18:08+08:00][sql] SELECT * FROM `tp_module` WHERE  `model_name` = 'Cate' LIMIT 1 [ RunTime:0.000531s ]
[2023-04-01T21:18:08+08:00][sql] SELECT `id` FROM `tp_module` WHERE  `model_name` = 'Cate' LIMIT 1 [ RunTime:0.000482s ]
[2023-04-01T21:18:08+08:00][sql] SELECT `field` FROM `tp_field` WHERE  ( field = 'pid' OR field = 'parent_id'  )  AND `module_id` = 20 LIMIT 1 [ RunTime:0.000578s ]
[2023-04-01T21:18:08+08:00][sql] SELECT `id`,`cate_name`,`parent_id` FROM `tp_cate` ORDER BY `sort` ASC,`id` DESC [ RunTime:0.000508s ]
[2023-04-01T21:18:08+08:00][sql] SELECT `id` FROM `tp_cate` WHERE  `module_id` = 21 [ RunTime:0.000439s ]
[2023-04-01T21:18:08+08:00][sql] SELECT * FROM `tp_module` WHERE  `model_name` = 'UsersType' LIMIT 1 [ RunTime:0.000492s ]
[2023-04-01T21:18:08+08:00][sql] SELECT * FROM `tp_field` WHERE  `module_id` = 6  AND `field` = 'sort' LIMIT 1 [ RunTime:0.000609s ]
[2023-04-01T21:18:08+08:00][sql] SELECT * FROM `tp_module` WHERE  `model_name` = 'UsersType' LIMIT 1 [ RunTime:0.000666s ]
[2023-04-01T21:18:08+08:00][sql] SELECT `id` FROM `tp_module` WHERE  `model_name` = 'UsersType' LIMIT 1 [ RunTime:0.000834s ]
[2023-04-01T21:18:08+08:00][sql] SELECT `field` FROM `tp_field` WHERE  ( field = 'pid' OR field = 'parent_id'  )  AND `module_id` = 6 LIMIT 1 [ RunTime:0.000765s ]
[2023-04-01T21:18:08+08:00][sql] SELECT `id`,`name` FROM `tp_users_type` ORDER BY `sort` ASC,`id` DESC [ RunTime:0.000414s ]
[2023-04-01T21:18:08+08:00][sql] SELECT * FROM `tp_field` WHERE  `module_id` = 21 [ RunTime:0.001312s ]
[2023-04-01T21:18:08+08:00][sql] SELECT * FROM `tp_module` WHERE  `id` = 21 [ RunTime:0.000472s ]
[2023-04-01T21:18:08+08:00][sql] SELECT * FROM `tp_dictionary_type` WHERE  `id` IN (0,1) [ RunTime:0.000452s ]
[2023-04-01T21:18:08+08:00][sql] SELECT * FROM `tp_field` WHERE  `module_id` = 21 [ RunTime:0.001764s ]
[2023-04-01T21:18:08+08:00][sql] SELECT * FROM `tp_module` WHERE  `id` = 21 [ RunTime:0.000520s ]
[2023-04-01T21:18:08+08:00][sql] SELECT * FROM `tp_dictionary_type` WHERE  `id` IN (0,1) [ RunTime:0.000487s ]
[2023-04-01T21:18:08+08:00][sql] SELECT * FROM `tp_field` WHERE  `module_id` = 21 [ RunTime:0.001162s ]
[2023-04-01T21:18:08+08:00][sql] SELECT * FROM `tp_module` WHERE  `id` = 21 [ RunTime:0.000927s ]
[2023-04-01T21:18:08+08:00][sql] SELECT * FROM `tp_dictionary_type` WHERE  `id` IN (0,1) [ RunTime:0.000819s ]
[2023-04-01T21:18:08+08:00][sql] SELECT * FROM `tp_cate` WHERE  `id` = 12 LIMIT 1 [ RunTime:0.000724s ]
[2023-04-01T21:18:08+08:00][sql] SELECT * FROM `tp_module` WHERE  `id` = 24 [ RunTime:0.000533s ]
[2023-04-01T21:18:08+08:00][sql] SELECT `id`,`parent_id` FROM `tp_cate` [ RunTime:0.000465s ]
[2023-04-01T21:18:08+08:00][sql] SHOW FULL COLUMNS FROM `tp_team` [ RunTime:0.010868s ]
[2023-04-01T21:18:08+08:00][sql] SELECT * FROM `tp_team` WHERE  (  status = 1  )  AND `cate_id` = 12 ORDER BY `sort` ASC,`id` DESC LIMIT 6 [ RunTime:0.000829s ]
[2023-04-01T21:18:08+08:00][sql] SELECT * FROM `tp_cate` WHERE  `id` = 12 [ RunTime:0.000610s ]
[2023-04-01T21:18:08+08:00][sql] SELECT * FROM `tp_cate` WHERE  `id` = 12 [ RunTime:0.000536s ]
[2023-04-01T21:18:08+08:00][sql] SELECT * FROM `tp_module` WHERE  `id` = 24 [ RunTime:0.000598s ]
[2023-04-01T21:18:08+08:00][sql] SELECT * FROM `tp_field` WHERE  `module_id` = 24 [ RunTime:0.001828s ]
[2023-04-01T21:18:08+08:00][sql] SELECT * FROM `tp_module` WHERE  `id` = 24 [ RunTime:0.000525s ]
[2023-04-01T21:18:08+08:00][sql] SELECT * FROM `tp_dictionary_type` WHERE  `id` IN (0,1,10,4) [ RunTime:0.000474s ]
[2023-04-01T21:18:08+08:00][sql] SELECT `dict_value`,`dict_label` FROM `tp_dictionary` WHERE  `dict_type` = '1' ORDER BY `sort` ASC,`id` DESC [ RunTime:0.000697s ]
[2023-04-01T21:18:08+08:00][sql] SELECT * FROM `tp_module` WHERE  `model_name` = 'Cate' LIMIT 1 [ RunTime:0.000732s ]
[2023-04-01T21:18:08+08:00][sql] SELECT * FROM `tp_field` WHERE  `module_id` = 20  AND `field` = 'sort' LIMIT 1 [ RunTime:0.001687s ]
[2023-04-01T21:18:08+08:00][sql] SELECT * FROM `tp_module` WHERE  `model_name` = 'Cate' LIMIT 1 [ RunTime:0.000653s ]
[2023-04-01T21:18:08+08:00][sql] SELECT `id` FROM `tp_module` WHERE  `model_name` = 'Cate' LIMIT 1 [ RunTime:0.000495s ]
[2023-04-01T21:18:08+08:00][sql] SELECT `field` FROM `tp_field` WHERE  ( field = 'pid' OR field = 'parent_id'  )  AND `module_id` = 20 LIMIT 1 [ RunTime:0.000617s ]
[2023-04-01T21:18:08+08:00][sql] SELECT `id`,`cate_name`,`parent_id` FROM `tp_cate` ORDER BY `sort` ASC,`id` DESC [ RunTime:0.000484s ]
[2023-04-01T21:18:08+08:00][sql] SELECT `id` FROM `tp_cate` WHERE  `module_id` = 24 [ RunTime:0.000430s ]
[2023-04-01T21:18:08+08:00][sql] SELECT `dict_value`,`dict_label` FROM `tp_dictionary` WHERE  `dict_type` = '10' ORDER BY `sort` ASC,`id` DESC [ RunTime:0.000482s ]
[2023-04-01T21:18:08+08:00][sql] SELECT `dict_value`,`dict_label` FROM `tp_dictionary` WHERE  `dict_type` = '4' ORDER BY `sort` ASC,`id` DESC [ RunTime:0.000474s ]
[2023-04-01T21:18:08+08:00][sql] SELECT * FROM `tp_module` WHERE  `model_name` = 'UsersType' LIMIT 1 [ RunTime:0.000496s ]
[2023-04-01T21:18:08+08:00][sql] SELECT * FROM `tp_field` WHERE  `module_id` = 6  AND `field` = 'sort' LIMIT 1 [ RunTime:0.000654s ]
[2023-04-01T21:18:08+08:00][sql] SELECT * FROM `tp_module` WHERE  `model_name` = 'UsersType' LIMIT 1 [ RunTime:0.000496s ]
[2023-04-01T21:18:08+08:00][sql] SELECT `id` FROM `tp_module` WHERE  `model_name` = 'UsersType' LIMIT 1 [ RunTime:0.000420s ]
[2023-04-01T21:18:08+08:00][sql] SELECT `field` FROM `tp_field` WHERE  ( field = 'pid' OR field = 'parent_id'  )  AND `module_id` = 6 LIMIT 1 [ RunTime:0.000658s ]
[2023-04-01T21:18:08+08:00][sql] SELECT `id`,`name` FROM `tp_users_type` ORDER BY `sort` ASC,`id` DESC [ RunTime:0.000395s ]
[2023-04-01T21:18:08+08:00][sql] SELECT * FROM `tp_field` WHERE  `module_id` = 24 [ RunTime:0.001303s ]
[2023-04-01T21:18:08+08:00][sql] SELECT * FROM `tp_module` WHERE  `id` = 24 [ RunTime:0.000474s ]
[2023-04-01T21:18:08+08:00][sql] SELECT * FROM `tp_dictionary_type` WHERE  `id` IN (0,1,10,4) [ RunTime:0.000448s ]
[2023-04-01T21:18:08+08:00][sql] SELECT * FROM `tp_field` WHERE  `module_id` = 24 [ RunTime:0.002150s ]
[2023-04-01T21:18:08+08:00][sql] SELECT * FROM `tp_module` WHERE  `id` = 24 [ RunTime:0.000566s ]
[2023-04-01T21:18:08+08:00][sql] SELECT * FROM `tp_dictionary_type` WHERE  `id` IN (0,1,10,4) [ RunTime:0.000525s ]
[2023-04-01T21:18:08+08:00][sql] SELECT * FROM `tp_field` WHERE  `module_id` = 24 [ RunTime:0.001756s ]
[2023-04-01T21:18:08+08:00][sql] SELECT * FROM `tp_module` WHERE  `id` = 24 [ RunTime:0.000551s ]
[2023-04-01T21:18:08+08:00][sql] SELECT * FROM `tp_dictionary_type` WHERE  `id` IN (0,1,10,4) [ RunTime:0.000529s ]
[2023-04-01T21:18:08+08:00][sql] SELECT * FROM `tp_field` WHERE  `module_id` = 24 [ RunTime:0.002344s ]
[2023-04-01T21:18:08+08:00][sql] SELECT * FROM `tp_module` WHERE  `id` = 24 [ RunTime:0.000649s ]
[2023-04-01T21:18:08+08:00][sql] SELECT * FROM `tp_dictionary_type` WHERE  `id` IN (0,1,10,4) [ RunTime:0.000605s ]
[2023-04-01T21:18:08+08:00][sql] SELECT * FROM `tp_field` WHERE  `module_id` = 24 [ RunTime:0.001803s ]
[2023-04-01T21:18:08+08:00][sql] SELECT * FROM `tp_module` WHERE  `id` = 24 [ RunTime:0.000517s ]
[2023-04-01T21:18:08+08:00][sql] SELECT * FROM `tp_dictionary_type` WHERE  `id` IN (0,1,10,4) [ RunTime:0.000502s ]
[2023-04-01T21:18:08+08:00][sql] SELECT * FROM `tp_field` WHERE  `module_id` = 24 [ RunTime:0.001836s ]
[2023-04-01T21:18:08+08:00][sql] SELECT * FROM `tp_module` WHERE  `id` = 24 [ RunTime:0.000786s ]
[2023-04-01T21:18:08+08:00][sql] SELECT * FROM `tp_dictionary_type` WHERE  `id` IN (0,1,10,4) [ RunTime:0.000605s ]
[2023-04-01T21:18:08+08:00][sql] SELECT * FROM `tp_cate` WHERE  `id` = 12 LIMIT 1 [ RunTime:0.000880s ]
[2023-04-01T21:18:08+08:00][sql] SELECT * FROM `tp_module` WHERE  `id` = 24 [ RunTime:0.000803s ]
[2023-04-01T21:18:08+08:00][sql] SELECT `id`,`parent_id` FROM `tp_cate` [ RunTime:0.000452s ]
[2023-04-01T21:18:08+08:00][sql] SELECT * FROM `tp_team` WHERE  (  status = 1  )  AND `cate_id` = 12 ORDER BY `sort` ASC,`id` DESC LIMIT 6 [ RunTime:0.000601s ]
[2023-04-01T21:18:08+08:00][sql] SELECT * FROM `tp_cate` WHERE  `id` = 12 [ RunTime:0.000471s ]
[2023-04-01T21:18:08+08:00][sql] SELECT * FROM `tp_cate` WHERE  `id` = 12 [ RunTime:0.000442s ]
[2023-04-01T21:18:08+08:00][sql] SELECT * FROM `tp_module` WHERE  `id` = 24 [ RunTime:0.000440s ]
[2023-04-01T21:18:08+08:00][sql] SELECT * FROM `tp_field` WHERE  `module_id` = 24 [ RunTime:0.001311s ]
[2023-04-01T21:18:08+08:00][sql] SELECT * FROM `tp_module` WHERE  `id` = 24 [ RunTime:0.000483s ]
[2023-04-01T21:18:08+08:00][sql] SELECT * FROM `tp_dictionary_type` WHERE  `id` IN (0,1,10,4) [ RunTime:0.000448s ]
[2023-04-01T21:18:08+08:00][sql] SELECT `dict_value`,`dict_label` FROM `tp_dictionary` WHERE  `dict_type` = '1' ORDER BY `sort` ASC,`id` DESC [ RunTime:0.000768s ]
[2023-04-01T21:18:08+08:00][sql] SELECT * FROM `tp_module` WHERE  `model_name` = 'Cate' LIMIT 1 [ RunTime:0.000597s ]
[2023-04-01T21:18:08+08:00][sql] SELECT * FROM `tp_field` WHERE  `module_id` = 20  AND `field` = 'sort' LIMIT 1 [ RunTime:0.001048s ]
[2023-04-01T21:18:08+08:00][sql] SELECT * FROM `tp_module` WHERE  `model_name` = 'Cate' LIMIT 1 [ RunTime:0.000737s ]
[2023-04-01T21:18:08+08:00][sql] SELECT `id` FROM `tp_module` WHERE  `model_name` = 'Cate' LIMIT 1 [ RunTime:0.000457s ]
[2023-04-01T21:18:08+08:00][sql] SELECT `field` FROM `tp_field` WHERE  ( field = 'pid' OR field = 'parent_id'  )  AND `module_id` = 20 LIMIT 1 [ RunTime:0.000540s ]
[2023-04-01T21:18:08+08:00][sql] SELECT `id`,`cate_name`,`parent_id` FROM `tp_cate` ORDER BY `sort` ASC,`id` DESC [ RunTime:0.000552s ]
[2023-04-01T21:18:08+08:00][sql] SELECT `id` FROM `tp_cate` WHERE  `module_id` = 24 [ RunTime:0.000398s ]
[2023-04-01T21:18:08+08:00][sql] SELECT `dict_value`,`dict_label` FROM `tp_dictionary` WHERE  `dict_type` = '10' ORDER BY `sort` ASC,`id` DESC [ RunTime:0.000457s ]
[2023-04-01T21:18:08+08:00][sql] SELECT `dict_value`,`dict_label` FROM `tp_dictionary` WHERE  `dict_type` = '4' ORDER BY `sort` ASC,`id` DESC [ RunTime:0.000443s ]
[2023-04-01T21:18:08+08:00][sql] SELECT * FROM `tp_module` WHERE  `model_name` = 'UsersType' LIMIT 1 [ RunTime:0.000467s ]
[2023-04-01T21:18:08+08:00][sql] SELECT * FROM `tp_field` WHERE  `module_id` = 6  AND `field` = 'sort' LIMIT 1 [ RunTime:0.000573s ]
[2023-04-01T21:18:08+08:00][sql] SELECT * FROM `tp_module` WHERE  `model_name` = 'UsersType' LIMIT 1 [ RunTime:0.000459s ]
[2023-04-01T21:18:08+08:00][sql] SELECT `id` FROM `tp_module` WHERE  `model_name` = 'UsersType' LIMIT 1 [ RunTime:0.000393s ]
[2023-04-01T21:18:08+08:00][sql] SELECT `field` FROM `tp_field` WHERE  ( field = 'pid' OR field = 'parent_id'  )  AND `module_id` = 6 LIMIT 1 [ RunTime:0.000595s ]
[2023-04-01T21:18:08+08:00][sql] SELECT `id`,`name` FROM `tp_users_type` ORDER BY `sort` ASC,`id` DESC [ RunTime:0.000405s ]
[2023-04-01T21:18:08+08:00][sql] SELECT * FROM `tp_field` WHERE  `module_id` = 24 [ RunTime:0.002479s ]
[2023-04-01T21:18:08+08:00][sql] SELECT * FROM `tp_module` WHERE  `id` = 24 [ RunTime:0.001003s ]
[2023-04-01T21:18:08+08:00][sql] SELECT * FROM `tp_dictionary_type` WHERE  `id` IN (0,1,10,4) [ RunTime:0.000713s ]
[2023-04-01T21:18:08+08:00][sql] SELECT * FROM `tp_field` WHERE  `module_id` = 24 [ RunTime:0.001811s ]
[2023-04-01T21:18:08+08:00][sql] SELECT * FROM `tp_module` WHERE  `id` = 24 [ RunTime:0.000544s ]
[2023-04-01T21:18:08+08:00][sql] SELECT * FROM `tp_dictionary_type` WHERE  `id` IN (0,1,10,4) [ RunTime:0.000531s ]
[2023-04-01T21:18:08+08:00][sql] SELECT * FROM `tp_field` WHERE  `module_id` = 24 [ RunTime:0.001739s ]
[2023-04-01T21:18:08+08:00][sql] SELECT * FROM `tp_module` WHERE  `id` = 24 [ RunTime:0.000573s ]
[2023-04-01T21:18:08+08:00][sql] SELECT * FROM `tp_dictionary_type` WHERE  `id` IN (0,1,10,4) [ RunTime:0.000672s ]
[2023-04-01T21:18:08+08:00][sql] SELECT * FROM `tp_field` WHERE  `module_id` = 24 [ RunTime:0.001915s ]
[2023-04-01T21:18:08+08:00][sql] SELECT * FROM `tp_module` WHERE  `id` = 24 [ RunTime:0.000793s ]
[2023-04-01T21:18:08+08:00][sql] SELECT * FROM `tp_dictionary_type` WHERE  `id` IN (0,1,10,4) [ RunTime:0.000554s ]
[2023-04-01T21:18:08+08:00][sql] SELECT * FROM `tp_field` WHERE  `module_id` = 24 [ RunTime:0.001752s ]
[2023-04-01T21:18:08+08:00][sql] SELECT * FROM `tp_module` WHERE  `id` = 24 [ RunTime:0.000764s ]
[2023-04-01T21:18:08+08:00][sql] SELECT * FROM `tp_dictionary_type` WHERE  `id` IN (0,1,10,4) [ RunTime:0.000560s ]
[2023-04-01T21:18:08+08:00][sql] SELECT * FROM `tp_field` WHERE  `module_id` = 24 [ RunTime:0.002028s ]
[2023-04-01T21:18:08+08:00][sql] SELECT * FROM `tp_module` WHERE  `id` = 24 [ RunTime:0.000442s ]
[2023-04-01T21:18:08+08:00][sql] SELECT * FROM `tp_dictionary_type` WHERE  `id` IN (0,1,10,4) [ RunTime:0.000456s ]
[2023-04-01T21:18:08+08:00][sql] SELECT * FROM `tp_cate` WHERE  `id` = 11 LIMIT 1 [ RunTime:0.000906s ]
[2023-04-01T21:18:08+08:00][sql] SELECT * FROM `tp_module` WHERE  `id` = 23 [ RunTime:0.000519s ]
[2023-04-01T21:18:08+08:00][sql] SELECT * FROM `tp_cate` WHERE  `id` = 11 LIMIT 1 [ RunTime:0.000501s ]
[2023-04-01T21:18:08+08:00][sql] SELECT * FROM `tp_module` WHERE  `id` = 23 [ RunTime:0.000441s ]
[2023-04-01T21:18:08+08:00][sql] SELECT * FROM `tp_cate` WHERE  `id` = 11 LIMIT 1 [ RunTime:0.000469s ]
[2023-04-01T21:18:08+08:00][sql] SELECT * FROM `tp_module` WHERE  `id` = 23 [ RunTime:0.000438s ]
[2023-04-01T21:18:08+08:00][sql] SELECT `id`,`parent_id` FROM `tp_cate` [ RunTime:0.000385s ]
[2023-04-01T21:18:08+08:00][sql] SHOW FULL COLUMNS FROM `tp_download` [ RunTime:0.010724s ]
[2023-04-01T21:18:08+08:00][sql] SELECT * FROM `tp_download` WHERE  (  status = 1  )  AND `cate_id` = 11 ORDER BY `sort` ASC,`id` DESC LIMIT 3 [ RunTime:0.000820s ]
[2023-04-01T21:18:08+08:00][sql] SELECT * FROM `tp_cate` WHERE  `id` = 11 [ RunTime:0.000879s ]
[2023-04-01T21:18:08+08:00][sql] SELECT * FROM `tp_cate` WHERE  `id` = 11 [ RunTime:0.000798s ]
[2023-04-01T21:18:08+08:00][sql] SELECT * FROM `tp_module` WHERE  `id` = 23 [ RunTime:0.000719s ]
[2023-04-01T21:18:08+08:00][sql] SELECT * FROM `tp_field` WHERE  `module_id` = 23 [ RunTime:0.001853s ]
[2023-04-01T21:18:08+08:00][sql] SELECT * FROM `tp_module` WHERE  `id` = 23 [ RunTime:0.000749s ]
[2023-04-01T21:18:08+08:00][sql] SELECT * FROM `tp_dictionary_type` WHERE  `id` IN (0,1) [ RunTime:0.000694s ]
[2023-04-01T21:18:08+08:00][sql] SELECT `dict_value`,`dict_label` FROM `tp_dictionary` WHERE  `dict_type` = '1' ORDER BY `sort` ASC,`id` DESC [ RunTime:0.000711s ]
[2023-04-01T21:18:08+08:00][sql] SELECT * FROM `tp_module` WHERE  `model_name` = 'Cate' LIMIT 1 [ RunTime:0.000930s ]
[2023-04-01T21:18:08+08:00][sql] SELECT * FROM `tp_field` WHERE  `module_id` = 20  AND `field` = 'sort' LIMIT 1 [ RunTime:0.001215s ]
[2023-04-01T21:18:08+08:00][sql] SELECT * FROM `tp_module` WHERE  `model_name` = 'Cate' LIMIT 1 [ RunTime:0.000577s ]
[2023-04-01T21:18:08+08:00][sql] SELECT `id` FROM `tp_module` WHERE  `model_name` = 'Cate' LIMIT 1 [ RunTime:0.000493s ]
[2023-04-01T21:18:08+08:00][sql] SELECT `field` FROM `tp_field` WHERE  ( field = 'pid' OR field = 'parent_id'  )  AND `module_id` = 20 LIMIT 1 [ RunTime:0.000613s ]
[2023-04-01T21:18:08+08:00][sql] SELECT `id`,`cate_name`,`parent_id` FROM `tp_cate` ORDER BY `sort` ASC,`id` DESC [ RunTime:0.000523s ]
[2023-04-01T21:18:08+08:00][sql] SELECT `id` FROM `tp_cate` WHERE  `module_id` = 23 [ RunTime:0.000433s ]
[2023-04-01T21:18:08+08:00][sql] SELECT * FROM `tp_module` WHERE  `model_name` = 'UsersType' LIMIT 1 [ RunTime:0.000574s ]
[2023-04-01T21:18:08+08:00][sql] SELECT * FROM `tp_field` WHERE  `module_id` = 6  AND `field` = 'sort' LIMIT 1 [ RunTime:0.000677s ]
[2023-04-01T21:18:08+08:00][sql] SELECT * FROM `tp_module` WHERE  `model_name` = 'UsersType' LIMIT 1 [ RunTime:0.000534s ]
[2023-04-01T21:18:08+08:00][sql] SELECT `id` FROM `tp_module` WHERE  `model_name` = 'UsersType' LIMIT 1 [ RunTime:0.000567s ]
[2023-04-01T21:18:08+08:00][sql] SELECT `field` FROM `tp_field` WHERE  ( field = 'pid' OR field = 'parent_id'  )  AND `module_id` = 6 LIMIT 1 [ RunTime:0.000841s ]
[2023-04-01T21:18:08+08:00][sql] SELECT `id`,`name` FROM `tp_users_type` ORDER BY `sort` ASC,`id` DESC [ RunTime:0.000464s ]
[2023-04-01T21:18:08+08:00][sql] SELECT * FROM `tp_field` WHERE  `module_id` = 23 [ RunTime:0.001669s ]
[2023-04-01T21:18:08+08:00][sql] SELECT * FROM `tp_module` WHERE  `id` = 23 [ RunTime:0.000487s ]
[2023-04-01T21:18:08+08:00][sql] SELECT * FROM `tp_dictionary_type` WHERE  `id` IN (0,1) [ RunTime:0.000453s ]
[2023-04-01T21:18:08+08:00][sql] SELECT * FROM `tp_field` WHERE  `module_id` = 23 [ RunTime:0.002282s ]
[2023-04-01T21:18:08+08:00][sql] SELECT * FROM `tp_module` WHERE  `id` = 23 [ RunTime:0.000716s ]
[2023-04-01T21:18:08+08:00][sql] SELECT * FROM `tp_dictionary_type` WHERE  `id` IN (0,1) [ RunTime:0.000628s ]
[2023-04-01T21:18:08+08:00][sql] SELECT * FROM `tp_field` WHERE  `module_id` = 23 [ RunTime:0.001680s ]
[2023-04-01T21:18:08+08:00][sql] SELECT * FROM `tp_module` WHERE  `id` = 23 [ RunTime:0.000632s ]
[2023-04-01T21:18:08+08:00][sql] SELECT * FROM `tp_dictionary_type` WHERE  `id` IN (0,1) [ RunTime:0.000567s ]
[2023-04-01T21:18:08+08:00][sql] SELECT * FROM `tp_cate` WHERE  `id` = 17 LIMIT 1 [ RunTime:0.000575s ]
[2023-04-01T21:18:08+08:00][sql] SHOW FULL COLUMNS FROM `tp_link` [ RunTime:0.011874s ]
[2023-04-01T21:18:08+08:00][sql] SELECT * FROM `tp_link` WHERE  `status` = 1 ORDER BY `sort` ASC,`id` DESC [ RunTime:0.000859s ]
