[2023-04-13T20:31:42+08:00][sql] CONNECT:[ UseTime:0.003254s ] mysql:host=127.0.0.1;port=3306;dbname=ztx;charset=utf8mb4
[2023-04-13T20:31:42+08:00][sql] SHOW FULL COLUMNS FROM `tp_system` [ RunTime:0.022065s ]
[2023-04-13T20:31:42+08:00][sql] SELECT * FROM `tp_system` WHERE  `id` = 1 LIMIT 1 [ RunTime:0.007558s ]
[2023-04-13T20:31:42+08:00][sql] SHOW FULL COLUMNS FROM `tp_cate` [ RunTime:0.012749s ]
[2023-04-13T20:31:42+08:00][sql] SELECT `id`,`cate_name`,`cate_folder`,`module_id` FROM `tp_cate` ORDER BY `sort` ASC,`id` ASC [ RunTime:0.000676s ]
[2023-04-13T20:31:42+08:00][sql] SHOW FULL COLUMNS FROM `tp_module` [ RunTime:0.010715s ]
[2023-04-13T20:31:42+08:00][sql] SELECT * FROM `tp_module` WHERE  `id` = 18 LIMIT 1 [ RunTime:0.000700s ]
[2023-04-13T20:31:42+08:00][sql] SELECT * FROM `tp_module` WHERE  `id` = 19 LIMIT 1 [ RunTime:0.000737s ]
[2023-04-13T20:31:42+08:00][sql] SELECT * FROM `tp_module` WHERE  `id` = 21 LIMIT 1 [ RunTime:0.000733s ]
[2023-04-13T20:31:42+08:00][sql] SELECT * FROM `tp_module` WHERE  `id` = 22 LIMIT 1 [ RunTime:0.000664s ]
[2023-04-13T20:31:42+08:00][sql] SELECT * FROM `tp_module` WHERE  `id` = 23 LIMIT 1 [ RunTime:0.000487s ]
[2023-04-13T20:31:42+08:00][sql] SELECT * FROM `tp_module` WHERE  `id` = 24 LIMIT 1 [ RunTime:0.000403s ]
[2023-04-13T20:31:42+08:00][sql] SELECT * FROM `tp_module` WHERE  `id` = 25 LIMIT 1 [ RunTime:0.000447s ]
[2023-04-13T20:31:42+08:00][sql] SELECT * FROM `tp_module` WHERE  `id` = 18 LIMIT 1 [ RunTime:0.000393s ]
[2023-04-13T20:31:42+08:00][sql] SELECT * FROM `tp_module` WHERE  `id` = 18 LIMIT 1 [ RunTime:0.000636s ]
[2023-04-13T20:31:42+08:00][sql] SELECT * FROM `tp_module` WHERE  `id` = 19 LIMIT 1 [ RunTime:0.000486s ]
[2023-04-13T20:31:42+08:00][sql] SELECT * FROM `tp_system` WHERE  `id` = 1 LIMIT 1 [ RunTime:0.000747s ]
[2023-04-13T20:31:42+08:00][sql] SELECT * FROM `tp_cate` WHERE  `is_menu` = 1 ORDER BY `sort` ASC,`id` DESC [ RunTime:0.001174s ]
[2023-04-13T20:31:42+08:00][sql] SELECT * FROM `tp_module` WHERE  `id` IN (18,19,21,22,23,24,25) [ RunTime:0.001484s ]
[2023-04-13T20:31:42+08:00][sql] SELECT * FROM `tp_cate` WHERE  `is_menu` = 1 ORDER BY `sort` ASC,`id` DESC [ RunTime:0.000673s ]
[2023-04-13T20:31:42+08:00][sql] SELECT * FROM `tp_module` WHERE  `id` IN (18,19,21,22,23,24,25) [ RunTime:0.000547s ]
[2023-04-13T20:31:42+08:00][sql] SHOW FULL COLUMNS FROM `tp_ad` [ RunTime:0.012951s ]
[2023-04-13T20:31:42+08:00][sql] SELECT * FROM `tp_ad` WHERE  `status` = 1  AND `type_id` = 1 ORDER BY `sort` ASC,`id` DESC [ RunTime:0.000642s ]
[2023-04-13T20:31:42+08:00][sql] SELECT * FROM `tp_ad` WHERE  `status` = 1  AND `type_id` = 1 ORDER BY `sort` ASC,`id` DESC [ RunTime:0.000721s ]
[2023-04-13T20:31:42+08:00][sql] SHOW FULL COLUMNS FROM `tp_debris` [ RunTime:0.009383s ]
[2023-04-13T20:31:42+08:00][sql] SELECT `content` FROM `tp_debris` WHERE  `name` = 'AboutUs'  AND `status` = 1 LIMIT 1 [ RunTime:0.001496s ]
[2023-04-13T20:31:42+08:00][sql] SELECT * FROM `tp_cate` WHERE  `id` = 6 LIMIT 1 [ RunTime:0.000501s ]
[2023-04-13T20:31:42+08:00][sql] SELECT * FROM `tp_module` WHERE  `id` = 19 [ RunTime:0.000418s ]
[2023-04-13T20:31:42+08:00][sql] SELECT * FROM `tp_cate` WHERE  `id` = 8 LIMIT 1 [ RunTime:0.000585s ]
[2023-04-13T20:31:42+08:00][sql] SELECT * FROM `tp_module` WHERE  `id` = 22 [ RunTime:0.000415s ]
[2023-04-13T20:31:42+08:00][sql] SELECT * FROM `tp_cate` WHERE  `id` = 8 LIMIT 1 [ RunTime:0.000449s ]
[2023-04-13T20:31:42+08:00][sql] SELECT * FROM `tp_module` WHERE  `id` = 22 [ RunTime:0.000416s ]
[2023-04-13T20:31:42+08:00][sql] SELECT * FROM `tp_cate` WHERE  `id` = 8 LIMIT 1 [ RunTime:0.000435s ]
[2023-04-13T20:31:42+08:00][sql] SELECT * FROM `tp_module` WHERE  `id` = 22 [ RunTime:0.000405s ]
[2023-04-13T20:31:42+08:00][sql] SELECT `id`,`parent_id` FROM `tp_cate` [ RunTime:0.000376s ]
[2023-04-13T20:31:42+08:00][sql] SHOW FULL COLUMNS FROM `tp_product` [ RunTime:0.009555s ]
[2023-04-13T20:31:42+08:00][sql] SELECT * FROM `tp_product` WHERE  (  status = 1  )  AND `cate_id` IN (8,9,10) ORDER BY `sort` ASC,`id` DESC LIMIT 4 [ RunTime:0.000982s ]
[2023-04-13T20:31:42+08:00][sql] SELECT * FROM `tp_cate` WHERE  `id` = 9 [ RunTime:0.000404s ]
[2023-04-13T20:31:42+08:00][sql] SELECT * FROM `tp_cate` WHERE  `id` = 9 [ RunTime:0.000392s ]
[2023-04-13T20:31:42+08:00][sql] SELECT * FROM `tp_module` WHERE  `id` = 22 [ RunTime:0.000378s ]
[2023-04-13T20:31:42+08:00][sql] SHOW FULL COLUMNS FROM `tp_field` [ RunTime:0.011325s ]
[2023-04-13T20:31:42+08:00][sql] SELECT * FROM `tp_field` WHERE  `module_id` = 22 [ RunTime:0.003319s ]
[2023-04-13T20:31:42+08:00][sql] SELECT * FROM `tp_module` WHERE  `id` = 22 [ RunTime:0.000512s ]
[2023-04-13T20:31:42+08:00][sql] SHOW FULL COLUMNS FROM `tp_dictionary_type` [ RunTime:0.009559s ]
[2023-04-13T20:31:42+08:00][sql] SELECT * FROM `tp_dictionary_type` WHERE  `id` IN (0,1) [ RunTime:0.000603s ]
[2023-04-13T20:31:42+08:00][sql] SHOW FULL COLUMNS FROM `tp_dictionary` [ RunTime:0.011172s ]
[2023-04-13T20:31:42+08:00][sql] SELECT `dict_value`,`dict_label` FROM `tp_dictionary` WHERE  `dict_type` = '1' ORDER BY `sort` ASC,`id` DESC [ RunTime:0.000600s ]
[2023-04-13T20:31:42+08:00][sql] SELECT * FROM `tp_module` WHERE  `model_name` = 'Cate' LIMIT 1 [ RunTime:0.000486s ]
[2023-04-13T20:31:42+08:00][sql] SELECT * FROM `tp_field` WHERE  `module_id` = 20  AND `field` = 'sort' LIMIT 1 [ RunTime:0.000857s ]
[2023-04-13T20:31:42+08:00][sql] SELECT * FROM `tp_module` WHERE  `model_name` = 'Cate' LIMIT 1 [ RunTime:0.000447s ]
[2023-04-13T20:31:42+08:00][sql] SELECT `id` FROM `tp_module` WHERE  `model_name` = 'Cate' LIMIT 1 [ RunTime:0.000401s ]
[2023-04-13T20:31:42+08:00][sql] SELECT `field` FROM `tp_field` WHERE  ( field = 'pid' OR field = 'parent_id'  )  AND `module_id` = 20 LIMIT 1 [ RunTime:0.000494s ]
[2023-04-13T20:31:42+08:00][sql] SELECT `id`,`cate_name`,`parent_id` FROM `tp_cate` ORDER BY `sort` ASC,`id` DESC [ RunTime:0.000450s ]
[2023-04-13T20:31:42+08:00][sql] SELECT `id` FROM `tp_cate` WHERE  `module_id` = 22 [ RunTime:0.000820s ]
[2023-04-13T20:31:42+08:00][sql] SELECT * FROM `tp_module` WHERE  `model_name` = 'UsersType' LIMIT 1 [ RunTime:0.000537s ]
[2023-04-13T20:31:42+08:00][sql] SELECT * FROM `tp_field` WHERE  `module_id` = 6  AND `field` = 'sort' LIMIT 1 [ RunTime:0.000900s ]
[2023-04-13T20:31:42+08:00][sql] SELECT * FROM `tp_module` WHERE  `model_name` = 'UsersType' LIMIT 1 [ RunTime:0.000722s ]
[2023-04-13T20:31:42+08:00][sql] SELECT `id` FROM `tp_module` WHERE  `model_name` = 'UsersType' LIMIT 1 [ RunTime:0.000506s ]
[2023-04-13T20:31:42+08:00][sql] SELECT `field` FROM `tp_field` WHERE  ( field = 'pid' OR field = 'parent_id'  )  AND `module_id` = 6 LIMIT 1 [ RunTime:0.000647s ]
[2023-04-13T20:31:42+08:00][sql] SHOW FULL COLUMNS FROM `tp_users_type` [ RunTime:0.008364s ]
[2023-04-13T20:31:42+08:00][sql] SELECT `id`,`name` FROM `tp_users_type` ORDER BY `sort` ASC,`id` DESC [ RunTime:0.000686s ]
[2023-04-13T20:31:42+08:00][sql] SELECT * FROM `tp_field` WHERE  `module_id` = 22 [ RunTime:0.002291s ]
[2023-04-13T20:31:42+08:00][sql] SELECT * FROM `tp_module` WHERE  `id` = 22 [ RunTime:0.000780s ]
[2023-04-13T20:31:42+08:00][sql] SELECT * FROM `tp_dictionary_type` WHERE  `id` IN (0,1) [ RunTime:0.000618s ]
[2023-04-13T20:31:42+08:00][sql] SELECT * FROM `tp_field` WHERE  `module_id` = 22 [ RunTime:0.001679s ]
[2023-04-13T20:31:42+08:00][sql] SELECT * FROM `tp_module` WHERE  `id` = 22 [ RunTime:0.000484s ]
[2023-04-13T20:31:42+08:00][sql] SELECT * FROM `tp_dictionary_type` WHERE  `id` IN (0,1) [ RunTime:0.000458s ]
[2023-04-13T20:31:42+08:00][sql] SELECT * FROM `tp_field` WHERE  `module_id` = 22 [ RunTime:0.001654s ]
[2023-04-13T20:31:42+08:00][sql] SELECT * FROM `tp_module` WHERE  `id` = 22 [ RunTime:0.001294s ]
[2023-04-13T20:31:42+08:00][sql] SELECT * FROM `tp_dictionary_type` WHERE  `id` IN (0,1) [ RunTime:0.000571s ]
[2023-04-13T20:31:42+08:00][sql] SELECT * FROM `tp_field` WHERE  `module_id` = 22 [ RunTime:0.001831s ]
[2023-04-13T20:31:42+08:00][sql] SELECT * FROM `tp_module` WHERE  `id` = 22 [ RunTime:0.000497s ]
[2023-04-13T20:31:42+08:00][sql] SELECT * FROM `tp_dictionary_type` WHERE  `id` IN (0,1) [ RunTime:0.000430s ]
[2023-04-13T20:31:42+08:00][sql] SELECT * FROM `tp_cate` WHERE  `id` = 4 LIMIT 1 [ RunTime:0.000522s ]
[2023-04-13T20:31:42+08:00][sql] SELECT * FROM `tp_module` WHERE  `id` = 19 [ RunTime:0.000470s ]
[2023-04-13T20:31:42+08:00][sql] SELECT * FROM `tp_cate` WHERE  `id` = 4 LIMIT 1 [ RunTime:0.000475s ]
[2023-04-13T20:31:42+08:00][sql] SELECT * FROM `tp_module` WHERE  `id` = 19 [ RunTime:0.000424s ]
[2023-04-13T20:31:42+08:00][sql] SELECT * FROM `tp_cate` WHERE  `id` = 4 LIMIT 1 [ RunTime:0.000439s ]
[2023-04-13T20:31:42+08:00][sql] SELECT * FROM `tp_module` WHERE  `id` = 19 [ RunTime:0.000773s ]
[2023-04-13T20:31:42+08:00][sql] SELECT `id`,`parent_id` FROM `tp_cate` [ RunTime:0.001050s ]
[2023-04-13T20:31:42+08:00][sql] SHOW FULL COLUMNS FROM `tp_article` [ RunTime:0.009818s ]
[2023-04-13T20:31:42+08:00][sql] SELECT * FROM `tp_article` WHERE  ( image <>'' AND status = 1  )  AND `cate_id` IN (4,5,6) ORDER BY `sort` ASC,`id` DESC LIMIT 4 [ RunTime:0.000895s ]
[2023-04-13T20:31:42+08:00][sql] SELECT * FROM `tp_cate` WHERE  `id` = 5 [ RunTime:0.000634s ]
[2023-04-13T20:31:42+08:00][sql] SELECT * FROM `tp_cate` WHERE  `id` = 5 [ RunTime:0.000522s ]
[2023-04-13T20:31:42+08:00][sql] SELECT * FROM `tp_module` WHERE  `id` = 19 [ RunTime:0.000892s ]
[2023-04-13T20:31:42+08:00][sql] SELECT * FROM `tp_field` WHERE  `module_id` = 19 [ RunTime:0.001732s ]
[2023-04-13T20:31:42+08:00][sql] SELECT * FROM `tp_module` WHERE  `id` = 19 [ RunTime:0.000785s ]
[2023-04-13T20:31:42+08:00][sql] SELECT * FROM `tp_dictionary_type` WHERE  `id` IN (0,1) [ RunTime:0.000610s ]
[2023-04-13T20:31:42+08:00][sql] SELECT `dict_value`,`dict_label` FROM `tp_dictionary` WHERE  `dict_type` = '1' ORDER BY `sort` ASC,`id` DESC [ RunTime:0.000516s ]
[2023-04-13T20:31:42+08:00][sql] SELECT * FROM `tp_module` WHERE  `model_name` = 'Cate' LIMIT 1 [ RunTime:0.000655s ]
[2023-04-13T20:31:42+08:00][sql] SELECT * FROM `tp_field` WHERE  `module_id` = 20  AND `field` = 'sort' LIMIT 1 [ RunTime:0.000869s ]
[2023-04-13T20:31:42+08:00][sql] SELECT * FROM `tp_module` WHERE  `model_name` = 'Cate' LIMIT 1 [ RunTime:0.000428s ]
[2023-04-13T20:31:42+08:00][sql] SELECT `id` FROM `tp_module` WHERE  `model_name` = 'Cate' LIMIT 1 [ RunTime:0.000341s ]
[2023-04-13T20:31:42+08:00][sql] SELECT `field` FROM `tp_field` WHERE  ( field = 'pid' OR field = 'parent_id'  )  AND `module_id` = 20 LIMIT 1 [ RunTime:0.000435s ]
[2023-04-13T20:31:42+08:00][sql] SELECT `id`,`cate_name`,`parent_id` FROM `tp_cate` ORDER BY `sort` ASC,`id` DESC [ RunTime:0.000365s ]
[2023-04-13T20:31:42+08:00][sql] SELECT `id` FROM `tp_cate` WHERE  `module_id` = 19 [ RunTime:0.000342s ]
[2023-04-13T20:31:42+08:00][sql] SELECT * FROM `tp_module` WHERE  `model_name` = 'UsersType' LIMIT 1 [ RunTime:0.000472s ]
[2023-04-13T20:31:42+08:00][sql] SELECT * FROM `tp_field` WHERE  `module_id` = 6  AND `field` = 'sort' LIMIT 1 [ RunTime:0.000549s ]
[2023-04-13T20:31:42+08:00][sql] SELECT * FROM `tp_module` WHERE  `model_name` = 'UsersType' LIMIT 1 [ RunTime:0.000413s ]
[2023-04-13T20:31:42+08:00][sql] SELECT `id` FROM `tp_module` WHERE  `model_name` = 'UsersType' LIMIT 1 [ RunTime:0.000338s ]
[2023-04-13T20:31:42+08:00][sql] SELECT `field` FROM `tp_field` WHERE  ( field = 'pid' OR field = 'parent_id'  )  AND `module_id` = 6 LIMIT 1 [ RunTime:0.000715s ]
[2023-04-13T20:31:42+08:00][sql] SELECT `id`,`name` FROM `tp_users_type` ORDER BY `sort` ASC,`id` DESC [ RunTime:0.000651s ]
[2023-04-13T20:31:42+08:00][sql] SELECT * FROM `tp_field` WHERE  `module_id` = 19 [ RunTime:0.001498s ]
[2023-04-13T20:31:42+08:00][sql] SELECT * FROM `tp_module` WHERE  `id` = 19 [ RunTime:0.000855s ]
[2023-04-13T20:31:42+08:00][sql] SELECT * FROM `tp_dictionary_type` WHERE  `id` IN (0,1) [ RunTime:0.000472s ]
[2023-04-13T20:31:42+08:00][sql] SELECT * FROM `tp_field` WHERE  `module_id` = 19 [ RunTime:0.001458s ]
[2023-04-13T20:31:42+08:00][sql] SELECT * FROM `tp_module` WHERE  `id` = 19 [ RunTime:0.000484s ]
[2023-04-13T20:31:42+08:00][sql] SELECT * FROM `tp_dictionary_type` WHERE  `id` IN (0,1) [ RunTime:0.000441s ]
[2023-04-13T20:31:42+08:00][sql] SELECT * FROM `tp_field` WHERE  `module_id` = 19 [ RunTime:0.001697s ]
[2023-04-13T20:31:42+08:00][sql] SELECT * FROM `tp_module` WHERE  `id` = 19 [ RunTime:0.000609s ]
[2023-04-13T20:31:42+08:00][sql] SELECT * FROM `tp_dictionary_type` WHERE  `id` IN (0,1) [ RunTime:0.000846s ]
[2023-04-13T20:31:42+08:00][sql] SELECT * FROM `tp_field` WHERE  `module_id` = 19 [ RunTime:0.001479s ]
[2023-04-13T20:31:42+08:00][sql] SELECT * FROM `tp_module` WHERE  `id` = 19 [ RunTime:0.000457s ]
[2023-04-13T20:31:42+08:00][sql] SELECT * FROM `tp_dictionary_type` WHERE  `id` IN (0,1) [ RunTime:0.000414s ]
[2023-04-13T20:31:42+08:00][sql] SELECT * FROM `tp_cate` WHERE  `id` = 7 LIMIT 1 [ RunTime:0.000540s ]
[2023-04-13T20:31:42+08:00][sql] SELECT * FROM `tp_module` WHERE  `id` = 21 [ RunTime:0.000481s ]
[2023-04-13T20:31:42+08:00][sql] SELECT * FROM `tp_cate` WHERE  `id` = 7 LIMIT 1 [ RunTime:0.000561s ]
[2023-04-13T20:31:42+08:00][sql] SELECT * FROM `tp_module` WHERE  `id` = 21 [ RunTime:0.000526s ]
[2023-04-13T20:31:42+08:00][sql] SELECT * FROM `tp_cate` WHERE  `id` = 7 LIMIT 1 [ RunTime:0.000484s ]
[2023-04-13T20:31:42+08:00][sql] SELECT * FROM `tp_module` WHERE  `id` = 21 [ RunTime:0.000416s ]
[2023-04-13T20:31:42+08:00][sql] SELECT `id`,`parent_id` FROM `tp_cate` [ RunTime:0.000331s ]
[2023-04-13T20:31:42+08:00][sql] SHOW FULL COLUMNS FROM `tp_picture` [ RunTime:0.009475s ]
[2023-04-13T20:31:42+08:00][sql] SELECT * FROM `tp_picture` WHERE  (  status = 1  )  AND `cate_id` = 7 ORDER BY `sort` ASC,`id` DESC LIMIT 3 [ RunTime:0.000750s ]
[2023-04-13T20:31:42+08:00][sql] SELECT * FROM `tp_cate` WHERE  `id` = 7 [ RunTime:0.000483s ]
[2023-04-13T20:31:42+08:00][sql] SELECT * FROM `tp_cate` WHERE  `id` = 7 [ RunTime:0.000384s ]
[2023-04-13T20:31:42+08:00][sql] SELECT * FROM `tp_module` WHERE  `id` = 21 [ RunTime:0.000386s ]
[2023-04-13T20:31:42+08:00][sql] SELECT * FROM `tp_field` WHERE  `module_id` = 21 [ RunTime:0.001137s ]
[2023-04-13T20:31:42+08:00][sql] SELECT * FROM `tp_module` WHERE  `id` = 21 [ RunTime:0.000402s ]
[2023-04-13T20:31:42+08:00][sql] SELECT * FROM `tp_dictionary_type` WHERE  `id` IN (0,1) [ RunTime:0.000517s ]
[2023-04-13T20:31:42+08:00][sql] SELECT `dict_value`,`dict_label` FROM `tp_dictionary` WHERE  `dict_type` = '1' ORDER BY `sort` ASC,`id` DESC [ RunTime:0.000905s ]
[2023-04-13T20:31:42+08:00][sql] SELECT * FROM `tp_module` WHERE  `model_name` = 'Cate' LIMIT 1 [ RunTime:0.000578s ]
[2023-04-13T20:31:42+08:00][sql] SELECT * FROM `tp_field` WHERE  `module_id` = 20  AND `field` = 'sort' LIMIT 1 [ RunTime:0.000996s ]
[2023-04-13T20:31:42+08:00][sql] SELECT * FROM `tp_module` WHERE  `model_name` = 'Cate' LIMIT 1 [ RunTime:0.000442s ]
[2023-04-13T20:31:42+08:00][sql] SELECT `id` FROM `tp_module` WHERE  `model_name` = 'Cate' LIMIT 1 [ RunTime:0.000338s ]
[2023-04-13T20:31:42+08:00][sql] SELECT `field` FROM `tp_field` WHERE  ( field = 'pid' OR field = 'parent_id'  )  AND `module_id` = 20 LIMIT 1 [ RunTime:0.000432s ]
[2023-04-13T20:31:42+08:00][sql] SELECT `id`,`cate_name`,`parent_id` FROM `tp_cate` ORDER BY `sort` ASC,`id` DESC [ RunTime:0.000379s ]
[2023-04-13T20:31:42+08:00][sql] SELECT `id` FROM `tp_cate` WHERE  `module_id` = 21 [ RunTime:0.000358s ]
[2023-04-13T20:31:42+08:00][sql] SELECT * FROM `tp_module` WHERE  `model_name` = 'UsersType' LIMIT 1 [ RunTime:0.000418s ]
[2023-04-13T20:31:42+08:00][sql] SELECT * FROM `tp_field` WHERE  `module_id` = 6  AND `field` = 'sort' LIMIT 1 [ RunTime:0.000534s ]
[2023-04-13T20:31:42+08:00][sql] SELECT * FROM `tp_module` WHERE  `model_name` = 'UsersType' LIMIT 1 [ RunTime:0.000571s ]
[2023-04-13T20:31:42+08:00][sql] SELECT `id` FROM `tp_module` WHERE  `model_name` = 'UsersType' LIMIT 1 [ RunTime:0.000439s ]
[2023-04-13T20:31:42+08:00][sql] SELECT `field` FROM `tp_field` WHERE  ( field = 'pid' OR field = 'parent_id'  )  AND `module_id` = 6 LIMIT 1 [ RunTime:0.000666s ]
[2023-04-13T20:31:42+08:00][sql] SELECT `id`,`name` FROM `tp_users_type` ORDER BY `sort` ASC,`id` DESC [ RunTime:0.000554s ]
[2023-04-13T20:31:42+08:00][sql] SELECT * FROM `tp_field` WHERE  `module_id` = 21 [ RunTime:0.001547s ]
[2023-04-13T20:31:42+08:00][sql] SELECT * FROM `tp_module` WHERE  `id` = 21 [ RunTime:0.000764s ]
[2023-04-13T20:31:42+08:00][sql] SELECT * FROM `tp_dictionary_type` WHERE  `id` IN (0,1) [ RunTime:0.000892s ]
[2023-04-13T20:31:42+08:00][sql] SELECT * FROM `tp_field` WHERE  `module_id` = 21 [ RunTime:0.001416s ]
[2023-04-13T20:31:42+08:00][sql] SELECT * FROM `tp_module` WHERE  `id` = 21 [ RunTime:0.000467s ]
[2023-04-13T20:31:42+08:00][sql] SELECT * FROM `tp_dictionary_type` WHERE  `id` IN (0,1) [ RunTime:0.000405s ]
[2023-04-13T20:31:42+08:00][sql] SELECT * FROM `tp_field` WHERE  `module_id` = 21 [ RunTime:0.001462s ]
[2023-04-13T20:31:42+08:00][sql] SELECT * FROM `tp_module` WHERE  `id` = 21 [ RunTime:0.000433s ]
[2023-04-13T20:31:42+08:00][sql] SELECT * FROM `tp_dictionary_type` WHERE  `id` IN (0,1) [ RunTime:0.000395s ]
[2023-04-13T20:31:42+08:00][sql] SELECT * FROM `tp_cate` WHERE  `id` = 12 LIMIT 1 [ RunTime:0.000719s ]
[2023-04-13T20:31:42+08:00][sql] SELECT * FROM `tp_module` WHERE  `id` = 24 [ RunTime:0.000618s ]
[2023-04-13T20:31:42+08:00][sql] SELECT `id`,`parent_id` FROM `tp_cate` [ RunTime:0.000470s ]
[2023-04-13T20:31:42+08:00][sql] SHOW FULL COLUMNS FROM `tp_team` [ RunTime:0.008613s ]
[2023-04-13T20:31:42+08:00][sql] SELECT * FROM `tp_team` WHERE  (  status = 1  )  AND `cate_id` = 12 ORDER BY `sort` ASC,`id` DESC LIMIT 6 [ RunTime:0.000735s ]
[2023-04-13T20:31:42+08:00][sql] SELECT * FROM `tp_cate` WHERE  `id` = 12 [ RunTime:0.000484s ]
[2023-04-13T20:31:42+08:00][sql] SELECT * FROM `tp_cate` WHERE  `id` = 12 [ RunTime:0.000802s ]
[2023-04-13T20:31:42+08:00][sql] SELECT * FROM `tp_module` WHERE  `id` = 24 [ RunTime:0.000879s ]
[2023-04-13T20:31:42+08:00][sql] SELECT * FROM `tp_field` WHERE  `module_id` = 24 [ RunTime:0.001392s ]
[2023-04-13T20:31:42+08:00][sql] SELECT * FROM `tp_module` WHERE  `id` = 24 [ RunTime:0.000760s ]
[2023-04-13T20:31:42+08:00][sql] SELECT * FROM `tp_dictionary_type` WHERE  `id` IN (0,1,10,4) [ RunTime:0.000449s ]
[2023-04-13T20:31:42+08:00][sql] SELECT `dict_value`,`dict_label` FROM `tp_dictionary` WHERE  `dict_type` = '1' ORDER BY `sort` ASC,`id` DESC [ RunTime:0.000505s ]
[2023-04-13T20:31:42+08:00][sql] SELECT * FROM `tp_module` WHERE  `model_name` = 'Cate' LIMIT 1 [ RunTime:0.000484s ]
[2023-04-13T20:31:42+08:00][sql] SELECT * FROM `tp_field` WHERE  `module_id` = 20  AND `field` = 'sort' LIMIT 1 [ RunTime:0.000848s ]
[2023-04-13T20:31:42+08:00][sql] SELECT * FROM `tp_module` WHERE  `model_name` = 'Cate' LIMIT 1 [ RunTime:0.000435s ]
[2023-04-13T20:31:42+08:00][sql] SELECT `id` FROM `tp_module` WHERE  `model_name` = 'Cate' LIMIT 1 [ RunTime:0.000341s ]
[2023-04-13T20:31:42+08:00][sql] SELECT `field` FROM `tp_field` WHERE  ( field = 'pid' OR field = 'parent_id'  )  AND `module_id` = 20 LIMIT 1 [ RunTime:0.000428s ]
[2023-04-13T20:31:42+08:00][sql] SELECT `id`,`cate_name`,`parent_id` FROM `tp_cate` ORDER BY `sort` ASC,`id` DESC [ RunTime:0.000393s ]
[2023-04-13T20:31:42+08:00][sql] SELECT `id` FROM `tp_cate` WHERE  `module_id` = 24 [ RunTime:0.000351s ]
[2023-04-13T20:31:42+08:00][sql] SELECT `dict_value`,`dict_label` FROM `tp_dictionary` WHERE  `dict_type` = '10' ORDER BY `sort` ASC,`id` DESC [ RunTime:0.000398s ]
[2023-04-13T20:31:42+08:00][sql] SELECT `dict_value`,`dict_label` FROM `tp_dictionary` WHERE  `dict_type` = '4' ORDER BY `sort` ASC,`id` DESC [ RunTime:0.000385s ]
[2023-04-13T20:31:42+08:00][sql] SELECT * FROM `tp_module` WHERE  `model_name` = 'UsersType' LIMIT 1 [ RunTime:0.000404s ]
[2023-04-13T20:31:42+08:00][sql] SELECT * FROM `tp_field` WHERE  `module_id` = 6  AND `field` = 'sort' LIMIT 1 [ RunTime:0.000515s ]
[2023-04-13T20:31:42+08:00][sql] SELECT * FROM `tp_module` WHERE  `model_name` = 'UsersType' LIMIT 1 [ RunTime:0.000921s ]
[2023-04-13T20:31:42+08:00][sql] SELECT `id` FROM `tp_module` WHERE  `model_name` = 'UsersType' LIMIT 1 [ RunTime:0.000970s ]
[2023-04-13T20:31:42+08:00][sql] SELECT `field` FROM `tp_field` WHERE  ( field = 'pid' OR field = 'parent_id'  )  AND `module_id` = 6 LIMIT 1 [ RunTime:0.000825s ]
[2023-04-13T20:31:42+08:00][sql] SELECT `id`,`name` FROM `tp_users_type` ORDER BY `sort` ASC,`id` DESC [ RunTime:0.000524s ]
[2023-04-13T20:31:42+08:00][sql] SELECT * FROM `tp_field` WHERE  `module_id` = 24 [ RunTime:0.001425s ]
[2023-04-13T20:31:42+08:00][sql] SELECT * FROM `tp_module` WHERE  `id` = 24 [ RunTime:0.000515s ]
[2023-04-13T20:31:42+08:00][sql] SELECT * FROM `tp_dictionary_type` WHERE  `id` IN (0,1,10,4) [ RunTime:0.000398s ]
[2023-04-13T20:31:42+08:00][sql] SELECT * FROM `tp_field` WHERE  `module_id` = 24 [ RunTime:0.001588s ]
[2023-04-13T20:31:42+08:00][sql] SELECT * FROM `tp_module` WHERE  `id` = 24 [ RunTime:0.000479s ]
[2023-04-13T20:31:42+08:00][sql] SELECT * FROM `tp_dictionary_type` WHERE  `id` IN (0,1,10,4) [ RunTime:0.000429s ]
[2023-04-13T20:31:42+08:00][sql] SELECT * FROM `tp_field` WHERE  `module_id` = 24 [ RunTime:0.002378s ]
[2023-04-13T20:31:42+08:00][sql] SELECT * FROM `tp_module` WHERE  `id` = 24 [ RunTime:0.000982s ]
[2023-04-13T20:31:42+08:00][sql] SELECT * FROM `tp_dictionary_type` WHERE  `id` IN (0,1,10,4) [ RunTime:0.000638s ]
[2023-04-13T20:31:42+08:00][sql] SELECT * FROM `tp_field` WHERE  `module_id` = 24 [ RunTime:0.001687s ]
[2023-04-13T20:31:42+08:00][sql] SELECT * FROM `tp_module` WHERE  `id` = 24 [ RunTime:0.000412s ]
[2023-04-13T20:31:42+08:00][sql] SELECT * FROM `tp_dictionary_type` WHERE  `id` IN (0,1,10,4) [ RunTime:0.000430s ]
[2023-04-13T20:31:42+08:00][sql] SELECT * FROM `tp_field` WHERE  `module_id` = 24 [ RunTime:0.001649s ]
[2023-04-13T20:31:42+08:00][sql] SELECT * FROM `tp_module` WHERE  `id` = 24 [ RunTime:0.000830s ]
[2023-04-13T20:31:42+08:00][sql] SELECT * FROM `tp_dictionary_type` WHERE  `id` IN (0,1,10,4) [ RunTime:0.000841s ]
[2023-04-13T20:31:42+08:00][sql] SELECT * FROM `tp_field` WHERE  `module_id` = 24 [ RunTime:0.002358s ]
[2023-04-13T20:31:42+08:00][sql] SELECT * FROM `tp_module` WHERE  `id` = 24 [ RunTime:0.000527s ]
[2023-04-13T20:31:42+08:00][sql] SELECT * FROM `tp_dictionary_type` WHERE  `id` IN (0,1,10,4) [ RunTime:0.000404s ]
[2023-04-13T20:31:42+08:00][sql] SELECT * FROM `tp_cate` WHERE  `id` = 12 LIMIT 1 [ RunTime:0.000474s ]
[2023-04-13T20:31:42+08:00][sql] SELECT * FROM `tp_module` WHERE  `id` = 24 [ RunTime:0.000443s ]
[2023-04-13T20:31:42+08:00][sql] SELECT `id`,`parent_id` FROM `tp_cate` [ RunTime:0.000387s ]
[2023-04-13T20:31:42+08:00][sql] SELECT * FROM `tp_team` WHERE  (  status = 1  )  AND `cate_id` = 12 ORDER BY `sort` ASC,`id` DESC LIMIT 6 [ RunTime:0.000594s ]
[2023-04-13T20:31:42+08:00][sql] SELECT * FROM `tp_cate` WHERE  `id` = 12 [ RunTime:0.000431s ]
[2023-04-13T20:31:42+08:00][sql] SELECT * FROM `tp_cate` WHERE  `id` = 12 [ RunTime:0.000410s ]
[2023-04-13T20:31:42+08:00][sql] SELECT * FROM `tp_module` WHERE  `id` = 24 [ RunTime:0.000373s ]
[2023-04-13T20:31:42+08:00][sql] SELECT * FROM `tp_field` WHERE  `module_id` = 24 [ RunTime:0.001700s ]
[2023-04-13T20:31:42+08:00][sql] SELECT * FROM `tp_module` WHERE  `id` = 24 [ RunTime:0.000616s ]
[2023-04-13T20:31:42+08:00][sql] SELECT * FROM `tp_dictionary_type` WHERE  `id` IN (0,1,10,4) [ RunTime:0.000760s ]
[2023-04-13T20:31:42+08:00][sql] SELECT `dict_value`,`dict_label` FROM `tp_dictionary` WHERE  `dict_type` = '1' ORDER BY `sort` ASC,`id` DESC [ RunTime:0.000704s ]
[2023-04-13T20:31:42+08:00][sql] SELECT * FROM `tp_module` WHERE  `model_name` = 'Cate' LIMIT 1 [ RunTime:0.000498s ]
[2023-04-13T20:31:42+08:00][sql] SELECT * FROM `tp_field` WHERE  `module_id` = 20  AND `field` = 'sort' LIMIT 1 [ RunTime:0.000879s ]
[2023-04-13T20:31:42+08:00][sql] SELECT * FROM `tp_module` WHERE  `model_name` = 'Cate' LIMIT 1 [ RunTime:0.000487s ]
[2023-04-13T20:31:42+08:00][sql] SELECT `id` FROM `tp_module` WHERE  `model_name` = 'Cate' LIMIT 1 [ RunTime:0.000343s ]
[2023-04-13T20:31:42+08:00][sql] SELECT `field` FROM `tp_field` WHERE  ( field = 'pid' OR field = 'parent_id'  )  AND `module_id` = 20 LIMIT 1 [ RunTime:0.000471s ]
[2023-04-13T20:31:42+08:00][sql] SELECT `id`,`cate_name`,`parent_id` FROM `tp_cate` ORDER BY `sort` ASC,`id` DESC [ RunTime:0.000376s ]
[2023-04-13T20:31:42+08:00][sql] SELECT `id` FROM `tp_cate` WHERE  `module_id` = 24 [ RunTime:0.000426s ]
[2023-04-13T20:31:42+08:00][sql] SELECT `dict_value`,`dict_label` FROM `tp_dictionary` WHERE  `dict_type` = '10' ORDER BY `sort` ASC,`id` DESC [ RunTime:0.000399s ]
[2023-04-13T20:31:42+08:00][sql] SELECT `dict_value`,`dict_label` FROM `tp_dictionary` WHERE  `dict_type` = '4' ORDER BY `sort` ASC,`id` DESC [ RunTime:0.000387s ]
[2023-04-13T20:31:42+08:00][sql] SELECT * FROM `tp_module` WHERE  `model_name` = 'UsersType' LIMIT 1 [ RunTime:0.000428s ]
[2023-04-13T20:31:42+08:00][sql] SELECT * FROM `tp_field` WHERE  `module_id` = 6  AND `field` = 'sort' LIMIT 1 [ RunTime:0.000541s ]
[2023-04-13T20:31:42+08:00][sql] SELECT * FROM `tp_module` WHERE  `model_name` = 'UsersType' LIMIT 1 [ RunTime:0.000748s ]
[2023-04-13T20:31:42+08:00][sql] SELECT `id` FROM `tp_module` WHERE  `model_name` = 'UsersType' LIMIT 1 [ RunTime:0.000867s ]
[2023-04-13T20:31:42+08:00][sql] SELECT `field` FROM `tp_field` WHERE  ( field = 'pid' OR field = 'parent_id'  )  AND `module_id` = 6 LIMIT 1 [ RunTime:0.000599s ]
[2023-04-13T20:31:42+08:00][sql] SELECT `id`,`name` FROM `tp_users_type` ORDER BY `sort` ASC,`id` DESC [ RunTime:0.000840s ]
[2023-04-13T20:31:42+08:00][sql] SELECT * FROM `tp_field` WHERE  `module_id` = 24 [ RunTime:0.001665s ]
[2023-04-13T20:31:42+08:00][sql] SELECT * FROM `tp_module` WHERE  `id` = 24 [ RunTime:0.000459s ]
[2023-04-13T20:31:42+08:00][sql] SELECT * FROM `tp_dictionary_type` WHERE  `id` IN (0,1,10,4) [ RunTime:0.000405s ]
[2023-04-13T20:31:42+08:00][sql] SELECT * FROM `tp_field` WHERE  `module_id` = 24 [ RunTime:0.001482s ]
[2023-04-13T20:31:42+08:00][sql] SELECT * FROM `tp_module` WHERE  `id` = 24 [ RunTime:0.000443s ]
[2023-04-13T20:31:42+08:00][sql] SELECT * FROM `tp_dictionary_type` WHERE  `id` IN (0,1,10,4) [ RunTime:0.000419s ]
[2023-04-13T20:31:42+08:00][sql] SELECT * FROM `tp_field` WHERE  `module_id` = 24 [ RunTime:0.002195s ]
[2023-04-13T20:31:42+08:00][sql] SELECT * FROM `tp_module` WHERE  `id` = 24 [ RunTime:0.000842s ]
[2023-04-13T20:31:42+08:00][sql] SELECT * FROM `tp_dictionary_type` WHERE  `id` IN (0,1,10,4) [ RunTime:0.000785s ]
[2023-04-13T20:31:42+08:00][sql] SELECT * FROM `tp_field` WHERE  `module_id` = 24 [ RunTime:0.001528s ]
[2023-04-13T20:31:42+08:00][sql] SELECT * FROM `tp_module` WHERE  `id` = 24 [ RunTime:0.000449s ]
[2023-04-13T20:31:42+08:00][sql] SELECT * FROM `tp_dictionary_type` WHERE  `id` IN (0,1,10,4) [ RunTime:0.000713s ]
[2023-04-13T20:31:42+08:00][sql] SELECT * FROM `tp_field` WHERE  `module_id` = 24 [ RunTime:0.001917s ]
[2023-04-13T20:31:42+08:00][sql] SELECT * FROM `tp_module` WHERE  `id` = 24 [ RunTime:0.000871s ]
[2023-04-13T20:31:42+08:00][sql] SELECT * FROM `tp_dictionary_type` WHERE  `id` IN (0,1,10,4) [ RunTime:0.000650s ]
[2023-04-13T20:31:42+08:00][sql] SELECT * FROM `tp_field` WHERE  `module_id` = 24 [ RunTime:0.001810s ]
[2023-04-13T20:31:42+08:00][sql] SELECT * FROM `tp_module` WHERE  `id` = 24 [ RunTime:0.000551s ]
[2023-04-13T20:31:42+08:00][sql] SELECT * FROM `tp_dictionary_type` WHERE  `id` IN (0,1,10,4) [ RunTime:0.000461s ]
[2023-04-13T20:31:42+08:00][sql] SELECT * FROM `tp_cate` WHERE  `id` = 11 LIMIT 1 [ RunTime:0.000491s ]
[2023-04-13T20:31:42+08:00][sql] SELECT * FROM `tp_module` WHERE  `id` = 23 [ RunTime:0.000386s ]
[2023-04-13T20:31:42+08:00][sql] SELECT * FROM `tp_cate` WHERE  `id` = 11 LIMIT 1 [ RunTime:0.000508s ]
[2023-04-13T20:31:42+08:00][sql] SELECT * FROM `tp_module` WHERE  `id` = 23 [ RunTime:0.000438s ]
[2023-04-13T20:31:42+08:00][sql] SELECT * FROM `tp_cate` WHERE  `id` = 11 LIMIT 1 [ RunTime:0.001158s ]
[2023-04-13T20:31:42+08:00][sql] SELECT * FROM `tp_module` WHERE  `id` = 23 [ RunTime:0.000729s ]
[2023-04-13T20:31:42+08:00][sql] SELECT `id`,`parent_id` FROM `tp_cate` [ RunTime:0.000599s ]
[2023-04-13T20:31:42+08:00][sql] SHOW FULL COLUMNS FROM `tp_download` [ RunTime:0.009397s ]
[2023-04-13T20:31:42+08:00][sql] SELECT * FROM `tp_download` WHERE  (  status = 1  )  AND `cate_id` = 11 ORDER BY `sort` ASC,`id` DESC LIMIT 3 [ RunTime:0.000716s ]
[2023-04-13T20:31:42+08:00][sql] SELECT * FROM `tp_cate` WHERE  `id` = 11 [ RunTime:0.000467s ]
[2023-04-13T20:31:42+08:00][sql] SELECT * FROM `tp_cate` WHERE  `id` = 11 [ RunTime:0.000836s ]
[2023-04-13T20:31:42+08:00][sql] SELECT * FROM `tp_module` WHERE  `id` = 23 [ RunTime:0.001045s ]
[2023-04-13T20:31:42+08:00][sql] SELECT * FROM `tp_field` WHERE  `module_id` = 23 [ RunTime:0.001285s ]
[2023-04-13T20:31:42+08:00][sql] SELECT * FROM `tp_module` WHERE  `id` = 23 [ RunTime:0.000422s ]
[2023-04-13T20:31:42+08:00][sql] SELECT * FROM `tp_dictionary_type` WHERE  `id` IN (0,1) [ RunTime:0.000411s ]
[2023-04-13T20:31:42+08:00][sql] SELECT `dict_value`,`dict_label` FROM `tp_dictionary` WHERE  `dict_type` = '1' ORDER BY `sort` ASC,`id` DESC [ RunTime:0.000428s ]
[2023-04-13T20:31:42+08:00][sql] SELECT * FROM `tp_module` WHERE  `model_name` = 'Cate' LIMIT 1 [ RunTime:0.000498s ]
[2023-04-13T20:31:42+08:00][sql] SELECT * FROM `tp_field` WHERE  `module_id` = 20  AND `field` = 'sort' LIMIT 1 [ RunTime:0.001061s ]
[2023-04-13T20:31:42+08:00][sql] SELECT * FROM `tp_module` WHERE  `model_name` = 'Cate' LIMIT 1 [ RunTime:0.000412s ]
[2023-04-13T20:31:42+08:00][sql] SELECT `id` FROM `tp_module` WHERE  `model_name` = 'Cate' LIMIT 1 [ RunTime:0.000334s ]
[2023-04-13T20:31:42+08:00][sql] SELECT `field` FROM `tp_field` WHERE  ( field = 'pid' OR field = 'parent_id'  )  AND `module_id` = 20 LIMIT 1 [ RunTime:0.000431s ]
[2023-04-13T20:31:42+08:00][sql] SELECT `id`,`cate_name`,`parent_id` FROM `tp_cate` ORDER BY `sort` ASC,`id` DESC [ RunTime:0.000377s ]
[2023-04-13T20:31:42+08:00][sql] SELECT `id` FROM `tp_cate` WHERE  `module_id` = 23 [ RunTime:0.000360s ]
[2023-04-13T20:31:42+08:00][sql] SELECT * FROM `tp_module` WHERE  `model_name` = 'UsersType' LIMIT 1 [ RunTime:0.000410s ]
[2023-04-13T20:31:42+08:00][sql] SELECT * FROM `tp_field` WHERE  `module_id` = 6  AND `field` = 'sort' LIMIT 1 [ RunTime:0.000523s ]
[2023-04-13T20:31:42+08:00][sql] SELECT * FROM `tp_module` WHERE  `model_name` = 'UsersType' LIMIT 1 [ RunTime:0.000401s ]
[2023-04-13T20:31:42+08:00][sql] SELECT `id` FROM `tp_module` WHERE  `model_name` = 'UsersType' LIMIT 1 [ RunTime:0.000337s ]
[2023-04-13T20:31:42+08:00][sql] SELECT `field` FROM `tp_field` WHERE  ( field = 'pid' OR field = 'parent_id'  )  AND `module_id` = 6 LIMIT 1 [ RunTime:0.000545s ]
[2023-04-13T20:31:42+08:00][sql] SELECT `id`,`name` FROM `tp_users_type` ORDER BY `sort` ASC,`id` DESC [ RunTime:0.000756s ]
[2023-04-13T20:31:42+08:00][sql] SELECT * FROM `tp_field` WHERE  `module_id` = 23 [ RunTime:0.001456s ]
[2023-04-13T20:31:42+08:00][sql] SELECT * FROM `tp_module` WHERE  `id` = 23 [ RunTime:0.000443s ]
[2023-04-13T20:31:42+08:00][sql] SELECT * FROM `tp_dictionary_type` WHERE  `id` IN (0,1) [ RunTime:0.000414s ]
[2023-04-13T20:31:42+08:00][sql] SELECT * FROM `tp_field` WHERE  `module_id` = 23 [ RunTime:0.001554s ]
[2023-04-13T20:31:42+08:00][sql] SELECT * FROM `tp_module` WHERE  `id` = 23 [ RunTime:0.000431s ]
[2023-04-13T20:31:42+08:00][sql] SELECT * FROM `tp_dictionary_type` WHERE  `id` IN (0,1) [ RunTime:0.000419s ]
[2023-04-13T20:31:42+08:00][sql] SELECT * FROM `tp_field` WHERE  `module_id` = 23 [ RunTime:0.001612s ]
[2023-04-13T20:31:42+08:00][sql] SELECT * FROM `tp_module` WHERE  `id` = 23 [ RunTime:0.000634s ]
[2023-04-13T20:31:42+08:00][sql] SELECT * FROM `tp_dictionary_type` WHERE  `id` IN (0,1) [ RunTime:0.000492s ]
[2023-04-13T20:31:42+08:00][sql] SELECT * FROM `tp_cate` WHERE  `id` = 17 LIMIT 1 [ RunTime:0.000656s ]
[2023-04-13T20:31:42+08:00][sql] SHOW FULL COLUMNS FROM `tp_link` [ RunTime:0.008347s ]
[2023-04-13T20:31:42+08:00][sql] SELECT * FROM `tp_link` WHERE  `status` = 1 ORDER BY `sort` ASC,`id` DESC [ RunTime:0.000654s ]
