[2023-04-20T09:49:40+08:00][sql] CONNECT:[ UseTime:0.050443s ] mysql:host=127.0.0.1;port=3306;dbname=ztx;charset=utf8mb4
[2023-04-20T09:49:40+08:00][sql] SHOW FULL COLUMNS FROM `tp_system` [ RunTime:0.067193s ]
[2023-04-20T09:49:40+08:00][sql] SELECT * FROM `tp_system` WHERE  `id` = 1 LIMIT 1 [ RunTime:0.015997s ]
[2023-04-20T09:49:40+08:00][sql] SHOW FULL COLUMNS FROM `tp_cate` [ RunTime:0.016528s ]
[2023-04-20T09:49:40+08:00][sql] SELECT `id`,`cate_name`,`cate_folder`,`module_id` FROM `tp_cate` ORDER BY `sort` ASC,`id` ASC [ RunTime:0.001990s ]
[2023-04-20T09:49:40+08:00][sql] SHOW FULL COLUMNS FROM `tp_module` [ RunTime:0.013415s ]
[2023-04-20T09:49:40+08:00][sql] SELECT * FROM `tp_module` WHERE  `id` = 18 LIMIT 1 [ RunTime:0.001393s ]
[2023-04-20T09:49:40+08:00][sql] SELECT * FROM `tp_module` WHERE  `id` = 19 LIMIT 1 [ RunTime:0.001348s ]
[2023-04-20T09:49:40+08:00][sql] SELECT * FROM `tp_module` WHERE  `id` = 21 LIMIT 1 [ RunTime:0.000858s ]
[2023-04-20T09:49:40+08:00][sql] SELECT * FROM `tp_module` WHERE  `id` = 22 LIMIT 1 [ RunTime:0.001271s ]
[2023-04-20T09:49:40+08:00][sql] SELECT * FROM `tp_module` WHERE  `id` = 23 LIMIT 1 [ RunTime:0.000920s ]
[2023-04-20T09:49:40+08:00][sql] SELECT * FROM `tp_module` WHERE  `id` = 24 LIMIT 1 [ RunTime:0.000710s ]
[2023-04-20T09:49:40+08:00][sql] SELECT * FROM `tp_module` WHERE  `id` = 25 LIMIT 1 [ RunTime:0.001013s ]
[2023-04-20T09:49:40+08:00][sql] SELECT * FROM `tp_module` WHERE  `id` = 18 LIMIT 1 [ RunTime:0.001533s ]
[2023-04-20T09:49:40+08:00][sql] SELECT * FROM `tp_module` WHERE  `id` = 18 LIMIT 1 [ RunTime:0.000729s ]
[2023-04-20T09:49:40+08:00][sql] SELECT * FROM `tp_module` WHERE  `id` = 19 LIMIT 1 [ RunTime:0.000583s ]
[2023-04-20T09:49:40+08:00][sql] SELECT * FROM `tp_module` WHERE  `id` = 21 LIMIT 1 [ RunTime:0.000618s ]
[2023-04-20T09:49:40+08:00][sql] SELECT * FROM `tp_system` WHERE  `id` = 1 LIMIT 1 [ RunTime:0.000755s ]
[2023-04-20T09:49:40+08:00][sql] SELECT * FROM `tp_cate` WHERE  `is_menu` = 1 ORDER BY `sort` ASC,`id` DESC [ RunTime:0.001259s ]
[2023-04-20T09:49:40+08:00][sql] SELECT * FROM `tp_module` WHERE  `id` IN (18,19,21,22,23,24,25) [ RunTime:0.001709s ]
[2023-04-20T09:49:40+08:00][sql] SELECT * FROM `tp_cate` WHERE  `is_menu` = 1 ORDER BY `sort` ASC,`id` DESC [ RunTime:0.000782s ]
[2023-04-20T09:49:40+08:00][sql] SELECT * FROM `tp_module` WHERE  `id` IN (18,19,21,22,23,24,25) [ RunTime:0.000701s ]
[2023-04-20T09:49:40+08:00][sql] SHOW FULL COLUMNS FROM `tp_ad` [ RunTime:0.015473s ]
[2023-04-20T09:49:40+08:00][sql] SELECT * FROM `tp_ad` WHERE  `status` = 1  AND `type_id` = 1 ORDER BY `sort` ASC,`id` DESC [ RunTime:0.001250s ]
[2023-04-20T09:49:40+08:00][sql] SELECT * FROM `tp_ad` WHERE  `status` = 1  AND `type_id` = 1 ORDER BY `sort` ASC,`id` DESC [ RunTime:0.000892s ]
[2023-04-20T09:49:40+08:00][sql] SHOW FULL COLUMNS FROM `tp_debris` [ RunTime:0.016981s ]
[2023-04-20T09:49:40+08:00][sql] SELECT `content` FROM `tp_debris` WHERE  `name` = 'AboutUs'  AND `status` = 1 LIMIT 1 [ RunTime:0.002600s ]
[2023-04-20T09:49:40+08:00][sql] SELECT * FROM `tp_cate` WHERE  `id` = 6 LIMIT 1 [ RunTime:0.000738s ]
[2023-04-20T09:49:40+08:00][sql] SELECT * FROM `tp_module` WHERE  `id` = 19 [ RunTime:0.000575s ]
[2023-04-20T09:49:40+08:00][sql] SELECT * FROM `tp_cate` WHERE  `id` = 8 LIMIT 1 [ RunTime:0.001638s ]
[2023-04-20T09:49:40+08:00][sql] SELECT * FROM `tp_module` WHERE  `id` = 22 [ RunTime:0.000616s ]
[2023-04-20T09:49:40+08:00][sql] SELECT * FROM `tp_cate` WHERE  `id` = 8 LIMIT 1 [ RunTime:0.000594s ]
[2023-04-20T09:49:40+08:00][sql] SELECT * FROM `tp_module` WHERE  `id` = 22 [ RunTime:0.000612s ]
[2023-04-20T09:49:40+08:00][sql] SELECT * FROM `tp_cate` WHERE  `id` = 8 LIMIT 1 [ RunTime:0.000801s ]
[2023-04-20T09:49:40+08:00][sql] SELECT * FROM `tp_module` WHERE  `id` = 22 [ RunTime:0.000935s ]
[2023-04-20T09:49:40+08:00][sql] SELECT `id`,`parent_id` FROM `tp_cate` [ RunTime:0.000585s ]
[2023-04-20T09:49:40+08:00][sql] SHOW FULL COLUMNS FROM `tp_product` [ RunTime:0.012856s ]
[2023-04-20T09:49:40+08:00][sql] SELECT * FROM `tp_product` WHERE  (  status = 1  )  AND `cate_id` IN (8,9,10) ORDER BY `sort` ASC,`id` DESC LIMIT 4 [ RunTime:0.001391s ]
[2023-04-20T09:49:40+08:00][sql] SELECT * FROM `tp_cate` WHERE  `id` = 9 [ RunTime:0.000616s ]
[2023-04-20T09:49:40+08:00][sql] SELECT * FROM `tp_cate` WHERE  `id` = 9 [ RunTime:0.000632s ]
[2023-04-20T09:49:40+08:00][sql] SELECT * FROM `tp_module` WHERE  `id` = 22 [ RunTime:0.000776s ]
[2023-04-20T09:49:40+08:00][sql] SHOW FULL COLUMNS FROM `tp_field` [ RunTime:0.012237s ]
[2023-04-20T09:49:40+08:00][sql] SELECT * FROM `tp_field` WHERE  `module_id` = 22 [ RunTime:0.002624s ]
[2023-04-20T09:49:40+08:00][sql] SELECT * FROM `tp_module` WHERE  `id` = 22 [ RunTime:0.000802s ]
[2023-04-20T09:49:40+08:00][sql] SHOW FULL COLUMNS FROM `tp_dictionary_type` [ RunTime:0.010964s ]
[2023-04-20T09:49:40+08:00][sql] SELECT * FROM `tp_dictionary_type` WHERE  `id` IN (0,1) [ RunTime:0.000789s ]
[2023-04-20T09:49:40+08:00][sql] SHOW FULL COLUMNS FROM `tp_dictionary` [ RunTime:0.017783s ]
[2023-04-20T09:49:40+08:00][sql] SELECT `dict_value`,`dict_label` FROM `tp_dictionary` WHERE  `dict_type` = '1' ORDER BY `sort` ASC,`id` DESC [ RunTime:0.001337s ]
[2023-04-20T09:49:40+08:00][sql] SELECT * FROM `tp_module` WHERE  `model_name` = 'Cate' LIMIT 1 [ RunTime:0.000906s ]
[2023-04-20T09:49:40+08:00][sql] SELECT * FROM `tp_field` WHERE  `module_id` = 20  AND `field` = 'sort' LIMIT 1 [ RunTime:0.001429s ]
[2023-04-20T09:49:40+08:00][sql] SELECT * FROM `tp_module` WHERE  `model_name` = 'Cate' LIMIT 1 [ RunTime:0.000938s ]
[2023-04-20T09:49:40+08:00][sql] SELECT `id` FROM `tp_module` WHERE  `model_name` = 'Cate' LIMIT 1 [ RunTime:0.000656s ]
[2023-04-20T09:49:40+08:00][sql] SELECT `field` FROM `tp_field` WHERE  ( field = 'pid' OR field = 'parent_id'  )  AND `module_id` = 20 LIMIT 1 [ RunTime:0.000778s ]
[2023-04-20T09:49:40+08:00][sql] SELECT `id`,`cate_name`,`parent_id` FROM `tp_cate` ORDER BY `sort` ASC,`id` DESC [ RunTime:0.000590s ]
[2023-04-20T09:49:40+08:00][sql] SELECT `id` FROM `tp_cate` WHERE  `module_id` = 22 [ RunTime:0.000561s ]
[2023-04-20T09:49:40+08:00][sql] SELECT * FROM `tp_module` WHERE  `model_name` = 'UsersType' LIMIT 1 [ RunTime:0.000583s ]
[2023-04-20T09:49:40+08:00][sql] SELECT * FROM `tp_field` WHERE  `module_id` = 6  AND `field` = 'sort' LIMIT 1 [ RunTime:0.000751s ]
[2023-04-20T09:49:40+08:00][sql] SELECT * FROM `tp_module` WHERE  `model_name` = 'UsersType' LIMIT 1 [ RunTime:0.000602s ]
[2023-04-20T09:49:40+08:00][sql] SELECT `id` FROM `tp_module` WHERE  `model_name` = 'UsersType' LIMIT 1 [ RunTime:0.000594s ]
[2023-04-20T09:49:40+08:00][sql] SELECT `field` FROM `tp_field` WHERE  ( field = 'pid' OR field = 'parent_id'  )  AND `module_id` = 6 LIMIT 1 [ RunTime:0.000710s ]
[2023-04-20T09:49:40+08:00][sql] SHOW FULL COLUMNS FROM `tp_users_type` [ RunTime:0.010334s ]
[2023-04-20T09:49:40+08:00][sql] SELECT `id`,`name` FROM `tp_users_type` ORDER BY `sort` ASC,`id` DESC [ RunTime:0.000859s ]
[2023-04-20T09:49:40+08:00][sql] SELECT * FROM `tp_field` WHERE  `module_id` = 22 [ RunTime:0.001236s ]
[2023-04-20T09:49:40+08:00][sql] SELECT * FROM `tp_module` WHERE  `id` = 22 [ RunTime:0.000506s ]
[2023-04-20T09:49:40+08:00][sql] SELECT * FROM `tp_dictionary_type` WHERE  `id` IN (0,1) [ RunTime:0.000503s ]
[2023-04-20T09:49:40+08:00][sql] SELECT * FROM `tp_field` WHERE  `module_id` = 22 [ RunTime:0.002261s ]
[2023-04-20T09:49:40+08:00][sql] SELECT * FROM `tp_module` WHERE  `id` = 22 [ RunTime:0.000635s ]
[2023-04-20T09:49:40+08:00][sql] SELECT * FROM `tp_dictionary_type` WHERE  `id` IN (0,1) [ RunTime:0.000541s ]
[2023-04-20T09:49:40+08:00][sql] SELECT * FROM `tp_field` WHERE  `module_id` = 22 [ RunTime:0.001871s ]
[2023-04-20T09:49:40+08:00][sql] SELECT * FROM `tp_module` WHERE  `id` = 22 [ RunTime:0.000591s ]
[2023-04-20T09:49:40+08:00][sql] SELECT * FROM `tp_dictionary_type` WHERE  `id` IN (0,1) [ RunTime:0.000550s ]
[2023-04-20T09:49:40+08:00][sql] SELECT * FROM `tp_field` WHERE  `module_id` = 22 [ RunTime:0.002004s ]
[2023-04-20T09:49:40+08:00][sql] SELECT * FROM `tp_module` WHERE  `id` = 22 [ RunTime:0.000681s ]
[2023-04-20T09:49:40+08:00][sql] SELECT * FROM `tp_dictionary_type` WHERE  `id` IN (0,1) [ RunTime:0.000814s ]
[2023-04-20T09:49:40+08:00][sql] SELECT * FROM `tp_cate` WHERE  `id` = 4 LIMIT 1 [ RunTime:0.000786s ]
[2023-04-20T09:49:40+08:00][sql] SELECT * FROM `tp_module` WHERE  `id` = 19 [ RunTime:0.000552s ]
[2023-04-20T09:49:40+08:00][sql] SELECT * FROM `tp_cate` WHERE  `id` = 4 LIMIT 1 [ RunTime:0.000488s ]
[2023-04-20T09:49:40+08:00][sql] SELECT * FROM `tp_module` WHERE  `id` = 19 [ RunTime:0.000485s ]
[2023-04-20T09:49:40+08:00][sql] SELECT * FROM `tp_cate` WHERE  `id` = 4 LIMIT 1 [ RunTime:0.000486s ]
[2023-04-20T09:49:40+08:00][sql] SELECT * FROM `tp_module` WHERE  `id` = 19 [ RunTime:0.000476s ]
[2023-04-20T09:49:40+08:00][sql] SELECT `id`,`parent_id` FROM `tp_cate` [ RunTime:0.000428s ]
[2023-04-20T09:49:40+08:00][sql] SHOW FULL COLUMNS FROM `tp_article` [ RunTime:0.019998s ]
[2023-04-20T09:49:40+08:00][sql] SELECT * FROM `tp_article` WHERE  ( image <>'' AND status = 1  )  AND `cate_id` IN (4,5,6) ORDER BY `sort` ASC,`id` DESC LIMIT 4 [ RunTime:0.002502s ]
[2023-04-20T09:49:40+08:00][sql] SELECT * FROM `tp_cate` WHERE  `id` = 5 [ RunTime:0.000701s ]
[2023-04-20T09:49:40+08:00][sql] SELECT * FROM `tp_cate` WHERE  `id` = 5 [ RunTime:0.000563s ]
[2023-04-20T09:49:40+08:00][sql] SELECT * FROM `tp_module` WHERE  `id` = 19 [ RunTime:0.000617s ]
[2023-04-20T09:49:40+08:00][sql] SELECT * FROM `tp_field` WHERE  `module_id` = 19 [ RunTime:0.001707s ]
[2023-04-20T09:49:40+08:00][sql] SELECT * FROM `tp_module` WHERE  `id` = 19 [ RunTime:0.000491s ]
[2023-04-20T09:49:40+08:00][sql] SELECT * FROM `tp_dictionary_type` WHERE  `id` IN (0,1) [ RunTime:0.000481s ]
[2023-04-20T09:49:40+08:00][sql] SELECT `dict_value`,`dict_label` FROM `tp_dictionary` WHERE  `dict_type` = '1' ORDER BY `sort` ASC,`id` DESC [ RunTime:0.000579s ]
[2023-04-20T09:49:40+08:00][sql] SELECT * FROM `tp_module` WHERE  `model_name` = 'Cate' LIMIT 1 [ RunTime:0.000506s ]
[2023-04-20T09:49:40+08:00][sql] SELECT * FROM `tp_field` WHERE  `module_id` = 20  AND `field` = 'sort' LIMIT 1 [ RunTime:0.001020s ]
[2023-04-20T09:49:40+08:00][sql] SELECT * FROM `tp_module` WHERE  `model_name` = 'Cate' LIMIT 1 [ RunTime:0.000529s ]
[2023-04-20T09:49:40+08:00][sql] SELECT `id` FROM `tp_module` WHERE  `model_name` = 'Cate' LIMIT 1 [ RunTime:0.000543s ]
[2023-04-20T09:49:40+08:00][sql] SELECT `field` FROM `tp_field` WHERE  ( field = 'pid' OR field = 'parent_id'  )  AND `module_id` = 20 LIMIT 1 [ RunTime:0.000783s ]
[2023-04-20T09:49:40+08:00][sql] SELECT `id`,`cate_name`,`parent_id` FROM `tp_cate` ORDER BY `sort` ASC,`id` DESC [ RunTime:0.000680s ]
[2023-04-20T09:49:40+08:00][sql] SELECT `id` FROM `tp_cate` WHERE  `module_id` = 19 [ RunTime:0.000566s ]
[2023-04-20T09:49:40+08:00][sql] SELECT * FROM `tp_module` WHERE  `model_name` = 'UsersType' LIMIT 1 [ RunTime:0.000490s ]
[2023-04-20T09:49:40+08:00][sql] SELECT * FROM `tp_field` WHERE  `module_id` = 6  AND `field` = 'sort' LIMIT 1 [ RunTime:0.000569s ]
[2023-04-20T09:49:40+08:00][sql] SELECT * FROM `tp_module` WHERE  `model_name` = 'UsersType' LIMIT 1 [ RunTime:0.000464s ]
[2023-04-20T09:49:40+08:00][sql] SELECT `id` FROM `tp_module` WHERE  `model_name` = 'UsersType' LIMIT 1 [ RunTime:0.000396s ]
[2023-04-20T09:49:40+08:00][sql] SELECT `field` FROM `tp_field` WHERE  ( field = 'pid' OR field = 'parent_id'  )  AND `module_id` = 6 LIMIT 1 [ RunTime:0.000581s ]
[2023-04-20T09:49:40+08:00][sql] SELECT `id`,`name` FROM `tp_users_type` ORDER BY `sort` ASC,`id` DESC [ RunTime:0.000434s ]
[2023-04-20T09:49:40+08:00][sql] SELECT * FROM `tp_field` WHERE  `module_id` = 19 [ RunTime:0.001354s ]
[2023-04-20T09:49:40+08:00][sql] SELECT * FROM `tp_module` WHERE  `id` = 19 [ RunTime:0.000675s ]
[2023-04-20T09:49:40+08:00][sql] SELECT * FROM `tp_dictionary_type` WHERE  `id` IN (0,1) [ RunTime:0.000520s ]
[2023-04-20T09:49:40+08:00][sql] SELECT * FROM `tp_field` WHERE  `module_id` = 19 [ RunTime:0.001780s ]
[2023-04-20T09:49:40+08:00][sql] SELECT * FROM `tp_module` WHERE  `id` = 19 [ RunTime:0.000582s ]
[2023-04-20T09:49:40+08:00][sql] SELECT * FROM `tp_dictionary_type` WHERE  `id` IN (0,1) [ RunTime:0.000603s ]
[2023-04-20T09:49:40+08:00][sql] SELECT * FROM `tp_field` WHERE  `module_id` = 19 [ RunTime:0.001797s ]
[2023-04-20T09:49:40+08:00][sql] SELECT * FROM `tp_module` WHERE  `id` = 19 [ RunTime:0.000598s ]
[2023-04-20T09:49:40+08:00][sql] SELECT * FROM `tp_dictionary_type` WHERE  `id` IN (0,1) [ RunTime:0.000814s ]
[2023-04-20T09:49:40+08:00][sql] SELECT * FROM `tp_field` WHERE  `module_id` = 19 [ RunTime:0.001556s ]
[2023-04-20T09:49:40+08:00][sql] SELECT * FROM `tp_module` WHERE  `id` = 19 [ RunTime:0.000477s ]
[2023-04-20T09:49:40+08:00][sql] SELECT * FROM `tp_dictionary_type` WHERE  `id` IN (0,1) [ RunTime:0.000466s ]
[2023-04-20T09:49:40+08:00][sql] SELECT * FROM `tp_cate` WHERE  `id` = 7 LIMIT 1 [ RunTime:0.000854s ]
[2023-04-20T09:49:40+08:00][sql] SELECT * FROM `tp_module` WHERE  `id` = 21 [ RunTime:0.000565s ]
[2023-04-20T09:49:40+08:00][sql] SELECT * FROM `tp_cate` WHERE  `id` = 7 LIMIT 1 [ RunTime:0.000548s ]
[2023-04-20T09:49:40+08:00][sql] SELECT * FROM `tp_module` WHERE  `id` = 21 [ RunTime:0.000507s ]
[2023-04-20T09:49:40+08:00][sql] SELECT * FROM `tp_cate` WHERE  `id` = 7 LIMIT 1 [ RunTime:0.000600s ]
[2023-04-20T09:49:40+08:00][sql] SELECT * FROM `tp_module` WHERE  `id` = 21 [ RunTime:0.000592s ]
[2023-04-20T09:49:40+08:00][sql] SELECT `id`,`parent_id` FROM `tp_cate` [ RunTime:0.000486s ]
[2023-04-20T09:49:40+08:00][sql] SHOW FULL COLUMNS FROM `tp_picture` [ RunTime:0.013832s ]
[2023-04-20T09:49:40+08:00][sql] SELECT * FROM `tp_picture` WHERE  (  status = 1  )  AND `cate_id` = 7 ORDER BY `sort` ASC,`id` DESC LIMIT 3 [ RunTime:0.002815s ]
[2023-04-20T09:49:40+08:00][sql] SELECT * FROM `tp_cate` WHERE  `id` = 7 [ RunTime:0.001079s ]
[2023-04-20T09:49:40+08:00][sql] SELECT * FROM `tp_cate` WHERE  `id` = 7 [ RunTime:0.000659s ]
[2023-04-20T09:49:40+08:00][sql] SELECT * FROM `tp_module` WHERE  `id` = 21 [ RunTime:0.000764s ]
[2023-04-20T09:49:40+08:00][sql] SELECT * FROM `tp_field` WHERE  `module_id` = 21 [ RunTime:0.001711s ]
[2023-04-20T09:49:40+08:00][sql] SELECT * FROM `tp_module` WHERE  `id` = 21 [ RunTime:0.000676s ]
[2023-04-20T09:49:40+08:00][sql] SELECT * FROM `tp_dictionary_type` WHERE  `id` IN (0,1) [ RunTime:0.000784s ]
[2023-04-20T09:49:40+08:00][sql] SELECT `dict_value`,`dict_label` FROM `tp_dictionary` WHERE  `dict_type` = '1' ORDER BY `sort` ASC,`id` DESC [ RunTime:0.000678s ]
[2023-04-20T09:49:40+08:00][sql] SELECT * FROM `tp_module` WHERE  `model_name` = 'Cate' LIMIT 1 [ RunTime:0.000568s ]
[2023-04-20T09:49:40+08:00][sql] SELECT * FROM `tp_field` WHERE  `module_id` = 20  AND `field` = 'sort' LIMIT 1 [ RunTime:0.000965s ]
[2023-04-20T09:49:40+08:00][sql] SELECT * FROM `tp_module` WHERE  `model_name` = 'Cate' LIMIT 1 [ RunTime:0.000523s ]
[2023-04-20T09:49:40+08:00][sql] SELECT `id` FROM `tp_module` WHERE  `model_name` = 'Cate' LIMIT 1 [ RunTime:0.000603s ]
[2023-04-20T09:49:40+08:00][sql] SELECT `field` FROM `tp_field` WHERE  ( field = 'pid' OR field = 'parent_id'  )  AND `module_id` = 20 LIMIT 1 [ RunTime:0.000760s ]
[2023-04-20T09:49:40+08:00][sql] SELECT `id`,`cate_name`,`parent_id` FROM `tp_cate` ORDER BY `sort` ASC,`id` DESC [ RunTime:0.000602s ]
[2023-04-20T09:49:40+08:00][sql] SELECT `id` FROM `tp_cate` WHERE  `module_id` = 21 [ RunTime:0.000609s ]
[2023-04-20T09:49:40+08:00][sql] SELECT * FROM `tp_module` WHERE  `model_name` = 'UsersType' LIMIT 1 [ RunTime:0.000650s ]
[2023-04-20T09:49:40+08:00][sql] SELECT * FROM `tp_field` WHERE  `module_id` = 6  AND `field` = 'sort' LIMIT 1 [ RunTime:0.000848s ]
[2023-04-20T09:49:40+08:00][sql] SELECT * FROM `tp_module` WHERE  `model_name` = 'UsersType' LIMIT 1 [ RunTime:0.000638s ]
[2023-04-20T09:49:40+08:00][sql] SELECT `id` FROM `tp_module` WHERE  `model_name` = 'UsersType' LIMIT 1 [ RunTime:0.000531s ]
[2023-04-20T09:49:40+08:00][sql] SELECT `field` FROM `tp_field` WHERE  ( field = 'pid' OR field = 'parent_id'  )  AND `module_id` = 6 LIMIT 1 [ RunTime:0.000786s ]
[2023-04-20T09:49:40+08:00][sql] SELECT `id`,`name` FROM `tp_users_type` ORDER BY `sort` ASC,`id` DESC [ RunTime:0.000596s ]
[2023-04-20T09:49:40+08:00][sql] SELECT * FROM `tp_field` WHERE  `module_id` = 21 [ RunTime:0.001484s ]
[2023-04-20T09:49:40+08:00][sql] SELECT * FROM `tp_module` WHERE  `id` = 21 [ RunTime:0.000594s ]
[2023-04-20T09:49:40+08:00][sql] SELECT * FROM `tp_dictionary_type` WHERE  `id` IN (0,1) [ RunTime:0.000559s ]
[2023-04-20T09:49:40+08:00][sql] SELECT * FROM `tp_field` WHERE  `module_id` = 21 [ RunTime:0.001889s ]
[2023-04-20T09:49:40+08:00][sql] SELECT * FROM `tp_module` WHERE  `id` = 21 [ RunTime:0.000511s ]
[2023-04-20T09:49:40+08:00][sql] SELECT * FROM `tp_dictionary_type` WHERE  `id` IN (0,1) [ RunTime:0.000446s ]
[2023-04-20T09:49:40+08:00][sql] SELECT * FROM `tp_field` WHERE  `module_id` = 21 [ RunTime:0.001774s ]
[2023-04-20T09:49:40+08:00][sql] SELECT * FROM `tp_module` WHERE  `id` = 21 [ RunTime:0.000549s ]
[2023-04-20T09:49:40+08:00][sql] SELECT * FROM `tp_dictionary_type` WHERE  `id` IN (0,1) [ RunTime:0.000530s ]
[2023-04-20T09:49:40+08:00][sql] SELECT * FROM `tp_cate` WHERE  `id` = 12 LIMIT 1 [ RunTime:0.000718s ]
[2023-04-20T09:49:40+08:00][sql] SELECT * FROM `tp_module` WHERE  `id` = 24 [ RunTime:0.000510s ]
[2023-04-20T09:49:40+08:00][sql] SELECT `id`,`parent_id` FROM `tp_cate` [ RunTime:0.000439s ]
[2023-04-20T09:49:40+08:00][sql] SHOW FULL COLUMNS FROM `tp_team` [ RunTime:0.014315s ]
[2023-04-20T09:49:40+08:00][sql] SELECT * FROM `tp_team` WHERE  (  status = 1  )  AND `cate_id` = 12 ORDER BY `sort` ASC,`id` DESC LIMIT 6 [ RunTime:0.000924s ]
[2023-04-20T09:49:40+08:00][sql] SELECT * FROM `tp_cate` WHERE  `id` = 12 [ RunTime:0.000677s ]
[2023-04-20T09:49:40+08:00][sql] SELECT * FROM `tp_cate` WHERE  `id` = 12 [ RunTime:0.000523s ]
[2023-04-20T09:49:40+08:00][sql] SELECT * FROM `tp_module` WHERE  `id` = 24 [ RunTime:0.000494s ]
[2023-04-20T09:49:40+08:00][sql] SELECT * FROM `tp_field` WHERE  `module_id` = 24 [ RunTime:0.001343s ]
[2023-04-20T09:49:40+08:00][sql] SELECT * FROM `tp_module` WHERE  `id` = 24 [ RunTime:0.000750s ]
[2023-04-20T09:49:40+08:00][sql] SELECT * FROM `tp_dictionary_type` WHERE  `id` IN (0,1,10,4) [ RunTime:0.000771s ]
[2023-04-20T09:49:40+08:00][sql] SELECT `dict_value`,`dict_label` FROM `tp_dictionary` WHERE  `dict_type` = '1' ORDER BY `sort` ASC,`id` DESC [ RunTime:0.001142s ]
[2023-04-20T09:49:40+08:00][sql] SELECT * FROM `tp_module` WHERE  `model_name` = 'Cate' LIMIT 1 [ RunTime:0.000714s ]
[2023-04-20T09:49:40+08:00][sql] SELECT * FROM `tp_field` WHERE  `module_id` = 20  AND `field` = 'sort' LIMIT 1 [ RunTime:0.001596s ]
[2023-04-20T09:49:40+08:00][sql] SELECT * FROM `tp_module` WHERE  `model_name` = 'Cate' LIMIT 1 [ RunTime:0.001544s ]
[2023-04-20T09:49:40+08:00][sql] SELECT `id` FROM `tp_module` WHERE  `model_name` = 'Cate' LIMIT 1 [ RunTime:0.000671s ]
[2023-04-20T09:49:40+08:00][sql] SELECT `field` FROM `tp_field` WHERE  ( field = 'pid' OR field = 'parent_id'  )  AND `module_id` = 20 LIMIT 1 [ RunTime:0.000782s ]
[2023-04-20T09:49:40+08:00][sql] SELECT `id`,`cate_name`,`parent_id` FROM `tp_cate` ORDER BY `sort` ASC,`id` DESC [ RunTime:0.000543s ]
[2023-04-20T09:49:40+08:00][sql] SELECT `id` FROM `tp_cate` WHERE  `module_id` = 24 [ RunTime:0.000542s ]
[2023-04-20T09:49:40+08:00][sql] SELECT `dict_value`,`dict_label` FROM `tp_dictionary` WHERE  `dict_type` = '10' ORDER BY `sort` ASC,`id` DESC [ RunTime:0.000600s ]
[2023-04-20T09:49:40+08:00][sql] SELECT `dict_value`,`dict_label` FROM `tp_dictionary` WHERE  `dict_type` = '4' ORDER BY `sort` ASC,`id` DESC [ RunTime:0.000502s ]
[2023-04-20T09:49:40+08:00][sql] SELECT * FROM `tp_module` WHERE  `model_name` = 'UsersType' LIMIT 1 [ RunTime:0.000815s ]
[2023-04-20T09:49:40+08:00][sql] SELECT * FROM `tp_field` WHERE  `module_id` = 6  AND `field` = 'sort' LIMIT 1 [ RunTime:0.000782s ]
[2023-04-20T09:49:40+08:00][sql] SELECT * FROM `tp_module` WHERE  `model_name` = 'UsersType' LIMIT 1 [ RunTime:0.000763s ]
[2023-04-20T09:49:40+08:00][sql] SELECT `id` FROM `tp_module` WHERE  `model_name` = 'UsersType' LIMIT 1 [ RunTime:0.000631s ]
[2023-04-20T09:49:40+08:00][sql] SELECT `field` FROM `tp_field` WHERE  ( field = 'pid' OR field = 'parent_id'  )  AND `module_id` = 6 LIMIT 1 [ RunTime:0.000763s ]
[2023-04-20T09:49:40+08:00][sql] SELECT `id`,`name` FROM `tp_users_type` ORDER BY `sort` ASC,`id` DESC [ RunTime:0.000469s ]
[2023-04-20T09:49:40+08:00][sql] SELECT * FROM `tp_field` WHERE  `module_id` = 24 [ RunTime:0.001422s ]
[2023-04-20T09:49:40+08:00][sql] SELECT * FROM `tp_module` WHERE  `id` = 24 [ RunTime:0.000487s ]
[2023-04-20T09:49:40+08:00][sql] SELECT * FROM `tp_dictionary_type` WHERE  `id` IN (0,1,10,4) [ RunTime:0.000435s ]
[2023-04-20T09:49:40+08:00][sql] SELECT * FROM `tp_field` WHERE  `module_id` = 24 [ RunTime:0.001912s ]
[2023-04-20T09:49:40+08:00][sql] SELECT * FROM `tp_module` WHERE  `id` = 24 [ RunTime:0.000582s ]
[2023-04-20T09:49:40+08:00][sql] SELECT * FROM `tp_dictionary_type` WHERE  `id` IN (0,1,10,4) [ RunTime:0.000654s ]
[2023-04-20T09:49:40+08:00][sql] SELECT * FROM `tp_field` WHERE  `module_id` = 24 [ RunTime:0.002234s ]
[2023-04-20T09:49:40+08:00][sql] SELECT * FROM `tp_module` WHERE  `id` = 24 [ RunTime:0.000653s ]
[2023-04-20T09:49:40+08:00][sql] SELECT * FROM `tp_dictionary_type` WHERE  `id` IN (0,1,10,4) [ RunTime:0.000535s ]
[2023-04-20T09:49:40+08:00][sql] SELECT * FROM `tp_field` WHERE  `module_id` = 24 [ RunTime:0.001964s ]
[2023-04-20T09:49:40+08:00][sql] SELECT * FROM `tp_module` WHERE  `id` = 24 [ RunTime:0.000542s ]
[2023-04-20T09:49:40+08:00][sql] SELECT * FROM `tp_dictionary_type` WHERE  `id` IN (0,1,10,4) [ RunTime:0.000585s ]
[2023-04-20T09:49:40+08:00][sql] SELECT * FROM `tp_field` WHERE  `module_id` = 24 [ RunTime:0.002191s ]
[2023-04-20T09:49:40+08:00][sql] SELECT * FROM `tp_module` WHERE  `id` = 24 [ RunTime:0.000813s ]
[2023-04-20T09:49:40+08:00][sql] SELECT * FROM `tp_dictionary_type` WHERE  `id` IN (0,1,10,4) [ RunTime:0.000781s ]
[2023-04-20T09:49:40+08:00][sql] SELECT * FROM `tp_field` WHERE  `module_id` = 24 [ RunTime:0.001858s ]
[2023-04-20T09:49:40+08:00][sql] SELECT * FROM `tp_module` WHERE  `id` = 24 [ RunTime:0.000529s ]
[2023-04-20T09:49:40+08:00][sql] SELECT * FROM `tp_dictionary_type` WHERE  `id` IN (0,1,10,4) [ RunTime:0.000467s ]
[2023-04-20T09:49:40+08:00][sql] SELECT * FROM `tp_cate` WHERE  `id` = 12 LIMIT 1 [ RunTime:0.000473s ]
[2023-04-20T09:49:40+08:00][sql] SELECT * FROM `tp_module` WHERE  `id` = 24 [ RunTime:0.000488s ]
[2023-04-20T09:49:40+08:00][sql] SELECT `id`,`parent_id` FROM `tp_cate` [ RunTime:0.000410s ]
[2023-04-20T09:49:40+08:00][sql] SELECT * FROM `tp_team` WHERE  (  status = 1  )  AND `cate_id` = 12 ORDER BY `sort` ASC,`id` DESC LIMIT 6 [ RunTime:0.000623s ]
[2023-04-20T09:49:40+08:00][sql] SELECT * FROM `tp_cate` WHERE  `id` = 12 [ RunTime:0.000779s ]
[2023-04-20T09:49:40+08:00][sql] SELECT * FROM `tp_cate` WHERE  `id` = 12 [ RunTime:0.000637s ]
[2023-04-20T09:49:40+08:00][sql] SELECT * FROM `tp_module` WHERE  `id` = 24 [ RunTime:0.000841s ]
[2023-04-20T09:49:40+08:00][sql] SELECT * FROM `tp_field` WHERE  `module_id` = 24 [ RunTime:0.002546s ]
[2023-04-20T09:49:40+08:00][sql] SELECT * FROM `tp_module` WHERE  `id` = 24 [ RunTime:0.000812s ]
[2023-04-20T09:49:40+08:00][sql] SELECT * FROM `tp_dictionary_type` WHERE  `id` IN (0,1,10,4) [ RunTime:0.000699s ]
[2023-04-20T09:49:40+08:00][sql] SELECT `dict_value`,`dict_label` FROM `tp_dictionary` WHERE  `dict_type` = '1' ORDER BY `sort` ASC,`id` DESC [ RunTime:0.001024s ]
[2023-04-20T09:49:40+08:00][sql] SELECT * FROM `tp_module` WHERE  `model_name` = 'Cate' LIMIT 1 [ RunTime:0.001107s ]
[2023-04-20T09:49:40+08:00][sql] SELECT * FROM `tp_field` WHERE  `module_id` = 20  AND `field` = 'sort' LIMIT 1 [ RunTime:0.001326s ]
[2023-04-20T09:49:40+08:00][sql] SELECT * FROM `tp_module` WHERE  `model_name` = 'Cate' LIMIT 1 [ RunTime:0.001300s ]
[2023-04-20T09:49:40+08:00][sql] SELECT `id` FROM `tp_module` WHERE  `model_name` = 'Cate' LIMIT 1 [ RunTime:0.000939s ]
[2023-04-20T09:49:40+08:00][sql] SELECT `field` FROM `tp_field` WHERE  ( field = 'pid' OR field = 'parent_id'  )  AND `module_id` = 20 LIMIT 1 [ RunTime:0.000876s ]
[2023-04-20T09:49:40+08:00][sql] SELECT `id`,`cate_name`,`parent_id` FROM `tp_cate` ORDER BY `sort` ASC,`id` DESC [ RunTime:0.001685s ]
[2023-04-20T09:49:40+08:00][sql] SELECT `id` FROM `tp_cate` WHERE  `module_id` = 24 [ RunTime:0.001382s ]
[2023-04-20T09:49:40+08:00][sql] SELECT `dict_value`,`dict_label` FROM `tp_dictionary` WHERE  `dict_type` = '10' ORDER BY `sort` ASC,`id` DESC [ RunTime:0.001633s ]
[2023-04-20T09:49:40+08:00][sql] SELECT `dict_value`,`dict_label` FROM `tp_dictionary` WHERE  `dict_type` = '4' ORDER BY `sort` ASC,`id` DESC [ RunTime:0.000662s ]
[2023-04-20T09:49:40+08:00][sql] SELECT * FROM `tp_module` WHERE  `model_name` = 'UsersType' LIMIT 1 [ RunTime:0.000604s ]
[2023-04-20T09:49:40+08:00][sql] SELECT * FROM `tp_field` WHERE  `module_id` = 6  AND `field` = 'sort' LIMIT 1 [ RunTime:0.000802s ]
[2023-04-20T09:49:40+08:00][sql] SELECT * FROM `tp_module` WHERE  `model_name` = 'UsersType' LIMIT 1 [ RunTime:0.000659s ]
[2023-04-20T09:49:40+08:00][sql] SELECT `id` FROM `tp_module` WHERE  `model_name` = 'UsersType' LIMIT 1 [ RunTime:0.000543s ]
[2023-04-20T09:49:40+08:00][sql] SELECT `field` FROM `tp_field` WHERE  ( field = 'pid' OR field = 'parent_id'  )  AND `module_id` = 6 LIMIT 1 [ RunTime:0.000877s ]
[2023-04-20T09:49:40+08:00][sql] SELECT `id`,`name` FROM `tp_users_type` ORDER BY `sort` ASC,`id` DESC [ RunTime:0.000818s ]
[2023-04-20T09:49:40+08:00][sql] SELECT * FROM `tp_field` WHERE  `module_id` = 24 [ RunTime:0.001888s ]
[2023-04-20T09:49:40+08:00][sql] SELECT * FROM `tp_module` WHERE  `id` = 24 [ RunTime:0.000754s ]
[2023-04-20T09:49:40+08:00][sql] SELECT * FROM `tp_dictionary_type` WHERE  `id` IN (0,1,10,4) [ RunTime:0.000794s ]
[2023-04-20T09:49:40+08:00][sql] SELECT * FROM `tp_field` WHERE  `module_id` = 24 [ RunTime:0.002082s ]
[2023-04-20T09:49:40+08:00][sql] SELECT * FROM `tp_module` WHERE  `id` = 24 [ RunTime:0.000688s ]
[2023-04-20T09:49:40+08:00][sql] SELECT * FROM `tp_dictionary_type` WHERE  `id` IN (0,1,10,4) [ RunTime:0.000520s ]
[2023-04-20T09:49:40+08:00][sql] SELECT * FROM `tp_field` WHERE  `module_id` = 24 [ RunTime:0.001765s ]
[2023-04-20T09:49:40+08:00][sql] SELECT * FROM `tp_module` WHERE  `id` = 24 [ RunTime:0.000500s ]
[2023-04-20T09:49:40+08:00][sql] SELECT * FROM `tp_dictionary_type` WHERE  `id` IN (0,1,10,4) [ RunTime:0.000440s ]
[2023-04-20T09:49:40+08:00][sql] SELECT * FROM `tp_field` WHERE  `module_id` = 24 [ RunTime:0.001780s ]
[2023-04-20T09:49:40+08:00][sql] SELECT * FROM `tp_module` WHERE  `id` = 24 [ RunTime:0.000590s ]
[2023-04-20T09:49:40+08:00][sql] SELECT * FROM `tp_dictionary_type` WHERE  `id` IN (0,1,10,4) [ RunTime:0.000586s ]
[2023-04-20T09:49:40+08:00][sql] SELECT * FROM `tp_field` WHERE  `module_id` = 24 [ RunTime:0.001834s ]
[2023-04-20T09:49:40+08:00][sql] SELECT * FROM `tp_module` WHERE  `id` = 24 [ RunTime:0.000709s ]
[2023-04-20T09:49:40+08:00][sql] SELECT * FROM `tp_dictionary_type` WHERE  `id` IN (0,1,10,4) [ RunTime:0.000636s ]
[2023-04-20T09:49:40+08:00][sql] SELECT * FROM `tp_field` WHERE  `module_id` = 24 [ RunTime:0.001925s ]
[2023-04-20T09:49:40+08:00][sql] SELECT * FROM `tp_module` WHERE  `id` = 24 [ RunTime:0.000643s ]
[2023-04-20T09:49:40+08:00][sql] SELECT * FROM `tp_dictionary_type` WHERE  `id` IN (0,1,10,4) [ RunTime:0.000513s ]
[2023-04-20T09:49:40+08:00][sql] SELECT * FROM `tp_cate` WHERE  `id` = 11 LIMIT 1 [ RunTime:0.000596s ]
[2023-04-20T09:49:40+08:00][sql] SELECT * FROM `tp_module` WHERE  `id` = 23 [ RunTime:0.000514s ]
[2023-04-20T09:49:40+08:00][sql] SELECT * FROM `tp_cate` WHERE  `id` = 11 LIMIT 1 [ RunTime:0.000521s ]
[2023-04-20T09:49:40+08:00][sql] SELECT * FROM `tp_module` WHERE  `id` = 23 [ RunTime:0.000510s ]
[2023-04-20T09:49:40+08:00][sql] SELECT * FROM `tp_cate` WHERE  `id` = 11 LIMIT 1 [ RunTime:0.000824s ]
[2023-04-20T09:49:40+08:00][sql] SELECT * FROM `tp_module` WHERE  `id` = 23 [ RunTime:0.000960s ]
[2023-04-20T09:49:40+08:00][sql] SELECT `id`,`parent_id` FROM `tp_cate` [ RunTime:0.000760s ]
[2023-04-20T09:49:40+08:00][sql] SHOW FULL COLUMNS FROM `tp_download` [ RunTime:0.017357s ]
[2023-04-20T09:49:40+08:00][sql] SELECT * FROM `tp_download` WHERE  (  status = 1  )  AND `cate_id` = 11 ORDER BY `sort` ASC,`id` DESC LIMIT 3 [ RunTime:0.002506s ]
[2023-04-20T09:49:40+08:00][sql] SELECT * FROM `tp_cate` WHERE  `id` = 11 [ RunTime:0.000869s ]
[2023-04-20T09:49:40+08:00][sql] SELECT * FROM `tp_cate` WHERE  `id` = 11 [ RunTime:0.000606s ]
[2023-04-20T09:49:40+08:00][sql] SELECT * FROM `tp_module` WHERE  `id` = 23 [ RunTime:0.000566s ]
[2023-04-20T09:49:40+08:00][sql] SELECT * FROM `tp_field` WHERE  `module_id` = 23 [ RunTime:0.001822s ]
[2023-04-20T09:49:40+08:00][sql] SELECT * FROM `tp_module` WHERE  `id` = 23 [ RunTime:0.000650s ]
[2023-04-20T09:49:40+08:00][sql] SELECT * FROM `tp_dictionary_type` WHERE  `id` IN (0,1) [ RunTime:0.000604s ]
[2023-04-20T09:49:40+08:00][sql] SELECT `dict_value`,`dict_label` FROM `tp_dictionary` WHERE  `dict_type` = '1' ORDER BY `sort` ASC,`id` DESC [ RunTime:0.000594s ]
[2023-04-20T09:49:40+08:00][sql] SELECT * FROM `tp_module` WHERE  `model_name` = 'Cate' LIMIT 1 [ RunTime:0.000601s ]
[2023-04-20T09:49:40+08:00][sql] SELECT * FROM `tp_field` WHERE  `module_id` = 20  AND `field` = 'sort' LIMIT 1 [ RunTime:0.001132s ]
[2023-04-20T09:49:40+08:00][sql] SELECT * FROM `tp_module` WHERE  `model_name` = 'Cate' LIMIT 1 [ RunTime:0.000517s ]
[2023-04-20T09:49:40+08:00][sql] SELECT `id` FROM `tp_module` WHERE  `model_name` = 'Cate' LIMIT 1 [ RunTime:0.000392s ]
[2023-04-20T09:49:40+08:00][sql] SELECT `field` FROM `tp_field` WHERE  ( field = 'pid' OR field = 'parent_id'  )  AND `module_id` = 20 LIMIT 1 [ RunTime:0.000472s ]
[2023-04-20T09:49:40+08:00][sql] SELECT `id`,`cate_name`,`parent_id` FROM `tp_cate` ORDER BY `sort` ASC,`id` DESC [ RunTime:0.000408s ]
[2023-04-20T09:49:40+08:00][sql] SELECT `id` FROM `tp_cate` WHERE  `module_id` = 23 [ RunTime:0.000402s ]
[2023-04-20T09:49:40+08:00][sql] SELECT * FROM `tp_module` WHERE  `model_name` = 'UsersType' LIMIT 1 [ RunTime:0.000448s ]
[2023-04-20T09:49:40+08:00][sql] SELECT * FROM `tp_field` WHERE  `module_id` = 6  AND `field` = 'sort' LIMIT 1 [ RunTime:0.000556s ]
[2023-04-20T09:49:40+08:00][sql] SELECT * FROM `tp_module` WHERE  `model_name` = 'UsersType' LIMIT 1 [ RunTime:0.000471s ]
[2023-04-20T09:49:40+08:00][sql] SELECT `id` FROM `tp_module` WHERE  `model_name` = 'UsersType' LIMIT 1 [ RunTime:0.000380s ]
[2023-04-20T09:49:40+08:00][sql] SELECT `field` FROM `tp_field` WHERE  ( field = 'pid' OR field = 'parent_id'  )  AND `module_id` = 6 LIMIT 1 [ RunTime:0.000590s ]
[2023-04-20T09:49:40+08:00][sql] SELECT `id`,`name` FROM `tp_users_type` ORDER BY `sort` ASC,`id` DESC [ RunTime:0.000381s ]
[2023-04-20T09:49:40+08:00][sql] SELECT * FROM `tp_field` WHERE  `module_id` = 23 [ RunTime:0.001400s ]
[2023-04-20T09:49:40+08:00][sql] SELECT * FROM `tp_module` WHERE  `id` = 23 [ RunTime:0.000533s ]
[2023-04-20T09:49:40+08:00][sql] SELECT * FROM `tp_dictionary_type` WHERE  `id` IN (0,1) [ RunTime:0.000401s ]
[2023-04-20T09:49:40+08:00][sql] SELECT * FROM `tp_field` WHERE  `module_id` = 23 [ RunTime:0.001896s ]
[2023-04-20T09:49:40+08:00][sql] SELECT * FROM `tp_module` WHERE  `id` = 23 [ RunTime:0.000575s ]
[2023-04-20T09:49:40+08:00][sql] SELECT * FROM `tp_dictionary_type` WHERE  `id` IN (0,1) [ RunTime:0.000481s ]
[2023-04-20T09:49:40+08:00][sql] SELECT * FROM `tp_field` WHERE  `module_id` = 23 [ RunTime:0.001832s ]
[2023-04-20T09:49:40+08:00][sql] SELECT * FROM `tp_module` WHERE  `id` = 23 [ RunTime:0.000564s ]
[2023-04-20T09:49:40+08:00][sql] SELECT * FROM `tp_dictionary_type` WHERE  `id` IN (0,1) [ RunTime:0.000642s ]
[2023-04-20T09:49:40+08:00][sql] SELECT * FROM `tp_cate` WHERE  `id` = 17 LIMIT 1 [ RunTime:0.000644s ]
[2023-04-20T09:49:40+08:00][sql] SHOW FULL COLUMNS FROM `tp_link` [ RunTime:0.014091s ]
[2023-04-20T09:49:40+08:00][sql] SELECT * FROM `tp_link` WHERE  `status` = 1 ORDER BY `sort` ASC,`id` DESC [ RunTime:0.000630s ]
[2023-04-20T11:00:21+08:00][sql] CONNECT:[ UseTime:0.019212s ] mysql:host=127.0.0.1;port=3306;dbname=ztx;charset=utf8mb4
[2023-04-20T11:00:21+08:00][sql] SHOW FULL COLUMNS FROM `tp_system` [ RunTime:0.013563s ]
[2023-04-20T11:00:21+08:00][sql] SELECT * FROM `tp_system` WHERE  `id` = 1 LIMIT 1 [ RunTime:0.001032s ]
[2023-04-20T11:00:21+08:00][sql] SHOW FULL COLUMNS FROM `tp_cate` [ RunTime:0.009462s ]
[2023-04-20T11:00:21+08:00][sql] SELECT `id`,`cate_name`,`cate_folder`,`module_id` FROM `tp_cate` ORDER BY `sort` ASC,`id` ASC [ RunTime:0.000614s ]
[2023-04-20T11:00:21+08:00][sql] SHOW FULL COLUMNS FROM `tp_module` [ RunTime:0.009148s ]
[2023-04-20T11:00:21+08:00][sql] SELECT * FROM `tp_module` WHERE  `id` = 18 LIMIT 1 [ RunTime:0.000852s ]
[2023-04-20T11:00:21+08:00][sql] SELECT * FROM `tp_module` WHERE  `id` = 19 LIMIT 1 [ RunTime:0.000608s ]
[2023-04-20T11:00:21+08:00][sql] SELECT * FROM `tp_module` WHERE  `id` = 21 LIMIT 1 [ RunTime:0.000418s ]
[2023-04-20T11:00:21+08:00][sql] SELECT * FROM `tp_module` WHERE  `id` = 22 LIMIT 1 [ RunTime:0.000391s ]
[2023-04-20T11:00:21+08:00][sql] SELECT * FROM `tp_module` WHERE  `id` = 23 LIMIT 1 [ RunTime:0.000549s ]
[2023-04-20T11:00:21+08:00][sql] SELECT * FROM `tp_module` WHERE  `id` = 24 LIMIT 1 [ RunTime:0.000580s ]
[2023-04-20T11:00:21+08:00][sql] SELECT * FROM `tp_module` WHERE  `id` = 25 LIMIT 1 [ RunTime:0.000479s ]
[2023-04-20T11:00:21+08:00][sql] SELECT * FROM `tp_module` WHERE  `id` = 18 LIMIT 1 [ RunTime:0.000502s ]
[2023-04-20T11:00:21+08:00][sql] SELECT * FROM `tp_module` WHERE  `id` = 18 LIMIT 1 [ RunTime:0.000480s ]
[2023-04-20T11:00:21+08:00][sql] SELECT * FROM `tp_module` WHERE  `id` = 19 LIMIT 1 [ RunTime:0.000480s ]
[2023-04-20T11:00:21+08:00][sql] SELECT * FROM `tp_module` WHERE  `id` = 21 LIMIT 1 [ RunTime:0.000766s ]
[2023-04-20T11:00:21+08:00][sql] SELECT * FROM `tp_system` WHERE  `id` = 1 LIMIT 1 [ RunTime:0.000954s ]
[2023-04-20T11:00:21+08:00][sql] SELECT * FROM `tp_cate` WHERE  `is_menu` = 1 ORDER BY `sort` ASC,`id` DESC [ RunTime:0.000997s ]
[2023-04-20T11:00:21+08:00][sql] SELECT * FROM `tp_module` WHERE  `id` IN (18,19,21,22,23,24,25) [ RunTime:0.000638s ]
[2023-04-20T11:00:21+08:00][sql] SELECT * FROM `tp_cate` WHERE  `is_menu` = 1 ORDER BY `sort` ASC,`id` DESC [ RunTime:0.001030s ]
[2023-04-20T11:00:21+08:00][sql] SELECT * FROM `tp_module` WHERE  `id` IN (18,19,21,22,23,24,25) [ RunTime:0.001177s ]
[2023-04-20T11:00:21+08:00][sql] SHOW FULL COLUMNS FROM `tp_ad` [ RunTime:0.011771s ]
[2023-04-20T11:00:21+08:00][sql] SELECT * FROM `tp_ad` WHERE  `status` = 1  AND `type_id` = 1 ORDER BY `sort` ASC,`id` DESC [ RunTime:0.000893s ]
[2023-04-20T11:00:21+08:00][sql] SELECT * FROM `tp_ad` WHERE  `status` = 1  AND `type_id` = 1 ORDER BY `sort` ASC,`id` DESC [ RunTime:0.000733s ]
[2023-04-20T11:00:21+08:00][sql] SHOW FULL COLUMNS FROM `tp_debris` [ RunTime:0.008441s ]
[2023-04-20T11:00:21+08:00][sql] SELECT `content` FROM `tp_debris` WHERE  `name` = 'AboutUs'  AND `status` = 1 LIMIT 1 [ RunTime:0.000594s ]
[2023-04-20T11:00:21+08:00][sql] SELECT * FROM `tp_cate` WHERE  `id` = 6 LIMIT 1 [ RunTime:0.000660s ]
[2023-04-20T11:00:21+08:00][sql] SELECT * FROM `tp_module` WHERE  `id` = 19 [ RunTime:0.000581s ]
[2023-04-20T11:00:21+08:00][sql] SELECT * FROM `tp_cate` WHERE  `id` = 8 LIMIT 1 [ RunTime:0.000961s ]
[2023-04-20T11:00:21+08:00][sql] SELECT * FROM `tp_module` WHERE  `id` = 22 [ RunTime:0.000896s ]
[2023-04-20T11:00:21+08:00][sql] SELECT * FROM `tp_cate` WHERE  `id` = 8 LIMIT 1 [ RunTime:0.000705s ]
[2023-04-20T11:00:21+08:00][sql] SELECT * FROM `tp_module` WHERE  `id` = 22 [ RunTime:0.000662s ]
[2023-04-20T11:00:21+08:00][sql] SELECT * FROM `tp_cate` WHERE  `id` = 8 LIMIT 1 [ RunTime:0.000861s ]
[2023-04-20T11:00:21+08:00][sql] SELECT * FROM `tp_module` WHERE  `id` = 22 [ RunTime:0.000704s ]
[2023-04-20T11:00:21+08:00][sql] SELECT `id`,`parent_id` FROM `tp_cate` [ RunTime:0.000505s ]
[2023-04-20T11:00:21+08:00][sql] SHOW FULL COLUMNS FROM `tp_product` [ RunTime:0.007643s ]
[2023-04-20T11:00:21+08:00][sql] SELECT * FROM `tp_product` WHERE  (  status = 1  )  AND `cate_id` IN (8,9,10) ORDER BY `sort` ASC,`id` DESC LIMIT 4 [ RunTime:0.000777s ]
[2023-04-20T11:00:21+08:00][sql] SELECT * FROM `tp_cate` WHERE  `id` = 9 [ RunTime:0.000538s ]
[2023-04-20T11:00:21+08:00][sql] SELECT * FROM `tp_cate` WHERE  `id` = 9 [ RunTime:0.000506s ]
[2023-04-20T11:00:21+08:00][sql] SELECT * FROM `tp_module` WHERE  `id` = 22 [ RunTime:0.000470s ]
[2023-04-20T11:00:21+08:00][sql] SHOW FULL COLUMNS FROM `tp_field` [ RunTime:0.007263s ]
[2023-04-20T11:00:21+08:00][sql] SELECT * FROM `tp_field` WHERE  `module_id` = 22 [ RunTime:0.001378s ]
[2023-04-20T11:00:21+08:00][sql] SELECT * FROM `tp_module` WHERE  `id` = 22 [ RunTime:0.000571s ]
[2023-04-20T11:00:21+08:00][sql] SHOW FULL COLUMNS FROM `tp_dictionary_type` [ RunTime:0.009394s ]
[2023-04-20T11:00:21+08:00][sql] SELECT * FROM `tp_dictionary_type` WHERE  `id` IN (0,1) [ RunTime:0.000779s ]
[2023-04-20T11:00:21+08:00][sql] SHOW FULL COLUMNS FROM `tp_dictionary` [ RunTime:0.010897s ]
[2023-04-20T11:00:21+08:00][sql] SELECT `dict_value`,`dict_label` FROM `tp_dictionary` WHERE  `dict_type` = '1' ORDER BY `sort` ASC,`id` DESC [ RunTime:0.001282s ]
[2023-04-20T11:00:21+08:00][sql] SELECT * FROM `tp_module` WHERE  `model_name` = 'Cate' LIMIT 1 [ RunTime:0.000753s ]
[2023-04-20T11:00:21+08:00][sql] SELECT * FROM `tp_field` WHERE  `module_id` = 20  AND `field` = 'sort' LIMIT 1 [ RunTime:0.001979s ]
[2023-04-20T11:00:21+08:00][sql] SELECT * FROM `tp_module` WHERE  `model_name` = 'Cate' LIMIT 1 [ RunTime:0.000702s ]
[2023-04-20T11:00:21+08:00][sql] SELECT `id` FROM `tp_module` WHERE  `model_name` = 'Cate' LIMIT 1 [ RunTime:0.000501s ]
[2023-04-20T11:00:21+08:00][sql] SELECT `field` FROM `tp_field` WHERE  ( field = 'pid' OR field = 'parent_id'  )  AND `module_id` = 20 LIMIT 1 [ RunTime:0.000579s ]
[2023-04-20T11:00:21+08:00][sql] SELECT `id`,`cate_name`,`parent_id` FROM `tp_cate` ORDER BY `sort` ASC,`id` DESC [ RunTime:0.000550s ]
[2023-04-20T11:00:21+08:00][sql] SELECT `id` FROM `tp_cate` WHERE  `module_id` = 22 [ RunTime:0.000615s ]
[2023-04-20T11:00:21+08:00][sql] SELECT * FROM `tp_module` WHERE  `model_name` = 'UsersType' LIMIT 1 [ RunTime:0.000580s ]
[2023-04-20T11:00:21+08:00][sql] SELECT * FROM `tp_field` WHERE  `module_id` = 6  AND `field` = 'sort' LIMIT 1 [ RunTime:0.000658s ]
[2023-04-20T11:00:21+08:00][sql] SELECT * FROM `tp_module` WHERE  `model_name` = 'UsersType' LIMIT 1 [ RunTime:0.000499s ]
[2023-04-20T11:00:21+08:00][sql] SELECT `id` FROM `tp_module` WHERE  `model_name` = 'UsersType' LIMIT 1 [ RunTime:0.000417s ]
[2023-04-20T11:00:21+08:00][sql] SELECT `field` FROM `tp_field` WHERE  ( field = 'pid' OR field = 'parent_id'  )  AND `module_id` = 6 LIMIT 1 [ RunTime:0.000639s ]
[2023-04-20T11:00:21+08:00][sql] SHOW FULL COLUMNS FROM `tp_users_type` [ RunTime:0.009096s ]
[2023-04-20T11:00:21+08:00][sql] SELECT `id`,`name` FROM `tp_users_type` ORDER BY `sort` ASC,`id` DESC [ RunTime:0.000604s ]
[2023-04-20T11:00:21+08:00][sql] SELECT * FROM `tp_field` WHERE  `module_id` = 22 [ RunTime:0.001452s ]
[2023-04-20T11:00:21+08:00][sql] SELECT * FROM `tp_module` WHERE  `id` = 22 [ RunTime:0.000566s ]
[2023-04-20T11:00:21+08:00][sql] SELECT * FROM `tp_dictionary_type` WHERE  `id` IN (0,1) [ RunTime:0.000540s ]
[2023-04-20T11:00:21+08:00][sql] SELECT * FROM `tp_field` WHERE  `module_id` = 22 [ RunTime:0.001195s ]
[2023-04-20T11:00:21+08:00][sql] SELECT * FROM `tp_module` WHERE  `id` = 22 [ RunTime:0.000639s ]
[2023-04-20T11:00:21+08:00][sql] SELECT * FROM `tp_dictionary_type` WHERE  `id` IN (0,1) [ RunTime:0.000526s ]
[2023-04-20T11:00:21+08:00][sql] SELECT * FROM `tp_field` WHERE  `module_id` = 22 [ RunTime:0.001815s ]
[2023-04-20T11:00:21+08:00][sql] SELECT * FROM `tp_module` WHERE  `id` = 22 [ RunTime:0.000714s ]
[2023-04-20T11:00:21+08:00][sql] SELECT * FROM `tp_dictionary_type` WHERE  `id` IN (0,1) [ RunTime:0.000591s ]
[2023-04-20T11:00:21+08:00][sql] SELECT * FROM `tp_field` WHERE  `module_id` = 22 [ RunTime:0.001817s ]
[2023-04-20T11:00:21+08:00][sql] SELECT * FROM `tp_module` WHERE  `id` = 22 [ RunTime:0.000764s ]
[2023-04-20T11:00:21+08:00][sql] SELECT * FROM `tp_dictionary_type` WHERE  `id` IN (0,1) [ RunTime:0.000557s ]
[2023-04-20T11:00:21+08:00][sql] SELECT * FROM `tp_cate` WHERE  `id` = 4 LIMIT 1 [ RunTime:0.000784s ]
[2023-04-20T11:00:21+08:00][sql] SELECT * FROM `tp_module` WHERE  `id` = 19 [ RunTime:0.000728s ]
[2023-04-20T11:00:21+08:00][sql] SELECT * FROM `tp_cate` WHERE  `id` = 4 LIMIT 1 [ RunTime:0.000515s ]
[2023-04-20T11:00:21+08:00][sql] SELECT * FROM `tp_module` WHERE  `id` = 19 [ RunTime:0.000398s ]
[2023-04-20T11:00:21+08:00][sql] SELECT * FROM `tp_cate` WHERE  `id` = 4 LIMIT 1 [ RunTime:0.000480s ]
[2023-04-20T11:00:21+08:00][sql] SELECT * FROM `tp_module` WHERE  `id` = 19 [ RunTime:0.000448s ]
[2023-04-20T11:00:21+08:00][sql] SELECT `id`,`parent_id` FROM `tp_cate` [ RunTime:0.000409s ]
[2023-04-20T11:00:21+08:00][sql] SHOW FULL COLUMNS FROM `tp_article` [ RunTime:0.010496s ]
[2023-04-20T11:00:21+08:00][sql] SELECT * FROM `tp_article` WHERE  ( image <>'' AND status = 1  )  AND `cate_id` IN (4,5,6) ORDER BY `sort` ASC,`id` DESC LIMIT 4 [ RunTime:0.000847s ]
[2023-04-20T11:00:21+08:00][sql] SELECT * FROM `tp_cate` WHERE  `id` = 5 [ RunTime:0.000505s ]
[2023-04-20T11:00:21+08:00][sql] SELECT * FROM `tp_cate` WHERE  `id` = 5 [ RunTime:0.000457s ]
[2023-04-20T11:00:21+08:00][sql] SELECT * FROM `tp_module` WHERE  `id` = 19 [ RunTime:0.000445s ]
[2023-04-20T11:00:21+08:00][sql] SELECT * FROM `tp_field` WHERE  `module_id` = 19 [ RunTime:0.001430s ]
[2023-04-20T11:00:21+08:00][sql] SELECT * FROM `tp_module` WHERE  `id` = 19 [ RunTime:0.000689s ]
[2023-04-20T11:00:21+08:00][sql] SELECT * FROM `tp_dictionary_type` WHERE  `id` IN (0,1) [ RunTime:0.000738s ]
[2023-04-20T11:00:21+08:00][sql] SELECT `dict_value`,`dict_label` FROM `tp_dictionary` WHERE  `dict_type` = '1' ORDER BY `sort` ASC,`id` DESC [ RunTime:0.000692s ]
[2023-04-20T11:00:21+08:00][sql] SELECT * FROM `tp_module` WHERE  `model_name` = 'Cate' LIMIT 1 [ RunTime:0.000863s ]
[2023-04-20T11:00:21+08:00][sql] SELECT * FROM `tp_field` WHERE  `module_id` = 20  AND `field` = 'sort' LIMIT 1 [ RunTime:0.002565s ]
[2023-04-20T11:00:21+08:00][sql] SELECT * FROM `tp_module` WHERE  `model_name` = 'Cate' LIMIT 1 [ RunTime:0.000610s ]
[2023-04-20T11:00:21+08:00][sql] SELECT `id` FROM `tp_module` WHERE  `model_name` = 'Cate' LIMIT 1 [ RunTime:0.000415s ]
[2023-04-20T11:00:21+08:00][sql] SELECT `field` FROM `tp_field` WHERE  ( field = 'pid' OR field = 'parent_id'  )  AND `module_id` = 20 LIMIT 1 [ RunTime:0.000634s ]
[2023-04-20T11:00:21+08:00][sql] SELECT `id`,`cate_name`,`parent_id` FROM `tp_cate` ORDER BY `sort` ASC,`id` DESC [ RunTime:0.000502s ]
[2023-04-20T11:00:21+08:00][sql] SELECT `id` FROM `tp_cate` WHERE  `module_id` = 19 [ RunTime:0.000524s ]
[2023-04-20T11:00:21+08:00][sql] SELECT * FROM `tp_module` WHERE  `model_name` = 'UsersType' LIMIT 1 [ RunTime:0.000650s ]
[2023-04-20T11:00:21+08:00][sql] SELECT * FROM `tp_field` WHERE  `module_id` = 6  AND `field` = 'sort' LIMIT 1 [ RunTime:0.000868s ]
[2023-04-20T11:00:21+08:00][sql] SELECT * FROM `tp_module` WHERE  `model_name` = 'UsersType' LIMIT 1 [ RunTime:0.000527s ]
[2023-04-20T11:00:21+08:00][sql] SELECT `id` FROM `tp_module` WHERE  `model_name` = 'UsersType' LIMIT 1 [ RunTime:0.000589s ]
[2023-04-20T11:00:21+08:00][sql] SELECT `field` FROM `tp_field` WHERE  ( field = 'pid' OR field = 'parent_id'  )  AND `module_id` = 6 LIMIT 1 [ RunTime:0.000666s ]
[2023-04-20T11:00:21+08:00][sql] SELECT `id`,`name` FROM `tp_users_type` ORDER BY `sort` ASC,`id` DESC [ RunTime:0.000391s ]
[2023-04-20T11:00:21+08:00][sql] SELECT * FROM `tp_field` WHERE  `module_id` = 19 [ RunTime:0.001297s ]
[2023-04-20T11:00:21+08:00][sql] SELECT * FROM `tp_module` WHERE  `id` = 19 [ RunTime:0.000556s ]
[2023-04-20T11:00:21+08:00][sql] SELECT * FROM `tp_dictionary_type` WHERE  `id` IN (0,1) [ RunTime:0.000636s ]
[2023-04-20T11:00:21+08:00][sql] SELECT * FROM `tp_field` WHERE  `module_id` = 19 [ RunTime:0.001856s ]
[2023-04-20T11:00:21+08:00][sql] SELECT * FROM `tp_module` WHERE  `id` = 19 [ RunTime:0.000566s ]
[2023-04-20T11:00:21+08:00][sql] SELECT * FROM `tp_dictionary_type` WHERE  `id` IN (0,1) [ RunTime:0.000496s ]
[2023-04-20T11:00:21+08:00][sql] SELECT * FROM `tp_field` WHERE  `module_id` = 19 [ RunTime:0.001771s ]
[2023-04-20T11:00:21+08:00][sql] SELECT * FROM `tp_module` WHERE  `id` = 19 [ RunTime:0.000827s ]
[2023-04-20T11:00:21+08:00][sql] SELECT * FROM `tp_dictionary_type` WHERE  `id` IN (0,1) [ RunTime:0.000617s ]
[2023-04-20T11:00:21+08:00][sql] SELECT * FROM `tp_field` WHERE  `module_id` = 19 [ RunTime:0.002680s ]
[2023-04-20T11:00:21+08:00][sql] SELECT * FROM `tp_module` WHERE  `id` = 19 [ RunTime:0.000566s ]
[2023-04-20T11:00:21+08:00][sql] SELECT * FROM `tp_dictionary_type` WHERE  `id` IN (0,1) [ RunTime:0.000408s ]
[2023-04-20T11:00:21+08:00][sql] SELECT * FROM `tp_cate` WHERE  `id` = 7 LIMIT 1 [ RunTime:0.000569s ]
[2023-04-20T11:00:21+08:00][sql] SELECT * FROM `tp_module` WHERE  `id` = 21 [ RunTime:0.000490s ]
[2023-04-20T11:00:21+08:00][sql] SELECT * FROM `tp_cate` WHERE  `id` = 7 LIMIT 1 [ RunTime:0.000487s ]
[2023-04-20T11:00:21+08:00][sql] SELECT * FROM `tp_module` WHERE  `id` = 21 [ RunTime:0.000450s ]
[2023-04-20T11:00:21+08:00][sql] SELECT * FROM `tp_cate` WHERE  `id` = 7 LIMIT 1 [ RunTime:0.000502s ]
[2023-04-20T11:00:21+08:00][sql] SELECT * FROM `tp_module` WHERE  `id` = 21 [ RunTime:0.000482s ]
[2023-04-20T11:00:21+08:00][sql] SELECT `id`,`parent_id` FROM `tp_cate` [ RunTime:0.000475s ]
[2023-04-20T11:00:21+08:00][sql] SHOW FULL COLUMNS FROM `tp_picture` [ RunTime:0.009584s ]
[2023-04-20T11:00:21+08:00][sql] SELECT * FROM `tp_picture` WHERE  (  status = 1  )  AND `cate_id` = 7 ORDER BY `sort` ASC,`id` DESC LIMIT 3 [ RunTime:0.000815s ]
[2023-04-20T11:00:21+08:00][sql] SELECT * FROM `tp_cate` WHERE  `id` = 7 [ RunTime:0.000465s ]
[2023-04-20T11:00:21+08:00][sql] SELECT * FROM `tp_cate` WHERE  `id` = 7 [ RunTime:0.000429s ]
[2023-04-20T11:00:21+08:00][sql] SELECT * FROM `tp_module` WHERE  `id` = 21 [ RunTime:0.000421s ]
[2023-04-20T11:00:21+08:00][sql] SELECT * FROM `tp_field` WHERE  `module_id` = 21 [ RunTime:0.001301s ]
[2023-04-20T11:00:21+08:00][sql] SELECT * FROM `tp_module` WHERE  `id` = 21 [ RunTime:0.000762s ]
[2023-04-20T11:00:21+08:00][sql] SELECT * FROM `tp_dictionary_type` WHERE  `id` IN (0,1) [ RunTime:0.000781s ]
[2023-04-20T11:00:21+08:00][sql] SELECT `dict_value`,`dict_label` FROM `tp_dictionary` WHERE  `dict_type` = '1' ORDER BY `sort` ASC,`id` DESC [ RunTime:0.000607s ]
[2023-04-20T11:00:21+08:00][sql] SELECT * FROM `tp_module` WHERE  `model_name` = 'Cate' LIMIT 1 [ RunTime:0.000622s ]
[2023-04-20T11:00:21+08:00][sql] SELECT * FROM `tp_field` WHERE  `module_id` = 20  AND `field` = 'sort' LIMIT 1 [ RunTime:0.001170s ]
[2023-04-20T11:00:21+08:00][sql] SELECT * FROM `tp_module` WHERE  `model_name` = 'Cate' LIMIT 1 [ RunTime:0.000843s ]
[2023-04-20T11:00:21+08:00][sql] SELECT `id` FROM `tp_module` WHERE  `model_name` = 'Cate' LIMIT 1 [ RunTime:0.000596s ]
[2023-04-20T11:00:21+08:00][sql] SELECT `field` FROM `tp_field` WHERE  ( field = 'pid' OR field = 'parent_id'  )  AND `module_id` = 20 LIMIT 1 [ RunTime:0.000712s ]
[2023-04-20T11:00:21+08:00][sql] SELECT `id`,`cate_name`,`parent_id` FROM `tp_cate` ORDER BY `sort` ASC,`id` DESC [ RunTime:0.000575s ]
[2023-04-20T11:00:21+08:00][sql] SELECT `id` FROM `tp_cate` WHERE  `module_id` = 21 [ RunTime:0.000472s ]
[2023-04-20T11:00:21+08:00][sql] SELECT * FROM `tp_module` WHERE  `model_name` = 'UsersType' LIMIT 1 [ RunTime:0.000580s ]
[2023-04-20T11:00:21+08:00][sql] SELECT * FROM `tp_field` WHERE  `module_id` = 6  AND `field` = 'sort' LIMIT 1 [ RunTime:0.000702s ]
[2023-04-20T11:00:21+08:00][sql] SELECT * FROM `tp_module` WHERE  `model_name` = 'UsersType' LIMIT 1 [ RunTime:0.000556s ]
[2023-04-20T11:00:21+08:00][sql] SELECT `id` FROM `tp_module` WHERE  `model_name` = 'UsersType' LIMIT 1 [ RunTime:0.000497s ]
[2023-04-20T11:00:21+08:00][sql] SELECT `field` FROM `tp_field` WHERE  ( field = 'pid' OR field = 'parent_id'  )  AND `module_id` = 6 LIMIT 1 [ RunTime:0.000813s ]
[2023-04-20T11:00:21+08:00][sql] SELECT `id`,`name` FROM `tp_users_type` ORDER BY `sort` ASC,`id` DESC [ RunTime:0.000628s ]
[2023-04-20T11:00:21+08:00][sql] SELECT * FROM `tp_field` WHERE  `module_id` = 21 [ RunTime:0.001962s ]
[2023-04-20T11:00:21+08:00][sql] SELECT * FROM `tp_module` WHERE  `id` = 21 [ RunTime:0.000946s ]
[2023-04-20T11:00:21+08:00][sql] SELECT * FROM `tp_dictionary_type` WHERE  `id` IN (0,1) [ RunTime:0.000802s ]
[2023-04-20T11:00:21+08:00][sql] SELECT * FROM `tp_field` WHERE  `module_id` = 21 [ RunTime:0.002218s ]
[2023-04-20T11:00:21+08:00][sql] SELECT * FROM `tp_module` WHERE  `id` = 21 [ RunTime:0.000641s ]
[2023-04-20T11:00:21+08:00][sql] SELECT * FROM `tp_dictionary_type` WHERE  `id` IN (0,1) [ RunTime:0.000614s ]
[2023-04-20T11:00:21+08:00][sql] SELECT * FROM `tp_field` WHERE  `module_id` = 21 [ RunTime:0.002063s ]
[2023-04-20T11:00:21+08:00][sql] SELECT * FROM `tp_module` WHERE  `id` = 21 [ RunTime:0.000602s ]
[2023-04-20T11:00:21+08:00][sql] SELECT * FROM `tp_dictionary_type` WHERE  `id` IN (0,1) [ RunTime:0.000564s ]
[2023-04-20T11:00:21+08:00][sql] SELECT * FROM `tp_cate` WHERE  `id` = 12 LIMIT 1 [ RunTime:0.000634s ]
[2023-04-20T11:00:21+08:00][sql] SELECT * FROM `tp_module` WHERE  `id` = 24 [ RunTime:0.000515s ]
[2023-04-20T11:00:21+08:00][sql] SELECT `id`,`parent_id` FROM `tp_cate` [ RunTime:0.000421s ]
[2023-04-20T11:00:21+08:00][sql] SHOW FULL COLUMNS FROM `tp_team` [ RunTime:0.007306s ]
[2023-04-20T11:00:21+08:00][sql] SELECT * FROM `tp_team` WHERE  (  status = 1  )  AND `cate_id` = 12 ORDER BY `sort` ASC,`id` DESC LIMIT 6 [ RunTime:0.001107s ]
[2023-04-20T11:00:21+08:00][sql] SELECT * FROM `tp_cate` WHERE  `id` = 12 [ RunTime:0.000785s ]
[2023-04-20T11:00:21+08:00][sql] SELECT * FROM `tp_cate` WHERE  `id` = 12 [ RunTime:0.000585s ]
[2023-04-20T11:00:21+08:00][sql] SELECT * FROM `tp_module` WHERE  `id` = 24 [ RunTime:0.000757s ]
[2023-04-20T11:00:21+08:00][sql] SELECT * FROM `tp_field` WHERE  `module_id` = 24 [ RunTime:0.001365s ]
[2023-04-20T11:00:21+08:00][sql] SELECT * FROM `tp_module` WHERE  `id` = 24 [ RunTime:0.000533s ]
[2023-04-20T11:00:21+08:00][sql] SELECT * FROM `tp_dictionary_type` WHERE  `id` IN (0,1,10,4) [ RunTime:0.000473s ]
[2023-04-20T11:00:21+08:00][sql] SELECT `dict_value`,`dict_label` FROM `tp_dictionary` WHERE  `dict_type` = '1' ORDER BY `sort` ASC,`id` DESC [ RunTime:0.000506s ]
[2023-04-20T11:00:21+08:00][sql] SELECT * FROM `tp_module` WHERE  `model_name` = 'Cate' LIMIT 1 [ RunTime:0.000631s ]
[2023-04-20T11:00:21+08:00][sql] SELECT * FROM `tp_field` WHERE  `module_id` = 20  AND `field` = 'sort' LIMIT 1 [ RunTime:0.000923s ]
[2023-04-20T11:00:21+08:00][sql] SELECT * FROM `tp_module` WHERE  `model_name` = 'Cate' LIMIT 1 [ RunTime:0.000676s ]
[2023-04-20T11:00:21+08:00][sql] SELECT `id` FROM `tp_module` WHERE  `model_name` = 'Cate' LIMIT 1 [ RunTime:0.000459s ]
[2023-04-20T11:00:21+08:00][sql] SELECT `field` FROM `tp_field` WHERE  ( field = 'pid' OR field = 'parent_id'  )  AND `module_id` = 20 LIMIT 1 [ RunTime:0.000607s ]
[2023-04-20T11:00:21+08:00][sql] SELECT `id`,`cate_name`,`parent_id` FROM `tp_cate` ORDER BY `sort` ASC,`id` DESC [ RunTime:0.000485s ]
[2023-04-20T11:00:21+08:00][sql] SELECT `id` FROM `tp_cate` WHERE  `module_id` = 24 [ RunTime:0.000484s ]
[2023-04-20T11:00:21+08:00][sql] SELECT `dict_value`,`dict_label` FROM `tp_dictionary` WHERE  `dict_type` = '10' ORDER BY `sort` ASC,`id` DESC [ RunTime:0.000482s ]
[2023-04-20T11:00:21+08:00][sql] SELECT `dict_value`,`dict_label` FROM `tp_dictionary` WHERE  `dict_type` = '4' ORDER BY `sort` ASC,`id` DESC [ RunTime:0.000427s ]
[2023-04-20T11:00:21+08:00][sql] SELECT * FROM `tp_module` WHERE  `model_name` = 'UsersType' LIMIT 1 [ RunTime:0.000616s ]
[2023-04-20T11:00:21+08:00][sql] SELECT * FROM `tp_field` WHERE  `module_id` = 6  AND `field` = 'sort' LIMIT 1 [ RunTime:0.000610s ]
[2023-04-20T11:00:21+08:00][sql] SELECT * FROM `tp_module` WHERE  `model_name` = 'UsersType' LIMIT 1 [ RunTime:0.000553s ]
[2023-04-20T11:00:21+08:00][sql] SELECT `id` FROM `tp_module` WHERE  `model_name` = 'UsersType' LIMIT 1 [ RunTime:0.000377s ]
[2023-04-20T11:00:21+08:00][sql] SELECT `field` FROM `tp_field` WHERE  ( field = 'pid' OR field = 'parent_id'  )  AND `module_id` = 6 LIMIT 1 [ RunTime:0.000591s ]
[2023-04-20T11:00:21+08:00][sql] SELECT `id`,`name` FROM `tp_users_type` ORDER BY `sort` ASC,`id` DESC [ RunTime:0.000371s ]
[2023-04-20T11:00:21+08:00][sql] SELECT * FROM `tp_field` WHERE  `module_id` = 24 [ RunTime:0.001161s ]
[2023-04-20T11:00:21+08:00][sql] SELECT * FROM `tp_module` WHERE  `id` = 24 [ RunTime:0.000419s ]
[2023-04-20T11:00:21+08:00][sql] SELECT * FROM `tp_dictionary_type` WHERE  `id` IN (0,1,10,4) [ RunTime:0.000431s ]
[2023-04-20T11:00:21+08:00][sql] SELECT * FROM `tp_field` WHERE  `module_id` = 24 [ RunTime:0.001833s ]
[2023-04-20T11:00:21+08:00][sql] SELECT * FROM `tp_module` WHERE  `id` = 24 [ RunTime:0.000908s ]
[2023-04-20T11:00:21+08:00][sql] SELECT * FROM `tp_dictionary_type` WHERE  `id` IN (0,1,10,4) [ RunTime:0.000756s ]
[2023-04-20T11:00:21+08:00][sql] SELECT * FROM `tp_field` WHERE  `module_id` = 24 [ RunTime:0.002212s ]
[2023-04-20T11:00:21+08:00][sql] SELECT * FROM `tp_module` WHERE  `id` = 24 [ RunTime:0.000821s ]
[2023-04-20T11:00:21+08:00][sql] SELECT * FROM `tp_dictionary_type` WHERE  `id` IN (0,1,10,4) [ RunTime:0.000603s ]
[2023-04-20T11:00:21+08:00][sql] SELECT * FROM `tp_field` WHERE  `module_id` = 24 [ RunTime:0.002241s ]
[2023-04-20T11:00:21+08:00][sql] SELECT * FROM `tp_module` WHERE  `id` = 24 [ RunTime:0.000572s ]
[2023-04-20T11:00:21+08:00][sql] SELECT * FROM `tp_dictionary_type` WHERE  `id` IN (0,1,10,4) [ RunTime:0.000792s ]
[2023-04-20T11:00:21+08:00][sql] SELECT * FROM `tp_field` WHERE  `module_id` = 24 [ RunTime:0.002616s ]
[2023-04-20T11:00:21+08:00][sql] SELECT * FROM `tp_module` WHERE  `id` = 24 [ RunTime:0.000849s ]
[2023-04-20T11:00:21+08:00][sql] SELECT * FROM `tp_dictionary_type` WHERE  `id` IN (0,1,10,4) [ RunTime:0.000632s ]
[2023-04-20T11:00:21+08:00][sql] SELECT * FROM `tp_field` WHERE  `module_id` = 24 [ RunTime:0.002573s ]
[2023-04-20T11:00:21+08:00][sql] SELECT * FROM `tp_module` WHERE  `id` = 24 [ RunTime:0.000641s ]
[2023-04-20T11:00:21+08:00][sql] SELECT * FROM `tp_dictionary_type` WHERE  `id` IN (0,1,10,4) [ RunTime:0.000570s ]
[2023-04-20T11:00:21+08:00][sql] SELECT * FROM `tp_cate` WHERE  `id` = 12 LIMIT 1 [ RunTime:0.000785s ]
[2023-04-20T11:00:21+08:00][sql] SELECT * FROM `tp_module` WHERE  `id` = 24 [ RunTime:0.000567s ]
[2023-04-20T11:00:21+08:00][sql] SELECT `id`,`parent_id` FROM `tp_cate` [ RunTime:0.000463s ]
[2023-04-20T11:00:21+08:00][sql] SELECT * FROM `tp_team` WHERE  (  status = 1  )  AND `cate_id` = 12 ORDER BY `sort` ASC,`id` DESC LIMIT 6 [ RunTime:0.000766s ]
[2023-04-20T11:00:21+08:00][sql] SELECT * FROM `tp_cate` WHERE  `id` = 12 [ RunTime:0.000567s ]
[2023-04-20T11:00:21+08:00][sql] SELECT * FROM `tp_cate` WHERE  `id` = 12 [ RunTime:0.000517s ]
[2023-04-20T11:00:21+08:00][sql] SELECT * FROM `tp_module` WHERE  `id` = 24 [ RunTime:0.000519s ]
[2023-04-20T11:00:21+08:00][sql] SELECT * FROM `tp_field` WHERE  `module_id` = 24 [ RunTime:0.001703s ]
[2023-04-20T11:00:21+08:00][sql] SELECT * FROM `tp_module` WHERE  `id` = 24 [ RunTime:0.000542s ]
[2023-04-20T11:00:21+08:00][sql] SELECT * FROM `tp_dictionary_type` WHERE  `id` IN (0,1,10,4) [ RunTime:0.000567s ]
[2023-04-20T11:00:21+08:00][sql] SELECT `dict_value`,`dict_label` FROM `tp_dictionary` WHERE  `dict_type` = '1' ORDER BY `sort` ASC,`id` DESC [ RunTime:0.000620s ]
[2023-04-20T11:00:21+08:00][sql] SELECT * FROM `tp_module` WHERE  `model_name` = 'Cate' LIMIT 1 [ RunTime:0.000639s ]
[2023-04-20T11:00:21+08:00][sql] SELECT * FROM `tp_field` WHERE  `module_id` = 20  AND `field` = 'sort' LIMIT 1 [ RunTime:0.001359s ]
[2023-04-20T11:00:21+08:00][sql] SELECT * FROM `tp_module` WHERE  `model_name` = 'Cate' LIMIT 1 [ RunTime:0.000736s ]
[2023-04-20T11:00:21+08:00][sql] SELECT `id` FROM `tp_module` WHERE  `model_name` = 'Cate' LIMIT 1 [ RunTime:0.000494s ]
[2023-04-20T11:00:21+08:00][sql] SELECT `field` FROM `tp_field` WHERE  ( field = 'pid' OR field = 'parent_id'  )  AND `module_id` = 20 LIMIT 1 [ RunTime:0.000597s ]
[2023-04-20T11:00:21+08:00][sql] SELECT `id`,`cate_name`,`parent_id` FROM `tp_cate` ORDER BY `sort` ASC,`id` DESC [ RunTime:0.000519s ]
[2023-04-20T11:00:21+08:00][sql] SELECT `id` FROM `tp_cate` WHERE  `module_id` = 24 [ RunTime:0.000446s ]
[2023-04-20T11:00:21+08:00][sql] SELECT `dict_value`,`dict_label` FROM `tp_dictionary` WHERE  `dict_type` = '10' ORDER BY `sort` ASC,`id` DESC [ RunTime:0.000458s ]
[2023-04-20T11:00:21+08:00][sql] SELECT `dict_value`,`dict_label` FROM `tp_dictionary` WHERE  `dict_type` = '4' ORDER BY `sort` ASC,`id` DESC [ RunTime:0.000456s ]
[2023-04-20T11:00:21+08:00][sql] SELECT * FROM `tp_module` WHERE  `model_name` = 'UsersType' LIMIT 1 [ RunTime:0.000511s ]
[2023-04-20T11:00:21+08:00][sql] SELECT * FROM `tp_field` WHERE  `module_id` = 6  AND `field` = 'sort' LIMIT 1 [ RunTime:0.000631s ]
[2023-04-20T11:00:21+08:00][sql] SELECT * FROM `tp_module` WHERE  `model_name` = 'UsersType' LIMIT 1 [ RunTime:0.000524s ]
[2023-04-20T11:00:21+08:00][sql] SELECT `id` FROM `tp_module` WHERE  `model_name` = 'UsersType' LIMIT 1 [ RunTime:0.000726s ]
[2023-04-20T11:00:21+08:00][sql] SELECT `field` FROM `tp_field` WHERE  ( field = 'pid' OR field = 'parent_id'  )  AND `module_id` = 6 LIMIT 1 [ RunTime:0.001088s ]
[2023-04-20T11:00:21+08:00][sql] SELECT `id`,`name` FROM `tp_users_type` ORDER BY `sort` ASC,`id` DESC [ RunTime:0.000465s ]
[2023-04-20T11:00:21+08:00][sql] SELECT * FROM `tp_field` WHERE  `module_id` = 24 [ RunTime:0.001344s ]
[2023-04-20T11:00:21+08:00][sql] SELECT * FROM `tp_module` WHERE  `id` = 24 [ RunTime:0.000513s ]
[2023-04-20T11:00:21+08:00][sql] SELECT * FROM `tp_dictionary_type` WHERE  `id` IN (0,1,10,4) [ RunTime:0.000664s ]
[2023-04-20T11:00:21+08:00][sql] SELECT * FROM `tp_field` WHERE  `module_id` = 24 [ RunTime:0.002003s ]
[2023-04-20T11:00:21+08:00][sql] SELECT * FROM `tp_module` WHERE  `id` = 24 [ RunTime:0.000581s ]
[2023-04-20T11:00:21+08:00][sql] SELECT * FROM `tp_dictionary_type` WHERE  `id` IN (0,1,10,4) [ RunTime:0.000557s ]
[2023-04-20T11:00:21+08:00][sql] SELECT * FROM `tp_field` WHERE  `module_id` = 24 [ RunTime:0.001808s ]
[2023-04-20T11:00:21+08:00][sql] SELECT * FROM `tp_module` WHERE  `id` = 24 [ RunTime:0.000789s ]
[2023-04-20T11:00:21+08:00][sql] SELECT * FROM `tp_dictionary_type` WHERE  `id` IN (0,1,10,4) [ RunTime:0.000642s ]
[2023-04-20T11:00:21+08:00][sql] SELECT * FROM `tp_field` WHERE  `module_id` = 24 [ RunTime:0.002275s ]
[2023-04-20T11:00:21+08:00][sql] SELECT * FROM `tp_module` WHERE  `id` = 24 [ RunTime:0.000508s ]
[2023-04-20T11:00:21+08:00][sql] SELECT * FROM `tp_dictionary_type` WHERE  `id` IN (0,1,10,4) [ RunTime:0.000613s ]
[2023-04-20T11:00:21+08:00][sql] SELECT * FROM `tp_field` WHERE  `module_id` = 24 [ RunTime:0.002072s ]
[2023-04-20T11:00:21+08:00][sql] SELECT * FROM `tp_module` WHERE  `id` = 24 [ RunTime:0.000684s ]
[2023-04-20T11:00:21+08:00][sql] SELECT * FROM `tp_dictionary_type` WHERE  `id` IN (0,1,10,4) [ RunTime:0.000575s ]
[2023-04-20T11:00:21+08:00][sql] SELECT * FROM `tp_field` WHERE  `module_id` = 24 [ RunTime:0.002439s ]
[2023-04-20T11:00:21+08:00][sql] SELECT * FROM `tp_module` WHERE  `id` = 24 [ RunTime:0.001023s ]
[2023-04-20T11:00:21+08:00][sql] SELECT * FROM `tp_dictionary_type` WHERE  `id` IN (0,1,10,4) [ RunTime:0.000734s ]
[2023-04-20T11:00:21+08:00][sql] SELECT * FROM `tp_cate` WHERE  `id` = 11 LIMIT 1 [ RunTime:0.001732s ]
[2023-04-20T11:00:21+08:00][sql] SELECT * FROM `tp_module` WHERE  `id` = 23 [ RunTime:0.001514s ]
[2023-04-20T11:00:21+08:00][sql] SELECT * FROM `tp_cate` WHERE  `id` = 11 LIMIT 1 [ RunTime:0.000513s ]
[2023-04-20T11:00:21+08:00][sql] SELECT * FROM `tp_module` WHERE  `id` = 23 [ RunTime:0.000603s ]
[2023-04-20T11:00:21+08:00][sql] SELECT * FROM `tp_cate` WHERE  `id` = 11 LIMIT 1 [ RunTime:0.000639s ]
[2023-04-20T11:00:21+08:00][sql] SELECT * FROM `tp_module` WHERE  `id` = 23 [ RunTime:0.000527s ]
[2023-04-20T11:00:21+08:00][sql] SELECT `id`,`parent_id` FROM `tp_cate` [ RunTime:0.000444s ]
[2023-04-20T11:00:21+08:00][sql] SHOW FULL COLUMNS FROM `tp_download` [ RunTime:0.007756s ]
[2023-04-20T11:00:21+08:00][sql] SELECT * FROM `tp_download` WHERE  (  status = 1  )  AND `cate_id` = 11 ORDER BY `sort` ASC,`id` DESC LIMIT 3 [ RunTime:0.001031s ]
[2023-04-20T11:00:21+08:00][sql] SELECT * FROM `tp_cate` WHERE  `id` = 11 [ RunTime:0.000594s ]
[2023-04-20T11:00:21+08:00][sql] SELECT * FROM `tp_cate` WHERE  `id` = 11 [ RunTime:0.000612s ]
[2023-04-20T11:00:21+08:00][sql] SELECT * FROM `tp_module` WHERE  `id` = 23 [ RunTime:0.000591s ]
[2023-04-20T11:00:21+08:00][sql] SELECT * FROM `tp_field` WHERE  `module_id` = 23 [ RunTime:0.001917s ]
[2023-04-20T11:00:21+08:00][sql] SELECT * FROM `tp_module` WHERE  `id` = 23 [ RunTime:0.000524s ]
[2023-04-20T11:00:21+08:00][sql] SELECT * FROM `tp_dictionary_type` WHERE  `id` IN (0,1) [ RunTime:0.000663s ]
[2023-04-20T11:00:21+08:00][sql] SELECT `dict_value`,`dict_label` FROM `tp_dictionary` WHERE  `dict_type` = '1' ORDER BY `sort` ASC,`id` DESC [ RunTime:0.000837s ]
[2023-04-20T11:00:21+08:00][sql] SELECT * FROM `tp_module` WHERE  `model_name` = 'Cate' LIMIT 1 [ RunTime:0.000719s ]
[2023-04-20T11:00:21+08:00][sql] SELECT * FROM `tp_field` WHERE  `module_id` = 20  AND `field` = 'sort' LIMIT 1 [ RunTime:0.001170s ]
[2023-04-20T11:00:21+08:00][sql] SELECT * FROM `tp_module` WHERE  `model_name` = 'Cate' LIMIT 1 [ RunTime:0.000567s ]
[2023-04-20T11:00:21+08:00][sql] SELECT `id` FROM `tp_module` WHERE  `model_name` = 'Cate' LIMIT 1 [ RunTime:0.000461s ]
[2023-04-20T11:00:21+08:00][sql] SELECT `field` FROM `tp_field` WHERE  ( field = 'pid' OR field = 'parent_id'  )  AND `module_id` = 20 LIMIT 1 [ RunTime:0.000621s ]
[2023-04-20T11:00:21+08:00][sql] SELECT `id`,`cate_name`,`parent_id` FROM `tp_cate` ORDER BY `sort` ASC,`id` DESC [ RunTime:0.000497s ]
[2023-04-20T11:00:21+08:00][sql] SELECT `id` FROM `tp_cate` WHERE  `module_id` = 23 [ RunTime:0.000474s ]
[2023-04-20T11:00:21+08:00][sql] SELECT * FROM `tp_module` WHERE  `model_name` = 'UsersType' LIMIT 1 [ RunTime:0.000581s ]
[2023-04-20T11:00:21+08:00][sql] SELECT * FROM `tp_field` WHERE  `module_id` = 6  AND `field` = 'sort' LIMIT 1 [ RunTime:0.000609s ]
[2023-04-20T11:00:21+08:00][sql] SELECT * FROM `tp_module` WHERE  `model_name` = 'UsersType' LIMIT 1 [ RunTime:0.000495s ]
[2023-04-20T11:00:21+08:00][sql] SELECT `id` FROM `tp_module` WHERE  `model_name` = 'UsersType' LIMIT 1 [ RunTime:0.000597s ]
[2023-04-20T11:00:21+08:00][sql] SELECT `field` FROM `tp_field` WHERE  ( field = 'pid' OR field = 'parent_id'  )  AND `module_id` = 6 LIMIT 1 [ RunTime:0.000649s ]
[2023-04-20T11:00:21+08:00][sql] SELECT `id`,`name` FROM `tp_users_type` ORDER BY `sort` ASC,`id` DESC [ RunTime:0.000421s ]
[2023-04-20T11:00:21+08:00][sql] SELECT * FROM `tp_field` WHERE  `module_id` = 23 [ RunTime:0.001295s ]
[2023-04-20T11:00:21+08:00][sql] SELECT * FROM `tp_module` WHERE  `id` = 23 [ RunTime:0.000652s ]
[2023-04-20T11:00:21+08:00][sql] SELECT * FROM `tp_dictionary_type` WHERE  `id` IN (0,1) [ RunTime:0.000555s ]
[2023-04-20T11:00:21+08:00][sql] SELECT * FROM `tp_field` WHERE  `module_id` = 23 [ RunTime:0.001786s ]
[2023-04-20T11:00:21+08:00][sql] SELECT * FROM `tp_module` WHERE  `id` = 23 [ RunTime:0.000793s ]
[2023-04-20T11:00:21+08:00][sql] SELECT * FROM `tp_dictionary_type` WHERE  `id` IN (0,1) [ RunTime:0.000588s ]
[2023-04-20T11:00:21+08:00][sql] SELECT * FROM `tp_field` WHERE  `module_id` = 23 [ RunTime:0.001962s ]
[2023-04-20T11:00:21+08:00][sql] SELECT * FROM `tp_module` WHERE  `id` = 23 [ RunTime:0.000626s ]
[2023-04-20T11:00:21+08:00][sql] SELECT * FROM `tp_dictionary_type` WHERE  `id` IN (0,1) [ RunTime:0.000561s ]
[2023-04-20T11:00:21+08:00][sql] SELECT * FROM `tp_cate` WHERE  `id` = 17 LIMIT 1 [ RunTime:0.000993s ]
[2023-04-20T11:00:21+08:00][sql] SHOW FULL COLUMNS FROM `tp_link` [ RunTime:0.009743s ]
[2023-04-20T11:00:21+08:00][sql] SELECT * FROM `tp_link` WHERE  `status` = 1 ORDER BY `sort` ASC,`id` DESC [ RunTime:0.001122s ]
