[2023-04-30T10:42:21+08:00][sql] CONNECT:[ UseTime:0.002093s ] mysql:host=127.0.0.1;port=3306;dbname=ztx;charset=utf8mb4
[2023-04-30T10:42:21+08:00][sql] SHOW FULL COLUMNS FROM `tp_system` [ RunTime:0.010412s ]
[2023-04-30T10:42:21+08:00][sql] SELECT * FROM `tp_system` WHERE  `id` = 1 LIMIT 1 [ RunTime:0.002260s ]
[2023-04-30T10:42:21+08:00][sql] SHOW FULL COLUMNS FROM `tp_cate` [ RunTime:0.008873s ]
[2023-04-30T10:42:21+08:00][sql] SELECT `id`,`cate_name`,`cate_folder`,`module_id` FROM `tp_cate` ORDER BY `sort` ASC,`id` ASC [ RunTime:0.000685s ]
[2023-04-30T10:42:21+08:00][sql] SHOW FULL COLUMNS FROM `tp_module` [ RunTime:0.009667s ]
[2023-04-30T10:42:21+08:00][sql] SELECT * FROM `tp_module` WHERE  `id` = 18 LIMIT 1 [ RunTime:0.000643s ]
[2023-04-30T10:42:21+08:00][sql] SELECT * FROM `tp_module` WHERE  `id` = 19 LIMIT 1 [ RunTime:0.000643s ]
[2023-04-30T10:42:21+08:00][sql] SELECT * FROM `tp_module` WHERE  `id` = 21 LIMIT 1 [ RunTime:0.000514s ]
[2023-04-30T10:42:21+08:00][sql] SELECT * FROM `tp_module` WHERE  `id` = 22 LIMIT 1 [ RunTime:0.000456s ]
[2023-04-30T10:42:21+08:00][sql] SELECT * FROM `tp_module` WHERE  `id` = 23 LIMIT 1 [ RunTime:0.000391s ]
[2023-04-30T10:42:21+08:00][sql] SELECT * FROM `tp_module` WHERE  `id` = 24 LIMIT 1 [ RunTime:0.000383s ]
[2023-04-30T10:42:21+08:00][sql] SELECT * FROM `tp_module` WHERE  `id` = 25 LIMIT 1 [ RunTime:0.000383s ]
[2023-04-30T10:42:21+08:00][sql] SELECT * FROM `tp_module` WHERE  `id` = 18 LIMIT 1 [ RunTime:0.000379s ]
[2023-04-30T10:42:21+08:00][sql] SELECT * FROM `tp_module` WHERE  `id` = 18 LIMIT 1 [ RunTime:0.000674s ]
[2023-04-30T10:42:21+08:00][sql] SELECT * FROM `tp_module` WHERE  `id` = 19 LIMIT 1 [ RunTime:0.000519s ]
[2023-04-30T10:42:21+08:00][sql] SELECT * FROM `tp_module` WHERE  `id` = 21 LIMIT 1 [ RunTime:0.000413s ]
[2023-04-30T10:42:21+08:00][sql] SELECT * FROM `tp_system` WHERE  `id` = 1 LIMIT 1 [ RunTime:0.000857s ]
[2023-04-30T10:42:21+08:00][sql] SELECT * FROM `tp_cate` WHERE  `is_menu` = 1 ORDER BY `sort` ASC,`id` DESC [ RunTime:0.001203s ]
[2023-04-30T10:42:21+08:00][sql] SELECT * FROM `tp_module` WHERE  `id` IN (18,19,21,22,23,24,25) [ RunTime:0.000854s ]
[2023-04-30T10:42:21+08:00][sql] SELECT * FROM `tp_cate` WHERE  `is_menu` = 1 ORDER BY `sort` ASC,`id` DESC [ RunTime:0.000713s ]
[2023-04-30T10:42:21+08:00][sql] SELECT * FROM `tp_module` WHERE  `id` IN (18,19,21,22,23,24,25) [ RunTime:0.000613s ]
[2023-04-30T10:42:21+08:00][sql] SHOW FULL COLUMNS FROM `tp_ad` [ RunTime:0.010133s ]
[2023-04-30T10:42:21+08:00][sql] SELECT * FROM `tp_ad` WHERE  `status` = 1  AND `type_id` = 1 ORDER BY `sort` ASC,`id` DESC [ RunTime:0.002089s ]
[2023-04-30T10:42:21+08:00][sql] SELECT * FROM `tp_ad` WHERE  `status` = 1  AND `type_id` = 1 ORDER BY `sort` ASC,`id` DESC [ RunTime:0.000508s ]
[2023-04-30T10:42:21+08:00][sql] SHOW FULL COLUMNS FROM `tp_debris` [ RunTime:0.007523s ]
[2023-04-30T10:42:21+08:00][sql] SELECT `content` FROM `tp_debris` WHERE  `name` = 'AboutUs'  AND `status` = 1 LIMIT 1 [ RunTime:0.001147s ]
[2023-04-30T10:42:21+08:00][sql] SELECT * FROM `tp_cate` WHERE  `id` = 6 LIMIT 1 [ RunTime:0.000732s ]
[2023-04-30T10:42:21+08:00][sql] SELECT * FROM `tp_module` WHERE  `id` = 19 [ RunTime:0.000464s ]
[2023-04-30T10:42:21+08:00][sql] SELECT * FROM `tp_cate` WHERE  `id` = 8 LIMIT 1 [ RunTime:0.000531s ]
[2023-04-30T10:42:21+08:00][sql] SELECT * FROM `tp_module` WHERE  `id` = 22 [ RunTime:0.000459s ]
[2023-04-30T10:42:21+08:00][sql] SELECT * FROM `tp_cate` WHERE  `id` = 8 LIMIT 1 [ RunTime:0.000500s ]
[2023-04-30T10:42:21+08:00][sql] SELECT * FROM `tp_module` WHERE  `id` = 22 [ RunTime:0.000444s ]
[2023-04-30T10:42:21+08:00][sql] SELECT * FROM `tp_cate` WHERE  `id` = 8 LIMIT 1 [ RunTime:0.000467s ]
[2023-04-30T10:42:21+08:00][sql] SELECT * FROM `tp_module` WHERE  `id` = 22 [ RunTime:0.000444s ]
[2023-04-30T10:42:21+08:00][sql] SELECT `id`,`parent_id` FROM `tp_cate` [ RunTime:0.000384s ]
[2023-04-30T10:42:21+08:00][sql] SHOW FULL COLUMNS FROM `tp_product` [ RunTime:0.008017s ]
[2023-04-30T10:42:21+08:00][sql] SELECT * FROM `tp_product` WHERE  (  status = 1  )  AND `cate_id` IN (8,9,10) ORDER BY `sort` ASC,`id` DESC LIMIT 4 [ RunTime:0.002566s ]
[2023-04-30T10:42:21+08:00][sql] SELECT * FROM `tp_cate` WHERE  `id` = 9 [ RunTime:0.000494s ]
[2023-04-30T10:42:21+08:00][sql] SELECT * FROM `tp_cate` WHERE  `id` = 9 [ RunTime:0.000421s ]
[2023-04-30T10:42:21+08:00][sql] SELECT * FROM `tp_module` WHERE  `id` = 22 [ RunTime:0.000495s ]
[2023-04-30T10:42:21+08:00][sql] SHOW FULL COLUMNS FROM `tp_field` [ RunTime:0.007534s ]
[2023-04-30T10:42:21+08:00][sql] SELECT * FROM `tp_field` WHERE  `module_id` = 22 [ RunTime:0.001436s ]
[2023-04-30T10:42:21+08:00][sql] SELECT * FROM `tp_module` WHERE  `id` = 22 [ RunTime:0.000458s ]
[2023-04-30T10:42:21+08:00][sql] SHOW FULL COLUMNS FROM `tp_dictionary_type` [ RunTime:0.006743s ]
[2023-04-30T10:42:21+08:00][sql] SELECT * FROM `tp_dictionary_type` WHERE  `id` IN (0,1) [ RunTime:0.000604s ]
[2023-04-30T10:42:21+08:00][sql] SHOW FULL COLUMNS FROM `tp_dictionary` [ RunTime:0.007666s ]
[2023-04-30T10:42:21+08:00][sql] SELECT `dict_value`,`dict_label` FROM `tp_dictionary` WHERE  `dict_type` = '1' ORDER BY `sort` ASC,`id` DESC [ RunTime:0.000729s ]
[2023-04-30T10:42:21+08:00][sql] SELECT * FROM `tp_module` WHERE  `model_name` = 'Cate' LIMIT 1 [ RunTime:0.000486s ]
[2023-04-30T10:42:21+08:00][sql] SELECT * FROM `tp_field` WHERE  `module_id` = 20  AND `field` = 'sort' LIMIT 1 [ RunTime:0.000794s ]
[2023-04-30T10:42:21+08:00][sql] SELECT * FROM `tp_module` WHERE  `model_name` = 'Cate' LIMIT 1 [ RunTime:0.000673s ]
[2023-04-30T10:42:21+08:00][sql] SELECT `id` FROM `tp_module` WHERE  `model_name` = 'Cate' LIMIT 1 [ RunTime:0.000474s ]
[2023-04-30T10:42:21+08:00][sql] SELECT `field` FROM `tp_field` WHERE  ( field = 'pid' OR field = 'parent_id'  )  AND `module_id` = 20 LIMIT 1 [ RunTime:0.000471s ]
[2023-04-30T10:42:21+08:00][sql] SELECT `id`,`cate_name`,`parent_id` FROM `tp_cate` ORDER BY `sort` ASC,`id` DESC [ RunTime:0.000384s ]
[2023-04-30T10:42:21+08:00][sql] SELECT `id` FROM `tp_cate` WHERE  `module_id` = 22 [ RunTime:0.000349s ]
[2023-04-30T10:42:21+08:00][sql] SELECT * FROM `tp_module` WHERE  `model_name` = 'UsersType' LIMIT 1 [ RunTime:0.000444s ]
[2023-04-30T10:42:21+08:00][sql] SELECT * FROM `tp_field` WHERE  `module_id` = 6  AND `field` = 'sort' LIMIT 1 [ RunTime:0.000529s ]
[2023-04-30T10:42:21+08:00][sql] SELECT * FROM `tp_module` WHERE  `model_name` = 'UsersType' LIMIT 1 [ RunTime:0.000419s ]
[2023-04-30T10:42:21+08:00][sql] SELECT `id` FROM `tp_module` WHERE  `model_name` = 'UsersType' LIMIT 1 [ RunTime:0.000332s ]
[2023-04-30T10:42:21+08:00][sql] SELECT `field` FROM `tp_field` WHERE  ( field = 'pid' OR field = 'parent_id'  )  AND `module_id` = 6 LIMIT 1 [ RunTime:0.000508s ]
[2023-04-30T10:42:21+08:00][sql] SHOW FULL COLUMNS FROM `tp_users_type` [ RunTime:0.007524s ]
[2023-04-30T10:42:21+08:00][sql] SELECT `id`,`name` FROM `tp_users_type` ORDER BY `sort` ASC,`id` DESC [ RunTime:0.000591s ]
[2023-04-30T10:42:21+08:00][sql] SELECT * FROM `tp_field` WHERE  `module_id` = 22 [ RunTime:0.001533s ]
[2023-04-30T10:42:21+08:00][sql] SELECT * FROM `tp_module` WHERE  `id` = 22 [ RunTime:0.000424s ]
[2023-04-30T10:42:21+08:00][sql] SELECT * FROM `tp_dictionary_type` WHERE  `id` IN (0,1) [ RunTime:0.000445s ]
[2023-04-30T10:42:21+08:00][sql] SELECT * FROM `tp_field` WHERE  `module_id` = 22 [ RunTime:0.001698s ]
[2023-04-30T10:42:21+08:00][sql] SELECT * FROM `tp_module` WHERE  `id` = 22 [ RunTime:0.000455s ]
[2023-04-30T10:42:21+08:00][sql] SELECT * FROM `tp_dictionary_type` WHERE  `id` IN (0,1) [ RunTime:0.000440s ]
[2023-04-30T10:42:21+08:00][sql] SELECT * FROM `tp_field` WHERE  `module_id` = 22 [ RunTime:0.001764s ]
[2023-04-30T10:42:21+08:00][sql] SELECT * FROM `tp_module` WHERE  `id` = 22 [ RunTime:0.000578s ]
[2023-04-30T10:42:21+08:00][sql] SELECT * FROM `tp_dictionary_type` WHERE  `id` IN (0,1) [ RunTime:0.000557s ]
[2023-04-30T10:42:21+08:00][sql] SELECT * FROM `tp_field` WHERE  `module_id` = 22 [ RunTime:0.001700s ]
[2023-04-30T10:42:21+08:00][sql] SELECT * FROM `tp_module` WHERE  `id` = 22 [ RunTime:0.000537s ]
[2023-04-30T10:42:21+08:00][sql] SELECT * FROM `tp_dictionary_type` WHERE  `id` IN (0,1) [ RunTime:0.000454s ]
[2023-04-30T10:42:21+08:00][sql] SELECT * FROM `tp_cate` WHERE  `id` = 4 LIMIT 1 [ RunTime:0.000511s ]
[2023-04-30T10:42:21+08:00][sql] SELECT * FROM `tp_module` WHERE  `id` = 19 [ RunTime:0.000477s ]
[2023-04-30T10:42:21+08:00][sql] SELECT * FROM `tp_cate` WHERE  `id` = 4 LIMIT 1 [ RunTime:0.000500s ]
[2023-04-30T10:42:21+08:00][sql] SELECT * FROM `tp_module` WHERE  `id` = 19 [ RunTime:0.000434s ]
[2023-04-30T10:42:21+08:00][sql] SELECT * FROM `tp_cate` WHERE  `id` = 4 LIMIT 1 [ RunTime:0.000438s ]
[2023-04-30T10:42:21+08:00][sql] SELECT * FROM `tp_module` WHERE  `id` = 19 [ RunTime:0.000410s ]
[2023-04-30T10:42:21+08:00][sql] SELECT `id`,`parent_id` FROM `tp_cate` [ RunTime:0.000357s ]
[2023-04-30T10:42:21+08:00][sql] SHOW FULL COLUMNS FROM `tp_article` [ RunTime:0.009691s ]
[2023-04-30T10:42:21+08:00][sql] SELECT * FROM `tp_article` WHERE  ( image <>'' AND status = 1  )  AND `cate_id` IN (4,5,6) ORDER BY `sort` ASC,`id` DESC LIMIT 4 [ RunTime:0.004485s ]
[2023-04-30T10:42:21+08:00][sql] SELECT * FROM `tp_cate` WHERE  `id` = 5 [ RunTime:0.000499s ]
[2023-04-30T10:42:21+08:00][sql] SELECT * FROM `tp_cate` WHERE  `id` = 5 [ RunTime:0.000503s ]
[2023-04-30T10:42:21+08:00][sql] SELECT * FROM `tp_module` WHERE  `id` = 19 [ RunTime:0.000466s ]
[2023-04-30T10:42:21+08:00][sql] SELECT * FROM `tp_field` WHERE  `module_id` = 19 [ RunTime:0.001128s ]
[2023-04-30T10:42:21+08:00][sql] SELECT * FROM `tp_module` WHERE  `id` = 19 [ RunTime:0.000427s ]
[2023-04-30T10:42:21+08:00][sql] SELECT * FROM `tp_dictionary_type` WHERE  `id` IN (0,1) [ RunTime:0.000423s ]
[2023-04-30T10:42:21+08:00][sql] SELECT `dict_value`,`dict_label` FROM `tp_dictionary` WHERE  `dict_type` = '1' ORDER BY `sort` ASC,`id` DESC [ RunTime:0.000482s ]
[2023-04-30T10:42:21+08:00][sql] SELECT * FROM `tp_module` WHERE  `model_name` = 'Cate' LIMIT 1 [ RunTime:0.000478s ]
[2023-04-30T10:42:21+08:00][sql] SELECT * FROM `tp_field` WHERE  `module_id` = 20  AND `field` = 'sort' LIMIT 1 [ RunTime:0.000755s ]
[2023-04-30T10:42:21+08:00][sql] SELECT * FROM `tp_module` WHERE  `model_name` = 'Cate' LIMIT 1 [ RunTime:0.000725s ]
[2023-04-30T10:42:21+08:00][sql] SELECT `id` FROM `tp_module` WHERE  `model_name` = 'Cate' LIMIT 1 [ RunTime:0.000752s ]
[2023-04-30T10:42:21+08:00][sql] SELECT `field` FROM `tp_field` WHERE  ( field = 'pid' OR field = 'parent_id'  )  AND `module_id` = 20 LIMIT 1 [ RunTime:0.000753s ]
[2023-04-30T10:42:21+08:00][sql] SELECT `id`,`cate_name`,`parent_id` FROM `tp_cate` ORDER BY `sort` ASC,`id` DESC [ RunTime:0.000594s ]
[2023-04-30T10:42:21+08:00][sql] SELECT `id` FROM `tp_cate` WHERE  `module_id` = 19 [ RunTime:0.000392s ]
[2023-04-30T10:42:21+08:00][sql] SELECT * FROM `tp_module` WHERE  `model_name` = 'UsersType' LIMIT 1 [ RunTime:0.000464s ]
[2023-04-30T10:42:21+08:00][sql] SELECT * FROM `tp_field` WHERE  `module_id` = 6  AND `field` = 'sort' LIMIT 1 [ RunTime:0.000567s ]
[2023-04-30T10:42:21+08:00][sql] SELECT * FROM `tp_module` WHERE  `model_name` = 'UsersType' LIMIT 1 [ RunTime:0.000516s ]
[2023-04-30T10:42:21+08:00][sql] SELECT `id` FROM `tp_module` WHERE  `model_name` = 'UsersType' LIMIT 1 [ RunTime:0.000513s ]
[2023-04-30T10:42:21+08:00][sql] SELECT `field` FROM `tp_field` WHERE  ( field = 'pid' OR field = 'parent_id'  )  AND `module_id` = 6 LIMIT 1 [ RunTime:0.000542s ]
[2023-04-30T10:42:21+08:00][sql] SELECT `id`,`name` FROM `tp_users_type` ORDER BY `sort` ASC,`id` DESC [ RunTime:0.000354s ]
[2023-04-30T10:42:21+08:00][sql] SELECT * FROM `tp_field` WHERE  `module_id` = 19 [ RunTime:0.001169s ]
[2023-04-30T10:42:21+08:00][sql] SELECT * FROM `tp_module` WHERE  `id` = 19 [ RunTime:0.000417s ]
[2023-04-30T10:42:21+08:00][sql] SELECT * FROM `tp_dictionary_type` WHERE  `id` IN (0,1) [ RunTime:0.000431s ]
[2023-04-30T10:42:21+08:00][sql] SELECT * FROM `tp_field` WHERE  `module_id` = 19 [ RunTime:0.001611s ]
[2023-04-30T10:42:21+08:00][sql] SELECT * FROM `tp_module` WHERE  `id` = 19 [ RunTime:0.000567s ]
[2023-04-30T10:42:21+08:00][sql] SELECT * FROM `tp_dictionary_type` WHERE  `id` IN (0,1) [ RunTime:0.000474s ]
[2023-04-30T10:42:21+08:00][sql] SELECT * FROM `tp_field` WHERE  `module_id` = 19 [ RunTime:0.001678s ]
[2023-04-30T10:42:21+08:00][sql] SELECT * FROM `tp_module` WHERE  `id` = 19 [ RunTime:0.000800s ]
[2023-04-30T10:42:21+08:00][sql] SELECT * FROM `tp_dictionary_type` WHERE  `id` IN (0,1) [ RunTime:0.000516s ]
[2023-04-30T10:42:21+08:00][sql] SELECT * FROM `tp_field` WHERE  `module_id` = 19 [ RunTime:0.001779s ]
[2023-04-30T10:42:21+08:00][sql] SELECT * FROM `tp_module` WHERE  `id` = 19 [ RunTime:0.000519s ]
[2023-04-30T10:42:21+08:00][sql] SELECT * FROM `tp_dictionary_type` WHERE  `id` IN (0,1) [ RunTime:0.000602s ]
[2023-04-30T10:42:21+08:00][sql] SELECT * FROM `tp_cate` WHERE  `id` = 7 LIMIT 1 [ RunTime:0.000580s ]
[2023-04-30T10:42:21+08:00][sql] SELECT * FROM `tp_module` WHERE  `id` = 21 [ RunTime:0.000455s ]
[2023-04-30T10:42:21+08:00][sql] SELECT * FROM `tp_cate` WHERE  `id` = 7 LIMIT 1 [ RunTime:0.000505s ]
[2023-04-30T10:42:21+08:00][sql] SELECT * FROM `tp_module` WHERE  `id` = 21 [ RunTime:0.000467s ]
[2023-04-30T10:42:21+08:00][sql] SELECT * FROM `tp_cate` WHERE  `id` = 7 LIMIT 1 [ RunTime:0.000474s ]
[2023-04-30T10:42:21+08:00][sql] SELECT * FROM `tp_module` WHERE  `id` = 21 [ RunTime:0.000419s ]
[2023-04-30T10:42:21+08:00][sql] SELECT `id`,`parent_id` FROM `tp_cate` [ RunTime:0.000769s ]
[2023-04-30T10:42:21+08:00][sql] SHOW FULL COLUMNS FROM `tp_picture` [ RunTime:0.009095s ]
[2023-04-30T10:42:21+08:00][sql] SELECT * FROM `tp_picture` WHERE  (  status = 1  )  AND `cate_id` = 7 ORDER BY `sort` ASC,`id` DESC LIMIT 3 [ RunTime:0.001888s ]
[2023-04-30T10:42:21+08:00][sql] SELECT * FROM `tp_cate` WHERE  `id` = 7 [ RunTime:0.000495s ]
[2023-04-30T10:42:21+08:00][sql] SELECT * FROM `tp_cate` WHERE  `id` = 7 [ RunTime:0.000419s ]
[2023-04-30T10:42:21+08:00][sql] SELECT * FROM `tp_module` WHERE  `id` = 21 [ RunTime:0.000545s ]
[2023-04-30T10:42:21+08:00][sql] SELECT * FROM `tp_field` WHERE  `module_id` = 21 [ RunTime:0.002076s ]
[2023-04-30T10:42:21+08:00][sql] SELECT * FROM `tp_module` WHERE  `id` = 21 [ RunTime:0.000559s ]
[2023-04-30T10:42:21+08:00][sql] SELECT * FROM `tp_dictionary_type` WHERE  `id` IN (0,1) [ RunTime:0.000479s ]
[2023-04-30T10:42:21+08:00][sql] SELECT `dict_value`,`dict_label` FROM `tp_dictionary` WHERE  `dict_type` = '1' ORDER BY `sort` ASC,`id` DESC [ RunTime:0.000767s ]
[2023-04-30T10:42:21+08:00][sql] SELECT * FROM `tp_module` WHERE  `model_name` = 'Cate' LIMIT 1 [ RunTime:0.001069s ]
[2023-04-30T10:42:21+08:00][sql] SELECT * FROM `tp_field` WHERE  `module_id` = 20  AND `field` = 'sort' LIMIT 1 [ RunTime:0.001391s ]
[2023-04-30T10:42:21+08:00][sql] SELECT * FROM `tp_module` WHERE  `model_name` = 'Cate' LIMIT 1 [ RunTime:0.000637s ]
[2023-04-30T10:42:21+08:00][sql] SELECT `id` FROM `tp_module` WHERE  `model_name` = 'Cate' LIMIT 1 [ RunTime:0.000363s ]
[2023-04-30T10:42:21+08:00][sql] SELECT `field` FROM `tp_field` WHERE  ( field = 'pid' OR field = 'parent_id'  )  AND `module_id` = 20 LIMIT 1 [ RunTime:0.000466s ]
[2023-04-30T10:42:21+08:00][sql] SELECT `id`,`cate_name`,`parent_id` FROM `tp_cate` ORDER BY `sort` ASC,`id` DESC [ RunTime:0.000419s ]
[2023-04-30T10:42:21+08:00][sql] SELECT `id` FROM `tp_cate` WHERE  `module_id` = 21 [ RunTime:0.000349s ]
[2023-04-30T10:42:21+08:00][sql] SELECT * FROM `tp_module` WHERE  `model_name` = 'UsersType' LIMIT 1 [ RunTime:0.000406s ]
[2023-04-30T10:42:21+08:00][sql] SELECT * FROM `tp_field` WHERE  `module_id` = 6  AND `field` = 'sort' LIMIT 1 [ RunTime:0.000514s ]
[2023-04-30T10:42:21+08:00][sql] SELECT * FROM `tp_module` WHERE  `model_name` = 'UsersType' LIMIT 1 [ RunTime:0.000627s ]
[2023-04-30T10:42:21+08:00][sql] SELECT `id` FROM `tp_module` WHERE  `model_name` = 'UsersType' LIMIT 1 [ RunTime:0.000449s ]
[2023-04-30T10:42:21+08:00][sql] SELECT `field` FROM `tp_field` WHERE  ( field = 'pid' OR field = 'parent_id'  )  AND `module_id` = 6 LIMIT 1 [ RunTime:0.000512s ]
[2023-04-30T10:42:21+08:00][sql] SELECT `id`,`name` FROM `tp_users_type` ORDER BY `sort` ASC,`id` DESC [ RunTime:0.000455s ]
[2023-04-30T10:42:21+08:00][sql] SELECT * FROM `tp_field` WHERE  `module_id` = 21 [ RunTime:0.001267s ]
[2023-04-30T10:42:21+08:00][sql] SELECT * FROM `tp_module` WHERE  `id` = 21 [ RunTime:0.000426s ]
[2023-04-30T10:42:21+08:00][sql] SELECT * FROM `tp_dictionary_type` WHERE  `id` IN (0,1) [ RunTime:0.000390s ]
[2023-04-30T10:42:21+08:00][sql] SELECT * FROM `tp_field` WHERE  `module_id` = 21 [ RunTime:0.001687s ]
[2023-04-30T10:42:21+08:00][sql] SELECT * FROM `tp_module` WHERE  `id` = 21 [ RunTime:0.000538s ]
[2023-04-30T10:42:21+08:00][sql] SELECT * FROM `tp_dictionary_type` WHERE  `id` IN (0,1) [ RunTime:0.000458s ]
[2023-04-30T10:42:21+08:00][sql] SELECT * FROM `tp_field` WHERE  `module_id` = 21 [ RunTime:0.001789s ]
[2023-04-30T10:42:21+08:00][sql] SELECT * FROM `tp_module` WHERE  `id` = 21 [ RunTime:0.000592s ]
[2023-04-30T10:42:21+08:00][sql] SELECT * FROM `tp_dictionary_type` WHERE  `id` IN (0,1) [ RunTime:0.000535s ]
[2023-04-30T10:42:21+08:00][sql] SELECT * FROM `tp_cate` WHERE  `id` = 12 LIMIT 1 [ RunTime:0.000650s ]
[2023-04-30T10:42:21+08:00][sql] SELECT * FROM `tp_module` WHERE  `id` = 24 [ RunTime:0.000482s ]
[2023-04-30T10:42:21+08:00][sql] SELECT `id`,`parent_id` FROM `tp_cate` [ RunTime:0.000373s ]
[2023-04-30T10:42:21+08:00][sql] SHOW FULL COLUMNS FROM `tp_team` [ RunTime:0.008271s ]
[2023-04-30T10:42:21+08:00][sql] SELECT * FROM `tp_team` WHERE  (  status = 1  )  AND `cate_id` = 12 ORDER BY `sort` ASC,`id` DESC LIMIT 6 [ RunTime:0.003213s ]
[2023-04-30T10:42:21+08:00][sql] SELECT * FROM `tp_cate` WHERE  `id` = 12 [ RunTime:0.000766s ]
[2023-04-30T10:42:21+08:00][sql] SELECT * FROM `tp_cate` WHERE  `id` = 12 [ RunTime:0.000609s ]
[2023-04-30T10:42:21+08:00][sql] SELECT * FROM `tp_module` WHERE  `id` = 24 [ RunTime:0.000516s ]
[2023-04-30T10:42:21+08:00][sql] SELECT * FROM `tp_field` WHERE  `module_id` = 24 [ RunTime:0.001204s ]
[2023-04-30T10:42:21+08:00][sql] SELECT * FROM `tp_module` WHERE  `id` = 24 [ RunTime:0.000426s ]
[2023-04-30T10:42:21+08:00][sql] SELECT * FROM `tp_dictionary_type` WHERE  `id` IN (0,1,10,4) [ RunTime:0.000425s ]
[2023-04-30T10:42:21+08:00][sql] SELECT `dict_value`,`dict_label` FROM `tp_dictionary` WHERE  `dict_type` = '1' ORDER BY `sort` ASC,`id` DESC [ RunTime:0.000558s ]
[2023-04-30T10:42:21+08:00][sql] SELECT * FROM `tp_module` WHERE  `model_name` = 'Cate' LIMIT 1 [ RunTime:0.000557s ]
[2023-04-30T10:42:21+08:00][sql] SELECT * FROM `tp_field` WHERE  `module_id` = 20  AND `field` = 'sort' LIMIT 1 [ RunTime:0.000991s ]
[2023-04-30T10:42:21+08:00][sql] SELECT * FROM `tp_module` WHERE  `model_name` = 'Cate' LIMIT 1 [ RunTime:0.000448s ]
[2023-04-30T10:42:21+08:00][sql] SELECT `id` FROM `tp_module` WHERE  `model_name` = 'Cate' LIMIT 1 [ RunTime:0.000345s ]
[2023-04-30T10:42:21+08:00][sql] SELECT `field` FROM `tp_field` WHERE  ( field = 'pid' OR field = 'parent_id'  )  AND `module_id` = 20 LIMIT 1 [ RunTime:0.000459s ]
[2023-04-30T10:42:21+08:00][sql] SELECT `id`,`cate_name`,`parent_id` FROM `tp_cate` ORDER BY `sort` ASC,`id` DESC [ RunTime:0.000394s ]
[2023-04-30T10:42:21+08:00][sql] SELECT `id` FROM `tp_cate` WHERE  `module_id` = 24 [ RunTime:0.000651s ]
[2023-04-30T10:42:21+08:00][sql] SELECT `dict_value`,`dict_label` FROM `tp_dictionary` WHERE  `dict_type` = '10' ORDER BY `sort` ASC,`id` DESC [ RunTime:0.000877s ]
[2023-04-30T10:42:21+08:00][sql] SELECT `dict_value`,`dict_label` FROM `tp_dictionary` WHERE  `dict_type` = '4' ORDER BY `sort` ASC,`id` DESC [ RunTime:0.000557s ]
[2023-04-30T10:42:21+08:00][sql] SELECT * FROM `tp_module` WHERE  `model_name` = 'UsersType' LIMIT 1 [ RunTime:0.000621s ]
[2023-04-30T10:42:21+08:00][sql] SELECT * FROM `tp_field` WHERE  `module_id` = 6  AND `field` = 'sort' LIMIT 1 [ RunTime:0.000544s ]
[2023-04-30T10:42:21+08:00][sql] SELECT * FROM `tp_module` WHERE  `model_name` = 'UsersType' LIMIT 1 [ RunTime:0.000373s ]
[2023-04-30T10:42:21+08:00][sql] SELECT `id` FROM `tp_module` WHERE  `model_name` = 'UsersType' LIMIT 1 [ RunTime:0.000340s ]
[2023-04-30T10:42:21+08:00][sql] SELECT `field` FROM `tp_field` WHERE  ( field = 'pid' OR field = 'parent_id'  )  AND `module_id` = 6 LIMIT 1 [ RunTime:0.000556s ]
[2023-04-30T10:42:21+08:00][sql] SELECT `id`,`name` FROM `tp_users_type` ORDER BY `sort` ASC,`id` DESC [ RunTime:0.000340s ]
[2023-04-30T10:42:21+08:00][sql] SELECT * FROM `tp_field` WHERE  `module_id` = 24 [ RunTime:0.001270s ]
[2023-04-30T10:42:21+08:00][sql] SELECT * FROM `tp_module` WHERE  `id` = 24 [ RunTime:0.000382s ]
[2023-04-30T10:42:21+08:00][sql] SELECT * FROM `tp_dictionary_type` WHERE  `id` IN (0,1,10,4) [ RunTime:0.000394s ]
[2023-04-30T10:42:21+08:00][sql] SELECT * FROM `tp_field` WHERE  `module_id` = 24 [ RunTime:0.001777s ]
[2023-04-30T10:42:21+08:00][sql] SELECT * FROM `tp_module` WHERE  `id` = 24 [ RunTime:0.000454s ]
[2023-04-30T10:42:21+08:00][sql] SELECT * FROM `tp_dictionary_type` WHERE  `id` IN (0,1,10,4) [ RunTime:0.000461s ]
[2023-04-30T10:42:21+08:00][sql] SELECT * FROM `tp_field` WHERE  `module_id` = 24 [ RunTime:0.001822s ]
[2023-04-30T10:42:21+08:00][sql] SELECT * FROM `tp_module` WHERE  `id` = 24 [ RunTime:0.000545s ]
[2023-04-30T10:42:21+08:00][sql] SELECT * FROM `tp_dictionary_type` WHERE  `id` IN (0,1,10,4) [ RunTime:0.000490s ]
[2023-04-30T10:42:21+08:00][sql] SELECT * FROM `tp_field` WHERE  `module_id` = 24 [ RunTime:0.001677s ]
[2023-04-30T10:42:21+08:00][sql] SELECT * FROM `tp_module` WHERE  `id` = 24 [ RunTime:0.001131s ]
[2023-04-30T10:42:21+08:00][sql] SELECT * FROM `tp_dictionary_type` WHERE  `id` IN (0,1,10,4) [ RunTime:0.000473s ]
[2023-04-30T10:42:21+08:00][sql] SELECT * FROM `tp_field` WHERE  `module_id` = 24 [ RunTime:0.002144s ]
[2023-04-30T10:42:21+08:00][sql] SELECT * FROM `tp_module` WHERE  `id` = 24 [ RunTime:0.000615s ]
[2023-04-30T10:42:21+08:00][sql] SELECT * FROM `tp_dictionary_type` WHERE  `id` IN (0,1,10,4) [ RunTime:0.000506s ]
[2023-04-30T10:42:21+08:00][sql] SELECT * FROM `tp_field` WHERE  `module_id` = 24 [ RunTime:0.001745s ]
[2023-04-30T10:42:21+08:00][sql] SELECT * FROM `tp_module` WHERE  `id` = 24 [ RunTime:0.000561s ]
[2023-04-30T10:42:21+08:00][sql] SELECT * FROM `tp_dictionary_type` WHERE  `id` IN (0,1,10,4) [ RunTime:0.000611s ]
[2023-04-30T10:42:21+08:00][sql] SELECT * FROM `tp_cate` WHERE  `id` = 12 LIMIT 1 [ RunTime:0.000528s ]
[2023-04-30T10:42:21+08:00][sql] SELECT * FROM `tp_module` WHERE  `id` = 24 [ RunTime:0.000450s ]
[2023-04-30T10:42:21+08:00][sql] SELECT `id`,`parent_id` FROM `tp_cate` [ RunTime:0.000380s ]
[2023-04-30T10:42:21+08:00][sql] SELECT * FROM `tp_team` WHERE  (  status = 1  )  AND `cate_id` = 12 ORDER BY `sort` ASC,`id` DESC LIMIT 6 [ RunTime:0.000539s ]
[2023-04-30T10:42:21+08:00][sql] SELECT * FROM `tp_cate` WHERE  `id` = 12 [ RunTime:0.000423s ]
[2023-04-30T10:42:21+08:00][sql] SELECT * FROM `tp_cate` WHERE  `id` = 12 [ RunTime:0.000540s ]
[2023-04-30T10:42:21+08:00][sql] SELECT * FROM `tp_module` WHERE  `id` = 24 [ RunTime:0.000414s ]
[2023-04-30T10:42:21+08:00][sql] SELECT * FROM `tp_field` WHERE  `module_id` = 24 [ RunTime:0.001460s ]
[2023-04-30T10:42:21+08:00][sql] SELECT * FROM `tp_module` WHERE  `id` = 24 [ RunTime:0.000398s ]
[2023-04-30T10:42:21+08:00][sql] SELECT * FROM `tp_dictionary_type` WHERE  `id` IN (0,1,10,4) [ RunTime:0.000426s ]
[2023-04-30T10:42:21+08:00][sql] SELECT `dict_value`,`dict_label` FROM `tp_dictionary` WHERE  `dict_type` = '1' ORDER BY `sort` ASC,`id` DESC [ RunTime:0.000424s ]
[2023-04-30T10:42:21+08:00][sql] SELECT * FROM `tp_module` WHERE  `model_name` = 'Cate' LIMIT 1 [ RunTime:0.000511s ]
[2023-04-30T10:42:21+08:00][sql] SELECT * FROM `tp_field` WHERE  `module_id` = 20  AND `field` = 'sort' LIMIT 1 [ RunTime:0.001034s ]
[2023-04-30T10:42:21+08:00][sql] SELECT * FROM `tp_module` WHERE  `model_name` = 'Cate' LIMIT 1 [ RunTime:0.000598s ]
[2023-04-30T10:42:21+08:00][sql] SELECT `id` FROM `tp_module` WHERE  `model_name` = 'Cate' LIMIT 1 [ RunTime:0.000461s ]
[2023-04-30T10:42:21+08:00][sql] SELECT `field` FROM `tp_field` WHERE  ( field = 'pid' OR field = 'parent_id'  )  AND `module_id` = 20 LIMIT 1 [ RunTime:0.000526s ]
[2023-04-30T10:42:21+08:00][sql] SELECT `id`,`cate_name`,`parent_id` FROM `tp_cate` ORDER BY `sort` ASC,`id` DESC [ RunTime:0.000419s ]
[2023-04-30T10:42:21+08:00][sql] SELECT `id` FROM `tp_cate` WHERE  `module_id` = 24 [ RunTime:0.000314s ]
[2023-04-30T10:42:21+08:00][sql] SELECT `dict_value`,`dict_label` FROM `tp_dictionary` WHERE  `dict_type` = '10' ORDER BY `sort` ASC,`id` DESC [ RunTime:0.000347s ]
[2023-04-30T10:42:21+08:00][sql] SELECT `dict_value`,`dict_label` FROM `tp_dictionary` WHERE  `dict_type` = '4' ORDER BY `sort` ASC,`id` DESC [ RunTime:0.000412s ]
[2023-04-30T10:42:21+08:00][sql] SELECT * FROM `tp_module` WHERE  `model_name` = 'UsersType' LIMIT 1 [ RunTime:0.000408s ]
[2023-04-30T10:42:21+08:00][sql] SELECT * FROM `tp_field` WHERE  `module_id` = 6  AND `field` = 'sort' LIMIT 1 [ RunTime:0.000523s ]
[2023-04-30T10:42:21+08:00][sql] SELECT * FROM `tp_module` WHERE  `model_name` = 'UsersType' LIMIT 1 [ RunTime:0.000402s ]
[2023-04-30T10:42:21+08:00][sql] SELECT `id` FROM `tp_module` WHERE  `model_name` = 'UsersType' LIMIT 1 [ RunTime:0.000332s ]
[2023-04-30T10:42:21+08:00][sql] SELECT `field` FROM `tp_field` WHERE  ( field = 'pid' OR field = 'parent_id'  )  AND `module_id` = 6 LIMIT 1 [ RunTime:0.000611s ]
[2023-04-30T10:42:21+08:00][sql] SELECT `id`,`name` FROM `tp_users_type` ORDER BY `sort` ASC,`id` DESC [ RunTime:0.000641s ]
[2023-04-30T10:42:21+08:00][sql] SELECT * FROM `tp_field` WHERE  `module_id` = 24 [ RunTime:0.001743s ]
[2023-04-30T10:42:21+08:00][sql] SELECT * FROM `tp_module` WHERE  `id` = 24 [ RunTime:0.000584s ]
[2023-04-30T10:42:21+08:00][sql] SELECT * FROM `tp_dictionary_type` WHERE  `id` IN (0,1,10,4) [ RunTime:0.000427s ]
[2023-04-30T10:42:21+08:00][sql] SELECT * FROM `tp_field` WHERE  `module_id` = 24 [ RunTime:0.001758s ]
[2023-04-30T10:42:21+08:00][sql] SELECT * FROM `tp_module` WHERE  `id` = 24 [ RunTime:0.000451s ]
[2023-04-30T10:42:21+08:00][sql] SELECT * FROM `tp_dictionary_type` WHERE  `id` IN (0,1,10,4) [ RunTime:0.000427s ]
[2023-04-30T10:42:21+08:00][sql] SELECT * FROM `tp_field` WHERE  `module_id` = 24 [ RunTime:0.001756s ]
[2023-04-30T10:42:21+08:00][sql] SELECT * FROM `tp_module` WHERE  `id` = 24 [ RunTime:0.000667s ]
[2023-04-30T10:42:21+08:00][sql] SELECT * FROM `tp_dictionary_type` WHERE  `id` IN (0,1,10,4) [ RunTime:0.000470s ]
[2023-04-30T10:42:21+08:00][sql] SELECT * FROM `tp_field` WHERE  `module_id` = 24 [ RunTime:0.001710s ]
[2023-04-30T10:42:21+08:00][sql] SELECT * FROM `tp_module` WHERE  `id` = 24 [ RunTime:0.000518s ]
[2023-04-30T10:42:21+08:00][sql] SELECT * FROM `tp_dictionary_type` WHERE  `id` IN (0,1,10,4) [ RunTime:0.000480s ]
[2023-04-30T10:42:21+08:00][sql] SELECT * FROM `tp_field` WHERE  `module_id` = 24 [ RunTime:0.002067s ]
[2023-04-30T10:42:21+08:00][sql] SELECT * FROM `tp_module` WHERE  `id` = 24 [ RunTime:0.000650s ]
[2023-04-30T10:42:21+08:00][sql] SELECT * FROM `tp_dictionary_type` WHERE  `id` IN (0,1,10,4) [ RunTime:0.000448s ]
[2023-04-30T10:42:21+08:00][sql] SELECT * FROM `tp_field` WHERE  `module_id` = 24 [ RunTime:0.001802s ]
[2023-04-30T10:42:21+08:00][sql] SELECT * FROM `tp_module` WHERE  `id` = 24 [ RunTime:0.000490s ]
[2023-04-30T10:42:21+08:00][sql] SELECT * FROM `tp_dictionary_type` WHERE  `id` IN (0,1,10,4) [ RunTime:0.000494s ]
[2023-04-30T10:42:21+08:00][sql] SELECT * FROM `tp_cate` WHERE  `id` = 11 LIMIT 1 [ RunTime:0.000656s ]
[2023-04-30T10:42:21+08:00][sql] SELECT * FROM `tp_module` WHERE  `id` = 23 [ RunTime:0.000452s ]
[2023-04-30T10:42:21+08:00][sql] SELECT * FROM `tp_cate` WHERE  `id` = 11 LIMIT 1 [ RunTime:0.000463s ]
[2023-04-30T10:42:21+08:00][sql] SELECT * FROM `tp_module` WHERE  `id` = 23 [ RunTime:0.000454s ]
[2023-04-30T10:42:21+08:00][sql] SELECT * FROM `tp_cate` WHERE  `id` = 11 LIMIT 1 [ RunTime:0.000446s ]
[2023-04-30T10:42:21+08:00][sql] SELECT * FROM `tp_module` WHERE  `id` = 23 [ RunTime:0.000412s ]
[2023-04-30T10:42:21+08:00][sql] SELECT `id`,`parent_id` FROM `tp_cate` [ RunTime:0.000351s ]
[2023-04-30T10:42:21+08:00][sql] SHOW FULL COLUMNS FROM `tp_download` [ RunTime:0.007723s ]
[2023-04-30T10:42:21+08:00][sql] SELECT * FROM `tp_download` WHERE  (  status = 1  )  AND `cate_id` = 11 ORDER BY `sort` ASC,`id` DESC LIMIT 3 [ RunTime:0.002002s ]
[2023-04-30T10:42:21+08:00][sql] SELECT * FROM `tp_cate` WHERE  `id` = 11 [ RunTime:0.000525s ]
[2023-04-30T10:42:21+08:00][sql] SELECT * FROM `tp_cate` WHERE  `id` = 11 [ RunTime:0.000436s ]
[2023-04-30T10:42:21+08:00][sql] SELECT * FROM `tp_module` WHERE  `id` = 23 [ RunTime:0.000488s ]
[2023-04-30T10:42:21+08:00][sql] SELECT * FROM `tp_field` WHERE  `module_id` = 23 [ RunTime:0.001229s ]
[2023-04-30T10:42:21+08:00][sql] SELECT * FROM `tp_module` WHERE  `id` = 23 [ RunTime:0.000513s ]
[2023-04-30T10:42:21+08:00][sql] SELECT * FROM `tp_dictionary_type` WHERE  `id` IN (0,1) [ RunTime:0.000438s ]
[2023-04-30T10:42:21+08:00][sql] SELECT `dict_value`,`dict_label` FROM `tp_dictionary` WHERE  `dict_type` = '1' ORDER BY `sort` ASC,`id` DESC [ RunTime:0.001111s ]
[2023-04-30T10:42:21+08:00][sql] SELECT * FROM `tp_module` WHERE  `model_name` = 'Cate' LIMIT 1 [ RunTime:0.000801s ]
[2023-04-30T10:42:21+08:00][sql] SELECT * FROM `tp_field` WHERE  `module_id` = 20  AND `field` = 'sort' LIMIT 1 [ RunTime:0.001176s ]
[2023-04-30T10:42:21+08:00][sql] SELECT * FROM `tp_module` WHERE  `model_name` = 'Cate' LIMIT 1 [ RunTime:0.000524s ]
[2023-04-30T10:42:21+08:00][sql] SELECT `id` FROM `tp_module` WHERE  `model_name` = 'Cate' LIMIT 1 [ RunTime:0.000418s ]
[2023-04-30T10:42:21+08:00][sql] SELECT `field` FROM `tp_field` WHERE  ( field = 'pid' OR field = 'parent_id'  )  AND `module_id` = 20 LIMIT 1 [ RunTime:0.000623s ]
[2023-04-30T10:42:21+08:00][sql] SELECT `id`,`cate_name`,`parent_id` FROM `tp_cate` ORDER BY `sort` ASC,`id` DESC [ RunTime:0.000506s ]
[2023-04-30T10:42:21+08:00][sql] SELECT `id` FROM `tp_cate` WHERE  `module_id` = 23 [ RunTime:0.000451s ]
[2023-04-30T10:42:21+08:00][sql] SELECT * FROM `tp_module` WHERE  `model_name` = 'UsersType' LIMIT 1 [ RunTime:0.000536s ]
[2023-04-30T10:42:21+08:00][sql] SELECT * FROM `tp_field` WHERE  `module_id` = 6  AND `field` = 'sort' LIMIT 1 [ RunTime:0.000543s ]
[2023-04-30T10:42:21+08:00][sql] SELECT * FROM `tp_module` WHERE  `model_name` = 'UsersType' LIMIT 1 [ RunTime:0.000397s ]
[2023-04-30T10:42:21+08:00][sql] SELECT `id` FROM `tp_module` WHERE  `model_name` = 'UsersType' LIMIT 1 [ RunTime:0.000309s ]
[2023-04-30T10:42:21+08:00][sql] SELECT `field` FROM `tp_field` WHERE  ( field = 'pid' OR field = 'parent_id'  )  AND `module_id` = 6 LIMIT 1 [ RunTime:0.000480s ]
[2023-04-30T10:42:21+08:00][sql] SELECT `id`,`name` FROM `tp_users_type` ORDER BY `sort` ASC,`id` DESC [ RunTime:0.000302s ]
[2023-04-30T10:42:21+08:00][sql] SELECT * FROM `tp_field` WHERE  `module_id` = 23 [ RunTime:0.001282s ]
[2023-04-30T10:42:21+08:00][sql] SELECT * FROM `tp_module` WHERE  `id` = 23 [ RunTime:0.000413s ]
[2023-04-30T10:42:21+08:00][sql] SELECT * FROM `tp_dictionary_type` WHERE  `id` IN (0,1) [ RunTime:0.000409s ]
[2023-04-30T10:42:21+08:00][sql] SELECT * FROM `tp_field` WHERE  `module_id` = 23 [ RunTime:0.001791s ]
[2023-04-30T10:42:21+08:00][sql] SELECT * FROM `tp_module` WHERE  `id` = 23 [ RunTime:0.000438s ]
[2023-04-30T10:42:21+08:00][sql] SELECT * FROM `tp_dictionary_type` WHERE  `id` IN (0,1) [ RunTime:0.000436s ]
[2023-04-30T10:42:21+08:00][sql] SELECT * FROM `tp_field` WHERE  `module_id` = 23 [ RunTime:0.002035s ]
[2023-04-30T10:42:21+08:00][sql] SELECT * FROM `tp_module` WHERE  `id` = 23 [ RunTime:0.000851s ]
[2023-04-30T10:42:21+08:00][sql] SELECT * FROM `tp_dictionary_type` WHERE  `id` IN (0,1) [ RunTime:0.000499s ]
[2023-04-30T10:42:21+08:00][sql] SELECT * FROM `tp_cate` WHERE  `id` = 17 LIMIT 1 [ RunTime:0.000529s ]
[2023-04-30T10:42:21+08:00][sql] SHOW FULL COLUMNS FROM `tp_link` [ RunTime:0.008197s ]
[2023-04-30T10:42:21+08:00][sql] SELECT * FROM `tp_link` WHERE  `status` = 1 ORDER BY `sort` ASC,`id` DESC [ RunTime:0.001740s ]
[2023-04-30T10:42:26+08:00][sql] CONNECT:[ UseTime:0.021335s ] mysql:host=127.0.0.1;port=3306;dbname=ztx;charset=utf8mb4
[2023-04-30T10:42:26+08:00][sql] SHOW FULL COLUMNS FROM `tp_system` [ RunTime:0.009957s ]
[2023-04-30T10:42:26+08:00][sql] SELECT * FROM `tp_system` WHERE  `id` = 1 LIMIT 1 [ RunTime:0.001113s ]
[2023-04-30T10:42:26+08:00][sql] SHOW FULL COLUMNS FROM `tp_cate` [ RunTime:0.010403s ]
[2023-04-30T10:42:26+08:00][sql] SELECT `id`,`cate_name`,`cate_folder`,`module_id` FROM `tp_cate` ORDER BY `sort` ASC,`id` ASC [ RunTime:0.000635s ]
[2023-04-30T10:42:26+08:00][sql] SHOW FULL COLUMNS FROM `tp_module` [ RunTime:0.010735s ]
[2023-04-30T10:42:26+08:00][sql] SELECT * FROM `tp_module` WHERE  `id` = 18 LIMIT 1 [ RunTime:0.000576s ]
[2023-04-30T10:42:26+08:00][sql] SELECT * FROM `tp_module` WHERE  `id` = 19 LIMIT 1 [ RunTime:0.000506s ]
[2023-04-30T10:42:26+08:00][sql] SELECT * FROM `tp_module` WHERE  `id` = 21 LIMIT 1 [ RunTime:0.000381s ]
[2023-04-30T10:42:26+08:00][sql] SELECT * FROM `tp_module` WHERE  `id` = 22 LIMIT 1 [ RunTime:0.000387s ]
[2023-04-30T10:42:26+08:00][sql] SELECT * FROM `tp_module` WHERE  `id` = 23 LIMIT 1 [ RunTime:0.000389s ]
[2023-04-30T10:42:26+08:00][sql] SELECT * FROM `tp_module` WHERE  `id` = 24 LIMIT 1 [ RunTime:0.000372s ]
[2023-04-30T10:42:26+08:00][sql] SELECT * FROM `tp_module` WHERE  `id` = 25 LIMIT 1 [ RunTime:0.000393s ]
[2023-04-30T10:42:26+08:00][sql] SELECT * FROM `tp_module` WHERE  `id` = 18 LIMIT 1 [ RunTime:0.000412s ]
[2023-04-30T10:42:26+08:00][sql] SELECT * FROM `tp_module` WHERE  `id` = 18 LIMIT 1 [ RunTime:0.000728s ]
[2023-04-30T10:42:26+08:00][sql] SELECT * FROM `tp_module` WHERE  `id` = 19 LIMIT 1 [ RunTime:0.000516s ]
[2023-04-30T10:42:26+08:00][sql] SELECT * FROM `tp_module` WHERE  `id` = 21 LIMIT 1 [ RunTime:0.000431s ]
[2023-04-30T10:42:26+08:00][sql] SELECT * FROM `tp_system` WHERE  `id` = 1 LIMIT 1 [ RunTime:0.000753s ]
[2023-04-30T10:42:27+08:00][sql] CONNECT:[ UseTime:0.001236s ] mysql:host=127.0.0.1;port=3306;dbname=ztx;charset=utf8mb4
[2023-04-30T10:42:27+08:00][sql] SHOW FULL COLUMNS FROM `tp_system` [ RunTime:0.009955s ]
[2023-04-30T10:42:27+08:00][sql] SELECT * FROM `tp_system` WHERE  `id` = 1 LIMIT 1 [ RunTime:0.001215s ]
[2023-04-30T10:42:27+08:00][sql] SHOW FULL COLUMNS FROM `tp_cate` [ RunTime:0.010661s ]
[2023-04-30T10:42:27+08:00][sql] SELECT `id`,`cate_name`,`cate_folder`,`module_id` FROM `tp_cate` ORDER BY `sort` ASC,`id` ASC [ RunTime:0.000863s ]
[2023-04-30T10:42:27+08:00][sql] SHOW FULL COLUMNS FROM `tp_module` [ RunTime:0.009639s ]
[2023-04-30T10:42:27+08:00][sql] SELECT * FROM `tp_module` WHERE  `id` = 18 LIMIT 1 [ RunTime:0.000637s ]
[2023-04-30T10:42:27+08:00][sql] SELECT * FROM `tp_module` WHERE  `id` = 19 LIMIT 1 [ RunTime:0.000619s ]
[2023-04-30T10:42:27+08:00][sql] SELECT * FROM `tp_module` WHERE  `id` = 21 LIMIT 1 [ RunTime:0.000431s ]
[2023-04-30T10:42:27+08:00][sql] SELECT * FROM `tp_module` WHERE  `id` = 22 LIMIT 1 [ RunTime:0.000448s ]
[2023-04-30T10:42:27+08:00][sql] SELECT * FROM `tp_module` WHERE  `id` = 23 LIMIT 1 [ RunTime:0.000394s ]
[2023-04-30T10:42:27+08:00][sql] SELECT * FROM `tp_module` WHERE  `id` = 24 LIMIT 1 [ RunTime:0.000374s ]
[2023-04-30T10:42:27+08:00][sql] SELECT * FROM `tp_module` WHERE  `id` = 25 LIMIT 1 [ RunTime:0.000397s ]
[2023-04-30T10:42:27+08:00][sql] SELECT * FROM `tp_module` WHERE  `id` = 18 LIMIT 1 [ RunTime:0.000382s ]
[2023-04-30T10:42:27+08:00][sql] SELECT * FROM `tp_module` WHERE  `id` = 18 LIMIT 1 [ RunTime:0.000386s ]
[2023-04-30T10:42:27+08:00][sql] SELECT * FROM `tp_module` WHERE  `id` = 19 LIMIT 1 [ RunTime:0.000568s ]
[2023-04-30T10:42:27+08:00][sql] SELECT * FROM `tp_module` WHERE  `id` = 21 LIMIT 1 [ RunTime:0.000862s ]
[2023-04-30T10:42:27+08:00][sql] SELECT * FROM `tp_system` WHERE  `id` = 1 LIMIT 1 [ RunTime:0.000878s ]
[2023-04-30T10:42:29+08:00][sql] CONNECT:[ UseTime:0.023715s ] mysql:host=127.0.0.1;port=3306;dbname=ztx;charset=utf8mb4
[2023-04-30T10:42:29+08:00][sql] SHOW FULL COLUMNS FROM `tp_system` [ RunTime:0.010178s ]
[2023-04-30T10:42:29+08:00][sql] SELECT * FROM `tp_system` WHERE  `id` = 1 LIMIT 1 [ RunTime:0.000624s ]
[2023-04-30T10:42:29+08:00][sql] SHOW FULL COLUMNS FROM `tp_cate` [ RunTime:0.008702s ]
[2023-04-30T10:42:29+08:00][sql] SELECT `id`,`cate_name`,`cate_folder`,`module_id` FROM `tp_cate` ORDER BY `sort` ASC,`id` ASC [ RunTime:0.000581s ]
[2023-04-30T10:42:29+08:00][sql] SHOW FULL COLUMNS FROM `tp_module` [ RunTime:0.008634s ]
[2023-04-30T10:42:29+08:00][sql] SELECT * FROM `tp_module` WHERE  `id` = 18 LIMIT 1 [ RunTime:0.000582s ]
[2023-04-30T10:42:29+08:00][sql] SELECT * FROM `tp_module` WHERE  `id` = 19 LIMIT 1 [ RunTime:0.000747s ]
[2023-04-30T10:42:29+08:00][sql] SELECT * FROM `tp_module` WHERE  `id` = 21 LIMIT 1 [ RunTime:0.000522s ]
[2023-04-30T10:42:29+08:00][sql] SELECT * FROM `tp_module` WHERE  `id` = 22 LIMIT 1 [ RunTime:0.000420s ]
[2023-04-30T10:42:29+08:00][sql] SELECT * FROM `tp_module` WHERE  `id` = 23 LIMIT 1 [ RunTime:0.000411s ]
[2023-04-30T10:42:29+08:00][sql] SELECT * FROM `tp_module` WHERE  `id` = 24 LIMIT 1 [ RunTime:0.000611s ]
[2023-04-30T10:42:29+08:00][sql] SELECT * FROM `tp_module` WHERE  `id` = 25 LIMIT 1 [ RunTime:0.000891s ]
[2023-04-30T10:42:29+08:00][sql] SELECT * FROM `tp_module` WHERE  `id` = 18 LIMIT 1 [ RunTime:0.000552s ]
[2023-04-30T10:42:29+08:00][sql] SELECT * FROM `tp_module` WHERE  `id` = 18 LIMIT 1 [ RunTime:0.000626s ]
[2023-04-30T10:42:29+08:00][sql] SELECT * FROM `tp_module` WHERE  `id` = 19 LIMIT 1 [ RunTime:0.000499s ]
[2023-04-30T10:42:29+08:00][sql] SELECT * FROM `tp_module` WHERE  `id` = 21 LIMIT 1 [ RunTime:0.000484s ]
[2023-04-30T10:42:29+08:00][sql] SELECT * FROM `tp_system` WHERE  `id` = 1 LIMIT 1 [ RunTime:0.000881s ]
[2023-04-30T10:43:01+08:00][sql] CONNECT:[ UseTime:0.012905s ] mysql:host=127.0.0.1;port=3306;dbname=ztx;charset=utf8mb4
[2023-04-30T10:43:01+08:00][sql] SHOW FULL COLUMNS FROM `tp_system` [ RunTime:0.009410s ]
[2023-04-30T10:43:01+08:00][sql] SELECT * FROM `tp_system` WHERE  `id` = 1 LIMIT 1 [ RunTime:0.000679s ]
[2023-04-30T10:43:01+08:00][sql] SHOW FULL COLUMNS FROM `tp_cate` [ RunTime:0.008068s ]
[2023-04-30T10:43:01+08:00][sql] SELECT `id`,`cate_name`,`cate_folder`,`module_id` FROM `tp_cate` ORDER BY `sort` ASC,`id` ASC [ RunTime:0.000576s ]
[2023-04-30T10:43:01+08:00][sql] SHOW FULL COLUMNS FROM `tp_module` [ RunTime:0.008451s ]
[2023-04-30T10:43:01+08:00][sql] SELECT * FROM `tp_module` WHERE  `id` = 18 LIMIT 1 [ RunTime:0.000656s ]
[2023-04-30T10:43:01+08:00][sql] SELECT * FROM `tp_module` WHERE  `id` = 19 LIMIT 1 [ RunTime:0.000600s ]
[2023-04-30T10:43:01+08:00][sql] SELECT * FROM `tp_module` WHERE  `id` = 21 LIMIT 1 [ RunTime:0.000591s ]
[2023-04-30T10:43:01+08:00][sql] SELECT * FROM `tp_module` WHERE  `id` = 22 LIMIT 1 [ RunTime:0.000551s ]
[2023-04-30T10:43:01+08:00][sql] SELECT * FROM `tp_module` WHERE  `id` = 23 LIMIT 1 [ RunTime:0.000655s ]
[2023-04-30T10:43:01+08:00][sql] SELECT * FROM `tp_module` WHERE  `id` = 24 LIMIT 1 [ RunTime:0.000545s ]
[2023-04-30T10:43:01+08:00][sql] SELECT * FROM `tp_module` WHERE  `id` = 25 LIMIT 1 [ RunTime:0.000552s ]
[2023-04-30T10:43:01+08:00][sql] SELECT * FROM `tp_module` WHERE  `id` = 18 LIMIT 1 [ RunTime:0.000546s ]
[2023-04-30T10:43:01+08:00][sql] SELECT * FROM `tp_module` WHERE  `id` = 18 LIMIT 1 [ RunTime:0.000519s ]
[2023-04-30T10:43:01+08:00][sql] SELECT * FROM `tp_module` WHERE  `id` = 19 LIMIT 1 [ RunTime:0.000533s ]
[2023-04-30T10:43:01+08:00][sql] SELECT * FROM `tp_module` WHERE  `id` = 21 LIMIT 1 [ RunTime:0.000530s ]
[2023-04-30T10:43:01+08:00][sql] SELECT * FROM `tp_system` WHERE  `id` = 1 LIMIT 1 [ RunTime:0.000883s ]
[2023-04-30T10:43:04+08:00][sql] CONNECT:[ UseTime:0.022342s ] mysql:host=127.0.0.1;port=3306;dbname=ztx;charset=utf8mb4
[2023-04-30T10:43:04+08:00][sql] SHOW FULL COLUMNS FROM `tp_system` [ RunTime:0.009968s ]
[2023-04-30T10:43:04+08:00][sql] SELECT * FROM `tp_system` WHERE  `id` = 1 LIMIT 1 [ RunTime:0.000650s ]
[2023-04-30T10:43:04+08:00][sql] SHOW FULL COLUMNS FROM `tp_cate` [ RunTime:0.008117s ]
[2023-04-30T10:43:04+08:00][sql] SELECT `id`,`cate_name`,`cate_folder`,`module_id` FROM `tp_cate` ORDER BY `sort` ASC,`id` ASC [ RunTime:0.000491s ]
[2023-04-30T10:43:04+08:00][sql] SHOW FULL COLUMNS FROM `tp_module` [ RunTime:0.008678s ]
[2023-04-30T10:43:04+08:00][sql] SELECT * FROM `tp_module` WHERE  `id` = 18 LIMIT 1 [ RunTime:0.000796s ]
[2023-04-30T10:43:04+08:00][sql] SELECT * FROM `tp_module` WHERE  `id` = 19 LIMIT 1 [ RunTime:0.000661s ]
[2023-04-30T10:43:04+08:00][sql] SELECT * FROM `tp_module` WHERE  `id` = 21 LIMIT 1 [ RunTime:0.000450s ]
[2023-04-30T10:43:04+08:00][sql] SELECT * FROM `tp_module` WHERE  `id` = 22 LIMIT 1 [ RunTime:0.000418s ]
[2023-04-30T10:43:04+08:00][sql] SELECT * FROM `tp_module` WHERE  `id` = 23 LIMIT 1 [ RunTime:0.000394s ]
[2023-04-30T10:43:04+08:00][sql] SELECT * FROM `tp_module` WHERE  `id` = 24 LIMIT 1 [ RunTime:0.000385s ]
[2023-04-30T10:43:04+08:00][sql] SELECT * FROM `tp_module` WHERE  `id` = 25 LIMIT 1 [ RunTime:0.000579s ]
[2023-04-30T10:43:04+08:00][sql] SELECT * FROM `tp_module` WHERE  `id` = 18 LIMIT 1 [ RunTime:0.000440s ]
[2023-04-30T10:43:04+08:00][sql] SELECT * FROM `tp_module` WHERE  `id` = 18 LIMIT 1 [ RunTime:0.000398s ]
[2023-04-30T10:43:04+08:00][sql] SELECT * FROM `tp_module` WHERE  `id` = 19 LIMIT 1 [ RunTime:0.000371s ]
[2023-04-30T10:43:04+08:00][sql] SELECT * FROM `tp_module` WHERE  `id` = 21 LIMIT 1 [ RunTime:0.000372s ]
[2023-04-30T10:43:04+08:00][sql] SELECT * FROM `tp_system` WHERE  `id` = 1 LIMIT 1 [ RunTime:0.000689s ]
[2023-04-30T10:43:04+08:00][sql] SHOW FULL COLUMNS FROM `tp_users` [ RunTime:0.009142s ]
[2023-04-30T10:43:04+08:00][sql] SELECT * FROM `tp_users` WHERE  ( `email` = 'lumin509@qq.com' OR `mobile` = 'lumin509@qq.com' )  AND `password` = '400a04d2b75d995c9dbce524a6962159' LIMIT 1 [ RunTime:0.000738s ]
[2023-04-30T10:43:04+08:00][sql] UPDATE `tp_users`  SET `last_login_time` = 1682822584 , `update_time` = 1682822584  WHERE  `id` = 14 [ RunTime:0.001574s ]
[2023-04-30T10:43:05+08:00][sql] CONNECT:[ UseTime:0.021113s ] mysql:host=127.0.0.1;port=3306;dbname=ztx;charset=utf8mb4
[2023-04-30T10:43:05+08:00][sql] SHOW FULL COLUMNS FROM `tp_system` [ RunTime:0.010261s ]
[2023-04-30T10:43:05+08:00][sql] SELECT * FROM `tp_system` WHERE  `id` = 1 LIMIT 1 [ RunTime:0.000807s ]
[2023-04-30T10:43:05+08:00][sql] SHOW FULL COLUMNS FROM `tp_cate` [ RunTime:0.007564s ]
[2023-04-30T10:43:05+08:00][sql] SELECT `id`,`cate_name`,`cate_folder`,`module_id` FROM `tp_cate` ORDER BY `sort` ASC,`id` ASC [ RunTime:0.000870s ]
[2023-04-30T10:43:05+08:00][sql] SHOW FULL COLUMNS FROM `tp_module` [ RunTime:0.007476s ]
[2023-04-30T10:43:05+08:00][sql] SELECT * FROM `tp_module` WHERE  `id` = 18 LIMIT 1 [ RunTime:0.000957s ]
[2023-04-30T10:43:05+08:00][sql] SELECT * FROM `tp_module` WHERE  `id` = 19 LIMIT 1 [ RunTime:0.000774s ]
[2023-04-30T10:43:05+08:00][sql] SELECT * FROM `tp_module` WHERE  `id` = 21 LIMIT 1 [ RunTime:0.000728s ]
[2023-04-30T10:43:05+08:00][sql] SELECT * FROM `tp_module` WHERE  `id` = 22 LIMIT 1 [ RunTime:0.000691s ]
[2023-04-30T10:43:05+08:00][sql] SELECT * FROM `tp_module` WHERE  `id` = 23 LIMIT 1 [ RunTime:0.000936s ]
[2023-04-30T10:43:05+08:00][sql] SELECT * FROM `tp_module` WHERE  `id` = 24 LIMIT 1 [ RunTime:0.000712s ]
[2023-04-30T10:43:05+08:00][sql] SELECT * FROM `tp_module` WHERE  `id` = 25 LIMIT 1 [ RunTime:0.000748s ]
[2023-04-30T10:43:05+08:00][sql] SELECT * FROM `tp_module` WHERE  `id` = 18 LIMIT 1 [ RunTime:0.000585s ]
[2023-04-30T10:43:05+08:00][sql] SELECT * FROM `tp_module` WHERE  `id` = 18 LIMIT 1 [ RunTime:0.000531s ]
[2023-04-30T10:43:05+08:00][sql] SELECT * FROM `tp_module` WHERE  `id` = 19 LIMIT 1 [ RunTime:0.000569s ]
[2023-04-30T10:43:05+08:00][sql] SELECT * FROM `tp_module` WHERE  `id` = 21 LIMIT 1 [ RunTime:0.000600s ]
[2023-04-30T10:43:05+08:00][sql] SELECT * FROM `tp_system` WHERE  `id` = 1 LIMIT 1 [ RunTime:0.000895s ]
[2023-04-30T10:43:05+08:00][sql] SHOW FULL COLUMNS FROM `tp_users` [ RunTime:0.009251s ]
[2023-04-30T10:43:05+08:00][sql] SELECT * FROM `tp_users` WHERE  `id` = 14 LIMIT 1 [ RunTime:0.000815s ]
[2023-04-30T10:43:05+08:00][sql] SHOW FULL COLUMNS FROM `tp_users_type` [ RunTime:0.008887s ]
[2023-04-30T10:43:05+08:00][sql] SELECT * FROM `tp_users_type` WHERE  `id` = 1 LIMIT 1 [ RunTime:0.000605s ]
[2023-04-30T10:43:09+08:00][sql] CONNECT:[ UseTime:0.018479s ] mysql:host=127.0.0.1;port=3306;dbname=ztx;charset=utf8mb4
[2023-04-30T10:43:09+08:00][sql] SHOW FULL COLUMNS FROM `tp_system` [ RunTime:0.014957s ]
[2023-04-30T10:43:09+08:00][sql] SELECT * FROM `tp_system` WHERE  `id` = 1 LIMIT 1 [ RunTime:0.001067s ]
[2023-04-30T10:43:09+08:00][sql] SHOW FULL COLUMNS FROM `tp_cate` [ RunTime:0.009916s ]
[2023-04-30T10:43:09+08:00][sql] SELECT `id`,`cate_name`,`cate_folder`,`module_id` FROM `tp_cate` ORDER BY `sort` ASC,`id` ASC [ RunTime:0.000737s ]
[2023-04-30T10:43:09+08:00][sql] SHOW FULL COLUMNS FROM `tp_module` [ RunTime:0.008889s ]
[2023-04-30T10:43:09+08:00][sql] SELECT * FROM `tp_module` WHERE  `id` = 18 LIMIT 1 [ RunTime:0.000812s ]
[2023-04-30T10:43:09+08:00][sql] SELECT * FROM `tp_module` WHERE  `id` = 19 LIMIT 1 [ RunTime:0.000885s ]
[2023-04-30T10:43:09+08:00][sql] SELECT * FROM `tp_module` WHERE  `id` = 21 LIMIT 1 [ RunTime:0.000909s ]
[2023-04-30T10:43:09+08:00][sql] SELECT * FROM `tp_module` WHERE  `id` = 22 LIMIT 1 [ RunTime:0.001035s ]
[2023-04-30T10:43:09+08:00][sql] SELECT * FROM `tp_module` WHERE  `id` = 23 LIMIT 1 [ RunTime:0.000671s ]
[2023-04-30T10:43:09+08:00][sql] SELECT * FROM `tp_module` WHERE  `id` = 24 LIMIT 1 [ RunTime:0.000620s ]
[2023-04-30T10:43:09+08:00][sql] SELECT * FROM `tp_module` WHERE  `id` = 25 LIMIT 1 [ RunTime:0.000736s ]
[2023-04-30T10:43:09+08:00][sql] SELECT * FROM `tp_module` WHERE  `id` = 18 LIMIT 1 [ RunTime:0.000665s ]
[2023-04-30T10:43:09+08:00][sql] SELECT * FROM `tp_module` WHERE  `id` = 18 LIMIT 1 [ RunTime:0.000554s ]
[2023-04-30T10:43:09+08:00][sql] SELECT * FROM `tp_module` WHERE  `id` = 19 LIMIT 1 [ RunTime:0.000488s ]
[2023-04-30T10:43:09+08:00][sql] SELECT * FROM `tp_module` WHERE  `id` = 21 LIMIT 1 [ RunTime:0.000458s ]
[2023-04-30T10:43:09+08:00][sql] SELECT * FROM `tp_system` WHERE  `id` = 1 LIMIT 1 [ RunTime:0.001054s ]
[2023-04-30T10:43:09+08:00][sql] SHOW FULL COLUMNS FROM `tp_users` [ RunTime:0.009419s ]
[2023-04-30T10:43:09+08:00][sql] SELECT * FROM `tp_users` WHERE  `id` = 14 LIMIT 1 [ RunTime:0.000629s ]
[2023-04-30T10:43:09+08:00][sql] SHOW FULL COLUMNS FROM `tp_users_type` [ RunTime:0.010547s ]
[2023-04-30T10:43:09+08:00][sql] SELECT * FROM `tp_users_type` WHERE  `id` = 1 LIMIT 1 [ RunTime:0.000692s ]
[2023-04-30T23:26:08+08:00][sql] CONNECT:[ UseTime:0.003789s ] mysql:host=127.0.0.1;port=3306;dbname=ztx;charset=utf8mb4
[2023-04-30T23:26:08+08:00][sql] SHOW FULL COLUMNS FROM `tp_system` [ RunTime:0.017648s ]
[2023-04-30T23:26:08+08:00][sql] SELECT * FROM `tp_system` WHERE  `id` = 1 LIMIT 1 [ RunTime:0.001464s ]
[2023-04-30T23:26:08+08:00][sql] SHOW FULL COLUMNS FROM `tp_cate` [ RunTime:0.012577s ]
[2023-04-30T23:26:08+08:00][sql] SELECT `id`,`cate_name`,`cate_folder`,`module_id` FROM `tp_cate` ORDER BY `sort` ASC,`id` ASC [ RunTime:0.002169s ]
[2023-04-30T23:26:08+08:00][sql] SHOW FULL COLUMNS FROM `tp_module` [ RunTime:0.010903s ]
[2023-04-30T23:26:08+08:00][sql] SELECT * FROM `tp_module` WHERE  `id` = 18 LIMIT 1 [ RunTime:0.000604s ]
[2023-04-30T23:26:08+08:00][sql] SELECT * FROM `tp_module` WHERE  `id` = 19 LIMIT 1 [ RunTime:0.000804s ]
[2023-04-30T23:26:08+08:00][sql] SELECT * FROM `tp_module` WHERE  `id` = 21 LIMIT 1 [ RunTime:0.000508s ]
[2023-04-30T23:26:08+08:00][sql] SELECT * FROM `tp_module` WHERE  `id` = 22 LIMIT 1 [ RunTime:0.000404s ]
[2023-04-30T23:26:08+08:00][sql] SELECT * FROM `tp_module` WHERE  `id` = 23 LIMIT 1 [ RunTime:0.000401s ]
[2023-04-30T23:26:08+08:00][sql] SELECT * FROM `tp_module` WHERE  `id` = 24 LIMIT 1 [ RunTime:0.000391s ]
[2023-04-30T23:26:08+08:00][sql] SELECT * FROM `tp_module` WHERE  `id` = 25 LIMIT 1 [ RunTime:0.000979s ]
[2023-04-30T23:26:08+08:00][sql] SELECT * FROM `tp_module` WHERE  `id` = 18 LIMIT 1 [ RunTime:0.002043s ]
[2023-04-30T23:26:08+08:00][sql] SELECT * FROM `tp_module` WHERE  `id` = 18 LIMIT 1 [ RunTime:0.000918s ]
[2023-04-30T23:26:08+08:00][sql] SELECT * FROM `tp_module` WHERE  `id` = 19 LIMIT 1 [ RunTime:0.000631s ]
[2023-04-30T23:26:08+08:00][sql] SELECT * FROM `tp_module` WHERE  `id` = 21 LIMIT 1 [ RunTime:0.000678s ]
[2023-04-30T23:26:08+08:00][sql] SELECT * FROM `tp_system` WHERE  `id` = 1 LIMIT 1 [ RunTime:0.000938s ]
[2023-04-30T23:26:08+08:00][sql] CONNECT:[ UseTime:0.025745s ] mysql:host=127.0.0.1;port=3306;dbname=ztx;charset=utf8mb4
[2023-04-30T23:26:08+08:00][sql] SHOW FULL COLUMNS FROM `tp_system` [ RunTime:0.010705s ]
[2023-04-30T23:26:08+08:00][sql] SELECT * FROM `tp_system` WHERE  `id` = 1 LIMIT 1 [ RunTime:0.002141s ]
[2023-04-30T23:26:08+08:00][sql] SHOW FULL COLUMNS FROM `tp_cate` [ RunTime:0.010063s ]
[2023-04-30T23:26:08+08:00][sql] SELECT `id`,`cate_name`,`cate_folder`,`module_id` FROM `tp_cate` ORDER BY `sort` ASC,`id` ASC [ RunTime:0.000631s ]
[2023-04-30T23:26:08+08:00][sql] SHOW FULL COLUMNS FROM `tp_module` [ RunTime:0.011206s ]
[2023-04-30T23:26:08+08:00][sql] SELECT * FROM `tp_module` WHERE  `id` = 18 LIMIT 1 [ RunTime:0.000526s ]
[2023-04-30T23:26:08+08:00][sql] SELECT * FROM `tp_module` WHERE  `id` = 19 LIMIT 1 [ RunTime:0.000563s ]
[2023-04-30T23:26:08+08:00][sql] SELECT * FROM `tp_module` WHERE  `id` = 21 LIMIT 1 [ RunTime:0.000497s ]
[2023-04-30T23:26:08+08:00][sql] SELECT * FROM `tp_module` WHERE  `id` = 22 LIMIT 1 [ RunTime:0.001542s ]
[2023-04-30T23:26:08+08:00][sql] SELECT * FROM `tp_module` WHERE  `id` = 23 LIMIT 1 [ RunTime:0.000907s ]
[2023-04-30T23:26:08+08:00][sql] SELECT * FROM `tp_module` WHERE  `id` = 24 LIMIT 1 [ RunTime:0.000639s ]
[2023-04-30T23:26:08+08:00][sql] SELECT * FROM `tp_module` WHERE  `id` = 25 LIMIT 1 [ RunTime:0.000416s ]
[2023-04-30T23:26:08+08:00][sql] SELECT * FROM `tp_module` WHERE  `id` = 18 LIMIT 1 [ RunTime:0.000401s ]
[2023-04-30T23:26:08+08:00][sql] SELECT * FROM `tp_module` WHERE  `id` = 18 LIMIT 1 [ RunTime:0.000397s ]
[2023-04-30T23:26:08+08:00][sql] SELECT * FROM `tp_module` WHERE  `id` = 19 LIMIT 1 [ RunTime:0.000652s ]
[2023-04-30T23:26:08+08:00][sql] SELECT * FROM `tp_module` WHERE  `id` = 21 LIMIT 1 [ RunTime:0.000589s ]
[2023-04-30T23:26:08+08:00][sql] SELECT * FROM `tp_system` WHERE  `id` = 1 LIMIT 1 [ RunTime:0.001000s ]
[2023-04-30T23:26:13+08:00][sql] CONNECT:[ UseTime:0.020851s ] mysql:host=127.0.0.1;port=3306;dbname=ztx;charset=utf8mb4
[2023-04-30T23:26:13+08:00][sql] SHOW FULL COLUMNS FROM `tp_system` [ RunTime:0.011529s ]
[2023-04-30T23:26:13+08:00][sql] SELECT * FROM `tp_system` WHERE  `id` = 1 LIMIT 1 [ RunTime:0.000948s ]
[2023-04-30T23:26:13+08:00][sql] SHOW FULL COLUMNS FROM `tp_cate` [ RunTime:0.013944s ]
[2023-04-30T23:26:13+08:00][sql] SELECT `id`,`cate_name`,`cate_folder`,`module_id` FROM `tp_cate` ORDER BY `sort` ASC,`id` ASC [ RunTime:0.000843s ]
[2023-04-30T23:26:13+08:00][sql] SHOW FULL COLUMNS FROM `tp_module` [ RunTime:0.009766s ]
[2023-04-30T23:26:13+08:00][sql] SELECT * FROM `tp_module` WHERE  `id` = 18 LIMIT 1 [ RunTime:0.000609s ]
[2023-04-30T23:26:13+08:00][sql] SELECT * FROM `tp_module` WHERE  `id` = 19 LIMIT 1 [ RunTime:0.002027s ]
[2023-04-30T23:26:13+08:00][sql] SELECT * FROM `tp_module` WHERE  `id` = 21 LIMIT 1 [ RunTime:0.001378s ]
[2023-04-30T23:26:13+08:00][sql] SELECT * FROM `tp_module` WHERE  `id` = 22 LIMIT 1 [ RunTime:0.000543s ]
[2023-04-30T23:26:13+08:00][sql] SELECT * FROM `tp_module` WHERE  `id` = 23 LIMIT 1 [ RunTime:0.000548s ]
[2023-04-30T23:26:13+08:00][sql] SELECT * FROM `tp_module` WHERE  `id` = 24 LIMIT 1 [ RunTime:0.000722s ]
[2023-04-30T23:26:13+08:00][sql] SELECT * FROM `tp_module` WHERE  `id` = 25 LIMIT 1 [ RunTime:0.000552s ]
[2023-04-30T23:26:13+08:00][sql] SELECT * FROM `tp_module` WHERE  `id` = 18 LIMIT 1 [ RunTime:0.000534s ]
[2023-04-30T23:26:13+08:00][sql] SELECT * FROM `tp_module` WHERE  `id` = 18 LIMIT 1 [ RunTime:0.000539s ]
[2023-04-30T23:26:13+08:00][sql] SELECT * FROM `tp_module` WHERE  `id` = 19 LIMIT 1 [ RunTime:0.000546s ]
[2023-04-30T23:26:13+08:00][sql] SELECT * FROM `tp_module` WHERE  `id` = 21 LIMIT 1 [ RunTime:0.000540s ]
[2023-04-30T23:26:13+08:00][sql] SELECT * FROM `tp_system` WHERE  `id` = 1 LIMIT 1 [ RunTime:0.000856s ]
[2023-04-30T23:26:13+08:00][sql] SHOW FULL COLUMNS FROM `tp_users` [ RunTime:0.008742s ]
[2023-04-30T23:26:13+08:00][sql] SELECT * FROM `tp_users` WHERE  ( `email` = 'lumin509@qq.com' OR `mobile` = 'lumin509@qq.com' )  AND `password` = '400a04d2b75d995c9dbce524a6962159' LIMIT 1 [ RunTime:0.001333s ]
[2023-04-30T23:26:13+08:00][sql] UPDATE `tp_users`  SET `last_login_time` = 1682868373 , `update_time` = 1682868373  WHERE  `id` = 14 [ RunTime:0.001765s ]
[2023-04-30T23:26:16+08:00][sql] CONNECT:[ UseTime:0.022031s ] mysql:host=127.0.0.1;port=3306;dbname=ztx;charset=utf8mb4
[2023-04-30T23:26:16+08:00][sql] SHOW FULL COLUMNS FROM `tp_system` [ RunTime:0.010660s ]
[2023-04-30T23:26:16+08:00][sql] SELECT * FROM `tp_system` WHERE  `id` = 1 LIMIT 1 [ RunTime:0.000637s ]
[2023-04-30T23:26:16+08:00][sql] SHOW FULL COLUMNS FROM `tp_cate` [ RunTime:0.012076s ]
[2023-04-30T23:26:16+08:00][sql] SELECT `id`,`cate_name`,`cate_folder`,`module_id` FROM `tp_cate` ORDER BY `sort` ASC,`id` ASC [ RunTime:0.000638s ]
[2023-04-30T23:26:16+08:00][sql] SHOW FULL COLUMNS FROM `tp_module` [ RunTime:0.012981s ]
[2023-04-30T23:26:16+08:00][sql] SELECT * FROM `tp_module` WHERE  `id` = 18 LIMIT 1 [ RunTime:0.000900s ]
[2023-04-30T23:26:16+08:00][sql] SELECT * FROM `tp_module` WHERE  `id` = 19 LIMIT 1 [ RunTime:0.000761s ]
[2023-04-30T23:26:16+08:00][sql] SELECT * FROM `tp_module` WHERE  `id` = 21 LIMIT 1 [ RunTime:0.001284s ]
[2023-04-30T23:26:16+08:00][sql] SELECT * FROM `tp_module` WHERE  `id` = 22 LIMIT 1 [ RunTime:0.000995s ]
[2023-04-30T23:26:16+08:00][sql] SELECT * FROM `tp_module` WHERE  `id` = 23 LIMIT 1 [ RunTime:0.001271s ]
[2023-04-30T23:26:16+08:00][sql] SELECT * FROM `tp_module` WHERE  `id` = 24 LIMIT 1 [ RunTime:0.000533s ]
[2023-04-30T23:26:16+08:00][sql] SELECT * FROM `tp_module` WHERE  `id` = 25 LIMIT 1 [ RunTime:0.000493s ]
[2023-04-30T23:26:16+08:00][sql] SELECT * FROM `tp_module` WHERE  `id` = 18 LIMIT 1 [ RunTime:0.000684s ]
[2023-04-30T23:26:16+08:00][sql] SELECT * FROM `tp_module` WHERE  `id` = 18 LIMIT 1 [ RunTime:0.000645s ]
[2023-04-30T23:26:16+08:00][sql] SELECT * FROM `tp_module` WHERE  `id` = 19 LIMIT 1 [ RunTime:0.000628s ]
[2023-04-30T23:26:16+08:00][sql] SELECT * FROM `tp_module` WHERE  `id` = 21 LIMIT 1 [ RunTime:0.000473s ]
[2023-04-30T23:26:16+08:00][sql] SELECT * FROM `tp_system` WHERE  `id` = 1 LIMIT 1 [ RunTime:0.000826s ]
[2023-04-30T23:26:16+08:00][sql] SHOW FULL COLUMNS FROM `tp_users` [ RunTime:0.009332s ]
[2023-04-30T23:26:16+08:00][sql] SELECT * FROM `tp_users` WHERE  `id` = 14 LIMIT 1 [ RunTime:0.001601s ]
[2023-04-30T23:26:16+08:00][sql] SHOW FULL COLUMNS FROM `tp_users_type` [ RunTime:0.006410s ]
[2023-04-30T23:26:16+08:00][sql] SELECT * FROM `tp_users_type` WHERE  `id` = 1 LIMIT 1 [ RunTime:0.000631s ]
